[2022-05-22 20:46:02,462] {scheduler_job.py:182} INFO - Started process (PID=28) to work on /home/airflow/.local/lib/python3.8/site-packages/airflow/example_dags/example_task_group_decorator.py
[2022-05-22 20:46:02,464] {scheduler_job.py:633} INFO - Processing file /home/airflow/.local/lib/python3.8/site-packages/airflow/example_dags/example_task_group_decorator.py for tasks to queue
[2022-05-22 20:46:02,466] {logging_mixin.py:104} INFO - [2022-05-22 20:46:02,466] {dagbag.py:496} INFO - Filling up the DagBag from /home/airflow/.local/lib/python3.8/site-packages/airflow/example_dags/example_task_group_decorator.py
[2022-05-22 20:46:02,493] {scheduler_job.py:643} INFO - DAG(s) dict_keys(['example_task_group_decorator']) retrieved from /home/airflow/.local/lib/python3.8/site-packages/airflow/example_dags/example_task_group_decorator.py
[2022-05-22 20:46:02,747] {logging_mixin.py:104} INFO - [2022-05-22 20:46:02,747] {dag.py:1833} INFO - Sync 1 DAGs
[2022-05-22 20:46:02,764] {logging_mixin.py:104} INFO - [2022-05-22 20:46:02,763] {dag.py:2306} INFO - Setting next_dagrun for example_task_group_decorator to 2022-05-20 00:00:00+00:00
[2022-05-22 20:46:02,835] {scheduler_job.py:190} INFO - Processing /home/airflow/.local/lib/python3.8/site-packages/airflow/example_dags/example_task_group_decorator.py took 0.377 seconds
[2022-05-22 20:46:41,550] {scheduler_job.py:182} INFO - Started process (PID=59) to work on /home/airflow/.local/lib/python3.8/site-packages/airflow/example_dags/example_task_group_decorator.py
[2022-05-22 20:46:41,553] {scheduler_job.py:633} INFO - Processing file /home/airflow/.local/lib/python3.8/site-packages/airflow/example_dags/example_task_group_decorator.py for tasks to queue
[2022-05-22 20:46:41,554] {logging_mixin.py:104} INFO - [2022-05-22 20:46:41,554] {dagbag.py:496} INFO - Filling up the DagBag from /home/airflow/.local/lib/python3.8/site-packages/airflow/example_dags/example_task_group_decorator.py
[2022-05-22 20:46:41,579] {scheduler_job.py:643} INFO - DAG(s) dict_keys(['example_task_group_decorator']) retrieved from /home/airflow/.local/lib/python3.8/site-packages/airflow/example_dags/example_task_group_decorator.py
[2022-05-22 20:46:41,816] {logging_mixin.py:104} INFO - [2022-05-22 20:46:41,816] {dag.py:1833} INFO - Sync 1 DAGs
[2022-05-22 20:46:41,833] {logging_mixin.py:104} INFO - [2022-05-22 20:46:41,833] {dag.py:2306} INFO - Setting next_dagrun for example_task_group_decorator to 2022-05-20 00:00:00+00:00
[2022-05-22 20:46:41,882] {scheduler_job.py:190} INFO - Processing /home/airflow/.local/lib/python3.8/site-packages/airflow/example_dags/example_task_group_decorator.py took 0.336 seconds
[2022-05-22 20:47:23,557] {scheduler_job.py:182} INFO - Started process (PID=90) to work on /home/airflow/.local/lib/python3.8/site-packages/airflow/example_dags/example_task_group_decorator.py
[2022-05-22 20:47:23,561] {scheduler_job.py:633} INFO - Processing file /home/airflow/.local/lib/python3.8/site-packages/airflow/example_dags/example_task_group_decorator.py for tasks to queue
[2022-05-22 20:47:23,562] {logging_mixin.py:104} INFO - [2022-05-22 20:47:23,562] {dagbag.py:496} INFO - Filling up the DagBag from /home/airflow/.local/lib/python3.8/site-packages/airflow/example_dags/example_task_group_decorator.py
[2022-05-22 20:47:23,602] {scheduler_job.py:643} INFO - DAG(s) dict_keys(['example_task_group_decorator']) retrieved from /home/airflow/.local/lib/python3.8/site-packages/airflow/example_dags/example_task_group_decorator.py
[2022-05-22 20:47:23,864] {logging_mixin.py:104} INFO - [2022-05-22 20:47:23,864] {dag.py:1833} INFO - Sync 1 DAGs
[2022-05-22 20:47:23,899] {logging_mixin.py:104} INFO - [2022-05-22 20:47:23,899] {dag.py:2306} INFO - Setting next_dagrun for example_task_group_decorator to 2022-05-20 00:00:00+00:00
[2022-05-22 20:47:23,956] {scheduler_job.py:190} INFO - Processing /home/airflow/.local/lib/python3.8/site-packages/airflow/example_dags/example_task_group_decorator.py took 0.403 seconds
[2022-05-22 20:48:04,534] {scheduler_job.py:182} INFO - Started process (PID=119) to work on /home/airflow/.local/lib/python3.8/site-packages/airflow/example_dags/example_task_group_decorator.py
[2022-05-22 20:48:04,541] {scheduler_job.py:633} INFO - Processing file /home/airflow/.local/lib/python3.8/site-packages/airflow/example_dags/example_task_group_decorator.py for tasks to queue
[2022-05-22 20:48:04,543] {logging_mixin.py:104} INFO - [2022-05-22 20:48:04,543] {dagbag.py:496} INFO - Filling up the DagBag from /home/airflow/.local/lib/python3.8/site-packages/airflow/example_dags/example_task_group_decorator.py
[2022-05-22 20:48:04,593] {scheduler_job.py:643} INFO - DAG(s) dict_keys(['example_task_group_decorator']) retrieved from /home/airflow/.local/lib/python3.8/site-packages/airflow/example_dags/example_task_group_decorator.py
[2022-05-22 20:48:04,990] {logging_mixin.py:104} INFO - [2022-05-22 20:48:04,990] {dag.py:1833} INFO - Sync 1 DAGs
[2022-05-22 20:48:05,008] {logging_mixin.py:104} INFO - [2022-05-22 20:48:05,008] {dag.py:2306} INFO - Setting next_dagrun for example_task_group_decorator to 2022-05-20 00:00:00+00:00
[2022-05-22 20:48:05,063] {scheduler_job.py:190} INFO - Processing /home/airflow/.local/lib/python3.8/site-packages/airflow/example_dags/example_task_group_decorator.py took 0.537 seconds
[2022-05-22 20:48:44,806] {scheduler_job.py:182} INFO - Started process (PID=145) to work on /home/airflow/.local/lib/python3.8/site-packages/airflow/example_dags/example_task_group_decorator.py
[2022-05-22 20:48:44,809] {scheduler_job.py:633} INFO - Processing file /home/airflow/.local/lib/python3.8/site-packages/airflow/example_dags/example_task_group_decorator.py for tasks to queue
[2022-05-22 20:48:44,811] {logging_mixin.py:104} INFO - [2022-05-22 20:48:44,811] {dagbag.py:496} INFO - Filling up the DagBag from /home/airflow/.local/lib/python3.8/site-packages/airflow/example_dags/example_task_group_decorator.py
[2022-05-22 20:48:44,854] {scheduler_job.py:643} INFO - DAG(s) dict_keys(['example_task_group_decorator']) retrieved from /home/airflow/.local/lib/python3.8/site-packages/airflow/example_dags/example_task_group_decorator.py
[2022-05-22 20:48:45,327] {logging_mixin.py:104} INFO - [2022-05-22 20:48:45,327] {dag.py:1833} INFO - Sync 1 DAGs
[2022-05-22 20:48:45,376] {logging_mixin.py:104} INFO - [2022-05-22 20:48:45,376] {dag.py:2306} INFO - Setting next_dagrun for example_task_group_decorator to 2022-05-20 00:00:00+00:00
[2022-05-22 20:48:45,514] {scheduler_job.py:190} INFO - Processing /home/airflow/.local/lib/python3.8/site-packages/airflow/example_dags/example_task_group_decorator.py took 0.712 seconds
[2022-05-22 20:49:32,118] {scheduler_job.py:182} INFO - Started process (PID=171) to work on /home/airflow/.local/lib/python3.8/site-packages/airflow/example_dags/example_task_group_decorator.py
[2022-05-22 20:49:32,122] {scheduler_job.py:633} INFO - Processing file /home/airflow/.local/lib/python3.8/site-packages/airflow/example_dags/example_task_group_decorator.py for tasks to queue
[2022-05-22 20:49:32,125] {logging_mixin.py:104} INFO - [2022-05-22 20:49:32,124] {dagbag.py:496} INFO - Filling up the DagBag from /home/airflow/.local/lib/python3.8/site-packages/airflow/example_dags/example_task_group_decorator.py
[2022-05-22 20:49:32,204] {scheduler_job.py:643} INFO - DAG(s) dict_keys(['example_task_group_decorator']) retrieved from /home/airflow/.local/lib/python3.8/site-packages/airflow/example_dags/example_task_group_decorator.py
[2022-05-22 20:49:32,981] {logging_mixin.py:104} INFO - [2022-05-22 20:49:32,980] {dag.py:1833} INFO - Sync 1 DAGs
[2022-05-22 20:49:33,092] {logging_mixin.py:104} INFO - [2022-05-22 20:49:33,091] {dag.py:2306} INFO - Setting next_dagrun for example_task_group_decorator to 2022-05-20 00:00:00+00:00
[2022-05-22 20:49:34,176] {scheduler_job.py:190} INFO - Processing /home/airflow/.local/lib/python3.8/site-packages/airflow/example_dags/example_task_group_decorator.py took 2.063 seconds
[2022-05-22 20:50:16,243] {scheduler_job.py:182} INFO - Started process (PID=200) to work on /home/airflow/.local/lib/python3.8/site-packages/airflow/example_dags/example_task_group_decorator.py
[2022-05-22 20:50:16,250] {scheduler_job.py:633} INFO - Processing file /home/airflow/.local/lib/python3.8/site-packages/airflow/example_dags/example_task_group_decorator.py for tasks to queue
[2022-05-22 20:50:16,255] {logging_mixin.py:104} INFO - [2022-05-22 20:50:16,254] {dagbag.py:496} INFO - Filling up the DagBag from /home/airflow/.local/lib/python3.8/site-packages/airflow/example_dags/example_task_group_decorator.py
[2022-05-22 20:50:16,294] {scheduler_job.py:643} INFO - DAG(s) dict_keys(['example_task_group_decorator']) retrieved from /home/airflow/.local/lib/python3.8/site-packages/airflow/example_dags/example_task_group_decorator.py
[2022-05-22 20:50:16,736] {logging_mixin.py:104} INFO - [2022-05-22 20:50:16,736] {dag.py:1833} INFO - Sync 1 DAGs
[2022-05-22 20:50:16,911] {logging_mixin.py:104} INFO - [2022-05-22 20:50:16,911] {dag.py:2306} INFO - Setting next_dagrun for example_task_group_decorator to 2022-05-20 00:00:00+00:00
[2022-05-22 20:50:17,100] {scheduler_job.py:190} INFO - Processing /home/airflow/.local/lib/python3.8/site-packages/airflow/example_dags/example_task_group_decorator.py took 0.864 seconds
[2022-05-22 20:51:06,411] {scheduler_job.py:182} INFO - Started process (PID=233) to work on /home/airflow/.local/lib/python3.8/site-packages/airflow/example_dags/example_task_group_decorator.py
[2022-05-22 20:51:06,415] {scheduler_job.py:633} INFO - Processing file /home/airflow/.local/lib/python3.8/site-packages/airflow/example_dags/example_task_group_decorator.py for tasks to queue
[2022-05-22 20:51:06,417] {logging_mixin.py:104} INFO - [2022-05-22 20:51:06,417] {dagbag.py:496} INFO - Filling up the DagBag from /home/airflow/.local/lib/python3.8/site-packages/airflow/example_dags/example_task_group_decorator.py
[2022-05-22 20:51:06,464] {scheduler_job.py:643} INFO - DAG(s) dict_keys(['example_task_group_decorator']) retrieved from /home/airflow/.local/lib/python3.8/site-packages/airflow/example_dags/example_task_group_decorator.py
[2022-05-22 20:51:06,967] {logging_mixin.py:104} INFO - [2022-05-22 20:51:06,967] {dag.py:1833} INFO - Sync 1 DAGs
[2022-05-22 20:51:07,316] {logging_mixin.py:104} INFO - [2022-05-22 20:51:07,316] {dag.py:2306} INFO - Setting next_dagrun for example_task_group_decorator to 2022-05-20 00:00:00+00:00
[2022-05-22 20:51:07,420] {scheduler_job.py:190} INFO - Processing /home/airflow/.local/lib/python3.8/site-packages/airflow/example_dags/example_task_group_decorator.py took 1.014 seconds
[2022-05-22 20:51:53,201] {scheduler_job.py:182} INFO - Started process (PID=265) to work on /home/airflow/.local/lib/python3.8/site-packages/airflow/example_dags/example_task_group_decorator.py
[2022-05-22 20:51:53,207] {scheduler_job.py:633} INFO - Processing file /home/airflow/.local/lib/python3.8/site-packages/airflow/example_dags/example_task_group_decorator.py for tasks to queue
[2022-05-22 20:51:53,209] {logging_mixin.py:104} INFO - [2022-05-22 20:51:53,209] {dagbag.py:496} INFO - Filling up the DagBag from /home/airflow/.local/lib/python3.8/site-packages/airflow/example_dags/example_task_group_decorator.py
[2022-05-22 20:51:53,247] {scheduler_job.py:643} INFO - DAG(s) dict_keys(['example_task_group_decorator']) retrieved from /home/airflow/.local/lib/python3.8/site-packages/airflow/example_dags/example_task_group_decorator.py
[2022-05-22 20:51:53,685] {logging_mixin.py:104} INFO - [2022-05-22 20:51:53,684] {dag.py:1833} INFO - Sync 1 DAGs
[2022-05-22 20:51:53,815] {logging_mixin.py:104} INFO - [2022-05-22 20:51:53,814] {dag.py:2306} INFO - Setting next_dagrun for example_task_group_decorator to 2022-05-20 00:00:00+00:00
[2022-05-22 20:51:53,909] {scheduler_job.py:190} INFO - Processing /home/airflow/.local/lib/python3.8/site-packages/airflow/example_dags/example_task_group_decorator.py took 0.712 seconds
[2022-05-22 21:24:21,480] {scheduler_job.py:182} INFO - Started process (PID=30) to work on /home/airflow/.local/lib/python3.8/site-packages/airflow/example_dags/example_task_group_decorator.py
[2022-05-22 21:24:21,486] {scheduler_job.py:633} INFO - Processing file /home/airflow/.local/lib/python3.8/site-packages/airflow/example_dags/example_task_group_decorator.py for tasks to queue
[2022-05-22 21:24:21,494] {logging_mixin.py:104} INFO - [2022-05-22 21:24:21,494] {dagbag.py:496} INFO - Filling up the DagBag from /home/airflow/.local/lib/python3.8/site-packages/airflow/example_dags/example_task_group_decorator.py
[2022-05-22 21:24:21,534] {scheduler_job.py:643} INFO - DAG(s) dict_keys(['example_task_group_decorator']) retrieved from /home/airflow/.local/lib/python3.8/site-packages/airflow/example_dags/example_task_group_decorator.py
[2022-05-22 21:24:21,878] {logging_mixin.py:104} INFO - [2022-05-22 21:24:21,877] {dag.py:1833} INFO - Sync 1 DAGs
[2022-05-22 21:24:21,911] {logging_mixin.py:104} INFO - [2022-05-22 21:24:21,911] {dag.py:2306} INFO - Setting next_dagrun for example_task_group_decorator to 2022-05-20 00:00:00+00:00
[2022-05-22 21:24:22,047] {scheduler_job.py:190} INFO - Processing /home/airflow/.local/lib/python3.8/site-packages/airflow/example_dags/example_task_group_decorator.py took 0.571 seconds
[2022-05-22 21:25:07,860] {scheduler_job.py:182} INFO - Started process (PID=63) to work on /home/airflow/.local/lib/python3.8/site-packages/airflow/example_dags/example_task_group_decorator.py
[2022-05-22 21:25:07,864] {scheduler_job.py:633} INFO - Processing file /home/airflow/.local/lib/python3.8/site-packages/airflow/example_dags/example_task_group_decorator.py for tasks to queue
[2022-05-22 21:25:07,865] {logging_mixin.py:104} INFO - [2022-05-22 21:25:07,865] {dagbag.py:496} INFO - Filling up the DagBag from /home/airflow/.local/lib/python3.8/site-packages/airflow/example_dags/example_task_group_decorator.py
[2022-05-22 21:25:07,912] {scheduler_job.py:643} INFO - DAG(s) dict_keys(['example_task_group_decorator']) retrieved from /home/airflow/.local/lib/python3.8/site-packages/airflow/example_dags/example_task_group_decorator.py
[2022-05-22 21:25:08,343] {logging_mixin.py:104} INFO - [2022-05-22 21:25:08,343] {dag.py:1833} INFO - Sync 1 DAGs
[2022-05-22 21:25:08,375] {logging_mixin.py:104} INFO - [2022-05-22 21:25:08,375] {dag.py:2306} INFO - Setting next_dagrun for example_task_group_decorator to 2022-05-20 00:00:00+00:00
[2022-05-22 21:25:08,459] {scheduler_job.py:190} INFO - Processing /home/airflow/.local/lib/python3.8/site-packages/airflow/example_dags/example_task_group_decorator.py took 0.603 seconds
[2022-05-22 21:27:40,380] {scheduler_job.py:182} INFO - Started process (PID=31) to work on /home/airflow/.local/lib/python3.8/site-packages/airflow/example_dags/example_task_group_decorator.py
[2022-05-22 21:27:40,384] {scheduler_job.py:633} INFO - Processing file /home/airflow/.local/lib/python3.8/site-packages/airflow/example_dags/example_task_group_decorator.py for tasks to queue
[2022-05-22 21:27:40,386] {logging_mixin.py:104} INFO - [2022-05-22 21:27:40,386] {dagbag.py:496} INFO - Filling up the DagBag from /home/airflow/.local/lib/python3.8/site-packages/airflow/example_dags/example_task_group_decorator.py
[2022-05-22 21:27:40,419] {scheduler_job.py:643} INFO - DAG(s) dict_keys(['example_task_group_decorator']) retrieved from /home/airflow/.local/lib/python3.8/site-packages/airflow/example_dags/example_task_group_decorator.py
[2022-05-22 21:27:40,764] {logging_mixin.py:104} INFO - [2022-05-22 21:27:40,764] {dag.py:1833} INFO - Sync 1 DAGs
[2022-05-22 21:27:40,787] {logging_mixin.py:104} INFO - [2022-05-22 21:27:40,787] {dag.py:2306} INFO - Setting next_dagrun for example_task_group_decorator to 2022-05-20 00:00:00+00:00
[2022-05-22 21:27:40,876] {scheduler_job.py:190} INFO - Processing /home/airflow/.local/lib/python3.8/site-packages/airflow/example_dags/example_task_group_decorator.py took 0.500 seconds
[2022-05-22 21:28:22,963] {scheduler_job.py:182} INFO - Started process (PID=64) to work on /home/airflow/.local/lib/python3.8/site-packages/airflow/example_dags/example_task_group_decorator.py
[2022-05-22 21:28:22,968] {scheduler_job.py:633} INFO - Processing file /home/airflow/.local/lib/python3.8/site-packages/airflow/example_dags/example_task_group_decorator.py for tasks to queue
[2022-05-22 21:28:22,974] {logging_mixin.py:104} INFO - [2022-05-22 21:28:22,974] {dagbag.py:496} INFO - Filling up the DagBag from /home/airflow/.local/lib/python3.8/site-packages/airflow/example_dags/example_task_group_decorator.py
[2022-05-22 21:28:23,013] {scheduler_job.py:643} INFO - DAG(s) dict_keys(['example_task_group_decorator']) retrieved from /home/airflow/.local/lib/python3.8/site-packages/airflow/example_dags/example_task_group_decorator.py
[2022-05-22 21:28:23,346] {logging_mixin.py:104} INFO - [2022-05-22 21:28:23,346] {dag.py:1833} INFO - Sync 1 DAGs
[2022-05-22 21:28:23,368] {logging_mixin.py:104} INFO - [2022-05-22 21:28:23,368] {dag.py:2306} INFO - Setting next_dagrun for example_task_group_decorator to 2022-05-20 00:00:00+00:00
[2022-05-22 21:28:23,443] {scheduler_job.py:190} INFO - Processing /home/airflow/.local/lib/python3.8/site-packages/airflow/example_dags/example_task_group_decorator.py took 0.486 seconds
[2022-05-22 21:29:14,918] {scheduler_job.py:182} INFO - Started process (PID=101) to work on /home/airflow/.local/lib/python3.8/site-packages/airflow/example_dags/example_task_group_decorator.py
[2022-05-22 21:29:14,922] {scheduler_job.py:633} INFO - Processing file /home/airflow/.local/lib/python3.8/site-packages/airflow/example_dags/example_task_group_decorator.py for tasks to queue
[2022-05-22 21:29:14,924] {logging_mixin.py:104} INFO - [2022-05-22 21:29:14,923] {dagbag.py:496} INFO - Filling up the DagBag from /home/airflow/.local/lib/python3.8/site-packages/airflow/example_dags/example_task_group_decorator.py
[2022-05-22 21:29:14,999] {scheduler_job.py:643} INFO - DAG(s) dict_keys(['example_task_group_decorator']) retrieved from /home/airflow/.local/lib/python3.8/site-packages/airflow/example_dags/example_task_group_decorator.py
[2022-05-22 21:29:15,390] {logging_mixin.py:104} INFO - [2022-05-22 21:29:15,390] {dag.py:1833} INFO - Sync 1 DAGs
[2022-05-22 21:29:15,415] {logging_mixin.py:104} INFO - [2022-05-22 21:29:15,415] {dag.py:2306} INFO - Setting next_dagrun for example_task_group_decorator to 2022-05-20 00:00:00+00:00
[2022-05-22 21:29:15,469] {scheduler_job.py:190} INFO - Processing /home/airflow/.local/lib/python3.8/site-packages/airflow/example_dags/example_task_group_decorator.py took 0.558 seconds
[2022-05-22 21:29:51,510] {scheduler_job.py:182} INFO - Started process (PID=130) to work on /home/airflow/.local/lib/python3.8/site-packages/airflow/example_dags/example_task_group_decorator.py
[2022-05-22 21:29:51,514] {scheduler_job.py:633} INFO - Processing file /home/airflow/.local/lib/python3.8/site-packages/airflow/example_dags/example_task_group_decorator.py for tasks to queue
[2022-05-22 21:29:51,516] {logging_mixin.py:104} INFO - [2022-05-22 21:29:51,516] {dagbag.py:496} INFO - Filling up the DagBag from /home/airflow/.local/lib/python3.8/site-packages/airflow/example_dags/example_task_group_decorator.py
[2022-05-22 21:29:51,545] {scheduler_job.py:643} INFO - DAG(s) dict_keys(['example_task_group_decorator']) retrieved from /home/airflow/.local/lib/python3.8/site-packages/airflow/example_dags/example_task_group_decorator.py
[2022-05-22 21:29:51,787] {logging_mixin.py:104} INFO - [2022-05-22 21:29:51,787] {dag.py:1833} INFO - Sync 1 DAGs
[2022-05-22 21:29:51,815] {logging_mixin.py:104} INFO - [2022-05-22 21:29:51,815] {dag.py:2306} INFO - Setting next_dagrun for example_task_group_decorator to 2022-05-20 00:00:00+00:00
[2022-05-22 21:29:51,866] {scheduler_job.py:190} INFO - Processing /home/airflow/.local/lib/python3.8/site-packages/airflow/example_dags/example_task_group_decorator.py took 0.362 seconds
[2022-05-22 21:30:33,484] {scheduler_job.py:182} INFO - Started process (PID=162) to work on /home/airflow/.local/lib/python3.8/site-packages/airflow/example_dags/example_task_group_decorator.py
[2022-05-22 21:30:33,490] {scheduler_job.py:633} INFO - Processing file /home/airflow/.local/lib/python3.8/site-packages/airflow/example_dags/example_task_group_decorator.py for tasks to queue
[2022-05-22 21:30:33,494] {logging_mixin.py:104} INFO - [2022-05-22 21:30:33,493] {dagbag.py:496} INFO - Filling up the DagBag from /home/airflow/.local/lib/python3.8/site-packages/airflow/example_dags/example_task_group_decorator.py
[2022-05-22 21:30:33,526] {scheduler_job.py:643} INFO - DAG(s) dict_keys(['example_task_group_decorator']) retrieved from /home/airflow/.local/lib/python3.8/site-packages/airflow/example_dags/example_task_group_decorator.py
[2022-05-22 21:30:33,759] {logging_mixin.py:104} INFO - [2022-05-22 21:30:33,759] {dag.py:1833} INFO - Sync 1 DAGs
[2022-05-22 21:30:33,779] {logging_mixin.py:104} INFO - [2022-05-22 21:30:33,779] {dag.py:2306} INFO - Setting next_dagrun for example_task_group_decorator to 2022-05-20 00:00:00+00:00
[2022-05-22 21:30:33,903] {scheduler_job.py:190} INFO - Processing /home/airflow/.local/lib/python3.8/site-packages/airflow/example_dags/example_task_group_decorator.py took 0.427 seconds
[2022-05-22 21:31:13,656] {scheduler_job.py:182} INFO - Started process (PID=193) to work on /home/airflow/.local/lib/python3.8/site-packages/airflow/example_dags/example_task_group_decorator.py
[2022-05-22 21:31:13,660] {scheduler_job.py:633} INFO - Processing file /home/airflow/.local/lib/python3.8/site-packages/airflow/example_dags/example_task_group_decorator.py for tasks to queue
[2022-05-22 21:31:13,662] {logging_mixin.py:104} INFO - [2022-05-22 21:31:13,662] {dagbag.py:496} INFO - Filling up the DagBag from /home/airflow/.local/lib/python3.8/site-packages/airflow/example_dags/example_task_group_decorator.py
[2022-05-22 21:31:13,691] {scheduler_job.py:643} INFO - DAG(s) dict_keys(['example_task_group_decorator']) retrieved from /home/airflow/.local/lib/python3.8/site-packages/airflow/example_dags/example_task_group_decorator.py
[2022-05-22 21:31:13,920] {logging_mixin.py:104} INFO - [2022-05-22 21:31:13,920] {dag.py:1833} INFO - Sync 1 DAGs
[2022-05-22 21:31:13,940] {logging_mixin.py:104} INFO - [2022-05-22 21:31:13,940] {dag.py:2306} INFO - Setting next_dagrun for example_task_group_decorator to 2022-05-20 00:00:00+00:00
[2022-05-22 21:31:14,062] {scheduler_job.py:190} INFO - Processing /home/airflow/.local/lib/python3.8/site-packages/airflow/example_dags/example_task_group_decorator.py took 0.411 seconds
[2022-05-22 21:31:48,711] {scheduler_job.py:182} INFO - Started process (PID=222) to work on /home/airflow/.local/lib/python3.8/site-packages/airflow/example_dags/example_task_group_decorator.py
[2022-05-22 21:31:48,714] {scheduler_job.py:633} INFO - Processing file /home/airflow/.local/lib/python3.8/site-packages/airflow/example_dags/example_task_group_decorator.py for tasks to queue
[2022-05-22 21:31:48,715] {logging_mixin.py:104} INFO - [2022-05-22 21:31:48,715] {dagbag.py:496} INFO - Filling up the DagBag from /home/airflow/.local/lib/python3.8/site-packages/airflow/example_dags/example_task_group_decorator.py
[2022-05-22 21:31:48,743] {scheduler_job.py:643} INFO - DAG(s) dict_keys(['example_task_group_decorator']) retrieved from /home/airflow/.local/lib/python3.8/site-packages/airflow/example_dags/example_task_group_decorator.py
[2022-05-22 21:31:48,989] {logging_mixin.py:104} INFO - [2022-05-22 21:31:48,989] {dag.py:1833} INFO - Sync 1 DAGs
[2022-05-22 21:31:49,077] {logging_mixin.py:104} INFO - [2022-05-22 21:31:49,077] {dag.py:2306} INFO - Setting next_dagrun for example_task_group_decorator to 2022-05-20 00:00:00+00:00
[2022-05-22 21:31:49,135] {scheduler_job.py:190} INFO - Processing /home/airflow/.local/lib/python3.8/site-packages/airflow/example_dags/example_task_group_decorator.py took 0.427 seconds
[2022-05-22 21:32:27,448] {scheduler_job.py:182} INFO - Started process (PID=252) to work on /home/airflow/.local/lib/python3.8/site-packages/airflow/example_dags/example_task_group_decorator.py
[2022-05-22 21:32:27,453] {scheduler_job.py:633} INFO - Processing file /home/airflow/.local/lib/python3.8/site-packages/airflow/example_dags/example_task_group_decorator.py for tasks to queue
[2022-05-22 21:32:27,454] {logging_mixin.py:104} INFO - [2022-05-22 21:32:27,454] {dagbag.py:496} INFO - Filling up the DagBag from /home/airflow/.local/lib/python3.8/site-packages/airflow/example_dags/example_task_group_decorator.py
[2022-05-22 21:32:27,481] {scheduler_job.py:643} INFO - DAG(s) dict_keys(['example_task_group_decorator']) retrieved from /home/airflow/.local/lib/python3.8/site-packages/airflow/example_dags/example_task_group_decorator.py
[2022-05-22 21:32:27,716] {logging_mixin.py:104} INFO - [2022-05-22 21:32:27,716] {dag.py:1833} INFO - Sync 1 DAGs
[2022-05-22 21:32:27,800] {logging_mixin.py:104} INFO - [2022-05-22 21:32:27,800] {dag.py:2306} INFO - Setting next_dagrun for example_task_group_decorator to 2022-05-20 00:00:00+00:00
[2022-05-22 21:32:27,855] {scheduler_job.py:190} INFO - Processing /home/airflow/.local/lib/python3.8/site-packages/airflow/example_dags/example_task_group_decorator.py took 0.410 seconds
[2022-05-22 21:35:53,467] {scheduler_job.py:182} INFO - Started process (PID=29) to work on /home/airflow/.local/lib/python3.8/site-packages/airflow/example_dags/example_task_group_decorator.py
[2022-05-22 21:35:53,471] {scheduler_job.py:633} INFO - Processing file /home/airflow/.local/lib/python3.8/site-packages/airflow/example_dags/example_task_group_decorator.py for tasks to queue
[2022-05-22 21:35:53,473] {logging_mixin.py:104} INFO - [2022-05-22 21:35:53,473] {dagbag.py:496} INFO - Filling up the DagBag from /home/airflow/.local/lib/python3.8/site-packages/airflow/example_dags/example_task_group_decorator.py
[2022-05-22 21:35:53,500] {scheduler_job.py:643} INFO - DAG(s) dict_keys(['example_task_group_decorator']) retrieved from /home/airflow/.local/lib/python3.8/site-packages/airflow/example_dags/example_task_group_decorator.py
[2022-05-22 21:35:53,743] {logging_mixin.py:104} INFO - [2022-05-22 21:35:53,743] {dag.py:1833} INFO - Sync 1 DAGs
[2022-05-22 21:35:53,765] {logging_mixin.py:104} INFO - [2022-05-22 21:35:53,765] {dag.py:2306} INFO - Setting next_dagrun for example_task_group_decorator to 2022-05-20 00:00:00+00:00
[2022-05-22 21:35:53,823] {scheduler_job.py:190} INFO - Processing /home/airflow/.local/lib/python3.8/site-packages/airflow/example_dags/example_task_group_decorator.py took 0.362 seconds
[2022-05-22 21:36:33,509] {scheduler_job.py:182} INFO - Started process (PID=62) to work on /home/airflow/.local/lib/python3.8/site-packages/airflow/example_dags/example_task_group_decorator.py
[2022-05-22 21:36:33,512] {scheduler_job.py:633} INFO - Processing file /home/airflow/.local/lib/python3.8/site-packages/airflow/example_dags/example_task_group_decorator.py for tasks to queue
[2022-05-22 21:36:33,514] {logging_mixin.py:104} INFO - [2022-05-22 21:36:33,514] {dagbag.py:496} INFO - Filling up the DagBag from /home/airflow/.local/lib/python3.8/site-packages/airflow/example_dags/example_task_group_decorator.py
[2022-05-22 21:36:33,538] {scheduler_job.py:643} INFO - DAG(s) dict_keys(['example_task_group_decorator']) retrieved from /home/airflow/.local/lib/python3.8/site-packages/airflow/example_dags/example_task_group_decorator.py
[2022-05-22 21:36:33,771] {logging_mixin.py:104} INFO - [2022-05-22 21:36:33,771] {dag.py:1833} INFO - Sync 1 DAGs
[2022-05-22 21:36:33,790] {logging_mixin.py:104} INFO - [2022-05-22 21:36:33,790] {dag.py:2306} INFO - Setting next_dagrun for example_task_group_decorator to 2022-05-20 00:00:00+00:00
[2022-05-22 21:36:33,844] {scheduler_job.py:190} INFO - Processing /home/airflow/.local/lib/python3.8/site-packages/airflow/example_dags/example_task_group_decorator.py took 0.338 seconds
[2022-05-22 21:37:17,436] {scheduler_job.py:182} INFO - Started process (PID=95) to work on /home/airflow/.local/lib/python3.8/site-packages/airflow/example_dags/example_task_group_decorator.py
[2022-05-22 21:37:17,440] {scheduler_job.py:633} INFO - Processing file /home/airflow/.local/lib/python3.8/site-packages/airflow/example_dags/example_task_group_decorator.py for tasks to queue
[2022-05-22 21:37:17,443] {logging_mixin.py:104} INFO - [2022-05-22 21:37:17,442] {dagbag.py:496} INFO - Filling up the DagBag from /home/airflow/.local/lib/python3.8/site-packages/airflow/example_dags/example_task_group_decorator.py
[2022-05-22 21:37:17,482] {scheduler_job.py:643} INFO - DAG(s) dict_keys(['example_task_group_decorator']) retrieved from /home/airflow/.local/lib/python3.8/site-packages/airflow/example_dags/example_task_group_decorator.py
[2022-05-22 21:37:17,735] {logging_mixin.py:104} INFO - [2022-05-22 21:37:17,734] {dag.py:1833} INFO - Sync 1 DAGs
[2022-05-22 21:37:17,758] {logging_mixin.py:104} INFO - [2022-05-22 21:37:17,758] {dag.py:2306} INFO - Setting next_dagrun for example_task_group_decorator to 2022-05-20 00:00:00+00:00
[2022-05-22 21:37:17,825] {scheduler_job.py:190} INFO - Processing /home/airflow/.local/lib/python3.8/site-packages/airflow/example_dags/example_task_group_decorator.py took 0.396 seconds
[2022-05-22 21:38:31,126] {scheduler_job.py:182} INFO - Started process (PID=153) to work on /home/airflow/.local/lib/python3.8/site-packages/airflow/example_dags/example_task_group_decorator.py
[2022-05-22 21:38:31,134] {scheduler_job.py:633} INFO - Processing file /home/airflow/.local/lib/python3.8/site-packages/airflow/example_dags/example_task_group_decorator.py for tasks to queue
[2022-05-22 21:38:31,136] {logging_mixin.py:104} INFO - [2022-05-22 21:38:31,136] {dagbag.py:496} INFO - Filling up the DagBag from /home/airflow/.local/lib/python3.8/site-packages/airflow/example_dags/example_task_group_decorator.py
[2022-05-22 21:38:31,197] {scheduler_job.py:643} INFO - DAG(s) dict_keys(['example_task_group_decorator']) retrieved from /home/airflow/.local/lib/python3.8/site-packages/airflow/example_dags/example_task_group_decorator.py
[2022-05-22 21:38:31,888] {logging_mixin.py:104} INFO - [2022-05-22 21:38:31,888] {dag.py:1833} INFO - Sync 1 DAGs
[2022-05-22 21:38:31,925] {logging_mixin.py:104} INFO - [2022-05-22 21:38:31,925] {dag.py:2306} INFO - Setting next_dagrun for example_task_group_decorator to 2022-05-20 00:00:00+00:00
[2022-05-22 21:38:32,009] {scheduler_job.py:190} INFO - Processing /home/airflow/.local/lib/python3.8/site-packages/airflow/example_dags/example_task_group_decorator.py took 0.890 seconds
[2022-05-22 21:39:12,984] {scheduler_job.py:182} INFO - Started process (PID=186) to work on /home/airflow/.local/lib/python3.8/site-packages/airflow/example_dags/example_task_group_decorator.py
[2022-05-22 21:39:12,988] {scheduler_job.py:633} INFO - Processing file /home/airflow/.local/lib/python3.8/site-packages/airflow/example_dags/example_task_group_decorator.py for tasks to queue
[2022-05-22 21:39:12,989] {logging_mixin.py:104} INFO - [2022-05-22 21:39:12,989] {dagbag.py:496} INFO - Filling up the DagBag from /home/airflow/.local/lib/python3.8/site-packages/airflow/example_dags/example_task_group_decorator.py
[2022-05-22 21:39:13,016] {scheduler_job.py:643} INFO - DAG(s) dict_keys(['example_task_group_decorator']) retrieved from /home/airflow/.local/lib/python3.8/site-packages/airflow/example_dags/example_task_group_decorator.py
[2022-05-22 21:39:13,264] {logging_mixin.py:104} INFO - [2022-05-22 21:39:13,263] {dag.py:1833} INFO - Sync 1 DAGs
[2022-05-22 21:39:13,298] {logging_mixin.py:104} INFO - [2022-05-22 21:39:13,298] {dag.py:2306} INFO - Setting next_dagrun for example_task_group_decorator to 2022-05-20 00:00:00+00:00
[2022-05-22 21:39:13,421] {scheduler_job.py:190} INFO - Processing /home/airflow/.local/lib/python3.8/site-packages/airflow/example_dags/example_task_group_decorator.py took 0.440 seconds
[2022-05-22 21:39:49,298] {scheduler_job.py:182} INFO - Started process (PID=215) to work on /home/airflow/.local/lib/python3.8/site-packages/airflow/example_dags/example_task_group_decorator.py
[2022-05-22 21:39:49,300] {scheduler_job.py:633} INFO - Processing file /home/airflow/.local/lib/python3.8/site-packages/airflow/example_dags/example_task_group_decorator.py for tasks to queue
[2022-05-22 21:39:49,302] {logging_mixin.py:104} INFO - [2022-05-22 21:39:49,302] {dagbag.py:496} INFO - Filling up the DagBag from /home/airflow/.local/lib/python3.8/site-packages/airflow/example_dags/example_task_group_decorator.py
[2022-05-22 21:39:49,327] {scheduler_job.py:643} INFO - DAG(s) dict_keys(['example_task_group_decorator']) retrieved from /home/airflow/.local/lib/python3.8/site-packages/airflow/example_dags/example_task_group_decorator.py
[2022-05-22 21:39:49,563] {logging_mixin.py:104} INFO - [2022-05-22 21:39:49,563] {dag.py:1833} INFO - Sync 1 DAGs
[2022-05-22 21:39:49,584] {logging_mixin.py:104} INFO - [2022-05-22 21:39:49,584] {dag.py:2306} INFO - Setting next_dagrun for example_task_group_decorator to 2022-05-20 00:00:00+00:00
[2022-05-22 21:39:49,706] {scheduler_job.py:190} INFO - Processing /home/airflow/.local/lib/python3.8/site-packages/airflow/example_dags/example_task_group_decorator.py took 0.411 seconds
[2022-05-22 21:40:23,646] {scheduler_job.py:182} INFO - Started process (PID=243) to work on /home/airflow/.local/lib/python3.8/site-packages/airflow/example_dags/example_task_group_decorator.py
[2022-05-22 21:40:23,650] {scheduler_job.py:633} INFO - Processing file /home/airflow/.local/lib/python3.8/site-packages/airflow/example_dags/example_task_group_decorator.py for tasks to queue
[2022-05-22 21:40:23,651] {logging_mixin.py:104} INFO - [2022-05-22 21:40:23,651] {dagbag.py:496} INFO - Filling up the DagBag from /home/airflow/.local/lib/python3.8/site-packages/airflow/example_dags/example_task_group_decorator.py
[2022-05-22 21:40:23,810] {scheduler_job.py:643} INFO - DAG(s) dict_keys(['example_task_group_decorator']) retrieved from /home/airflow/.local/lib/python3.8/site-packages/airflow/example_dags/example_task_group_decorator.py
[2022-05-22 21:40:24,311] {logging_mixin.py:104} INFO - [2022-05-22 21:40:24,311] {dag.py:1833} INFO - Sync 1 DAGs
[2022-05-22 21:40:24,464] {logging_mixin.py:104} INFO - [2022-05-22 21:40:24,464] {dag.py:2306} INFO - Setting next_dagrun for example_task_group_decorator to 2022-05-20 00:00:00+00:00
[2022-05-22 21:40:24,543] {scheduler_job.py:190} INFO - Processing /home/airflow/.local/lib/python3.8/site-packages/airflow/example_dags/example_task_group_decorator.py took 0.900 seconds
[2022-05-22 21:45:54,690] {scheduler_job.py:182} INFO - Started process (PID=30) to work on /home/airflow/.local/lib/python3.8/site-packages/airflow/example_dags/example_task_group_decorator.py
[2022-05-22 21:45:54,693] {scheduler_job.py:633} INFO - Processing file /home/airflow/.local/lib/python3.8/site-packages/airflow/example_dags/example_task_group_decorator.py for tasks to queue
[2022-05-22 21:45:54,695] {logging_mixin.py:104} INFO - [2022-05-22 21:45:54,695] {dagbag.py:496} INFO - Filling up the DagBag from /home/airflow/.local/lib/python3.8/site-packages/airflow/example_dags/example_task_group_decorator.py
[2022-05-22 21:45:54,720] {scheduler_job.py:643} INFO - DAG(s) dict_keys(['example_task_group_decorator']) retrieved from /home/airflow/.local/lib/python3.8/site-packages/airflow/example_dags/example_task_group_decorator.py
[2022-05-22 21:45:54,956] {logging_mixin.py:104} INFO - [2022-05-22 21:45:54,956] {dag.py:1833} INFO - Sync 1 DAGs
[2022-05-22 21:45:54,972] {logging_mixin.py:104} INFO - [2022-05-22 21:45:54,972] {dag.py:2306} INFO - Setting next_dagrun for example_task_group_decorator to 2022-05-20 00:00:00+00:00
[2022-05-22 21:45:55,035] {scheduler_job.py:190} INFO - Processing /home/airflow/.local/lib/python3.8/site-packages/airflow/example_dags/example_task_group_decorator.py took 0.349 seconds
[2022-05-22 21:46:35,240] {scheduler_job.py:182} INFO - Started process (PID=63) to work on /home/airflow/.local/lib/python3.8/site-packages/airflow/example_dags/example_task_group_decorator.py
[2022-05-22 21:46:35,243] {scheduler_job.py:633} INFO - Processing file /home/airflow/.local/lib/python3.8/site-packages/airflow/example_dags/example_task_group_decorator.py for tasks to queue
[2022-05-22 21:46:35,245] {logging_mixin.py:104} INFO - [2022-05-22 21:46:35,245] {dagbag.py:496} INFO - Filling up the DagBag from /home/airflow/.local/lib/python3.8/site-packages/airflow/example_dags/example_task_group_decorator.py
[2022-05-22 21:46:35,269] {scheduler_job.py:643} INFO - DAG(s) dict_keys(['example_task_group_decorator']) retrieved from /home/airflow/.local/lib/python3.8/site-packages/airflow/example_dags/example_task_group_decorator.py
[2022-05-22 21:46:35,510] {logging_mixin.py:104} INFO - [2022-05-22 21:46:35,510] {dag.py:1833} INFO - Sync 1 DAGs
[2022-05-22 21:46:35,529] {logging_mixin.py:104} INFO - [2022-05-22 21:46:35,529] {dag.py:2306} INFO - Setting next_dagrun for example_task_group_decorator to 2022-05-20 00:00:00+00:00
[2022-05-22 21:46:35,591] {scheduler_job.py:190} INFO - Processing /home/airflow/.local/lib/python3.8/site-packages/airflow/example_dags/example_task_group_decorator.py took 0.355 seconds
[2022-05-22 21:47:20,068] {scheduler_job.py:182} INFO - Started process (PID=96) to work on /home/airflow/.local/lib/python3.8/site-packages/airflow/example_dags/example_task_group_decorator.py
[2022-05-22 21:47:20,073] {scheduler_job.py:633} INFO - Processing file /home/airflow/.local/lib/python3.8/site-packages/airflow/example_dags/example_task_group_decorator.py for tasks to queue
[2022-05-22 21:47:20,077] {logging_mixin.py:104} INFO - [2022-05-22 21:47:20,077] {dagbag.py:496} INFO - Filling up the DagBag from /home/airflow/.local/lib/python3.8/site-packages/airflow/example_dags/example_task_group_decorator.py
[2022-05-22 21:47:20,136] {scheduler_job.py:643} INFO - DAG(s) dict_keys(['example_task_group_decorator']) retrieved from /home/airflow/.local/lib/python3.8/site-packages/airflow/example_dags/example_task_group_decorator.py
[2022-05-22 21:47:20,611] {logging_mixin.py:104} INFO - [2022-05-22 21:47:20,611] {dag.py:1833} INFO - Sync 1 DAGs
[2022-05-22 21:47:20,630] {logging_mixin.py:104} INFO - [2022-05-22 21:47:20,629] {dag.py:2306} INFO - Setting next_dagrun for example_task_group_decorator to 2022-05-20 00:00:00+00:00
[2022-05-22 21:47:20,784] {scheduler_job.py:190} INFO - Processing /home/airflow/.local/lib/python3.8/site-packages/airflow/example_dags/example_task_group_decorator.py took 0.721 seconds
[2022-05-22 21:47:59,941] {scheduler_job.py:182} INFO - Started process (PID=127) to work on /home/airflow/.local/lib/python3.8/site-packages/airflow/example_dags/example_task_group_decorator.py
[2022-05-22 21:47:59,945] {scheduler_job.py:633} INFO - Processing file /home/airflow/.local/lib/python3.8/site-packages/airflow/example_dags/example_task_group_decorator.py for tasks to queue
[2022-05-22 21:47:59,948] {logging_mixin.py:104} INFO - [2022-05-22 21:47:59,948] {dagbag.py:496} INFO - Filling up the DagBag from /home/airflow/.local/lib/python3.8/site-packages/airflow/example_dags/example_task_group_decorator.py
[2022-05-22 21:47:59,976] {scheduler_job.py:643} INFO - DAG(s) dict_keys(['example_task_group_decorator']) retrieved from /home/airflow/.local/lib/python3.8/site-packages/airflow/example_dags/example_task_group_decorator.py
[2022-05-22 21:48:00,215] {logging_mixin.py:104} INFO - [2022-05-22 21:48:00,215] {dag.py:1833} INFO - Sync 1 DAGs
[2022-05-22 21:48:00,250] {logging_mixin.py:104} INFO - [2022-05-22 21:48:00,250] {dag.py:2306} INFO - Setting next_dagrun for example_task_group_decorator to 2022-05-20 00:00:00+00:00
[2022-05-22 21:48:00,316] {scheduler_job.py:190} INFO - Processing /home/airflow/.local/lib/python3.8/site-packages/airflow/example_dags/example_task_group_decorator.py took 0.378 seconds
[2022-05-22 21:48:37,979] {scheduler_job.py:182} INFO - Started process (PID=157) to work on /home/airflow/.local/lib/python3.8/site-packages/airflow/example_dags/example_task_group_decorator.py
[2022-05-22 21:48:37,982] {scheduler_job.py:633} INFO - Processing file /home/airflow/.local/lib/python3.8/site-packages/airflow/example_dags/example_task_group_decorator.py for tasks to queue
[2022-05-22 21:48:37,984] {logging_mixin.py:104} INFO - [2022-05-22 21:48:37,984] {dagbag.py:496} INFO - Filling up the DagBag from /home/airflow/.local/lib/python3.8/site-packages/airflow/example_dags/example_task_group_decorator.py
[2022-05-22 21:48:38,011] {scheduler_job.py:643} INFO - DAG(s) dict_keys(['example_task_group_decorator']) retrieved from /home/airflow/.local/lib/python3.8/site-packages/airflow/example_dags/example_task_group_decorator.py
[2022-05-22 21:48:38,259] {logging_mixin.py:104} INFO - [2022-05-22 21:48:38,259] {dag.py:1833} INFO - Sync 1 DAGs
[2022-05-22 21:48:38,282] {logging_mixin.py:104} INFO - [2022-05-22 21:48:38,282] {dag.py:2306} INFO - Setting next_dagrun for example_task_group_decorator to 2022-05-20 00:00:00+00:00
[2022-05-22 21:48:38,332] {scheduler_job.py:190} INFO - Processing /home/airflow/.local/lib/python3.8/site-packages/airflow/example_dags/example_task_group_decorator.py took 0.355 seconds
[2022-05-22 21:49:15,857] {scheduler_job.py:182} INFO - Started process (PID=187) to work on /home/airflow/.local/lib/python3.8/site-packages/airflow/example_dags/example_task_group_decorator.py
[2022-05-22 21:49:15,862] {scheduler_job.py:633} INFO - Processing file /home/airflow/.local/lib/python3.8/site-packages/airflow/example_dags/example_task_group_decorator.py for tasks to queue
[2022-05-22 21:49:15,864] {logging_mixin.py:104} INFO - [2022-05-22 21:49:15,864] {dagbag.py:496} INFO - Filling up the DagBag from /home/airflow/.local/lib/python3.8/site-packages/airflow/example_dags/example_task_group_decorator.py
[2022-05-22 21:49:15,893] {scheduler_job.py:643} INFO - DAG(s) dict_keys(['example_task_group_decorator']) retrieved from /home/airflow/.local/lib/python3.8/site-packages/airflow/example_dags/example_task_group_decorator.py
[2022-05-22 21:49:16,144] {logging_mixin.py:104} INFO - [2022-05-22 21:49:16,143] {dag.py:1833} INFO - Sync 1 DAGs
[2022-05-22 21:49:16,164] {logging_mixin.py:104} INFO - [2022-05-22 21:49:16,164] {dag.py:2306} INFO - Setting next_dagrun for example_task_group_decorator to 2022-05-20 00:00:00+00:00
[2022-05-22 21:49:16,292] {scheduler_job.py:190} INFO - Processing /home/airflow/.local/lib/python3.8/site-packages/airflow/example_dags/example_task_group_decorator.py took 0.438 seconds
[2022-05-22 21:49:52,544] {scheduler_job.py:182} INFO - Started process (PID=216) to work on /home/airflow/.local/lib/python3.8/site-packages/airflow/example_dags/example_task_group_decorator.py
[2022-05-22 21:49:52,548] {scheduler_job.py:633} INFO - Processing file /home/airflow/.local/lib/python3.8/site-packages/airflow/example_dags/example_task_group_decorator.py for tasks to queue
[2022-05-22 21:49:52,550] {logging_mixin.py:104} INFO - [2022-05-22 21:49:52,550] {dagbag.py:496} INFO - Filling up the DagBag from /home/airflow/.local/lib/python3.8/site-packages/airflow/example_dags/example_task_group_decorator.py
[2022-05-22 21:49:52,578] {scheduler_job.py:643} INFO - DAG(s) dict_keys(['example_task_group_decorator']) retrieved from /home/airflow/.local/lib/python3.8/site-packages/airflow/example_dags/example_task_group_decorator.py
[2022-05-22 21:49:52,830] {logging_mixin.py:104} INFO - [2022-05-22 21:49:52,830] {dag.py:1833} INFO - Sync 1 DAGs
[2022-05-22 21:49:52,916] {logging_mixin.py:104} INFO - [2022-05-22 21:49:52,915] {dag.py:2306} INFO - Setting next_dagrun for example_task_group_decorator to 2022-05-20 00:00:00+00:00
[2022-05-22 21:49:52,975] {scheduler_job.py:190} INFO - Processing /home/airflow/.local/lib/python3.8/site-packages/airflow/example_dags/example_task_group_decorator.py took 0.436 seconds
[2022-05-22 21:59:05,247] {scheduler_job.py:182} INFO - Started process (PID=32) to work on /home/airflow/.local/lib/python3.8/site-packages/airflow/example_dags/example_task_group_decorator.py
[2022-05-22 21:59:05,250] {scheduler_job.py:633} INFO - Processing file /home/airflow/.local/lib/python3.8/site-packages/airflow/example_dags/example_task_group_decorator.py for tasks to queue
[2022-05-22 21:59:05,251] {logging_mixin.py:104} INFO - [2022-05-22 21:59:05,251] {dagbag.py:496} INFO - Filling up the DagBag from /home/airflow/.local/lib/python3.8/site-packages/airflow/example_dags/example_task_group_decorator.py
[2022-05-22 21:59:05,275] {scheduler_job.py:643} INFO - DAG(s) dict_keys(['example_task_group_decorator']) retrieved from /home/airflow/.local/lib/python3.8/site-packages/airflow/example_dags/example_task_group_decorator.py
[2022-05-22 21:59:05,506] {logging_mixin.py:104} INFO - [2022-05-22 21:59:05,506] {dag.py:1833} INFO - Sync 1 DAGs
[2022-05-22 21:59:05,522] {logging_mixin.py:104} INFO - [2022-05-22 21:59:05,522] {dag.py:2306} INFO - Setting next_dagrun for example_task_group_decorator to 2022-05-20 00:00:00+00:00
[2022-05-22 21:59:05,590] {scheduler_job.py:190} INFO - Processing /home/airflow/.local/lib/python3.8/site-packages/airflow/example_dags/example_task_group_decorator.py took 0.346 seconds
[2022-05-22 22:02:15,565] {scheduler_job.py:182} INFO - Started process (PID=31) to work on /home/airflow/.local/lib/python3.8/site-packages/airflow/example_dags/example_task_group_decorator.py
[2022-05-22 22:02:15,568] {scheduler_job.py:633} INFO - Processing file /home/airflow/.local/lib/python3.8/site-packages/airflow/example_dags/example_task_group_decorator.py for tasks to queue
[2022-05-22 22:02:15,570] {logging_mixin.py:104} INFO - [2022-05-22 22:02:15,570] {dagbag.py:496} INFO - Filling up the DagBag from /home/airflow/.local/lib/python3.8/site-packages/airflow/example_dags/example_task_group_decorator.py
[2022-05-22 22:02:15,595] {scheduler_job.py:643} INFO - DAG(s) dict_keys(['example_task_group_decorator']) retrieved from /home/airflow/.local/lib/python3.8/site-packages/airflow/example_dags/example_task_group_decorator.py
[2022-05-22 22:02:15,866] {logging_mixin.py:104} INFO - [2022-05-22 22:02:15,866] {dag.py:1833} INFO - Sync 1 DAGs
[2022-05-22 22:02:15,883] {logging_mixin.py:104} INFO - [2022-05-22 22:02:15,882] {dag.py:2306} INFO - Setting next_dagrun for example_task_group_decorator to 2022-05-20 00:00:00+00:00
[2022-05-22 22:02:15,940] {scheduler_job.py:190} INFO - Processing /home/airflow/.local/lib/python3.8/site-packages/airflow/example_dags/example_task_group_decorator.py took 0.378 seconds
[2022-05-22 22:03:03,704] {scheduler_job.py:182} INFO - Started process (PID=68) to work on /home/airflow/.local/lib/python3.8/site-packages/airflow/example_dags/example_task_group_decorator.py
[2022-05-22 22:03:03,712] {scheduler_job.py:633} INFO - Processing file /home/airflow/.local/lib/python3.8/site-packages/airflow/example_dags/example_task_group_decorator.py for tasks to queue
[2022-05-22 22:03:03,717] {logging_mixin.py:104} INFO - [2022-05-22 22:03:03,716] {dagbag.py:496} INFO - Filling up the DagBag from /home/airflow/.local/lib/python3.8/site-packages/airflow/example_dags/example_task_group_decorator.py
[2022-05-22 22:03:03,818] {scheduler_job.py:643} INFO - DAG(s) dict_keys(['example_task_group_decorator']) retrieved from /home/airflow/.local/lib/python3.8/site-packages/airflow/example_dags/example_task_group_decorator.py
[2022-05-22 22:03:04,650] {logging_mixin.py:104} INFO - [2022-05-22 22:03:04,650] {dag.py:1833} INFO - Sync 1 DAGs
[2022-05-22 22:03:04,727] {logging_mixin.py:104} INFO - [2022-05-22 22:03:04,727] {dag.py:2306} INFO - Setting next_dagrun for example_task_group_decorator to 2022-05-20 00:00:00+00:00
[2022-05-22 22:03:04,986] {scheduler_job.py:190} INFO - Processing /home/airflow/.local/lib/python3.8/site-packages/airflow/example_dags/example_task_group_decorator.py took 1.287 seconds
[2022-05-22 22:03:47,458] {scheduler_job.py:182} INFO - Started process (PID=101) to work on /home/airflow/.local/lib/python3.8/site-packages/airflow/example_dags/example_task_group_decorator.py
[2022-05-22 22:03:47,464] {scheduler_job.py:633} INFO - Processing file /home/airflow/.local/lib/python3.8/site-packages/airflow/example_dags/example_task_group_decorator.py for tasks to queue
[2022-05-22 22:03:47,468] {logging_mixin.py:104} INFO - [2022-05-22 22:03:47,467] {dagbag.py:496} INFO - Filling up the DagBag from /home/airflow/.local/lib/python3.8/site-packages/airflow/example_dags/example_task_group_decorator.py
[2022-05-22 22:03:47,546] {scheduler_job.py:643} INFO - DAG(s) dict_keys(['example_task_group_decorator']) retrieved from /home/airflow/.local/lib/python3.8/site-packages/airflow/example_dags/example_task_group_decorator.py
[2022-05-22 22:03:48,584] {logging_mixin.py:104} INFO - [2022-05-22 22:03:48,584] {dag.py:1833} INFO - Sync 1 DAGs
[2022-05-22 22:03:48,686] {logging_mixin.py:104} INFO - [2022-05-22 22:03:48,686] {dag.py:2306} INFO - Setting next_dagrun for example_task_group_decorator to 2022-05-20 00:00:00+00:00
[2022-05-22 22:03:48,881] {scheduler_job.py:190} INFO - Processing /home/airflow/.local/lib/python3.8/site-packages/airflow/example_dags/example_task_group_decorator.py took 1.431 seconds
[2022-05-22 22:04:54,233] {scheduler_job.py:182} INFO - Started process (PID=154) to work on /home/airflow/.local/lib/python3.8/site-packages/airflow/example_dags/example_task_group_decorator.py
[2022-05-22 22:04:54,236] {scheduler_job.py:633} INFO - Processing file /home/airflow/.local/lib/python3.8/site-packages/airflow/example_dags/example_task_group_decorator.py for tasks to queue
[2022-05-22 22:04:54,238] {logging_mixin.py:104} INFO - [2022-05-22 22:04:54,238] {dagbag.py:496} INFO - Filling up the DagBag from /home/airflow/.local/lib/python3.8/site-packages/airflow/example_dags/example_task_group_decorator.py
[2022-05-22 22:04:54,265] {scheduler_job.py:643} INFO - DAG(s) dict_keys(['example_task_group_decorator']) retrieved from /home/airflow/.local/lib/python3.8/site-packages/airflow/example_dags/example_task_group_decorator.py
[2022-05-22 22:04:54,521] {logging_mixin.py:104} INFO - [2022-05-22 22:04:54,521] {dag.py:1833} INFO - Sync 1 DAGs
[2022-05-22 22:04:54,543] {logging_mixin.py:104} INFO - [2022-05-22 22:04:54,543] {dag.py:2306} INFO - Setting next_dagrun for example_task_group_decorator to 2022-05-20 00:00:00+00:00
[2022-05-22 22:04:54,601] {scheduler_job.py:190} INFO - Processing /home/airflow/.local/lib/python3.8/site-packages/airflow/example_dags/example_task_group_decorator.py took 0.372 seconds
[2022-05-22 22:05:37,917] {scheduler_job.py:182} INFO - Started process (PID=187) to work on /home/airflow/.local/lib/python3.8/site-packages/airflow/example_dags/example_task_group_decorator.py
[2022-05-22 22:05:37,921] {scheduler_job.py:633} INFO - Processing file /home/airflow/.local/lib/python3.8/site-packages/airflow/example_dags/example_task_group_decorator.py for tasks to queue
[2022-05-22 22:05:37,924] {logging_mixin.py:104} INFO - [2022-05-22 22:05:37,923] {dagbag.py:496} INFO - Filling up the DagBag from /home/airflow/.local/lib/python3.8/site-packages/airflow/example_dags/example_task_group_decorator.py
[2022-05-22 22:05:37,962] {scheduler_job.py:643} INFO - DAG(s) dict_keys(['example_task_group_decorator']) retrieved from /home/airflow/.local/lib/python3.8/site-packages/airflow/example_dags/example_task_group_decorator.py
[2022-05-22 22:05:38,282] {logging_mixin.py:104} INFO - [2022-05-22 22:05:38,282] {dag.py:1833} INFO - Sync 1 DAGs
[2022-05-22 22:05:38,317] {logging_mixin.py:104} INFO - [2022-05-22 22:05:38,316] {dag.py:2306} INFO - Setting next_dagrun for example_task_group_decorator to 2022-05-20 00:00:00+00:00
[2022-05-22 22:05:38,436] {scheduler_job.py:190} INFO - Processing /home/airflow/.local/lib/python3.8/site-packages/airflow/example_dags/example_task_group_decorator.py took 0.546 seconds
[2022-05-22 22:06:15,735] {scheduler_job.py:182} INFO - Started process (PID=218) to work on /home/airflow/.local/lib/python3.8/site-packages/airflow/example_dags/example_task_group_decorator.py
[2022-05-22 22:06:15,739] {scheduler_job.py:633} INFO - Processing file /home/airflow/.local/lib/python3.8/site-packages/airflow/example_dags/example_task_group_decorator.py for tasks to queue
[2022-05-22 22:06:15,740] {logging_mixin.py:104} INFO - [2022-05-22 22:06:15,740] {dagbag.py:496} INFO - Filling up the DagBag from /home/airflow/.local/lib/python3.8/site-packages/airflow/example_dags/example_task_group_decorator.py
[2022-05-22 22:06:15,767] {scheduler_job.py:643} INFO - DAG(s) dict_keys(['example_task_group_decorator']) retrieved from /home/airflow/.local/lib/python3.8/site-packages/airflow/example_dags/example_task_group_decorator.py
[2022-05-22 22:06:16,003] {logging_mixin.py:104} INFO - [2022-05-22 22:06:16,003] {dag.py:1833} INFO - Sync 1 DAGs
[2022-05-22 22:06:16,022] {logging_mixin.py:104} INFO - [2022-05-22 22:06:16,022] {dag.py:2306} INFO - Setting next_dagrun for example_task_group_decorator to 2022-05-20 00:00:00+00:00
[2022-05-22 22:06:16,146] {scheduler_job.py:190} INFO - Processing /home/airflow/.local/lib/python3.8/site-packages/airflow/example_dags/example_task_group_decorator.py took 0.414 seconds
[2022-05-22 22:06:54,820] {scheduler_job.py:182} INFO - Started process (PID=246) to work on /home/airflow/.local/lib/python3.8/site-packages/airflow/example_dags/example_task_group_decorator.py
[2022-05-22 22:06:54,827] {scheduler_job.py:633} INFO - Processing file /home/airflow/.local/lib/python3.8/site-packages/airflow/example_dags/example_task_group_decorator.py for tasks to queue
[2022-05-22 22:06:54,831] {logging_mixin.py:104} INFO - [2022-05-22 22:06:54,830] {dagbag.py:496} INFO - Filling up the DagBag from /home/airflow/.local/lib/python3.8/site-packages/airflow/example_dags/example_task_group_decorator.py
[2022-05-22 22:06:55,001] {scheduler_job.py:643} INFO - DAG(s) dict_keys(['example_task_group_decorator']) retrieved from /home/airflow/.local/lib/python3.8/site-packages/airflow/example_dags/example_task_group_decorator.py
[2022-05-22 22:06:55,662] {logging_mixin.py:104} INFO - [2022-05-22 22:06:55,661] {dag.py:1833} INFO - Sync 1 DAGs
[2022-05-22 22:06:55,869] {logging_mixin.py:104} INFO - [2022-05-22 22:06:55,867] {dag.py:2306} INFO - Setting next_dagrun for example_task_group_decorator to 2022-05-20 00:00:00+00:00
[2022-05-22 22:06:56,026] {scheduler_job.py:190} INFO - Processing /home/airflow/.local/lib/python3.8/site-packages/airflow/example_dags/example_task_group_decorator.py took 1.211 seconds
[2022-05-22 22:07:46,354] {scheduler_job.py:182} INFO - Started process (PID=281) to work on /home/airflow/.local/lib/python3.8/site-packages/airflow/example_dags/example_task_group_decorator.py
[2022-05-22 22:07:46,358] {scheduler_job.py:633} INFO - Processing file /home/airflow/.local/lib/python3.8/site-packages/airflow/example_dags/example_task_group_decorator.py for tasks to queue
[2022-05-22 22:07:46,360] {logging_mixin.py:104} INFO - [2022-05-22 22:07:46,360] {dagbag.py:496} INFO - Filling up the DagBag from /home/airflow/.local/lib/python3.8/site-packages/airflow/example_dags/example_task_group_decorator.py
[2022-05-22 22:07:46,387] {scheduler_job.py:643} INFO - DAG(s) dict_keys(['example_task_group_decorator']) retrieved from /home/airflow/.local/lib/python3.8/site-packages/airflow/example_dags/example_task_group_decorator.py
[2022-05-22 22:07:46,644] {logging_mixin.py:104} INFO - [2022-05-22 22:07:46,644] {dag.py:1833} INFO - Sync 1 DAGs
[2022-05-22 22:07:46,733] {logging_mixin.py:104} INFO - [2022-05-22 22:07:46,733] {dag.py:2306} INFO - Setting next_dagrun for example_task_group_decorator to 2022-05-20 00:00:00+00:00
[2022-05-22 22:07:46,800] {scheduler_job.py:190} INFO - Processing /home/airflow/.local/lib/python3.8/site-packages/airflow/example_dags/example_task_group_decorator.py took 0.450 seconds
[2022-05-22 22:08:21,449] {scheduler_job.py:182} INFO - Started process (PID=307) to work on /home/airflow/.local/lib/python3.8/site-packages/airflow/example_dags/example_task_group_decorator.py
[2022-05-22 22:08:21,452] {scheduler_job.py:633} INFO - Processing file /home/airflow/.local/lib/python3.8/site-packages/airflow/example_dags/example_task_group_decorator.py for tasks to queue
[2022-05-22 22:08:21,453] {logging_mixin.py:104} INFO - [2022-05-22 22:08:21,453] {dagbag.py:496} INFO - Filling up the DagBag from /home/airflow/.local/lib/python3.8/site-packages/airflow/example_dags/example_task_group_decorator.py
[2022-05-22 22:08:21,479] {scheduler_job.py:643} INFO - DAG(s) dict_keys(['example_task_group_decorator']) retrieved from /home/airflow/.local/lib/python3.8/site-packages/airflow/example_dags/example_task_group_decorator.py
[2022-05-22 22:08:21,724] {logging_mixin.py:104} INFO - [2022-05-22 22:08:21,724] {dag.py:1833} INFO - Sync 1 DAGs
[2022-05-22 22:08:21,870] {logging_mixin.py:104} INFO - [2022-05-22 22:08:21,870] {dag.py:2306} INFO - Setting next_dagrun for example_task_group_decorator to 2022-05-20 00:00:00+00:00
[2022-05-22 22:08:21,955] {scheduler_job.py:190} INFO - Processing /home/airflow/.local/lib/python3.8/site-packages/airflow/example_dags/example_task_group_decorator.py took 0.509 seconds
[2022-05-22 22:09:03,524] {scheduler_job.py:182} INFO - Started process (PID=339) to work on /home/airflow/.local/lib/python3.8/site-packages/airflow/example_dags/example_task_group_decorator.py
[2022-05-22 22:09:03,529] {scheduler_job.py:633} INFO - Processing file /home/airflow/.local/lib/python3.8/site-packages/airflow/example_dags/example_task_group_decorator.py for tasks to queue
[2022-05-22 22:09:03,531] {logging_mixin.py:104} INFO - [2022-05-22 22:09:03,530] {dagbag.py:496} INFO - Filling up the DagBag from /home/airflow/.local/lib/python3.8/site-packages/airflow/example_dags/example_task_group_decorator.py
[2022-05-22 22:09:03,562] {scheduler_job.py:643} INFO - DAG(s) dict_keys(['example_task_group_decorator']) retrieved from /home/airflow/.local/lib/python3.8/site-packages/airflow/example_dags/example_task_group_decorator.py
[2022-05-22 22:09:03,838] {logging_mixin.py:104} INFO - [2022-05-22 22:09:03,838] {dag.py:1833} INFO - Sync 1 DAGs
[2022-05-22 22:09:03,931] {logging_mixin.py:104} INFO - [2022-05-22 22:09:03,931] {dag.py:2306} INFO - Setting next_dagrun for example_task_group_decorator to 2022-05-20 00:00:00+00:00
[2022-05-22 22:09:03,993] {scheduler_job.py:190} INFO - Processing /home/airflow/.local/lib/python3.8/site-packages/airflow/example_dags/example_task_group_decorator.py took 0.475 seconds
[2022-05-22 22:09:46,429] {scheduler_job.py:182} INFO - Started process (PID=374) to work on /home/airflow/.local/lib/python3.8/site-packages/airflow/example_dags/example_task_group_decorator.py
[2022-05-22 22:09:46,434] {scheduler_job.py:633} INFO - Processing file /home/airflow/.local/lib/python3.8/site-packages/airflow/example_dags/example_task_group_decorator.py for tasks to queue
[2022-05-22 22:09:46,437] {logging_mixin.py:104} INFO - [2022-05-22 22:09:46,436] {dagbag.py:496} INFO - Filling up the DagBag from /home/airflow/.local/lib/python3.8/site-packages/airflow/example_dags/example_task_group_decorator.py
[2022-05-22 22:09:46,464] {scheduler_job.py:643} INFO - DAG(s) dict_keys(['example_task_group_decorator']) retrieved from /home/airflow/.local/lib/python3.8/site-packages/airflow/example_dags/example_task_group_decorator.py
[2022-05-22 22:09:46,734] {logging_mixin.py:104} INFO - [2022-05-22 22:09:46,734] {dag.py:1833} INFO - Sync 1 DAGs
[2022-05-22 22:09:46,855] {logging_mixin.py:104} INFO - [2022-05-22 22:09:46,855] {dag.py:2306} INFO - Setting next_dagrun for example_task_group_decorator to 2022-05-20 00:00:00+00:00
[2022-05-22 22:09:46,914] {scheduler_job.py:190} INFO - Processing /home/airflow/.local/lib/python3.8/site-packages/airflow/example_dags/example_task_group_decorator.py took 0.489 seconds
[2022-05-22 22:12:49,126] {scheduler_job.py:182} INFO - Started process (PID=29) to work on /home/airflow/.local/lib/python3.8/site-packages/airflow/example_dags/example_task_group_decorator.py
[2022-05-22 22:12:49,129] {scheduler_job.py:633} INFO - Processing file /home/airflow/.local/lib/python3.8/site-packages/airflow/example_dags/example_task_group_decorator.py for tasks to queue
[2022-05-22 22:12:49,131] {logging_mixin.py:104} INFO - [2022-05-22 22:12:49,131] {dagbag.py:496} INFO - Filling up the DagBag from /home/airflow/.local/lib/python3.8/site-packages/airflow/example_dags/example_task_group_decorator.py
[2022-05-22 22:12:49,155] {scheduler_job.py:643} INFO - DAG(s) dict_keys(['example_task_group_decorator']) retrieved from /home/airflow/.local/lib/python3.8/site-packages/airflow/example_dags/example_task_group_decorator.py
[2022-05-22 22:12:49,423] {logging_mixin.py:104} INFO - [2022-05-22 22:12:49,423] {dag.py:1833} INFO - Sync 1 DAGs
[2022-05-22 22:12:49,450] {logging_mixin.py:104} INFO - [2022-05-22 22:12:49,449] {dag.py:2306} INFO - Setting next_dagrun for example_task_group_decorator to 2022-05-20 00:00:00+00:00
[2022-05-22 22:12:49,532] {scheduler_job.py:190} INFO - Processing /home/airflow/.local/lib/python3.8/site-packages/airflow/example_dags/example_task_group_decorator.py took 0.409 seconds
[2022-05-22 22:13:59,211] {scheduler_job.py:182} INFO - Started process (PID=82) to work on /home/airflow/.local/lib/python3.8/site-packages/airflow/example_dags/example_task_group_decorator.py
[2022-05-22 22:13:59,219] {scheduler_job.py:633} INFO - Processing file /home/airflow/.local/lib/python3.8/site-packages/airflow/example_dags/example_task_group_decorator.py for tasks to queue
[2022-05-22 22:13:59,222] {logging_mixin.py:104} INFO - [2022-05-22 22:13:59,221] {dagbag.py:496} INFO - Filling up the DagBag from /home/airflow/.local/lib/python3.8/site-packages/airflow/example_dags/example_task_group_decorator.py
[2022-05-22 22:13:59,306] {scheduler_job.py:643} INFO - DAG(s) dict_keys(['example_task_group_decorator']) retrieved from /home/airflow/.local/lib/python3.8/site-packages/airflow/example_dags/example_task_group_decorator.py
[2022-05-22 22:13:59,579] {logging_mixin.py:104} INFO - [2022-05-22 22:13:59,579] {dag.py:1833} INFO - Sync 1 DAGs
[2022-05-22 22:13:59,643] {logging_mixin.py:104} INFO - [2022-05-22 22:13:59,643] {dag.py:2306} INFO - Setting next_dagrun for example_task_group_decorator to 2022-05-20 00:00:00+00:00
[2022-05-22 22:13:59,871] {scheduler_job.py:190} INFO - Processing /home/airflow/.local/lib/python3.8/site-packages/airflow/example_dags/example_task_group_decorator.py took 0.666 seconds
[2022-05-22 22:14:41,839] {scheduler_job.py:182} INFO - Started process (PID=115) to work on /home/airflow/.local/lib/python3.8/site-packages/airflow/example_dags/example_task_group_decorator.py
[2022-05-22 22:14:41,842] {scheduler_job.py:633} INFO - Processing file /home/airflow/.local/lib/python3.8/site-packages/airflow/example_dags/example_task_group_decorator.py for tasks to queue
[2022-05-22 22:14:41,844] {logging_mixin.py:104} INFO - [2022-05-22 22:14:41,844] {dagbag.py:496} INFO - Filling up the DagBag from /home/airflow/.local/lib/python3.8/site-packages/airflow/example_dags/example_task_group_decorator.py
[2022-05-22 22:14:41,870] {scheduler_job.py:643} INFO - DAG(s) dict_keys(['example_task_group_decorator']) retrieved from /home/airflow/.local/lib/python3.8/site-packages/airflow/example_dags/example_task_group_decorator.py
[2022-05-22 22:14:42,105] {logging_mixin.py:104} INFO - [2022-05-22 22:14:42,104] {dag.py:1833} INFO - Sync 1 DAGs
[2022-05-22 22:14:42,124] {logging_mixin.py:104} INFO - [2022-05-22 22:14:42,124] {dag.py:2306} INFO - Setting next_dagrun for example_task_group_decorator to 2022-05-20 00:00:00+00:00
[2022-05-22 22:14:42,177] {scheduler_job.py:190} INFO - Processing /home/airflow/.local/lib/python3.8/site-packages/airflow/example_dags/example_task_group_decorator.py took 0.342 seconds
[2022-05-22 22:15:23,298] {scheduler_job.py:182} INFO - Started process (PID=148) to work on /home/airflow/.local/lib/python3.8/site-packages/airflow/example_dags/example_task_group_decorator.py
[2022-05-22 22:15:23,301] {scheduler_job.py:633} INFO - Processing file /home/airflow/.local/lib/python3.8/site-packages/airflow/example_dags/example_task_group_decorator.py for tasks to queue
[2022-05-22 22:15:23,303] {logging_mixin.py:104} INFO - [2022-05-22 22:15:23,303] {dagbag.py:496} INFO - Filling up the DagBag from /home/airflow/.local/lib/python3.8/site-packages/airflow/example_dags/example_task_group_decorator.py
[2022-05-22 22:15:23,331] {scheduler_job.py:643} INFO - DAG(s) dict_keys(['example_task_group_decorator']) retrieved from /home/airflow/.local/lib/python3.8/site-packages/airflow/example_dags/example_task_group_decorator.py
[2022-05-22 22:15:23,570] {logging_mixin.py:104} INFO - [2022-05-22 22:15:23,570] {dag.py:1833} INFO - Sync 1 DAGs
[2022-05-22 22:15:23,592] {logging_mixin.py:104} INFO - [2022-05-22 22:15:23,591] {dag.py:2306} INFO - Setting next_dagrun for example_task_group_decorator to 2022-05-20 00:00:00+00:00
[2022-05-22 22:15:23,648] {scheduler_job.py:190} INFO - Processing /home/airflow/.local/lib/python3.8/site-packages/airflow/example_dags/example_task_group_decorator.py took 0.354 seconds
[2022-05-22 22:16:03,667] {scheduler_job.py:182} INFO - Started process (PID=180) to work on /home/airflow/.local/lib/python3.8/site-packages/airflow/example_dags/example_task_group_decorator.py
[2022-05-22 22:16:03,671] {scheduler_job.py:633} INFO - Processing file /home/airflow/.local/lib/python3.8/site-packages/airflow/example_dags/example_task_group_decorator.py for tasks to queue
[2022-05-22 22:16:03,673] {logging_mixin.py:104} INFO - [2022-05-22 22:16:03,673] {dagbag.py:496} INFO - Filling up the DagBag from /home/airflow/.local/lib/python3.8/site-packages/airflow/example_dags/example_task_group_decorator.py
[2022-05-22 22:16:03,699] {scheduler_job.py:643} INFO - DAG(s) dict_keys(['example_task_group_decorator']) retrieved from /home/airflow/.local/lib/python3.8/site-packages/airflow/example_dags/example_task_group_decorator.py
[2022-05-22 22:16:04,008] {logging_mixin.py:104} INFO - [2022-05-22 22:16:04,008] {dag.py:1833} INFO - Sync 1 DAGs
[2022-05-22 22:16:04,030] {logging_mixin.py:104} INFO - [2022-05-22 22:16:04,030] {dag.py:2306} INFO - Setting next_dagrun for example_task_group_decorator to 2022-05-20 00:00:00+00:00
[2022-05-22 22:16:04,095] {scheduler_job.py:190} INFO - Processing /home/airflow/.local/lib/python3.8/site-packages/airflow/example_dags/example_task_group_decorator.py took 0.431 seconds
[2022-05-22 22:18:58,449] {scheduler_job.py:182} INFO - Started process (PID=50) to work on /home/airflow/.local/lib/python3.8/site-packages/airflow/example_dags/example_task_group_decorator.py
[2022-05-22 22:18:58,453] {scheduler_job.py:633} INFO - Processing file /home/airflow/.local/lib/python3.8/site-packages/airflow/example_dags/example_task_group_decorator.py for tasks to queue
[2022-05-22 22:18:58,455] {logging_mixin.py:104} INFO - [2022-05-22 22:18:58,455] {dagbag.py:496} INFO - Filling up the DagBag from /home/airflow/.local/lib/python3.8/site-packages/airflow/example_dags/example_task_group_decorator.py
[2022-05-22 22:18:58,483] {scheduler_job.py:643} INFO - DAG(s) dict_keys(['example_task_group_decorator']) retrieved from /home/airflow/.local/lib/python3.8/site-packages/airflow/example_dags/example_task_group_decorator.py
[2022-05-22 22:18:58,737] {logging_mixin.py:104} INFO - [2022-05-22 22:18:58,736] {dag.py:1833} INFO - Sync 1 DAGs
[2022-05-22 22:18:58,776] {logging_mixin.py:104} INFO - [2022-05-22 22:18:58,776] {dag.py:2306} INFO - Setting next_dagrun for example_task_group_decorator to 2022-05-20 00:00:00+00:00
[2022-05-22 22:18:58,853] {scheduler_job.py:190} INFO - Processing /home/airflow/.local/lib/python3.8/site-packages/airflow/example_dags/example_task_group_decorator.py took 0.410 seconds
