[2022-05-22 20:46:06,477] {scheduler_job.py:182} INFO - Started process (PID=31) to work on /home/airflow/.local/lib/python3.8/site-packages/airflow/example_dags/example_skip_dag.py
[2022-05-22 20:46:06,480] {scheduler_job.py:633} INFO - Processing file /home/airflow/.local/lib/python3.8/site-packages/airflow/example_dags/example_skip_dag.py for tasks to queue
[2022-05-22 20:46:06,481] {logging_mixin.py:104} INFO - [2022-05-22 20:46:06,481] {dagbag.py:496} INFO - Filling up the DagBag from /home/airflow/.local/lib/python3.8/site-packages/airflow/example_dags/example_skip_dag.py
[2022-05-22 20:46:06,494] {scheduler_job.py:643} INFO - DAG(s) dict_keys(['example_skip_dag']) retrieved from /home/airflow/.local/lib/python3.8/site-packages/airflow/example_dags/example_skip_dag.py
[2022-05-22 20:46:06,521] {logging_mixin.py:104} INFO - [2022-05-22 20:46:06,521] {dag.py:1833} INFO - Sync 1 DAGs
[2022-05-22 20:46:06,551] {logging_mixin.py:104} INFO - [2022-05-22 20:46:06,551] {dag.py:2306} INFO - Setting next_dagrun for example_skip_dag to 2022-05-20 00:00:00+00:00
[2022-05-22 20:46:06,604] {scheduler_job.py:190} INFO - Processing /home/airflow/.local/lib/python3.8/site-packages/airflow/example_dags/example_skip_dag.py took 0.130 seconds
[2022-05-22 20:46:44,967] {scheduler_job.py:182} INFO - Started process (PID=62) to work on /home/airflow/.local/lib/python3.8/site-packages/airflow/example_dags/example_skip_dag.py
[2022-05-22 20:46:44,970] {scheduler_job.py:633} INFO - Processing file /home/airflow/.local/lib/python3.8/site-packages/airflow/example_dags/example_skip_dag.py for tasks to queue
[2022-05-22 20:46:44,972] {logging_mixin.py:104} INFO - [2022-05-22 20:46:44,972] {dagbag.py:496} INFO - Filling up the DagBag from /home/airflow/.local/lib/python3.8/site-packages/airflow/example_dags/example_skip_dag.py
[2022-05-22 20:46:44,984] {scheduler_job.py:643} INFO - DAG(s) dict_keys(['example_skip_dag']) retrieved from /home/airflow/.local/lib/python3.8/site-packages/airflow/example_dags/example_skip_dag.py
[2022-05-22 20:46:45,007] {logging_mixin.py:104} INFO - [2022-05-22 20:46:45,007] {dag.py:1833} INFO - Sync 1 DAGs
[2022-05-22 20:46:45,025] {logging_mixin.py:104} INFO - [2022-05-22 20:46:45,025] {dag.py:2306} INFO - Setting next_dagrun for example_skip_dag to 2022-05-20 00:00:00+00:00
[2022-05-22 20:46:45,072] {scheduler_job.py:190} INFO - Processing /home/airflow/.local/lib/python3.8/site-packages/airflow/example_dags/example_skip_dag.py took 0.108 seconds
[2022-05-22 20:47:27,824] {scheduler_job.py:182} INFO - Started process (PID=93) to work on /home/airflow/.local/lib/python3.8/site-packages/airflow/example_dags/example_skip_dag.py
[2022-05-22 20:47:27,828] {scheduler_job.py:633} INFO - Processing file /home/airflow/.local/lib/python3.8/site-packages/airflow/example_dags/example_skip_dag.py for tasks to queue
[2022-05-22 20:47:27,834] {logging_mixin.py:104} INFO - [2022-05-22 20:47:27,833] {dagbag.py:496} INFO - Filling up the DagBag from /home/airflow/.local/lib/python3.8/site-packages/airflow/example_dags/example_skip_dag.py
[2022-05-22 20:47:27,912] {scheduler_job.py:643} INFO - DAG(s) dict_keys(['example_skip_dag']) retrieved from /home/airflow/.local/lib/python3.8/site-packages/airflow/example_dags/example_skip_dag.py
[2022-05-22 20:47:28,056] {logging_mixin.py:104} INFO - [2022-05-22 20:47:28,056] {dag.py:1833} INFO - Sync 1 DAGs
[2022-05-22 20:47:28,153] {logging_mixin.py:104} INFO - [2022-05-22 20:47:28,148] {dag.py:2306} INFO - Setting next_dagrun for example_skip_dag to 2022-05-20 00:00:00+00:00
[2022-05-22 20:47:28,450] {scheduler_job.py:190} INFO - Processing /home/airflow/.local/lib/python3.8/site-packages/airflow/example_dags/example_skip_dag.py took 0.631 seconds
[2022-05-22 20:48:08,425] {scheduler_job.py:182} INFO - Started process (PID=122) to work on /home/airflow/.local/lib/python3.8/site-packages/airflow/example_dags/example_skip_dag.py
[2022-05-22 20:48:08,428] {scheduler_job.py:633} INFO - Processing file /home/airflow/.local/lib/python3.8/site-packages/airflow/example_dags/example_skip_dag.py for tasks to queue
[2022-05-22 20:48:08,431] {logging_mixin.py:104} INFO - [2022-05-22 20:48:08,430] {dagbag.py:496} INFO - Filling up the DagBag from /home/airflow/.local/lib/python3.8/site-packages/airflow/example_dags/example_skip_dag.py
[2022-05-22 20:48:08,444] {scheduler_job.py:643} INFO - DAG(s) dict_keys(['example_skip_dag']) retrieved from /home/airflow/.local/lib/python3.8/site-packages/airflow/example_dags/example_skip_dag.py
[2022-05-22 20:48:08,467] {logging_mixin.py:104} INFO - [2022-05-22 20:48:08,467] {dag.py:1833} INFO - Sync 1 DAGs
[2022-05-22 20:48:08,488] {logging_mixin.py:104} INFO - [2022-05-22 20:48:08,488] {dag.py:2306} INFO - Setting next_dagrun for example_skip_dag to 2022-05-20 00:00:00+00:00
[2022-05-22 20:48:08,534] {scheduler_job.py:190} INFO - Processing /home/airflow/.local/lib/python3.8/site-packages/airflow/example_dags/example_skip_dag.py took 0.112 seconds
[2022-05-22 20:48:48,960] {scheduler_job.py:182} INFO - Started process (PID=148) to work on /home/airflow/.local/lib/python3.8/site-packages/airflow/example_dags/example_skip_dag.py
[2022-05-22 20:48:48,964] {scheduler_job.py:633} INFO - Processing file /home/airflow/.local/lib/python3.8/site-packages/airflow/example_dags/example_skip_dag.py for tasks to queue
[2022-05-22 20:48:48,968] {logging_mixin.py:104} INFO - [2022-05-22 20:48:48,967] {dagbag.py:496} INFO - Filling up the DagBag from /home/airflow/.local/lib/python3.8/site-packages/airflow/example_dags/example_skip_dag.py
[2022-05-22 20:48:48,991] {scheduler_job.py:643} INFO - DAG(s) dict_keys(['example_skip_dag']) retrieved from /home/airflow/.local/lib/python3.8/site-packages/airflow/example_dags/example_skip_dag.py
[2022-05-22 20:48:49,055] {logging_mixin.py:104} INFO - [2022-05-22 20:48:49,054] {dag.py:1833} INFO - Sync 1 DAGs
[2022-05-22 20:48:49,184] {logging_mixin.py:104} INFO - [2022-05-22 20:48:49,184] {dag.py:2306} INFO - Setting next_dagrun for example_skip_dag to 2022-05-20 00:00:00+00:00
[2022-05-22 20:48:49,681] {scheduler_job.py:190} INFO - Processing /home/airflow/.local/lib/python3.8/site-packages/airflow/example_dags/example_skip_dag.py took 0.726 seconds
[2022-05-22 20:49:39,992] {scheduler_job.py:182} INFO - Started process (PID=174) to work on /home/airflow/.local/lib/python3.8/site-packages/airflow/example_dags/example_skip_dag.py
[2022-05-22 20:49:39,998] {scheduler_job.py:633} INFO - Processing file /home/airflow/.local/lib/python3.8/site-packages/airflow/example_dags/example_skip_dag.py for tasks to queue
[2022-05-22 20:49:40,002] {logging_mixin.py:104} INFO - [2022-05-22 20:49:40,001] {dagbag.py:496} INFO - Filling up the DagBag from /home/airflow/.local/lib/python3.8/site-packages/airflow/example_dags/example_skip_dag.py
[2022-05-22 20:49:40,025] {scheduler_job.py:643} INFO - DAG(s) dict_keys(['example_skip_dag']) retrieved from /home/airflow/.local/lib/python3.8/site-packages/airflow/example_dags/example_skip_dag.py
[2022-05-22 20:49:40,068] {logging_mixin.py:104} INFO - [2022-05-22 20:49:40,068] {dag.py:1833} INFO - Sync 1 DAGs
[2022-05-22 20:49:40,099] {logging_mixin.py:104} INFO - [2022-05-22 20:49:40,099] {dag.py:2306} INFO - Setting next_dagrun for example_skip_dag to 2022-05-20 00:00:00+00:00
[2022-05-22 20:49:40,158] {scheduler_job.py:190} INFO - Processing /home/airflow/.local/lib/python3.8/site-packages/airflow/example_dags/example_skip_dag.py took 0.171 seconds
[2022-05-22 20:50:20,378] {scheduler_job.py:182} INFO - Started process (PID=203) to work on /home/airflow/.local/lib/python3.8/site-packages/airflow/example_dags/example_skip_dag.py
[2022-05-22 20:50:20,382] {scheduler_job.py:633} INFO - Processing file /home/airflow/.local/lib/python3.8/site-packages/airflow/example_dags/example_skip_dag.py for tasks to queue
[2022-05-22 20:50:20,384] {logging_mixin.py:104} INFO - [2022-05-22 20:50:20,384] {dagbag.py:496} INFO - Filling up the DagBag from /home/airflow/.local/lib/python3.8/site-packages/airflow/example_dags/example_skip_dag.py
[2022-05-22 20:50:20,406] {scheduler_job.py:643} INFO - DAG(s) dict_keys(['example_skip_dag']) retrieved from /home/airflow/.local/lib/python3.8/site-packages/airflow/example_dags/example_skip_dag.py
[2022-05-22 20:50:20,464] {logging_mixin.py:104} INFO - [2022-05-22 20:50:20,464] {dag.py:1833} INFO - Sync 1 DAGs
[2022-05-22 20:50:20,516] {logging_mixin.py:104} INFO - [2022-05-22 20:50:20,516] {dag.py:2306} INFO - Setting next_dagrun for example_skip_dag to 2022-05-20 00:00:00+00:00
[2022-05-22 20:50:21,642] {scheduler_job.py:190} INFO - Processing /home/airflow/.local/lib/python3.8/site-packages/airflow/example_dags/example_skip_dag.py took 1.268 seconds
[2022-05-22 20:51:11,612] {scheduler_job.py:182} INFO - Started process (PID=236) to work on /home/airflow/.local/lib/python3.8/site-packages/airflow/example_dags/example_skip_dag.py
[2022-05-22 20:51:11,615] {scheduler_job.py:633} INFO - Processing file /home/airflow/.local/lib/python3.8/site-packages/airflow/example_dags/example_skip_dag.py for tasks to queue
[2022-05-22 20:51:11,617] {logging_mixin.py:104} INFO - [2022-05-22 20:51:11,616] {dagbag.py:496} INFO - Filling up the DagBag from /home/airflow/.local/lib/python3.8/site-packages/airflow/example_dags/example_skip_dag.py
[2022-05-22 20:51:11,634] {scheduler_job.py:643} INFO - DAG(s) dict_keys(['example_skip_dag']) retrieved from /home/airflow/.local/lib/python3.8/site-packages/airflow/example_dags/example_skip_dag.py
[2022-05-22 20:51:11,675] {logging_mixin.py:104} INFO - [2022-05-22 20:51:11,675] {dag.py:1833} INFO - Sync 1 DAGs
[2022-05-22 20:51:11,712] {logging_mixin.py:104} INFO - [2022-05-22 20:51:11,712] {dag.py:2306} INFO - Setting next_dagrun for example_skip_dag to 2022-05-20 00:00:00+00:00
[2022-05-22 20:51:11,785] {scheduler_job.py:190} INFO - Processing /home/airflow/.local/lib/python3.8/site-packages/airflow/example_dags/example_skip_dag.py took 0.178 seconds
[2022-05-22 20:51:58,055] {scheduler_job.py:182} INFO - Started process (PID=268) to work on /home/airflow/.local/lib/python3.8/site-packages/airflow/example_dags/example_skip_dag.py
[2022-05-22 20:51:58,064] {scheduler_job.py:633} INFO - Processing file /home/airflow/.local/lib/python3.8/site-packages/airflow/example_dags/example_skip_dag.py for tasks to queue
[2022-05-22 20:51:58,066] {logging_mixin.py:104} INFO - [2022-05-22 20:51:58,066] {dagbag.py:496} INFO - Filling up the DagBag from /home/airflow/.local/lib/python3.8/site-packages/airflow/example_dags/example_skip_dag.py
[2022-05-22 20:51:58,083] {scheduler_job.py:643} INFO - DAG(s) dict_keys(['example_skip_dag']) retrieved from /home/airflow/.local/lib/python3.8/site-packages/airflow/example_dags/example_skip_dag.py
[2022-05-22 20:51:58,127] {logging_mixin.py:104} INFO - [2022-05-22 20:51:58,126] {dag.py:1833} INFO - Sync 1 DAGs
[2022-05-22 20:51:58,166] {logging_mixin.py:104} INFO - [2022-05-22 20:51:58,166] {dag.py:2306} INFO - Setting next_dagrun for example_skip_dag to 2022-05-20 00:00:00+00:00
[2022-05-22 20:51:58,302] {scheduler_job.py:190} INFO - Processing /home/airflow/.local/lib/python3.8/site-packages/airflow/example_dags/example_skip_dag.py took 0.251 seconds
[2022-05-22 21:24:25,890] {scheduler_job.py:182} INFO - Started process (PID=33) to work on /home/airflow/.local/lib/python3.8/site-packages/airflow/example_dags/example_skip_dag.py
[2022-05-22 21:24:25,894] {scheduler_job.py:633} INFO - Processing file /home/airflow/.local/lib/python3.8/site-packages/airflow/example_dags/example_skip_dag.py for tasks to queue
[2022-05-22 21:24:25,897] {logging_mixin.py:104} INFO - [2022-05-22 21:24:25,897] {dagbag.py:496} INFO - Filling up the DagBag from /home/airflow/.local/lib/python3.8/site-packages/airflow/example_dags/example_skip_dag.py
[2022-05-22 21:24:25,914] {scheduler_job.py:643} INFO - DAG(s) dict_keys(['example_skip_dag']) retrieved from /home/airflow/.local/lib/python3.8/site-packages/airflow/example_dags/example_skip_dag.py
[2022-05-22 21:24:25,966] {logging_mixin.py:104} INFO - [2022-05-22 21:24:25,966] {dag.py:1833} INFO - Sync 1 DAGs
[2022-05-22 21:24:26,052] {logging_mixin.py:104} INFO - [2022-05-22 21:24:26,052] {dag.py:2306} INFO - Setting next_dagrun for example_skip_dag to 2022-05-20 00:00:00+00:00
[2022-05-22 21:24:26,127] {scheduler_job.py:190} INFO - Processing /home/airflow/.local/lib/python3.8/site-packages/airflow/example_dags/example_skip_dag.py took 0.241 seconds
[2022-05-22 21:25:12,546] {scheduler_job.py:182} INFO - Started process (PID=66) to work on /home/airflow/.local/lib/python3.8/site-packages/airflow/example_dags/example_skip_dag.py
[2022-05-22 21:25:12,552] {scheduler_job.py:633} INFO - Processing file /home/airflow/.local/lib/python3.8/site-packages/airflow/example_dags/example_skip_dag.py for tasks to queue
[2022-05-22 21:25:12,561] {logging_mixin.py:104} INFO - [2022-05-22 21:25:12,560] {dagbag.py:496} INFO - Filling up the DagBag from /home/airflow/.local/lib/python3.8/site-packages/airflow/example_dags/example_skip_dag.py
[2022-05-22 21:25:12,579] {scheduler_job.py:643} INFO - DAG(s) dict_keys(['example_skip_dag']) retrieved from /home/airflow/.local/lib/python3.8/site-packages/airflow/example_dags/example_skip_dag.py
[2022-05-22 21:25:12,613] {logging_mixin.py:104} INFO - [2022-05-22 21:25:12,613] {dag.py:1833} INFO - Sync 1 DAGs
[2022-05-22 21:25:12,642] {logging_mixin.py:104} INFO - [2022-05-22 21:25:12,642] {dag.py:2306} INFO - Setting next_dagrun for example_skip_dag to 2022-05-20 00:00:00+00:00
[2022-05-22 21:25:13,533] {scheduler_job.py:190} INFO - Processing /home/airflow/.local/lib/python3.8/site-packages/airflow/example_dags/example_skip_dag.py took 0.998 seconds
[2022-05-22 21:27:45,023] {scheduler_job.py:182} INFO - Started process (PID=34) to work on /home/airflow/.local/lib/python3.8/site-packages/airflow/example_dags/example_skip_dag.py
[2022-05-22 21:27:45,026] {scheduler_job.py:633} INFO - Processing file /home/airflow/.local/lib/python3.8/site-packages/airflow/example_dags/example_skip_dag.py for tasks to queue
[2022-05-22 21:27:45,028] {logging_mixin.py:104} INFO - [2022-05-22 21:27:45,028] {dagbag.py:496} INFO - Filling up the DagBag from /home/airflow/.local/lib/python3.8/site-packages/airflow/example_dags/example_skip_dag.py
[2022-05-22 21:27:45,044] {scheduler_job.py:643} INFO - DAG(s) dict_keys(['example_skip_dag']) retrieved from /home/airflow/.local/lib/python3.8/site-packages/airflow/example_dags/example_skip_dag.py
[2022-05-22 21:27:45,092] {logging_mixin.py:104} INFO - [2022-05-22 21:27:45,092] {dag.py:1833} INFO - Sync 1 DAGs
[2022-05-22 21:27:45,120] {logging_mixin.py:104} INFO - [2022-05-22 21:27:45,120] {dag.py:2306} INFO - Setting next_dagrun for example_skip_dag to 2022-05-20 00:00:00+00:00
[2022-05-22 21:27:45,186] {scheduler_job.py:190} INFO - Processing /home/airflow/.local/lib/python3.8/site-packages/airflow/example_dags/example_skip_dag.py took 0.167 seconds
[2022-05-22 21:28:26,905] {scheduler_job.py:182} INFO - Started process (PID=67) to work on /home/airflow/.local/lib/python3.8/site-packages/airflow/example_dags/example_skip_dag.py
[2022-05-22 21:28:26,913] {scheduler_job.py:633} INFO - Processing file /home/airflow/.local/lib/python3.8/site-packages/airflow/example_dags/example_skip_dag.py for tasks to queue
[2022-05-22 21:28:26,914] {logging_mixin.py:104} INFO - [2022-05-22 21:28:26,914] {dagbag.py:496} INFO - Filling up the DagBag from /home/airflow/.local/lib/python3.8/site-packages/airflow/example_dags/example_skip_dag.py
[2022-05-22 21:28:26,931] {scheduler_job.py:643} INFO - DAG(s) dict_keys(['example_skip_dag']) retrieved from /home/airflow/.local/lib/python3.8/site-packages/airflow/example_dags/example_skip_dag.py
[2022-05-22 21:28:26,970] {logging_mixin.py:104} INFO - [2022-05-22 21:28:26,970] {dag.py:1833} INFO - Sync 1 DAGs
[2022-05-22 21:28:26,997] {logging_mixin.py:104} INFO - [2022-05-22 21:28:26,997] {dag.py:2306} INFO - Setting next_dagrun for example_skip_dag to 2022-05-20 00:00:00+00:00
[2022-05-22 21:28:27,055] {scheduler_job.py:190} INFO - Processing /home/airflow/.local/lib/python3.8/site-packages/airflow/example_dags/example_skip_dag.py took 0.156 seconds
[2022-05-22 21:29:18,861] {scheduler_job.py:182} INFO - Started process (PID=104) to work on /home/airflow/.local/lib/python3.8/site-packages/airflow/example_dags/example_skip_dag.py
[2022-05-22 21:29:18,865] {scheduler_job.py:633} INFO - Processing file /home/airflow/.local/lib/python3.8/site-packages/airflow/example_dags/example_skip_dag.py for tasks to queue
[2022-05-22 21:29:18,867] {logging_mixin.py:104} INFO - [2022-05-22 21:29:18,867] {dagbag.py:496} INFO - Filling up the DagBag from /home/airflow/.local/lib/python3.8/site-packages/airflow/example_dags/example_skip_dag.py
[2022-05-22 21:29:18,881] {scheduler_job.py:643} INFO - DAG(s) dict_keys(['example_skip_dag']) retrieved from /home/airflow/.local/lib/python3.8/site-packages/airflow/example_dags/example_skip_dag.py
[2022-05-22 21:29:18,907] {logging_mixin.py:104} INFO - [2022-05-22 21:29:18,907] {dag.py:1833} INFO - Sync 1 DAGs
[2022-05-22 21:29:18,932] {logging_mixin.py:104} INFO - [2022-05-22 21:29:18,932] {dag.py:2306} INFO - Setting next_dagrun for example_skip_dag to 2022-05-20 00:00:00+00:00
[2022-05-22 21:29:18,974] {scheduler_job.py:190} INFO - Processing /home/airflow/.local/lib/python3.8/site-packages/airflow/example_dags/example_skip_dag.py took 0.117 seconds
[2022-05-22 21:29:55,511] {scheduler_job.py:182} INFO - Started process (PID=133) to work on /home/airflow/.local/lib/python3.8/site-packages/airflow/example_dags/example_skip_dag.py
[2022-05-22 21:29:55,517] {scheduler_job.py:633} INFO - Processing file /home/airflow/.local/lib/python3.8/site-packages/airflow/example_dags/example_skip_dag.py for tasks to queue
[2022-05-22 21:29:55,519] {logging_mixin.py:104} INFO - [2022-05-22 21:29:55,519] {dagbag.py:496} INFO - Filling up the DagBag from /home/airflow/.local/lib/python3.8/site-packages/airflow/example_dags/example_skip_dag.py
[2022-05-22 21:29:55,537] {scheduler_job.py:643} INFO - DAG(s) dict_keys(['example_skip_dag']) retrieved from /home/airflow/.local/lib/python3.8/site-packages/airflow/example_dags/example_skip_dag.py
[2022-05-22 21:29:55,575] {logging_mixin.py:104} INFO - [2022-05-22 21:29:55,575] {dag.py:1833} INFO - Sync 1 DAGs
[2022-05-22 21:29:55,603] {logging_mixin.py:104} INFO - [2022-05-22 21:29:55,602] {dag.py:2306} INFO - Setting next_dagrun for example_skip_dag to 2022-05-20 00:00:00+00:00
[2022-05-22 21:29:55,666] {scheduler_job.py:190} INFO - Processing /home/airflow/.local/lib/python3.8/site-packages/airflow/example_dags/example_skip_dag.py took 0.158 seconds
[2022-05-22 21:30:37,666] {scheduler_job.py:182} INFO - Started process (PID=165) to work on /home/airflow/.local/lib/python3.8/site-packages/airflow/example_dags/example_skip_dag.py
[2022-05-22 21:30:37,669] {scheduler_job.py:633} INFO - Processing file /home/airflow/.local/lib/python3.8/site-packages/airflow/example_dags/example_skip_dag.py for tasks to queue
[2022-05-22 21:30:37,671] {logging_mixin.py:104} INFO - [2022-05-22 21:30:37,671] {dagbag.py:496} INFO - Filling up the DagBag from /home/airflow/.local/lib/python3.8/site-packages/airflow/example_dags/example_skip_dag.py
[2022-05-22 21:30:37,684] {scheduler_job.py:643} INFO - DAG(s) dict_keys(['example_skip_dag']) retrieved from /home/airflow/.local/lib/python3.8/site-packages/airflow/example_dags/example_skip_dag.py
[2022-05-22 21:30:37,708] {logging_mixin.py:104} INFO - [2022-05-22 21:30:37,708] {dag.py:1833} INFO - Sync 1 DAGs
[2022-05-22 21:30:37,729] {logging_mixin.py:104} INFO - [2022-05-22 21:30:37,729] {dag.py:2306} INFO - Setting next_dagrun for example_skip_dag to 2022-05-20 00:00:00+00:00
[2022-05-22 21:30:37,775] {scheduler_job.py:190} INFO - Processing /home/airflow/.local/lib/python3.8/site-packages/airflow/example_dags/example_skip_dag.py took 0.112 seconds
[2022-05-22 21:31:17,658] {scheduler_job.py:182} INFO - Started process (PID=196) to work on /home/airflow/.local/lib/python3.8/site-packages/airflow/example_dags/example_skip_dag.py
[2022-05-22 21:31:17,665] {scheduler_job.py:633} INFO - Processing file /home/airflow/.local/lib/python3.8/site-packages/airflow/example_dags/example_skip_dag.py for tasks to queue
[2022-05-22 21:31:17,667] {logging_mixin.py:104} INFO - [2022-05-22 21:31:17,667] {dagbag.py:496} INFO - Filling up the DagBag from /home/airflow/.local/lib/python3.8/site-packages/airflow/example_dags/example_skip_dag.py
[2022-05-22 21:31:17,679] {scheduler_job.py:643} INFO - DAG(s) dict_keys(['example_skip_dag']) retrieved from /home/airflow/.local/lib/python3.8/site-packages/airflow/example_dags/example_skip_dag.py
[2022-05-22 21:31:17,705] {logging_mixin.py:104} INFO - [2022-05-22 21:31:17,705] {dag.py:1833} INFO - Sync 1 DAGs
[2022-05-22 21:31:17,725] {logging_mixin.py:104} INFO - [2022-05-22 21:31:17,725] {dag.py:2306} INFO - Setting next_dagrun for example_skip_dag to 2022-05-20 00:00:00+00:00
[2022-05-22 21:31:17,770] {scheduler_job.py:190} INFO - Processing /home/airflow/.local/lib/python3.8/site-packages/airflow/example_dags/example_skip_dag.py took 0.115 seconds
[2022-05-22 21:31:58,097] {scheduler_job.py:182} INFO - Started process (PID=229) to work on /home/airflow/.local/lib/python3.8/site-packages/airflow/example_dags/example_skip_dag.py
[2022-05-22 21:31:58,100] {scheduler_job.py:633} INFO - Processing file /home/airflow/.local/lib/python3.8/site-packages/airflow/example_dags/example_skip_dag.py for tasks to queue
[2022-05-22 21:31:58,102] {logging_mixin.py:104} INFO - [2022-05-22 21:31:58,102] {dagbag.py:496} INFO - Filling up the DagBag from /home/airflow/.local/lib/python3.8/site-packages/airflow/example_dags/example_skip_dag.py
[2022-05-22 21:31:58,115] {scheduler_job.py:643} INFO - DAG(s) dict_keys(['example_skip_dag']) retrieved from /home/airflow/.local/lib/python3.8/site-packages/airflow/example_dags/example_skip_dag.py
[2022-05-22 21:31:58,140] {logging_mixin.py:104} INFO - [2022-05-22 21:31:58,139] {dag.py:1833} INFO - Sync 1 DAGs
[2022-05-22 21:31:58,158] {logging_mixin.py:104} INFO - [2022-05-22 21:31:58,158] {dag.py:2306} INFO - Setting next_dagrun for example_skip_dag to 2022-05-20 00:00:00+00:00
[2022-05-22 21:31:58,200] {scheduler_job.py:190} INFO - Processing /home/airflow/.local/lib/python3.8/site-packages/airflow/example_dags/example_skip_dag.py took 0.107 seconds
[2022-05-22 21:32:34,147] {scheduler_job.py:182} INFO - Started process (PID=258) to work on /home/airflow/.local/lib/python3.8/site-packages/airflow/example_dags/example_skip_dag.py
[2022-05-22 21:32:34,150] {scheduler_job.py:633} INFO - Processing file /home/airflow/.local/lib/python3.8/site-packages/airflow/example_dags/example_skip_dag.py for tasks to queue
[2022-05-22 21:32:34,153] {logging_mixin.py:104} INFO - [2022-05-22 21:32:34,152] {dagbag.py:496} INFO - Filling up the DagBag from /home/airflow/.local/lib/python3.8/site-packages/airflow/example_dags/example_skip_dag.py
[2022-05-22 21:32:34,168] {scheduler_job.py:643} INFO - DAG(s) dict_keys(['example_skip_dag']) retrieved from /home/airflow/.local/lib/python3.8/site-packages/airflow/example_dags/example_skip_dag.py
[2022-05-22 21:32:34,204] {logging_mixin.py:104} INFO - [2022-05-22 21:32:34,204] {dag.py:1833} INFO - Sync 1 DAGs
[2022-05-22 21:32:34,225] {logging_mixin.py:104} INFO - [2022-05-22 21:32:34,225] {dag.py:2306} INFO - Setting next_dagrun for example_skip_dag to 2022-05-20 00:00:00+00:00
[2022-05-22 21:32:34,286] {scheduler_job.py:190} INFO - Processing /home/airflow/.local/lib/python3.8/site-packages/airflow/example_dags/example_skip_dag.py took 0.144 seconds
[2022-05-22 21:35:57,726] {scheduler_job.py:182} INFO - Started process (PID=32) to work on /home/airflow/.local/lib/python3.8/site-packages/airflow/example_dags/example_skip_dag.py
[2022-05-22 21:35:57,730] {scheduler_job.py:633} INFO - Processing file /home/airflow/.local/lib/python3.8/site-packages/airflow/example_dags/example_skip_dag.py for tasks to queue
[2022-05-22 21:35:57,731] {logging_mixin.py:104} INFO - [2022-05-22 21:35:57,731] {dagbag.py:496} INFO - Filling up the DagBag from /home/airflow/.local/lib/python3.8/site-packages/airflow/example_dags/example_skip_dag.py
[2022-05-22 21:35:57,744] {scheduler_job.py:643} INFO - DAG(s) dict_keys(['example_skip_dag']) retrieved from /home/airflow/.local/lib/python3.8/site-packages/airflow/example_dags/example_skip_dag.py
[2022-05-22 21:35:57,769] {logging_mixin.py:104} INFO - [2022-05-22 21:35:57,769] {dag.py:1833} INFO - Sync 1 DAGs
[2022-05-22 21:35:57,790] {logging_mixin.py:104} INFO - [2022-05-22 21:35:57,790] {dag.py:2306} INFO - Setting next_dagrun for example_skip_dag to 2022-05-20 00:00:00+00:00
[2022-05-22 21:35:57,838] {scheduler_job.py:190} INFO - Processing /home/airflow/.local/lib/python3.8/site-packages/airflow/example_dags/example_skip_dag.py took 0.115 seconds
[2022-05-22 21:36:37,553] {scheduler_job.py:182} INFO - Started process (PID=65) to work on /home/airflow/.local/lib/python3.8/site-packages/airflow/example_dags/example_skip_dag.py
[2022-05-22 21:36:37,563] {scheduler_job.py:633} INFO - Processing file /home/airflow/.local/lib/python3.8/site-packages/airflow/example_dags/example_skip_dag.py for tasks to queue
[2022-05-22 21:36:37,568] {logging_mixin.py:104} INFO - [2022-05-22 21:36:37,567] {dagbag.py:496} INFO - Filling up the DagBag from /home/airflow/.local/lib/python3.8/site-packages/airflow/example_dags/example_skip_dag.py
[2022-05-22 21:36:37,594] {scheduler_job.py:643} INFO - DAG(s) dict_keys(['example_skip_dag']) retrieved from /home/airflow/.local/lib/python3.8/site-packages/airflow/example_dags/example_skip_dag.py
[2022-05-22 21:36:37,635] {logging_mixin.py:104} INFO - [2022-05-22 21:36:37,635] {dag.py:1833} INFO - Sync 1 DAGs
[2022-05-22 21:36:37,668] {logging_mixin.py:104} INFO - [2022-05-22 21:36:37,667] {dag.py:2306} INFO - Setting next_dagrun for example_skip_dag to 2022-05-20 00:00:00+00:00
[2022-05-22 21:36:37,726] {scheduler_job.py:190} INFO - Processing /home/airflow/.local/lib/python3.8/site-packages/airflow/example_dags/example_skip_dag.py took 0.176 seconds
[2022-05-22 21:37:21,995] {scheduler_job.py:182} INFO - Started process (PID=98) to work on /home/airflow/.local/lib/python3.8/site-packages/airflow/example_dags/example_skip_dag.py
[2022-05-22 21:37:21,999] {scheduler_job.py:633} INFO - Processing file /home/airflow/.local/lib/python3.8/site-packages/airflow/example_dags/example_skip_dag.py for tasks to queue
[2022-05-22 21:37:22,001] {logging_mixin.py:104} INFO - [2022-05-22 21:37:22,000] {dagbag.py:496} INFO - Filling up the DagBag from /home/airflow/.local/lib/python3.8/site-packages/airflow/example_dags/example_skip_dag.py
[2022-05-22 21:37:22,014] {scheduler_job.py:643} INFO - DAG(s) dict_keys(['example_skip_dag']) retrieved from /home/airflow/.local/lib/python3.8/site-packages/airflow/example_dags/example_skip_dag.py
[2022-05-22 21:37:22,037] {logging_mixin.py:104} INFO - [2022-05-22 21:37:22,037] {dag.py:1833} INFO - Sync 1 DAGs
[2022-05-22 21:37:22,067] {logging_mixin.py:104} INFO - [2022-05-22 21:37:22,067] {dag.py:2306} INFO - Setting next_dagrun for example_skip_dag to 2022-05-20 00:00:00+00:00
[2022-05-22 21:37:22,119] {scheduler_job.py:190} INFO - Processing /home/airflow/.local/lib/python3.8/site-packages/airflow/example_dags/example_skip_dag.py took 0.128 seconds
[2022-05-22 21:38:35,334] {scheduler_job.py:182} INFO - Started process (PID=156) to work on /home/airflow/.local/lib/python3.8/site-packages/airflow/example_dags/example_skip_dag.py
[2022-05-22 21:38:35,339] {scheduler_job.py:633} INFO - Processing file /home/airflow/.local/lib/python3.8/site-packages/airflow/example_dags/example_skip_dag.py for tasks to queue
[2022-05-22 21:38:35,341] {logging_mixin.py:104} INFO - [2022-05-22 21:38:35,341] {dagbag.py:496} INFO - Filling up the DagBag from /home/airflow/.local/lib/python3.8/site-packages/airflow/example_dags/example_skip_dag.py
[2022-05-22 21:38:35,357] {scheduler_job.py:643} INFO - DAG(s) dict_keys(['example_skip_dag']) retrieved from /home/airflow/.local/lib/python3.8/site-packages/airflow/example_dags/example_skip_dag.py
[2022-05-22 21:38:35,383] {logging_mixin.py:104} INFO - [2022-05-22 21:38:35,383] {dag.py:1833} INFO - Sync 1 DAGs
[2022-05-22 21:38:35,409] {logging_mixin.py:104} INFO - [2022-05-22 21:38:35,409] {dag.py:2306} INFO - Setting next_dagrun for example_skip_dag to 2022-05-20 00:00:00+00:00
[2022-05-22 21:38:35,454] {scheduler_job.py:190} INFO - Processing /home/airflow/.local/lib/python3.8/site-packages/airflow/example_dags/example_skip_dag.py took 0.125 seconds
[2022-05-22 21:39:17,244] {scheduler_job.py:182} INFO - Started process (PID=189) to work on /home/airflow/.local/lib/python3.8/site-packages/airflow/example_dags/example_skip_dag.py
[2022-05-22 21:39:17,247] {scheduler_job.py:633} INFO - Processing file /home/airflow/.local/lib/python3.8/site-packages/airflow/example_dags/example_skip_dag.py for tasks to queue
[2022-05-22 21:39:17,249] {logging_mixin.py:104} INFO - [2022-05-22 21:39:17,249] {dagbag.py:496} INFO - Filling up the DagBag from /home/airflow/.local/lib/python3.8/site-packages/airflow/example_dags/example_skip_dag.py
[2022-05-22 21:39:17,261] {scheduler_job.py:643} INFO - DAG(s) dict_keys(['example_skip_dag']) retrieved from /home/airflow/.local/lib/python3.8/site-packages/airflow/example_dags/example_skip_dag.py
[2022-05-22 21:39:17,284] {logging_mixin.py:104} INFO - [2022-05-22 21:39:17,284] {dag.py:1833} INFO - Sync 1 DAGs
[2022-05-22 21:39:17,305] {logging_mixin.py:104} INFO - [2022-05-22 21:39:17,305] {dag.py:2306} INFO - Setting next_dagrun for example_skip_dag to 2022-05-20 00:00:00+00:00
[2022-05-22 21:39:17,349] {scheduler_job.py:190} INFO - Processing /home/airflow/.local/lib/python3.8/site-packages/airflow/example_dags/example_skip_dag.py took 0.108 seconds
[2022-05-22 21:39:57,669] {scheduler_job.py:182} INFO - Started process (PID=222) to work on /home/airflow/.local/lib/python3.8/site-packages/airflow/example_dags/example_skip_dag.py
[2022-05-22 21:39:57,672] {scheduler_job.py:633} INFO - Processing file /home/airflow/.local/lib/python3.8/site-packages/airflow/example_dags/example_skip_dag.py for tasks to queue
[2022-05-22 21:39:57,674] {logging_mixin.py:104} INFO - [2022-05-22 21:39:57,674] {dagbag.py:496} INFO - Filling up the DagBag from /home/airflow/.local/lib/python3.8/site-packages/airflow/example_dags/example_skip_dag.py
[2022-05-22 21:39:57,688] {scheduler_job.py:643} INFO - DAG(s) dict_keys(['example_skip_dag']) retrieved from /home/airflow/.local/lib/python3.8/site-packages/airflow/example_dags/example_skip_dag.py
[2022-05-22 21:39:57,721] {logging_mixin.py:104} INFO - [2022-05-22 21:39:57,721] {dag.py:1833} INFO - Sync 1 DAGs
[2022-05-22 21:39:57,743] {logging_mixin.py:104} INFO - [2022-05-22 21:39:57,743] {dag.py:2306} INFO - Setting next_dagrun for example_skip_dag to 2022-05-20 00:00:00+00:00
[2022-05-22 21:39:57,790] {scheduler_job.py:190} INFO - Processing /home/airflow/.local/lib/python3.8/site-packages/airflow/example_dags/example_skip_dag.py took 0.126 seconds
[2022-05-22 21:40:35,337] {scheduler_job.py:182} INFO - Started process (PID=251) to work on /home/airflow/.local/lib/python3.8/site-packages/airflow/example_dags/example_skip_dag.py
[2022-05-22 21:40:35,340] {scheduler_job.py:633} INFO - Processing file /home/airflow/.local/lib/python3.8/site-packages/airflow/example_dags/example_skip_dag.py for tasks to queue
[2022-05-22 21:40:35,341] {logging_mixin.py:104} INFO - [2022-05-22 21:40:35,341] {dagbag.py:496} INFO - Filling up the DagBag from /home/airflow/.local/lib/python3.8/site-packages/airflow/example_dags/example_skip_dag.py
[2022-05-22 21:40:35,354] {scheduler_job.py:643} INFO - DAG(s) dict_keys(['example_skip_dag']) retrieved from /home/airflow/.local/lib/python3.8/site-packages/airflow/example_dags/example_skip_dag.py
[2022-05-22 21:40:35,383] {logging_mixin.py:104} INFO - [2022-05-22 21:40:35,383] {dag.py:1833} INFO - Sync 1 DAGs
[2022-05-22 21:40:35,409] {logging_mixin.py:104} INFO - [2022-05-22 21:40:35,409] {dag.py:2306} INFO - Setting next_dagrun for example_skip_dag to 2022-05-20 00:00:00+00:00
[2022-05-22 21:40:35,457] {scheduler_job.py:190} INFO - Processing /home/airflow/.local/lib/python3.8/site-packages/airflow/example_dags/example_skip_dag.py took 0.124 seconds
[2022-05-22 21:45:59,021] {scheduler_job.py:182} INFO - Started process (PID=33) to work on /home/airflow/.local/lib/python3.8/site-packages/airflow/example_dags/example_skip_dag.py
[2022-05-22 21:45:59,025] {scheduler_job.py:633} INFO - Processing file /home/airflow/.local/lib/python3.8/site-packages/airflow/example_dags/example_skip_dag.py for tasks to queue
[2022-05-22 21:45:59,027] {logging_mixin.py:104} INFO - [2022-05-22 21:45:59,027] {dagbag.py:496} INFO - Filling up the DagBag from /home/airflow/.local/lib/python3.8/site-packages/airflow/example_dags/example_skip_dag.py
[2022-05-22 21:45:59,040] {scheduler_job.py:643} INFO - DAG(s) dict_keys(['example_skip_dag']) retrieved from /home/airflow/.local/lib/python3.8/site-packages/airflow/example_dags/example_skip_dag.py
[2022-05-22 21:45:59,064] {logging_mixin.py:104} INFO - [2022-05-22 21:45:59,064] {dag.py:1833} INFO - Sync 1 DAGs
[2022-05-22 21:45:59,083] {logging_mixin.py:104} INFO - [2022-05-22 21:45:59,083] {dag.py:2306} INFO - Setting next_dagrun for example_skip_dag to 2022-05-20 00:00:00+00:00
[2022-05-22 21:45:59,130] {scheduler_job.py:190} INFO - Processing /home/airflow/.local/lib/python3.8/site-packages/airflow/example_dags/example_skip_dag.py took 0.111 seconds
[2022-05-22 21:46:39,545] {scheduler_job.py:182} INFO - Started process (PID=66) to work on /home/airflow/.local/lib/python3.8/site-packages/airflow/example_dags/example_skip_dag.py
[2022-05-22 21:46:39,549] {scheduler_job.py:633} INFO - Processing file /home/airflow/.local/lib/python3.8/site-packages/airflow/example_dags/example_skip_dag.py for tasks to queue
[2022-05-22 21:46:39,550] {logging_mixin.py:104} INFO - [2022-05-22 21:46:39,550] {dagbag.py:496} INFO - Filling up the DagBag from /home/airflow/.local/lib/python3.8/site-packages/airflow/example_dags/example_skip_dag.py
[2022-05-22 21:46:39,563] {scheduler_job.py:643} INFO - DAG(s) dict_keys(['example_skip_dag']) retrieved from /home/airflow/.local/lib/python3.8/site-packages/airflow/example_dags/example_skip_dag.py
[2022-05-22 21:46:39,595] {logging_mixin.py:104} INFO - [2022-05-22 21:46:39,595] {dag.py:1833} INFO - Sync 1 DAGs
[2022-05-22 21:46:39,617] {logging_mixin.py:104} INFO - [2022-05-22 21:46:39,616] {dag.py:2306} INFO - Setting next_dagrun for example_skip_dag to 2022-05-20 00:00:00+00:00
[2022-05-22 21:46:39,666] {scheduler_job.py:190} INFO - Processing /home/airflow/.local/lib/python3.8/site-packages/airflow/example_dags/example_skip_dag.py took 0.124 seconds
[2022-05-22 21:47:24,197] {scheduler_job.py:182} INFO - Started process (PID=99) to work on /home/airflow/.local/lib/python3.8/site-packages/airflow/example_dags/example_skip_dag.py
[2022-05-22 21:47:24,202] {scheduler_job.py:633} INFO - Processing file /home/airflow/.local/lib/python3.8/site-packages/airflow/example_dags/example_skip_dag.py for tasks to queue
[2022-05-22 21:47:24,210] {logging_mixin.py:104} INFO - [2022-05-22 21:47:24,209] {dagbag.py:496} INFO - Filling up the DagBag from /home/airflow/.local/lib/python3.8/site-packages/airflow/example_dags/example_skip_dag.py
[2022-05-22 21:47:24,249] {scheduler_job.py:643} INFO - DAG(s) dict_keys(['example_skip_dag']) retrieved from /home/airflow/.local/lib/python3.8/site-packages/airflow/example_dags/example_skip_dag.py
[2022-05-22 21:47:24,300] {logging_mixin.py:104} INFO - [2022-05-22 21:47:24,300] {dag.py:1833} INFO - Sync 1 DAGs
[2022-05-22 21:47:24,352] {logging_mixin.py:104} INFO - [2022-05-22 21:47:24,351] {dag.py:2306} INFO - Setting next_dagrun for example_skip_dag to 2022-05-20 00:00:00+00:00
[2022-05-22 21:47:24,431] {scheduler_job.py:190} INFO - Processing /home/airflow/.local/lib/python3.8/site-packages/airflow/example_dags/example_skip_dag.py took 0.246 seconds
[2022-05-22 21:48:03,750] {scheduler_job.py:182} INFO - Started process (PID=130) to work on /home/airflow/.local/lib/python3.8/site-packages/airflow/example_dags/example_skip_dag.py
[2022-05-22 21:48:03,754] {scheduler_job.py:633} INFO - Processing file /home/airflow/.local/lib/python3.8/site-packages/airflow/example_dags/example_skip_dag.py for tasks to queue
[2022-05-22 21:48:03,755] {logging_mixin.py:104} INFO - [2022-05-22 21:48:03,755] {dagbag.py:496} INFO - Filling up the DagBag from /home/airflow/.local/lib/python3.8/site-packages/airflow/example_dags/example_skip_dag.py
[2022-05-22 21:48:03,769] {scheduler_job.py:643} INFO - DAG(s) dict_keys(['example_skip_dag']) retrieved from /home/airflow/.local/lib/python3.8/site-packages/airflow/example_dags/example_skip_dag.py
[2022-05-22 21:48:03,793] {logging_mixin.py:104} INFO - [2022-05-22 21:48:03,793] {dag.py:1833} INFO - Sync 1 DAGs
[2022-05-22 21:48:03,814] {logging_mixin.py:104} INFO - [2022-05-22 21:48:03,814] {dag.py:2306} INFO - Setting next_dagrun for example_skip_dag to 2022-05-20 00:00:00+00:00
[2022-05-22 21:48:03,858] {scheduler_job.py:190} INFO - Processing /home/airflow/.local/lib/python3.8/site-packages/airflow/example_dags/example_skip_dag.py took 0.111 seconds
[2022-05-22 21:48:41,939] {scheduler_job.py:182} INFO - Started process (PID=160) to work on /home/airflow/.local/lib/python3.8/site-packages/airflow/example_dags/example_skip_dag.py
[2022-05-22 21:48:41,943] {scheduler_job.py:633} INFO - Processing file /home/airflow/.local/lib/python3.8/site-packages/airflow/example_dags/example_skip_dag.py for tasks to queue
[2022-05-22 21:48:41,945] {logging_mixin.py:104} INFO - [2022-05-22 21:48:41,945] {dagbag.py:496} INFO - Filling up the DagBag from /home/airflow/.local/lib/python3.8/site-packages/airflow/example_dags/example_skip_dag.py
[2022-05-22 21:48:41,961] {scheduler_job.py:643} INFO - DAG(s) dict_keys(['example_skip_dag']) retrieved from /home/airflow/.local/lib/python3.8/site-packages/airflow/example_dags/example_skip_dag.py
[2022-05-22 21:48:41,996] {logging_mixin.py:104} INFO - [2022-05-22 21:48:41,996] {dag.py:1833} INFO - Sync 1 DAGs
[2022-05-22 21:48:42,059] {logging_mixin.py:104} INFO - [2022-05-22 21:48:42,059] {dag.py:2306} INFO - Setting next_dagrun for example_skip_dag to 2022-05-20 00:00:00+00:00
[2022-05-22 21:48:42,187] {scheduler_job.py:190} INFO - Processing /home/airflow/.local/lib/python3.8/site-packages/airflow/example_dags/example_skip_dag.py took 0.251 seconds
[2022-05-22 21:49:24,014] {scheduler_job.py:182} INFO - Started process (PID=193) to work on /home/airflow/.local/lib/python3.8/site-packages/airflow/example_dags/example_skip_dag.py
[2022-05-22 21:49:24,019] {scheduler_job.py:633} INFO - Processing file /home/airflow/.local/lib/python3.8/site-packages/airflow/example_dags/example_skip_dag.py for tasks to queue
[2022-05-22 21:49:24,022] {logging_mixin.py:104} INFO - [2022-05-22 21:49:24,021] {dagbag.py:496} INFO - Filling up the DagBag from /home/airflow/.local/lib/python3.8/site-packages/airflow/example_dags/example_skip_dag.py
[2022-05-22 21:49:24,043] {scheduler_job.py:643} INFO - DAG(s) dict_keys(['example_skip_dag']) retrieved from /home/airflow/.local/lib/python3.8/site-packages/airflow/example_dags/example_skip_dag.py
[2022-05-22 21:49:24,077] {logging_mixin.py:104} INFO - [2022-05-22 21:49:24,077] {dag.py:1833} INFO - Sync 1 DAGs
[2022-05-22 21:49:24,106] {logging_mixin.py:104} INFO - [2022-05-22 21:49:24,106] {dag.py:2306} INFO - Setting next_dagrun for example_skip_dag to 2022-05-20 00:00:00+00:00
[2022-05-22 21:49:24,212] {scheduler_job.py:190} INFO - Processing /home/airflow/.local/lib/python3.8/site-packages/airflow/example_dags/example_skip_dag.py took 0.204 seconds
[2022-05-22 21:50:02,683] {scheduler_job.py:182} INFO - Started process (PID=223) to work on /home/airflow/.local/lib/python3.8/site-packages/airflow/example_dags/example_skip_dag.py
[2022-05-22 21:50:02,687] {scheduler_job.py:633} INFO - Processing file /home/airflow/.local/lib/python3.8/site-packages/airflow/example_dags/example_skip_dag.py for tasks to queue
[2022-05-22 21:50:02,689] {logging_mixin.py:104} INFO - [2022-05-22 21:50:02,689] {dagbag.py:496} INFO - Filling up the DagBag from /home/airflow/.local/lib/python3.8/site-packages/airflow/example_dags/example_skip_dag.py
[2022-05-22 21:50:02,712] {scheduler_job.py:643} INFO - DAG(s) dict_keys(['example_skip_dag']) retrieved from /home/airflow/.local/lib/python3.8/site-packages/airflow/example_dags/example_skip_dag.py
[2022-05-22 21:50:02,745] {logging_mixin.py:104} INFO - [2022-05-22 21:50:02,745] {dag.py:1833} INFO - Sync 1 DAGs
[2022-05-22 21:50:02,765] {logging_mixin.py:104} INFO - [2022-05-22 21:50:02,765] {dag.py:2306} INFO - Setting next_dagrun for example_skip_dag to 2022-05-20 00:00:00+00:00
[2022-05-22 21:50:02,812] {scheduler_job.py:190} INFO - Processing /home/airflow/.local/lib/python3.8/site-packages/airflow/example_dags/example_skip_dag.py took 0.132 seconds
[2022-05-22 21:59:09,559] {scheduler_job.py:182} INFO - Started process (PID=35) to work on /home/airflow/.local/lib/python3.8/site-packages/airflow/example_dags/example_skip_dag.py
[2022-05-22 21:59:09,562] {scheduler_job.py:633} INFO - Processing file /home/airflow/.local/lib/python3.8/site-packages/airflow/example_dags/example_skip_dag.py for tasks to queue
[2022-05-22 21:59:09,564] {logging_mixin.py:104} INFO - [2022-05-22 21:59:09,564] {dagbag.py:496} INFO - Filling up the DagBag from /home/airflow/.local/lib/python3.8/site-packages/airflow/example_dags/example_skip_dag.py
[2022-05-22 21:59:09,577] {scheduler_job.py:643} INFO - DAG(s) dict_keys(['example_skip_dag']) retrieved from /home/airflow/.local/lib/python3.8/site-packages/airflow/example_dags/example_skip_dag.py
[2022-05-22 21:59:09,605] {logging_mixin.py:104} INFO - [2022-05-22 21:59:09,605] {dag.py:1833} INFO - Sync 1 DAGs
[2022-05-22 21:59:09,624] {logging_mixin.py:104} INFO - [2022-05-22 21:59:09,624] {dag.py:2306} INFO - Setting next_dagrun for example_skip_dag to 2022-05-20 00:00:00+00:00
[2022-05-22 21:59:09,674] {scheduler_job.py:190} INFO - Processing /home/airflow/.local/lib/python3.8/site-packages/airflow/example_dags/example_skip_dag.py took 0.118 seconds
[2022-05-22 22:02:19,879] {scheduler_job.py:182} INFO - Started process (PID=34) to work on /home/airflow/.local/lib/python3.8/site-packages/airflow/example_dags/example_skip_dag.py
[2022-05-22 22:02:19,883] {scheduler_job.py:633} INFO - Processing file /home/airflow/.local/lib/python3.8/site-packages/airflow/example_dags/example_skip_dag.py for tasks to queue
[2022-05-22 22:02:19,885] {logging_mixin.py:104} INFO - [2022-05-22 22:02:19,885] {dagbag.py:496} INFO - Filling up the DagBag from /home/airflow/.local/lib/python3.8/site-packages/airflow/example_dags/example_skip_dag.py
[2022-05-22 22:02:19,900] {scheduler_job.py:643} INFO - DAG(s) dict_keys(['example_skip_dag']) retrieved from /home/airflow/.local/lib/python3.8/site-packages/airflow/example_dags/example_skip_dag.py
[2022-05-22 22:02:19,932] {logging_mixin.py:104} INFO - [2022-05-22 22:02:19,931] {dag.py:1833} INFO - Sync 1 DAGs
[2022-05-22 22:02:19,955] {logging_mixin.py:104} INFO - [2022-05-22 22:02:19,954] {dag.py:2306} INFO - Setting next_dagrun for example_skip_dag to 2022-05-20 00:00:00+00:00
[2022-05-22 22:02:20,004] {scheduler_job.py:190} INFO - Processing /home/airflow/.local/lib/python3.8/site-packages/airflow/example_dags/example_skip_dag.py took 0.130 seconds
[2022-05-22 22:03:07,706] {scheduler_job.py:182} INFO - Started process (PID=71) to work on /home/airflow/.local/lib/python3.8/site-packages/airflow/example_dags/example_skip_dag.py
[2022-05-22 22:03:07,712] {scheduler_job.py:633} INFO - Processing file /home/airflow/.local/lib/python3.8/site-packages/airflow/example_dags/example_skip_dag.py for tasks to queue
[2022-05-22 22:03:07,715] {logging_mixin.py:104} INFO - [2022-05-22 22:03:07,715] {dagbag.py:496} INFO - Filling up the DagBag from /home/airflow/.local/lib/python3.8/site-packages/airflow/example_dags/example_skip_dag.py
[2022-05-22 22:03:07,738] {scheduler_job.py:643} INFO - DAG(s) dict_keys(['example_skip_dag']) retrieved from /home/airflow/.local/lib/python3.8/site-packages/airflow/example_dags/example_skip_dag.py
[2022-05-22 22:03:07,788] {logging_mixin.py:104} INFO - [2022-05-22 22:03:07,787] {dag.py:1833} INFO - Sync 1 DAGs
[2022-05-22 22:03:07,822] {logging_mixin.py:104} INFO - [2022-05-22 22:03:07,821] {dag.py:2306} INFO - Setting next_dagrun for example_skip_dag to 2022-05-20 00:00:00+00:00
[2022-05-22 22:03:07,882] {scheduler_job.py:190} INFO - Processing /home/airflow/.local/lib/python3.8/site-packages/airflow/example_dags/example_skip_dag.py took 0.185 seconds
[2022-05-22 22:03:52,707] {scheduler_job.py:182} INFO - Started process (PID=104) to work on /home/airflow/.local/lib/python3.8/site-packages/airflow/example_dags/example_skip_dag.py
[2022-05-22 22:03:52,712] {scheduler_job.py:633} INFO - Processing file /home/airflow/.local/lib/python3.8/site-packages/airflow/example_dags/example_skip_dag.py for tasks to queue
[2022-05-22 22:03:52,714] {logging_mixin.py:104} INFO - [2022-05-22 22:03:52,714] {dagbag.py:496} INFO - Filling up the DagBag from /home/airflow/.local/lib/python3.8/site-packages/airflow/example_dags/example_skip_dag.py
[2022-05-22 22:03:52,728] {scheduler_job.py:643} INFO - DAG(s) dict_keys(['example_skip_dag']) retrieved from /home/airflow/.local/lib/python3.8/site-packages/airflow/example_dags/example_skip_dag.py
[2022-05-22 22:03:52,755] {logging_mixin.py:104} INFO - [2022-05-22 22:03:52,755] {dag.py:1833} INFO - Sync 1 DAGs
[2022-05-22 22:03:52,781] {logging_mixin.py:104} INFO - [2022-05-22 22:03:52,781] {dag.py:2306} INFO - Setting next_dagrun for example_skip_dag to 2022-05-20 00:00:00+00:00
[2022-05-22 22:03:52,868] {scheduler_job.py:190} INFO - Processing /home/airflow/.local/lib/python3.8/site-packages/airflow/example_dags/example_skip_dag.py took 0.166 seconds
[2022-05-22 22:04:58,140] {scheduler_job.py:182} INFO - Started process (PID=157) to work on /home/airflow/.local/lib/python3.8/site-packages/airflow/example_dags/example_skip_dag.py
[2022-05-22 22:04:58,143] {scheduler_job.py:633} INFO - Processing file /home/airflow/.local/lib/python3.8/site-packages/airflow/example_dags/example_skip_dag.py for tasks to queue
[2022-05-22 22:04:58,145] {logging_mixin.py:104} INFO - [2022-05-22 22:04:58,145] {dagbag.py:496} INFO - Filling up the DagBag from /home/airflow/.local/lib/python3.8/site-packages/airflow/example_dags/example_skip_dag.py
[2022-05-22 22:04:58,157] {scheduler_job.py:643} INFO - DAG(s) dict_keys(['example_skip_dag']) retrieved from /home/airflow/.local/lib/python3.8/site-packages/airflow/example_dags/example_skip_dag.py
[2022-05-22 22:04:58,182] {logging_mixin.py:104} INFO - [2022-05-22 22:04:58,182] {dag.py:1833} INFO - Sync 1 DAGs
[2022-05-22 22:04:58,205] {logging_mixin.py:104} INFO - [2022-05-22 22:04:58,205] {dag.py:2306} INFO - Setting next_dagrun for example_skip_dag to 2022-05-20 00:00:00+00:00
[2022-05-22 22:04:58,248] {scheduler_job.py:190} INFO - Processing /home/airflow/.local/lib/python3.8/site-packages/airflow/example_dags/example_skip_dag.py took 0.111 seconds
[2022-05-22 22:05:41,110] {scheduler_job.py:182} INFO - Started process (PID=190) to work on /home/airflow/.local/lib/python3.8/site-packages/airflow/example_dags/example_skip_dag.py
[2022-05-22 22:05:41,118] {scheduler_job.py:633} INFO - Processing file /home/airflow/.local/lib/python3.8/site-packages/airflow/example_dags/example_skip_dag.py for tasks to queue
[2022-05-22 22:05:41,121] {logging_mixin.py:104} INFO - [2022-05-22 22:05:41,121] {dagbag.py:496} INFO - Filling up the DagBag from /home/airflow/.local/lib/python3.8/site-packages/airflow/example_dags/example_skip_dag.py
[2022-05-22 22:05:41,152] {scheduler_job.py:643} INFO - DAG(s) dict_keys(['example_skip_dag']) retrieved from /home/airflow/.local/lib/python3.8/site-packages/airflow/example_dags/example_skip_dag.py
[2022-05-22 22:05:41,186] {logging_mixin.py:104} INFO - [2022-05-22 22:05:41,186] {dag.py:1833} INFO - Sync 1 DAGs
[2022-05-22 22:05:41,208] {logging_mixin.py:104} INFO - [2022-05-22 22:05:41,208] {dag.py:2306} INFO - Setting next_dagrun for example_skip_dag to 2022-05-20 00:00:00+00:00
[2022-05-22 22:05:41,254] {scheduler_job.py:190} INFO - Processing /home/airflow/.local/lib/python3.8/site-packages/airflow/example_dags/example_skip_dag.py took 0.149 seconds
[2022-05-22 22:06:24,891] {scheduler_job.py:182} INFO - Started process (PID=225) to work on /home/airflow/.local/lib/python3.8/site-packages/airflow/example_dags/example_skip_dag.py
[2022-05-22 22:06:24,894] {scheduler_job.py:633} INFO - Processing file /home/airflow/.local/lib/python3.8/site-packages/airflow/example_dags/example_skip_dag.py for tasks to queue
[2022-05-22 22:06:24,895] {logging_mixin.py:104} INFO - [2022-05-22 22:06:24,895] {dagbag.py:496} INFO - Filling up the DagBag from /home/airflow/.local/lib/python3.8/site-packages/airflow/example_dags/example_skip_dag.py
[2022-05-22 22:06:24,908] {scheduler_job.py:643} INFO - DAG(s) dict_keys(['example_skip_dag']) retrieved from /home/airflow/.local/lib/python3.8/site-packages/airflow/example_dags/example_skip_dag.py
[2022-05-22 22:06:24,941] {logging_mixin.py:104} INFO - [2022-05-22 22:06:24,941] {dag.py:1833} INFO - Sync 1 DAGs
[2022-05-22 22:06:24,960] {logging_mixin.py:104} INFO - [2022-05-22 22:06:24,960] {dag.py:2306} INFO - Setting next_dagrun for example_skip_dag to 2022-05-20 00:00:00+00:00
[2022-05-22 22:06:25,009] {scheduler_job.py:190} INFO - Processing /home/airflow/.local/lib/python3.8/site-packages/airflow/example_dags/example_skip_dag.py took 0.122 seconds
[2022-05-22 22:07:09,878] {scheduler_job.py:182} INFO - Started process (PID=256) to work on /home/airflow/.local/lib/python3.8/site-packages/airflow/example_dags/example_skip_dag.py
[2022-05-22 22:07:09,883] {scheduler_job.py:633} INFO - Processing file /home/airflow/.local/lib/python3.8/site-packages/airflow/example_dags/example_skip_dag.py for tasks to queue
[2022-05-22 22:07:09,886] {logging_mixin.py:104} INFO - [2022-05-22 22:07:09,886] {dagbag.py:496} INFO - Filling up the DagBag from /home/airflow/.local/lib/python3.8/site-packages/airflow/example_dags/example_skip_dag.py
[2022-05-22 22:07:09,906] {scheduler_job.py:643} INFO - DAG(s) dict_keys(['example_skip_dag']) retrieved from /home/airflow/.local/lib/python3.8/site-packages/airflow/example_dags/example_skip_dag.py
[2022-05-22 22:07:09,986] {logging_mixin.py:104} INFO - [2022-05-22 22:07:09,986] {dag.py:1833} INFO - Sync 1 DAGs
[2022-05-22 22:07:10,040] {logging_mixin.py:104} INFO - [2022-05-22 22:07:10,038] {dag.py:2306} INFO - Setting next_dagrun for example_skip_dag to 2022-05-20 00:00:00+00:00
[2022-05-22 22:07:10,177] {scheduler_job.py:190} INFO - Processing /home/airflow/.local/lib/python3.8/site-packages/airflow/example_dags/example_skip_dag.py took 0.304 seconds
[2022-05-22 22:07:50,811] {scheduler_job.py:182} INFO - Started process (PID=284) to work on /home/airflow/.local/lib/python3.8/site-packages/airflow/example_dags/example_skip_dag.py
[2022-05-22 22:07:50,814] {scheduler_job.py:633} INFO - Processing file /home/airflow/.local/lib/python3.8/site-packages/airflow/example_dags/example_skip_dag.py for tasks to queue
[2022-05-22 22:07:50,816] {logging_mixin.py:104} INFO - [2022-05-22 22:07:50,816] {dagbag.py:496} INFO - Filling up the DagBag from /home/airflow/.local/lib/python3.8/site-packages/airflow/example_dags/example_skip_dag.py
[2022-05-22 22:07:50,831] {scheduler_job.py:643} INFO - DAG(s) dict_keys(['example_skip_dag']) retrieved from /home/airflow/.local/lib/python3.8/site-packages/airflow/example_dags/example_skip_dag.py
[2022-05-22 22:07:50,861] {logging_mixin.py:104} INFO - [2022-05-22 22:07:50,861] {dag.py:1833} INFO - Sync 1 DAGs
[2022-05-22 22:07:50,889] {logging_mixin.py:104} INFO - [2022-05-22 22:07:50,889] {dag.py:2306} INFO - Setting next_dagrun for example_skip_dag to 2022-05-20 00:00:00+00:00
[2022-05-22 22:07:50,943] {scheduler_job.py:190} INFO - Processing /home/airflow/.local/lib/python3.8/site-packages/airflow/example_dags/example_skip_dag.py took 0.136 seconds
[2022-05-22 22:08:37,840] {scheduler_job.py:182} INFO - Started process (PID=319) to work on /home/airflow/.local/lib/python3.8/site-packages/airflow/example_dags/example_skip_dag.py
[2022-05-22 22:08:37,845] {scheduler_job.py:633} INFO - Processing file /home/airflow/.local/lib/python3.8/site-packages/airflow/example_dags/example_skip_dag.py for tasks to queue
[2022-05-22 22:08:37,847] {logging_mixin.py:104} INFO - [2022-05-22 22:08:37,846] {dagbag.py:496} INFO - Filling up the DagBag from /home/airflow/.local/lib/python3.8/site-packages/airflow/example_dags/example_skip_dag.py
[2022-05-22 22:08:37,868] {scheduler_job.py:643} INFO - DAG(s) dict_keys(['example_skip_dag']) retrieved from /home/airflow/.local/lib/python3.8/site-packages/airflow/example_dags/example_skip_dag.py
[2022-05-22 22:08:37,909] {logging_mixin.py:104} INFO - [2022-05-22 22:08:37,909] {dag.py:1833} INFO - Sync 1 DAGs
[2022-05-22 22:08:37,935] {logging_mixin.py:104} INFO - [2022-05-22 22:08:37,934] {dag.py:2306} INFO - Setting next_dagrun for example_skip_dag to 2022-05-20 00:00:00+00:00
[2022-05-22 22:08:37,989] {scheduler_job.py:190} INFO - Processing /home/airflow/.local/lib/python3.8/site-packages/airflow/example_dags/example_skip_dag.py took 0.155 seconds
[2022-05-22 22:09:14,521] {scheduler_job.py:182} INFO - Started process (PID=349) to work on /home/airflow/.local/lib/python3.8/site-packages/airflow/example_dags/example_skip_dag.py
[2022-05-22 22:09:14,524] {scheduler_job.py:633} INFO - Processing file /home/airflow/.local/lib/python3.8/site-packages/airflow/example_dags/example_skip_dag.py for tasks to queue
[2022-05-22 22:09:14,526] {logging_mixin.py:104} INFO - [2022-05-22 22:09:14,526] {dagbag.py:496} INFO - Filling up the DagBag from /home/airflow/.local/lib/python3.8/site-packages/airflow/example_dags/example_skip_dag.py
[2022-05-22 22:09:14,545] {scheduler_job.py:643} INFO - DAG(s) dict_keys(['example_skip_dag']) retrieved from /home/airflow/.local/lib/python3.8/site-packages/airflow/example_dags/example_skip_dag.py
[2022-05-22 22:09:14,574] {logging_mixin.py:104} INFO - [2022-05-22 22:09:14,574] {dag.py:1833} INFO - Sync 1 DAGs
[2022-05-22 22:09:14,597] {logging_mixin.py:104} INFO - [2022-05-22 22:09:14,597] {dag.py:2306} INFO - Setting next_dagrun for example_skip_dag to 2022-05-20 00:00:00+00:00
[2022-05-22 22:09:14,659] {scheduler_job.py:190} INFO - Processing /home/airflow/.local/lib/python3.8/site-packages/airflow/example_dags/example_skip_dag.py took 0.141 seconds
[2022-05-22 22:09:50,845] {scheduler_job.py:182} INFO - Started process (PID=377) to work on /home/airflow/.local/lib/python3.8/site-packages/airflow/example_dags/example_skip_dag.py
[2022-05-22 22:09:50,849] {scheduler_job.py:633} INFO - Processing file /home/airflow/.local/lib/python3.8/site-packages/airflow/example_dags/example_skip_dag.py for tasks to queue
[2022-05-22 22:09:50,850] {logging_mixin.py:104} INFO - [2022-05-22 22:09:50,850] {dagbag.py:496} INFO - Filling up the DagBag from /home/airflow/.local/lib/python3.8/site-packages/airflow/example_dags/example_skip_dag.py
[2022-05-22 22:09:50,865] {scheduler_job.py:643} INFO - DAG(s) dict_keys(['example_skip_dag']) retrieved from /home/airflow/.local/lib/python3.8/site-packages/airflow/example_dags/example_skip_dag.py
[2022-05-22 22:09:50,893] {logging_mixin.py:104} INFO - [2022-05-22 22:09:50,893] {dag.py:1833} INFO - Sync 1 DAGs
[2022-05-22 22:09:50,929] {logging_mixin.py:104} INFO - [2022-05-22 22:09:50,929] {dag.py:2306} INFO - Setting next_dagrun for example_skip_dag to 2022-05-20 00:00:00+00:00
[2022-05-22 22:09:50,974] {scheduler_job.py:190} INFO - Processing /home/airflow/.local/lib/python3.8/site-packages/airflow/example_dags/example_skip_dag.py took 0.132 seconds
[2022-05-22 22:12:53,576] {scheduler_job.py:182} INFO - Started process (PID=32) to work on /home/airflow/.local/lib/python3.8/site-packages/airflow/example_dags/example_skip_dag.py
[2022-05-22 22:12:53,580] {scheduler_job.py:633} INFO - Processing file /home/airflow/.local/lib/python3.8/site-packages/airflow/example_dags/example_skip_dag.py for tasks to queue
[2022-05-22 22:12:53,582] {logging_mixin.py:104} INFO - [2022-05-22 22:12:53,582] {dagbag.py:496} INFO - Filling up the DagBag from /home/airflow/.local/lib/python3.8/site-packages/airflow/example_dags/example_skip_dag.py
[2022-05-22 22:12:53,597] {scheduler_job.py:643} INFO - DAG(s) dict_keys(['example_skip_dag']) retrieved from /home/airflow/.local/lib/python3.8/site-packages/airflow/example_dags/example_skip_dag.py
[2022-05-22 22:12:53,623] {logging_mixin.py:104} INFO - [2022-05-22 22:12:53,623] {dag.py:1833} INFO - Sync 1 DAGs
[2022-05-22 22:12:53,642] {logging_mixin.py:104} INFO - [2022-05-22 22:12:53,642] {dag.py:2306} INFO - Setting next_dagrun for example_skip_dag to 2022-05-20 00:00:00+00:00
[2022-05-22 22:12:53,690] {scheduler_job.py:190} INFO - Processing /home/airflow/.local/lib/python3.8/site-packages/airflow/example_dags/example_skip_dag.py took 0.117 seconds
[2022-05-22 22:14:04,072] {scheduler_job.py:182} INFO - Started process (PID=85) to work on /home/airflow/.local/lib/python3.8/site-packages/airflow/example_dags/example_skip_dag.py
[2022-05-22 22:14:04,079] {scheduler_job.py:633} INFO - Processing file /home/airflow/.local/lib/python3.8/site-packages/airflow/example_dags/example_skip_dag.py for tasks to queue
[2022-05-22 22:14:04,081] {logging_mixin.py:104} INFO - [2022-05-22 22:14:04,081] {dagbag.py:496} INFO - Filling up the DagBag from /home/airflow/.local/lib/python3.8/site-packages/airflow/example_dags/example_skip_dag.py
[2022-05-22 22:14:04,097] {scheduler_job.py:643} INFO - DAG(s) dict_keys(['example_skip_dag']) retrieved from /home/airflow/.local/lib/python3.8/site-packages/airflow/example_dags/example_skip_dag.py
[2022-05-22 22:14:04,143] {logging_mixin.py:104} INFO - [2022-05-22 22:14:04,142] {dag.py:1833} INFO - Sync 1 DAGs
[2022-05-22 22:14:04,199] {logging_mixin.py:104} INFO - [2022-05-22 22:14:04,198] {dag.py:2306} INFO - Setting next_dagrun for example_skip_dag to 2022-05-20 00:00:00+00:00
[2022-05-22 22:14:04,368] {scheduler_job.py:190} INFO - Processing /home/airflow/.local/lib/python3.8/site-packages/airflow/example_dags/example_skip_dag.py took 0.309 seconds
[2022-05-22 22:14:45,935] {scheduler_job.py:182} INFO - Started process (PID=118) to work on /home/airflow/.local/lib/python3.8/site-packages/airflow/example_dags/example_skip_dag.py
[2022-05-22 22:14:45,939] {scheduler_job.py:633} INFO - Processing file /home/airflow/.local/lib/python3.8/site-packages/airflow/example_dags/example_skip_dag.py for tasks to queue
[2022-05-22 22:14:45,941] {logging_mixin.py:104} INFO - [2022-05-22 22:14:45,941] {dagbag.py:496} INFO - Filling up the DagBag from /home/airflow/.local/lib/python3.8/site-packages/airflow/example_dags/example_skip_dag.py
[2022-05-22 22:14:45,955] {scheduler_job.py:643} INFO - DAG(s) dict_keys(['example_skip_dag']) retrieved from /home/airflow/.local/lib/python3.8/site-packages/airflow/example_dags/example_skip_dag.py
[2022-05-22 22:14:45,981] {logging_mixin.py:104} INFO - [2022-05-22 22:14:45,981] {dag.py:1833} INFO - Sync 1 DAGs
[2022-05-22 22:14:46,002] {logging_mixin.py:104} INFO - [2022-05-22 22:14:46,002] {dag.py:2306} INFO - Setting next_dagrun for example_skip_dag to 2022-05-20 00:00:00+00:00
[2022-05-22 22:14:46,052] {scheduler_job.py:190} INFO - Processing /home/airflow/.local/lib/python3.8/site-packages/airflow/example_dags/example_skip_dag.py took 0.122 seconds
[2022-05-22 22:15:27,810] {scheduler_job.py:182} INFO - Started process (PID=151) to work on /home/airflow/.local/lib/python3.8/site-packages/airflow/example_dags/example_skip_dag.py
[2022-05-22 22:15:27,814] {scheduler_job.py:633} INFO - Processing file /home/airflow/.local/lib/python3.8/site-packages/airflow/example_dags/example_skip_dag.py for tasks to queue
[2022-05-22 22:15:27,815] {logging_mixin.py:104} INFO - [2022-05-22 22:15:27,815] {dagbag.py:496} INFO - Filling up the DagBag from /home/airflow/.local/lib/python3.8/site-packages/airflow/example_dags/example_skip_dag.py
[2022-05-22 22:15:27,828] {scheduler_job.py:643} INFO - DAG(s) dict_keys(['example_skip_dag']) retrieved from /home/airflow/.local/lib/python3.8/site-packages/airflow/example_dags/example_skip_dag.py
[2022-05-22 22:15:27,854] {logging_mixin.py:104} INFO - [2022-05-22 22:15:27,854] {dag.py:1833} INFO - Sync 1 DAGs
[2022-05-22 22:15:27,877] {logging_mixin.py:104} INFO - [2022-05-22 22:15:27,877] {dag.py:2306} INFO - Setting next_dagrun for example_skip_dag to 2022-05-20 00:00:00+00:00
[2022-05-22 22:15:27,922] {scheduler_job.py:190} INFO - Processing /home/airflow/.local/lib/python3.8/site-packages/airflow/example_dags/example_skip_dag.py took 0.115 seconds
[2022-05-22 22:16:07,652] {scheduler_job.py:182} INFO - Started process (PID=183) to work on /home/airflow/.local/lib/python3.8/site-packages/airflow/example_dags/example_skip_dag.py
[2022-05-22 22:16:07,658] {scheduler_job.py:633} INFO - Processing file /home/airflow/.local/lib/python3.8/site-packages/airflow/example_dags/example_skip_dag.py for tasks to queue
[2022-05-22 22:16:07,662] {logging_mixin.py:104} INFO - [2022-05-22 22:16:07,662] {dagbag.py:496} INFO - Filling up the DagBag from /home/airflow/.local/lib/python3.8/site-packages/airflow/example_dags/example_skip_dag.py
[2022-05-22 22:16:07,683] {scheduler_job.py:643} INFO - DAG(s) dict_keys(['example_skip_dag']) retrieved from /home/airflow/.local/lib/python3.8/site-packages/airflow/example_dags/example_skip_dag.py
[2022-05-22 22:16:07,716] {logging_mixin.py:104} INFO - [2022-05-22 22:16:07,716] {dag.py:1833} INFO - Sync 1 DAGs
[2022-05-22 22:16:07,742] {logging_mixin.py:104} INFO - [2022-05-22 22:16:07,742] {dag.py:2306} INFO - Setting next_dagrun for example_skip_dag to 2022-05-20 00:00:00+00:00
[2022-05-22 22:16:07,794] {scheduler_job.py:190} INFO - Processing /home/airflow/.local/lib/python3.8/site-packages/airflow/example_dags/example_skip_dag.py took 0.150 seconds
[2022-05-22 22:19:03,057] {scheduler_job.py:182} INFO - Started process (PID=53) to work on /home/airflow/.local/lib/python3.8/site-packages/airflow/example_dags/example_skip_dag.py
[2022-05-22 22:19:03,061] {scheduler_job.py:633} INFO - Processing file /home/airflow/.local/lib/python3.8/site-packages/airflow/example_dags/example_skip_dag.py for tasks to queue
[2022-05-22 22:19:03,063] {logging_mixin.py:104} INFO - [2022-05-22 22:19:03,063] {dagbag.py:496} INFO - Filling up the DagBag from /home/airflow/.local/lib/python3.8/site-packages/airflow/example_dags/example_skip_dag.py
[2022-05-22 22:19:03,076] {scheduler_job.py:643} INFO - DAG(s) dict_keys(['example_skip_dag']) retrieved from /home/airflow/.local/lib/python3.8/site-packages/airflow/example_dags/example_skip_dag.py
[2022-05-22 22:19:03,108] {logging_mixin.py:104} INFO - [2022-05-22 22:19:03,108] {dag.py:1833} INFO - Sync 1 DAGs
[2022-05-22 22:19:03,135] {logging_mixin.py:104} INFO - [2022-05-22 22:19:03,135] {dag.py:2306} INFO - Setting next_dagrun for example_skip_dag to 2022-05-20 00:00:00+00:00
[2022-05-22 22:19:03,189] {scheduler_job.py:190} INFO - Processing /home/airflow/.local/lib/python3.8/site-packages/airflow/example_dags/example_skip_dag.py took 0.135 seconds
