[2022-05-22 20:46:18,705] {scheduler_job.py:182} INFO - Started process (PID=41) to work on /home/airflow/.local/lib/python3.8/site-packages/airflow/example_dags/example_task_group.py
[2022-05-22 20:46:18,708] {scheduler_job.py:633} INFO - Processing file /home/airflow/.local/lib/python3.8/site-packages/airflow/example_dags/example_task_group.py for tasks to queue
[2022-05-22 20:46:18,709] {logging_mixin.py:104} INFO - [2022-05-22 20:46:18,709] {dagbag.py:496} INFO - Filling up the DagBag from /home/airflow/.local/lib/python3.8/site-packages/airflow/example_dags/example_task_group.py
[2022-05-22 20:46:18,727] {scheduler_job.py:643} INFO - DAG(s) dict_keys(['example_task_group']) retrieved from /home/airflow/.local/lib/python3.8/site-packages/airflow/example_dags/example_task_group.py
[2022-05-22 20:46:18,758] {logging_mixin.py:104} INFO - [2022-05-22 20:46:18,758] {dag.py:1833} INFO - Sync 1 DAGs
[2022-05-22 20:46:18,794] {logging_mixin.py:104} INFO - [2022-05-22 20:46:18,793] {dag.py:2306} INFO - Setting next_dagrun for example_task_group to 2022-05-20 00:00:00+00:00
[2022-05-22 20:46:18,852] {scheduler_job.py:190} INFO - Processing /home/airflow/.local/lib/python3.8/site-packages/airflow/example_dags/example_task_group.py took 0.150 seconds
[2022-05-22 20:46:58,614] {scheduler_job.py:182} INFO - Started process (PID=72) to work on /home/airflow/.local/lib/python3.8/site-packages/airflow/example_dags/example_task_group.py
[2022-05-22 20:46:58,619] {scheduler_job.py:633} INFO - Processing file /home/airflow/.local/lib/python3.8/site-packages/airflow/example_dags/example_task_group.py for tasks to queue
[2022-05-22 20:46:58,621] {logging_mixin.py:104} INFO - [2022-05-22 20:46:58,621] {dagbag.py:496} INFO - Filling up the DagBag from /home/airflow/.local/lib/python3.8/site-packages/airflow/example_dags/example_task_group.py
[2022-05-22 20:46:58,635] {scheduler_job.py:643} INFO - DAG(s) dict_keys(['example_task_group']) retrieved from /home/airflow/.local/lib/python3.8/site-packages/airflow/example_dags/example_task_group.py
[2022-05-22 20:46:58,661] {logging_mixin.py:104} INFO - [2022-05-22 20:46:58,661] {dag.py:1833} INFO - Sync 1 DAGs
[2022-05-22 20:46:58,681] {logging_mixin.py:104} INFO - [2022-05-22 20:46:58,681] {dag.py:2306} INFO - Setting next_dagrun for example_task_group to 2022-05-20 00:00:00+00:00
[2022-05-22 20:46:58,768] {scheduler_job.py:190} INFO - Processing /home/airflow/.local/lib/python3.8/site-packages/airflow/example_dags/example_task_group.py took 0.159 seconds
[2022-05-22 20:47:44,332] {scheduler_job.py:182} INFO - Started process (PID=103) to work on /home/airflow/.local/lib/python3.8/site-packages/airflow/example_dags/example_task_group.py
[2022-05-22 20:47:44,336] {scheduler_job.py:633} INFO - Processing file /home/airflow/.local/lib/python3.8/site-packages/airflow/example_dags/example_task_group.py for tasks to queue
[2022-05-22 20:47:44,341] {logging_mixin.py:104} INFO - [2022-05-22 20:47:44,341] {dagbag.py:496} INFO - Filling up the DagBag from /home/airflow/.local/lib/python3.8/site-packages/airflow/example_dags/example_task_group.py
[2022-05-22 20:47:44,361] {scheduler_job.py:643} INFO - DAG(s) dict_keys(['example_task_group']) retrieved from /home/airflow/.local/lib/python3.8/site-packages/airflow/example_dags/example_task_group.py
[2022-05-22 20:47:44,397] {logging_mixin.py:104} INFO - [2022-05-22 20:47:44,396] {dag.py:1833} INFO - Sync 1 DAGs
[2022-05-22 20:47:44,432] {logging_mixin.py:104} INFO - [2022-05-22 20:47:44,432] {dag.py:2306} INFO - Setting next_dagrun for example_task_group to 2022-05-20 00:00:00+00:00
[2022-05-22 20:47:44,510] {scheduler_job.py:190} INFO - Processing /home/airflow/.local/lib/python3.8/site-packages/airflow/example_dags/example_task_group.py took 0.183 seconds
[2022-05-22 20:48:30,340] {scheduler_job.py:182} INFO - Started process (PID=137) to work on /home/airflow/.local/lib/python3.8/site-packages/airflow/example_dags/example_task_group.py
[2022-05-22 20:48:30,363] {scheduler_job.py:633} INFO - Processing file /home/airflow/.local/lib/python3.8/site-packages/airflow/example_dags/example_task_group.py for tasks to queue
[2022-05-22 20:48:30,375] {logging_mixin.py:104} INFO - [2022-05-22 20:48:30,375] {dagbag.py:496} INFO - Filling up the DagBag from /home/airflow/.local/lib/python3.8/site-packages/airflow/example_dags/example_task_group.py
[2022-05-22 20:48:30,610] {scheduler_job.py:643} INFO - DAG(s) dict_keys(['example_task_group']) retrieved from /home/airflow/.local/lib/python3.8/site-packages/airflow/example_dags/example_task_group.py
[2022-05-22 20:48:30,903] {logging_mixin.py:104} INFO - [2022-05-22 20:48:30,900] {dag.py:1833} INFO - Sync 1 DAGs
[2022-05-22 20:48:31,019] {logging_mixin.py:104} INFO - [2022-05-22 20:48:31,019] {dag.py:2306} INFO - Setting next_dagrun for example_task_group to 2022-05-20 00:00:00+00:00
[2022-05-22 20:48:31,143] {scheduler_job.py:190} INFO - Processing /home/airflow/.local/lib/python3.8/site-packages/airflow/example_dags/example_task_group.py took 0.833 seconds
[2022-05-22 20:49:41,478] {scheduler_job.py:182} INFO - Started process (PID=175) to work on /home/airflow/.local/lib/python3.8/site-packages/airflow/example_dags/example_task_group.py
[2022-05-22 20:49:41,481] {scheduler_job.py:633} INFO - Processing file /home/airflow/.local/lib/python3.8/site-packages/airflow/example_dags/example_task_group.py for tasks to queue
[2022-05-22 20:49:41,483] {logging_mixin.py:104} INFO - [2022-05-22 20:49:41,483] {dagbag.py:496} INFO - Filling up the DagBag from /home/airflow/.local/lib/python3.8/site-packages/airflow/example_dags/example_task_group.py
[2022-05-22 20:49:41,506] {scheduler_job.py:643} INFO - DAG(s) dict_keys(['example_task_group']) retrieved from /home/airflow/.local/lib/python3.8/site-packages/airflow/example_dags/example_task_group.py
[2022-05-22 20:49:41,547] {logging_mixin.py:104} INFO - [2022-05-22 20:49:41,547] {dag.py:1833} INFO - Sync 1 DAGs
[2022-05-22 20:49:41,582] {logging_mixin.py:104} INFO - [2022-05-22 20:49:41,581] {dag.py:2306} INFO - Setting next_dagrun for example_task_group to 2022-05-20 00:00:00+00:00
[2022-05-22 20:49:41,648] {scheduler_job.py:190} INFO - Processing /home/airflow/.local/lib/python3.8/site-packages/airflow/example_dags/example_task_group.py took 0.174 seconds
[2022-05-22 20:50:22,831] {scheduler_job.py:182} INFO - Started process (PID=204) to work on /home/airflow/.local/lib/python3.8/site-packages/airflow/example_dags/example_task_group.py
[2022-05-22 20:50:22,835] {scheduler_job.py:633} INFO - Processing file /home/airflow/.local/lib/python3.8/site-packages/airflow/example_dags/example_task_group.py for tasks to queue
[2022-05-22 20:50:22,838] {logging_mixin.py:104} INFO - [2022-05-22 20:50:22,838] {dagbag.py:496} INFO - Filling up the DagBag from /home/airflow/.local/lib/python3.8/site-packages/airflow/example_dags/example_task_group.py
[2022-05-22 20:50:22,861] {scheduler_job.py:643} INFO - DAG(s) dict_keys(['example_task_group']) retrieved from /home/airflow/.local/lib/python3.8/site-packages/airflow/example_dags/example_task_group.py
[2022-05-22 20:50:22,902] {logging_mixin.py:104} INFO - [2022-05-22 20:50:22,902] {dag.py:1833} INFO - Sync 1 DAGs
[2022-05-22 20:50:22,935] {logging_mixin.py:104} INFO - [2022-05-22 20:50:22,935] {dag.py:2306} INFO - Setting next_dagrun for example_task_group to 2022-05-20 00:00:00+00:00
[2022-05-22 20:50:22,997] {scheduler_job.py:190} INFO - Processing /home/airflow/.local/lib/python3.8/site-packages/airflow/example_dags/example_task_group.py took 0.173 seconds
[2022-05-22 20:51:12,902] {scheduler_job.py:182} INFO - Started process (PID=237) to work on /home/airflow/.local/lib/python3.8/site-packages/airflow/example_dags/example_task_group.py
[2022-05-22 20:51:12,907] {scheduler_job.py:633} INFO - Processing file /home/airflow/.local/lib/python3.8/site-packages/airflow/example_dags/example_task_group.py for tasks to queue
[2022-05-22 20:51:12,911] {logging_mixin.py:104} INFO - [2022-05-22 20:51:12,910] {dagbag.py:496} INFO - Filling up the DagBag from /home/airflow/.local/lib/python3.8/site-packages/airflow/example_dags/example_task_group.py
[2022-05-22 20:51:12,935] {scheduler_job.py:643} INFO - DAG(s) dict_keys(['example_task_group']) retrieved from /home/airflow/.local/lib/python3.8/site-packages/airflow/example_dags/example_task_group.py
[2022-05-22 20:51:12,973] {logging_mixin.py:104} INFO - [2022-05-22 20:51:12,973] {dag.py:1833} INFO - Sync 1 DAGs
[2022-05-22 20:51:13,002] {logging_mixin.py:104} INFO - [2022-05-22 20:51:13,002] {dag.py:2306} INFO - Setting next_dagrun for example_task_group to 2022-05-20 00:00:00+00:00
[2022-05-22 20:51:13,079] {scheduler_job.py:190} INFO - Processing /home/airflow/.local/lib/python3.8/site-packages/airflow/example_dags/example_task_group.py took 0.179 seconds
[2022-05-22 20:51:59,649] {scheduler_job.py:182} INFO - Started process (PID=269) to work on /home/airflow/.local/lib/python3.8/site-packages/airflow/example_dags/example_task_group.py
[2022-05-22 20:51:59,654] {scheduler_job.py:633} INFO - Processing file /home/airflow/.local/lib/python3.8/site-packages/airflow/example_dags/example_task_group.py for tasks to queue
[2022-05-22 20:51:59,660] {logging_mixin.py:104} INFO - [2022-05-22 20:51:59,659] {dagbag.py:496} INFO - Filling up the DagBag from /home/airflow/.local/lib/python3.8/site-packages/airflow/example_dags/example_task_group.py
[2022-05-22 20:51:59,689] {scheduler_job.py:643} INFO - DAG(s) dict_keys(['example_task_group']) retrieved from /home/airflow/.local/lib/python3.8/site-packages/airflow/example_dags/example_task_group.py
[2022-05-22 20:51:59,737] {logging_mixin.py:104} INFO - [2022-05-22 20:51:59,737] {dag.py:1833} INFO - Sync 1 DAGs
[2022-05-22 20:51:59,772] {logging_mixin.py:104} INFO - [2022-05-22 20:51:59,772] {dag.py:2306} INFO - Setting next_dagrun for example_task_group to 2022-05-20 00:00:00+00:00
[2022-05-22 20:51:59,858] {scheduler_job.py:190} INFO - Processing /home/airflow/.local/lib/python3.8/site-packages/airflow/example_dags/example_task_group.py took 0.216 seconds
[2022-05-22 21:24:39,466] {scheduler_job.py:182} INFO - Started process (PID=43) to work on /home/airflow/.local/lib/python3.8/site-packages/airflow/example_dags/example_task_group.py
[2022-05-22 21:24:39,470] {scheduler_job.py:633} INFO - Processing file /home/airflow/.local/lib/python3.8/site-packages/airflow/example_dags/example_task_group.py for tasks to queue
[2022-05-22 21:24:39,471] {logging_mixin.py:104} INFO - [2022-05-22 21:24:39,471] {dagbag.py:496} INFO - Filling up the DagBag from /home/airflow/.local/lib/python3.8/site-packages/airflow/example_dags/example_task_group.py
[2022-05-22 21:24:39,487] {scheduler_job.py:643} INFO - DAG(s) dict_keys(['example_task_group']) retrieved from /home/airflow/.local/lib/python3.8/site-packages/airflow/example_dags/example_task_group.py
[2022-05-22 21:24:39,509] {logging_mixin.py:104} INFO - [2022-05-22 21:24:39,509] {dag.py:1833} INFO - Sync 1 DAGs
[2022-05-22 21:24:39,530] {logging_mixin.py:104} INFO - [2022-05-22 21:24:39,529] {dag.py:2306} INFO - Setting next_dagrun for example_task_group to 2022-05-20 00:00:00+00:00
[2022-05-22 21:24:39,557] {scheduler_job.py:190} INFO - Processing /home/airflow/.local/lib/python3.8/site-packages/airflow/example_dags/example_task_group.py took 0.114 seconds
[2022-05-22 21:25:28,130] {scheduler_job.py:182} INFO - Started process (PID=76) to work on /home/airflow/.local/lib/python3.8/site-packages/airflow/example_dags/example_task_group.py
[2022-05-22 21:25:28,133] {scheduler_job.py:633} INFO - Processing file /home/airflow/.local/lib/python3.8/site-packages/airflow/example_dags/example_task_group.py for tasks to queue
[2022-05-22 21:25:28,135] {logging_mixin.py:104} INFO - [2022-05-22 21:25:28,135] {dagbag.py:496} INFO - Filling up the DagBag from /home/airflow/.local/lib/python3.8/site-packages/airflow/example_dags/example_task_group.py
[2022-05-22 21:25:28,153] {scheduler_job.py:643} INFO - DAG(s) dict_keys(['example_task_group']) retrieved from /home/airflow/.local/lib/python3.8/site-packages/airflow/example_dags/example_task_group.py
[2022-05-22 21:25:28,181] {logging_mixin.py:104} INFO - [2022-05-22 21:25:28,181] {dag.py:1833} INFO - Sync 1 DAGs
[2022-05-22 21:25:28,207] {logging_mixin.py:104} INFO - [2022-05-22 21:25:28,207] {dag.py:2306} INFO - Setting next_dagrun for example_task_group to 2022-05-20 00:00:00+00:00
[2022-05-22 21:25:28,262] {scheduler_job.py:190} INFO - Processing /home/airflow/.local/lib/python3.8/site-packages/airflow/example_dags/example_task_group.py took 0.136 seconds
[2022-05-22 21:27:58,292] {scheduler_job.py:182} INFO - Started process (PID=44) to work on /home/airflow/.local/lib/python3.8/site-packages/airflow/example_dags/example_task_group.py
[2022-05-22 21:27:58,302] {scheduler_job.py:633} INFO - Processing file /home/airflow/.local/lib/python3.8/site-packages/airflow/example_dags/example_task_group.py for tasks to queue
[2022-05-22 21:27:58,311] {logging_mixin.py:104} INFO - [2022-05-22 21:27:58,311] {dagbag.py:496} INFO - Filling up the DagBag from /home/airflow/.local/lib/python3.8/site-packages/airflow/example_dags/example_task_group.py
[2022-05-22 21:27:58,351] {scheduler_job.py:643} INFO - DAG(s) dict_keys(['example_task_group']) retrieved from /home/airflow/.local/lib/python3.8/site-packages/airflow/example_dags/example_task_group.py
[2022-05-22 21:27:58,671] {logging_mixin.py:104} INFO - [2022-05-22 21:27:58,671] {dag.py:1833} INFO - Sync 1 DAGs
[2022-05-22 21:27:58,694] {logging_mixin.py:104} INFO - [2022-05-22 21:27:58,693] {dag.py:2306} INFO - Setting next_dagrun for example_task_group to 2022-05-20 00:00:00+00:00
[2022-05-22 21:27:58,764] {scheduler_job.py:190} INFO - Processing /home/airflow/.local/lib/python3.8/site-packages/airflow/example_dags/example_task_group.py took 0.487 seconds
[2022-05-22 21:28:40,338] {scheduler_job.py:182} INFO - Started process (PID=77) to work on /home/airflow/.local/lib/python3.8/site-packages/airflow/example_dags/example_task_group.py
[2022-05-22 21:28:40,342] {scheduler_job.py:633} INFO - Processing file /home/airflow/.local/lib/python3.8/site-packages/airflow/example_dags/example_task_group.py for tasks to queue
[2022-05-22 21:28:40,345] {logging_mixin.py:104} INFO - [2022-05-22 21:28:40,345] {dagbag.py:496} INFO - Filling up the DagBag from /home/airflow/.local/lib/python3.8/site-packages/airflow/example_dags/example_task_group.py
[2022-05-22 21:28:40,364] {scheduler_job.py:643} INFO - DAG(s) dict_keys(['example_task_group']) retrieved from /home/airflow/.local/lib/python3.8/site-packages/airflow/example_dags/example_task_group.py
[2022-05-22 21:28:40,398] {logging_mixin.py:104} INFO - [2022-05-22 21:28:40,397] {dag.py:1833} INFO - Sync 1 DAGs
[2022-05-22 21:28:40,435] {logging_mixin.py:104} INFO - [2022-05-22 21:28:40,435] {dag.py:2306} INFO - Setting next_dagrun for example_task_group to 2022-05-20 00:00:00+00:00
[2022-05-22 21:28:40,502] {scheduler_job.py:190} INFO - Processing /home/airflow/.local/lib/python3.8/site-packages/airflow/example_dags/example_task_group.py took 0.169 seconds
[2022-05-22 21:29:31,146] {scheduler_job.py:182} INFO - Started process (PID=114) to work on /home/airflow/.local/lib/python3.8/site-packages/airflow/example_dags/example_task_group.py
[2022-05-22 21:29:31,150] {scheduler_job.py:633} INFO - Processing file /home/airflow/.local/lib/python3.8/site-packages/airflow/example_dags/example_task_group.py for tasks to queue
[2022-05-22 21:29:31,151] {logging_mixin.py:104} INFO - [2022-05-22 21:29:31,151] {dagbag.py:496} INFO - Filling up the DagBag from /home/airflow/.local/lib/python3.8/site-packages/airflow/example_dags/example_task_group.py
[2022-05-22 21:29:31,166] {scheduler_job.py:643} INFO - DAG(s) dict_keys(['example_task_group']) retrieved from /home/airflow/.local/lib/python3.8/site-packages/airflow/example_dags/example_task_group.py
[2022-05-22 21:29:31,191] {logging_mixin.py:104} INFO - [2022-05-22 21:29:31,191] {dag.py:1833} INFO - Sync 1 DAGs
[2022-05-22 21:29:31,211] {logging_mixin.py:104} INFO - [2022-05-22 21:29:31,211] {dag.py:2306} INFO - Setting next_dagrun for example_task_group to 2022-05-20 00:00:00+00:00
[2022-05-22 21:29:31,259] {scheduler_job.py:190} INFO - Processing /home/airflow/.local/lib/python3.8/site-packages/airflow/example_dags/example_task_group.py took 0.116 seconds
[2022-05-22 21:30:16,161] {scheduler_job.py:182} INFO - Started process (PID=147) to work on /home/airflow/.local/lib/python3.8/site-packages/airflow/example_dags/example_task_group.py
[2022-05-22 21:30:16,165] {scheduler_job.py:633} INFO - Processing file /home/airflow/.local/lib/python3.8/site-packages/airflow/example_dags/example_task_group.py for tasks to queue
[2022-05-22 21:30:16,166] {logging_mixin.py:104} INFO - [2022-05-22 21:30:16,166] {dagbag.py:496} INFO - Filling up the DagBag from /home/airflow/.local/lib/python3.8/site-packages/airflow/example_dags/example_task_group.py
[2022-05-22 21:30:16,182] {scheduler_job.py:643} INFO - DAG(s) dict_keys(['example_task_group']) retrieved from /home/airflow/.local/lib/python3.8/site-packages/airflow/example_dags/example_task_group.py
[2022-05-22 21:30:16,208] {logging_mixin.py:104} INFO - [2022-05-22 21:30:16,207] {dag.py:1833} INFO - Sync 1 DAGs
[2022-05-22 21:30:16,235] {logging_mixin.py:104} INFO - [2022-05-22 21:30:16,235] {dag.py:2306} INFO - Setting next_dagrun for example_task_group to 2022-05-20 00:00:00+00:00
[2022-05-22 21:30:16,282] {scheduler_job.py:190} INFO - Processing /home/airflow/.local/lib/python3.8/site-packages/airflow/example_dags/example_task_group.py took 0.124 seconds
[2022-05-22 21:30:57,411] {scheduler_job.py:182} INFO - Started process (PID=180) to work on /home/airflow/.local/lib/python3.8/site-packages/airflow/example_dags/example_task_group.py
[2022-05-22 21:30:57,415] {scheduler_job.py:633} INFO - Processing file /home/airflow/.local/lib/python3.8/site-packages/airflow/example_dags/example_task_group.py for tasks to queue
[2022-05-22 21:30:57,416] {logging_mixin.py:104} INFO - [2022-05-22 21:30:57,416] {dagbag.py:496} INFO - Filling up the DagBag from /home/airflow/.local/lib/python3.8/site-packages/airflow/example_dags/example_task_group.py
[2022-05-22 21:30:57,431] {scheduler_job.py:643} INFO - DAG(s) dict_keys(['example_task_group']) retrieved from /home/airflow/.local/lib/python3.8/site-packages/airflow/example_dags/example_task_group.py
[2022-05-22 21:30:57,457] {logging_mixin.py:104} INFO - [2022-05-22 21:30:57,457] {dag.py:1833} INFO - Sync 1 DAGs
[2022-05-22 21:30:57,475] {logging_mixin.py:104} INFO - [2022-05-22 21:30:57,475] {dag.py:2306} INFO - Setting next_dagrun for example_task_group to 2022-05-20 00:00:00+00:00
[2022-05-22 21:30:57,517] {scheduler_job.py:190} INFO - Processing /home/airflow/.local/lib/python3.8/site-packages/airflow/example_dags/example_task_group.py took 0.108 seconds
[2022-05-22 21:31:46,137] {scheduler_job.py:182} INFO - Started process (PID=220) to work on /home/airflow/.local/lib/python3.8/site-packages/airflow/example_dags/example_task_group.py
[2022-05-22 21:31:46,141] {scheduler_job.py:633} INFO - Processing file /home/airflow/.local/lib/python3.8/site-packages/airflow/example_dags/example_task_group.py for tasks to queue
[2022-05-22 21:31:46,142] {logging_mixin.py:104} INFO - [2022-05-22 21:31:46,142] {dagbag.py:496} INFO - Filling up the DagBag from /home/airflow/.local/lib/python3.8/site-packages/airflow/example_dags/example_task_group.py
[2022-05-22 21:31:46,158] {scheduler_job.py:643} INFO - DAG(s) dict_keys(['example_task_group']) retrieved from /home/airflow/.local/lib/python3.8/site-packages/airflow/example_dags/example_task_group.py
[2022-05-22 21:31:46,227] {logging_mixin.py:104} INFO - [2022-05-22 21:31:46,227] {dag.py:1833} INFO - Sync 1 DAGs
[2022-05-22 21:31:46,260] {logging_mixin.py:104} INFO - [2022-05-22 21:31:46,260] {dag.py:2306} INFO - Setting next_dagrun for example_task_group to 2022-05-20 00:00:00+00:00
[2022-05-22 21:31:46,311] {scheduler_job.py:190} INFO - Processing /home/airflow/.local/lib/python3.8/site-packages/airflow/example_dags/example_task_group.py took 0.177 seconds
[2022-05-22 21:32:32,507] {scheduler_job.py:182} INFO - Started process (PID=256) to work on /home/airflow/.local/lib/python3.8/site-packages/airflow/example_dags/example_task_group.py
[2022-05-22 21:32:32,510] {scheduler_job.py:633} INFO - Processing file /home/airflow/.local/lib/python3.8/site-packages/airflow/example_dags/example_task_group.py for tasks to queue
[2022-05-22 21:32:32,512] {logging_mixin.py:104} INFO - [2022-05-22 21:32:32,512] {dagbag.py:496} INFO - Filling up the DagBag from /home/airflow/.local/lib/python3.8/site-packages/airflow/example_dags/example_task_group.py
[2022-05-22 21:32:32,528] {scheduler_job.py:643} INFO - DAG(s) dict_keys(['example_task_group']) retrieved from /home/airflow/.local/lib/python3.8/site-packages/airflow/example_dags/example_task_group.py
[2022-05-22 21:32:32,551] {logging_mixin.py:104} INFO - [2022-05-22 21:32:32,551] {dag.py:1833} INFO - Sync 1 DAGs
[2022-05-22 21:32:32,571] {logging_mixin.py:104} INFO - [2022-05-22 21:32:32,570] {dag.py:2306} INFO - Setting next_dagrun for example_task_group to 2022-05-20 00:00:00+00:00
[2022-05-22 21:32:32,616] {scheduler_job.py:190} INFO - Processing /home/airflow/.local/lib/python3.8/site-packages/airflow/example_dags/example_task_group.py took 0.113 seconds
[2022-05-22 21:36:09,851] {scheduler_job.py:182} INFO - Started process (PID=42) to work on /home/airflow/.local/lib/python3.8/site-packages/airflow/example_dags/example_task_group.py
[2022-05-22 21:36:09,856] {scheduler_job.py:633} INFO - Processing file /home/airflow/.local/lib/python3.8/site-packages/airflow/example_dags/example_task_group.py for tasks to queue
[2022-05-22 21:36:09,858] {logging_mixin.py:104} INFO - [2022-05-22 21:36:09,857] {dagbag.py:496} INFO - Filling up the DagBag from /home/airflow/.local/lib/python3.8/site-packages/airflow/example_dags/example_task_group.py
[2022-05-22 21:36:09,876] {scheduler_job.py:643} INFO - DAG(s) dict_keys(['example_task_group']) retrieved from /home/airflow/.local/lib/python3.8/site-packages/airflow/example_dags/example_task_group.py
[2022-05-22 21:36:09,907] {logging_mixin.py:104} INFO - [2022-05-22 21:36:09,907] {dag.py:1833} INFO - Sync 1 DAGs
[2022-05-22 21:36:09,942] {logging_mixin.py:104} INFO - [2022-05-22 21:36:09,942] {dag.py:2306} INFO - Setting next_dagrun for example_task_group to 2022-05-20 00:00:00+00:00
[2022-05-22 21:36:09,992] {scheduler_job.py:190} INFO - Processing /home/airflow/.local/lib/python3.8/site-packages/airflow/example_dags/example_task_group.py took 0.146 seconds
[2022-05-22 21:36:52,306] {scheduler_job.py:182} INFO - Started process (PID=75) to work on /home/airflow/.local/lib/python3.8/site-packages/airflow/example_dags/example_task_group.py
[2022-05-22 21:36:52,309] {scheduler_job.py:633} INFO - Processing file /home/airflow/.local/lib/python3.8/site-packages/airflow/example_dags/example_task_group.py for tasks to queue
[2022-05-22 21:36:52,311] {logging_mixin.py:104} INFO - [2022-05-22 21:36:52,310] {dagbag.py:496} INFO - Filling up the DagBag from /home/airflow/.local/lib/python3.8/site-packages/airflow/example_dags/example_task_group.py
[2022-05-22 21:36:52,331] {scheduler_job.py:643} INFO - DAG(s) dict_keys(['example_task_group']) retrieved from /home/airflow/.local/lib/python3.8/site-packages/airflow/example_dags/example_task_group.py
[2022-05-22 21:36:52,369] {logging_mixin.py:104} INFO - [2022-05-22 21:36:52,369] {dag.py:1833} INFO - Sync 1 DAGs
[2022-05-22 21:36:52,389] {logging_mixin.py:104} INFO - [2022-05-22 21:36:52,389] {dag.py:2306} INFO - Setting next_dagrun for example_task_group to 2022-05-20 00:00:00+00:00
[2022-05-22 21:36:52,435] {scheduler_job.py:190} INFO - Processing /home/airflow/.local/lib/python3.8/site-packages/airflow/example_dags/example_task_group.py took 0.135 seconds
[2022-05-22 21:37:35,717] {scheduler_job.py:182} INFO - Started process (PID=108) to work on /home/airflow/.local/lib/python3.8/site-packages/airflow/example_dags/example_task_group.py
[2022-05-22 21:37:35,721] {scheduler_job.py:633} INFO - Processing file /home/airflow/.local/lib/python3.8/site-packages/airflow/example_dags/example_task_group.py for tasks to queue
[2022-05-22 21:37:35,725] {logging_mixin.py:104} INFO - [2022-05-22 21:37:35,724] {dagbag.py:496} INFO - Filling up the DagBag from /home/airflow/.local/lib/python3.8/site-packages/airflow/example_dags/example_task_group.py
[2022-05-22 21:37:35,795] {scheduler_job.py:643} INFO - DAG(s) dict_keys(['example_task_group']) retrieved from /home/airflow/.local/lib/python3.8/site-packages/airflow/example_dags/example_task_group.py
[2022-05-22 21:37:35,944] {logging_mixin.py:104} INFO - [2022-05-22 21:37:35,944] {dag.py:1833} INFO - Sync 1 DAGs
[2022-05-22 21:37:35,992] {logging_mixin.py:104} INFO - [2022-05-22 21:37:35,992] {dag.py:2306} INFO - Setting next_dagrun for example_task_group to 2022-05-20 00:00:00+00:00
[2022-05-22 21:37:36,072] {scheduler_job.py:190} INFO - Processing /home/airflow/.local/lib/python3.8/site-packages/airflow/example_dags/example_task_group.py took 0.367 seconds
[2022-05-22 21:38:48,302] {scheduler_job.py:182} INFO - Started process (PID=166) to work on /home/airflow/.local/lib/python3.8/site-packages/airflow/example_dags/example_task_group.py
[2022-05-22 21:38:48,313] {scheduler_job.py:633} INFO - Processing file /home/airflow/.local/lib/python3.8/site-packages/airflow/example_dags/example_task_group.py for tasks to queue
[2022-05-22 21:38:48,315] {logging_mixin.py:104} INFO - [2022-05-22 21:38:48,315] {dagbag.py:496} INFO - Filling up the DagBag from /home/airflow/.local/lib/python3.8/site-packages/airflow/example_dags/example_task_group.py
[2022-05-22 21:38:48,349] {scheduler_job.py:643} INFO - DAG(s) dict_keys(['example_task_group']) retrieved from /home/airflow/.local/lib/python3.8/site-packages/airflow/example_dags/example_task_group.py
[2022-05-22 21:38:48,402] {logging_mixin.py:104} INFO - [2022-05-22 21:38:48,402] {dag.py:1833} INFO - Sync 1 DAGs
[2022-05-22 21:38:48,450] {logging_mixin.py:104} INFO - [2022-05-22 21:38:48,450] {dag.py:2306} INFO - Setting next_dagrun for example_task_group to 2022-05-20 00:00:00+00:00
[2022-05-22 21:38:48,586] {scheduler_job.py:190} INFO - Processing /home/airflow/.local/lib/python3.8/site-packages/airflow/example_dags/example_task_group.py took 0.290 seconds
[2022-05-22 21:39:29,426] {scheduler_job.py:182} INFO - Started process (PID=199) to work on /home/airflow/.local/lib/python3.8/site-packages/airflow/example_dags/example_task_group.py
[2022-05-22 21:39:29,430] {scheduler_job.py:633} INFO - Processing file /home/airflow/.local/lib/python3.8/site-packages/airflow/example_dags/example_task_group.py for tasks to queue
[2022-05-22 21:39:29,431] {logging_mixin.py:104} INFO - [2022-05-22 21:39:29,431] {dagbag.py:496} INFO - Filling up the DagBag from /home/airflow/.local/lib/python3.8/site-packages/airflow/example_dags/example_task_group.py
[2022-05-22 21:39:29,446] {scheduler_job.py:643} INFO - DAG(s) dict_keys(['example_task_group']) retrieved from /home/airflow/.local/lib/python3.8/site-packages/airflow/example_dags/example_task_group.py
[2022-05-22 21:39:29,472] {logging_mixin.py:104} INFO - [2022-05-22 21:39:29,471] {dag.py:1833} INFO - Sync 1 DAGs
[2022-05-22 21:39:29,491] {logging_mixin.py:104} INFO - [2022-05-22 21:39:29,491] {dag.py:2306} INFO - Setting next_dagrun for example_task_group to 2022-05-20 00:00:00+00:00
[2022-05-22 21:39:29,535] {scheduler_job.py:190} INFO - Processing /home/airflow/.local/lib/python3.8/site-packages/airflow/example_dags/example_task_group.py took 0.112 seconds
[2022-05-22 21:40:16,270] {scheduler_job.py:182} INFO - Started process (PID=237) to work on /home/airflow/.local/lib/python3.8/site-packages/airflow/example_dags/example_task_group.py
[2022-05-22 21:40:16,273] {scheduler_job.py:633} INFO - Processing file /home/airflow/.local/lib/python3.8/site-packages/airflow/example_dags/example_task_group.py for tasks to queue
[2022-05-22 21:40:16,275] {logging_mixin.py:104} INFO - [2022-05-22 21:40:16,275] {dagbag.py:496} INFO - Filling up the DagBag from /home/airflow/.local/lib/python3.8/site-packages/airflow/example_dags/example_task_group.py
[2022-05-22 21:40:16,289] {scheduler_job.py:643} INFO - DAG(s) dict_keys(['example_task_group']) retrieved from /home/airflow/.local/lib/python3.8/site-packages/airflow/example_dags/example_task_group.py
[2022-05-22 21:40:16,316] {logging_mixin.py:104} INFO - [2022-05-22 21:40:16,316] {dag.py:1833} INFO - Sync 1 DAGs
[2022-05-22 21:40:16,337] {logging_mixin.py:104} INFO - [2022-05-22 21:40:16,336] {dag.py:2306} INFO - Setting next_dagrun for example_task_group to 2022-05-20 00:00:00+00:00
[2022-05-22 21:40:16,383] {scheduler_job.py:190} INFO - Processing /home/airflow/.local/lib/python3.8/site-packages/airflow/example_dags/example_task_group.py took 0.117 seconds
[2022-05-22 21:46:10,931] {scheduler_job.py:182} INFO - Started process (PID=43) to work on /home/airflow/.local/lib/python3.8/site-packages/airflow/example_dags/example_task_group.py
[2022-05-22 21:46:10,935] {scheduler_job.py:633} INFO - Processing file /home/airflow/.local/lib/python3.8/site-packages/airflow/example_dags/example_task_group.py for tasks to queue
[2022-05-22 21:46:10,938] {logging_mixin.py:104} INFO - [2022-05-22 21:46:10,937] {dagbag.py:496} INFO - Filling up the DagBag from /home/airflow/.local/lib/python3.8/site-packages/airflow/example_dags/example_task_group.py
[2022-05-22 21:46:10,956] {scheduler_job.py:643} INFO - DAG(s) dict_keys(['example_task_group']) retrieved from /home/airflow/.local/lib/python3.8/site-packages/airflow/example_dags/example_task_group.py
[2022-05-22 21:46:11,199] {logging_mixin.py:104} INFO - [2022-05-22 21:46:11,199] {dag.py:1833} INFO - Sync 1 DAGs
[2022-05-22 21:46:11,218] {logging_mixin.py:104} INFO - [2022-05-22 21:46:11,218] {dag.py:2306} INFO - Setting next_dagrun for example_task_group to 2022-05-20 00:00:00+00:00
[2022-05-22 21:46:11,272] {scheduler_job.py:190} INFO - Processing /home/airflow/.local/lib/python3.8/site-packages/airflow/example_dags/example_task_group.py took 0.347 seconds
[2022-05-22 21:46:54,566] {scheduler_job.py:182} INFO - Started process (PID=76) to work on /home/airflow/.local/lib/python3.8/site-packages/airflow/example_dags/example_task_group.py
[2022-05-22 21:46:54,569] {scheduler_job.py:633} INFO - Processing file /home/airflow/.local/lib/python3.8/site-packages/airflow/example_dags/example_task_group.py for tasks to queue
[2022-05-22 21:46:54,571] {logging_mixin.py:104} INFO - [2022-05-22 21:46:54,571] {dagbag.py:496} INFO - Filling up the DagBag from /home/airflow/.local/lib/python3.8/site-packages/airflow/example_dags/example_task_group.py
[2022-05-22 21:46:54,586] {scheduler_job.py:643} INFO - DAG(s) dict_keys(['example_task_group']) retrieved from /home/airflow/.local/lib/python3.8/site-packages/airflow/example_dags/example_task_group.py
[2022-05-22 21:46:54,613] {logging_mixin.py:104} INFO - [2022-05-22 21:46:54,613] {dag.py:1833} INFO - Sync 1 DAGs
[2022-05-22 21:46:54,634] {logging_mixin.py:104} INFO - [2022-05-22 21:46:54,634] {dag.py:2306} INFO - Setting next_dagrun for example_task_group to 2022-05-20 00:00:00+00:00
[2022-05-22 21:46:54,679] {scheduler_job.py:190} INFO - Processing /home/airflow/.local/lib/python3.8/site-packages/airflow/example_dags/example_task_group.py took 0.116 seconds
[2022-05-22 21:47:37,446] {scheduler_job.py:182} INFO - Started process (PID=109) to work on /home/airflow/.local/lib/python3.8/site-packages/airflow/example_dags/example_task_group.py
[2022-05-22 21:47:37,449] {scheduler_job.py:633} INFO - Processing file /home/airflow/.local/lib/python3.8/site-packages/airflow/example_dags/example_task_group.py for tasks to queue
[2022-05-22 21:47:37,451] {logging_mixin.py:104} INFO - [2022-05-22 21:47:37,451] {dagbag.py:496} INFO - Filling up the DagBag from /home/airflow/.local/lib/python3.8/site-packages/airflow/example_dags/example_task_group.py
[2022-05-22 21:47:37,465] {scheduler_job.py:643} INFO - DAG(s) dict_keys(['example_task_group']) retrieved from /home/airflow/.local/lib/python3.8/site-packages/airflow/example_dags/example_task_group.py
[2022-05-22 21:47:37,492] {logging_mixin.py:104} INFO - [2022-05-22 21:47:37,492] {dag.py:1833} INFO - Sync 1 DAGs
[2022-05-22 21:47:37,512] {logging_mixin.py:104} INFO - [2022-05-22 21:47:37,512] {dag.py:2306} INFO - Setting next_dagrun for example_task_group to 2022-05-20 00:00:00+00:00
[2022-05-22 21:47:37,559] {scheduler_job.py:190} INFO - Processing /home/airflow/.local/lib/python3.8/site-packages/airflow/example_dags/example_task_group.py took 0.117 seconds
[2022-05-22 21:48:20,077] {scheduler_job.py:182} INFO - Started process (PID=142) to work on /home/airflow/.local/lib/python3.8/site-packages/airflow/example_dags/example_task_group.py
[2022-05-22 21:48:20,080] {scheduler_job.py:633} INFO - Processing file /home/airflow/.local/lib/python3.8/site-packages/airflow/example_dags/example_task_group.py for tasks to queue
[2022-05-22 21:48:20,083] {logging_mixin.py:104} INFO - [2022-05-22 21:48:20,082] {dagbag.py:496} INFO - Filling up the DagBag from /home/airflow/.local/lib/python3.8/site-packages/airflow/example_dags/example_task_group.py
[2022-05-22 21:48:20,101] {scheduler_job.py:643} INFO - DAG(s) dict_keys(['example_task_group']) retrieved from /home/airflow/.local/lib/python3.8/site-packages/airflow/example_dags/example_task_group.py
[2022-05-22 21:48:20,129] {logging_mixin.py:104} INFO - [2022-05-22 21:48:20,128] {dag.py:1833} INFO - Sync 1 DAGs
[2022-05-22 21:48:20,153] {logging_mixin.py:104} INFO - [2022-05-22 21:48:20,153] {dag.py:2306} INFO - Setting next_dagrun for example_task_group to 2022-05-20 00:00:00+00:00
[2022-05-22 21:48:20,204] {scheduler_job.py:190} INFO - Processing /home/airflow/.local/lib/python3.8/site-packages/airflow/example_dags/example_task_group.py took 0.132 seconds
[2022-05-22 21:49:06,599] {scheduler_job.py:182} INFO - Started process (PID=180) to work on /home/airflow/.local/lib/python3.8/site-packages/airflow/example_dags/example_task_group.py
[2022-05-22 21:49:06,603] {scheduler_job.py:633} INFO - Processing file /home/airflow/.local/lib/python3.8/site-packages/airflow/example_dags/example_task_group.py for tasks to queue
[2022-05-22 21:49:06,606] {logging_mixin.py:104} INFO - [2022-05-22 21:49:06,605] {dagbag.py:496} INFO - Filling up the DagBag from /home/airflow/.local/lib/python3.8/site-packages/airflow/example_dags/example_task_group.py
[2022-05-22 21:49:06,624] {scheduler_job.py:643} INFO - DAG(s) dict_keys(['example_task_group']) retrieved from /home/airflow/.local/lib/python3.8/site-packages/airflow/example_dags/example_task_group.py
[2022-05-22 21:49:06,655] {logging_mixin.py:104} INFO - [2022-05-22 21:49:06,655] {dag.py:1833} INFO - Sync 1 DAGs
[2022-05-22 21:49:06,675] {logging_mixin.py:104} INFO - [2022-05-22 21:49:06,675] {dag.py:2306} INFO - Setting next_dagrun for example_task_group to 2022-05-20 00:00:00+00:00
[2022-05-22 21:49:06,719] {scheduler_job.py:190} INFO - Processing /home/airflow/.local/lib/python3.8/site-packages/airflow/example_dags/example_task_group.py took 0.124 seconds
[2022-05-22 21:49:55,476] {scheduler_job.py:182} INFO - Started process (PID=218) to work on /home/airflow/.local/lib/python3.8/site-packages/airflow/example_dags/example_task_group.py
[2022-05-22 21:49:55,481] {scheduler_job.py:633} INFO - Processing file /home/airflow/.local/lib/python3.8/site-packages/airflow/example_dags/example_task_group.py for tasks to queue
[2022-05-22 21:49:55,483] {logging_mixin.py:104} INFO - [2022-05-22 21:49:55,483] {dagbag.py:496} INFO - Filling up the DagBag from /home/airflow/.local/lib/python3.8/site-packages/airflow/example_dags/example_task_group.py
[2022-05-22 21:49:55,500] {scheduler_job.py:643} INFO - DAG(s) dict_keys(['example_task_group']) retrieved from /home/airflow/.local/lib/python3.8/site-packages/airflow/example_dags/example_task_group.py
[2022-05-22 21:49:55,537] {logging_mixin.py:104} INFO - [2022-05-22 21:49:55,536] {dag.py:1833} INFO - Sync 1 DAGs
[2022-05-22 21:49:55,562] {logging_mixin.py:104} INFO - [2022-05-22 21:49:55,562] {dag.py:2306} INFO - Setting next_dagrun for example_task_group to 2022-05-20 00:00:00+00:00
[2022-05-22 21:49:55,620] {scheduler_job.py:190} INFO - Processing /home/airflow/.local/lib/python3.8/site-packages/airflow/example_dags/example_task_group.py took 0.150 seconds
[2022-05-22 22:02:33,942] {scheduler_job.py:182} INFO - Started process (PID=44) to work on /home/airflow/.local/lib/python3.8/site-packages/airflow/example_dags/example_task_group.py
[2022-05-22 22:02:33,949] {scheduler_job.py:633} INFO - Processing file /home/airflow/.local/lib/python3.8/site-packages/airflow/example_dags/example_task_group.py for tasks to queue
[2022-05-22 22:02:33,956] {logging_mixin.py:104} INFO - [2022-05-22 22:02:33,956] {dagbag.py:496} INFO - Filling up the DagBag from /home/airflow/.local/lib/python3.8/site-packages/airflow/example_dags/example_task_group.py
[2022-05-22 22:02:34,225] {scheduler_job.py:643} INFO - DAG(s) dict_keys(['example_task_group']) retrieved from /home/airflow/.local/lib/python3.8/site-packages/airflow/example_dags/example_task_group.py
[2022-05-22 22:02:34,383] {logging_mixin.py:104} INFO - [2022-05-22 22:02:34,383] {dag.py:1833} INFO - Sync 1 DAGs
[2022-05-22 22:02:34,451] {logging_mixin.py:104} INFO - [2022-05-22 22:02:34,451] {dag.py:2306} INFO - Setting next_dagrun for example_task_group to 2022-05-20 00:00:00+00:00
[2022-05-22 22:02:34,564] {scheduler_job.py:190} INFO - Processing /home/airflow/.local/lib/python3.8/site-packages/airflow/example_dags/example_task_group.py took 0.631 seconds
[2022-05-22 22:03:22,075] {scheduler_job.py:182} INFO - Started process (PID=81) to work on /home/airflow/.local/lib/python3.8/site-packages/airflow/example_dags/example_task_group.py
[2022-05-22 22:03:22,079] {scheduler_job.py:633} INFO - Processing file /home/airflow/.local/lib/python3.8/site-packages/airflow/example_dags/example_task_group.py for tasks to queue
[2022-05-22 22:03:22,082] {logging_mixin.py:104} INFO - [2022-05-22 22:03:22,082] {dagbag.py:496} INFO - Filling up the DagBag from /home/airflow/.local/lib/python3.8/site-packages/airflow/example_dags/example_task_group.py
[2022-05-22 22:03:22,102] {scheduler_job.py:643} INFO - DAG(s) dict_keys(['example_task_group']) retrieved from /home/airflow/.local/lib/python3.8/site-packages/airflow/example_dags/example_task_group.py
[2022-05-22 22:03:22,131] {logging_mixin.py:104} INFO - [2022-05-22 22:03:22,131] {dag.py:1833} INFO - Sync 1 DAGs
[2022-05-22 22:03:22,168] {logging_mixin.py:104} INFO - [2022-05-22 22:03:22,168] {dag.py:2306} INFO - Setting next_dagrun for example_task_group to 2022-05-20 00:00:00+00:00
[2022-05-22 22:03:22,226] {scheduler_job.py:190} INFO - Processing /home/airflow/.local/lib/python3.8/site-packages/airflow/example_dags/example_task_group.py took 0.157 seconds
[2022-05-22 22:04:37,013] {scheduler_job.py:182} INFO - Started process (PID=139) to work on /home/airflow/.local/lib/python3.8/site-packages/airflow/example_dags/example_task_group.py
[2022-05-22 22:04:37,017] {scheduler_job.py:633} INFO - Processing file /home/airflow/.local/lib/python3.8/site-packages/airflow/example_dags/example_task_group.py for tasks to queue
[2022-05-22 22:04:37,019] {logging_mixin.py:104} INFO - [2022-05-22 22:04:37,019] {dagbag.py:496} INFO - Filling up the DagBag from /home/airflow/.local/lib/python3.8/site-packages/airflow/example_dags/example_task_group.py
[2022-05-22 22:04:37,034] {scheduler_job.py:643} INFO - DAG(s) dict_keys(['example_task_group']) retrieved from /home/airflow/.local/lib/python3.8/site-packages/airflow/example_dags/example_task_group.py
[2022-05-22 22:04:37,059] {logging_mixin.py:104} INFO - [2022-05-22 22:04:37,059] {dag.py:1833} INFO - Sync 1 DAGs
[2022-05-22 22:04:37,090] {logging_mixin.py:104} INFO - [2022-05-22 22:04:37,090] {dag.py:2306} INFO - Setting next_dagrun for example_task_group to 2022-05-20 00:00:00+00:00
[2022-05-22 22:04:37,180] {scheduler_job.py:190} INFO - Processing /home/airflow/.local/lib/python3.8/site-packages/airflow/example_dags/example_task_group.py took 0.173 seconds
[2022-05-22 22:05:18,036] {scheduler_job.py:182} INFO - Started process (PID=172) to work on /home/airflow/.local/lib/python3.8/site-packages/airflow/example_dags/example_task_group.py
[2022-05-22 22:05:18,039] {scheduler_job.py:633} INFO - Processing file /home/airflow/.local/lib/python3.8/site-packages/airflow/example_dags/example_task_group.py for tasks to queue
[2022-05-22 22:05:18,041] {logging_mixin.py:104} INFO - [2022-05-22 22:05:18,040] {dagbag.py:496} INFO - Filling up the DagBag from /home/airflow/.local/lib/python3.8/site-packages/airflow/example_dags/example_task_group.py
[2022-05-22 22:05:18,058] {scheduler_job.py:643} INFO - DAG(s) dict_keys(['example_task_group']) retrieved from /home/airflow/.local/lib/python3.8/site-packages/airflow/example_dags/example_task_group.py
[2022-05-22 22:05:18,083] {logging_mixin.py:104} INFO - [2022-05-22 22:05:18,083] {dag.py:1833} INFO - Sync 1 DAGs
[2022-05-22 22:05:18,105] {logging_mixin.py:104} INFO - [2022-05-22 22:05:18,105] {dag.py:2306} INFO - Setting next_dagrun for example_task_group to 2022-05-20 00:00:00+00:00
[2022-05-22 22:05:18,156] {scheduler_job.py:190} INFO - Processing /home/airflow/.local/lib/python3.8/site-packages/airflow/example_dags/example_task_group.py took 0.123 seconds
[2022-05-22 22:06:00,440] {scheduler_job.py:182} INFO - Started process (PID=205) to work on /home/airflow/.local/lib/python3.8/site-packages/airflow/example_dags/example_task_group.py
[2022-05-22 22:06:00,446] {scheduler_job.py:633} INFO - Processing file /home/airflow/.local/lib/python3.8/site-packages/airflow/example_dags/example_task_group.py for tasks to queue
[2022-05-22 22:06:00,451] {logging_mixin.py:104} INFO - [2022-05-22 22:06:00,450] {dagbag.py:496} INFO - Filling up the DagBag from /home/airflow/.local/lib/python3.8/site-packages/airflow/example_dags/example_task_group.py
[2022-05-22 22:06:00,526] {scheduler_job.py:643} INFO - DAG(s) dict_keys(['example_task_group']) retrieved from /home/airflow/.local/lib/python3.8/site-packages/airflow/example_dags/example_task_group.py
[2022-05-22 22:06:00,675] {logging_mixin.py:104} INFO - [2022-05-22 22:06:00,675] {dag.py:1833} INFO - Sync 1 DAGs
[2022-05-22 22:06:00,715] {logging_mixin.py:104} INFO - [2022-05-22 22:06:00,714] {dag.py:2306} INFO - Setting next_dagrun for example_task_group to 2022-05-20 00:00:00+00:00
[2022-05-22 22:06:00,803] {scheduler_job.py:190} INFO - Processing /home/airflow/.local/lib/python3.8/site-packages/airflow/example_dags/example_task_group.py took 0.367 seconds
[2022-05-22 22:06:38,058] {scheduler_job.py:182} INFO - Started process (PID=235) to work on /home/airflow/.local/lib/python3.8/site-packages/airflow/example_dags/example_task_group.py
[2022-05-22 22:06:38,062] {scheduler_job.py:633} INFO - Processing file /home/airflow/.local/lib/python3.8/site-packages/airflow/example_dags/example_task_group.py for tasks to queue
[2022-05-22 22:06:38,065] {logging_mixin.py:104} INFO - [2022-05-22 22:06:38,064] {dagbag.py:496} INFO - Filling up the DagBag from /home/airflow/.local/lib/python3.8/site-packages/airflow/example_dags/example_task_group.py
[2022-05-22 22:06:38,085] {scheduler_job.py:643} INFO - DAG(s) dict_keys(['example_task_group']) retrieved from /home/airflow/.local/lib/python3.8/site-packages/airflow/example_dags/example_task_group.py
[2022-05-22 22:06:38,123] {logging_mixin.py:104} INFO - [2022-05-22 22:06:38,123] {dag.py:1833} INFO - Sync 1 DAGs
[2022-05-22 22:06:38,154] {logging_mixin.py:104} INFO - [2022-05-22 22:06:38,153] {dag.py:2306} INFO - Setting next_dagrun for example_task_group to 2022-05-20 00:00:00+00:00
[2022-05-22 22:06:38,221] {scheduler_job.py:190} INFO - Processing /home/airflow/.local/lib/python3.8/site-packages/airflow/example_dags/example_task_group.py took 0.166 seconds
[2022-05-22 22:07:36,311] {scheduler_job.py:182} INFO - Started process (PID=274) to work on /home/airflow/.local/lib/python3.8/site-packages/airflow/example_dags/example_task_group.py
[2022-05-22 22:07:36,320] {scheduler_job.py:633} INFO - Processing file /home/airflow/.local/lib/python3.8/site-packages/airflow/example_dags/example_task_group.py for tasks to queue
[2022-05-22 22:07:36,326] {logging_mixin.py:104} INFO - [2022-05-22 22:07:36,326] {dagbag.py:496} INFO - Filling up the DagBag from /home/airflow/.local/lib/python3.8/site-packages/airflow/example_dags/example_task_group.py
[2022-05-22 22:07:36,361] {scheduler_job.py:643} INFO - DAG(s) dict_keys(['example_task_group']) retrieved from /home/airflow/.local/lib/python3.8/site-packages/airflow/example_dags/example_task_group.py
[2022-05-22 22:07:36,436] {logging_mixin.py:104} INFO - [2022-05-22 22:07:36,431] {dag.py:1833} INFO - Sync 1 DAGs
[2022-05-22 22:07:36,543] {logging_mixin.py:104} INFO - [2022-05-22 22:07:36,543] {dag.py:2306} INFO - Setting next_dagrun for example_task_group to 2022-05-20 00:00:00+00:00
[2022-05-22 22:07:36,695] {scheduler_job.py:190} INFO - Processing /home/airflow/.local/lib/python3.8/site-packages/airflow/example_dags/example_task_group.py took 0.388 seconds
[2022-05-22 22:08:28,239] {scheduler_job.py:182} INFO - Started process (PID=311) to work on /home/airflow/.local/lib/python3.8/site-packages/airflow/example_dags/example_task_group.py
[2022-05-22 22:08:28,241] {scheduler_job.py:633} INFO - Processing file /home/airflow/.local/lib/python3.8/site-packages/airflow/example_dags/example_task_group.py for tasks to queue
[2022-05-22 22:08:28,244] {logging_mixin.py:104} INFO - [2022-05-22 22:08:28,244] {dagbag.py:496} INFO - Filling up the DagBag from /home/airflow/.local/lib/python3.8/site-packages/airflow/example_dags/example_task_group.py
[2022-05-22 22:08:28,264] {scheduler_job.py:643} INFO - DAG(s) dict_keys(['example_task_group']) retrieved from /home/airflow/.local/lib/python3.8/site-packages/airflow/example_dags/example_task_group.py
[2022-05-22 22:08:28,294] {logging_mixin.py:104} INFO - [2022-05-22 22:08:28,293] {dag.py:1833} INFO - Sync 1 DAGs
[2022-05-22 22:08:28,321] {logging_mixin.py:104} INFO - [2022-05-22 22:08:28,321] {dag.py:2306} INFO - Setting next_dagrun for example_task_group to 2022-05-20 00:00:00+00:00
[2022-05-22 22:08:28,381] {scheduler_job.py:190} INFO - Processing /home/airflow/.local/lib/python3.8/site-packages/airflow/example_dags/example_task_group.py took 0.148 seconds
[2022-05-22 22:09:08,573] {scheduler_job.py:182} INFO - Started process (PID=343) to work on /home/airflow/.local/lib/python3.8/site-packages/airflow/example_dags/example_task_group.py
[2022-05-22 22:09:08,577] {scheduler_job.py:633} INFO - Processing file /home/airflow/.local/lib/python3.8/site-packages/airflow/example_dags/example_task_group.py for tasks to queue
[2022-05-22 22:09:08,579] {logging_mixin.py:104} INFO - [2022-05-22 22:09:08,578] {dagbag.py:496} INFO - Filling up the DagBag from /home/airflow/.local/lib/python3.8/site-packages/airflow/example_dags/example_task_group.py
[2022-05-22 22:09:08,597] {scheduler_job.py:643} INFO - DAG(s) dict_keys(['example_task_group']) retrieved from /home/airflow/.local/lib/python3.8/site-packages/airflow/example_dags/example_task_group.py
[2022-05-22 22:09:08,625] {logging_mixin.py:104} INFO - [2022-05-22 22:09:08,625] {dag.py:1833} INFO - Sync 1 DAGs
[2022-05-22 22:09:08,646] {logging_mixin.py:104} INFO - [2022-05-22 22:09:08,646] {dag.py:2306} INFO - Setting next_dagrun for example_task_group to 2022-05-20 00:00:00+00:00
[2022-05-22 22:09:08,696] {scheduler_job.py:190} INFO - Processing /home/airflow/.local/lib/python3.8/site-packages/airflow/example_dags/example_task_group.py took 0.127 seconds
[2022-05-22 22:09:54,344] {scheduler_job.py:182} INFO - Started process (PID=380) to work on /home/airflow/.local/lib/python3.8/site-packages/airflow/example_dags/example_task_group.py
[2022-05-22 22:09:54,347] {scheduler_job.py:633} INFO - Processing file /home/airflow/.local/lib/python3.8/site-packages/airflow/example_dags/example_task_group.py for tasks to queue
[2022-05-22 22:09:54,349] {logging_mixin.py:104} INFO - [2022-05-22 22:09:54,349] {dagbag.py:496} INFO - Filling up the DagBag from /home/airflow/.local/lib/python3.8/site-packages/airflow/example_dags/example_task_group.py
[2022-05-22 22:09:54,365] {scheduler_job.py:643} INFO - DAG(s) dict_keys(['example_task_group']) retrieved from /home/airflow/.local/lib/python3.8/site-packages/airflow/example_dags/example_task_group.py
[2022-05-22 22:09:54,389] {logging_mixin.py:104} INFO - [2022-05-22 22:09:54,389] {dag.py:1833} INFO - Sync 1 DAGs
[2022-05-22 22:09:54,412] {logging_mixin.py:104} INFO - [2022-05-22 22:09:54,412] {dag.py:2306} INFO - Setting next_dagrun for example_task_group to 2022-05-20 00:00:00+00:00
[2022-05-22 22:09:54,461] {scheduler_job.py:190} INFO - Processing /home/airflow/.local/lib/python3.8/site-packages/airflow/example_dags/example_task_group.py took 0.121 seconds
[2022-05-22 22:13:08,859] {scheduler_job.py:182} INFO - Started process (PID=42) to work on /home/airflow/.local/lib/python3.8/site-packages/airflow/example_dags/example_task_group.py
[2022-05-22 22:13:08,862] {scheduler_job.py:633} INFO - Processing file /home/airflow/.local/lib/python3.8/site-packages/airflow/example_dags/example_task_group.py for tasks to queue
[2022-05-22 22:13:08,864] {logging_mixin.py:104} INFO - [2022-05-22 22:13:08,864] {dagbag.py:496} INFO - Filling up the DagBag from /home/airflow/.local/lib/python3.8/site-packages/airflow/example_dags/example_task_group.py
[2022-05-22 22:13:08,879] {scheduler_job.py:643} INFO - DAG(s) dict_keys(['example_task_group']) retrieved from /home/airflow/.local/lib/python3.8/site-packages/airflow/example_dags/example_task_group.py
[2022-05-22 22:13:09,161] {logging_mixin.py:104} INFO - [2022-05-22 22:13:09,160] {dag.py:1833} INFO - Sync 1 DAGs
[2022-05-22 22:13:09,181] {logging_mixin.py:104} INFO - [2022-05-22 22:13:09,181] {dag.py:2306} INFO - Setting next_dagrun for example_task_group to 2022-05-20 00:00:00+00:00
[2022-05-22 22:13:09,244] {scheduler_job.py:190} INFO - Processing /home/airflow/.local/lib/python3.8/site-packages/airflow/example_dags/example_task_group.py took 0.388 seconds
[2022-05-22 22:14:16,013] {scheduler_job.py:182} INFO - Started process (PID=95) to work on /home/airflow/.local/lib/python3.8/site-packages/airflow/example_dags/example_task_group.py
[2022-05-22 22:14:16,016] {scheduler_job.py:633} INFO - Processing file /home/airflow/.local/lib/python3.8/site-packages/airflow/example_dags/example_task_group.py for tasks to queue
[2022-05-22 22:14:16,018] {logging_mixin.py:104} INFO - [2022-05-22 22:14:16,018] {dagbag.py:496} INFO - Filling up the DagBag from /home/airflow/.local/lib/python3.8/site-packages/airflow/example_dags/example_task_group.py
[2022-05-22 22:14:16,034] {scheduler_job.py:643} INFO - DAG(s) dict_keys(['example_task_group']) retrieved from /home/airflow/.local/lib/python3.8/site-packages/airflow/example_dags/example_task_group.py
[2022-05-22 22:14:16,060] {logging_mixin.py:104} INFO - [2022-05-22 22:14:16,060] {dag.py:1833} INFO - Sync 1 DAGs
[2022-05-22 22:14:16,082] {logging_mixin.py:104} INFO - [2022-05-22 22:14:16,082] {dag.py:2306} INFO - Setting next_dagrun for example_task_group to 2022-05-20 00:00:00+00:00
[2022-05-22 22:14:16,129] {scheduler_job.py:190} INFO - Processing /home/airflow/.local/lib/python3.8/site-packages/airflow/example_dags/example_task_group.py took 0.119 seconds
[2022-05-22 22:14:59,935] {scheduler_job.py:182} INFO - Started process (PID=130) to work on /home/airflow/.local/lib/python3.8/site-packages/airflow/example_dags/example_task_group.py
[2022-05-22 22:14:59,938] {scheduler_job.py:633} INFO - Processing file /home/airflow/.local/lib/python3.8/site-packages/airflow/example_dags/example_task_group.py for tasks to queue
[2022-05-22 22:14:59,940] {logging_mixin.py:104} INFO - [2022-05-22 22:14:59,939] {dagbag.py:496} INFO - Filling up the DagBag from /home/airflow/.local/lib/python3.8/site-packages/airflow/example_dags/example_task_group.py
[2022-05-22 22:14:59,955] {scheduler_job.py:643} INFO - DAG(s) dict_keys(['example_task_group']) retrieved from /home/airflow/.local/lib/python3.8/site-packages/airflow/example_dags/example_task_group.py
[2022-05-22 22:14:59,981] {logging_mixin.py:104} INFO - [2022-05-22 22:14:59,981] {dag.py:1833} INFO - Sync 1 DAGs
[2022-05-22 22:15:00,004] {logging_mixin.py:104} INFO - [2022-05-22 22:15:00,004] {dag.py:2306} INFO - Setting next_dagrun for example_task_group to 2022-05-20 00:00:00+00:00
[2022-05-22 22:15:00,053] {scheduler_job.py:190} INFO - Processing /home/airflow/.local/lib/python3.8/site-packages/airflow/example_dags/example_task_group.py took 0.122 seconds
[2022-05-22 22:15:42,717] {scheduler_job.py:182} INFO - Started process (PID=163) to work on /home/airflow/.local/lib/python3.8/site-packages/airflow/example_dags/example_task_group.py
[2022-05-22 22:15:42,721] {scheduler_job.py:633} INFO - Processing file /home/airflow/.local/lib/python3.8/site-packages/airflow/example_dags/example_task_group.py for tasks to queue
[2022-05-22 22:15:42,724] {logging_mixin.py:104} INFO - [2022-05-22 22:15:42,724] {dagbag.py:496} INFO - Filling up the DagBag from /home/airflow/.local/lib/python3.8/site-packages/airflow/example_dags/example_task_group.py
[2022-05-22 22:15:42,743] {scheduler_job.py:643} INFO - DAG(s) dict_keys(['example_task_group']) retrieved from /home/airflow/.local/lib/python3.8/site-packages/airflow/example_dags/example_task_group.py
[2022-05-22 22:15:42,780] {logging_mixin.py:104} INFO - [2022-05-22 22:15:42,780] {dag.py:1833} INFO - Sync 1 DAGs
[2022-05-22 22:15:42,801] {logging_mixin.py:104} INFO - [2022-05-22 22:15:42,801] {dag.py:2306} INFO - Setting next_dagrun for example_task_group to 2022-05-20 00:00:00+00:00
[2022-05-22 22:15:42,847] {scheduler_job.py:190} INFO - Processing /home/airflow/.local/lib/python3.8/site-packages/airflow/example_dags/example_task_group.py took 0.133 seconds
[2022-05-22 22:19:15,906] {scheduler_job.py:182} INFO - Started process (PID=63) to work on /home/airflow/.local/lib/python3.8/site-packages/airflow/example_dags/example_task_group.py
[2022-05-22 22:19:15,911] {scheduler_job.py:633} INFO - Processing file /home/airflow/.local/lib/python3.8/site-packages/airflow/example_dags/example_task_group.py for tasks to queue
[2022-05-22 22:19:15,913] {logging_mixin.py:104} INFO - [2022-05-22 22:19:15,913] {dagbag.py:496} INFO - Filling up the DagBag from /home/airflow/.local/lib/python3.8/site-packages/airflow/example_dags/example_task_group.py
[2022-05-22 22:19:15,934] {scheduler_job.py:643} INFO - DAG(s) dict_keys(['example_task_group']) retrieved from /home/airflow/.local/lib/python3.8/site-packages/airflow/example_dags/example_task_group.py
[2022-05-22 22:19:15,971] {logging_mixin.py:104} INFO - [2022-05-22 22:19:15,971] {dag.py:1833} INFO - Sync 1 DAGs
[2022-05-22 22:19:15,999] {logging_mixin.py:104} INFO - [2022-05-22 22:19:15,998] {dag.py:2306} INFO - Setting next_dagrun for example_task_group to 2022-05-20 00:00:00+00:00
[2022-05-22 22:19:16,058] {scheduler_job.py:190} INFO - Processing /home/airflow/.local/lib/python3.8/site-packages/airflow/example_dags/example_task_group.py took 0.160 seconds
