[2022-05-22 20:45:57,011] {scheduler_job.py:182} INFO - Started process (PID=24) to work on /home/airflow/.local/lib/python3.8/site-packages/airflow/example_dags/example_latest_only_with_trigger.py
[2022-05-22 20:45:57,023] {scheduler_job.py:633} INFO - Processing file /home/airflow/.local/lib/python3.8/site-packages/airflow/example_dags/example_latest_only_with_trigger.py for tasks to queue
[2022-05-22 20:45:57,027] {logging_mixin.py:104} INFO - [2022-05-22 20:45:57,027] {dagbag.py:496} INFO - Filling up the DagBag from /home/airflow/.local/lib/python3.8/site-packages/airflow/example_dags/example_latest_only_with_trigger.py
[2022-05-22 20:45:57,072] {scheduler_job.py:643} INFO - DAG(s) dict_keys(['latest_only_with_trigger']) retrieved from /home/airflow/.local/lib/python3.8/site-packages/airflow/example_dags/example_latest_only_with_trigger.py
[2022-05-22 20:45:57,165] {logging_mixin.py:104} INFO - [2022-05-22 20:45:57,165] {dag.py:1833} INFO - Sync 1 DAGs
[2022-05-22 20:45:57,209] {logging_mixin.py:104} INFO - [2022-05-22 20:45:57,208] {dag.py:2306} INFO - Setting next_dagrun for latest_only_with_trigger to 2022-05-20 00:00:00+00:00
[2022-05-22 20:45:57,277] {scheduler_job.py:190} INFO - Processing /home/airflow/.local/lib/python3.8/site-packages/airflow/example_dags/example_latest_only_with_trigger.py took 0.271 seconds
[2022-05-22 20:46:36,822] {scheduler_job.py:182} INFO - Started process (PID=55) to work on /home/airflow/.local/lib/python3.8/site-packages/airflow/example_dags/example_latest_only_with_trigger.py
[2022-05-22 20:46:36,825] {scheduler_job.py:633} INFO - Processing file /home/airflow/.local/lib/python3.8/site-packages/airflow/example_dags/example_latest_only_with_trigger.py for tasks to queue
[2022-05-22 20:46:36,826] {logging_mixin.py:104} INFO - [2022-05-22 20:46:36,826] {dagbag.py:496} INFO - Filling up the DagBag from /home/airflow/.local/lib/python3.8/site-packages/airflow/example_dags/example_latest_only_with_trigger.py
[2022-05-22 20:46:36,840] {scheduler_job.py:643} INFO - DAG(s) dict_keys(['latest_only_with_trigger']) retrieved from /home/airflow/.local/lib/python3.8/site-packages/airflow/example_dags/example_latest_only_with_trigger.py
[2022-05-22 20:46:36,864] {logging_mixin.py:104} INFO - [2022-05-22 20:46:36,863] {dag.py:1833} INFO - Sync 1 DAGs
[2022-05-22 20:46:36,889] {logging_mixin.py:104} INFO - [2022-05-22 20:46:36,889] {dag.py:2306} INFO - Setting next_dagrun for latest_only_with_trigger to 2022-05-20 00:00:00+00:00
[2022-05-22 20:46:36,984] {scheduler_job.py:190} INFO - Processing /home/airflow/.local/lib/python3.8/site-packages/airflow/example_dags/example_latest_only_with_trigger.py took 0.166 seconds
[2022-05-22 20:47:09,598] {scheduler_job.py:182} INFO - Started process (PID=79) to work on /home/airflow/.local/lib/python3.8/site-packages/airflow/example_dags/example_latest_only_with_trigger.py
[2022-05-22 20:47:09,603] {scheduler_job.py:633} INFO - Processing file /home/airflow/.local/lib/python3.8/site-packages/airflow/example_dags/example_latest_only_with_trigger.py for tasks to queue
[2022-05-22 20:47:09,605] {logging_mixin.py:104} INFO - [2022-05-22 20:47:09,605] {dagbag.py:496} INFO - Filling up the DagBag from /home/airflow/.local/lib/python3.8/site-packages/airflow/example_dags/example_latest_only_with_trigger.py
[2022-05-22 20:47:09,622] {scheduler_job.py:643} INFO - DAG(s) dict_keys(['latest_only_with_trigger']) retrieved from /home/airflow/.local/lib/python3.8/site-packages/airflow/example_dags/example_latest_only_with_trigger.py
[2022-05-22 20:47:09,670] {logging_mixin.py:104} INFO - [2022-05-22 20:47:09,670] {dag.py:1833} INFO - Sync 1 DAGs
[2022-05-22 20:47:09,708] {logging_mixin.py:104} INFO - [2022-05-22 20:47:09,708] {dag.py:2306} INFO - Setting next_dagrun for latest_only_with_trigger to 2022-05-20 00:00:00+00:00
[2022-05-22 20:47:09,775] {scheduler_job.py:190} INFO - Processing /home/airflow/.local/lib/python3.8/site-packages/airflow/example_dags/example_latest_only_with_trigger.py took 0.180 seconds
[2022-05-22 20:47:49,704] {scheduler_job.py:182} INFO - Started process (PID=107) to work on /home/airflow/.local/lib/python3.8/site-packages/airflow/example_dags/example_latest_only_with_trigger.py
[2022-05-22 20:47:49,710] {scheduler_job.py:633} INFO - Processing file /home/airflow/.local/lib/python3.8/site-packages/airflow/example_dags/example_latest_only_with_trigger.py for tasks to queue
[2022-05-22 20:47:49,712] {logging_mixin.py:104} INFO - [2022-05-22 20:47:49,712] {dagbag.py:496} INFO - Filling up the DagBag from /home/airflow/.local/lib/python3.8/site-packages/airflow/example_dags/example_latest_only_with_trigger.py
[2022-05-22 20:47:49,729] {scheduler_job.py:643} INFO - DAG(s) dict_keys(['latest_only_with_trigger']) retrieved from /home/airflow/.local/lib/python3.8/site-packages/airflow/example_dags/example_latest_only_with_trigger.py
[2022-05-22 20:47:49,762] {logging_mixin.py:104} INFO - [2022-05-22 20:47:49,762] {dag.py:1833} INFO - Sync 1 DAGs
[2022-05-22 20:47:49,802] {logging_mixin.py:104} INFO - [2022-05-22 20:47:49,801] {dag.py:2306} INFO - Setting next_dagrun for latest_only_with_trigger to 2022-05-20 00:00:00+00:00
[2022-05-22 20:47:49,876] {scheduler_job.py:190} INFO - Processing /home/airflow/.local/lib/python3.8/site-packages/airflow/example_dags/example_latest_only_with_trigger.py took 0.178 seconds
[2022-05-22 20:48:28,619] {scheduler_job.py:182} INFO - Started process (PID=136) to work on /home/airflow/.local/lib/python3.8/site-packages/airflow/example_dags/example_latest_only_with_trigger.py
[2022-05-22 20:48:28,632] {scheduler_job.py:633} INFO - Processing file /home/airflow/.local/lib/python3.8/site-packages/airflow/example_dags/example_latest_only_with_trigger.py for tasks to queue
[2022-05-22 20:48:28,635] {logging_mixin.py:104} INFO - [2022-05-22 20:48:28,635] {dagbag.py:496} INFO - Filling up the DagBag from /home/airflow/.local/lib/python3.8/site-packages/airflow/example_dags/example_latest_only_with_trigger.py
[2022-05-22 20:48:28,658] {scheduler_job.py:643} INFO - DAG(s) dict_keys(['latest_only_with_trigger']) retrieved from /home/airflow/.local/lib/python3.8/site-packages/airflow/example_dags/example_latest_only_with_trigger.py
[2022-05-22 20:48:28,699] {logging_mixin.py:104} INFO - [2022-05-22 20:48:28,698] {dag.py:1833} INFO - Sync 1 DAGs
[2022-05-22 20:48:28,759] {logging_mixin.py:104} INFO - [2022-05-22 20:48:28,758] {dag.py:2306} INFO - Setting next_dagrun for latest_only_with_trigger to 2022-05-20 00:00:00+00:00
[2022-05-22 20:48:28,877] {scheduler_job.py:190} INFO - Processing /home/airflow/.local/lib/python3.8/site-packages/airflow/example_dags/example_latest_only_with_trigger.py took 0.264 seconds
[2022-05-22 20:49:05,530] {scheduler_job.py:182} INFO - Started process (PID=156) to work on /home/airflow/.local/lib/python3.8/site-packages/airflow/example_dags/example_latest_only_with_trigger.py
[2022-05-22 20:49:05,535] {scheduler_job.py:633} INFO - Processing file /home/airflow/.local/lib/python3.8/site-packages/airflow/example_dags/example_latest_only_with_trigger.py for tasks to queue
[2022-05-22 20:49:05,540] {logging_mixin.py:104} INFO - [2022-05-22 20:49:05,539] {dagbag.py:496} INFO - Filling up the DagBag from /home/airflow/.local/lib/python3.8/site-packages/airflow/example_dags/example_latest_only_with_trigger.py
[2022-05-22 20:49:05,568] {scheduler_job.py:643} INFO - DAG(s) dict_keys(['latest_only_with_trigger']) retrieved from /home/airflow/.local/lib/python3.8/site-packages/airflow/example_dags/example_latest_only_with_trigger.py
[2022-05-22 20:49:05,665] {logging_mixin.py:104} INFO - [2022-05-22 20:49:05,665] {dag.py:1833} INFO - Sync 1 DAGs
[2022-05-22 20:49:05,740] {logging_mixin.py:104} INFO - [2022-05-22 20:49:05,740] {dag.py:2306} INFO - Setting next_dagrun for latest_only_with_trigger to 2022-05-20 00:00:00+00:00
[2022-05-22 20:49:05,907] {scheduler_job.py:190} INFO - Processing /home/airflow/.local/lib/python3.8/site-packages/airflow/example_dags/example_latest_only_with_trigger.py took 0.383 seconds
[2022-05-22 20:49:56,186] {scheduler_job.py:182} INFO - Started process (PID=186) to work on /home/airflow/.local/lib/python3.8/site-packages/airflow/example_dags/example_latest_only_with_trigger.py
[2022-05-22 20:49:56,190] {scheduler_job.py:633} INFO - Processing file /home/airflow/.local/lib/python3.8/site-packages/airflow/example_dags/example_latest_only_with_trigger.py for tasks to queue
[2022-05-22 20:49:56,192] {logging_mixin.py:104} INFO - [2022-05-22 20:49:56,192] {dagbag.py:496} INFO - Filling up the DagBag from /home/airflow/.local/lib/python3.8/site-packages/airflow/example_dags/example_latest_only_with_trigger.py
[2022-05-22 20:49:56,222] {scheduler_job.py:643} INFO - DAG(s) dict_keys(['latest_only_with_trigger']) retrieved from /home/airflow/.local/lib/python3.8/site-packages/airflow/example_dags/example_latest_only_with_trigger.py
[2022-05-22 20:49:56,267] {logging_mixin.py:104} INFO - [2022-05-22 20:49:56,267] {dag.py:1833} INFO - Sync 1 DAGs
[2022-05-22 20:49:56,300] {logging_mixin.py:104} INFO - [2022-05-22 20:49:56,300] {dag.py:2306} INFO - Setting next_dagrun for latest_only_with_trigger to 2022-05-20 00:00:00+00:00
[2022-05-22 20:49:56,375] {scheduler_job.py:190} INFO - Processing /home/airflow/.local/lib/python3.8/site-packages/airflow/example_dags/example_latest_only_with_trigger.py took 0.201 seconds
[2022-05-22 20:50:30,224] {scheduler_job.py:182} INFO - Started process (PID=209) to work on /home/airflow/.local/lib/python3.8/site-packages/airflow/example_dags/example_latest_only_with_trigger.py
[2022-05-22 20:50:30,227] {scheduler_job.py:633} INFO - Processing file /home/airflow/.local/lib/python3.8/site-packages/airflow/example_dags/example_latest_only_with_trigger.py for tasks to queue
[2022-05-22 20:50:30,231] {logging_mixin.py:104} INFO - [2022-05-22 20:50:30,231] {dagbag.py:496} INFO - Filling up the DagBag from /home/airflow/.local/lib/python3.8/site-packages/airflow/example_dags/example_latest_only_with_trigger.py
[2022-05-22 20:50:30,255] {scheduler_job.py:643} INFO - DAG(s) dict_keys(['latest_only_with_trigger']) retrieved from /home/airflow/.local/lib/python3.8/site-packages/airflow/example_dags/example_latest_only_with_trigger.py
[2022-05-22 20:50:30,292] {logging_mixin.py:104} INFO - [2022-05-22 20:50:30,291] {dag.py:1833} INFO - Sync 1 DAGs
[2022-05-22 20:50:30,337] {logging_mixin.py:104} INFO - [2022-05-22 20:50:30,332] {dag.py:2306} INFO - Setting next_dagrun for latest_only_with_trigger to 2022-05-20 00:00:00+00:00
[2022-05-22 20:50:30,415] {scheduler_job.py:190} INFO - Processing /home/airflow/.local/lib/python3.8/site-packages/airflow/example_dags/example_latest_only_with_trigger.py took 0.196 seconds
[2022-05-22 20:51:17,024] {scheduler_job.py:182} INFO - Started process (PID=240) to work on /home/airflow/.local/lib/python3.8/site-packages/airflow/example_dags/example_latest_only_with_trigger.py
[2022-05-22 20:51:17,029] {scheduler_job.py:633} INFO - Processing file /home/airflow/.local/lib/python3.8/site-packages/airflow/example_dags/example_latest_only_with_trigger.py for tasks to queue
[2022-05-22 20:51:17,033] {logging_mixin.py:104} INFO - [2022-05-22 20:51:17,033] {dagbag.py:496} INFO - Filling up the DagBag from /home/airflow/.local/lib/python3.8/site-packages/airflow/example_dags/example_latest_only_with_trigger.py
[2022-05-22 20:51:17,053] {scheduler_job.py:643} INFO - DAG(s) dict_keys(['latest_only_with_trigger']) retrieved from /home/airflow/.local/lib/python3.8/site-packages/airflow/example_dags/example_latest_only_with_trigger.py
[2022-05-22 20:51:17,090] {logging_mixin.py:104} INFO - [2022-05-22 20:51:17,090] {dag.py:1833} INFO - Sync 1 DAGs
[2022-05-22 20:51:17,125] {logging_mixin.py:104} INFO - [2022-05-22 20:51:17,125] {dag.py:2306} INFO - Setting next_dagrun for latest_only_with_trigger to 2022-05-20 00:00:00+00:00
[2022-05-22 20:51:17,198] {scheduler_job.py:190} INFO - Processing /home/airflow/.local/lib/python3.8/site-packages/airflow/example_dags/example_latest_only_with_trigger.py took 0.177 seconds
[2022-05-22 20:51:48,257] {scheduler_job.py:182} INFO - Started process (PID=262) to work on /home/airflow/.local/lib/python3.8/site-packages/airflow/example_dags/example_latest_only_with_trigger.py
[2022-05-22 20:51:48,263] {scheduler_job.py:633} INFO - Processing file /home/airflow/.local/lib/python3.8/site-packages/airflow/example_dags/example_latest_only_with_trigger.py for tasks to queue
[2022-05-22 20:51:48,265] {logging_mixin.py:104} INFO - [2022-05-22 20:51:48,264] {dagbag.py:496} INFO - Filling up the DagBag from /home/airflow/.local/lib/python3.8/site-packages/airflow/example_dags/example_latest_only_with_trigger.py
[2022-05-22 20:51:48,286] {scheduler_job.py:643} INFO - DAG(s) dict_keys(['latest_only_with_trigger']) retrieved from /home/airflow/.local/lib/python3.8/site-packages/airflow/example_dags/example_latest_only_with_trigger.py
[2022-05-22 20:51:48,322] {logging_mixin.py:104} INFO - [2022-05-22 20:51:48,322] {dag.py:1833} INFO - Sync 1 DAGs
[2022-05-22 20:51:48,362] {logging_mixin.py:104} INFO - [2022-05-22 20:51:48,362] {dag.py:2306} INFO - Setting next_dagrun for latest_only_with_trigger to 2022-05-20 00:00:00+00:00
[2022-05-22 20:51:48,469] {scheduler_job.py:190} INFO - Processing /home/airflow/.local/lib/python3.8/site-packages/airflow/example_dags/example_latest_only_with_trigger.py took 0.216 seconds
[2022-05-22 20:52:22,139] {scheduler_job.py:182} INFO - Started process (PID=285) to work on /home/airflow/.local/lib/python3.8/site-packages/airflow/example_dags/example_latest_only_with_trigger.py
[2022-05-22 20:52:22,143] {scheduler_job.py:633} INFO - Processing file /home/airflow/.local/lib/python3.8/site-packages/airflow/example_dags/example_latest_only_with_trigger.py for tasks to queue
[2022-05-22 20:52:22,145] {logging_mixin.py:104} INFO - [2022-05-22 20:52:22,144] {dagbag.py:496} INFO - Filling up the DagBag from /home/airflow/.local/lib/python3.8/site-packages/airflow/example_dags/example_latest_only_with_trigger.py
[2022-05-22 20:52:22,168] {scheduler_job.py:643} INFO - DAG(s) dict_keys(['latest_only_with_trigger']) retrieved from /home/airflow/.local/lib/python3.8/site-packages/airflow/example_dags/example_latest_only_with_trigger.py
[2022-05-22 20:52:22,208] {logging_mixin.py:104} INFO - [2022-05-22 20:52:22,207] {dag.py:1833} INFO - Sync 1 DAGs
[2022-05-22 20:52:22,239] {logging_mixin.py:104} INFO - [2022-05-22 20:52:22,239] {dag.py:2306} INFO - Setting next_dagrun for latest_only_with_trigger to 2022-05-20 00:00:00+00:00
[2022-05-22 20:52:22,314] {scheduler_job.py:190} INFO - Processing /home/airflow/.local/lib/python3.8/site-packages/airflow/example_dags/example_latest_only_with_trigger.py took 0.180 seconds
[2022-05-22 21:24:14,961] {scheduler_job.py:182} INFO - Started process (PID=26) to work on /home/airflow/.local/lib/python3.8/site-packages/airflow/example_dags/example_latest_only_with_trigger.py
[2022-05-22 21:24:14,965] {scheduler_job.py:633} INFO - Processing file /home/airflow/.local/lib/python3.8/site-packages/airflow/example_dags/example_latest_only_with_trigger.py for tasks to queue
[2022-05-22 21:24:14,967] {logging_mixin.py:104} INFO - [2022-05-22 21:24:14,967] {dagbag.py:496} INFO - Filling up the DagBag from /home/airflow/.local/lib/python3.8/site-packages/airflow/example_dags/example_latest_only_with_trigger.py
[2022-05-22 21:24:14,990] {scheduler_job.py:643} INFO - DAG(s) dict_keys(['latest_only_with_trigger']) retrieved from /home/airflow/.local/lib/python3.8/site-packages/airflow/example_dags/example_latest_only_with_trigger.py
[2022-05-22 21:24:15,076] {logging_mixin.py:104} INFO - [2022-05-22 21:24:15,076] {dag.py:1833} INFO - Sync 1 DAGs
[2022-05-22 21:24:15,257] {logging_mixin.py:104} INFO - [2022-05-22 21:24:15,254] {dag.py:2306} INFO - Setting next_dagrun for latest_only_with_trigger to 2022-05-20 00:00:00+00:00
[2022-05-22 21:24:15,606] {scheduler_job.py:190} INFO - Processing /home/airflow/.local/lib/python3.8/site-packages/airflow/example_dags/example_latest_only_with_trigger.py took 0.649 seconds
[2022-05-22 21:25:02,690] {scheduler_job.py:182} INFO - Started process (PID=59) to work on /home/airflow/.local/lib/python3.8/site-packages/airflow/example_dags/example_latest_only_with_trigger.py
[2022-05-22 21:25:02,693] {scheduler_job.py:633} INFO - Processing file /home/airflow/.local/lib/python3.8/site-packages/airflow/example_dags/example_latest_only_with_trigger.py for tasks to queue
[2022-05-22 21:25:02,696] {logging_mixin.py:104} INFO - [2022-05-22 21:25:02,696] {dagbag.py:496} INFO - Filling up the DagBag from /home/airflow/.local/lib/python3.8/site-packages/airflow/example_dags/example_latest_only_with_trigger.py
[2022-05-22 21:25:02,713] {scheduler_job.py:643} INFO - DAG(s) dict_keys(['latest_only_with_trigger']) retrieved from /home/airflow/.local/lib/python3.8/site-packages/airflow/example_dags/example_latest_only_with_trigger.py
[2022-05-22 21:25:02,743] {logging_mixin.py:104} INFO - [2022-05-22 21:25:02,743] {dag.py:1833} INFO - Sync 1 DAGs
[2022-05-22 21:25:02,768] {logging_mixin.py:104} INFO - [2022-05-22 21:25:02,768] {dag.py:2306} INFO - Setting next_dagrun for latest_only_with_trigger to 2022-05-20 00:00:00+00:00
[2022-05-22 21:25:02,821] {scheduler_job.py:190} INFO - Processing /home/airflow/.local/lib/python3.8/site-packages/airflow/example_dags/example_latest_only_with_trigger.py took 0.134 seconds
[2022-05-22 21:25:39,622] {scheduler_job.py:182} INFO - Started process (PID=86) to work on /home/airflow/.local/lib/python3.8/site-packages/airflow/example_dags/example_latest_only_with_trigger.py
[2022-05-22 21:25:39,626] {scheduler_job.py:633} INFO - Processing file /home/airflow/.local/lib/python3.8/site-packages/airflow/example_dags/example_latest_only_with_trigger.py for tasks to queue
[2022-05-22 21:25:39,627] {logging_mixin.py:104} INFO - [2022-05-22 21:25:39,627] {dagbag.py:496} INFO - Filling up the DagBag from /home/airflow/.local/lib/python3.8/site-packages/airflow/example_dags/example_latest_only_with_trigger.py
[2022-05-22 21:25:39,640] {scheduler_job.py:643} INFO - DAG(s) dict_keys(['latest_only_with_trigger']) retrieved from /home/airflow/.local/lib/python3.8/site-packages/airflow/example_dags/example_latest_only_with_trigger.py
[2022-05-22 21:25:39,676] {logging_mixin.py:104} INFO - [2022-05-22 21:25:39,676] {dag.py:1833} INFO - Sync 1 DAGs
[2022-05-22 21:25:39,710] {logging_mixin.py:104} INFO - [2022-05-22 21:25:39,709] {dag.py:2306} INFO - Setting next_dagrun for latest_only_with_trigger to 2022-05-20 00:00:00+00:00
[2022-05-22 21:25:39,756] {scheduler_job.py:190} INFO - Processing /home/airflow/.local/lib/python3.8/site-packages/airflow/example_dags/example_latest_only_with_trigger.py took 0.137 seconds
[2022-05-22 21:27:35,040] {scheduler_job.py:182} INFO - Started process (PID=27) to work on /home/airflow/.local/lib/python3.8/site-packages/airflow/example_dags/example_latest_only_with_trigger.py
[2022-05-22 21:27:35,045] {scheduler_job.py:633} INFO - Processing file /home/airflow/.local/lib/python3.8/site-packages/airflow/example_dags/example_latest_only_with_trigger.py for tasks to queue
[2022-05-22 21:27:35,047] {logging_mixin.py:104} INFO - [2022-05-22 21:27:35,047] {dagbag.py:496} INFO - Filling up the DagBag from /home/airflow/.local/lib/python3.8/site-packages/airflow/example_dags/example_latest_only_with_trigger.py
[2022-05-22 21:27:35,066] {scheduler_job.py:643} INFO - DAG(s) dict_keys(['latest_only_with_trigger']) retrieved from /home/airflow/.local/lib/python3.8/site-packages/airflow/example_dags/example_latest_only_with_trigger.py
[2022-05-22 21:27:35,099] {logging_mixin.py:104} INFO - [2022-05-22 21:27:35,099] {dag.py:1833} INFO - Sync 1 DAGs
[2022-05-22 21:27:35,125] {logging_mixin.py:104} INFO - [2022-05-22 21:27:35,125] {dag.py:2306} INFO - Setting next_dagrun for latest_only_with_trigger to 2022-05-20 00:00:00+00:00
[2022-05-22 21:27:35,187] {scheduler_job.py:190} INFO - Processing /home/airflow/.local/lib/python3.8/site-packages/airflow/example_dags/example_latest_only_with_trigger.py took 0.152 seconds
[2022-05-22 21:28:17,250] {scheduler_job.py:182} INFO - Started process (PID=60) to work on /home/airflow/.local/lib/python3.8/site-packages/airflow/example_dags/example_latest_only_with_trigger.py
[2022-05-22 21:28:17,255] {scheduler_job.py:633} INFO - Processing file /home/airflow/.local/lib/python3.8/site-packages/airflow/example_dags/example_latest_only_with_trigger.py for tasks to queue
[2022-05-22 21:28:17,258] {logging_mixin.py:104} INFO - [2022-05-22 21:28:17,258] {dagbag.py:496} INFO - Filling up the DagBag from /home/airflow/.local/lib/python3.8/site-packages/airflow/example_dags/example_latest_only_with_trigger.py
[2022-05-22 21:28:17,276] {scheduler_job.py:643} INFO - DAG(s) dict_keys(['latest_only_with_trigger']) retrieved from /home/airflow/.local/lib/python3.8/site-packages/airflow/example_dags/example_latest_only_with_trigger.py
[2022-05-22 21:28:17,312] {logging_mixin.py:104} INFO - [2022-05-22 21:28:17,312] {dag.py:1833} INFO - Sync 1 DAGs
[2022-05-22 21:28:17,347] {logging_mixin.py:104} INFO - [2022-05-22 21:28:17,346] {dag.py:2306} INFO - Setting next_dagrun for latest_only_with_trigger to 2022-05-20 00:00:00+00:00
[2022-05-22 21:28:17,413] {scheduler_job.py:190} INFO - Processing /home/airflow/.local/lib/python3.8/site-packages/airflow/example_dags/example_latest_only_with_trigger.py took 0.169 seconds
[2022-05-22 21:28:58,092] {scheduler_job.py:182} INFO - Started process (PID=89) to work on /home/airflow/.local/lib/python3.8/site-packages/airflow/example_dags/example_latest_only_with_trigger.py
[2022-05-22 21:28:58,102] {scheduler_job.py:633} INFO - Processing file /home/airflow/.local/lib/python3.8/site-packages/airflow/example_dags/example_latest_only_with_trigger.py for tasks to queue
[2022-05-22 21:28:58,105] {logging_mixin.py:104} INFO - [2022-05-22 21:28:58,105] {dagbag.py:496} INFO - Filling up the DagBag from /home/airflow/.local/lib/python3.8/site-packages/airflow/example_dags/example_latest_only_with_trigger.py
[2022-05-22 21:28:58,165] {scheduler_job.py:643} INFO - DAG(s) dict_keys(['latest_only_with_trigger']) retrieved from /home/airflow/.local/lib/python3.8/site-packages/airflow/example_dags/example_latest_only_with_trigger.py
[2022-05-22 21:28:58,273] {logging_mixin.py:104} INFO - [2022-05-22 21:28:58,272] {dag.py:1833} INFO - Sync 1 DAGs
[2022-05-22 21:28:58,374] {logging_mixin.py:104} INFO - [2022-05-22 21:28:58,372] {dag.py:2306} INFO - Setting next_dagrun for latest_only_with_trigger to 2022-05-20 00:00:00+00:00
[2022-05-22 21:28:58,663] {scheduler_job.py:190} INFO - Processing /home/airflow/.local/lib/python3.8/site-packages/airflow/example_dags/example_latest_only_with_trigger.py took 0.579 seconds
[2022-05-22 21:29:39,138] {scheduler_job.py:182} INFO - Started process (PID=121) to work on /home/airflow/.local/lib/python3.8/site-packages/airflow/example_dags/example_latest_only_with_trigger.py
[2022-05-22 21:29:39,146] {scheduler_job.py:633} INFO - Processing file /home/airflow/.local/lib/python3.8/site-packages/airflow/example_dags/example_latest_only_with_trigger.py for tasks to queue
[2022-05-22 21:29:39,150] {logging_mixin.py:104} INFO - [2022-05-22 21:29:39,150] {dagbag.py:496} INFO - Filling up the DagBag from /home/airflow/.local/lib/python3.8/site-packages/airflow/example_dags/example_latest_only_with_trigger.py
[2022-05-22 21:29:39,176] {scheduler_job.py:643} INFO - DAG(s) dict_keys(['latest_only_with_trigger']) retrieved from /home/airflow/.local/lib/python3.8/site-packages/airflow/example_dags/example_latest_only_with_trigger.py
[2022-05-22 21:29:39,215] {logging_mixin.py:104} INFO - [2022-05-22 21:29:39,215] {dag.py:1833} INFO - Sync 1 DAGs
[2022-05-22 21:29:39,246] {logging_mixin.py:104} INFO - [2022-05-22 21:29:39,246] {dag.py:2306} INFO - Setting next_dagrun for latest_only_with_trigger to 2022-05-20 00:00:00+00:00
[2022-05-22 21:29:39,311] {scheduler_job.py:190} INFO - Processing /home/airflow/.local/lib/python3.8/site-packages/airflow/example_dags/example_latest_only_with_trigger.py took 0.186 seconds
[2022-05-22 21:30:22,795] {scheduler_job.py:182} INFO - Started process (PID=153) to work on /home/airflow/.local/lib/python3.8/site-packages/airflow/example_dags/example_latest_only_with_trigger.py
[2022-05-22 21:30:22,799] {scheduler_job.py:633} INFO - Processing file /home/airflow/.local/lib/python3.8/site-packages/airflow/example_dags/example_latest_only_with_trigger.py for tasks to queue
[2022-05-22 21:30:22,802] {logging_mixin.py:104} INFO - [2022-05-22 21:30:22,801] {dagbag.py:496} INFO - Filling up the DagBag from /home/airflow/.local/lib/python3.8/site-packages/airflow/example_dags/example_latest_only_with_trigger.py
[2022-05-22 21:30:22,815] {scheduler_job.py:643} INFO - DAG(s) dict_keys(['latest_only_with_trigger']) retrieved from /home/airflow/.local/lib/python3.8/site-packages/airflow/example_dags/example_latest_only_with_trigger.py
[2022-05-22 21:30:22,843] {logging_mixin.py:104} INFO - [2022-05-22 21:30:22,843] {dag.py:1833} INFO - Sync 1 DAGs
[2022-05-22 21:30:22,867] {logging_mixin.py:104} INFO - [2022-05-22 21:30:22,867] {dag.py:2306} INFO - Setting next_dagrun for latest_only_with_trigger to 2022-05-20 00:00:00+00:00
[2022-05-22 21:30:22,927] {scheduler_job.py:190} INFO - Processing /home/airflow/.local/lib/python3.8/site-packages/airflow/example_dags/example_latest_only_with_trigger.py took 0.137 seconds
[2022-05-22 21:31:03,003] {scheduler_job.py:182} INFO - Started process (PID=185) to work on /home/airflow/.local/lib/python3.8/site-packages/airflow/example_dags/example_latest_only_with_trigger.py
[2022-05-22 21:31:03,016] {scheduler_job.py:633} INFO - Processing file /home/airflow/.local/lib/python3.8/site-packages/airflow/example_dags/example_latest_only_with_trigger.py for tasks to queue
[2022-05-22 21:31:03,018] {logging_mixin.py:104} INFO - [2022-05-22 21:31:03,018] {dagbag.py:496} INFO - Filling up the DagBag from /home/airflow/.local/lib/python3.8/site-packages/airflow/example_dags/example_latest_only_with_trigger.py
[2022-05-22 21:31:03,038] {scheduler_job.py:643} INFO - DAG(s) dict_keys(['latest_only_with_trigger']) retrieved from /home/airflow/.local/lib/python3.8/site-packages/airflow/example_dags/example_latest_only_with_trigger.py
[2022-05-22 21:31:03,086] {logging_mixin.py:104} INFO - [2022-05-22 21:31:03,086] {dag.py:1833} INFO - Sync 1 DAGs
[2022-05-22 21:31:03,125] {logging_mixin.py:104} INFO - [2022-05-22 21:31:03,124] {dag.py:2306} INFO - Setting next_dagrun for latest_only_with_trigger to 2022-05-20 00:00:00+00:00
[2022-05-22 21:31:03,178] {scheduler_job.py:190} INFO - Processing /home/airflow/.local/lib/python3.8/site-packages/airflow/example_dags/example_latest_only_with_trigger.py took 0.185 seconds
[2022-05-22 21:31:40,096] {scheduler_job.py:182} INFO - Started process (PID=215) to work on /home/airflow/.local/lib/python3.8/site-packages/airflow/example_dags/example_latest_only_with_trigger.py
[2022-05-22 21:31:40,099] {scheduler_job.py:633} INFO - Processing file /home/airflow/.local/lib/python3.8/site-packages/airflow/example_dags/example_latest_only_with_trigger.py for tasks to queue
[2022-05-22 21:31:40,101] {logging_mixin.py:104} INFO - [2022-05-22 21:31:40,101] {dagbag.py:496} INFO - Filling up the DagBag from /home/airflow/.local/lib/python3.8/site-packages/airflow/example_dags/example_latest_only_with_trigger.py
[2022-05-22 21:31:40,114] {scheduler_job.py:643} INFO - DAG(s) dict_keys(['latest_only_with_trigger']) retrieved from /home/airflow/.local/lib/python3.8/site-packages/airflow/example_dags/example_latest_only_with_trigger.py
[2022-05-22 21:31:40,138] {logging_mixin.py:104} INFO - [2022-05-22 21:31:40,138] {dag.py:1833} INFO - Sync 1 DAGs
[2022-05-22 21:31:40,158] {logging_mixin.py:104} INFO - [2022-05-22 21:31:40,158] {dag.py:2306} INFO - Setting next_dagrun for latest_only_with_trigger to 2022-05-20 00:00:00+00:00
[2022-05-22 21:31:40,200] {scheduler_job.py:190} INFO - Processing /home/airflow/.local/lib/python3.8/site-packages/airflow/example_dags/example_latest_only_with_trigger.py took 0.107 seconds
[2022-05-22 21:32:20,996] {scheduler_job.py:182} INFO - Started process (PID=248) to work on /home/airflow/.local/lib/python3.8/site-packages/airflow/example_dags/example_latest_only_with_trigger.py
[2022-05-22 21:32:21,010] {scheduler_job.py:633} INFO - Processing file /home/airflow/.local/lib/python3.8/site-packages/airflow/example_dags/example_latest_only_with_trigger.py for tasks to queue
[2022-05-22 21:32:21,014] {logging_mixin.py:104} INFO - [2022-05-22 21:32:21,014] {dagbag.py:496} INFO - Filling up the DagBag from /home/airflow/.local/lib/python3.8/site-packages/airflow/example_dags/example_latest_only_with_trigger.py
[2022-05-22 21:32:21,050] {scheduler_job.py:643} INFO - DAG(s) dict_keys(['latest_only_with_trigger']) retrieved from /home/airflow/.local/lib/python3.8/site-packages/airflow/example_dags/example_latest_only_with_trigger.py
[2022-05-22 21:32:21,093] {logging_mixin.py:104} INFO - [2022-05-22 21:32:21,092] {dag.py:1833} INFO - Sync 1 DAGs
[2022-05-22 21:32:21,120] {logging_mixin.py:104} INFO - [2022-05-22 21:32:21,120] {dag.py:2306} INFO - Setting next_dagrun for latest_only_with_trigger to 2022-05-20 00:00:00+00:00
[2022-05-22 21:32:21,181] {scheduler_job.py:190} INFO - Processing /home/airflow/.local/lib/python3.8/site-packages/airflow/example_dags/example_latest_only_with_trigger.py took 0.190 seconds
[2022-05-22 21:35:49,211] {scheduler_job.py:182} INFO - Started process (PID=25) to work on /home/airflow/.local/lib/python3.8/site-packages/airflow/example_dags/example_latest_only_with_trigger.py
[2022-05-22 21:35:49,214] {scheduler_job.py:633} INFO - Processing file /home/airflow/.local/lib/python3.8/site-packages/airflow/example_dags/example_latest_only_with_trigger.py for tasks to queue
[2022-05-22 21:35:49,216] {logging_mixin.py:104} INFO - [2022-05-22 21:35:49,215] {dagbag.py:496} INFO - Filling up the DagBag from /home/airflow/.local/lib/python3.8/site-packages/airflow/example_dags/example_latest_only_with_trigger.py
[2022-05-22 21:35:49,228] {scheduler_job.py:643} INFO - DAG(s) dict_keys(['latest_only_with_trigger']) retrieved from /home/airflow/.local/lib/python3.8/site-packages/airflow/example_dags/example_latest_only_with_trigger.py
[2022-05-22 21:35:49,250] {logging_mixin.py:104} INFO - [2022-05-22 21:35:49,250] {dag.py:1833} INFO - Sync 1 DAGs
[2022-05-22 21:35:49,268] {logging_mixin.py:104} INFO - [2022-05-22 21:35:49,268] {dag.py:2306} INFO - Setting next_dagrun for latest_only_with_trigger to 2022-05-20 00:00:00+00:00
[2022-05-22 21:35:49,314] {scheduler_job.py:190} INFO - Processing /home/airflow/.local/lib/python3.8/site-packages/airflow/example_dags/example_latest_only_with_trigger.py took 0.107 seconds
[2022-05-22 21:36:29,650] {scheduler_job.py:182} INFO - Started process (PID=58) to work on /home/airflow/.local/lib/python3.8/site-packages/airflow/example_dags/example_latest_only_with_trigger.py
[2022-05-22 21:36:29,653] {scheduler_job.py:633} INFO - Processing file /home/airflow/.local/lib/python3.8/site-packages/airflow/example_dags/example_latest_only_with_trigger.py for tasks to queue
[2022-05-22 21:36:29,655] {logging_mixin.py:104} INFO - [2022-05-22 21:36:29,655] {dagbag.py:496} INFO - Filling up the DagBag from /home/airflow/.local/lib/python3.8/site-packages/airflow/example_dags/example_latest_only_with_trigger.py
[2022-05-22 21:36:29,668] {scheduler_job.py:643} INFO - DAG(s) dict_keys(['latest_only_with_trigger']) retrieved from /home/airflow/.local/lib/python3.8/site-packages/airflow/example_dags/example_latest_only_with_trigger.py
[2022-05-22 21:36:29,691] {logging_mixin.py:104} INFO - [2022-05-22 21:36:29,691] {dag.py:1833} INFO - Sync 1 DAGs
[2022-05-22 21:36:29,710] {logging_mixin.py:104} INFO - [2022-05-22 21:36:29,710] {dag.py:2306} INFO - Setting next_dagrun for latest_only_with_trigger to 2022-05-20 00:00:00+00:00
[2022-05-22 21:36:29,760] {scheduler_job.py:190} INFO - Processing /home/airflow/.local/lib/python3.8/site-packages/airflow/example_dags/example_latest_only_with_trigger.py took 0.113 seconds
[2022-05-22 21:37:07,350] {scheduler_job.py:182} INFO - Started process (PID=87) to work on /home/airflow/.local/lib/python3.8/site-packages/airflow/example_dags/example_latest_only_with_trigger.py
[2022-05-22 21:37:07,353] {scheduler_job.py:633} INFO - Processing file /home/airflow/.local/lib/python3.8/site-packages/airflow/example_dags/example_latest_only_with_trigger.py for tasks to queue
[2022-05-22 21:37:07,355] {logging_mixin.py:104} INFO - [2022-05-22 21:37:07,355] {dagbag.py:496} INFO - Filling up the DagBag from /home/airflow/.local/lib/python3.8/site-packages/airflow/example_dags/example_latest_only_with_trigger.py
[2022-05-22 21:37:07,369] {scheduler_job.py:643} INFO - DAG(s) dict_keys(['latest_only_with_trigger']) retrieved from /home/airflow/.local/lib/python3.8/site-packages/airflow/example_dags/example_latest_only_with_trigger.py
[2022-05-22 21:37:07,393] {logging_mixin.py:104} INFO - [2022-05-22 21:37:07,392] {dag.py:1833} INFO - Sync 1 DAGs
[2022-05-22 21:37:07,414] {logging_mixin.py:104} INFO - [2022-05-22 21:37:07,414] {dag.py:2306} INFO - Setting next_dagrun for latest_only_with_trigger to 2022-05-20 00:00:00+00:00
[2022-05-22 21:37:07,462] {scheduler_job.py:190} INFO - Processing /home/airflow/.local/lib/python3.8/site-packages/airflow/example_dags/example_latest_only_with_trigger.py took 0.115 seconds
[2022-05-22 21:37:51,123] {scheduler_job.py:182} INFO - Started process (PID=119) to work on /home/airflow/.local/lib/python3.8/site-packages/airflow/example_dags/example_latest_only_with_trigger.py
[2022-05-22 21:37:51,127] {scheduler_job.py:633} INFO - Processing file /home/airflow/.local/lib/python3.8/site-packages/airflow/example_dags/example_latest_only_with_trigger.py for tasks to queue
[2022-05-22 21:37:51,129] {logging_mixin.py:104} INFO - [2022-05-22 21:37:51,129] {dagbag.py:496} INFO - Filling up the DagBag from /home/airflow/.local/lib/python3.8/site-packages/airflow/example_dags/example_latest_only_with_trigger.py
[2022-05-22 21:37:51,149] {scheduler_job.py:643} INFO - DAG(s) dict_keys(['latest_only_with_trigger']) retrieved from /home/airflow/.local/lib/python3.8/site-packages/airflow/example_dags/example_latest_only_with_trigger.py
[2022-05-22 21:37:51,200] {logging_mixin.py:104} INFO - [2022-05-22 21:37:51,198] {dag.py:1833} INFO - Sync 1 DAGs
[2022-05-22 21:37:51,259] {logging_mixin.py:104} INFO - [2022-05-22 21:37:51,259] {dag.py:2306} INFO - Setting next_dagrun for latest_only_with_trigger to 2022-05-20 00:00:00+00:00
[2022-05-22 21:37:51,336] {scheduler_job.py:190} INFO - Processing /home/airflow/.local/lib/python3.8/site-packages/airflow/example_dags/example_latest_only_with_trigger.py took 0.222 seconds
[2022-05-22 21:38:29,936] {scheduler_job.py:182} INFO - Started process (PID=152) to work on /home/airflow/.local/lib/python3.8/site-packages/airflow/example_dags/example_latest_only_with_trigger.py
[2022-05-22 21:38:29,939] {scheduler_job.py:633} INFO - Processing file /home/airflow/.local/lib/python3.8/site-packages/airflow/example_dags/example_latest_only_with_trigger.py for tasks to queue
[2022-05-22 21:38:29,942] {logging_mixin.py:104} INFO - [2022-05-22 21:38:29,941] {dagbag.py:496} INFO - Filling up the DagBag from /home/airflow/.local/lib/python3.8/site-packages/airflow/example_dags/example_latest_only_with_trigger.py
[2022-05-22 21:38:29,958] {scheduler_job.py:643} INFO - DAG(s) dict_keys(['latest_only_with_trigger']) retrieved from /home/airflow/.local/lib/python3.8/site-packages/airflow/example_dags/example_latest_only_with_trigger.py
[2022-05-22 21:38:29,987] {logging_mixin.py:104} INFO - [2022-05-22 21:38:29,987] {dag.py:1833} INFO - Sync 1 DAGs
[2022-05-22 21:38:30,019] {logging_mixin.py:104} INFO - [2022-05-22 21:38:30,019] {dag.py:2306} INFO - Setting next_dagrun for latest_only_with_trigger to 2022-05-20 00:00:00+00:00
[2022-05-22 21:38:30,071] {scheduler_job.py:190} INFO - Processing /home/airflow/.local/lib/python3.8/site-packages/airflow/example_dags/example_latest_only_with_trigger.py took 0.139 seconds
[2022-05-22 21:39:11,706] {scheduler_job.py:182} INFO - Started process (PID=185) to work on /home/airflow/.local/lib/python3.8/site-packages/airflow/example_dags/example_latest_only_with_trigger.py
[2022-05-22 21:39:11,709] {scheduler_job.py:633} INFO - Processing file /home/airflow/.local/lib/python3.8/site-packages/airflow/example_dags/example_latest_only_with_trigger.py for tasks to queue
[2022-05-22 21:39:11,711] {logging_mixin.py:104} INFO - [2022-05-22 21:39:11,711] {dagbag.py:496} INFO - Filling up the DagBag from /home/airflow/.local/lib/python3.8/site-packages/airflow/example_dags/example_latest_only_with_trigger.py
[2022-05-22 21:39:11,724] {scheduler_job.py:643} INFO - DAG(s) dict_keys(['latest_only_with_trigger']) retrieved from /home/airflow/.local/lib/python3.8/site-packages/airflow/example_dags/example_latest_only_with_trigger.py
[2022-05-22 21:39:11,748] {logging_mixin.py:104} INFO - [2022-05-22 21:39:11,748] {dag.py:1833} INFO - Sync 1 DAGs
[2022-05-22 21:39:11,770] {logging_mixin.py:104} INFO - [2022-05-22 21:39:11,770] {dag.py:2306} INFO - Setting next_dagrun for latest_only_with_trigger to 2022-05-20 00:00:00+00:00
[2022-05-22 21:39:11,816] {scheduler_job.py:190} INFO - Processing /home/airflow/.local/lib/python3.8/site-packages/airflow/example_dags/example_latest_only_with_trigger.py took 0.114 seconds
[2022-05-22 21:39:47,950] {scheduler_job.py:182} INFO - Started process (PID=214) to work on /home/airflow/.local/lib/python3.8/site-packages/airflow/example_dags/example_latest_only_with_trigger.py
[2022-05-22 21:39:47,952] {scheduler_job.py:633} INFO - Processing file /home/airflow/.local/lib/python3.8/site-packages/airflow/example_dags/example_latest_only_with_trigger.py for tasks to queue
[2022-05-22 21:39:47,954] {logging_mixin.py:104} INFO - [2022-05-22 21:39:47,954] {dagbag.py:496} INFO - Filling up the DagBag from /home/airflow/.local/lib/python3.8/site-packages/airflow/example_dags/example_latest_only_with_trigger.py
[2022-05-22 21:39:47,968] {scheduler_job.py:643} INFO - DAG(s) dict_keys(['latest_only_with_trigger']) retrieved from /home/airflow/.local/lib/python3.8/site-packages/airflow/example_dags/example_latest_only_with_trigger.py
[2022-05-22 21:39:47,993] {logging_mixin.py:104} INFO - [2022-05-22 21:39:47,992] {dag.py:1833} INFO - Sync 1 DAGs
[2022-05-22 21:39:48,013] {logging_mixin.py:104} INFO - [2022-05-22 21:39:48,013] {dag.py:2306} INFO - Setting next_dagrun for latest_only_with_trigger to 2022-05-20 00:00:00+00:00
[2022-05-22 21:39:48,063] {scheduler_job.py:190} INFO - Processing /home/airflow/.local/lib/python3.8/site-packages/airflow/example_dags/example_latest_only_with_trigger.py took 0.116 seconds
[2022-05-22 21:40:22,989] {scheduler_job.py:182} INFO - Started process (PID=242) to work on /home/airflow/.local/lib/python3.8/site-packages/airflow/example_dags/example_latest_only_with_trigger.py
[2022-05-22 21:40:22,998] {scheduler_job.py:633} INFO - Processing file /home/airflow/.local/lib/python3.8/site-packages/airflow/example_dags/example_latest_only_with_trigger.py for tasks to queue
[2022-05-22 21:40:23,002] {logging_mixin.py:104} INFO - [2022-05-22 21:40:23,002] {dagbag.py:496} INFO - Filling up the DagBag from /home/airflow/.local/lib/python3.8/site-packages/airflow/example_dags/example_latest_only_with_trigger.py
[2022-05-22 21:40:23,029] {scheduler_job.py:643} INFO - DAG(s) dict_keys(['latest_only_with_trigger']) retrieved from /home/airflow/.local/lib/python3.8/site-packages/airflow/example_dags/example_latest_only_with_trigger.py
[2022-05-22 21:40:23,099] {logging_mixin.py:104} INFO - [2022-05-22 21:40:23,098] {dag.py:1833} INFO - Sync 1 DAGs
[2022-05-22 21:40:23,156] {logging_mixin.py:104} INFO - [2022-05-22 21:40:23,156] {dag.py:2306} INFO - Setting next_dagrun for latest_only_with_trigger to 2022-05-20 00:00:00+00:00
[2022-05-22 21:40:23,271] {scheduler_job.py:190} INFO - Processing /home/airflow/.local/lib/python3.8/site-packages/airflow/example_dags/example_latest_only_with_trigger.py took 0.286 seconds
[2022-05-22 21:45:49,517] {scheduler_job.py:182} INFO - Started process (PID=26) to work on /home/airflow/.local/lib/python3.8/site-packages/airflow/example_dags/example_latest_only_with_trigger.py
[2022-05-22 21:45:49,522] {scheduler_job.py:633} INFO - Processing file /home/airflow/.local/lib/python3.8/site-packages/airflow/example_dags/example_latest_only_with_trigger.py for tasks to queue
[2022-05-22 21:45:49,524] {logging_mixin.py:104} INFO - [2022-05-22 21:45:49,524] {dagbag.py:496} INFO - Filling up the DagBag from /home/airflow/.local/lib/python3.8/site-packages/airflow/example_dags/example_latest_only_with_trigger.py
[2022-05-22 21:45:49,544] {scheduler_job.py:643} INFO - DAG(s) dict_keys(['latest_only_with_trigger']) retrieved from /home/airflow/.local/lib/python3.8/site-packages/airflow/example_dags/example_latest_only_with_trigger.py
[2022-05-22 21:45:49,580] {logging_mixin.py:104} INFO - [2022-05-22 21:45:49,580] {dag.py:1833} INFO - Sync 1 DAGs
[2022-05-22 21:45:49,621] {logging_mixin.py:104} INFO - [2022-05-22 21:45:49,620] {dag.py:2306} INFO - Setting next_dagrun for latest_only_with_trigger to 2022-05-20 00:00:00+00:00
[2022-05-22 21:45:49,697] {scheduler_job.py:190} INFO - Processing /home/airflow/.local/lib/python3.8/site-packages/airflow/example_dags/example_latest_only_with_trigger.py took 0.185 seconds
[2022-05-22 21:46:30,100] {scheduler_job.py:182} INFO - Started process (PID=59) to work on /home/airflow/.local/lib/python3.8/site-packages/airflow/example_dags/example_latest_only_with_trigger.py
[2022-05-22 21:46:30,104] {scheduler_job.py:633} INFO - Processing file /home/airflow/.local/lib/python3.8/site-packages/airflow/example_dags/example_latest_only_with_trigger.py for tasks to queue
[2022-05-22 21:46:30,107] {logging_mixin.py:104} INFO - [2022-05-22 21:46:30,107] {dagbag.py:496} INFO - Filling up the DagBag from /home/airflow/.local/lib/python3.8/site-packages/airflow/example_dags/example_latest_only_with_trigger.py
[2022-05-22 21:46:30,124] {scheduler_job.py:643} INFO - DAG(s) dict_keys(['latest_only_with_trigger']) retrieved from /home/airflow/.local/lib/python3.8/site-packages/airflow/example_dags/example_latest_only_with_trigger.py
[2022-05-22 21:46:30,156] {logging_mixin.py:104} INFO - [2022-05-22 21:46:30,156] {dag.py:1833} INFO - Sync 1 DAGs
[2022-05-22 21:46:30,183] {logging_mixin.py:104} INFO - [2022-05-22 21:46:30,183] {dag.py:2306} INFO - Setting next_dagrun for latest_only_with_trigger to 2022-05-20 00:00:00+00:00
[2022-05-22 21:46:30,235] {scheduler_job.py:190} INFO - Processing /home/airflow/.local/lib/python3.8/site-packages/airflow/example_dags/example_latest_only_with_trigger.py took 0.143 seconds
[2022-05-22 21:47:09,476] {scheduler_job.py:182} INFO - Started process (PID=88) to work on /home/airflow/.local/lib/python3.8/site-packages/airflow/example_dags/example_latest_only_with_trigger.py
[2022-05-22 21:47:09,480] {scheduler_job.py:633} INFO - Processing file /home/airflow/.local/lib/python3.8/site-packages/airflow/example_dags/example_latest_only_with_trigger.py for tasks to queue
[2022-05-22 21:47:09,482] {logging_mixin.py:104} INFO - [2022-05-22 21:47:09,482] {dagbag.py:496} INFO - Filling up the DagBag from /home/airflow/.local/lib/python3.8/site-packages/airflow/example_dags/example_latest_only_with_trigger.py
[2022-05-22 21:47:09,499] {scheduler_job.py:643} INFO - DAG(s) dict_keys(['latest_only_with_trigger']) retrieved from /home/airflow/.local/lib/python3.8/site-packages/airflow/example_dags/example_latest_only_with_trigger.py
[2022-05-22 21:47:09,535] {logging_mixin.py:104} INFO - [2022-05-22 21:47:09,535] {dag.py:1833} INFO - Sync 1 DAGs
[2022-05-22 21:47:09,560] {logging_mixin.py:104} INFO - [2022-05-22 21:47:09,560] {dag.py:2306} INFO - Setting next_dagrun for latest_only_with_trigger to 2022-05-20 00:00:00+00:00
[2022-05-22 21:47:09,611] {scheduler_job.py:190} INFO - Processing /home/airflow/.local/lib/python3.8/site-packages/airflow/example_dags/example_latest_only_with_trigger.py took 0.138 seconds
[2022-05-22 21:47:50,897] {scheduler_job.py:182} INFO - Started process (PID=120) to work on /home/airflow/.local/lib/python3.8/site-packages/airflow/example_dags/example_latest_only_with_trigger.py
[2022-05-22 21:47:50,906] {scheduler_job.py:633} INFO - Processing file /home/airflow/.local/lib/python3.8/site-packages/airflow/example_dags/example_latest_only_with_trigger.py for tasks to queue
[2022-05-22 21:47:50,916] {logging_mixin.py:104} INFO - [2022-05-22 21:47:50,915] {dagbag.py:496} INFO - Filling up the DagBag from /home/airflow/.local/lib/python3.8/site-packages/airflow/example_dags/example_latest_only_with_trigger.py
[2022-05-22 21:47:50,969] {scheduler_job.py:643} INFO - DAG(s) dict_keys(['latest_only_with_trigger']) retrieved from /home/airflow/.local/lib/python3.8/site-packages/airflow/example_dags/example_latest_only_with_trigger.py
[2022-05-22 21:47:51,010] {logging_mixin.py:104} INFO - [2022-05-22 21:47:51,010] {dag.py:1833} INFO - Sync 1 DAGs
[2022-05-22 21:47:51,031] {logging_mixin.py:104} INFO - [2022-05-22 21:47:51,031] {dag.py:2306} INFO - Setting next_dagrun for latest_only_with_trigger to 2022-05-20 00:00:00+00:00
[2022-05-22 21:47:51,077] {scheduler_job.py:190} INFO - Processing /home/airflow/.local/lib/python3.8/site-packages/airflow/example_dags/example_latest_only_with_trigger.py took 0.222 seconds
[2022-05-22 21:48:30,059] {scheduler_job.py:182} INFO - Started process (PID=150) to work on /home/airflow/.local/lib/python3.8/site-packages/airflow/example_dags/example_latest_only_with_trigger.py
[2022-05-22 21:48:30,062] {scheduler_job.py:633} INFO - Processing file /home/airflow/.local/lib/python3.8/site-packages/airflow/example_dags/example_latest_only_with_trigger.py for tasks to queue
[2022-05-22 21:48:30,064] {logging_mixin.py:104} INFO - [2022-05-22 21:48:30,064] {dagbag.py:496} INFO - Filling up the DagBag from /home/airflow/.local/lib/python3.8/site-packages/airflow/example_dags/example_latest_only_with_trigger.py
[2022-05-22 21:48:30,081] {scheduler_job.py:643} INFO - DAG(s) dict_keys(['latest_only_with_trigger']) retrieved from /home/airflow/.local/lib/python3.8/site-packages/airflow/example_dags/example_latest_only_with_trigger.py
[2022-05-22 21:48:30,111] {logging_mixin.py:104} INFO - [2022-05-22 21:48:30,110] {dag.py:1833} INFO - Sync 1 DAGs
[2022-05-22 21:48:30,132] {logging_mixin.py:104} INFO - [2022-05-22 21:48:30,132] {dag.py:2306} INFO - Setting next_dagrun for latest_only_with_trigger to 2022-05-20 00:00:00+00:00
[2022-05-22 21:48:30,178] {scheduler_job.py:190} INFO - Processing /home/airflow/.local/lib/python3.8/site-packages/airflow/example_dags/example_latest_only_with_trigger.py took 0.125 seconds
[2022-05-22 21:49:05,264] {scheduler_job.py:182} INFO - Started process (PID=179) to work on /home/airflow/.local/lib/python3.8/site-packages/airflow/example_dags/example_latest_only_with_trigger.py
[2022-05-22 21:49:05,268] {scheduler_job.py:633} INFO - Processing file /home/airflow/.local/lib/python3.8/site-packages/airflow/example_dags/example_latest_only_with_trigger.py for tasks to queue
[2022-05-22 21:49:05,269] {logging_mixin.py:104} INFO - [2022-05-22 21:49:05,269] {dagbag.py:496} INFO - Filling up the DagBag from /home/airflow/.local/lib/python3.8/site-packages/airflow/example_dags/example_latest_only_with_trigger.py
[2022-05-22 21:49:05,284] {scheduler_job.py:643} INFO - DAG(s) dict_keys(['latest_only_with_trigger']) retrieved from /home/airflow/.local/lib/python3.8/site-packages/airflow/example_dags/example_latest_only_with_trigger.py
[2022-05-22 21:49:05,311] {logging_mixin.py:104} INFO - [2022-05-22 21:49:05,311] {dag.py:1833} INFO - Sync 1 DAGs
[2022-05-22 21:49:05,336] {logging_mixin.py:104} INFO - [2022-05-22 21:49:05,335] {dag.py:2306} INFO - Setting next_dagrun for latest_only_with_trigger to 2022-05-20 00:00:00+00:00
[2022-05-22 21:49:05,382] {scheduler_job.py:190} INFO - Processing /home/airflow/.local/lib/python3.8/site-packages/airflow/example_dags/example_latest_only_with_trigger.py took 0.122 seconds
[2022-05-22 21:49:41,484] {scheduler_job.py:182} INFO - Started process (PID=207) to work on /home/airflow/.local/lib/python3.8/site-packages/airflow/example_dags/example_latest_only_with_trigger.py
[2022-05-22 21:49:41,488] {scheduler_job.py:633} INFO - Processing file /home/airflow/.local/lib/python3.8/site-packages/airflow/example_dags/example_latest_only_with_trigger.py for tasks to queue
[2022-05-22 21:49:41,490] {logging_mixin.py:104} INFO - [2022-05-22 21:49:41,489] {dagbag.py:496} INFO - Filling up the DagBag from /home/airflow/.local/lib/python3.8/site-packages/airflow/example_dags/example_latest_only_with_trigger.py
[2022-05-22 21:49:41,502] {scheduler_job.py:643} INFO - DAG(s) dict_keys(['latest_only_with_trigger']) retrieved from /home/airflow/.local/lib/python3.8/site-packages/airflow/example_dags/example_latest_only_with_trigger.py
[2022-05-22 21:49:41,532] {logging_mixin.py:104} INFO - [2022-05-22 21:49:41,532] {dag.py:1833} INFO - Sync 1 DAGs
[2022-05-22 21:49:41,556] {logging_mixin.py:104} INFO - [2022-05-22 21:49:41,555] {dag.py:2306} INFO - Setting next_dagrun for latest_only_with_trigger to 2022-05-20 00:00:00+00:00
[2022-05-22 21:49:41,608] {scheduler_job.py:190} INFO - Processing /home/airflow/.local/lib/python3.8/site-packages/airflow/example_dags/example_latest_only_with_trigger.py took 0.128 seconds
[2022-05-22 21:50:21,999] {scheduler_job.py:182} INFO - Started process (PID=240) to work on /home/airflow/.local/lib/python3.8/site-packages/airflow/example_dags/example_latest_only_with_trigger.py
[2022-05-22 21:50:22,002] {scheduler_job.py:633} INFO - Processing file /home/airflow/.local/lib/python3.8/site-packages/airflow/example_dags/example_latest_only_with_trigger.py for tasks to queue
[2022-05-22 21:50:22,004] {logging_mixin.py:104} INFO - [2022-05-22 21:50:22,004] {dagbag.py:496} INFO - Filling up the DagBag from /home/airflow/.local/lib/python3.8/site-packages/airflow/example_dags/example_latest_only_with_trigger.py
[2022-05-22 21:50:22,017] {scheduler_job.py:643} INFO - DAG(s) dict_keys(['latest_only_with_trigger']) retrieved from /home/airflow/.local/lib/python3.8/site-packages/airflow/example_dags/example_latest_only_with_trigger.py
[2022-05-22 21:50:22,043] {logging_mixin.py:104} INFO - [2022-05-22 21:50:22,043] {dag.py:1833} INFO - Sync 1 DAGs
[2022-05-22 21:50:22,080] {logging_mixin.py:104} INFO - [2022-05-22 21:50:22,080] {dag.py:2306} INFO - Setting next_dagrun for latest_only_with_trigger to 2022-05-20 00:00:00+00:00
[2022-05-22 21:50:22,127] {scheduler_job.py:190} INFO - Processing /home/airflow/.local/lib/python3.8/site-packages/airflow/example_dags/example_latest_only_with_trigger.py took 0.131 seconds
[2022-05-22 21:58:59,838] {scheduler_job.py:182} INFO - Started process (PID=28) to work on /home/airflow/.local/lib/python3.8/site-packages/airflow/example_dags/example_latest_only_with_trigger.py
[2022-05-22 21:58:59,864] {scheduler_job.py:633} INFO - Processing file /home/airflow/.local/lib/python3.8/site-packages/airflow/example_dags/example_latest_only_with_trigger.py for tasks to queue
[2022-05-22 21:58:59,867] {logging_mixin.py:104} INFO - [2022-05-22 21:58:59,866] {dagbag.py:496} INFO - Filling up the DagBag from /home/airflow/.local/lib/python3.8/site-packages/airflow/example_dags/example_latest_only_with_trigger.py
[2022-05-22 21:58:59,888] {scheduler_job.py:643} INFO - DAG(s) dict_keys(['latest_only_with_trigger']) retrieved from /home/airflow/.local/lib/python3.8/site-packages/airflow/example_dags/example_latest_only_with_trigger.py
[2022-05-22 21:58:59,935] {logging_mixin.py:104} INFO - [2022-05-22 21:58:59,935] {dag.py:1833} INFO - Sync 1 DAGs
[2022-05-22 21:58:59,964] {logging_mixin.py:104} INFO - [2022-05-22 21:58:59,964] {dag.py:2306} INFO - Setting next_dagrun for latest_only_with_trigger to 2022-05-20 00:00:00+00:00
[2022-05-22 21:59:00,022] {scheduler_job.py:190} INFO - Processing /home/airflow/.local/lib/python3.8/site-packages/airflow/example_dags/example_latest_only_with_trigger.py took 0.192 seconds
[2022-05-22 22:02:10,372] {scheduler_job.py:182} INFO - Started process (PID=27) to work on /home/airflow/.local/lib/python3.8/site-packages/airflow/example_dags/example_latest_only_with_trigger.py
[2022-05-22 22:02:10,376] {scheduler_job.py:633} INFO - Processing file /home/airflow/.local/lib/python3.8/site-packages/airflow/example_dags/example_latest_only_with_trigger.py for tasks to queue
[2022-05-22 22:02:10,377] {logging_mixin.py:104} INFO - [2022-05-22 22:02:10,377] {dagbag.py:496} INFO - Filling up the DagBag from /home/airflow/.local/lib/python3.8/site-packages/airflow/example_dags/example_latest_only_with_trigger.py
[2022-05-22 22:02:10,392] {scheduler_job.py:643} INFO - DAG(s) dict_keys(['latest_only_with_trigger']) retrieved from /home/airflow/.local/lib/python3.8/site-packages/airflow/example_dags/example_latest_only_with_trigger.py
[2022-05-22 22:02:10,429] {logging_mixin.py:104} INFO - [2022-05-22 22:02:10,429] {dag.py:1833} INFO - Sync 1 DAGs
[2022-05-22 22:02:10,470] {logging_mixin.py:104} INFO - [2022-05-22 22:02:10,470] {dag.py:2306} INFO - Setting next_dagrun for latest_only_with_trigger to 2022-05-20 00:00:00+00:00
[2022-05-22 22:02:10,539] {scheduler_job.py:190} INFO - Processing /home/airflow/.local/lib/python3.8/site-packages/airflow/example_dags/example_latest_only_with_trigger.py took 0.174 seconds
[2022-05-22 22:02:58,266] {scheduler_job.py:182} INFO - Started process (PID=64) to work on /home/airflow/.local/lib/python3.8/site-packages/airflow/example_dags/example_latest_only_with_trigger.py
[2022-05-22 22:02:58,272] {scheduler_job.py:633} INFO - Processing file /home/airflow/.local/lib/python3.8/site-packages/airflow/example_dags/example_latest_only_with_trigger.py for tasks to queue
[2022-05-22 22:02:58,276] {logging_mixin.py:104} INFO - [2022-05-22 22:02:58,275] {dagbag.py:496} INFO - Filling up the DagBag from /home/airflow/.local/lib/python3.8/site-packages/airflow/example_dags/example_latest_only_with_trigger.py
[2022-05-22 22:02:58,300] {scheduler_job.py:643} INFO - DAG(s) dict_keys(['latest_only_with_trigger']) retrieved from /home/airflow/.local/lib/python3.8/site-packages/airflow/example_dags/example_latest_only_with_trigger.py
[2022-05-22 22:02:58,342] {logging_mixin.py:104} INFO - [2022-05-22 22:02:58,341] {dag.py:1833} INFO - Sync 1 DAGs
[2022-05-22 22:02:58,377] {logging_mixin.py:104} INFO - [2022-05-22 22:02:58,376] {dag.py:2306} INFO - Setting next_dagrun for latest_only_with_trigger to 2022-05-20 00:00:00+00:00
[2022-05-22 22:02:58,427] {scheduler_job.py:190} INFO - Processing /home/airflow/.local/lib/python3.8/site-packages/airflow/example_dags/example_latest_only_with_trigger.py took 0.170 seconds
[2022-05-22 22:03:34,537] {scheduler_job.py:182} INFO - Started process (PID=91) to work on /home/airflow/.local/lib/python3.8/site-packages/airflow/example_dags/example_latest_only_with_trigger.py
[2022-05-22 22:03:34,541] {scheduler_job.py:633} INFO - Processing file /home/airflow/.local/lib/python3.8/site-packages/airflow/example_dags/example_latest_only_with_trigger.py for tasks to queue
[2022-05-22 22:03:34,542] {logging_mixin.py:104} INFO - [2022-05-22 22:03:34,542] {dagbag.py:496} INFO - Filling up the DagBag from /home/airflow/.local/lib/python3.8/site-packages/airflow/example_dags/example_latest_only_with_trigger.py
[2022-05-22 22:03:34,556] {scheduler_job.py:643} INFO - DAG(s) dict_keys(['latest_only_with_trigger']) retrieved from /home/airflow/.local/lib/python3.8/site-packages/airflow/example_dags/example_latest_only_with_trigger.py
[2022-05-22 22:03:34,583] {logging_mixin.py:104} INFO - [2022-05-22 22:03:34,583] {dag.py:1833} INFO - Sync 1 DAGs
[2022-05-22 22:03:34,604] {logging_mixin.py:104} INFO - [2022-05-22 22:03:34,604] {dag.py:2306} INFO - Setting next_dagrun for latest_only_with_trigger to 2022-05-20 00:00:00+00:00
[2022-05-22 22:03:34,662] {scheduler_job.py:190} INFO - Processing /home/airflow/.local/lib/python3.8/site-packages/airflow/example_dags/example_latest_only_with_trigger.py took 0.129 seconds
[2022-05-22 22:04:25,097] {scheduler_job.py:182} INFO - Started process (PID=131) to work on /home/airflow/.local/lib/python3.8/site-packages/airflow/example_dags/example_latest_only_with_trigger.py
[2022-05-22 22:04:25,103] {scheduler_job.py:633} INFO - Processing file /home/airflow/.local/lib/python3.8/site-packages/airflow/example_dags/example_latest_only_with_trigger.py for tasks to queue
[2022-05-22 22:04:25,105] {logging_mixin.py:104} INFO - [2022-05-22 22:04:25,105] {dagbag.py:496} INFO - Filling up the DagBag from /home/airflow/.local/lib/python3.8/site-packages/airflow/example_dags/example_latest_only_with_trigger.py
[2022-05-22 22:04:25,135] {scheduler_job.py:643} INFO - DAG(s) dict_keys(['latest_only_with_trigger']) retrieved from /home/airflow/.local/lib/python3.8/site-packages/airflow/example_dags/example_latest_only_with_trigger.py
[2022-05-22 22:04:25,185] {logging_mixin.py:104} INFO - [2022-05-22 22:04:25,185] {dag.py:1833} INFO - Sync 1 DAGs
[2022-05-22 22:04:25,237] {logging_mixin.py:104} INFO - [2022-05-22 22:04:25,237] {dag.py:2306} INFO - Setting next_dagrun for latest_only_with_trigger to 2022-05-20 00:00:00+00:00
[2022-05-22 22:04:25,302] {scheduler_job.py:190} INFO - Processing /home/airflow/.local/lib/python3.8/site-packages/airflow/example_dags/example_latest_only_with_trigger.py took 0.223 seconds
[2022-05-22 22:05:07,499] {scheduler_job.py:182} INFO - Started process (PID=164) to work on /home/airflow/.local/lib/python3.8/site-packages/airflow/example_dags/example_latest_only_with_trigger.py
[2022-05-22 22:05:07,501] {scheduler_job.py:633} INFO - Processing file /home/airflow/.local/lib/python3.8/site-packages/airflow/example_dags/example_latest_only_with_trigger.py for tasks to queue
[2022-05-22 22:05:07,503] {logging_mixin.py:104} INFO - [2022-05-22 22:05:07,503] {dagbag.py:496} INFO - Filling up the DagBag from /home/airflow/.local/lib/python3.8/site-packages/airflow/example_dags/example_latest_only_with_trigger.py
[2022-05-22 22:05:07,517] {scheduler_job.py:643} INFO - DAG(s) dict_keys(['latest_only_with_trigger']) retrieved from /home/airflow/.local/lib/python3.8/site-packages/airflow/example_dags/example_latest_only_with_trigger.py
[2022-05-22 22:05:07,541] {logging_mixin.py:104} INFO - [2022-05-22 22:05:07,540] {dag.py:1833} INFO - Sync 1 DAGs
[2022-05-22 22:05:07,561] {logging_mixin.py:104} INFO - [2022-05-22 22:05:07,561] {dag.py:2306} INFO - Setting next_dagrun for latest_only_with_trigger to 2022-05-20 00:00:00+00:00
[2022-05-22 22:05:07,609] {scheduler_job.py:190} INFO - Processing /home/airflow/.local/lib/python3.8/site-packages/airflow/example_dags/example_latest_only_with_trigger.py took 0.113 seconds
[2022-05-22 22:05:44,545] {scheduler_job.py:182} INFO - Started process (PID=193) to work on /home/airflow/.local/lib/python3.8/site-packages/airflow/example_dags/example_latest_only_with_trigger.py
[2022-05-22 22:05:44,549] {scheduler_job.py:633} INFO - Processing file /home/airflow/.local/lib/python3.8/site-packages/airflow/example_dags/example_latest_only_with_trigger.py for tasks to queue
[2022-05-22 22:05:44,551] {logging_mixin.py:104} INFO - [2022-05-22 22:05:44,551] {dagbag.py:496} INFO - Filling up the DagBag from /home/airflow/.local/lib/python3.8/site-packages/airflow/example_dags/example_latest_only_with_trigger.py
[2022-05-22 22:05:44,566] {scheduler_job.py:643} INFO - DAG(s) dict_keys(['latest_only_with_trigger']) retrieved from /home/airflow/.local/lib/python3.8/site-packages/airflow/example_dags/example_latest_only_with_trigger.py
[2022-05-22 22:05:44,594] {logging_mixin.py:104} INFO - [2022-05-22 22:05:44,594] {dag.py:1833} INFO - Sync 1 DAGs
[2022-05-22 22:05:44,620] {logging_mixin.py:104} INFO - [2022-05-22 22:05:44,620] {dag.py:2306} INFO - Setting next_dagrun for latest_only_with_trigger to 2022-05-20 00:00:00+00:00
[2022-05-22 22:05:44,672] {scheduler_job.py:190} INFO - Processing /home/airflow/.local/lib/python3.8/site-packages/airflow/example_dags/example_latest_only_with_trigger.py took 0.131 seconds
[2022-05-22 22:06:22,071] {scheduler_job.py:182} INFO - Started process (PID=223) to work on /home/airflow/.local/lib/python3.8/site-packages/airflow/example_dags/example_latest_only_with_trigger.py
[2022-05-22 22:06:22,074] {scheduler_job.py:633} INFO - Processing file /home/airflow/.local/lib/python3.8/site-packages/airflow/example_dags/example_latest_only_with_trigger.py for tasks to queue
[2022-05-22 22:06:22,076] {logging_mixin.py:104} INFO - [2022-05-22 22:06:22,076] {dagbag.py:496} INFO - Filling up the DagBag from /home/airflow/.local/lib/python3.8/site-packages/airflow/example_dags/example_latest_only_with_trigger.py
[2022-05-22 22:06:22,089] {scheduler_job.py:643} INFO - DAG(s) dict_keys(['latest_only_with_trigger']) retrieved from /home/airflow/.local/lib/python3.8/site-packages/airflow/example_dags/example_latest_only_with_trigger.py
[2022-05-22 22:06:22,121] {logging_mixin.py:104} INFO - [2022-05-22 22:06:22,121] {dag.py:1833} INFO - Sync 1 DAGs
[2022-05-22 22:06:22,140] {logging_mixin.py:104} INFO - [2022-05-22 22:06:22,140] {dag.py:2306} INFO - Setting next_dagrun for latest_only_with_trigger to 2022-05-20 00:00:00+00:00
[2022-05-22 22:06:22,189] {scheduler_job.py:190} INFO - Processing /home/airflow/.local/lib/python3.8/site-packages/airflow/example_dags/example_latest_only_with_trigger.py took 0.121 seconds
[2022-05-22 22:07:06,458] {scheduler_job.py:182} INFO - Started process (PID=254) to work on /home/airflow/.local/lib/python3.8/site-packages/airflow/example_dags/example_latest_only_with_trigger.py
[2022-05-22 22:07:06,464] {scheduler_job.py:633} INFO - Processing file /home/airflow/.local/lib/python3.8/site-packages/airflow/example_dags/example_latest_only_with_trigger.py for tasks to queue
[2022-05-22 22:07:06,471] {logging_mixin.py:104} INFO - [2022-05-22 22:07:06,468] {dagbag.py:496} INFO - Filling up the DagBag from /home/airflow/.local/lib/python3.8/site-packages/airflow/example_dags/example_latest_only_with_trigger.py
[2022-05-22 22:07:06,500] {scheduler_job.py:643} INFO - DAG(s) dict_keys(['latest_only_with_trigger']) retrieved from /home/airflow/.local/lib/python3.8/site-packages/airflow/example_dags/example_latest_only_with_trigger.py
[2022-05-22 22:07:06,562] {logging_mixin.py:104} INFO - [2022-05-22 22:07:06,561] {dag.py:1833} INFO - Sync 1 DAGs
[2022-05-22 22:07:06,707] {logging_mixin.py:104} INFO - [2022-05-22 22:07:06,707] {dag.py:2306} INFO - Setting next_dagrun for latest_only_with_trigger to 2022-05-20 00:00:00+00:00
[2022-05-22 22:07:06,817] {scheduler_job.py:190} INFO - Processing /home/airflow/.local/lib/python3.8/site-packages/airflow/example_dags/example_latest_only_with_trigger.py took 0.368 seconds
[2022-05-22 22:07:45,361] {scheduler_job.py:182} INFO - Started process (PID=280) to work on /home/airflow/.local/lib/python3.8/site-packages/airflow/example_dags/example_latest_only_with_trigger.py
[2022-05-22 22:07:45,368] {scheduler_job.py:633} INFO - Processing file /home/airflow/.local/lib/python3.8/site-packages/airflow/example_dags/example_latest_only_with_trigger.py for tasks to queue
[2022-05-22 22:07:45,373] {logging_mixin.py:104} INFO - [2022-05-22 22:07:45,372] {dagbag.py:496} INFO - Filling up the DagBag from /home/airflow/.local/lib/python3.8/site-packages/airflow/example_dags/example_latest_only_with_trigger.py
[2022-05-22 22:07:45,420] {scheduler_job.py:643} INFO - DAG(s) dict_keys(['latest_only_with_trigger']) retrieved from /home/airflow/.local/lib/python3.8/site-packages/airflow/example_dags/example_latest_only_with_trigger.py
[2022-05-22 22:07:45,555] {logging_mixin.py:104} INFO - [2022-05-22 22:07:45,555] {dag.py:1833} INFO - Sync 1 DAGs
[2022-05-22 22:07:45,643] {logging_mixin.py:104} INFO - [2022-05-22 22:07:45,643] {dag.py:2306} INFO - Setting next_dagrun for latest_only_with_trigger to 2022-05-20 00:00:00+00:00
[2022-05-22 22:07:45,851] {scheduler_job.py:190} INFO - Processing /home/airflow/.local/lib/python3.8/site-packages/airflow/example_dags/example_latest_only_with_trigger.py took 0.502 seconds
[2022-05-22 22:08:20,089] {scheduler_job.py:182} INFO - Started process (PID=306) to work on /home/airflow/.local/lib/python3.8/site-packages/airflow/example_dags/example_latest_only_with_trigger.py
[2022-05-22 22:08:20,093] {scheduler_job.py:633} INFO - Processing file /home/airflow/.local/lib/python3.8/site-packages/airflow/example_dags/example_latest_only_with_trigger.py for tasks to queue
[2022-05-22 22:08:20,095] {logging_mixin.py:104} INFO - [2022-05-22 22:08:20,095] {dagbag.py:496} INFO - Filling up the DagBag from /home/airflow/.local/lib/python3.8/site-packages/airflow/example_dags/example_latest_only_with_trigger.py
[2022-05-22 22:08:20,113] {scheduler_job.py:643} INFO - DAG(s) dict_keys(['latest_only_with_trigger']) retrieved from /home/airflow/.local/lib/python3.8/site-packages/airflow/example_dags/example_latest_only_with_trigger.py
[2022-05-22 22:08:20,144] {logging_mixin.py:104} INFO - [2022-05-22 22:08:20,144] {dag.py:1833} INFO - Sync 1 DAGs
[2022-05-22 22:08:20,164] {logging_mixin.py:104} INFO - [2022-05-22 22:08:20,164] {dag.py:2306} INFO - Setting next_dagrun for latest_only_with_trigger to 2022-05-20 00:00:00+00:00
[2022-05-22 22:08:20,211] {scheduler_job.py:190} INFO - Processing /home/airflow/.local/lib/python3.8/site-packages/airflow/example_dags/example_latest_only_with_trigger.py took 0.127 seconds
[2022-05-22 22:09:02,421] {scheduler_job.py:182} INFO - Started process (PID=338) to work on /home/airflow/.local/lib/python3.8/site-packages/airflow/example_dags/example_latest_only_with_trigger.py
[2022-05-22 22:09:02,425] {scheduler_job.py:633} INFO - Processing file /home/airflow/.local/lib/python3.8/site-packages/airflow/example_dags/example_latest_only_with_trigger.py for tasks to queue
[2022-05-22 22:09:02,427] {logging_mixin.py:104} INFO - [2022-05-22 22:09:02,427] {dagbag.py:496} INFO - Filling up the DagBag from /home/airflow/.local/lib/python3.8/site-packages/airflow/example_dags/example_latest_only_with_trigger.py
[2022-05-22 22:09:02,446] {scheduler_job.py:643} INFO - DAG(s) dict_keys(['latest_only_with_trigger']) retrieved from /home/airflow/.local/lib/python3.8/site-packages/airflow/example_dags/example_latest_only_with_trigger.py
[2022-05-22 22:09:02,478] {logging_mixin.py:104} INFO - [2022-05-22 22:09:02,478] {dag.py:1833} INFO - Sync 1 DAGs
[2022-05-22 22:09:02,508] {logging_mixin.py:104} INFO - [2022-05-22 22:09:02,508] {dag.py:2306} INFO - Setting next_dagrun for latest_only_with_trigger to 2022-05-20 00:00:00+00:00
[2022-05-22 22:09:02,556] {scheduler_job.py:190} INFO - Processing /home/airflow/.local/lib/python3.8/site-packages/airflow/example_dags/example_latest_only_with_trigger.py took 0.139 seconds
[2022-05-22 22:09:35,264] {scheduler_job.py:182} INFO - Started process (PID=365) to work on /home/airflow/.local/lib/python3.8/site-packages/airflow/example_dags/example_latest_only_with_trigger.py
[2022-05-22 22:09:35,268] {scheduler_job.py:633} INFO - Processing file /home/airflow/.local/lib/python3.8/site-packages/airflow/example_dags/example_latest_only_with_trigger.py for tasks to queue
[2022-05-22 22:09:35,270] {logging_mixin.py:104} INFO - [2022-05-22 22:09:35,270] {dagbag.py:496} INFO - Filling up the DagBag from /home/airflow/.local/lib/python3.8/site-packages/airflow/example_dags/example_latest_only_with_trigger.py
[2022-05-22 22:09:35,292] {scheduler_job.py:643} INFO - DAG(s) dict_keys(['latest_only_with_trigger']) retrieved from /home/airflow/.local/lib/python3.8/site-packages/airflow/example_dags/example_latest_only_with_trigger.py
[2022-05-22 22:09:35,319] {logging_mixin.py:104} INFO - [2022-05-22 22:09:35,318] {dag.py:1833} INFO - Sync 1 DAGs
[2022-05-22 22:09:35,342] {logging_mixin.py:104} INFO - [2022-05-22 22:09:35,342] {dag.py:2306} INFO - Setting next_dagrun for latest_only_with_trigger to 2022-05-20 00:00:00+00:00
[2022-05-22 22:09:35,392] {scheduler_job.py:190} INFO - Processing /home/airflow/.local/lib/python3.8/site-packages/airflow/example_dags/example_latest_only_with_trigger.py took 0.135 seconds
[2022-05-22 22:10:13,415] {scheduler_job.py:182} INFO - Started process (PID=394) to work on /home/airflow/.local/lib/python3.8/site-packages/airflow/example_dags/example_latest_only_with_trigger.py
[2022-05-22 22:10:13,419] {scheduler_job.py:633} INFO - Processing file /home/airflow/.local/lib/python3.8/site-packages/airflow/example_dags/example_latest_only_with_trigger.py for tasks to queue
[2022-05-22 22:10:13,422] {logging_mixin.py:104} INFO - [2022-05-22 22:10:13,422] {dagbag.py:496} INFO - Filling up the DagBag from /home/airflow/.local/lib/python3.8/site-packages/airflow/example_dags/example_latest_only_with_trigger.py
[2022-05-22 22:10:13,441] {scheduler_job.py:643} INFO - DAG(s) dict_keys(['latest_only_with_trigger']) retrieved from /home/airflow/.local/lib/python3.8/site-packages/airflow/example_dags/example_latest_only_with_trigger.py
[2022-05-22 22:10:13,468] {logging_mixin.py:104} INFO - [2022-05-22 22:10:13,468] {dag.py:1833} INFO - Sync 1 DAGs
[2022-05-22 22:10:13,487] {logging_mixin.py:104} INFO - [2022-05-22 22:10:13,487] {dag.py:2306} INFO - Setting next_dagrun for latest_only_with_trigger to 2022-05-20 00:00:00+00:00
[2022-05-22 22:10:13,543] {scheduler_job.py:190} INFO - Processing /home/airflow/.local/lib/python3.8/site-packages/airflow/example_dags/example_latest_only_with_trigger.py took 0.134 seconds
[2022-05-22 22:12:43,823] {scheduler_job.py:182} INFO - Started process (PID=25) to work on /home/airflow/.local/lib/python3.8/site-packages/airflow/example_dags/example_latest_only_with_trigger.py
[2022-05-22 22:12:43,827] {scheduler_job.py:633} INFO - Processing file /home/airflow/.local/lib/python3.8/site-packages/airflow/example_dags/example_latest_only_with_trigger.py for tasks to queue
[2022-05-22 22:12:43,829] {logging_mixin.py:104} INFO - [2022-05-22 22:12:43,829] {dagbag.py:496} INFO - Filling up the DagBag from /home/airflow/.local/lib/python3.8/site-packages/airflow/example_dags/example_latest_only_with_trigger.py
[2022-05-22 22:12:43,847] {scheduler_job.py:643} INFO - DAG(s) dict_keys(['latest_only_with_trigger']) retrieved from /home/airflow/.local/lib/python3.8/site-packages/airflow/example_dags/example_latest_only_with_trigger.py
[2022-05-22 22:12:43,872] {logging_mixin.py:104} INFO - [2022-05-22 22:12:43,872] {dag.py:1833} INFO - Sync 1 DAGs
[2022-05-22 22:12:43,891] {logging_mixin.py:104} INFO - [2022-05-22 22:12:43,891] {dag.py:2306} INFO - Setting next_dagrun for latest_only_with_trigger to 2022-05-20 00:00:00+00:00
[2022-05-22 22:12:43,939] {scheduler_job.py:190} INFO - Processing /home/airflow/.local/lib/python3.8/site-packages/airflow/example_dags/example_latest_only_with_trigger.py took 0.121 seconds
[2022-05-22 22:13:55,094] {scheduler_job.py:182} INFO - Started process (PID=78) to work on /home/airflow/.local/lib/python3.8/site-packages/airflow/example_dags/example_latest_only_with_trigger.py
[2022-05-22 22:13:55,098] {scheduler_job.py:633} INFO - Processing file /home/airflow/.local/lib/python3.8/site-packages/airflow/example_dags/example_latest_only_with_trigger.py for tasks to queue
[2022-05-22 22:13:55,100] {logging_mixin.py:104} INFO - [2022-05-22 22:13:55,100] {dagbag.py:496} INFO - Filling up the DagBag from /home/airflow/.local/lib/python3.8/site-packages/airflow/example_dags/example_latest_only_with_trigger.py
[2022-05-22 22:13:55,113] {scheduler_job.py:643} INFO - DAG(s) dict_keys(['latest_only_with_trigger']) retrieved from /home/airflow/.local/lib/python3.8/site-packages/airflow/example_dags/example_latest_only_with_trigger.py
[2022-05-22 22:13:55,136] {logging_mixin.py:104} INFO - [2022-05-22 22:13:55,136] {dag.py:1833} INFO - Sync 1 DAGs
[2022-05-22 22:13:55,159] {logging_mixin.py:104} INFO - [2022-05-22 22:13:55,159] {dag.py:2306} INFO - Setting next_dagrun for latest_only_with_trigger to 2022-05-20 00:00:00+00:00
[2022-05-22 22:13:55,204] {scheduler_job.py:190} INFO - Processing /home/airflow/.local/lib/python3.8/site-packages/airflow/example_dags/example_latest_only_with_trigger.py took 0.113 seconds
[2022-05-22 22:14:36,507] {scheduler_job.py:182} INFO - Started process (PID=111) to work on /home/airflow/.local/lib/python3.8/site-packages/airflow/example_dags/example_latest_only_with_trigger.py
[2022-05-22 22:14:36,511] {scheduler_job.py:633} INFO - Processing file /home/airflow/.local/lib/python3.8/site-packages/airflow/example_dags/example_latest_only_with_trigger.py for tasks to queue
[2022-05-22 22:14:36,514] {logging_mixin.py:104} INFO - [2022-05-22 22:14:36,513] {dagbag.py:496} INFO - Filling up the DagBag from /home/airflow/.local/lib/python3.8/site-packages/airflow/example_dags/example_latest_only_with_trigger.py
[2022-05-22 22:14:36,533] {scheduler_job.py:643} INFO - DAG(s) dict_keys(['latest_only_with_trigger']) retrieved from /home/airflow/.local/lib/python3.8/site-packages/airflow/example_dags/example_latest_only_with_trigger.py
[2022-05-22 22:14:36,559] {logging_mixin.py:104} INFO - [2022-05-22 22:14:36,559] {dag.py:1833} INFO - Sync 1 DAGs
[2022-05-22 22:14:36,592] {logging_mixin.py:104} INFO - [2022-05-22 22:14:36,592] {dag.py:2306} INFO - Setting next_dagrun for latest_only_with_trigger to 2022-05-20 00:00:00+00:00
[2022-05-22 22:14:36,660] {scheduler_job.py:190} INFO - Processing /home/airflow/.local/lib/python3.8/site-packages/airflow/example_dags/example_latest_only_with_trigger.py took 0.156 seconds
[2022-05-22 22:15:14,436] {scheduler_job.py:182} INFO - Started process (PID=141) to work on /home/airflow/.local/lib/python3.8/site-packages/airflow/example_dags/example_latest_only_with_trigger.py
[2022-05-22 22:15:14,440] {scheduler_job.py:633} INFO - Processing file /home/airflow/.local/lib/python3.8/site-packages/airflow/example_dags/example_latest_only_with_trigger.py for tasks to queue
[2022-05-22 22:15:14,442] {logging_mixin.py:104} INFO - [2022-05-22 22:15:14,442] {dagbag.py:496} INFO - Filling up the DagBag from /home/airflow/.local/lib/python3.8/site-packages/airflow/example_dags/example_latest_only_with_trigger.py
[2022-05-22 22:15:14,456] {scheduler_job.py:643} INFO - DAG(s) dict_keys(['latest_only_with_trigger']) retrieved from /home/airflow/.local/lib/python3.8/site-packages/airflow/example_dags/example_latest_only_with_trigger.py
[2022-05-22 22:15:14,482] {logging_mixin.py:104} INFO - [2022-05-22 22:15:14,482] {dag.py:1833} INFO - Sync 1 DAGs
[2022-05-22 22:15:14,506] {logging_mixin.py:104} INFO - [2022-05-22 22:15:14,506] {dag.py:2306} INFO - Setting next_dagrun for latest_only_with_trigger to 2022-05-20 00:00:00+00:00
[2022-05-22 22:15:14,559] {scheduler_job.py:190} INFO - Processing /home/airflow/.local/lib/python3.8/site-packages/airflow/example_dags/example_latest_only_with_trigger.py took 0.127 seconds
[2022-05-22 22:15:50,919] {scheduler_job.py:182} INFO - Started process (PID=170) to work on /home/airflow/.local/lib/python3.8/site-packages/airflow/example_dags/example_latest_only_with_trigger.py
[2022-05-22 22:15:50,923] {scheduler_job.py:633} INFO - Processing file /home/airflow/.local/lib/python3.8/site-packages/airflow/example_dags/example_latest_only_with_trigger.py for tasks to queue
[2022-05-22 22:15:50,925] {logging_mixin.py:104} INFO - [2022-05-22 22:15:50,925] {dagbag.py:496} INFO - Filling up the DagBag from /home/airflow/.local/lib/python3.8/site-packages/airflow/example_dags/example_latest_only_with_trigger.py
[2022-05-22 22:15:50,944] {scheduler_job.py:643} INFO - DAG(s) dict_keys(['latest_only_with_trigger']) retrieved from /home/airflow/.local/lib/python3.8/site-packages/airflow/example_dags/example_latest_only_with_trigger.py
[2022-05-22 22:15:50,975] {logging_mixin.py:104} INFO - [2022-05-22 22:15:50,975] {dag.py:1833} INFO - Sync 1 DAGs
[2022-05-22 22:15:51,009] {logging_mixin.py:104} INFO - [2022-05-22 22:15:51,009] {dag.py:2306} INFO - Setting next_dagrun for latest_only_with_trigger to 2022-05-20 00:00:00+00:00
[2022-05-22 22:15:51,082] {scheduler_job.py:190} INFO - Processing /home/airflow/.local/lib/python3.8/site-packages/airflow/example_dags/example_latest_only_with_trigger.py took 0.169 seconds
[2022-05-22 22:18:46,554] {scheduler_job.py:182} INFO - Started process (PID=38) to work on /home/airflow/.local/lib/python3.8/site-packages/airflow/example_dags/example_latest_only_with_trigger.py
[2022-05-22 22:18:46,557] {scheduler_job.py:633} INFO - Processing file /home/airflow/.local/lib/python3.8/site-packages/airflow/example_dags/example_latest_only_with_trigger.py for tasks to queue
[2022-05-22 22:18:46,559] {logging_mixin.py:104} INFO - [2022-05-22 22:18:46,559] {dagbag.py:496} INFO - Filling up the DagBag from /home/airflow/.local/lib/python3.8/site-packages/airflow/example_dags/example_latest_only_with_trigger.py
[2022-05-22 22:18:46,576] {scheduler_job.py:643} INFO - DAG(s) dict_keys(['latest_only_with_trigger']) retrieved from /home/airflow/.local/lib/python3.8/site-packages/airflow/example_dags/example_latest_only_with_trigger.py
[2022-05-22 22:18:46,629] {logging_mixin.py:104} INFO - [2022-05-22 22:18:46,629] {dag.py:1833} INFO - Sync 1 DAGs
[2022-05-22 22:18:46,672] {logging_mixin.py:104} INFO - [2022-05-22 22:18:46,672] {dag.py:2306} INFO - Setting next_dagrun for latest_only_with_trigger to 2022-05-20 00:00:00+00:00
[2022-05-22 22:18:46,777] {scheduler_job.py:190} INFO - Processing /home/airflow/.local/lib/python3.8/site-packages/airflow/example_dags/example_latest_only_with_trigger.py took 0.229 seconds
