[2022-05-22 20:45:59,624] {scheduler_job.py:182} INFO - Started process (PID=26) to work on /home/airflow/.local/lib/python3.8/site-packages/airflow/example_dags/example_kubernetes_executor.py
[2022-05-22 20:45:59,638] {scheduler_job.py:633} INFO - Processing file /home/airflow/.local/lib/python3.8/site-packages/airflow/example_dags/example_kubernetes_executor.py for tasks to queue
[2022-05-22 20:45:59,644] {logging_mixin.py:104} INFO - [2022-05-22 20:45:59,644] {dagbag.py:496} INFO - Filling up the DagBag from /home/airflow/.local/lib/python3.8/site-packages/airflow/example_dags/example_kubernetes_executor.py
[2022-05-22 20:45:59,721] {scheduler_job.py:643} INFO - DAG(s) dict_keys(['example_kubernetes_executor']) retrieved from /home/airflow/.local/lib/python3.8/site-packages/airflow/example_dags/example_kubernetes_executor.py
[2022-05-22 20:45:59,784] {logging_mixin.py:104} INFO - [2022-05-22 20:45:59,783] {dag.py:1833} INFO - Sync 1 DAGs
[2022-05-22 20:45:59,819] {logging_mixin.py:104} INFO - [2022-05-22 20:45:59,819] {dag.py:2306} INFO - Setting next_dagrun for example_kubernetes_executor to None
[2022-05-22 20:45:59,918] {scheduler_job.py:190} INFO - Processing /home/airflow/.local/lib/python3.8/site-packages/airflow/example_dags/example_kubernetes_executor.py took 0.304 seconds
[2022-05-22 20:46:39,013] {scheduler_job.py:182} INFO - Started process (PID=57) to work on /home/airflow/.local/lib/python3.8/site-packages/airflow/example_dags/example_kubernetes_executor.py
[2022-05-22 20:46:39,016] {scheduler_job.py:633} INFO - Processing file /home/airflow/.local/lib/python3.8/site-packages/airflow/example_dags/example_kubernetes_executor.py for tasks to queue
[2022-05-22 20:46:39,018] {logging_mixin.py:104} INFO - [2022-05-22 20:46:39,017] {dagbag.py:496} INFO - Filling up the DagBag from /home/airflow/.local/lib/python3.8/site-packages/airflow/example_dags/example_kubernetes_executor.py
[2022-05-22 20:46:39,032] {scheduler_job.py:643} INFO - DAG(s) dict_keys(['example_kubernetes_executor']) retrieved from /home/airflow/.local/lib/python3.8/site-packages/airflow/example_dags/example_kubernetes_executor.py
[2022-05-22 20:46:39,063] {logging_mixin.py:104} INFO - [2022-05-22 20:46:39,063] {dag.py:1833} INFO - Sync 1 DAGs
[2022-05-22 20:46:39,089] {logging_mixin.py:104} INFO - [2022-05-22 20:46:39,089] {dag.py:2306} INFO - Setting next_dagrun for example_kubernetes_executor to None
[2022-05-22 20:46:39,189] {scheduler_job.py:190} INFO - Processing /home/airflow/.local/lib/python3.8/site-packages/airflow/example_dags/example_kubernetes_executor.py took 0.179 seconds
[2022-05-22 20:47:20,947] {scheduler_job.py:182} INFO - Started process (PID=88) to work on /home/airflow/.local/lib/python3.8/site-packages/airflow/example_dags/example_kubernetes_executor.py
[2022-05-22 20:47:20,950] {scheduler_job.py:633} INFO - Processing file /home/airflow/.local/lib/python3.8/site-packages/airflow/example_dags/example_kubernetes_executor.py for tasks to queue
[2022-05-22 20:47:20,952] {logging_mixin.py:104} INFO - [2022-05-22 20:47:20,952] {dagbag.py:496} INFO - Filling up the DagBag from /home/airflow/.local/lib/python3.8/site-packages/airflow/example_dags/example_kubernetes_executor.py
[2022-05-22 20:47:20,966] {scheduler_job.py:643} INFO - DAG(s) dict_keys(['example_kubernetes_executor']) retrieved from /home/airflow/.local/lib/python3.8/site-packages/airflow/example_dags/example_kubernetes_executor.py
[2022-05-22 20:47:20,991] {logging_mixin.py:104} INFO - [2022-05-22 20:47:20,991] {dag.py:1833} INFO - Sync 1 DAGs
[2022-05-22 20:47:21,012] {logging_mixin.py:104} INFO - [2022-05-22 20:47:21,012] {dag.py:2306} INFO - Setting next_dagrun for example_kubernetes_executor to None
[2022-05-22 20:47:21,059] {scheduler_job.py:190} INFO - Processing /home/airflow/.local/lib/python3.8/site-packages/airflow/example_dags/example_kubernetes_executor.py took 0.115 seconds
[2022-05-22 20:48:01,647] {scheduler_job.py:182} INFO - Started process (PID=117) to work on /home/airflow/.local/lib/python3.8/site-packages/airflow/example_dags/example_kubernetes_executor.py
[2022-05-22 20:48:01,660] {scheduler_job.py:633} INFO - Processing file /home/airflow/.local/lib/python3.8/site-packages/airflow/example_dags/example_kubernetes_executor.py for tasks to queue
[2022-05-22 20:48:01,662] {logging_mixin.py:104} INFO - [2022-05-22 20:48:01,662] {dagbag.py:496} INFO - Filling up the DagBag from /home/airflow/.local/lib/python3.8/site-packages/airflow/example_dags/example_kubernetes_executor.py
[2022-05-22 20:48:01,694] {scheduler_job.py:643} INFO - DAG(s) dict_keys(['example_kubernetes_executor']) retrieved from /home/airflow/.local/lib/python3.8/site-packages/airflow/example_dags/example_kubernetes_executor.py
[2022-05-22 20:48:01,753] {logging_mixin.py:104} INFO - [2022-05-22 20:48:01,753] {dag.py:1833} INFO - Sync 1 DAGs
[2022-05-22 20:48:01,796] {logging_mixin.py:104} INFO - [2022-05-22 20:48:01,796] {dag.py:2306} INFO - Setting next_dagrun for example_kubernetes_executor to None
[2022-05-22 20:48:01,862] {scheduler_job.py:190} INFO - Processing /home/airflow/.local/lib/python3.8/site-packages/airflow/example_dags/example_kubernetes_executor.py took 0.224 seconds
[2022-05-22 20:48:41,971] {scheduler_job.py:182} INFO - Started process (PID=143) to work on /home/airflow/.local/lib/python3.8/site-packages/airflow/example_dags/example_kubernetes_executor.py
[2022-05-22 20:48:41,977] {scheduler_job.py:633} INFO - Processing file /home/airflow/.local/lib/python3.8/site-packages/airflow/example_dags/example_kubernetes_executor.py for tasks to queue
[2022-05-22 20:48:41,982] {logging_mixin.py:104} INFO - [2022-05-22 20:48:41,981] {dagbag.py:496} INFO - Filling up the DagBag from /home/airflow/.local/lib/python3.8/site-packages/airflow/example_dags/example_kubernetes_executor.py
[2022-05-22 20:48:42,004] {scheduler_job.py:643} INFO - DAG(s) dict_keys(['example_kubernetes_executor']) retrieved from /home/airflow/.local/lib/python3.8/site-packages/airflow/example_dags/example_kubernetes_executor.py
[2022-05-22 20:48:42,073] {logging_mixin.py:104} INFO - [2022-05-22 20:48:42,073] {dag.py:1833} INFO - Sync 1 DAGs
[2022-05-22 20:48:42,124] {logging_mixin.py:104} INFO - [2022-05-22 20:48:42,124] {dag.py:2306} INFO - Setting next_dagrun for example_kubernetes_executor to None
[2022-05-22 20:48:42,227] {scheduler_job.py:190} INFO - Processing /home/airflow/.local/lib/python3.8/site-packages/airflow/example_dags/example_kubernetes_executor.py took 0.263 seconds
[2022-05-22 20:49:28,527] {scheduler_job.py:182} INFO - Started process (PID=169) to work on /home/airflow/.local/lib/python3.8/site-packages/airflow/example_dags/example_kubernetes_executor.py
[2022-05-22 20:49:28,533] {scheduler_job.py:633} INFO - Processing file /home/airflow/.local/lib/python3.8/site-packages/airflow/example_dags/example_kubernetes_executor.py for tasks to queue
[2022-05-22 20:49:28,537] {logging_mixin.py:104} INFO - [2022-05-22 20:49:28,537] {dagbag.py:496} INFO - Filling up the DagBag from /home/airflow/.local/lib/python3.8/site-packages/airflow/example_dags/example_kubernetes_executor.py
[2022-05-22 20:49:28,572] {scheduler_job.py:643} INFO - DAG(s) dict_keys(['example_kubernetes_executor']) retrieved from /home/airflow/.local/lib/python3.8/site-packages/airflow/example_dags/example_kubernetes_executor.py
[2022-05-22 20:49:28,624] {logging_mixin.py:104} INFO - [2022-05-22 20:49:28,624] {dag.py:1833} INFO - Sync 1 DAGs
[2022-05-22 20:49:28,717] {logging_mixin.py:104} INFO - [2022-05-22 20:49:28,717] {dag.py:2306} INFO - Setting next_dagrun for example_kubernetes_executor to None
[2022-05-22 20:49:29,125] {scheduler_job.py:190} INFO - Processing /home/airflow/.local/lib/python3.8/site-packages/airflow/example_dags/example_kubernetes_executor.py took 0.611 seconds
[2022-05-22 20:50:13,254] {scheduler_job.py:182} INFO - Started process (PID=198) to work on /home/airflow/.local/lib/python3.8/site-packages/airflow/example_dags/example_kubernetes_executor.py
[2022-05-22 20:50:13,258] {scheduler_job.py:633} INFO - Processing file /home/airflow/.local/lib/python3.8/site-packages/airflow/example_dags/example_kubernetes_executor.py for tasks to queue
[2022-05-22 20:50:13,263] {logging_mixin.py:104} INFO - [2022-05-22 20:50:13,263] {dagbag.py:496} INFO - Filling up the DagBag from /home/airflow/.local/lib/python3.8/site-packages/airflow/example_dags/example_kubernetes_executor.py
[2022-05-22 20:50:13,290] {scheduler_job.py:643} INFO - DAG(s) dict_keys(['example_kubernetes_executor']) retrieved from /home/airflow/.local/lib/python3.8/site-packages/airflow/example_dags/example_kubernetes_executor.py
[2022-05-22 20:50:13,367] {logging_mixin.py:104} INFO - [2022-05-22 20:50:13,367] {dag.py:1833} INFO - Sync 1 DAGs
[2022-05-22 20:50:13,420] {logging_mixin.py:104} INFO - [2022-05-22 20:50:13,420] {dag.py:2306} INFO - Setting next_dagrun for example_kubernetes_executor to None
[2022-05-22 20:50:13,520] {scheduler_job.py:190} INFO - Processing /home/airflow/.local/lib/python3.8/site-packages/airflow/example_dags/example_kubernetes_executor.py took 0.272 seconds
[2022-05-22 20:51:03,092] {scheduler_job.py:182} INFO - Started process (PID=231) to work on /home/airflow/.local/lib/python3.8/site-packages/airflow/example_dags/example_kubernetes_executor.py
[2022-05-22 20:51:03,096] {scheduler_job.py:633} INFO - Processing file /home/airflow/.local/lib/python3.8/site-packages/airflow/example_dags/example_kubernetes_executor.py for tasks to queue
[2022-05-22 20:51:03,102] {logging_mixin.py:104} INFO - [2022-05-22 20:51:03,101] {dagbag.py:496} INFO - Filling up the DagBag from /home/airflow/.local/lib/python3.8/site-packages/airflow/example_dags/example_kubernetes_executor.py
[2022-05-22 20:51:03,127] {scheduler_job.py:643} INFO - DAG(s) dict_keys(['example_kubernetes_executor']) retrieved from /home/airflow/.local/lib/python3.8/site-packages/airflow/example_dags/example_kubernetes_executor.py
[2022-05-22 20:51:03,185] {logging_mixin.py:104} INFO - [2022-05-22 20:51:03,185] {dag.py:1833} INFO - Sync 1 DAGs
[2022-05-22 20:51:03,240] {logging_mixin.py:104} INFO - [2022-05-22 20:51:03,240] {dag.py:2306} INFO - Setting next_dagrun for example_kubernetes_executor to None
[2022-05-22 20:51:03,342] {scheduler_job.py:190} INFO - Processing /home/airflow/.local/lib/python3.8/site-packages/airflow/example_dags/example_kubernetes_executor.py took 0.257 seconds
[2022-05-22 20:51:49,164] {scheduler_job.py:182} INFO - Started process (PID=263) to work on /home/airflow/.local/lib/python3.8/site-packages/airflow/example_dags/example_kubernetes_executor.py
[2022-05-22 20:51:49,172] {scheduler_job.py:633} INFO - Processing file /home/airflow/.local/lib/python3.8/site-packages/airflow/example_dags/example_kubernetes_executor.py for tasks to queue
[2022-05-22 20:51:49,175] {logging_mixin.py:104} INFO - [2022-05-22 20:51:49,175] {dagbag.py:496} INFO - Filling up the DagBag from /home/airflow/.local/lib/python3.8/site-packages/airflow/example_dags/example_kubernetes_executor.py
[2022-05-22 20:51:49,218] {scheduler_job.py:643} INFO - DAG(s) dict_keys(['example_kubernetes_executor']) retrieved from /home/airflow/.local/lib/python3.8/site-packages/airflow/example_dags/example_kubernetes_executor.py
[2022-05-22 20:51:49,273] {logging_mixin.py:104} INFO - [2022-05-22 20:51:49,273] {dag.py:1833} INFO - Sync 1 DAGs
[2022-05-22 20:51:49,321] {logging_mixin.py:104} INFO - [2022-05-22 20:51:49,321] {dag.py:2306} INFO - Setting next_dagrun for example_kubernetes_executor to None
[2022-05-22 20:51:49,406] {scheduler_job.py:190} INFO - Processing /home/airflow/.local/lib/python3.8/site-packages/airflow/example_dags/example_kubernetes_executor.py took 0.247 seconds
[2022-05-22 21:24:18,473] {scheduler_job.py:182} INFO - Started process (PID=28) to work on /home/airflow/.local/lib/python3.8/site-packages/airflow/example_dags/example_kubernetes_executor.py
[2022-05-22 21:24:18,476] {scheduler_job.py:633} INFO - Processing file /home/airflow/.local/lib/python3.8/site-packages/airflow/example_dags/example_kubernetes_executor.py for tasks to queue
[2022-05-22 21:24:18,478] {logging_mixin.py:104} INFO - [2022-05-22 21:24:18,477] {dagbag.py:496} INFO - Filling up the DagBag from /home/airflow/.local/lib/python3.8/site-packages/airflow/example_dags/example_kubernetes_executor.py
[2022-05-22 21:24:18,509] {scheduler_job.py:643} INFO - DAG(s) dict_keys(['example_kubernetes_executor']) retrieved from /home/airflow/.local/lib/python3.8/site-packages/airflow/example_dags/example_kubernetes_executor.py
[2022-05-22 21:24:18,565] {logging_mixin.py:104} INFO - [2022-05-22 21:24:18,565] {dag.py:1833} INFO - Sync 1 DAGs
[2022-05-22 21:24:18,629] {logging_mixin.py:104} INFO - [2022-05-22 21:24:18,629] {dag.py:2306} INFO - Setting next_dagrun for example_kubernetes_executor to None
[2022-05-22 21:24:18,712] {scheduler_job.py:190} INFO - Processing /home/airflow/.local/lib/python3.8/site-packages/airflow/example_dags/example_kubernetes_executor.py took 0.243 seconds
[2022-05-22 21:25:05,259] {scheduler_job.py:182} INFO - Started process (PID=61) to work on /home/airflow/.local/lib/python3.8/site-packages/airflow/example_dags/example_kubernetes_executor.py
[2022-05-22 21:25:05,262] {scheduler_job.py:633} INFO - Processing file /home/airflow/.local/lib/python3.8/site-packages/airflow/example_dags/example_kubernetes_executor.py for tasks to queue
[2022-05-22 21:25:05,264] {logging_mixin.py:104} INFO - [2022-05-22 21:25:05,264] {dagbag.py:496} INFO - Filling up the DagBag from /home/airflow/.local/lib/python3.8/site-packages/airflow/example_dags/example_kubernetes_executor.py
[2022-05-22 21:25:05,280] {scheduler_job.py:643} INFO - DAG(s) dict_keys(['example_kubernetes_executor']) retrieved from /home/airflow/.local/lib/python3.8/site-packages/airflow/example_dags/example_kubernetes_executor.py
[2022-05-22 21:25:05,315] {logging_mixin.py:104} INFO - [2022-05-22 21:25:05,315] {dag.py:1833} INFO - Sync 1 DAGs
[2022-05-22 21:25:05,347] {logging_mixin.py:104} INFO - [2022-05-22 21:25:05,347] {dag.py:2306} INFO - Setting next_dagrun for example_kubernetes_executor to None
[2022-05-22 21:25:05,410] {scheduler_job.py:190} INFO - Processing /home/airflow/.local/lib/python3.8/site-packages/airflow/example_dags/example_kubernetes_executor.py took 0.155 seconds
[2022-05-22 21:27:37,756] {scheduler_job.py:182} INFO - Started process (PID=29) to work on /home/airflow/.local/lib/python3.8/site-packages/airflow/example_dags/example_kubernetes_executor.py
[2022-05-22 21:27:37,764] {scheduler_job.py:633} INFO - Processing file /home/airflow/.local/lib/python3.8/site-packages/airflow/example_dags/example_kubernetes_executor.py for tasks to queue
[2022-05-22 21:27:37,767] {logging_mixin.py:104} INFO - [2022-05-22 21:27:37,767] {dagbag.py:496} INFO - Filling up the DagBag from /home/airflow/.local/lib/python3.8/site-packages/airflow/example_dags/example_kubernetes_executor.py
[2022-05-22 21:27:37,788] {scheduler_job.py:643} INFO - DAG(s) dict_keys(['example_kubernetes_executor']) retrieved from /home/airflow/.local/lib/python3.8/site-packages/airflow/example_dags/example_kubernetes_executor.py
[2022-05-22 21:27:37,832] {logging_mixin.py:104} INFO - [2022-05-22 21:27:37,831] {dag.py:1833} INFO - Sync 1 DAGs
[2022-05-22 21:27:37,868] {logging_mixin.py:104} INFO - [2022-05-22 21:27:37,868] {dag.py:2306} INFO - Setting next_dagrun for example_kubernetes_executor to None
[2022-05-22 21:27:37,932] {scheduler_job.py:190} INFO - Processing /home/airflow/.local/lib/python3.8/site-packages/airflow/example_dags/example_kubernetes_executor.py took 0.179 seconds
[2022-05-22 21:28:20,224] {scheduler_job.py:182} INFO - Started process (PID=62) to work on /home/airflow/.local/lib/python3.8/site-packages/airflow/example_dags/example_kubernetes_executor.py
[2022-05-22 21:28:20,228] {scheduler_job.py:633} INFO - Processing file /home/airflow/.local/lib/python3.8/site-packages/airflow/example_dags/example_kubernetes_executor.py for tasks to queue
[2022-05-22 21:28:20,229] {logging_mixin.py:104} INFO - [2022-05-22 21:28:20,229] {dagbag.py:496} INFO - Filling up the DagBag from /home/airflow/.local/lib/python3.8/site-packages/airflow/example_dags/example_kubernetes_executor.py
[2022-05-22 21:28:20,248] {scheduler_job.py:643} INFO - DAG(s) dict_keys(['example_kubernetes_executor']) retrieved from /home/airflow/.local/lib/python3.8/site-packages/airflow/example_dags/example_kubernetes_executor.py
[2022-05-22 21:28:20,282] {logging_mixin.py:104} INFO - [2022-05-22 21:28:20,281] {dag.py:1833} INFO - Sync 1 DAGs
[2022-05-22 21:28:20,316] {logging_mixin.py:104} INFO - [2022-05-22 21:28:20,316] {dag.py:2306} INFO - Setting next_dagrun for example_kubernetes_executor to None
[2022-05-22 21:28:20,380] {scheduler_job.py:190} INFO - Processing /home/airflow/.local/lib/python3.8/site-packages/airflow/example_dags/example_kubernetes_executor.py took 0.160 seconds
[2022-05-22 21:29:01,464] {scheduler_job.py:182} INFO - Started process (PID=91) to work on /home/airflow/.local/lib/python3.8/site-packages/airflow/example_dags/example_kubernetes_executor.py
[2022-05-22 21:29:01,471] {scheduler_job.py:633} INFO - Processing file /home/airflow/.local/lib/python3.8/site-packages/airflow/example_dags/example_kubernetes_executor.py for tasks to queue
[2022-05-22 21:29:01,473] {logging_mixin.py:104} INFO - [2022-05-22 21:29:01,473] {dagbag.py:496} INFO - Filling up the DagBag from /home/airflow/.local/lib/python3.8/site-packages/airflow/example_dags/example_kubernetes_executor.py
[2022-05-22 21:29:01,542] {scheduler_job.py:643} INFO - DAG(s) dict_keys(['example_kubernetes_executor']) retrieved from /home/airflow/.local/lib/python3.8/site-packages/airflow/example_dags/example_kubernetes_executor.py
[2022-05-22 21:29:01,705] {logging_mixin.py:104} INFO - [2022-05-22 21:29:01,704] {dag.py:1833} INFO - Sync 1 DAGs
[2022-05-22 21:29:01,758] {logging_mixin.py:104} INFO - [2022-05-22 21:29:01,758] {dag.py:2306} INFO - Setting next_dagrun for example_kubernetes_executor to None
[2022-05-22 21:29:01,833] {scheduler_job.py:190} INFO - Processing /home/airflow/.local/lib/python3.8/site-packages/airflow/example_dags/example_kubernetes_executor.py took 0.374 seconds
[2022-05-22 21:29:42,051] {scheduler_job.py:182} INFO - Started process (PID=123) to work on /home/airflow/.local/lib/python3.8/site-packages/airflow/example_dags/example_kubernetes_executor.py
[2022-05-22 21:29:42,055] {scheduler_job.py:633} INFO - Processing file /home/airflow/.local/lib/python3.8/site-packages/airflow/example_dags/example_kubernetes_executor.py for tasks to queue
[2022-05-22 21:29:42,056] {logging_mixin.py:104} INFO - [2022-05-22 21:29:42,056] {dagbag.py:496} INFO - Filling up the DagBag from /home/airflow/.local/lib/python3.8/site-packages/airflow/example_dags/example_kubernetes_executor.py
[2022-05-22 21:29:42,072] {scheduler_job.py:643} INFO - DAG(s) dict_keys(['example_kubernetes_executor']) retrieved from /home/airflow/.local/lib/python3.8/site-packages/airflow/example_dags/example_kubernetes_executor.py
[2022-05-22 21:29:42,095] {logging_mixin.py:104} INFO - [2022-05-22 21:29:42,095] {dag.py:1833} INFO - Sync 1 DAGs
[2022-05-22 21:29:42,116] {logging_mixin.py:104} INFO - [2022-05-22 21:29:42,116] {dag.py:2306} INFO - Setting next_dagrun for example_kubernetes_executor to None
[2022-05-22 21:29:42,162] {scheduler_job.py:190} INFO - Processing /home/airflow/.local/lib/python3.8/site-packages/airflow/example_dags/example_kubernetes_executor.py took 0.114 seconds
[2022-05-22 21:30:25,014] {scheduler_job.py:182} INFO - Started process (PID=155) to work on /home/airflow/.local/lib/python3.8/site-packages/airflow/example_dags/example_kubernetes_executor.py
[2022-05-22 21:30:25,017] {scheduler_job.py:633} INFO - Processing file /home/airflow/.local/lib/python3.8/site-packages/airflow/example_dags/example_kubernetes_executor.py for tasks to queue
[2022-05-22 21:30:25,019] {logging_mixin.py:104} INFO - [2022-05-22 21:30:25,019] {dagbag.py:496} INFO - Filling up the DagBag from /home/airflow/.local/lib/python3.8/site-packages/airflow/example_dags/example_kubernetes_executor.py
[2022-05-22 21:30:25,033] {scheduler_job.py:643} INFO - DAG(s) dict_keys(['example_kubernetes_executor']) retrieved from /home/airflow/.local/lib/python3.8/site-packages/airflow/example_dags/example_kubernetes_executor.py
[2022-05-22 21:30:25,066] {logging_mixin.py:104} INFO - [2022-05-22 21:30:25,066] {dag.py:1833} INFO - Sync 1 DAGs
[2022-05-22 21:30:25,093] {logging_mixin.py:104} INFO - [2022-05-22 21:30:25,093] {dag.py:2306} INFO - Setting next_dagrun for example_kubernetes_executor to None
[2022-05-22 21:30:25,142] {scheduler_job.py:190} INFO - Processing /home/airflow/.local/lib/python3.8/site-packages/airflow/example_dags/example_kubernetes_executor.py took 0.131 seconds
[2022-05-22 21:31:05,649] {scheduler_job.py:182} INFO - Started process (PID=187) to work on /home/airflow/.local/lib/python3.8/site-packages/airflow/example_dags/example_kubernetes_executor.py
[2022-05-22 21:31:05,653] {scheduler_job.py:633} INFO - Processing file /home/airflow/.local/lib/python3.8/site-packages/airflow/example_dags/example_kubernetes_executor.py for tasks to queue
[2022-05-22 21:31:05,655] {logging_mixin.py:104} INFO - [2022-05-22 21:31:05,655] {dagbag.py:496} INFO - Filling up the DagBag from /home/airflow/.local/lib/python3.8/site-packages/airflow/example_dags/example_kubernetes_executor.py
[2022-05-22 21:31:05,672] {scheduler_job.py:643} INFO - DAG(s) dict_keys(['example_kubernetes_executor']) retrieved from /home/airflow/.local/lib/python3.8/site-packages/airflow/example_dags/example_kubernetes_executor.py
[2022-05-22 21:31:05,711] {logging_mixin.py:104} INFO - [2022-05-22 21:31:05,711] {dag.py:1833} INFO - Sync 1 DAGs
[2022-05-22 21:31:05,736] {logging_mixin.py:104} INFO - [2022-05-22 21:31:05,736] {dag.py:2306} INFO - Setting next_dagrun for example_kubernetes_executor to None
[2022-05-22 21:31:05,792] {scheduler_job.py:190} INFO - Processing /home/airflow/.local/lib/python3.8/site-packages/airflow/example_dags/example_kubernetes_executor.py took 0.147 seconds
[2022-05-22 21:31:42,696] {scheduler_job.py:182} INFO - Started process (PID=217) to work on /home/airflow/.local/lib/python3.8/site-packages/airflow/example_dags/example_kubernetes_executor.py
[2022-05-22 21:31:42,699] {scheduler_job.py:633} INFO - Processing file /home/airflow/.local/lib/python3.8/site-packages/airflow/example_dags/example_kubernetes_executor.py for tasks to queue
[2022-05-22 21:31:42,700] {logging_mixin.py:104} INFO - [2022-05-22 21:31:42,700] {dagbag.py:496} INFO - Filling up the DagBag from /home/airflow/.local/lib/python3.8/site-packages/airflow/example_dags/example_kubernetes_executor.py
[2022-05-22 21:31:42,716] {scheduler_job.py:643} INFO - DAG(s) dict_keys(['example_kubernetes_executor']) retrieved from /home/airflow/.local/lib/python3.8/site-packages/airflow/example_dags/example_kubernetes_executor.py
[2022-05-22 21:31:42,742] {logging_mixin.py:104} INFO - [2022-05-22 21:31:42,742] {dag.py:1833} INFO - Sync 1 DAGs
[2022-05-22 21:31:42,771] {logging_mixin.py:104} INFO - [2022-05-22 21:31:42,771] {dag.py:2306} INFO - Setting next_dagrun for example_kubernetes_executor to None
[2022-05-22 21:31:42,824] {scheduler_job.py:190} INFO - Processing /home/airflow/.local/lib/python3.8/site-packages/airflow/example_dags/example_kubernetes_executor.py took 0.132 seconds
[2022-05-22 21:32:24,803] {scheduler_job.py:182} INFO - Started process (PID=250) to work on /home/airflow/.local/lib/python3.8/site-packages/airflow/example_dags/example_kubernetes_executor.py
[2022-05-22 21:32:24,812] {scheduler_job.py:633} INFO - Processing file /home/airflow/.local/lib/python3.8/site-packages/airflow/example_dags/example_kubernetes_executor.py for tasks to queue
[2022-05-22 21:32:24,814] {logging_mixin.py:104} INFO - [2022-05-22 21:32:24,813] {dagbag.py:496} INFO - Filling up the DagBag from /home/airflow/.local/lib/python3.8/site-packages/airflow/example_dags/example_kubernetes_executor.py
[2022-05-22 21:32:24,846] {scheduler_job.py:643} INFO - DAG(s) dict_keys(['example_kubernetes_executor']) retrieved from /home/airflow/.local/lib/python3.8/site-packages/airflow/example_dags/example_kubernetes_executor.py
[2022-05-22 21:32:24,930] {logging_mixin.py:104} INFO - [2022-05-22 21:32:24,929] {dag.py:1833} INFO - Sync 1 DAGs
[2022-05-22 21:32:24,988] {logging_mixin.py:104} INFO - [2022-05-22 21:32:24,988] {dag.py:2306} INFO - Setting next_dagrun for example_kubernetes_executor to None
[2022-05-22 21:32:25,078] {scheduler_job.py:190} INFO - Processing /home/airflow/.local/lib/python3.8/site-packages/airflow/example_dags/example_kubernetes_executor.py took 0.280 seconds
[2022-05-22 21:35:50,885] {scheduler_job.py:182} INFO - Started process (PID=27) to work on /home/airflow/.local/lib/python3.8/site-packages/airflow/example_dags/example_kubernetes_executor.py
[2022-05-22 21:35:50,888] {scheduler_job.py:633} INFO - Processing file /home/airflow/.local/lib/python3.8/site-packages/airflow/example_dags/example_kubernetes_executor.py for tasks to queue
[2022-05-22 21:35:50,890] {logging_mixin.py:104} INFO - [2022-05-22 21:35:50,890] {dagbag.py:496} INFO - Filling up the DagBag from /home/airflow/.local/lib/python3.8/site-packages/airflow/example_dags/example_kubernetes_executor.py
[2022-05-22 21:35:50,904] {scheduler_job.py:643} INFO - DAG(s) dict_keys(['example_kubernetes_executor']) retrieved from /home/airflow/.local/lib/python3.8/site-packages/airflow/example_dags/example_kubernetes_executor.py
[2022-05-22 21:35:50,926] {logging_mixin.py:104} INFO - [2022-05-22 21:35:50,925] {dag.py:1833} INFO - Sync 1 DAGs
[2022-05-22 21:35:50,946] {logging_mixin.py:104} INFO - [2022-05-22 21:35:50,946] {dag.py:2306} INFO - Setting next_dagrun for example_kubernetes_executor to None
[2022-05-22 21:35:50,991] {scheduler_job.py:190} INFO - Processing /home/airflow/.local/lib/python3.8/site-packages/airflow/example_dags/example_kubernetes_executor.py took 0.109 seconds
[2022-05-22 21:36:31,553] {scheduler_job.py:182} INFO - Started process (PID=60) to work on /home/airflow/.local/lib/python3.8/site-packages/airflow/example_dags/example_kubernetes_executor.py
[2022-05-22 21:36:31,557] {scheduler_job.py:633} INFO - Processing file /home/airflow/.local/lib/python3.8/site-packages/airflow/example_dags/example_kubernetes_executor.py for tasks to queue
[2022-05-22 21:36:31,558] {logging_mixin.py:104} INFO - [2022-05-22 21:36:31,558] {dagbag.py:496} INFO - Filling up the DagBag from /home/airflow/.local/lib/python3.8/site-packages/airflow/example_dags/example_kubernetes_executor.py
[2022-05-22 21:36:31,572] {scheduler_job.py:643} INFO - DAG(s) dict_keys(['example_kubernetes_executor']) retrieved from /home/airflow/.local/lib/python3.8/site-packages/airflow/example_dags/example_kubernetes_executor.py
[2022-05-22 21:36:31,596] {logging_mixin.py:104} INFO - [2022-05-22 21:36:31,596] {dag.py:1833} INFO - Sync 1 DAGs
[2022-05-22 21:36:31,616] {logging_mixin.py:104} INFO - [2022-05-22 21:36:31,616] {dag.py:2306} INFO - Setting next_dagrun for example_kubernetes_executor to None
[2022-05-22 21:36:31,661] {scheduler_job.py:190} INFO - Processing /home/airflow/.local/lib/python3.8/site-packages/airflow/example_dags/example_kubernetes_executor.py took 0.111 seconds
[2022-05-22 21:37:09,877] {scheduler_job.py:182} INFO - Started process (PID=89) to work on /home/airflow/.local/lib/python3.8/site-packages/airflow/example_dags/example_kubernetes_executor.py
[2022-05-22 21:37:09,881] {scheduler_job.py:633} INFO - Processing file /home/airflow/.local/lib/python3.8/site-packages/airflow/example_dags/example_kubernetes_executor.py for tasks to queue
[2022-05-22 21:37:09,882] {logging_mixin.py:104} INFO - [2022-05-22 21:37:09,882] {dagbag.py:496} INFO - Filling up the DagBag from /home/airflow/.local/lib/python3.8/site-packages/airflow/example_dags/example_kubernetes_executor.py
[2022-05-22 21:37:09,913] {scheduler_job.py:643} INFO - DAG(s) dict_keys(['example_kubernetes_executor']) retrieved from /home/airflow/.local/lib/python3.8/site-packages/airflow/example_dags/example_kubernetes_executor.py
[2022-05-22 21:37:09,989] {logging_mixin.py:104} INFO - [2022-05-22 21:37:09,989] {dag.py:1833} INFO - Sync 1 DAGs
[2022-05-22 21:37:10,066] {logging_mixin.py:104} INFO - [2022-05-22 21:37:10,066] {dag.py:2306} INFO - Setting next_dagrun for example_kubernetes_executor to None
[2022-05-22 21:37:10,282] {scheduler_job.py:190} INFO - Processing /home/airflow/.local/lib/python3.8/site-packages/airflow/example_dags/example_kubernetes_executor.py took 0.408 seconds
[2022-05-22 21:38:04,598] {scheduler_job.py:182} INFO - Started process (PID=129) to work on /home/airflow/.local/lib/python3.8/site-packages/airflow/example_dags/example_kubernetes_executor.py
[2022-05-22 21:38:04,603] {scheduler_job.py:633} INFO - Processing file /home/airflow/.local/lib/python3.8/site-packages/airflow/example_dags/example_kubernetes_executor.py for tasks to queue
[2022-05-22 21:38:04,605] {logging_mixin.py:104} INFO - [2022-05-22 21:38:04,605] {dagbag.py:496} INFO - Filling up the DagBag from /home/airflow/.local/lib/python3.8/site-packages/airflow/example_dags/example_kubernetes_executor.py
[2022-05-22 21:38:04,623] {scheduler_job.py:643} INFO - DAG(s) dict_keys(['example_kubernetes_executor']) retrieved from /home/airflow/.local/lib/python3.8/site-packages/airflow/example_dags/example_kubernetes_executor.py
[2022-05-22 21:38:04,648] {logging_mixin.py:104} INFO - [2022-05-22 21:38:04,648] {dag.py:1833} INFO - Sync 1 DAGs
[2022-05-22 21:38:04,671] {logging_mixin.py:104} INFO - [2022-05-22 21:38:04,671] {dag.py:2306} INFO - Setting next_dagrun for example_kubernetes_executor to None
[2022-05-22 21:38:04,725] {scheduler_job.py:190} INFO - Processing /home/airflow/.local/lib/python3.8/site-packages/airflow/example_dags/example_kubernetes_executor.py took 0.132 seconds
[2022-05-22 21:38:59,217] {scheduler_job.py:182} INFO - Started process (PID=176) to work on /home/airflow/.local/lib/python3.8/site-packages/airflow/example_dags/example_kubernetes_executor.py
[2022-05-22 21:38:59,220] {scheduler_job.py:633} INFO - Processing file /home/airflow/.local/lib/python3.8/site-packages/airflow/example_dags/example_kubernetes_executor.py for tasks to queue
[2022-05-22 21:38:59,222] {logging_mixin.py:104} INFO - [2022-05-22 21:38:59,222] {dagbag.py:496} INFO - Filling up the DagBag from /home/airflow/.local/lib/python3.8/site-packages/airflow/example_dags/example_kubernetes_executor.py
[2022-05-22 21:38:59,236] {scheduler_job.py:643} INFO - DAG(s) dict_keys(['example_kubernetes_executor']) retrieved from /home/airflow/.local/lib/python3.8/site-packages/airflow/example_dags/example_kubernetes_executor.py
[2022-05-22 21:38:59,260] {logging_mixin.py:104} INFO - [2022-05-22 21:38:59,260] {dag.py:1833} INFO - Sync 1 DAGs
[2022-05-22 21:38:59,288] {logging_mixin.py:104} INFO - [2022-05-22 21:38:59,288] {dag.py:2306} INFO - Setting next_dagrun for example_kubernetes_executor to None
[2022-05-22 21:38:59,334] {scheduler_job.py:190} INFO - Processing /home/airflow/.local/lib/python3.8/site-packages/airflow/example_dags/example_kubernetes_executor.py took 0.120 seconds
[2022-05-22 21:39:36,309] {scheduler_job.py:182} INFO - Started process (PID=205) to work on /home/airflow/.local/lib/python3.8/site-packages/airflow/example_dags/example_kubernetes_executor.py
[2022-05-22 21:39:36,311] {scheduler_job.py:633} INFO - Processing file /home/airflow/.local/lib/python3.8/site-packages/airflow/example_dags/example_kubernetes_executor.py for tasks to queue
[2022-05-22 21:39:36,314] {logging_mixin.py:104} INFO - [2022-05-22 21:39:36,313] {dagbag.py:496} INFO - Filling up the DagBag from /home/airflow/.local/lib/python3.8/site-packages/airflow/example_dags/example_kubernetes_executor.py
[2022-05-22 21:39:36,328] {scheduler_job.py:643} INFO - DAG(s) dict_keys(['example_kubernetes_executor']) retrieved from /home/airflow/.local/lib/python3.8/site-packages/airflow/example_dags/example_kubernetes_executor.py
[2022-05-22 21:39:36,363] {logging_mixin.py:104} INFO - [2022-05-22 21:39:36,363] {dag.py:1833} INFO - Sync 1 DAGs
[2022-05-22 21:39:36,389] {logging_mixin.py:104} INFO - [2022-05-22 21:39:36,389] {dag.py:2306} INFO - Setting next_dagrun for example_kubernetes_executor to None
[2022-05-22 21:39:36,443] {scheduler_job.py:190} INFO - Processing /home/airflow/.local/lib/python3.8/site-packages/airflow/example_dags/example_kubernetes_executor.py took 0.137 seconds
[2022-05-22 21:40:10,962] {scheduler_job.py:182} INFO - Started process (PID=233) to work on /home/airflow/.local/lib/python3.8/site-packages/airflow/example_dags/example_kubernetes_executor.py
[2022-05-22 21:40:10,966] {scheduler_job.py:633} INFO - Processing file /home/airflow/.local/lib/python3.8/site-packages/airflow/example_dags/example_kubernetes_executor.py for tasks to queue
[2022-05-22 21:40:10,967] {logging_mixin.py:104} INFO - [2022-05-22 21:40:10,967] {dagbag.py:496} INFO - Filling up the DagBag from /home/airflow/.local/lib/python3.8/site-packages/airflow/example_dags/example_kubernetes_executor.py
[2022-05-22 21:40:10,981] {scheduler_job.py:643} INFO - DAG(s) dict_keys(['example_kubernetes_executor']) retrieved from /home/airflow/.local/lib/python3.8/site-packages/airflow/example_dags/example_kubernetes_executor.py
[2022-05-22 21:40:11,006] {logging_mixin.py:104} INFO - [2022-05-22 21:40:11,006] {dag.py:1833} INFO - Sync 1 DAGs
[2022-05-22 21:40:11,026] {logging_mixin.py:104} INFO - [2022-05-22 21:40:11,026] {dag.py:2306} INFO - Setting next_dagrun for example_kubernetes_executor to None
[2022-05-22 21:40:11,076] {scheduler_job.py:190} INFO - Processing /home/airflow/.local/lib/python3.8/site-packages/airflow/example_dags/example_kubernetes_executor.py took 0.117 seconds
[2022-05-22 21:40:47,201] {scheduler_job.py:182} INFO - Started process (PID=262) to work on /home/airflow/.local/lib/python3.8/site-packages/airflow/example_dags/example_kubernetes_executor.py
[2022-05-22 21:40:47,205] {scheduler_job.py:633} INFO - Processing file /home/airflow/.local/lib/python3.8/site-packages/airflow/example_dags/example_kubernetes_executor.py for tasks to queue
[2022-05-22 21:40:47,208] {logging_mixin.py:104} INFO - [2022-05-22 21:40:47,207] {dagbag.py:496} INFO - Filling up the DagBag from /home/airflow/.local/lib/python3.8/site-packages/airflow/example_dags/example_kubernetes_executor.py
[2022-05-22 21:40:47,221] {scheduler_job.py:643} INFO - DAG(s) dict_keys(['example_kubernetes_executor']) retrieved from /home/airflow/.local/lib/python3.8/site-packages/airflow/example_dags/example_kubernetes_executor.py
[2022-05-22 21:40:47,248] {logging_mixin.py:104} INFO - [2022-05-22 21:40:47,248] {dag.py:1833} INFO - Sync 1 DAGs
[2022-05-22 21:40:47,267] {logging_mixin.py:104} INFO - [2022-05-22 21:40:47,267] {dag.py:2306} INFO - Setting next_dagrun for example_kubernetes_executor to None
[2022-05-22 21:40:47,313] {scheduler_job.py:190} INFO - Processing /home/airflow/.local/lib/python3.8/site-packages/airflow/example_dags/example_kubernetes_executor.py took 0.118 seconds
[2022-05-22 21:45:52,118] {scheduler_job.py:182} INFO - Started process (PID=28) to work on /home/airflow/.local/lib/python3.8/site-packages/airflow/example_dags/example_kubernetes_executor.py
[2022-05-22 21:45:52,122] {scheduler_job.py:633} INFO - Processing file /home/airflow/.local/lib/python3.8/site-packages/airflow/example_dags/example_kubernetes_executor.py for tasks to queue
[2022-05-22 21:45:52,124] {logging_mixin.py:104} INFO - [2022-05-22 21:45:52,124] {dagbag.py:496} INFO - Filling up the DagBag from /home/airflow/.local/lib/python3.8/site-packages/airflow/example_dags/example_kubernetes_executor.py
[2022-05-22 21:45:52,140] {scheduler_job.py:643} INFO - DAG(s) dict_keys(['example_kubernetes_executor']) retrieved from /home/airflow/.local/lib/python3.8/site-packages/airflow/example_dags/example_kubernetes_executor.py
[2022-05-22 21:45:52,173] {logging_mixin.py:104} INFO - [2022-05-22 21:45:52,173] {dag.py:1833} INFO - Sync 1 DAGs
[2022-05-22 21:45:52,201] {logging_mixin.py:104} INFO - [2022-05-22 21:45:52,201] {dag.py:2306} INFO - Setting next_dagrun for example_kubernetes_executor to None
[2022-05-22 21:45:52,248] {scheduler_job.py:190} INFO - Processing /home/airflow/.local/lib/python3.8/site-packages/airflow/example_dags/example_kubernetes_executor.py took 0.134 seconds
[2022-05-22 21:46:32,629] {scheduler_job.py:182} INFO - Started process (PID=61) to work on /home/airflow/.local/lib/python3.8/site-packages/airflow/example_dags/example_kubernetes_executor.py
[2022-05-22 21:46:32,632] {scheduler_job.py:633} INFO - Processing file /home/airflow/.local/lib/python3.8/site-packages/airflow/example_dags/example_kubernetes_executor.py for tasks to queue
[2022-05-22 21:46:32,635] {logging_mixin.py:104} INFO - [2022-05-22 21:46:32,635] {dagbag.py:496} INFO - Filling up the DagBag from /home/airflow/.local/lib/python3.8/site-packages/airflow/example_dags/example_kubernetes_executor.py
[2022-05-22 21:46:32,650] {scheduler_job.py:643} INFO - DAG(s) dict_keys(['example_kubernetes_executor']) retrieved from /home/airflow/.local/lib/python3.8/site-packages/airflow/example_dags/example_kubernetes_executor.py
[2022-05-22 21:46:32,679] {logging_mixin.py:104} INFO - [2022-05-22 21:46:32,679] {dag.py:1833} INFO - Sync 1 DAGs
[2022-05-22 21:46:32,701] {logging_mixin.py:104} INFO - [2022-05-22 21:46:32,701] {dag.py:2306} INFO - Setting next_dagrun for example_kubernetes_executor to None
[2022-05-22 21:46:32,748] {scheduler_job.py:190} INFO - Processing /home/airflow/.local/lib/python3.8/site-packages/airflow/example_dags/example_kubernetes_executor.py took 0.122 seconds
[2022-05-22 21:47:11,927] {scheduler_job.py:182} INFO - Started process (PID=90) to work on /home/airflow/.local/lib/python3.8/site-packages/airflow/example_dags/example_kubernetes_executor.py
[2022-05-22 21:47:11,931] {scheduler_job.py:633} INFO - Processing file /home/airflow/.local/lib/python3.8/site-packages/airflow/example_dags/example_kubernetes_executor.py for tasks to queue
[2022-05-22 21:47:11,934] {logging_mixin.py:104} INFO - [2022-05-22 21:47:11,933] {dagbag.py:496} INFO - Filling up the DagBag from /home/airflow/.local/lib/python3.8/site-packages/airflow/example_dags/example_kubernetes_executor.py
[2022-05-22 21:47:11,949] {scheduler_job.py:643} INFO - DAG(s) dict_keys(['example_kubernetes_executor']) retrieved from /home/airflow/.local/lib/python3.8/site-packages/airflow/example_dags/example_kubernetes_executor.py
[2022-05-22 21:47:11,977] {logging_mixin.py:104} INFO - [2022-05-22 21:47:11,977] {dag.py:1833} INFO - Sync 1 DAGs
[2022-05-22 21:47:12,007] {logging_mixin.py:104} INFO - [2022-05-22 21:47:12,006] {dag.py:2306} INFO - Setting next_dagrun for example_kubernetes_executor to None
[2022-05-22 21:47:12,056] {scheduler_job.py:190} INFO - Processing /home/airflow/.local/lib/python3.8/site-packages/airflow/example_dags/example_kubernetes_executor.py took 0.136 seconds
[2022-05-22 21:47:53,353] {scheduler_job.py:182} INFO - Started process (PID=122) to work on /home/airflow/.local/lib/python3.8/site-packages/airflow/example_dags/example_kubernetes_executor.py
[2022-05-22 21:47:53,358] {scheduler_job.py:633} INFO - Processing file /home/airflow/.local/lib/python3.8/site-packages/airflow/example_dags/example_kubernetes_executor.py for tasks to queue
[2022-05-22 21:47:53,359] {logging_mixin.py:104} INFO - [2022-05-22 21:47:53,359] {dagbag.py:496} INFO - Filling up the DagBag from /home/airflow/.local/lib/python3.8/site-packages/airflow/example_dags/example_kubernetes_executor.py
[2022-05-22 21:47:53,377] {scheduler_job.py:643} INFO - DAG(s) dict_keys(['example_kubernetes_executor']) retrieved from /home/airflow/.local/lib/python3.8/site-packages/airflow/example_dags/example_kubernetes_executor.py
[2022-05-22 21:47:53,401] {logging_mixin.py:104} INFO - [2022-05-22 21:47:53,401] {dag.py:1833} INFO - Sync 1 DAGs
[2022-05-22 21:47:53,422] {logging_mixin.py:104} INFO - [2022-05-22 21:47:53,422] {dag.py:2306} INFO - Setting next_dagrun for example_kubernetes_executor to None
[2022-05-22 21:47:53,474] {scheduler_job.py:190} INFO - Processing /home/airflow/.local/lib/python3.8/site-packages/airflow/example_dags/example_kubernetes_executor.py took 0.125 seconds
[2022-05-22 21:48:32,623] {scheduler_job.py:182} INFO - Started process (PID=152) to work on /home/airflow/.local/lib/python3.8/site-packages/airflow/example_dags/example_kubernetes_executor.py
[2022-05-22 21:48:32,626] {scheduler_job.py:633} INFO - Processing file /home/airflow/.local/lib/python3.8/site-packages/airflow/example_dags/example_kubernetes_executor.py for tasks to queue
[2022-05-22 21:48:32,628] {logging_mixin.py:104} INFO - [2022-05-22 21:48:32,628] {dagbag.py:496} INFO - Filling up the DagBag from /home/airflow/.local/lib/python3.8/site-packages/airflow/example_dags/example_kubernetes_executor.py
[2022-05-22 21:48:32,644] {scheduler_job.py:643} INFO - DAG(s) dict_keys(['example_kubernetes_executor']) retrieved from /home/airflow/.local/lib/python3.8/site-packages/airflow/example_dags/example_kubernetes_executor.py
[2022-05-22 21:48:32,683] {logging_mixin.py:104} INFO - [2022-05-22 21:48:32,683] {dag.py:1833} INFO - Sync 1 DAGs
[2022-05-22 21:48:32,706] {logging_mixin.py:104} INFO - [2022-05-22 21:48:32,706] {dag.py:2306} INFO - Setting next_dagrun for example_kubernetes_executor to None
[2022-05-22 21:48:32,757] {scheduler_job.py:190} INFO - Processing /home/airflow/.local/lib/python3.8/site-packages/airflow/example_dags/example_kubernetes_executor.py took 0.137 seconds
[2022-05-22 21:49:13,196] {scheduler_job.py:182} INFO - Started process (PID=185) to work on /home/airflow/.local/lib/python3.8/site-packages/airflow/example_dags/example_kubernetes_executor.py
[2022-05-22 21:49:13,199] {scheduler_job.py:633} INFO - Processing file /home/airflow/.local/lib/python3.8/site-packages/airflow/example_dags/example_kubernetes_executor.py for tasks to queue
[2022-05-22 21:49:13,201] {logging_mixin.py:104} INFO - [2022-05-22 21:49:13,201] {dagbag.py:496} INFO - Filling up the DagBag from /home/airflow/.local/lib/python3.8/site-packages/airflow/example_dags/example_kubernetes_executor.py
[2022-05-22 21:49:13,215] {scheduler_job.py:643} INFO - DAG(s) dict_keys(['example_kubernetes_executor']) retrieved from /home/airflow/.local/lib/python3.8/site-packages/airflow/example_dags/example_kubernetes_executor.py
[2022-05-22 21:49:13,241] {logging_mixin.py:104} INFO - [2022-05-22 21:49:13,241] {dag.py:1833} INFO - Sync 1 DAGs
[2022-05-22 21:49:13,264] {logging_mixin.py:104} INFO - [2022-05-22 21:49:13,264] {dag.py:2306} INFO - Setting next_dagrun for example_kubernetes_executor to None
[2022-05-22 21:49:13,314] {scheduler_job.py:190} INFO - Processing /home/airflow/.local/lib/python3.8/site-packages/airflow/example_dags/example_kubernetes_executor.py took 0.124 seconds
[2022-05-22 21:49:49,937] {scheduler_job.py:182} INFO - Started process (PID=214) to work on /home/airflow/.local/lib/python3.8/site-packages/airflow/example_dags/example_kubernetes_executor.py
[2022-05-22 21:49:49,941] {scheduler_job.py:633} INFO - Processing file /home/airflow/.local/lib/python3.8/site-packages/airflow/example_dags/example_kubernetes_executor.py for tasks to queue
[2022-05-22 21:49:49,943] {logging_mixin.py:104} INFO - [2022-05-22 21:49:49,943] {dagbag.py:496} INFO - Filling up the DagBag from /home/airflow/.local/lib/python3.8/site-packages/airflow/example_dags/example_kubernetes_executor.py
[2022-05-22 21:49:49,957] {scheduler_job.py:643} INFO - DAG(s) dict_keys(['example_kubernetes_executor']) retrieved from /home/airflow/.local/lib/python3.8/site-packages/airflow/example_dags/example_kubernetes_executor.py
[2022-05-22 21:49:49,982] {logging_mixin.py:104} INFO - [2022-05-22 21:49:49,982] {dag.py:1833} INFO - Sync 1 DAGs
[2022-05-22 21:49:50,001] {logging_mixin.py:104} INFO - [2022-05-22 21:49:50,001] {dag.py:2306} INFO - Setting next_dagrun for example_kubernetes_executor to None
[2022-05-22 21:49:50,065] {scheduler_job.py:190} INFO - Processing /home/airflow/.local/lib/python3.8/site-packages/airflow/example_dags/example_kubernetes_executor.py took 0.131 seconds
[2022-05-22 21:50:24,642] {scheduler_job.py:182} INFO - Started process (PID=242) to work on /home/airflow/.local/lib/python3.8/site-packages/airflow/example_dags/example_kubernetes_executor.py
[2022-05-22 21:50:24,646] {scheduler_job.py:633} INFO - Processing file /home/airflow/.local/lib/python3.8/site-packages/airflow/example_dags/example_kubernetes_executor.py for tasks to queue
[2022-05-22 21:50:24,650] {logging_mixin.py:104} INFO - [2022-05-22 21:50:24,650] {dagbag.py:496} INFO - Filling up the DagBag from /home/airflow/.local/lib/python3.8/site-packages/airflow/example_dags/example_kubernetes_executor.py
[2022-05-22 21:50:24,669] {scheduler_job.py:643} INFO - DAG(s) dict_keys(['example_kubernetes_executor']) retrieved from /home/airflow/.local/lib/python3.8/site-packages/airflow/example_dags/example_kubernetes_executor.py
[2022-05-22 21:50:24,715] {logging_mixin.py:104} INFO - [2022-05-22 21:50:24,715] {dag.py:1833} INFO - Sync 1 DAGs
[2022-05-22 21:50:24,740] {logging_mixin.py:104} INFO - [2022-05-22 21:50:24,740] {dag.py:2306} INFO - Setting next_dagrun for example_kubernetes_executor to None
[2022-05-22 21:50:24,794] {scheduler_job.py:190} INFO - Processing /home/airflow/.local/lib/python3.8/site-packages/airflow/example_dags/example_kubernetes_executor.py took 0.159 seconds
[2022-05-22 21:59:02,696] {scheduler_job.py:182} INFO - Started process (PID=30) to work on /home/airflow/.local/lib/python3.8/site-packages/airflow/example_dags/example_kubernetes_executor.py
[2022-05-22 21:59:02,700] {scheduler_job.py:633} INFO - Processing file /home/airflow/.local/lib/python3.8/site-packages/airflow/example_dags/example_kubernetes_executor.py for tasks to queue
[2022-05-22 21:59:02,703] {logging_mixin.py:104} INFO - [2022-05-22 21:59:02,702] {dagbag.py:496} INFO - Filling up the DagBag from /home/airflow/.local/lib/python3.8/site-packages/airflow/example_dags/example_kubernetes_executor.py
[2022-05-22 21:59:02,722] {scheduler_job.py:643} INFO - DAG(s) dict_keys(['example_kubernetes_executor']) retrieved from /home/airflow/.local/lib/python3.8/site-packages/airflow/example_dags/example_kubernetes_executor.py
[2022-05-22 21:59:02,749] {logging_mixin.py:104} INFO - [2022-05-22 21:59:02,749] {dag.py:1833} INFO - Sync 1 DAGs
[2022-05-22 21:59:02,773] {logging_mixin.py:104} INFO - [2022-05-22 21:59:02,773] {dag.py:2306} INFO - Setting next_dagrun for example_kubernetes_executor to None
[2022-05-22 21:59:02,818] {scheduler_job.py:190} INFO - Processing /home/airflow/.local/lib/python3.8/site-packages/airflow/example_dags/example_kubernetes_executor.py took 0.128 seconds
[2022-05-22 22:02:12,965] {scheduler_job.py:182} INFO - Started process (PID=29) to work on /home/airflow/.local/lib/python3.8/site-packages/airflow/example_dags/example_kubernetes_executor.py
[2022-05-22 22:02:12,968] {scheduler_job.py:633} INFO - Processing file /home/airflow/.local/lib/python3.8/site-packages/airflow/example_dags/example_kubernetes_executor.py for tasks to queue
[2022-05-22 22:02:12,970] {logging_mixin.py:104} INFO - [2022-05-22 22:02:12,970] {dagbag.py:496} INFO - Filling up the DagBag from /home/airflow/.local/lib/python3.8/site-packages/airflow/example_dags/example_kubernetes_executor.py
[2022-05-22 22:02:12,985] {scheduler_job.py:643} INFO - DAG(s) dict_keys(['example_kubernetes_executor']) retrieved from /home/airflow/.local/lib/python3.8/site-packages/airflow/example_dags/example_kubernetes_executor.py
[2022-05-22 22:02:13,025] {logging_mixin.py:104} INFO - [2022-05-22 22:02:13,025] {dag.py:1833} INFO - Sync 1 DAGs
[2022-05-22 22:02:13,058] {logging_mixin.py:104} INFO - [2022-05-22 22:02:13,057] {dag.py:2306} INFO - Setting next_dagrun for example_kubernetes_executor to None
[2022-05-22 22:02:13,112] {scheduler_job.py:190} INFO - Processing /home/airflow/.local/lib/python3.8/site-packages/airflow/example_dags/example_kubernetes_executor.py took 0.150 seconds
[2022-05-22 22:03:00,957] {scheduler_job.py:182} INFO - Started process (PID=66) to work on /home/airflow/.local/lib/python3.8/site-packages/airflow/example_dags/example_kubernetes_executor.py
[2022-05-22 22:03:00,960] {scheduler_job.py:633} INFO - Processing file /home/airflow/.local/lib/python3.8/site-packages/airflow/example_dags/example_kubernetes_executor.py for tasks to queue
[2022-05-22 22:03:00,963] {logging_mixin.py:104} INFO - [2022-05-22 22:03:00,962] {dagbag.py:496} INFO - Filling up the DagBag from /home/airflow/.local/lib/python3.8/site-packages/airflow/example_dags/example_kubernetes_executor.py
[2022-05-22 22:03:01,009] {scheduler_job.py:643} INFO - DAG(s) dict_keys(['example_kubernetes_executor']) retrieved from /home/airflow/.local/lib/python3.8/site-packages/airflow/example_dags/example_kubernetes_executor.py
[2022-05-22 22:03:01,096] {logging_mixin.py:104} INFO - [2022-05-22 22:03:01,096] {dag.py:1833} INFO - Sync 1 DAGs
[2022-05-22 22:03:01,240] {logging_mixin.py:104} INFO - [2022-05-22 22:03:01,240] {dag.py:2306} INFO - Setting next_dagrun for example_kubernetes_executor to None
[2022-05-22 22:03:01,416] {scheduler_job.py:190} INFO - Processing /home/airflow/.local/lib/python3.8/site-packages/airflow/example_dags/example_kubernetes_executor.py took 0.463 seconds
[2022-05-22 22:03:43,652] {scheduler_job.py:182} INFO - Started process (PID=99) to work on /home/airflow/.local/lib/python3.8/site-packages/airflow/example_dags/example_kubernetes_executor.py
[2022-05-22 22:03:43,656] {scheduler_job.py:633} INFO - Processing file /home/airflow/.local/lib/python3.8/site-packages/airflow/example_dags/example_kubernetes_executor.py for tasks to queue
[2022-05-22 22:03:43,659] {logging_mixin.py:104} INFO - [2022-05-22 22:03:43,658] {dagbag.py:496} INFO - Filling up the DagBag from /home/airflow/.local/lib/python3.8/site-packages/airflow/example_dags/example_kubernetes_executor.py
[2022-05-22 22:03:43,676] {scheduler_job.py:643} INFO - DAG(s) dict_keys(['example_kubernetes_executor']) retrieved from /home/airflow/.local/lib/python3.8/site-packages/airflow/example_dags/example_kubernetes_executor.py
[2022-05-22 22:03:43,710] {logging_mixin.py:104} INFO - [2022-05-22 22:03:43,709] {dag.py:1833} INFO - Sync 1 DAGs
[2022-05-22 22:03:43,742] {logging_mixin.py:104} INFO - [2022-05-22 22:03:43,741] {dag.py:2306} INFO - Setting next_dagrun for example_kubernetes_executor to None
[2022-05-22 22:03:43,806] {scheduler_job.py:190} INFO - Processing /home/airflow/.local/lib/python3.8/site-packages/airflow/example_dags/example_kubernetes_executor.py took 0.159 seconds
[2022-05-22 22:04:51,617] {scheduler_job.py:182} INFO - Started process (PID=152) to work on /home/airflow/.local/lib/python3.8/site-packages/airflow/example_dags/example_kubernetes_executor.py
[2022-05-22 22:04:51,621] {scheduler_job.py:633} INFO - Processing file /home/airflow/.local/lib/python3.8/site-packages/airflow/example_dags/example_kubernetes_executor.py for tasks to queue
[2022-05-22 22:04:51,622] {logging_mixin.py:104} INFO - [2022-05-22 22:04:51,622] {dagbag.py:496} INFO - Filling up the DagBag from /home/airflow/.local/lib/python3.8/site-packages/airflow/example_dags/example_kubernetes_executor.py
[2022-05-22 22:04:51,637] {scheduler_job.py:643} INFO - DAG(s) dict_keys(['example_kubernetes_executor']) retrieved from /home/airflow/.local/lib/python3.8/site-packages/airflow/example_dags/example_kubernetes_executor.py
[2022-05-22 22:04:51,668] {logging_mixin.py:104} INFO - [2022-05-22 22:04:51,668] {dag.py:1833} INFO - Sync 1 DAGs
[2022-05-22 22:04:51,693] {logging_mixin.py:104} INFO - [2022-05-22 22:04:51,693] {dag.py:2306} INFO - Setting next_dagrun for example_kubernetes_executor to None
[2022-05-22 22:04:51,738] {scheduler_job.py:190} INFO - Processing /home/airflow/.local/lib/python3.8/site-packages/airflow/example_dags/example_kubernetes_executor.py took 0.124 seconds
[2022-05-22 22:05:35,177] {scheduler_job.py:182} INFO - Started process (PID=185) to work on /home/airflow/.local/lib/python3.8/site-packages/airflow/example_dags/example_kubernetes_executor.py
[2022-05-22 22:05:35,180] {scheduler_job.py:633} INFO - Processing file /home/airflow/.local/lib/python3.8/site-packages/airflow/example_dags/example_kubernetes_executor.py for tasks to queue
[2022-05-22 22:05:35,182] {logging_mixin.py:104} INFO - [2022-05-22 22:05:35,181] {dagbag.py:496} INFO - Filling up the DagBag from /home/airflow/.local/lib/python3.8/site-packages/airflow/example_dags/example_kubernetes_executor.py
[2022-05-22 22:05:35,198] {scheduler_job.py:643} INFO - DAG(s) dict_keys(['example_kubernetes_executor']) retrieved from /home/airflow/.local/lib/python3.8/site-packages/airflow/example_dags/example_kubernetes_executor.py
[2022-05-22 22:05:35,228] {logging_mixin.py:104} INFO - [2022-05-22 22:05:35,227] {dag.py:1833} INFO - Sync 1 DAGs
[2022-05-22 22:05:35,255] {logging_mixin.py:104} INFO - [2022-05-22 22:05:35,255] {dag.py:2306} INFO - Setting next_dagrun for example_kubernetes_executor to None
[2022-05-22 22:05:35,314] {scheduler_job.py:190} INFO - Processing /home/airflow/.local/lib/python3.8/site-packages/airflow/example_dags/example_kubernetes_executor.py took 0.141 seconds
[2022-05-22 22:06:13,097] {scheduler_job.py:182} INFO - Started process (PID=216) to work on /home/airflow/.local/lib/python3.8/site-packages/airflow/example_dags/example_kubernetes_executor.py
[2022-05-22 22:06:13,101] {scheduler_job.py:633} INFO - Processing file /home/airflow/.local/lib/python3.8/site-packages/airflow/example_dags/example_kubernetes_executor.py for tasks to queue
[2022-05-22 22:06:13,102] {logging_mixin.py:104} INFO - [2022-05-22 22:06:13,102] {dagbag.py:496} INFO - Filling up the DagBag from /home/airflow/.local/lib/python3.8/site-packages/airflow/example_dags/example_kubernetes_executor.py
[2022-05-22 22:06:13,116] {scheduler_job.py:643} INFO - DAG(s) dict_keys(['example_kubernetes_executor']) retrieved from /home/airflow/.local/lib/python3.8/site-packages/airflow/example_dags/example_kubernetes_executor.py
[2022-05-22 22:06:13,144] {logging_mixin.py:104} INFO - [2022-05-22 22:06:13,144] {dag.py:1833} INFO - Sync 1 DAGs
[2022-05-22 22:06:13,172] {logging_mixin.py:104} INFO - [2022-05-22 22:06:13,172] {dag.py:2306} INFO - Setting next_dagrun for example_kubernetes_executor to None
[2022-05-22 22:06:13,221] {scheduler_job.py:190} INFO - Processing /home/airflow/.local/lib/python3.8/site-packages/airflow/example_dags/example_kubernetes_executor.py took 0.127 seconds
[2022-05-22 22:06:52,186] {scheduler_job.py:182} INFO - Started process (PID=244) to work on /home/airflow/.local/lib/python3.8/site-packages/airflow/example_dags/example_kubernetes_executor.py
[2022-05-22 22:06:52,189] {scheduler_job.py:633} INFO - Processing file /home/airflow/.local/lib/python3.8/site-packages/airflow/example_dags/example_kubernetes_executor.py for tasks to queue
[2022-05-22 22:06:52,190] {logging_mixin.py:104} INFO - [2022-05-22 22:06:52,190] {dagbag.py:496} INFO - Filling up the DagBag from /home/airflow/.local/lib/python3.8/site-packages/airflow/example_dags/example_kubernetes_executor.py
[2022-05-22 22:06:52,204] {scheduler_job.py:643} INFO - DAG(s) dict_keys(['example_kubernetes_executor']) retrieved from /home/airflow/.local/lib/python3.8/site-packages/airflow/example_dags/example_kubernetes_executor.py
[2022-05-22 22:06:52,231] {logging_mixin.py:104} INFO - [2022-05-22 22:06:52,231] {dag.py:1833} INFO - Sync 1 DAGs
[2022-05-22 22:06:52,252] {logging_mixin.py:104} INFO - [2022-05-22 22:06:52,252] {dag.py:2306} INFO - Setting next_dagrun for example_kubernetes_executor to None
[2022-05-22 22:06:52,310] {scheduler_job.py:190} INFO - Processing /home/airflow/.local/lib/python3.8/site-packages/airflow/example_dags/example_kubernetes_executor.py took 0.128 seconds
[2022-05-22 22:07:28,452] {scheduler_job.py:182} INFO - Started process (PID=269) to work on /home/airflow/.local/lib/python3.8/site-packages/airflow/example_dags/example_kubernetes_executor.py
[2022-05-22 22:07:28,459] {scheduler_job.py:633} INFO - Processing file /home/airflow/.local/lib/python3.8/site-packages/airflow/example_dags/example_kubernetes_executor.py for tasks to queue
[2022-05-22 22:07:28,461] {logging_mixin.py:104} INFO - [2022-05-22 22:07:28,461] {dagbag.py:496} INFO - Filling up the DagBag from /home/airflow/.local/lib/python3.8/site-packages/airflow/example_dags/example_kubernetes_executor.py
[2022-05-22 22:07:28,499] {scheduler_job.py:643} INFO - DAG(s) dict_keys(['example_kubernetes_executor']) retrieved from /home/airflow/.local/lib/python3.8/site-packages/airflow/example_dags/example_kubernetes_executor.py
[2022-05-22 22:07:28,566] {logging_mixin.py:104} INFO - [2022-05-22 22:07:28,565] {dag.py:1833} INFO - Sync 1 DAGs
[2022-05-22 22:07:28,613] {logging_mixin.py:104} INFO - [2022-05-22 22:07:28,613] {dag.py:2306} INFO - Setting next_dagrun for example_kubernetes_executor to None
[2022-05-22 22:07:28,723] {scheduler_job.py:190} INFO - Processing /home/airflow/.local/lib/python3.8/site-packages/airflow/example_dags/example_kubernetes_executor.py took 0.281 seconds
[2022-05-22 22:08:08,120] {scheduler_job.py:182} INFO - Started process (PID=296) to work on /home/airflow/.local/lib/python3.8/site-packages/airflow/example_dags/example_kubernetes_executor.py
[2022-05-22 22:08:08,125] {scheduler_job.py:633} INFO - Processing file /home/airflow/.local/lib/python3.8/site-packages/airflow/example_dags/example_kubernetes_executor.py for tasks to queue
[2022-05-22 22:08:08,128] {logging_mixin.py:104} INFO - [2022-05-22 22:08:08,127] {dagbag.py:496} INFO - Filling up the DagBag from /home/airflow/.local/lib/python3.8/site-packages/airflow/example_dags/example_kubernetes_executor.py
[2022-05-22 22:08:08,145] {scheduler_job.py:643} INFO - DAG(s) dict_keys(['example_kubernetes_executor']) retrieved from /home/airflow/.local/lib/python3.8/site-packages/airflow/example_dags/example_kubernetes_executor.py
[2022-05-22 22:08:08,177] {logging_mixin.py:104} INFO - [2022-05-22 22:08:08,177] {dag.py:1833} INFO - Sync 1 DAGs
[2022-05-22 22:08:08,196] {logging_mixin.py:104} INFO - [2022-05-22 22:08:08,196] {dag.py:2306} INFO - Setting next_dagrun for example_kubernetes_executor to None
[2022-05-22 22:08:08,253] {scheduler_job.py:190} INFO - Processing /home/airflow/.local/lib/python3.8/site-packages/airflow/example_dags/example_kubernetes_executor.py took 0.136 seconds
[2022-05-22 22:08:50,724] {scheduler_job.py:182} INFO - Started process (PID=329) to work on /home/airflow/.local/lib/python3.8/site-packages/airflow/example_dags/example_kubernetes_executor.py
[2022-05-22 22:08:50,728] {scheduler_job.py:633} INFO - Processing file /home/airflow/.local/lib/python3.8/site-packages/airflow/example_dags/example_kubernetes_executor.py for tasks to queue
[2022-05-22 22:08:50,730] {logging_mixin.py:104} INFO - [2022-05-22 22:08:50,730] {dagbag.py:496} INFO - Filling up the DagBag from /home/airflow/.local/lib/python3.8/site-packages/airflow/example_dags/example_kubernetes_executor.py
[2022-05-22 22:08:50,746] {scheduler_job.py:643} INFO - DAG(s) dict_keys(['example_kubernetes_executor']) retrieved from /home/airflow/.local/lib/python3.8/site-packages/airflow/example_dags/example_kubernetes_executor.py
[2022-05-22 22:08:50,772] {logging_mixin.py:104} INFO - [2022-05-22 22:08:50,772] {dag.py:1833} INFO - Sync 1 DAGs
[2022-05-22 22:08:50,792] {logging_mixin.py:104} INFO - [2022-05-22 22:08:50,792] {dag.py:2306} INFO - Setting next_dagrun for example_kubernetes_executor to None
[2022-05-22 22:08:50,839] {scheduler_job.py:190} INFO - Processing /home/airflow/.local/lib/python3.8/site-packages/airflow/example_dags/example_kubernetes_executor.py took 0.118 seconds
[2022-05-22 22:09:25,069] {scheduler_job.py:182} INFO - Started process (PID=357) to work on /home/airflow/.local/lib/python3.8/site-packages/airflow/example_dags/example_kubernetes_executor.py
[2022-05-22 22:09:25,071] {scheduler_job.py:633} INFO - Processing file /home/airflow/.local/lib/python3.8/site-packages/airflow/example_dags/example_kubernetes_executor.py for tasks to queue
[2022-05-22 22:09:25,073] {logging_mixin.py:104} INFO - [2022-05-22 22:09:25,073] {dagbag.py:496} INFO - Filling up the DagBag from /home/airflow/.local/lib/python3.8/site-packages/airflow/example_dags/example_kubernetes_executor.py
[2022-05-22 22:09:25,088] {scheduler_job.py:643} INFO - DAG(s) dict_keys(['example_kubernetes_executor']) retrieved from /home/airflow/.local/lib/python3.8/site-packages/airflow/example_dags/example_kubernetes_executor.py
[2022-05-22 22:09:25,113] {logging_mixin.py:104} INFO - [2022-05-22 22:09:25,113] {dag.py:1833} INFO - Sync 1 DAGs
[2022-05-22 22:09:25,133] {logging_mixin.py:104} INFO - [2022-05-22 22:09:25,133] {dag.py:2306} INFO - Setting next_dagrun for example_kubernetes_executor to None
[2022-05-22 22:09:25,176] {scheduler_job.py:190} INFO - Processing /home/airflow/.local/lib/python3.8/site-packages/airflow/example_dags/example_kubernetes_executor.py took 0.110 seconds
[2022-05-22 22:10:00,956] {scheduler_job.py:182} INFO - Started process (PID=385) to work on /home/airflow/.local/lib/python3.8/site-packages/airflow/example_dags/example_kubernetes_executor.py
[2022-05-22 22:10:00,960] {scheduler_job.py:633} INFO - Processing file /home/airflow/.local/lib/python3.8/site-packages/airflow/example_dags/example_kubernetes_executor.py for tasks to queue
[2022-05-22 22:10:00,962] {logging_mixin.py:104} INFO - [2022-05-22 22:10:00,962] {dagbag.py:496} INFO - Filling up the DagBag from /home/airflow/.local/lib/python3.8/site-packages/airflow/example_dags/example_kubernetes_executor.py
[2022-05-22 22:10:00,981] {scheduler_job.py:643} INFO - DAG(s) dict_keys(['example_kubernetes_executor']) retrieved from /home/airflow/.local/lib/python3.8/site-packages/airflow/example_dags/example_kubernetes_executor.py
[2022-05-22 22:10:01,013] {logging_mixin.py:104} INFO - [2022-05-22 22:10:01,013] {dag.py:1833} INFO - Sync 1 DAGs
[2022-05-22 22:10:01,036] {logging_mixin.py:104} INFO - [2022-05-22 22:10:01,036] {dag.py:2306} INFO - Setting next_dagrun for example_kubernetes_executor to None
[2022-05-22 22:10:01,088] {scheduler_job.py:190} INFO - Processing /home/airflow/.local/lib/python3.8/site-packages/airflow/example_dags/example_kubernetes_executor.py took 0.137 seconds
[2022-05-22 22:12:46,569] {scheduler_job.py:182} INFO - Started process (PID=27) to work on /home/airflow/.local/lib/python3.8/site-packages/airflow/example_dags/example_kubernetes_executor.py
[2022-05-22 22:12:46,572] {scheduler_job.py:633} INFO - Processing file /home/airflow/.local/lib/python3.8/site-packages/airflow/example_dags/example_kubernetes_executor.py for tasks to queue
[2022-05-22 22:12:46,574] {logging_mixin.py:104} INFO - [2022-05-22 22:12:46,574] {dagbag.py:496} INFO - Filling up the DagBag from /home/airflow/.local/lib/python3.8/site-packages/airflow/example_dags/example_kubernetes_executor.py
[2022-05-22 22:12:46,589] {scheduler_job.py:643} INFO - DAG(s) dict_keys(['example_kubernetes_executor']) retrieved from /home/airflow/.local/lib/python3.8/site-packages/airflow/example_dags/example_kubernetes_executor.py
[2022-05-22 22:12:46,614] {logging_mixin.py:104} INFO - [2022-05-22 22:12:46,614] {dag.py:1833} INFO - Sync 1 DAGs
[2022-05-22 22:12:46,638] {logging_mixin.py:104} INFO - [2022-05-22 22:12:46,638] {dag.py:2306} INFO - Setting next_dagrun for example_kubernetes_executor to None
[2022-05-22 22:12:46,686] {scheduler_job.py:190} INFO - Processing /home/airflow/.local/lib/python3.8/site-packages/airflow/example_dags/example_kubernetes_executor.py took 0.120 seconds
[2022-05-22 22:13:57,668] {scheduler_job.py:182} INFO - Started process (PID=80) to work on /home/airflow/.local/lib/python3.8/site-packages/airflow/example_dags/example_kubernetes_executor.py
[2022-05-22 22:13:57,674] {scheduler_job.py:633} INFO - Processing file /home/airflow/.local/lib/python3.8/site-packages/airflow/example_dags/example_kubernetes_executor.py for tasks to queue
[2022-05-22 22:13:57,676] {logging_mixin.py:104} INFO - [2022-05-22 22:13:57,676] {dagbag.py:496} INFO - Filling up the DagBag from /home/airflow/.local/lib/python3.8/site-packages/airflow/example_dags/example_kubernetes_executor.py
[2022-05-22 22:13:57,697] {scheduler_job.py:643} INFO - DAG(s) dict_keys(['example_kubernetes_executor']) retrieved from /home/airflow/.local/lib/python3.8/site-packages/airflow/example_dags/example_kubernetes_executor.py
[2022-05-22 22:13:57,752] {logging_mixin.py:104} INFO - [2022-05-22 22:13:57,752] {dag.py:1833} INFO - Sync 1 DAGs
[2022-05-22 22:13:57,813] {logging_mixin.py:104} INFO - [2022-05-22 22:13:57,813] {dag.py:2306} INFO - Setting next_dagrun for example_kubernetes_executor to None
[2022-05-22 22:13:57,903] {scheduler_job.py:190} INFO - Processing /home/airflow/.local/lib/python3.8/site-packages/airflow/example_dags/example_kubernetes_executor.py took 0.238 seconds
[2022-05-22 22:14:39,079] {scheduler_job.py:182} INFO - Started process (PID=113) to work on /home/airflow/.local/lib/python3.8/site-packages/airflow/example_dags/example_kubernetes_executor.py
[2022-05-22 22:14:39,084] {scheduler_job.py:633} INFO - Processing file /home/airflow/.local/lib/python3.8/site-packages/airflow/example_dags/example_kubernetes_executor.py for tasks to queue
[2022-05-22 22:14:39,087] {logging_mixin.py:104} INFO - [2022-05-22 22:14:39,087] {dagbag.py:496} INFO - Filling up the DagBag from /home/airflow/.local/lib/python3.8/site-packages/airflow/example_dags/example_kubernetes_executor.py
[2022-05-22 22:14:39,112] {scheduler_job.py:643} INFO - DAG(s) dict_keys(['example_kubernetes_executor']) retrieved from /home/airflow/.local/lib/python3.8/site-packages/airflow/example_dags/example_kubernetes_executor.py
[2022-05-22 22:14:39,187] {logging_mixin.py:104} INFO - [2022-05-22 22:14:39,187] {dag.py:1833} INFO - Sync 1 DAGs
[2022-05-22 22:14:39,216] {logging_mixin.py:104} INFO - [2022-05-22 22:14:39,216] {dag.py:2306} INFO - Setting next_dagrun for example_kubernetes_executor to None
[2022-05-22 22:14:39,316] {scheduler_job.py:190} INFO - Processing /home/airflow/.local/lib/python3.8/site-packages/airflow/example_dags/example_kubernetes_executor.py took 0.244 seconds
[2022-05-22 22:15:16,622] {scheduler_job.py:182} INFO - Started process (PID=143) to work on /home/airflow/.local/lib/python3.8/site-packages/airflow/example_dags/example_kubernetes_executor.py
[2022-05-22 22:15:16,631] {scheduler_job.py:633} INFO - Processing file /home/airflow/.local/lib/python3.8/site-packages/airflow/example_dags/example_kubernetes_executor.py for tasks to queue
[2022-05-22 22:15:16,636] {logging_mixin.py:104} INFO - [2022-05-22 22:15:16,636] {dagbag.py:496} INFO - Filling up the DagBag from /home/airflow/.local/lib/python3.8/site-packages/airflow/example_dags/example_kubernetes_executor.py
[2022-05-22 22:15:16,676] {scheduler_job.py:643} INFO - DAG(s) dict_keys(['example_kubernetes_executor']) retrieved from /home/airflow/.local/lib/python3.8/site-packages/airflow/example_dags/example_kubernetes_executor.py
[2022-05-22 22:15:16,725] {logging_mixin.py:104} INFO - [2022-05-22 22:15:16,725] {dag.py:1833} INFO - Sync 1 DAGs
[2022-05-22 22:15:16,766] {logging_mixin.py:104} INFO - [2022-05-22 22:15:16,766] {dag.py:2306} INFO - Setting next_dagrun for example_kubernetes_executor to None
[2022-05-22 22:15:16,824] {scheduler_job.py:190} INFO - Processing /home/airflow/.local/lib/python3.8/site-packages/airflow/example_dags/example_kubernetes_executor.py took 0.205 seconds
[2022-05-22 22:15:53,430] {scheduler_job.py:182} INFO - Started process (PID=172) to work on /home/airflow/.local/lib/python3.8/site-packages/airflow/example_dags/example_kubernetes_executor.py
[2022-05-22 22:15:53,434] {scheduler_job.py:633} INFO - Processing file /home/airflow/.local/lib/python3.8/site-packages/airflow/example_dags/example_kubernetes_executor.py for tasks to queue
[2022-05-22 22:15:53,436] {logging_mixin.py:104} INFO - [2022-05-22 22:15:53,435] {dagbag.py:496} INFO - Filling up the DagBag from /home/airflow/.local/lib/python3.8/site-packages/airflow/example_dags/example_kubernetes_executor.py
[2022-05-22 22:15:53,450] {scheduler_job.py:643} INFO - DAG(s) dict_keys(['example_kubernetes_executor']) retrieved from /home/airflow/.local/lib/python3.8/site-packages/airflow/example_dags/example_kubernetes_executor.py
[2022-05-22 22:15:53,474] {logging_mixin.py:104} INFO - [2022-05-22 22:15:53,474] {dag.py:1833} INFO - Sync 1 DAGs
[2022-05-22 22:15:53,496] {logging_mixin.py:104} INFO - [2022-05-22 22:15:53,496] {dag.py:2306} INFO - Setting next_dagrun for example_kubernetes_executor to None
[2022-05-22 22:15:53,542] {scheduler_job.py:190} INFO - Processing /home/airflow/.local/lib/python3.8/site-packages/airflow/example_dags/example_kubernetes_executor.py took 0.115 seconds
[2022-05-22 22:18:55,567] {scheduler_job.py:182} INFO - Started process (PID=48) to work on /home/airflow/.local/lib/python3.8/site-packages/airflow/example_dags/example_kubernetes_executor.py
[2022-05-22 22:18:55,571] {scheduler_job.py:633} INFO - Processing file /home/airflow/.local/lib/python3.8/site-packages/airflow/example_dags/example_kubernetes_executor.py for tasks to queue
[2022-05-22 22:18:55,574] {logging_mixin.py:104} INFO - [2022-05-22 22:18:55,573] {dagbag.py:496} INFO - Filling up the DagBag from /home/airflow/.local/lib/python3.8/site-packages/airflow/example_dags/example_kubernetes_executor.py
[2022-05-22 22:18:55,604] {scheduler_job.py:643} INFO - DAG(s) dict_keys(['example_kubernetes_executor']) retrieved from /home/airflow/.local/lib/python3.8/site-packages/airflow/example_dags/example_kubernetes_executor.py
[2022-05-22 22:18:55,643] {logging_mixin.py:104} INFO - [2022-05-22 22:18:55,642] {dag.py:1833} INFO - Sync 1 DAGs
[2022-05-22 22:18:55,677] {logging_mixin.py:104} INFO - [2022-05-22 22:18:55,677] {dag.py:2306} INFO - Setting next_dagrun for example_kubernetes_executor to None
[2022-05-22 22:18:55,808] {scheduler_job.py:190} INFO - Processing /home/airflow/.local/lib/python3.8/site-packages/airflow/example_dags/example_kubernetes_executor.py took 0.245 seconds
