[2022-05-22 20:46:21,781] {scheduler_job.py:182} INFO - Started process (PID=43) to work on /home/airflow/.local/lib/python3.8/site-packages/airflow/example_dags/example_branch_operator.py
[2022-05-22 20:46:21,784] {scheduler_job.py:633} INFO - Processing file /home/airflow/.local/lib/python3.8/site-packages/airflow/example_dags/example_branch_operator.py for tasks to queue
[2022-05-22 20:46:21,785] {logging_mixin.py:104} INFO - [2022-05-22 20:46:21,785] {dagbag.py:496} INFO - Filling up the DagBag from /home/airflow/.local/lib/python3.8/site-packages/airflow/example_dags/example_branch_operator.py
[2022-05-22 20:46:21,824] {scheduler_job.py:643} INFO - DAG(s) dict_keys(['example_branch_operator']) retrieved from /home/airflow/.local/lib/python3.8/site-packages/airflow/example_dags/example_branch_operator.py
[2022-05-22 20:46:21,854] {logging_mixin.py:104} INFO - [2022-05-22 20:46:21,853] {dag.py:1833} INFO - Sync 1 DAGs
[2022-05-22 20:46:21,882] {logging_mixin.py:104} INFO - [2022-05-22 20:46:21,882] {dag.py:2306} INFO - Setting next_dagrun for example_branch_operator to 2022-05-20 00:00:00+00:00
[2022-05-22 20:46:21,927] {scheduler_job.py:190} INFO - Processing /home/airflow/.local/lib/python3.8/site-packages/airflow/example_dags/example_branch_operator.py took 0.155 seconds
[2022-05-22 20:47:02,421] {scheduler_job.py:182} INFO - Started process (PID=74) to work on /home/airflow/.local/lib/python3.8/site-packages/airflow/example_dags/example_branch_operator.py
[2022-05-22 20:47:02,446] {scheduler_job.py:633} INFO - Processing file /home/airflow/.local/lib/python3.8/site-packages/airflow/example_dags/example_branch_operator.py for tasks to queue
[2022-05-22 20:47:02,451] {logging_mixin.py:104} INFO - [2022-05-22 20:47:02,451] {dagbag.py:496} INFO - Filling up the DagBag from /home/airflow/.local/lib/python3.8/site-packages/airflow/example_dags/example_branch_operator.py
[2022-05-22 20:47:02,549] {scheduler_job.py:643} INFO - DAG(s) dict_keys(['example_branch_operator']) retrieved from /home/airflow/.local/lib/python3.8/site-packages/airflow/example_dags/example_branch_operator.py
[2022-05-22 20:47:02,767] {logging_mixin.py:104} INFO - [2022-05-22 20:47:02,767] {dag.py:1833} INFO - Sync 1 DAGs
[2022-05-22 20:47:03,100] {logging_mixin.py:104} INFO - [2022-05-22 20:47:03,100] {dag.py:2306} INFO - Setting next_dagrun for example_branch_operator to 2022-05-20 00:00:00+00:00
[2022-05-22 20:47:03,378] {scheduler_job.py:190} INFO - Processing /home/airflow/.local/lib/python3.8/site-packages/airflow/example_dags/example_branch_operator.py took 0.964 seconds
[2022-05-22 20:47:50,950] {scheduler_job.py:182} INFO - Started process (PID=108) to work on /home/airflow/.local/lib/python3.8/site-packages/airflow/example_dags/example_branch_operator.py
[2022-05-22 20:47:50,956] {scheduler_job.py:633} INFO - Processing file /home/airflow/.local/lib/python3.8/site-packages/airflow/example_dags/example_branch_operator.py for tasks to queue
[2022-05-22 20:47:50,962] {logging_mixin.py:104} INFO - [2022-05-22 20:47:50,962] {dagbag.py:496} INFO - Filling up the DagBag from /home/airflow/.local/lib/python3.8/site-packages/airflow/example_dags/example_branch_operator.py
[2022-05-22 20:47:50,985] {scheduler_job.py:643} INFO - DAG(s) dict_keys(['example_branch_operator']) retrieved from /home/airflow/.local/lib/python3.8/site-packages/airflow/example_dags/example_branch_operator.py
[2022-05-22 20:47:51,036] {logging_mixin.py:104} INFO - [2022-05-22 20:47:51,036] {dag.py:1833} INFO - Sync 1 DAGs
[2022-05-22 20:47:51,077] {logging_mixin.py:104} INFO - [2022-05-22 20:47:51,076] {dag.py:2306} INFO - Setting next_dagrun for example_branch_operator to 2022-05-20 00:00:00+00:00
[2022-05-22 20:47:51,131] {scheduler_job.py:190} INFO - Processing /home/airflow/.local/lib/python3.8/site-packages/airflow/example_dags/example_branch_operator.py took 0.188 seconds
[2022-05-22 20:48:34,259] {scheduler_job.py:182} INFO - Started process (PID=139) to work on /home/airflow/.local/lib/python3.8/site-packages/airflow/example_dags/example_branch_operator.py
[2022-05-22 20:48:34,264] {scheduler_job.py:633} INFO - Processing file /home/airflow/.local/lib/python3.8/site-packages/airflow/example_dags/example_branch_operator.py for tasks to queue
[2022-05-22 20:48:34,267] {logging_mixin.py:104} INFO - [2022-05-22 20:48:34,267] {dagbag.py:496} INFO - Filling up the DagBag from /home/airflow/.local/lib/python3.8/site-packages/airflow/example_dags/example_branch_operator.py
[2022-05-22 20:48:34,333] {scheduler_job.py:643} INFO - DAG(s) dict_keys(['example_branch_operator']) retrieved from /home/airflow/.local/lib/python3.8/site-packages/airflow/example_dags/example_branch_operator.py
[2022-05-22 20:48:34,421] {logging_mixin.py:104} INFO - [2022-05-22 20:48:34,421] {dag.py:1833} INFO - Sync 1 DAGs
[2022-05-22 20:48:34,507] {logging_mixin.py:104} INFO - [2022-05-22 20:48:34,506] {dag.py:2306} INFO - Setting next_dagrun for example_branch_operator to 2022-05-20 00:00:00+00:00
[2022-05-22 20:48:34,728] {scheduler_job.py:190} INFO - Processing /home/airflow/.local/lib/python3.8/site-packages/airflow/example_dags/example_branch_operator.py took 0.475 seconds
[2022-05-22 20:49:44,228] {scheduler_job.py:182} INFO - Started process (PID=177) to work on /home/airflow/.local/lib/python3.8/site-packages/airflow/example_dags/example_branch_operator.py
[2022-05-22 20:49:44,237] {scheduler_job.py:633} INFO - Processing file /home/airflow/.local/lib/python3.8/site-packages/airflow/example_dags/example_branch_operator.py for tasks to queue
[2022-05-22 20:49:44,241] {logging_mixin.py:104} INFO - [2022-05-22 20:49:44,241] {dagbag.py:496} INFO - Filling up the DagBag from /home/airflow/.local/lib/python3.8/site-packages/airflow/example_dags/example_branch_operator.py
[2022-05-22 20:49:44,281] {scheduler_job.py:643} INFO - DAG(s) dict_keys(['example_branch_operator']) retrieved from /home/airflow/.local/lib/python3.8/site-packages/airflow/example_dags/example_branch_operator.py
[2022-05-22 20:49:44,338] {logging_mixin.py:104} INFO - [2022-05-22 20:49:44,337] {dag.py:1833} INFO - Sync 1 DAGs
[2022-05-22 20:49:44,379] {logging_mixin.py:104} INFO - [2022-05-22 20:49:44,379] {dag.py:2306} INFO - Setting next_dagrun for example_branch_operator to 2022-05-20 00:00:00+00:00
[2022-05-22 20:49:44,460] {scheduler_job.py:190} INFO - Processing /home/airflow/.local/lib/python3.8/site-packages/airflow/example_dags/example_branch_operator.py took 0.236 seconds
[2022-05-22 20:50:33,121] {scheduler_job.py:182} INFO - Started process (PID=211) to work on /home/airflow/.local/lib/python3.8/site-packages/airflow/example_dags/example_branch_operator.py
[2022-05-22 20:50:33,129] {scheduler_job.py:633} INFO - Processing file /home/airflow/.local/lib/python3.8/site-packages/airflow/example_dags/example_branch_operator.py for tasks to queue
[2022-05-22 20:50:33,133] {logging_mixin.py:104} INFO - [2022-05-22 20:50:33,132] {dagbag.py:496} INFO - Filling up the DagBag from /home/airflow/.local/lib/python3.8/site-packages/airflow/example_dags/example_branch_operator.py
[2022-05-22 20:50:33,177] {scheduler_job.py:643} INFO - DAG(s) dict_keys(['example_branch_operator']) retrieved from /home/airflow/.local/lib/python3.8/site-packages/airflow/example_dags/example_branch_operator.py
[2022-05-22 20:50:33,261] {logging_mixin.py:104} INFO - [2022-05-22 20:50:33,261] {dag.py:1833} INFO - Sync 1 DAGs
[2022-05-22 20:50:33,475] {logging_mixin.py:104} INFO - [2022-05-22 20:50:33,474] {dag.py:2306} INFO - Setting next_dagrun for example_branch_operator to 2022-05-20 00:00:00+00:00
[2022-05-22 20:50:33,575] {scheduler_job.py:190} INFO - Processing /home/airflow/.local/lib/python3.8/site-packages/airflow/example_dags/example_branch_operator.py took 0.464 seconds
[2022-05-22 20:51:23,660] {scheduler_job.py:182} INFO - Started process (PID=245) to work on /home/airflow/.local/lib/python3.8/site-packages/airflow/example_dags/example_branch_operator.py
[2022-05-22 20:51:23,665] {scheduler_job.py:633} INFO - Processing file /home/airflow/.local/lib/python3.8/site-packages/airflow/example_dags/example_branch_operator.py for tasks to queue
[2022-05-22 20:51:23,667] {logging_mixin.py:104} INFO - [2022-05-22 20:51:23,667] {dagbag.py:496} INFO - Filling up the DagBag from /home/airflow/.local/lib/python3.8/site-packages/airflow/example_dags/example_branch_operator.py
[2022-05-22 20:51:23,746] {scheduler_job.py:643} INFO - DAG(s) dict_keys(['example_branch_operator']) retrieved from /home/airflow/.local/lib/python3.8/site-packages/airflow/example_dags/example_branch_operator.py
[2022-05-22 20:51:23,821] {logging_mixin.py:104} INFO - [2022-05-22 20:51:23,820] {dag.py:1833} INFO - Sync 1 DAGs
[2022-05-22 20:51:23,875] {logging_mixin.py:104} INFO - [2022-05-22 20:51:23,875] {dag.py:2306} INFO - Setting next_dagrun for example_branch_operator to 2022-05-20 00:00:00+00:00
[2022-05-22 20:51:23,960] {scheduler_job.py:190} INFO - Processing /home/airflow/.local/lib/python3.8/site-packages/airflow/example_dags/example_branch_operator.py took 0.309 seconds
[2022-05-22 20:52:08,617] {scheduler_job.py:182} INFO - Started process (PID=276) to work on /home/airflow/.local/lib/python3.8/site-packages/airflow/example_dags/example_branch_operator.py
[2022-05-22 20:52:08,623] {scheduler_job.py:633} INFO - Processing file /home/airflow/.local/lib/python3.8/site-packages/airflow/example_dags/example_branch_operator.py for tasks to queue
[2022-05-22 20:52:08,626] {logging_mixin.py:104} INFO - [2022-05-22 20:52:08,626] {dagbag.py:496} INFO - Filling up the DagBag from /home/airflow/.local/lib/python3.8/site-packages/airflow/example_dags/example_branch_operator.py
[2022-05-22 20:52:08,713] {scheduler_job.py:643} INFO - DAG(s) dict_keys(['example_branch_operator']) retrieved from /home/airflow/.local/lib/python3.8/site-packages/airflow/example_dags/example_branch_operator.py
[2022-05-22 20:52:08,857] {logging_mixin.py:104} INFO - [2022-05-22 20:52:08,857] {dag.py:1833} INFO - Sync 1 DAGs
[2022-05-22 20:52:08,947] {logging_mixin.py:104} INFO - [2022-05-22 20:52:08,947] {dag.py:2306} INFO - Setting next_dagrun for example_branch_operator to 2022-05-20 00:00:00+00:00
[2022-05-22 20:52:09,047] {scheduler_job.py:190} INFO - Processing /home/airflow/.local/lib/python3.8/site-packages/airflow/example_dags/example_branch_operator.py took 0.433 seconds
[2022-05-22 21:24:41,317] {scheduler_job.py:182} INFO - Started process (PID=45) to work on /home/airflow/.local/lib/python3.8/site-packages/airflow/example_dags/example_branch_operator.py
[2022-05-22 21:24:41,323] {scheduler_job.py:633} INFO - Processing file /home/airflow/.local/lib/python3.8/site-packages/airflow/example_dags/example_branch_operator.py for tasks to queue
[2022-05-22 21:24:41,325] {logging_mixin.py:104} INFO - [2022-05-22 21:24:41,325] {dagbag.py:496} INFO - Filling up the DagBag from /home/airflow/.local/lib/python3.8/site-packages/airflow/example_dags/example_branch_operator.py
[2022-05-22 21:24:41,344] {scheduler_job.py:643} INFO - DAG(s) dict_keys(['example_branch_operator']) retrieved from /home/airflow/.local/lib/python3.8/site-packages/airflow/example_dags/example_branch_operator.py
[2022-05-22 21:24:41,381] {logging_mixin.py:104} INFO - [2022-05-22 21:24:41,381] {dag.py:1833} INFO - Sync 1 DAGs
[2022-05-22 21:24:41,408] {logging_mixin.py:104} INFO - [2022-05-22 21:24:41,408] {dag.py:2306} INFO - Setting next_dagrun for example_branch_operator to 2022-05-20 00:00:00+00:00
[2022-05-22 21:24:41,457] {scheduler_job.py:190} INFO - Processing /home/airflow/.local/lib/python3.8/site-packages/airflow/example_dags/example_branch_operator.py took 0.144 seconds
[2022-05-22 21:25:30,726] {scheduler_job.py:182} INFO - Started process (PID=78) to work on /home/airflow/.local/lib/python3.8/site-packages/airflow/example_dags/example_branch_operator.py
[2022-05-22 21:25:30,729] {scheduler_job.py:633} INFO - Processing file /home/airflow/.local/lib/python3.8/site-packages/airflow/example_dags/example_branch_operator.py for tasks to queue
[2022-05-22 21:25:30,731] {logging_mixin.py:104} INFO - [2022-05-22 21:25:30,731] {dagbag.py:496} INFO - Filling up the DagBag from /home/airflow/.local/lib/python3.8/site-packages/airflow/example_dags/example_branch_operator.py
[2022-05-22 21:25:30,748] {scheduler_job.py:643} INFO - DAG(s) dict_keys(['example_branch_operator']) retrieved from /home/airflow/.local/lib/python3.8/site-packages/airflow/example_dags/example_branch_operator.py
[2022-05-22 21:25:30,800] {logging_mixin.py:104} INFO - [2022-05-22 21:25:30,799] {dag.py:1833} INFO - Sync 1 DAGs
[2022-05-22 21:25:30,829] {logging_mixin.py:104} INFO - [2022-05-22 21:25:30,829] {dag.py:2306} INFO - Setting next_dagrun for example_branch_operator to 2022-05-20 00:00:00+00:00
[2022-05-22 21:25:30,900] {scheduler_job.py:190} INFO - Processing /home/airflow/.local/lib/python3.8/site-packages/airflow/example_dags/example_branch_operator.py took 0.177 seconds
[2022-05-22 21:28:00,337] {scheduler_job.py:182} INFO - Started process (PID=46) to work on /home/airflow/.local/lib/python3.8/site-packages/airflow/example_dags/example_branch_operator.py
[2022-05-22 21:28:00,341] {scheduler_job.py:633} INFO - Processing file /home/airflow/.local/lib/python3.8/site-packages/airflow/example_dags/example_branch_operator.py for tasks to queue
[2022-05-22 21:28:00,343] {logging_mixin.py:104} INFO - [2022-05-22 21:28:00,343] {dagbag.py:496} INFO - Filling up the DagBag from /home/airflow/.local/lib/python3.8/site-packages/airflow/example_dags/example_branch_operator.py
[2022-05-22 21:28:00,362] {scheduler_job.py:643} INFO - DAG(s) dict_keys(['example_branch_operator']) retrieved from /home/airflow/.local/lib/python3.8/site-packages/airflow/example_dags/example_branch_operator.py
[2022-05-22 21:28:00,404] {logging_mixin.py:104} INFO - [2022-05-22 21:28:00,403] {dag.py:1833} INFO - Sync 1 DAGs
[2022-05-22 21:28:00,435] {logging_mixin.py:104} INFO - [2022-05-22 21:28:00,435] {dag.py:2306} INFO - Setting next_dagrun for example_branch_operator to 2022-05-20 00:00:00+00:00
[2022-05-22 21:28:00,492] {scheduler_job.py:190} INFO - Processing /home/airflow/.local/lib/python3.8/site-packages/airflow/example_dags/example_branch_operator.py took 0.162 seconds
[2022-05-22 21:28:43,035] {scheduler_job.py:182} INFO - Started process (PID=79) to work on /home/airflow/.local/lib/python3.8/site-packages/airflow/example_dags/example_branch_operator.py
[2022-05-22 21:28:43,042] {scheduler_job.py:633} INFO - Processing file /home/airflow/.local/lib/python3.8/site-packages/airflow/example_dags/example_branch_operator.py for tasks to queue
[2022-05-22 21:28:43,045] {logging_mixin.py:104} INFO - [2022-05-22 21:28:43,045] {dagbag.py:496} INFO - Filling up the DagBag from /home/airflow/.local/lib/python3.8/site-packages/airflow/example_dags/example_branch_operator.py
[2022-05-22 21:28:43,070] {scheduler_job.py:643} INFO - DAG(s) dict_keys(['example_branch_operator']) retrieved from /home/airflow/.local/lib/python3.8/site-packages/airflow/example_dags/example_branch_operator.py
[2022-05-22 21:28:43,120] {logging_mixin.py:104} INFO - [2022-05-22 21:28:43,120] {dag.py:1833} INFO - Sync 1 DAGs
[2022-05-22 21:28:43,157] {logging_mixin.py:104} INFO - [2022-05-22 21:28:43,157] {dag.py:2306} INFO - Setting next_dagrun for example_branch_operator to 2022-05-20 00:00:00+00:00
[2022-05-22 21:28:43,208] {scheduler_job.py:190} INFO - Processing /home/airflow/.local/lib/python3.8/site-packages/airflow/example_dags/example_branch_operator.py took 0.180 seconds
[2022-05-22 21:29:33,820] {scheduler_job.py:182} INFO - Started process (PID=116) to work on /home/airflow/.local/lib/python3.8/site-packages/airflow/example_dags/example_branch_operator.py
[2022-05-22 21:29:33,824] {scheduler_job.py:633} INFO - Processing file /home/airflow/.local/lib/python3.8/site-packages/airflow/example_dags/example_branch_operator.py for tasks to queue
[2022-05-22 21:29:33,826] {logging_mixin.py:104} INFO - [2022-05-22 21:29:33,826] {dagbag.py:496} INFO - Filling up the DagBag from /home/airflow/.local/lib/python3.8/site-packages/airflow/example_dags/example_branch_operator.py
[2022-05-22 21:29:33,842] {scheduler_job.py:643} INFO - DAG(s) dict_keys(['example_branch_operator']) retrieved from /home/airflow/.local/lib/python3.8/site-packages/airflow/example_dags/example_branch_operator.py
[2022-05-22 21:29:33,867] {logging_mixin.py:104} INFO - [2022-05-22 21:29:33,867] {dag.py:1833} INFO - Sync 1 DAGs
[2022-05-22 21:29:33,891] {logging_mixin.py:104} INFO - [2022-05-22 21:29:33,891] {dag.py:2306} INFO - Setting next_dagrun for example_branch_operator to 2022-05-20 00:00:00+00:00
[2022-05-22 21:29:33,942] {scheduler_job.py:190} INFO - Processing /home/airflow/.local/lib/python3.8/site-packages/airflow/example_dags/example_branch_operator.py took 0.127 seconds
[2022-05-22 21:30:26,293] {scheduler_job.py:182} INFO - Started process (PID=156) to work on /home/airflow/.local/lib/python3.8/site-packages/airflow/example_dags/example_branch_operator.py
[2022-05-22 21:30:26,296] {scheduler_job.py:633} INFO - Processing file /home/airflow/.local/lib/python3.8/site-packages/airflow/example_dags/example_branch_operator.py for tasks to queue
[2022-05-22 21:30:26,298] {logging_mixin.py:104} INFO - [2022-05-22 21:30:26,298] {dagbag.py:496} INFO - Filling up the DagBag from /home/airflow/.local/lib/python3.8/site-packages/airflow/example_dags/example_branch_operator.py
[2022-05-22 21:30:26,316] {scheduler_job.py:643} INFO - DAG(s) dict_keys(['example_branch_operator']) retrieved from /home/airflow/.local/lib/python3.8/site-packages/airflow/example_dags/example_branch_operator.py
[2022-05-22 21:30:26,345] {logging_mixin.py:104} INFO - [2022-05-22 21:30:26,345] {dag.py:1833} INFO - Sync 1 DAGs
[2022-05-22 21:30:26,365] {logging_mixin.py:104} INFO - [2022-05-22 21:30:26,365] {dag.py:2306} INFO - Setting next_dagrun for example_branch_operator to 2022-05-20 00:00:00+00:00
[2022-05-22 21:30:26,408] {scheduler_job.py:190} INFO - Processing /home/airflow/.local/lib/python3.8/site-packages/airflow/example_dags/example_branch_operator.py took 0.119 seconds
[2022-05-22 21:31:08,269] {scheduler_job.py:182} INFO - Started process (PID=189) to work on /home/airflow/.local/lib/python3.8/site-packages/airflow/example_dags/example_branch_operator.py
[2022-05-22 21:31:08,273] {scheduler_job.py:633} INFO - Processing file /home/airflow/.local/lib/python3.8/site-packages/airflow/example_dags/example_branch_operator.py for tasks to queue
[2022-05-22 21:31:08,275] {logging_mixin.py:104} INFO - [2022-05-22 21:31:08,275] {dagbag.py:496} INFO - Filling up the DagBag from /home/airflow/.local/lib/python3.8/site-packages/airflow/example_dags/example_branch_operator.py
[2022-05-22 21:31:08,295] {scheduler_job.py:643} INFO - DAG(s) dict_keys(['example_branch_operator']) retrieved from /home/airflow/.local/lib/python3.8/site-packages/airflow/example_dags/example_branch_operator.py
[2022-05-22 21:31:08,323] {logging_mixin.py:104} INFO - [2022-05-22 21:31:08,323] {dag.py:1833} INFO - Sync 1 DAGs
[2022-05-22 21:31:08,348] {logging_mixin.py:104} INFO - [2022-05-22 21:31:08,348] {dag.py:2306} INFO - Setting next_dagrun for example_branch_operator to 2022-05-20 00:00:00+00:00
[2022-05-22 21:31:08,396] {scheduler_job.py:190} INFO - Processing /home/airflow/.local/lib/python3.8/site-packages/airflow/example_dags/example_branch_operator.py took 0.132 seconds
[2022-05-22 21:31:54,903] {scheduler_job.py:182} INFO - Started process (PID=226) to work on /home/airflow/.local/lib/python3.8/site-packages/airflow/example_dags/example_branch_operator.py
[2022-05-22 21:31:54,909] {scheduler_job.py:633} INFO - Processing file /home/airflow/.local/lib/python3.8/site-packages/airflow/example_dags/example_branch_operator.py for tasks to queue
[2022-05-22 21:31:54,912] {logging_mixin.py:104} INFO - [2022-05-22 21:31:54,912] {dagbag.py:496} INFO - Filling up the DagBag from /home/airflow/.local/lib/python3.8/site-packages/airflow/example_dags/example_branch_operator.py
[2022-05-22 21:31:54,942] {scheduler_job.py:643} INFO - DAG(s) dict_keys(['example_branch_operator']) retrieved from /home/airflow/.local/lib/python3.8/site-packages/airflow/example_dags/example_branch_operator.py
[2022-05-22 21:31:54,971] {logging_mixin.py:104} INFO - [2022-05-22 21:31:54,971] {dag.py:1833} INFO - Sync 1 DAGs
[2022-05-22 21:31:55,001] {logging_mixin.py:104} INFO - [2022-05-22 21:31:55,001] {dag.py:2306} INFO - Setting next_dagrun for example_branch_operator to 2022-05-20 00:00:00+00:00
[2022-05-22 21:31:55,049] {scheduler_job.py:190} INFO - Processing /home/airflow/.local/lib/python3.8/site-packages/airflow/example_dags/example_branch_operator.py took 0.152 seconds
[2022-05-22 21:32:41,003] {scheduler_job.py:182} INFO - Started process (PID=263) to work on /home/airflow/.local/lib/python3.8/site-packages/airflow/example_dags/example_branch_operator.py
[2022-05-22 21:32:41,007] {scheduler_job.py:633} INFO - Processing file /home/airflow/.local/lib/python3.8/site-packages/airflow/example_dags/example_branch_operator.py for tasks to queue
[2022-05-22 21:32:41,008] {logging_mixin.py:104} INFO - [2022-05-22 21:32:41,008] {dagbag.py:496} INFO - Filling up the DagBag from /home/airflow/.local/lib/python3.8/site-packages/airflow/example_dags/example_branch_operator.py
[2022-05-22 21:32:41,027] {scheduler_job.py:643} INFO - DAG(s) dict_keys(['example_branch_operator']) retrieved from /home/airflow/.local/lib/python3.8/site-packages/airflow/example_dags/example_branch_operator.py
[2022-05-22 21:32:41,070] {logging_mixin.py:104} INFO - [2022-05-22 21:32:41,070] {dag.py:1833} INFO - Sync 1 DAGs
[2022-05-22 21:32:41,110] {logging_mixin.py:104} INFO - [2022-05-22 21:32:41,110] {dag.py:2306} INFO - Setting next_dagrun for example_branch_operator to 2022-05-20 00:00:00+00:00
[2022-05-22 21:32:41,166] {scheduler_job.py:190} INFO - Processing /home/airflow/.local/lib/python3.8/site-packages/airflow/example_dags/example_branch_operator.py took 0.167 seconds
[2022-05-22 21:36:12,444] {scheduler_job.py:182} INFO - Started process (PID=44) to work on /home/airflow/.local/lib/python3.8/site-packages/airflow/example_dags/example_branch_operator.py
[2022-05-22 21:36:12,447] {scheduler_job.py:633} INFO - Processing file /home/airflow/.local/lib/python3.8/site-packages/airflow/example_dags/example_branch_operator.py for tasks to queue
[2022-05-22 21:36:12,449] {logging_mixin.py:104} INFO - [2022-05-22 21:36:12,448] {dagbag.py:496} INFO - Filling up the DagBag from /home/airflow/.local/lib/python3.8/site-packages/airflow/example_dags/example_branch_operator.py
[2022-05-22 21:36:12,464] {scheduler_job.py:643} INFO - DAG(s) dict_keys(['example_branch_operator']) retrieved from /home/airflow/.local/lib/python3.8/site-packages/airflow/example_dags/example_branch_operator.py
[2022-05-22 21:36:12,489] {logging_mixin.py:104} INFO - [2022-05-22 21:36:12,489] {dag.py:1833} INFO - Sync 1 DAGs
[2022-05-22 21:36:12,515] {logging_mixin.py:104} INFO - [2022-05-22 21:36:12,514] {dag.py:2306} INFO - Setting next_dagrun for example_branch_operator to 2022-05-20 00:00:00+00:00
[2022-05-22 21:36:12,558] {scheduler_job.py:190} INFO - Processing /home/airflow/.local/lib/python3.8/site-packages/airflow/example_dags/example_branch_operator.py took 0.118 seconds
[2022-05-22 21:36:54,946] {scheduler_job.py:182} INFO - Started process (PID=77) to work on /home/airflow/.local/lib/python3.8/site-packages/airflow/example_dags/example_branch_operator.py
[2022-05-22 21:36:54,950] {scheduler_job.py:633} INFO - Processing file /home/airflow/.local/lib/python3.8/site-packages/airflow/example_dags/example_branch_operator.py for tasks to queue
[2022-05-22 21:36:54,952] {logging_mixin.py:104} INFO - [2022-05-22 21:36:54,951] {dagbag.py:496} INFO - Filling up the DagBag from /home/airflow/.local/lib/python3.8/site-packages/airflow/example_dags/example_branch_operator.py
[2022-05-22 21:36:54,973] {scheduler_job.py:643} INFO - DAG(s) dict_keys(['example_branch_operator']) retrieved from /home/airflow/.local/lib/python3.8/site-packages/airflow/example_dags/example_branch_operator.py
[2022-05-22 21:36:55,006] {logging_mixin.py:104} INFO - [2022-05-22 21:36:55,006] {dag.py:1833} INFO - Sync 1 DAGs
[2022-05-22 21:36:55,031] {logging_mixin.py:104} INFO - [2022-05-22 21:36:55,031] {dag.py:2306} INFO - Setting next_dagrun for example_branch_operator to 2022-05-20 00:00:00+00:00
[2022-05-22 21:36:55,077] {scheduler_job.py:190} INFO - Processing /home/airflow/.local/lib/python3.8/site-packages/airflow/example_dags/example_branch_operator.py took 0.134 seconds
[2022-05-22 21:37:38,417] {scheduler_job.py:182} INFO - Started process (PID=110) to work on /home/airflow/.local/lib/python3.8/site-packages/airflow/example_dags/example_branch_operator.py
[2022-05-22 21:37:38,421] {scheduler_job.py:633} INFO - Processing file /home/airflow/.local/lib/python3.8/site-packages/airflow/example_dags/example_branch_operator.py for tasks to queue
[2022-05-22 21:37:38,424] {logging_mixin.py:104} INFO - [2022-05-22 21:37:38,423] {dagbag.py:496} INFO - Filling up the DagBag from /home/airflow/.local/lib/python3.8/site-packages/airflow/example_dags/example_branch_operator.py
[2022-05-22 21:37:38,454] {scheduler_job.py:643} INFO - DAG(s) dict_keys(['example_branch_operator']) retrieved from /home/airflow/.local/lib/python3.8/site-packages/airflow/example_dags/example_branch_operator.py
[2022-05-22 21:37:38,773] {logging_mixin.py:104} INFO - [2022-05-22 21:37:38,773] {dag.py:1833} INFO - Sync 1 DAGs
[2022-05-22 21:37:38,891] {logging_mixin.py:104} INFO - [2022-05-22 21:37:38,891] {dag.py:2306} INFO - Setting next_dagrun for example_branch_operator to 2022-05-20 00:00:00+00:00
[2022-05-22 21:37:39,037] {scheduler_job.py:190} INFO - Processing /home/airflow/.local/lib/python3.8/site-packages/airflow/example_dags/example_branch_operator.py took 0.627 seconds
[2022-05-22 21:38:50,597] {scheduler_job.py:182} INFO - Started process (PID=168) to work on /home/airflow/.local/lib/python3.8/site-packages/airflow/example_dags/example_branch_operator.py
[2022-05-22 21:38:50,601] {scheduler_job.py:633} INFO - Processing file /home/airflow/.local/lib/python3.8/site-packages/airflow/example_dags/example_branch_operator.py for tasks to queue
[2022-05-22 21:38:50,604] {logging_mixin.py:104} INFO - [2022-05-22 21:38:50,603] {dagbag.py:496} INFO - Filling up the DagBag from /home/airflow/.local/lib/python3.8/site-packages/airflow/example_dags/example_branch_operator.py
[2022-05-22 21:38:50,624] {scheduler_job.py:643} INFO - DAG(s) dict_keys(['example_branch_operator']) retrieved from /home/airflow/.local/lib/python3.8/site-packages/airflow/example_dags/example_branch_operator.py
[2022-05-22 21:38:50,651] {logging_mixin.py:104} INFO - [2022-05-22 21:38:50,651] {dag.py:1833} INFO - Sync 1 DAGs
[2022-05-22 21:38:50,676] {logging_mixin.py:104} INFO - [2022-05-22 21:38:50,676] {dag.py:2306} INFO - Setting next_dagrun for example_branch_operator to 2022-05-20 00:00:00+00:00
[2022-05-22 21:38:50,731] {scheduler_job.py:190} INFO - Processing /home/airflow/.local/lib/python3.8/site-packages/airflow/example_dags/example_branch_operator.py took 0.141 seconds
[2022-05-22 21:39:32,000] {scheduler_job.py:182} INFO - Started process (PID=201) to work on /home/airflow/.local/lib/python3.8/site-packages/airflow/example_dags/example_branch_operator.py
[2022-05-22 21:39:32,003] {scheduler_job.py:633} INFO - Processing file /home/airflow/.local/lib/python3.8/site-packages/airflow/example_dags/example_branch_operator.py for tasks to queue
[2022-05-22 21:39:32,005] {logging_mixin.py:104} INFO - [2022-05-22 21:39:32,005] {dagbag.py:496} INFO - Filling up the DagBag from /home/airflow/.local/lib/python3.8/site-packages/airflow/example_dags/example_branch_operator.py
[2022-05-22 21:39:32,021] {scheduler_job.py:643} INFO - DAG(s) dict_keys(['example_branch_operator']) retrieved from /home/airflow/.local/lib/python3.8/site-packages/airflow/example_dags/example_branch_operator.py
[2022-05-22 21:39:32,048] {logging_mixin.py:104} INFO - [2022-05-22 21:39:32,048] {dag.py:1833} INFO - Sync 1 DAGs
[2022-05-22 21:39:32,069] {logging_mixin.py:104} INFO - [2022-05-22 21:39:32,069] {dag.py:2306} INFO - Setting next_dagrun for example_branch_operator to 2022-05-20 00:00:00+00:00
[2022-05-22 21:39:32,117] {scheduler_job.py:190} INFO - Processing /home/airflow/.local/lib/python3.8/site-packages/airflow/example_dags/example_branch_operator.py took 0.121 seconds
[2022-05-22 21:40:18,823] {scheduler_job.py:182} INFO - Started process (PID=239) to work on /home/airflow/.local/lib/python3.8/site-packages/airflow/example_dags/example_branch_operator.py
[2022-05-22 21:40:18,827] {scheduler_job.py:633} INFO - Processing file /home/airflow/.local/lib/python3.8/site-packages/airflow/example_dags/example_branch_operator.py for tasks to queue
[2022-05-22 21:40:18,829] {logging_mixin.py:104} INFO - [2022-05-22 21:40:18,829] {dagbag.py:496} INFO - Filling up the DagBag from /home/airflow/.local/lib/python3.8/site-packages/airflow/example_dags/example_branch_operator.py
[2022-05-22 21:40:18,845] {scheduler_job.py:643} INFO - DAG(s) dict_keys(['example_branch_operator']) retrieved from /home/airflow/.local/lib/python3.8/site-packages/airflow/example_dags/example_branch_operator.py
[2022-05-22 21:40:18,873] {logging_mixin.py:104} INFO - [2022-05-22 21:40:18,873] {dag.py:1833} INFO - Sync 1 DAGs
[2022-05-22 21:40:18,896] {logging_mixin.py:104} INFO - [2022-05-22 21:40:18,896] {dag.py:2306} INFO - Setting next_dagrun for example_branch_operator to 2022-05-20 00:00:00+00:00
[2022-05-22 21:40:18,946] {scheduler_job.py:190} INFO - Processing /home/airflow/.local/lib/python3.8/site-packages/airflow/example_dags/example_branch_operator.py took 0.126 seconds
[2022-05-22 21:46:13,763] {scheduler_job.py:182} INFO - Started process (PID=45) to work on /home/airflow/.local/lib/python3.8/site-packages/airflow/example_dags/example_branch_operator.py
[2022-05-22 21:46:13,766] {scheduler_job.py:633} INFO - Processing file /home/airflow/.local/lib/python3.8/site-packages/airflow/example_dags/example_branch_operator.py for tasks to queue
[2022-05-22 21:46:13,767] {logging_mixin.py:104} INFO - [2022-05-22 21:46:13,767] {dagbag.py:496} INFO - Filling up the DagBag from /home/airflow/.local/lib/python3.8/site-packages/airflow/example_dags/example_branch_operator.py
[2022-05-22 21:46:13,783] {scheduler_job.py:643} INFO - DAG(s) dict_keys(['example_branch_operator']) retrieved from /home/airflow/.local/lib/python3.8/site-packages/airflow/example_dags/example_branch_operator.py
[2022-05-22 21:46:13,807] {logging_mixin.py:104} INFO - [2022-05-22 21:46:13,807] {dag.py:1833} INFO - Sync 1 DAGs
[2022-05-22 21:46:13,831] {logging_mixin.py:104} INFO - [2022-05-22 21:46:13,831] {dag.py:2306} INFO - Setting next_dagrun for example_branch_operator to 2022-05-20 00:00:00+00:00
[2022-05-22 21:46:13,877] {scheduler_job.py:190} INFO - Processing /home/airflow/.local/lib/python3.8/site-packages/airflow/example_dags/example_branch_operator.py took 0.117 seconds
[2022-05-22 21:46:57,185] {scheduler_job.py:182} INFO - Started process (PID=78) to work on /home/airflow/.local/lib/python3.8/site-packages/airflow/example_dags/example_branch_operator.py
[2022-05-22 21:46:57,188] {scheduler_job.py:633} INFO - Processing file /home/airflow/.local/lib/python3.8/site-packages/airflow/example_dags/example_branch_operator.py for tasks to queue
[2022-05-22 21:46:57,189] {logging_mixin.py:104} INFO - [2022-05-22 21:46:57,189] {dagbag.py:496} INFO - Filling up the DagBag from /home/airflow/.local/lib/python3.8/site-packages/airflow/example_dags/example_branch_operator.py
[2022-05-22 21:46:57,205] {scheduler_job.py:643} INFO - DAG(s) dict_keys(['example_branch_operator']) retrieved from /home/airflow/.local/lib/python3.8/site-packages/airflow/example_dags/example_branch_operator.py
[2022-05-22 21:46:57,230] {logging_mixin.py:104} INFO - [2022-05-22 21:46:57,230] {dag.py:1833} INFO - Sync 1 DAGs
[2022-05-22 21:46:57,254] {logging_mixin.py:104} INFO - [2022-05-22 21:46:57,254] {dag.py:2306} INFO - Setting next_dagrun for example_branch_operator to 2022-05-20 00:00:00+00:00
[2022-05-22 21:46:57,304] {scheduler_job.py:190} INFO - Processing /home/airflow/.local/lib/python3.8/site-packages/airflow/example_dags/example_branch_operator.py took 0.123 seconds
[2022-05-22 21:47:40,056] {scheduler_job.py:182} INFO - Started process (PID=111) to work on /home/airflow/.local/lib/python3.8/site-packages/airflow/example_dags/example_branch_operator.py
[2022-05-22 21:47:40,059] {scheduler_job.py:633} INFO - Processing file /home/airflow/.local/lib/python3.8/site-packages/airflow/example_dags/example_branch_operator.py for tasks to queue
[2022-05-22 21:47:40,061] {logging_mixin.py:104} INFO - [2022-05-22 21:47:40,061] {dagbag.py:496} INFO - Filling up the DagBag from /home/airflow/.local/lib/python3.8/site-packages/airflow/example_dags/example_branch_operator.py
[2022-05-22 21:47:40,081] {scheduler_job.py:643} INFO - DAG(s) dict_keys(['example_branch_operator']) retrieved from /home/airflow/.local/lib/python3.8/site-packages/airflow/example_dags/example_branch_operator.py
[2022-05-22 21:47:40,111] {logging_mixin.py:104} INFO - [2022-05-22 21:47:40,110] {dag.py:1833} INFO - Sync 1 DAGs
[2022-05-22 21:47:40,133] {logging_mixin.py:104} INFO - [2022-05-22 21:47:40,133] {dag.py:2306} INFO - Setting next_dagrun for example_branch_operator to 2022-05-20 00:00:00+00:00
[2022-05-22 21:47:40,177] {scheduler_job.py:190} INFO - Processing /home/airflow/.local/lib/python3.8/site-packages/airflow/example_dags/example_branch_operator.py took 0.124 seconds
[2022-05-22 21:48:23,047] {scheduler_job.py:182} INFO - Started process (PID=144) to work on /home/airflow/.local/lib/python3.8/site-packages/airflow/example_dags/example_branch_operator.py
[2022-05-22 21:48:23,052] {scheduler_job.py:633} INFO - Processing file /home/airflow/.local/lib/python3.8/site-packages/airflow/example_dags/example_branch_operator.py for tasks to queue
[2022-05-22 21:48:23,054] {logging_mixin.py:104} INFO - [2022-05-22 21:48:23,054] {dagbag.py:496} INFO - Filling up the DagBag from /home/airflow/.local/lib/python3.8/site-packages/airflow/example_dags/example_branch_operator.py
[2022-05-22 21:48:23,072] {scheduler_job.py:643} INFO - DAG(s) dict_keys(['example_branch_operator']) retrieved from /home/airflow/.local/lib/python3.8/site-packages/airflow/example_dags/example_branch_operator.py
[2022-05-22 21:48:23,109] {logging_mixin.py:104} INFO - [2022-05-22 21:48:23,109] {dag.py:1833} INFO - Sync 1 DAGs
[2022-05-22 21:48:23,135] {logging_mixin.py:104} INFO - [2022-05-22 21:48:23,135] {dag.py:2306} INFO - Setting next_dagrun for example_branch_operator to 2022-05-20 00:00:00+00:00
[2022-05-22 21:48:23,186] {scheduler_job.py:190} INFO - Processing /home/airflow/.local/lib/python3.8/site-packages/airflow/example_dags/example_branch_operator.py took 0.142 seconds
[2022-05-22 21:49:09,264] {scheduler_job.py:182} INFO - Started process (PID=182) to work on /home/airflow/.local/lib/python3.8/site-packages/airflow/example_dags/example_branch_operator.py
[2022-05-22 21:49:09,268] {scheduler_job.py:633} INFO - Processing file /home/airflow/.local/lib/python3.8/site-packages/airflow/example_dags/example_branch_operator.py for tasks to queue
[2022-05-22 21:49:09,270] {logging_mixin.py:104} INFO - [2022-05-22 21:49:09,270] {dagbag.py:496} INFO - Filling up the DagBag from /home/airflow/.local/lib/python3.8/site-packages/airflow/example_dags/example_branch_operator.py
[2022-05-22 21:49:09,289] {scheduler_job.py:643} INFO - DAG(s) dict_keys(['example_branch_operator']) retrieved from /home/airflow/.local/lib/python3.8/site-packages/airflow/example_dags/example_branch_operator.py
[2022-05-22 21:49:09,316] {logging_mixin.py:104} INFO - [2022-05-22 21:49:09,316] {dag.py:1833} INFO - Sync 1 DAGs
[2022-05-22 21:49:09,337] {logging_mixin.py:104} INFO - [2022-05-22 21:49:09,336] {dag.py:2306} INFO - Setting next_dagrun for example_branch_operator to 2022-05-20 00:00:00+00:00
[2022-05-22 21:49:09,384] {scheduler_job.py:190} INFO - Processing /home/airflow/.local/lib/python3.8/site-packages/airflow/example_dags/example_branch_operator.py took 0.123 seconds
[2022-05-22 21:49:58,128] {scheduler_job.py:182} INFO - Started process (PID=220) to work on /home/airflow/.local/lib/python3.8/site-packages/airflow/example_dags/example_branch_operator.py
[2022-05-22 21:49:58,134] {scheduler_job.py:633} INFO - Processing file /home/airflow/.local/lib/python3.8/site-packages/airflow/example_dags/example_branch_operator.py for tasks to queue
[2022-05-22 21:49:58,137] {logging_mixin.py:104} INFO - [2022-05-22 21:49:58,136] {dagbag.py:496} INFO - Filling up the DagBag from /home/airflow/.local/lib/python3.8/site-packages/airflow/example_dags/example_branch_operator.py
[2022-05-22 21:49:58,154] {scheduler_job.py:643} INFO - DAG(s) dict_keys(['example_branch_operator']) retrieved from /home/airflow/.local/lib/python3.8/site-packages/airflow/example_dags/example_branch_operator.py
[2022-05-22 21:49:58,182] {logging_mixin.py:104} INFO - [2022-05-22 21:49:58,182] {dag.py:1833} INFO - Sync 1 DAGs
[2022-05-22 21:49:58,214] {logging_mixin.py:104} INFO - [2022-05-22 21:49:58,214] {dag.py:2306} INFO - Setting next_dagrun for example_branch_operator to 2022-05-20 00:00:00+00:00
[2022-05-22 21:49:58,274] {scheduler_job.py:190} INFO - Processing /home/airflow/.local/lib/python3.8/site-packages/airflow/example_dags/example_branch_operator.py took 0.150 seconds
[2022-05-22 22:02:37,110] {scheduler_job.py:182} INFO - Started process (PID=46) to work on /home/airflow/.local/lib/python3.8/site-packages/airflow/example_dags/example_branch_operator.py
[2022-05-22 22:02:37,114] {scheduler_job.py:633} INFO - Processing file /home/airflow/.local/lib/python3.8/site-packages/airflow/example_dags/example_branch_operator.py for tasks to queue
[2022-05-22 22:02:37,116] {logging_mixin.py:104} INFO - [2022-05-22 22:02:37,116] {dagbag.py:496} INFO - Filling up the DagBag from /home/airflow/.local/lib/python3.8/site-packages/airflow/example_dags/example_branch_operator.py
[2022-05-22 22:02:37,137] {scheduler_job.py:643} INFO - DAG(s) dict_keys(['example_branch_operator']) retrieved from /home/airflow/.local/lib/python3.8/site-packages/airflow/example_dags/example_branch_operator.py
[2022-05-22 22:02:37,173] {logging_mixin.py:104} INFO - [2022-05-22 22:02:37,173] {dag.py:1833} INFO - Sync 1 DAGs
[2022-05-22 22:02:37,213] {logging_mixin.py:104} INFO - [2022-05-22 22:02:37,213] {dag.py:2306} INFO - Setting next_dagrun for example_branch_operator to 2022-05-20 00:00:00+00:00
[2022-05-22 22:02:37,267] {scheduler_job.py:190} INFO - Processing /home/airflow/.local/lib/python3.8/site-packages/airflow/example_dags/example_branch_operator.py took 0.161 seconds
[2022-05-22 22:03:24,271] {scheduler_job.py:182} INFO - Started process (PID=83) to work on /home/airflow/.local/lib/python3.8/site-packages/airflow/example_dags/example_branch_operator.py
[2022-05-22 22:03:24,276] {scheduler_job.py:633} INFO - Processing file /home/airflow/.local/lib/python3.8/site-packages/airflow/example_dags/example_branch_operator.py for tasks to queue
[2022-05-22 22:03:24,278] {logging_mixin.py:104} INFO - [2022-05-22 22:03:24,278] {dagbag.py:496} INFO - Filling up the DagBag from /home/airflow/.local/lib/python3.8/site-packages/airflow/example_dags/example_branch_operator.py
[2022-05-22 22:03:24,297] {scheduler_job.py:643} INFO - DAG(s) dict_keys(['example_branch_operator']) retrieved from /home/airflow/.local/lib/python3.8/site-packages/airflow/example_dags/example_branch_operator.py
[2022-05-22 22:03:24,331] {logging_mixin.py:104} INFO - [2022-05-22 22:03:24,331] {dag.py:1833} INFO - Sync 1 DAGs
[2022-05-22 22:03:24,376] {logging_mixin.py:104} INFO - [2022-05-22 22:03:24,375] {dag.py:2306} INFO - Setting next_dagrun for example_branch_operator to 2022-05-20 00:00:00+00:00
[2022-05-22 22:03:24,435] {scheduler_job.py:190} INFO - Processing /home/airflow/.local/lib/python3.8/site-packages/airflow/example_dags/example_branch_operator.py took 0.169 seconds
[2022-05-22 22:04:39,569] {scheduler_job.py:182} INFO - Started process (PID=141) to work on /home/airflow/.local/lib/python3.8/site-packages/airflow/example_dags/example_branch_operator.py
[2022-05-22 22:04:39,573] {scheduler_job.py:633} INFO - Processing file /home/airflow/.local/lib/python3.8/site-packages/airflow/example_dags/example_branch_operator.py for tasks to queue
[2022-05-22 22:04:39,577] {logging_mixin.py:104} INFO - [2022-05-22 22:04:39,577] {dagbag.py:496} INFO - Filling up the DagBag from /home/airflow/.local/lib/python3.8/site-packages/airflow/example_dags/example_branch_operator.py
[2022-05-22 22:04:39,598] {scheduler_job.py:643} INFO - DAG(s) dict_keys(['example_branch_operator']) retrieved from /home/airflow/.local/lib/python3.8/site-packages/airflow/example_dags/example_branch_operator.py
[2022-05-22 22:04:39,625] {logging_mixin.py:104} INFO - [2022-05-22 22:04:39,625] {dag.py:1833} INFO - Sync 1 DAGs
[2022-05-22 22:04:39,651] {logging_mixin.py:104} INFO - [2022-05-22 22:04:39,651] {dag.py:2306} INFO - Setting next_dagrun for example_branch_operator to 2022-05-20 00:00:00+00:00
[2022-05-22 22:04:39,704] {scheduler_job.py:190} INFO - Processing /home/airflow/.local/lib/python3.8/site-packages/airflow/example_dags/example_branch_operator.py took 0.140 seconds
[2022-05-22 22:05:20,676] {scheduler_job.py:182} INFO - Started process (PID=174) to work on /home/airflow/.local/lib/python3.8/site-packages/airflow/example_dags/example_branch_operator.py
[2022-05-22 22:05:20,679] {scheduler_job.py:633} INFO - Processing file /home/airflow/.local/lib/python3.8/site-packages/airflow/example_dags/example_branch_operator.py for tasks to queue
[2022-05-22 22:05:20,680] {logging_mixin.py:104} INFO - [2022-05-22 22:05:20,680] {dagbag.py:496} INFO - Filling up the DagBag from /home/airflow/.local/lib/python3.8/site-packages/airflow/example_dags/example_branch_operator.py
[2022-05-22 22:05:20,697] {scheduler_job.py:643} INFO - DAG(s) dict_keys(['example_branch_operator']) retrieved from /home/airflow/.local/lib/python3.8/site-packages/airflow/example_dags/example_branch_operator.py
[2022-05-22 22:05:20,734] {logging_mixin.py:104} INFO - [2022-05-22 22:05:20,734] {dag.py:1833} INFO - Sync 1 DAGs
[2022-05-22 22:05:20,764] {logging_mixin.py:104} INFO - [2022-05-22 22:05:20,764] {dag.py:2306} INFO - Setting next_dagrun for example_branch_operator to 2022-05-20 00:00:00+00:00
[2022-05-22 22:05:20,830] {scheduler_job.py:190} INFO - Processing /home/airflow/.local/lib/python3.8/site-packages/airflow/example_dags/example_branch_operator.py took 0.160 seconds
[2022-05-22 22:06:03,329] {scheduler_job.py:182} INFO - Started process (PID=207) to work on /home/airflow/.local/lib/python3.8/site-packages/airflow/example_dags/example_branch_operator.py
[2022-05-22 22:06:03,333] {scheduler_job.py:633} INFO - Processing file /home/airflow/.local/lib/python3.8/site-packages/airflow/example_dags/example_branch_operator.py for tasks to queue
[2022-05-22 22:06:03,336] {logging_mixin.py:104} INFO - [2022-05-22 22:06:03,336] {dagbag.py:496} INFO - Filling up the DagBag from /home/airflow/.local/lib/python3.8/site-packages/airflow/example_dags/example_branch_operator.py
[2022-05-22 22:06:03,361] {scheduler_job.py:643} INFO - DAG(s) dict_keys(['example_branch_operator']) retrieved from /home/airflow/.local/lib/python3.8/site-packages/airflow/example_dags/example_branch_operator.py
[2022-05-22 22:06:03,411] {logging_mixin.py:104} INFO - [2022-05-22 22:06:03,410] {dag.py:1833} INFO - Sync 1 DAGs
[2022-05-22 22:06:03,459] {logging_mixin.py:104} INFO - [2022-05-22 22:06:03,459] {dag.py:2306} INFO - Setting next_dagrun for example_branch_operator to 2022-05-20 00:00:00+00:00
[2022-05-22 22:06:03,527] {scheduler_job.py:190} INFO - Processing /home/airflow/.local/lib/python3.8/site-packages/airflow/example_dags/example_branch_operator.py took 0.205 seconds
[2022-05-22 22:06:57,715] {scheduler_job.py:182} INFO - Started process (PID=248) to work on /home/airflow/.local/lib/python3.8/site-packages/airflow/example_dags/example_branch_operator.py
[2022-05-22 22:06:57,719] {scheduler_job.py:633} INFO - Processing file /home/airflow/.local/lib/python3.8/site-packages/airflow/example_dags/example_branch_operator.py for tasks to queue
[2022-05-22 22:06:57,721] {logging_mixin.py:104} INFO - [2022-05-22 22:06:57,721] {dagbag.py:496} INFO - Filling up the DagBag from /home/airflow/.local/lib/python3.8/site-packages/airflow/example_dags/example_branch_operator.py
[2022-05-22 22:06:57,741] {scheduler_job.py:643} INFO - DAG(s) dict_keys(['example_branch_operator']) retrieved from /home/airflow/.local/lib/python3.8/site-packages/airflow/example_dags/example_branch_operator.py
[2022-05-22 22:06:57,779] {logging_mixin.py:104} INFO - [2022-05-22 22:06:57,779] {dag.py:1833} INFO - Sync 1 DAGs
[2022-05-22 22:06:57,811] {logging_mixin.py:104} INFO - [2022-05-22 22:06:57,811] {dag.py:2306} INFO - Setting next_dagrun for example_branch_operator to 2022-05-20 00:00:00+00:00
[2022-05-22 22:06:57,861] {scheduler_job.py:190} INFO - Processing /home/airflow/.local/lib/python3.8/site-packages/airflow/example_dags/example_branch_operator.py took 0.152 seconds
[2022-05-22 22:07:55,414] {scheduler_job.py:182} INFO - Started process (PID=287) to work on /home/airflow/.local/lib/python3.8/site-packages/airflow/example_dags/example_branch_operator.py
[2022-05-22 22:07:55,418] {scheduler_job.py:633} INFO - Processing file /home/airflow/.local/lib/python3.8/site-packages/airflow/example_dags/example_branch_operator.py for tasks to queue
[2022-05-22 22:07:55,419] {logging_mixin.py:104} INFO - [2022-05-22 22:07:55,419] {dagbag.py:496} INFO - Filling up the DagBag from /home/airflow/.local/lib/python3.8/site-packages/airflow/example_dags/example_branch_operator.py
[2022-05-22 22:07:55,437] {scheduler_job.py:643} INFO - DAG(s) dict_keys(['example_branch_operator']) retrieved from /home/airflow/.local/lib/python3.8/site-packages/airflow/example_dags/example_branch_operator.py
[2022-05-22 22:07:55,473] {logging_mixin.py:104} INFO - [2022-05-22 22:07:55,473] {dag.py:1833} INFO - Sync 1 DAGs
[2022-05-22 22:07:55,507] {logging_mixin.py:104} INFO - [2022-05-22 22:07:55,507] {dag.py:2306} INFO - Setting next_dagrun for example_branch_operator to 2022-05-20 00:00:00+00:00
[2022-05-22 22:07:55,555] {scheduler_job.py:190} INFO - Processing /home/airflow/.local/lib/python3.8/site-packages/airflow/example_dags/example_branch_operator.py took 0.144 seconds
[2022-05-22 22:08:41,785] {scheduler_job.py:182} INFO - Started process (PID=322) to work on /home/airflow/.local/lib/python3.8/site-packages/airflow/example_dags/example_branch_operator.py
[2022-05-22 22:08:41,789] {scheduler_job.py:633} INFO - Processing file /home/airflow/.local/lib/python3.8/site-packages/airflow/example_dags/example_branch_operator.py for tasks to queue
[2022-05-22 22:08:41,791] {logging_mixin.py:104} INFO - [2022-05-22 22:08:41,791] {dagbag.py:496} INFO - Filling up the DagBag from /home/airflow/.local/lib/python3.8/site-packages/airflow/example_dags/example_branch_operator.py
[2022-05-22 22:08:41,815] {scheduler_job.py:643} INFO - DAG(s) dict_keys(['example_branch_operator']) retrieved from /home/airflow/.local/lib/python3.8/site-packages/airflow/example_dags/example_branch_operator.py
[2022-05-22 22:08:41,850] {logging_mixin.py:104} INFO - [2022-05-22 22:08:41,850] {dag.py:1833} INFO - Sync 1 DAGs
[2022-05-22 22:08:41,886] {logging_mixin.py:104} INFO - [2022-05-22 22:08:41,886] {dag.py:2306} INFO - Setting next_dagrun for example_branch_operator to 2022-05-20 00:00:00+00:00
[2022-05-22 22:08:41,943] {scheduler_job.py:190} INFO - Processing /home/airflow/.local/lib/python3.8/site-packages/airflow/example_dags/example_branch_operator.py took 0.165 seconds
[2022-05-22 22:09:26,911] {scheduler_job.py:182} INFO - Started process (PID=359) to work on /home/airflow/.local/lib/python3.8/site-packages/airflow/example_dags/example_branch_operator.py
[2022-05-22 22:09:26,917] {scheduler_job.py:633} INFO - Processing file /home/airflow/.local/lib/python3.8/site-packages/airflow/example_dags/example_branch_operator.py for tasks to queue
[2022-05-22 22:09:26,921] {logging_mixin.py:104} INFO - [2022-05-22 22:09:26,921] {dagbag.py:496} INFO - Filling up the DagBag from /home/airflow/.local/lib/python3.8/site-packages/airflow/example_dags/example_branch_operator.py
[2022-05-22 22:09:26,943] {scheduler_job.py:643} INFO - DAG(s) dict_keys(['example_branch_operator']) retrieved from /home/airflow/.local/lib/python3.8/site-packages/airflow/example_dags/example_branch_operator.py
[2022-05-22 22:09:26,982] {logging_mixin.py:104} INFO - [2022-05-22 22:09:26,981] {dag.py:1833} INFO - Sync 1 DAGs
[2022-05-22 22:09:27,011] {logging_mixin.py:104} INFO - [2022-05-22 22:09:27,011] {dag.py:2306} INFO - Setting next_dagrun for example_branch_operator to 2022-05-20 00:00:00+00:00
[2022-05-22 22:09:27,069] {scheduler_job.py:190} INFO - Processing /home/airflow/.local/lib/python3.8/site-packages/airflow/example_dags/example_branch_operator.py took 0.165 seconds
[2022-05-22 22:10:06,422] {scheduler_job.py:182} INFO - Started process (PID=389) to work on /home/airflow/.local/lib/python3.8/site-packages/airflow/example_dags/example_branch_operator.py
[2022-05-22 22:10:06,430] {scheduler_job.py:633} INFO - Processing file /home/airflow/.local/lib/python3.8/site-packages/airflow/example_dags/example_branch_operator.py for tasks to queue
[2022-05-22 22:10:06,433] {logging_mixin.py:104} INFO - [2022-05-22 22:10:06,433] {dagbag.py:496} INFO - Filling up the DagBag from /home/airflow/.local/lib/python3.8/site-packages/airflow/example_dags/example_branch_operator.py
[2022-05-22 22:10:06,464] {scheduler_job.py:643} INFO - DAG(s) dict_keys(['example_branch_operator']) retrieved from /home/airflow/.local/lib/python3.8/site-packages/airflow/example_dags/example_branch_operator.py
[2022-05-22 22:10:06,501] {logging_mixin.py:104} INFO - [2022-05-22 22:10:06,501] {dag.py:1833} INFO - Sync 1 DAGs
[2022-05-22 22:10:06,528] {logging_mixin.py:104} INFO - [2022-05-22 22:10:06,528] {dag.py:2306} INFO - Setting next_dagrun for example_branch_operator to 2022-05-20 00:00:00+00:00
[2022-05-22 22:10:06,582] {scheduler_job.py:190} INFO - Processing /home/airflow/.local/lib/python3.8/site-packages/airflow/example_dags/example_branch_operator.py took 0.165 seconds
[2022-05-22 22:13:11,903] {scheduler_job.py:182} INFO - Started process (PID=44) to work on /home/airflow/.local/lib/python3.8/site-packages/airflow/example_dags/example_branch_operator.py
[2022-05-22 22:13:11,912] {scheduler_job.py:633} INFO - Processing file /home/airflow/.local/lib/python3.8/site-packages/airflow/example_dags/example_branch_operator.py for tasks to queue
[2022-05-22 22:13:11,918] {logging_mixin.py:104} INFO - [2022-05-22 22:13:11,917] {dagbag.py:496} INFO - Filling up the DagBag from /home/airflow/.local/lib/python3.8/site-packages/airflow/example_dags/example_branch_operator.py
[2022-05-22 22:13:11,949] {scheduler_job.py:643} INFO - DAG(s) dict_keys(['example_branch_operator']) retrieved from /home/airflow/.local/lib/python3.8/site-packages/airflow/example_dags/example_branch_operator.py
[2022-05-22 22:13:11,980] {logging_mixin.py:104} INFO - [2022-05-22 22:13:11,979] {dag.py:1833} INFO - Sync 1 DAGs
[2022-05-22 22:13:12,004] {logging_mixin.py:104} INFO - [2022-05-22 22:13:12,004] {dag.py:2306} INFO - Setting next_dagrun for example_branch_operator to 2022-05-20 00:00:00+00:00
[2022-05-22 22:13:12,054] {scheduler_job.py:190} INFO - Processing /home/airflow/.local/lib/python3.8/site-packages/airflow/example_dags/example_branch_operator.py took 0.154 seconds
[2022-05-22 22:14:18,637] {scheduler_job.py:182} INFO - Started process (PID=97) to work on /home/airflow/.local/lib/python3.8/site-packages/airflow/example_dags/example_branch_operator.py
[2022-05-22 22:14:18,641] {scheduler_job.py:633} INFO - Processing file /home/airflow/.local/lib/python3.8/site-packages/airflow/example_dags/example_branch_operator.py for tasks to queue
[2022-05-22 22:14:18,643] {logging_mixin.py:104} INFO - [2022-05-22 22:14:18,643] {dagbag.py:496} INFO - Filling up the DagBag from /home/airflow/.local/lib/python3.8/site-packages/airflow/example_dags/example_branch_operator.py
[2022-05-22 22:14:18,662] {scheduler_job.py:643} INFO - DAG(s) dict_keys(['example_branch_operator']) retrieved from /home/airflow/.local/lib/python3.8/site-packages/airflow/example_dags/example_branch_operator.py
[2022-05-22 22:14:18,695] {logging_mixin.py:104} INFO - [2022-05-22 22:14:18,695] {dag.py:1833} INFO - Sync 1 DAGs
[2022-05-22 22:14:18,724] {logging_mixin.py:104} INFO - [2022-05-22 22:14:18,724] {dag.py:2306} INFO - Setting next_dagrun for example_branch_operator to 2022-05-20 00:00:00+00:00
[2022-05-22 22:14:18,773] {scheduler_job.py:190} INFO - Processing /home/airflow/.local/lib/python3.8/site-packages/airflow/example_dags/example_branch_operator.py took 0.142 seconds
[2022-05-22 22:15:02,511] {scheduler_job.py:182} INFO - Started process (PID=132) to work on /home/airflow/.local/lib/python3.8/site-packages/airflow/example_dags/example_branch_operator.py
[2022-05-22 22:15:02,516] {scheduler_job.py:633} INFO - Processing file /home/airflow/.local/lib/python3.8/site-packages/airflow/example_dags/example_branch_operator.py for tasks to queue
[2022-05-22 22:15:02,519] {logging_mixin.py:104} INFO - [2022-05-22 22:15:02,518] {dagbag.py:496} INFO - Filling up the DagBag from /home/airflow/.local/lib/python3.8/site-packages/airflow/example_dags/example_branch_operator.py
[2022-05-22 22:15:02,538] {scheduler_job.py:643} INFO - DAG(s) dict_keys(['example_branch_operator']) retrieved from /home/airflow/.local/lib/python3.8/site-packages/airflow/example_dags/example_branch_operator.py
[2022-05-22 22:15:02,580] {logging_mixin.py:104} INFO - [2022-05-22 22:15:02,580] {dag.py:1833} INFO - Sync 1 DAGs
[2022-05-22 22:15:02,614] {logging_mixin.py:104} INFO - [2022-05-22 22:15:02,614] {dag.py:2306} INFO - Setting next_dagrun for example_branch_operator to 2022-05-20 00:00:00+00:00
[2022-05-22 22:15:02,658] {scheduler_job.py:190} INFO - Processing /home/airflow/.local/lib/python3.8/site-packages/airflow/example_dags/example_branch_operator.py took 0.152 seconds
[2022-05-22 22:15:45,374] {scheduler_job.py:182} INFO - Started process (PID=165) to work on /home/airflow/.local/lib/python3.8/site-packages/airflow/example_dags/example_branch_operator.py
[2022-05-22 22:15:45,377] {scheduler_job.py:633} INFO - Processing file /home/airflow/.local/lib/python3.8/site-packages/airflow/example_dags/example_branch_operator.py for tasks to queue
[2022-05-22 22:15:45,379] {logging_mixin.py:104} INFO - [2022-05-22 22:15:45,379] {dagbag.py:496} INFO - Filling up the DagBag from /home/airflow/.local/lib/python3.8/site-packages/airflow/example_dags/example_branch_operator.py
[2022-05-22 22:15:45,396] {scheduler_job.py:643} INFO - DAG(s) dict_keys(['example_branch_operator']) retrieved from /home/airflow/.local/lib/python3.8/site-packages/airflow/example_dags/example_branch_operator.py
[2022-05-22 22:15:45,423] {logging_mixin.py:104} INFO - [2022-05-22 22:15:45,423] {dag.py:1833} INFO - Sync 1 DAGs
[2022-05-22 22:15:45,445] {logging_mixin.py:104} INFO - [2022-05-22 22:15:45,445] {dag.py:2306} INFO - Setting next_dagrun for example_branch_operator to 2022-05-20 00:00:00+00:00
[2022-05-22 22:15:45,495] {scheduler_job.py:190} INFO - Processing /home/airflow/.local/lib/python3.8/site-packages/airflow/example_dags/example_branch_operator.py took 0.124 seconds
[2022-05-22 22:19:18,425] {scheduler_job.py:182} INFO - Started process (PID=65) to work on /home/airflow/.local/lib/python3.8/site-packages/airflow/example_dags/example_branch_operator.py
[2022-05-22 22:19:18,428] {scheduler_job.py:633} INFO - Processing file /home/airflow/.local/lib/python3.8/site-packages/airflow/example_dags/example_branch_operator.py for tasks to queue
[2022-05-22 22:19:18,430] {logging_mixin.py:104} INFO - [2022-05-22 22:19:18,430] {dagbag.py:496} INFO - Filling up the DagBag from /home/airflow/.local/lib/python3.8/site-packages/airflow/example_dags/example_branch_operator.py
[2022-05-22 22:19:18,446] {scheduler_job.py:643} INFO - DAG(s) dict_keys(['example_branch_operator']) retrieved from /home/airflow/.local/lib/python3.8/site-packages/airflow/example_dags/example_branch_operator.py
[2022-05-22 22:19:18,470] {logging_mixin.py:104} INFO - [2022-05-22 22:19:18,470] {dag.py:1833} INFO - Sync 1 DAGs
[2022-05-22 22:19:18,495] {logging_mixin.py:104} INFO - [2022-05-22 22:19:18,495] {dag.py:2306} INFO - Setting next_dagrun for example_branch_operator to 2022-05-20 00:00:00+00:00
[2022-05-22 22:19:18,539] {scheduler_job.py:190} INFO - Processing /home/airflow/.local/lib/python3.8/site-packages/airflow/example_dags/example_branch_operator.py took 0.117 seconds
