[2022-05-22 20:46:03,612] {scheduler_job.py:182} INFO - Started process (PID=29) to work on /home/airflow/.local/lib/python3.8/site-packages/airflow/example_dags/example_python_operator.py
[2022-05-22 20:46:03,614] {scheduler_job.py:633} INFO - Processing file /home/airflow/.local/lib/python3.8/site-packages/airflow/example_dags/example_python_operator.py for tasks to queue
[2022-05-22 20:46:03,616] {logging_mixin.py:104} INFO - [2022-05-22 20:46:03,616] {dagbag.py:496} INFO - Filling up the DagBag from /home/airflow/.local/lib/python3.8/site-packages/airflow/example_dags/example_python_operator.py
[2022-05-22 20:46:03,632] {scheduler_job.py:643} INFO - DAG(s) dict_keys(['example_python_operator']) retrieved from /home/airflow/.local/lib/python3.8/site-packages/airflow/example_dags/example_python_operator.py
[2022-05-22 20:46:03,660] {logging_mixin.py:104} INFO - [2022-05-22 20:46:03,660] {dag.py:1833} INFO - Sync 1 DAGs
[2022-05-22 20:46:03,687] {logging_mixin.py:104} INFO - [2022-05-22 20:46:03,687] {dag.py:2306} INFO - Setting next_dagrun for example_python_operator to None
[2022-05-22 20:46:03,735] {scheduler_job.py:190} INFO - Processing /home/airflow/.local/lib/python3.8/site-packages/airflow/example_dags/example_python_operator.py took 0.127 seconds
[2022-05-22 20:46:42,153] {scheduler_job.py:182} INFO - Started process (PID=60) to work on /home/airflow/.local/lib/python3.8/site-packages/airflow/example_dags/example_python_operator.py
[2022-05-22 20:46:42,156] {scheduler_job.py:633} INFO - Processing file /home/airflow/.local/lib/python3.8/site-packages/airflow/example_dags/example_python_operator.py for tasks to queue
[2022-05-22 20:46:42,158] {logging_mixin.py:104} INFO - [2022-05-22 20:46:42,158] {dagbag.py:496} INFO - Filling up the DagBag from /home/airflow/.local/lib/python3.8/site-packages/airflow/example_dags/example_python_operator.py
[2022-05-22 20:46:42,172] {scheduler_job.py:643} INFO - DAG(s) dict_keys(['example_python_operator']) retrieved from /home/airflow/.local/lib/python3.8/site-packages/airflow/example_dags/example_python_operator.py
[2022-05-22 20:46:42,197] {logging_mixin.py:104} INFO - [2022-05-22 20:46:42,197] {dag.py:1833} INFO - Sync 1 DAGs
[2022-05-22 20:46:42,216] {logging_mixin.py:104} INFO - [2022-05-22 20:46:42,216] {dag.py:2306} INFO - Setting next_dagrun for example_python_operator to None
[2022-05-22 20:46:42,261] {scheduler_job.py:190} INFO - Processing /home/airflow/.local/lib/python3.8/site-packages/airflow/example_dags/example_python_operator.py took 0.111 seconds
[2022-05-22 20:47:25,036] {scheduler_job.py:182} INFO - Started process (PID=91) to work on /home/airflow/.local/lib/python3.8/site-packages/airflow/example_dags/example_python_operator.py
[2022-05-22 20:47:25,039] {scheduler_job.py:633} INFO - Processing file /home/airflow/.local/lib/python3.8/site-packages/airflow/example_dags/example_python_operator.py for tasks to queue
[2022-05-22 20:47:25,041] {logging_mixin.py:104} INFO - [2022-05-22 20:47:25,041] {dagbag.py:496} INFO - Filling up the DagBag from /home/airflow/.local/lib/python3.8/site-packages/airflow/example_dags/example_python_operator.py
[2022-05-22 20:47:25,054] {scheduler_job.py:643} INFO - DAG(s) dict_keys(['example_python_operator']) retrieved from /home/airflow/.local/lib/python3.8/site-packages/airflow/example_dags/example_python_operator.py
[2022-05-22 20:47:25,085] {logging_mixin.py:104} INFO - [2022-05-22 20:47:25,085] {dag.py:1833} INFO - Sync 1 DAGs
[2022-05-22 20:47:25,105] {logging_mixin.py:104} INFO - [2022-05-22 20:47:25,105] {dag.py:2306} INFO - Setting next_dagrun for example_python_operator to None
[2022-05-22 20:47:25,154] {scheduler_job.py:190} INFO - Processing /home/airflow/.local/lib/python3.8/site-packages/airflow/example_dags/example_python_operator.py took 0.122 seconds
[2022-05-22 20:48:06,215] {scheduler_job.py:182} INFO - Started process (PID=120) to work on /home/airflow/.local/lib/python3.8/site-packages/airflow/example_dags/example_python_operator.py
[2022-05-22 20:48:06,219] {scheduler_job.py:633} INFO - Processing file /home/airflow/.local/lib/python3.8/site-packages/airflow/example_dags/example_python_operator.py for tasks to queue
[2022-05-22 20:48:06,223] {logging_mixin.py:104} INFO - [2022-05-22 20:48:06,222] {dagbag.py:496} INFO - Filling up the DagBag from /home/airflow/.local/lib/python3.8/site-packages/airflow/example_dags/example_python_operator.py
[2022-05-22 20:48:06,249] {scheduler_job.py:643} INFO - DAG(s) dict_keys(['example_python_operator']) retrieved from /home/airflow/.local/lib/python3.8/site-packages/airflow/example_dags/example_python_operator.py
[2022-05-22 20:48:06,292] {logging_mixin.py:104} INFO - [2022-05-22 20:48:06,292] {dag.py:1833} INFO - Sync 1 DAGs
[2022-05-22 20:48:06,335] {logging_mixin.py:104} INFO - [2022-05-22 20:48:06,335] {dag.py:2306} INFO - Setting next_dagrun for example_python_operator to None
[2022-05-22 20:48:06,398] {scheduler_job.py:190} INFO - Processing /home/airflow/.local/lib/python3.8/site-packages/airflow/example_dags/example_python_operator.py took 0.188 seconds
[2022-05-22 20:48:45,971] {scheduler_job.py:182} INFO - Started process (PID=146) to work on /home/airflow/.local/lib/python3.8/site-packages/airflow/example_dags/example_python_operator.py
[2022-05-22 20:48:45,976] {scheduler_job.py:633} INFO - Processing file /home/airflow/.local/lib/python3.8/site-packages/airflow/example_dags/example_python_operator.py for tasks to queue
[2022-05-22 20:48:45,978] {logging_mixin.py:104} INFO - [2022-05-22 20:48:45,978] {dagbag.py:496} INFO - Filling up the DagBag from /home/airflow/.local/lib/python3.8/site-packages/airflow/example_dags/example_python_operator.py
[2022-05-22 20:48:46,003] {scheduler_job.py:643} INFO - DAG(s) dict_keys(['example_python_operator']) retrieved from /home/airflow/.local/lib/python3.8/site-packages/airflow/example_dags/example_python_operator.py
[2022-05-22 20:48:46,048] {logging_mixin.py:104} INFO - [2022-05-22 20:48:46,048] {dag.py:1833} INFO - Sync 1 DAGs
[2022-05-22 20:48:46,087] {logging_mixin.py:104} INFO - [2022-05-22 20:48:46,087] {dag.py:2306} INFO - Setting next_dagrun for example_python_operator to None
[2022-05-22 20:48:46,191] {scheduler_job.py:190} INFO - Processing /home/airflow/.local/lib/python3.8/site-packages/airflow/example_dags/example_python_operator.py took 0.226 seconds
[2022-05-22 20:49:36,373] {scheduler_job.py:182} INFO - Started process (PID=172) to work on /home/airflow/.local/lib/python3.8/site-packages/airflow/example_dags/example_python_operator.py
[2022-05-22 20:49:36,377] {scheduler_job.py:633} INFO - Processing file /home/airflow/.local/lib/python3.8/site-packages/airflow/example_dags/example_python_operator.py for tasks to queue
[2022-05-22 20:49:36,381] {logging_mixin.py:104} INFO - [2022-05-22 20:49:36,380] {dagbag.py:496} INFO - Filling up the DagBag from /home/airflow/.local/lib/python3.8/site-packages/airflow/example_dags/example_python_operator.py
[2022-05-22 20:49:36,418] {scheduler_job.py:643} INFO - DAG(s) dict_keys(['example_python_operator']) retrieved from /home/airflow/.local/lib/python3.8/site-packages/airflow/example_dags/example_python_operator.py
[2022-05-22 20:49:36,518] {logging_mixin.py:104} INFO - [2022-05-22 20:49:36,518] {dag.py:1833} INFO - Sync 1 DAGs
[2022-05-22 20:49:36,585] {logging_mixin.py:104} INFO - [2022-05-22 20:49:36,585] {dag.py:2306} INFO - Setting next_dagrun for example_python_operator to None
[2022-05-22 20:49:37,111] {scheduler_job.py:190} INFO - Processing /home/airflow/.local/lib/python3.8/site-packages/airflow/example_dags/example_python_operator.py took 0.744 seconds
[2022-05-22 20:50:17,650] {scheduler_job.py:182} INFO - Started process (PID=201) to work on /home/airflow/.local/lib/python3.8/site-packages/airflow/example_dags/example_python_operator.py
[2022-05-22 20:50:17,659] {scheduler_job.py:633} INFO - Processing file /home/airflow/.local/lib/python3.8/site-packages/airflow/example_dags/example_python_operator.py for tasks to queue
[2022-05-22 20:50:17,660] {logging_mixin.py:104} INFO - [2022-05-22 20:50:17,660] {dagbag.py:496} INFO - Filling up the DagBag from /home/airflow/.local/lib/python3.8/site-packages/airflow/example_dags/example_python_operator.py
[2022-05-22 20:50:17,678] {scheduler_job.py:643} INFO - DAG(s) dict_keys(['example_python_operator']) retrieved from /home/airflow/.local/lib/python3.8/site-packages/airflow/example_dags/example_python_operator.py
[2022-05-22 20:50:17,726] {logging_mixin.py:104} INFO - [2022-05-22 20:50:17,725] {dag.py:1833} INFO - Sync 1 DAGs
[2022-05-22 20:50:17,757] {logging_mixin.py:104} INFO - [2022-05-22 20:50:17,757] {dag.py:2306} INFO - Setting next_dagrun for example_python_operator to None
[2022-05-22 20:50:17,841] {scheduler_job.py:190} INFO - Processing /home/airflow/.local/lib/python3.8/site-packages/airflow/example_dags/example_python_operator.py took 0.195 seconds
[2022-05-22 20:51:08,668] {scheduler_job.py:182} INFO - Started process (PID=234) to work on /home/airflow/.local/lib/python3.8/site-packages/airflow/example_dags/example_python_operator.py
[2022-05-22 20:51:08,672] {scheduler_job.py:633} INFO - Processing file /home/airflow/.local/lib/python3.8/site-packages/airflow/example_dags/example_python_operator.py for tasks to queue
[2022-05-22 20:51:08,675] {logging_mixin.py:104} INFO - [2022-05-22 20:51:08,674] {dagbag.py:496} INFO - Filling up the DagBag from /home/airflow/.local/lib/python3.8/site-packages/airflow/example_dags/example_python_operator.py
[2022-05-22 20:51:08,710] {scheduler_job.py:643} INFO - DAG(s) dict_keys(['example_python_operator']) retrieved from /home/airflow/.local/lib/python3.8/site-packages/airflow/example_dags/example_python_operator.py
[2022-05-22 20:51:08,751] {logging_mixin.py:104} INFO - [2022-05-22 20:51:08,751] {dag.py:1833} INFO - Sync 1 DAGs
[2022-05-22 20:51:08,794] {logging_mixin.py:104} INFO - [2022-05-22 20:51:08,794] {dag.py:2306} INFO - Setting next_dagrun for example_python_operator to None
[2022-05-22 20:51:08,893] {scheduler_job.py:190} INFO - Processing /home/airflow/.local/lib/python3.8/site-packages/airflow/example_dags/example_python_operator.py took 0.229 seconds
[2022-05-22 20:51:54,712] {scheduler_job.py:182} INFO - Started process (PID=266) to work on /home/airflow/.local/lib/python3.8/site-packages/airflow/example_dags/example_python_operator.py
[2022-05-22 20:51:54,716] {scheduler_job.py:633} INFO - Processing file /home/airflow/.local/lib/python3.8/site-packages/airflow/example_dags/example_python_operator.py for tasks to queue
[2022-05-22 20:51:54,720] {logging_mixin.py:104} INFO - [2022-05-22 20:51:54,720] {dagbag.py:496} INFO - Filling up the DagBag from /home/airflow/.local/lib/python3.8/site-packages/airflow/example_dags/example_python_operator.py
[2022-05-22 20:51:54,745] {scheduler_job.py:643} INFO - DAG(s) dict_keys(['example_python_operator']) retrieved from /home/airflow/.local/lib/python3.8/site-packages/airflow/example_dags/example_python_operator.py
[2022-05-22 20:51:54,794] {logging_mixin.py:104} INFO - [2022-05-22 20:51:54,794] {dag.py:1833} INFO - Sync 1 DAGs
[2022-05-22 20:51:54,822] {logging_mixin.py:104} INFO - [2022-05-22 20:51:54,822] {dag.py:2306} INFO - Setting next_dagrun for example_python_operator to None
[2022-05-22 20:51:54,898] {scheduler_job.py:190} INFO - Processing /home/airflow/.local/lib/python3.8/site-packages/airflow/example_dags/example_python_operator.py took 0.192 seconds
[2022-05-22 21:24:22,865] {scheduler_job.py:182} INFO - Started process (PID=31) to work on /home/airflow/.local/lib/python3.8/site-packages/airflow/example_dags/example_python_operator.py
[2022-05-22 21:24:22,869] {scheduler_job.py:633} INFO - Processing file /home/airflow/.local/lib/python3.8/site-packages/airflow/example_dags/example_python_operator.py for tasks to queue
[2022-05-22 21:24:22,871] {logging_mixin.py:104} INFO - [2022-05-22 21:24:22,871] {dagbag.py:496} INFO - Filling up the DagBag from /home/airflow/.local/lib/python3.8/site-packages/airflow/example_dags/example_python_operator.py
[2022-05-22 21:24:22,894] {scheduler_job.py:643} INFO - DAG(s) dict_keys(['example_python_operator']) retrieved from /home/airflow/.local/lib/python3.8/site-packages/airflow/example_dags/example_python_operator.py
[2022-05-22 21:24:22,926] {logging_mixin.py:104} INFO - [2022-05-22 21:24:22,926] {dag.py:1833} INFO - Sync 1 DAGs
[2022-05-22 21:24:22,960] {logging_mixin.py:104} INFO - [2022-05-22 21:24:22,960] {dag.py:2306} INFO - Setting next_dagrun for example_python_operator to None
[2022-05-22 21:24:23,021] {scheduler_job.py:190} INFO - Processing /home/airflow/.local/lib/python3.8/site-packages/airflow/example_dags/example_python_operator.py took 0.160 seconds
[2022-05-22 21:25:09,262] {scheduler_job.py:182} INFO - Started process (PID=64) to work on /home/airflow/.local/lib/python3.8/site-packages/airflow/example_dags/example_python_operator.py
[2022-05-22 21:25:09,266] {scheduler_job.py:633} INFO - Processing file /home/airflow/.local/lib/python3.8/site-packages/airflow/example_dags/example_python_operator.py for tasks to queue
[2022-05-22 21:25:09,268] {logging_mixin.py:104} INFO - [2022-05-22 21:25:09,268] {dagbag.py:496} INFO - Filling up the DagBag from /home/airflow/.local/lib/python3.8/site-packages/airflow/example_dags/example_python_operator.py
[2022-05-22 21:25:09,284] {scheduler_job.py:643} INFO - DAG(s) dict_keys(['example_python_operator']) retrieved from /home/airflow/.local/lib/python3.8/site-packages/airflow/example_dags/example_python_operator.py
[2022-05-22 21:25:09,327] {logging_mixin.py:104} INFO - [2022-05-22 21:25:09,327] {dag.py:1833} INFO - Sync 1 DAGs
[2022-05-22 21:25:09,366] {logging_mixin.py:104} INFO - [2022-05-22 21:25:09,366] {dag.py:2306} INFO - Setting next_dagrun for example_python_operator to None
[2022-05-22 21:25:09,434] {scheduler_job.py:190} INFO - Processing /home/airflow/.local/lib/python3.8/site-packages/airflow/example_dags/example_python_operator.py took 0.181 seconds
[2022-05-22 21:27:42,146] {scheduler_job.py:182} INFO - Started process (PID=32) to work on /home/airflow/.local/lib/python3.8/site-packages/airflow/example_dags/example_python_operator.py
[2022-05-22 21:27:42,150] {scheduler_job.py:633} INFO - Processing file /home/airflow/.local/lib/python3.8/site-packages/airflow/example_dags/example_python_operator.py for tasks to queue
[2022-05-22 21:27:42,152] {logging_mixin.py:104} INFO - [2022-05-22 21:27:42,152] {dagbag.py:496} INFO - Filling up the DagBag from /home/airflow/.local/lib/python3.8/site-packages/airflow/example_dags/example_python_operator.py
[2022-05-22 21:27:42,170] {scheduler_job.py:643} INFO - DAG(s) dict_keys(['example_python_operator']) retrieved from /home/airflow/.local/lib/python3.8/site-packages/airflow/example_dags/example_python_operator.py
[2022-05-22 21:27:42,204] {logging_mixin.py:104} INFO - [2022-05-22 21:27:42,204] {dag.py:1833} INFO - Sync 1 DAGs
[2022-05-22 21:27:42,233] {logging_mixin.py:104} INFO - [2022-05-22 21:27:42,232] {dag.py:2306} INFO - Setting next_dagrun for example_python_operator to None
[2022-05-22 21:27:42,297] {scheduler_job.py:190} INFO - Processing /home/airflow/.local/lib/python3.8/site-packages/airflow/example_dags/example_python_operator.py took 0.157 seconds
[2022-05-22 21:28:24,224] {scheduler_job.py:182} INFO - Started process (PID=65) to work on /home/airflow/.local/lib/python3.8/site-packages/airflow/example_dags/example_python_operator.py
[2022-05-22 21:28:24,229] {scheduler_job.py:633} INFO - Processing file /home/airflow/.local/lib/python3.8/site-packages/airflow/example_dags/example_python_operator.py for tasks to queue
[2022-05-22 21:28:24,231] {logging_mixin.py:104} INFO - [2022-05-22 21:28:24,231] {dagbag.py:496} INFO - Filling up the DagBag from /home/airflow/.local/lib/python3.8/site-packages/airflow/example_dags/example_python_operator.py
[2022-05-22 21:28:24,249] {scheduler_job.py:643} INFO - DAG(s) dict_keys(['example_python_operator']) retrieved from /home/airflow/.local/lib/python3.8/site-packages/airflow/example_dags/example_python_operator.py
[2022-05-22 21:28:24,283] {logging_mixin.py:104} INFO - [2022-05-22 21:28:24,283] {dag.py:1833} INFO - Sync 1 DAGs
[2022-05-22 21:28:24,315] {logging_mixin.py:104} INFO - [2022-05-22 21:28:24,315] {dag.py:2306} INFO - Setting next_dagrun for example_python_operator to None
[2022-05-22 21:28:24,377] {scheduler_job.py:190} INFO - Processing /home/airflow/.local/lib/python3.8/site-packages/airflow/example_dags/example_python_operator.py took 0.158 seconds
[2022-05-22 21:29:16,589] {scheduler_job.py:182} INFO - Started process (PID=102) to work on /home/airflow/.local/lib/python3.8/site-packages/airflow/example_dags/example_python_operator.py
[2022-05-22 21:29:16,592] {scheduler_job.py:633} INFO - Processing file /home/airflow/.local/lib/python3.8/site-packages/airflow/example_dags/example_python_operator.py for tasks to queue
[2022-05-22 21:29:16,594] {logging_mixin.py:104} INFO - [2022-05-22 21:29:16,593] {dagbag.py:496} INFO - Filling up the DagBag from /home/airflow/.local/lib/python3.8/site-packages/airflow/example_dags/example_python_operator.py
[2022-05-22 21:29:16,608] {scheduler_job.py:643} INFO - DAG(s) dict_keys(['example_python_operator']) retrieved from /home/airflow/.local/lib/python3.8/site-packages/airflow/example_dags/example_python_operator.py
[2022-05-22 21:29:16,632] {logging_mixin.py:104} INFO - [2022-05-22 21:29:16,632] {dag.py:1833} INFO - Sync 1 DAGs
[2022-05-22 21:29:16,654] {logging_mixin.py:104} INFO - [2022-05-22 21:29:16,654] {dag.py:2306} INFO - Setting next_dagrun for example_python_operator to None
[2022-05-22 21:29:16,705] {scheduler_job.py:190} INFO - Processing /home/airflow/.local/lib/python3.8/site-packages/airflow/example_dags/example_python_operator.py took 0.119 seconds
[2022-05-22 21:29:53,048] {scheduler_job.py:182} INFO - Started process (PID=131) to work on /home/airflow/.local/lib/python3.8/site-packages/airflow/example_dags/example_python_operator.py
[2022-05-22 21:29:53,052] {scheduler_job.py:633} INFO - Processing file /home/airflow/.local/lib/python3.8/site-packages/airflow/example_dags/example_python_operator.py for tasks to queue
[2022-05-22 21:29:53,054] {logging_mixin.py:104} INFO - [2022-05-22 21:29:53,053] {dagbag.py:496} INFO - Filling up the DagBag from /home/airflow/.local/lib/python3.8/site-packages/airflow/example_dags/example_python_operator.py
[2022-05-22 21:29:53,070] {scheduler_job.py:643} INFO - DAG(s) dict_keys(['example_python_operator']) retrieved from /home/airflow/.local/lib/python3.8/site-packages/airflow/example_dags/example_python_operator.py
[2022-05-22 21:29:53,101] {logging_mixin.py:104} INFO - [2022-05-22 21:29:53,101] {dag.py:1833} INFO - Sync 1 DAGs
[2022-05-22 21:29:53,121] {logging_mixin.py:104} INFO - [2022-05-22 21:29:53,121] {dag.py:2306} INFO - Setting next_dagrun for example_python_operator to None
[2022-05-22 21:29:53,170] {scheduler_job.py:190} INFO - Processing /home/airflow/.local/lib/python3.8/site-packages/airflow/example_dags/example_python_operator.py took 0.128 seconds
[2022-05-22 21:30:35,108] {scheduler_job.py:182} INFO - Started process (PID=163) to work on /home/airflow/.local/lib/python3.8/site-packages/airflow/example_dags/example_python_operator.py
[2022-05-22 21:30:35,112] {scheduler_job.py:633} INFO - Processing file /home/airflow/.local/lib/python3.8/site-packages/airflow/example_dags/example_python_operator.py for tasks to queue
[2022-05-22 21:30:35,113] {logging_mixin.py:104} INFO - [2022-05-22 21:30:35,113] {dagbag.py:496} INFO - Filling up the DagBag from /home/airflow/.local/lib/python3.8/site-packages/airflow/example_dags/example_python_operator.py
[2022-05-22 21:30:35,127] {scheduler_job.py:643} INFO - DAG(s) dict_keys(['example_python_operator']) retrieved from /home/airflow/.local/lib/python3.8/site-packages/airflow/example_dags/example_python_operator.py
[2022-05-22 21:30:35,149] {logging_mixin.py:104} INFO - [2022-05-22 21:30:35,149] {dag.py:1833} INFO - Sync 1 DAGs
[2022-05-22 21:30:35,170] {logging_mixin.py:104} INFO - [2022-05-22 21:30:35,170] {dag.py:2306} INFO - Setting next_dagrun for example_python_operator to None
[2022-05-22 21:30:35,216] {scheduler_job.py:190} INFO - Processing /home/airflow/.local/lib/python3.8/site-packages/airflow/example_dags/example_python_operator.py took 0.111 seconds
[2022-05-22 21:31:15,276] {scheduler_job.py:182} INFO - Started process (PID=194) to work on /home/airflow/.local/lib/python3.8/site-packages/airflow/example_dags/example_python_operator.py
[2022-05-22 21:31:15,280] {scheduler_job.py:633} INFO - Processing file /home/airflow/.local/lib/python3.8/site-packages/airflow/example_dags/example_python_operator.py for tasks to queue
[2022-05-22 21:31:15,282] {logging_mixin.py:104} INFO - [2022-05-22 21:31:15,282] {dagbag.py:496} INFO - Filling up the DagBag from /home/airflow/.local/lib/python3.8/site-packages/airflow/example_dags/example_python_operator.py
[2022-05-22 21:31:15,296] {scheduler_job.py:643} INFO - DAG(s) dict_keys(['example_python_operator']) retrieved from /home/airflow/.local/lib/python3.8/site-packages/airflow/example_dags/example_python_operator.py
[2022-05-22 21:31:15,321] {logging_mixin.py:104} INFO - [2022-05-22 21:31:15,321] {dag.py:1833} INFO - Sync 1 DAGs
[2022-05-22 21:31:15,338] {logging_mixin.py:104} INFO - [2022-05-22 21:31:15,338] {dag.py:2306} INFO - Setting next_dagrun for example_python_operator to None
[2022-05-22 21:31:15,382] {scheduler_job.py:190} INFO - Processing /home/airflow/.local/lib/python3.8/site-packages/airflow/example_dags/example_python_operator.py took 0.109 seconds
[2022-05-22 21:31:50,135] {scheduler_job.py:182} INFO - Started process (PID=223) to work on /home/airflow/.local/lib/python3.8/site-packages/airflow/example_dags/example_python_operator.py
[2022-05-22 21:31:50,137] {scheduler_job.py:633} INFO - Processing file /home/airflow/.local/lib/python3.8/site-packages/airflow/example_dags/example_python_operator.py for tasks to queue
[2022-05-22 21:31:50,138] {logging_mixin.py:104} INFO - [2022-05-22 21:31:50,138] {dagbag.py:496} INFO - Filling up the DagBag from /home/airflow/.local/lib/python3.8/site-packages/airflow/example_dags/example_python_operator.py
[2022-05-22 21:31:50,151] {scheduler_job.py:643} INFO - DAG(s) dict_keys(['example_python_operator']) retrieved from /home/airflow/.local/lib/python3.8/site-packages/airflow/example_dags/example_python_operator.py
[2022-05-22 21:31:50,176] {logging_mixin.py:104} INFO - [2022-05-22 21:31:50,176] {dag.py:1833} INFO - Sync 1 DAGs
[2022-05-22 21:31:50,197] {logging_mixin.py:104} INFO - [2022-05-22 21:31:50,197] {dag.py:2306} INFO - Setting next_dagrun for example_python_operator to None
[2022-05-22 21:31:50,249] {scheduler_job.py:190} INFO - Processing /home/airflow/.local/lib/python3.8/site-packages/airflow/example_dags/example_python_operator.py took 0.117 seconds
[2022-05-22 21:32:28,793] {scheduler_job.py:182} INFO - Started process (PID=253) to work on /home/airflow/.local/lib/python3.8/site-packages/airflow/example_dags/example_python_operator.py
[2022-05-22 21:32:28,797] {scheduler_job.py:633} INFO - Processing file /home/airflow/.local/lib/python3.8/site-packages/airflow/example_dags/example_python_operator.py for tasks to queue
[2022-05-22 21:32:28,798] {logging_mixin.py:104} INFO - [2022-05-22 21:32:28,798] {dagbag.py:496} INFO - Filling up the DagBag from /home/airflow/.local/lib/python3.8/site-packages/airflow/example_dags/example_python_operator.py
[2022-05-22 21:32:28,812] {scheduler_job.py:643} INFO - DAG(s) dict_keys(['example_python_operator']) retrieved from /home/airflow/.local/lib/python3.8/site-packages/airflow/example_dags/example_python_operator.py
[2022-05-22 21:32:28,838] {logging_mixin.py:104} INFO - [2022-05-22 21:32:28,837] {dag.py:1833} INFO - Sync 1 DAGs
[2022-05-22 21:32:28,856] {logging_mixin.py:104} INFO - [2022-05-22 21:32:28,856] {dag.py:2306} INFO - Setting next_dagrun for example_python_operator to None
[2022-05-22 21:32:28,906] {scheduler_job.py:190} INFO - Processing /home/airflow/.local/lib/python3.8/site-packages/airflow/example_dags/example_python_operator.py took 0.116 seconds
[2022-05-22 21:35:54,902] {scheduler_job.py:182} INFO - Started process (PID=30) to work on /home/airflow/.local/lib/python3.8/site-packages/airflow/example_dags/example_python_operator.py
[2022-05-22 21:35:54,905] {scheduler_job.py:633} INFO - Processing file /home/airflow/.local/lib/python3.8/site-packages/airflow/example_dags/example_python_operator.py for tasks to queue
[2022-05-22 21:35:54,907] {logging_mixin.py:104} INFO - [2022-05-22 21:35:54,907] {dagbag.py:496} INFO - Filling up the DagBag from /home/airflow/.local/lib/python3.8/site-packages/airflow/example_dags/example_python_operator.py
[2022-05-22 21:35:54,921] {scheduler_job.py:643} INFO - DAG(s) dict_keys(['example_python_operator']) retrieved from /home/airflow/.local/lib/python3.8/site-packages/airflow/example_dags/example_python_operator.py
[2022-05-22 21:35:54,947] {logging_mixin.py:104} INFO - [2022-05-22 21:35:54,947] {dag.py:1833} INFO - Sync 1 DAGs
[2022-05-22 21:35:54,967] {logging_mixin.py:104} INFO - [2022-05-22 21:35:54,967] {dag.py:2306} INFO - Setting next_dagrun for example_python_operator to None
[2022-05-22 21:35:55,012] {scheduler_job.py:190} INFO - Processing /home/airflow/.local/lib/python3.8/site-packages/airflow/example_dags/example_python_operator.py took 0.113 seconds
[2022-05-22 21:36:34,983] {scheduler_job.py:182} INFO - Started process (PID=63) to work on /home/airflow/.local/lib/python3.8/site-packages/airflow/example_dags/example_python_operator.py
[2022-05-22 21:36:34,987] {scheduler_job.py:633} INFO - Processing file /home/airflow/.local/lib/python3.8/site-packages/airflow/example_dags/example_python_operator.py for tasks to queue
[2022-05-22 21:36:34,989] {logging_mixin.py:104} INFO - [2022-05-22 21:36:34,988] {dagbag.py:496} INFO - Filling up the DagBag from /home/airflow/.local/lib/python3.8/site-packages/airflow/example_dags/example_python_operator.py
[2022-05-22 21:36:35,002] {scheduler_job.py:643} INFO - DAG(s) dict_keys(['example_python_operator']) retrieved from /home/airflow/.local/lib/python3.8/site-packages/airflow/example_dags/example_python_operator.py
[2022-05-22 21:36:35,033] {logging_mixin.py:104} INFO - [2022-05-22 21:36:35,032] {dag.py:1833} INFO - Sync 1 DAGs
[2022-05-22 21:36:35,055] {logging_mixin.py:104} INFO - [2022-05-22 21:36:35,055] {dag.py:2306} INFO - Setting next_dagrun for example_python_operator to None
[2022-05-22 21:36:35,101] {scheduler_job.py:190} INFO - Processing /home/airflow/.local/lib/python3.8/site-packages/airflow/example_dags/example_python_operator.py took 0.121 seconds
[2022-05-22 21:37:19,046] {scheduler_job.py:182} INFO - Started process (PID=96) to work on /home/airflow/.local/lib/python3.8/site-packages/airflow/example_dags/example_python_operator.py
[2022-05-22 21:37:19,049] {scheduler_job.py:633} INFO - Processing file /home/airflow/.local/lib/python3.8/site-packages/airflow/example_dags/example_python_operator.py for tasks to queue
[2022-05-22 21:37:19,051] {logging_mixin.py:104} INFO - [2022-05-22 21:37:19,051] {dagbag.py:496} INFO - Filling up the DagBag from /home/airflow/.local/lib/python3.8/site-packages/airflow/example_dags/example_python_operator.py
[2022-05-22 21:37:19,077] {scheduler_job.py:643} INFO - DAG(s) dict_keys(['example_python_operator']) retrieved from /home/airflow/.local/lib/python3.8/site-packages/airflow/example_dags/example_python_operator.py
[2022-05-22 21:37:19,114] {logging_mixin.py:104} INFO - [2022-05-22 21:37:19,114] {dag.py:1833} INFO - Sync 1 DAGs
[2022-05-22 21:37:19,144] {logging_mixin.py:104} INFO - [2022-05-22 21:37:19,144] {dag.py:2306} INFO - Setting next_dagrun for example_python_operator to None
[2022-05-22 21:37:19,211] {scheduler_job.py:190} INFO - Processing /home/airflow/.local/lib/python3.8/site-packages/airflow/example_dags/example_python_operator.py took 0.172 seconds
[2022-05-22 21:38:33,413] {scheduler_job.py:182} INFO - Started process (PID=154) to work on /home/airflow/.local/lib/python3.8/site-packages/airflow/example_dags/example_python_operator.py
[2022-05-22 21:38:33,416] {scheduler_job.py:633} INFO - Processing file /home/airflow/.local/lib/python3.8/site-packages/airflow/example_dags/example_python_operator.py for tasks to queue
[2022-05-22 21:38:33,418] {logging_mixin.py:104} INFO - [2022-05-22 21:38:33,418] {dagbag.py:496} INFO - Filling up the DagBag from /home/airflow/.local/lib/python3.8/site-packages/airflow/example_dags/example_python_operator.py
[2022-05-22 21:38:33,434] {scheduler_job.py:643} INFO - DAG(s) dict_keys(['example_python_operator']) retrieved from /home/airflow/.local/lib/python3.8/site-packages/airflow/example_dags/example_python_operator.py
[2022-05-22 21:38:33,458] {logging_mixin.py:104} INFO - [2022-05-22 21:38:33,458] {dag.py:1833} INFO - Sync 1 DAGs
[2022-05-22 21:38:33,481] {logging_mixin.py:104} INFO - [2022-05-22 21:38:33,480] {dag.py:2306} INFO - Setting next_dagrun for example_python_operator to None
[2022-05-22 21:38:33,537] {scheduler_job.py:190} INFO - Processing /home/airflow/.local/lib/python3.8/site-packages/airflow/example_dags/example_python_operator.py took 0.126 seconds
[2022-05-22 21:39:14,573] {scheduler_job.py:182} INFO - Started process (PID=187) to work on /home/airflow/.local/lib/python3.8/site-packages/airflow/example_dags/example_python_operator.py
[2022-05-22 21:39:14,576] {scheduler_job.py:633} INFO - Processing file /home/airflow/.local/lib/python3.8/site-packages/airflow/example_dags/example_python_operator.py for tasks to queue
[2022-05-22 21:39:14,578] {logging_mixin.py:104} INFO - [2022-05-22 21:39:14,578] {dagbag.py:496} INFO - Filling up the DagBag from /home/airflow/.local/lib/python3.8/site-packages/airflow/example_dags/example_python_operator.py
[2022-05-22 21:39:14,592] {scheduler_job.py:643} INFO - DAG(s) dict_keys(['example_python_operator']) retrieved from /home/airflow/.local/lib/python3.8/site-packages/airflow/example_dags/example_python_operator.py
[2022-05-22 21:39:14,617] {logging_mixin.py:104} INFO - [2022-05-22 21:39:14,617] {dag.py:1833} INFO - Sync 1 DAGs
[2022-05-22 21:39:14,635] {logging_mixin.py:104} INFO - [2022-05-22 21:39:14,635] {dag.py:2306} INFO - Setting next_dagrun for example_python_operator to None
[2022-05-22 21:39:14,689] {scheduler_job.py:190} INFO - Processing /home/airflow/.local/lib/python3.8/site-packages/airflow/example_dags/example_python_operator.py took 0.120 seconds
[2022-05-22 21:39:50,881] {scheduler_job.py:182} INFO - Started process (PID=216) to work on /home/airflow/.local/lib/python3.8/site-packages/airflow/example_dags/example_python_operator.py
[2022-05-22 21:39:50,885] {scheduler_job.py:633} INFO - Processing file /home/airflow/.local/lib/python3.8/site-packages/airflow/example_dags/example_python_operator.py for tasks to queue
[2022-05-22 21:39:50,888] {logging_mixin.py:104} INFO - [2022-05-22 21:39:50,887] {dagbag.py:496} INFO - Filling up the DagBag from /home/airflow/.local/lib/python3.8/site-packages/airflow/example_dags/example_python_operator.py
[2022-05-22 21:39:50,904] {scheduler_job.py:643} INFO - DAG(s) dict_keys(['example_python_operator']) retrieved from /home/airflow/.local/lib/python3.8/site-packages/airflow/example_dags/example_python_operator.py
[2022-05-22 21:39:50,934] {logging_mixin.py:104} INFO - [2022-05-22 21:39:50,934] {dag.py:1833} INFO - Sync 1 DAGs
[2022-05-22 21:39:50,953] {logging_mixin.py:104} INFO - [2022-05-22 21:39:50,953] {dag.py:2306} INFO - Setting next_dagrun for example_python_operator to None
[2022-05-22 21:39:51,003] {scheduler_job.py:190} INFO - Processing /home/airflow/.local/lib/python3.8/site-packages/airflow/example_dags/example_python_operator.py took 0.128 seconds
[2022-05-22 21:40:32,338] {scheduler_job.py:182} INFO - Started process (PID=249) to work on /home/airflow/.local/lib/python3.8/site-packages/airflow/example_dags/example_python_operator.py
[2022-05-22 21:40:32,341] {scheduler_job.py:633} INFO - Processing file /home/airflow/.local/lib/python3.8/site-packages/airflow/example_dags/example_python_operator.py for tasks to queue
[2022-05-22 21:40:32,343] {logging_mixin.py:104} INFO - [2022-05-22 21:40:32,343] {dagbag.py:496} INFO - Filling up the DagBag from /home/airflow/.local/lib/python3.8/site-packages/airflow/example_dags/example_python_operator.py
[2022-05-22 21:40:32,357] {scheduler_job.py:643} INFO - DAG(s) dict_keys(['example_python_operator']) retrieved from /home/airflow/.local/lib/python3.8/site-packages/airflow/example_dags/example_python_operator.py
[2022-05-22 21:40:32,395] {logging_mixin.py:104} INFO - [2022-05-22 21:40:32,395] {dag.py:1833} INFO - Sync 1 DAGs
[2022-05-22 21:40:32,424] {logging_mixin.py:104} INFO - [2022-05-22 21:40:32,424] {dag.py:2306} INFO - Setting next_dagrun for example_python_operator to None
[2022-05-22 21:40:32,477] {scheduler_job.py:190} INFO - Processing /home/airflow/.local/lib/python3.8/site-packages/airflow/example_dags/example_python_operator.py took 0.143 seconds
[2022-05-22 21:45:56,254] {scheduler_job.py:182} INFO - Started process (PID=31) to work on /home/airflow/.local/lib/python3.8/site-packages/airflow/example_dags/example_python_operator.py
[2022-05-22 21:45:56,258] {scheduler_job.py:633} INFO - Processing file /home/airflow/.local/lib/python3.8/site-packages/airflow/example_dags/example_python_operator.py for tasks to queue
[2022-05-22 21:45:56,261] {logging_mixin.py:104} INFO - [2022-05-22 21:45:56,260] {dagbag.py:496} INFO - Filling up the DagBag from /home/airflow/.local/lib/python3.8/site-packages/airflow/example_dags/example_python_operator.py
[2022-05-22 21:45:56,278] {scheduler_job.py:643} INFO - DAG(s) dict_keys(['example_python_operator']) retrieved from /home/airflow/.local/lib/python3.8/site-packages/airflow/example_dags/example_python_operator.py
[2022-05-22 21:45:56,303] {logging_mixin.py:104} INFO - [2022-05-22 21:45:56,303] {dag.py:1833} INFO - Sync 1 DAGs
[2022-05-22 21:45:56,326] {logging_mixin.py:104} INFO - [2022-05-22 21:45:56,325] {dag.py:2306} INFO - Setting next_dagrun for example_python_operator to None
[2022-05-22 21:45:56,374] {scheduler_job.py:190} INFO - Processing /home/airflow/.local/lib/python3.8/site-packages/airflow/example_dags/example_python_operator.py took 0.125 seconds
[2022-05-22 21:46:36,724] {scheduler_job.py:182} INFO - Started process (PID=64) to work on /home/airflow/.local/lib/python3.8/site-packages/airflow/example_dags/example_python_operator.py
[2022-05-22 21:46:36,728] {scheduler_job.py:633} INFO - Processing file /home/airflow/.local/lib/python3.8/site-packages/airflow/example_dags/example_python_operator.py for tasks to queue
[2022-05-22 21:46:36,729] {logging_mixin.py:104} INFO - [2022-05-22 21:46:36,729] {dagbag.py:496} INFO - Filling up the DagBag from /home/airflow/.local/lib/python3.8/site-packages/airflow/example_dags/example_python_operator.py
[2022-05-22 21:46:36,744] {scheduler_job.py:643} INFO - DAG(s) dict_keys(['example_python_operator']) retrieved from /home/airflow/.local/lib/python3.8/site-packages/airflow/example_dags/example_python_operator.py
[2022-05-22 21:46:36,769] {logging_mixin.py:104} INFO - [2022-05-22 21:46:36,769] {dag.py:1833} INFO - Sync 1 DAGs
[2022-05-22 21:46:36,790] {logging_mixin.py:104} INFO - [2022-05-22 21:46:36,790] {dag.py:2306} INFO - Setting next_dagrun for example_python_operator to None
[2022-05-22 21:46:36,837] {scheduler_job.py:190} INFO - Processing /home/airflow/.local/lib/python3.8/site-packages/airflow/example_dags/example_python_operator.py took 0.116 seconds
[2022-05-22 21:47:21,251] {scheduler_job.py:182} INFO - Started process (PID=97) to work on /home/airflow/.local/lib/python3.8/site-packages/airflow/example_dags/example_python_operator.py
[2022-05-22 21:47:21,255] {scheduler_job.py:633} INFO - Processing file /home/airflow/.local/lib/python3.8/site-packages/airflow/example_dags/example_python_operator.py for tasks to queue
[2022-05-22 21:47:21,257] {logging_mixin.py:104} INFO - [2022-05-22 21:47:21,257] {dagbag.py:496} INFO - Filling up the DagBag from /home/airflow/.local/lib/python3.8/site-packages/airflow/example_dags/example_python_operator.py
[2022-05-22 21:47:21,277] {scheduler_job.py:643} INFO - DAG(s) dict_keys(['example_python_operator']) retrieved from /home/airflow/.local/lib/python3.8/site-packages/airflow/example_dags/example_python_operator.py
[2022-05-22 21:47:21,326] {logging_mixin.py:104} INFO - [2022-05-22 21:47:21,326] {dag.py:1833} INFO - Sync 1 DAGs
[2022-05-22 21:47:21,373] {logging_mixin.py:104} INFO - [2022-05-22 21:47:21,373] {dag.py:2306} INFO - Setting next_dagrun for example_python_operator to None
[2022-05-22 21:47:21,434] {scheduler_job.py:190} INFO - Processing /home/airflow/.local/lib/python3.8/site-packages/airflow/example_dags/example_python_operator.py took 0.189 seconds
[2022-05-22 21:48:01,419] {scheduler_job.py:182} INFO - Started process (PID=128) to work on /home/airflow/.local/lib/python3.8/site-packages/airflow/example_dags/example_python_operator.py
[2022-05-22 21:48:01,423] {scheduler_job.py:633} INFO - Processing file /home/airflow/.local/lib/python3.8/site-packages/airflow/example_dags/example_python_operator.py for tasks to queue
[2022-05-22 21:48:01,425] {logging_mixin.py:104} INFO - [2022-05-22 21:48:01,425] {dagbag.py:496} INFO - Filling up the DagBag from /home/airflow/.local/lib/python3.8/site-packages/airflow/example_dags/example_python_operator.py
[2022-05-22 21:48:01,442] {scheduler_job.py:643} INFO - DAG(s) dict_keys(['example_python_operator']) retrieved from /home/airflow/.local/lib/python3.8/site-packages/airflow/example_dags/example_python_operator.py
[2022-05-22 21:48:01,483] {logging_mixin.py:104} INFO - [2022-05-22 21:48:01,483] {dag.py:1833} INFO - Sync 1 DAGs
[2022-05-22 21:48:01,505] {logging_mixin.py:104} INFO - [2022-05-22 21:48:01,505] {dag.py:2306} INFO - Setting next_dagrun for example_python_operator to None
[2022-05-22 21:48:01,551] {scheduler_job.py:190} INFO - Processing /home/airflow/.local/lib/python3.8/site-packages/airflow/example_dags/example_python_operator.py took 0.136 seconds
[2022-05-22 21:48:39,436] {scheduler_job.py:182} INFO - Started process (PID=158) to work on /home/airflow/.local/lib/python3.8/site-packages/airflow/example_dags/example_python_operator.py
[2022-05-22 21:48:39,439] {scheduler_job.py:633} INFO - Processing file /home/airflow/.local/lib/python3.8/site-packages/airflow/example_dags/example_python_operator.py for tasks to queue
[2022-05-22 21:48:39,441] {logging_mixin.py:104} INFO - [2022-05-22 21:48:39,441] {dagbag.py:496} INFO - Filling up the DagBag from /home/airflow/.local/lib/python3.8/site-packages/airflow/example_dags/example_python_operator.py
[2022-05-22 21:48:39,455] {scheduler_job.py:643} INFO - DAG(s) dict_keys(['example_python_operator']) retrieved from /home/airflow/.local/lib/python3.8/site-packages/airflow/example_dags/example_python_operator.py
[2022-05-22 21:48:39,479] {logging_mixin.py:104} INFO - [2022-05-22 21:48:39,479] {dag.py:1833} INFO - Sync 1 DAGs
[2022-05-22 21:48:39,499] {logging_mixin.py:104} INFO - [2022-05-22 21:48:39,499] {dag.py:2306} INFO - Setting next_dagrun for example_python_operator to None
[2022-05-22 21:48:39,547] {scheduler_job.py:190} INFO - Processing /home/airflow/.local/lib/python3.8/site-packages/airflow/example_dags/example_python_operator.py took 0.114 seconds
[2022-05-22 21:49:17,441] {scheduler_job.py:182} INFO - Started process (PID=188) to work on /home/airflow/.local/lib/python3.8/site-packages/airflow/example_dags/example_python_operator.py
[2022-05-22 21:49:17,444] {scheduler_job.py:633} INFO - Processing file /home/airflow/.local/lib/python3.8/site-packages/airflow/example_dags/example_python_operator.py for tasks to queue
[2022-05-22 21:49:17,446] {logging_mixin.py:104} INFO - [2022-05-22 21:49:17,445] {dagbag.py:496} INFO - Filling up the DagBag from /home/airflow/.local/lib/python3.8/site-packages/airflow/example_dags/example_python_operator.py
[2022-05-22 21:49:17,460] {scheduler_job.py:643} INFO - DAG(s) dict_keys(['example_python_operator']) retrieved from /home/airflow/.local/lib/python3.8/site-packages/airflow/example_dags/example_python_operator.py
[2022-05-22 21:49:17,486] {logging_mixin.py:104} INFO - [2022-05-22 21:49:17,486] {dag.py:1833} INFO - Sync 1 DAGs
[2022-05-22 21:49:17,505] {logging_mixin.py:104} INFO - [2022-05-22 21:49:17,504] {dag.py:2306} INFO - Setting next_dagrun for example_python_operator to None
[2022-05-22 21:49:17,549] {scheduler_job.py:190} INFO - Processing /home/airflow/.local/lib/python3.8/site-packages/airflow/example_dags/example_python_operator.py took 0.113 seconds
[2022-05-22 21:49:54,193] {scheduler_job.py:182} INFO - Started process (PID=217) to work on /home/airflow/.local/lib/python3.8/site-packages/airflow/example_dags/example_python_operator.py
[2022-05-22 21:49:54,198] {scheduler_job.py:633} INFO - Processing file /home/airflow/.local/lib/python3.8/site-packages/airflow/example_dags/example_python_operator.py for tasks to queue
[2022-05-22 21:49:54,199] {logging_mixin.py:104} INFO - [2022-05-22 21:49:54,199] {dagbag.py:496} INFO - Filling up the DagBag from /home/airflow/.local/lib/python3.8/site-packages/airflow/example_dags/example_python_operator.py
[2022-05-22 21:49:54,216] {scheduler_job.py:643} INFO - DAG(s) dict_keys(['example_python_operator']) retrieved from /home/airflow/.local/lib/python3.8/site-packages/airflow/example_dags/example_python_operator.py
[2022-05-22 21:49:54,249] {logging_mixin.py:104} INFO - [2022-05-22 21:49:54,248] {dag.py:1833} INFO - Sync 1 DAGs
[2022-05-22 21:49:54,271] {logging_mixin.py:104} INFO - [2022-05-22 21:49:54,270] {dag.py:2306} INFO - Setting next_dagrun for example_python_operator to None
[2022-05-22 21:49:54,317] {scheduler_job.py:190} INFO - Processing /home/airflow/.local/lib/python3.8/site-packages/airflow/example_dags/example_python_operator.py took 0.133 seconds
[2022-05-22 21:59:06,799] {scheduler_job.py:182} INFO - Started process (PID=33) to work on /home/airflow/.local/lib/python3.8/site-packages/airflow/example_dags/example_python_operator.py
[2022-05-22 21:59:06,803] {scheduler_job.py:633} INFO - Processing file /home/airflow/.local/lib/python3.8/site-packages/airflow/example_dags/example_python_operator.py for tasks to queue
[2022-05-22 21:59:06,804] {logging_mixin.py:104} INFO - [2022-05-22 21:59:06,804] {dagbag.py:496} INFO - Filling up the DagBag from /home/airflow/.local/lib/python3.8/site-packages/airflow/example_dags/example_python_operator.py
[2022-05-22 21:59:06,823] {scheduler_job.py:643} INFO - DAG(s) dict_keys(['example_python_operator']) retrieved from /home/airflow/.local/lib/python3.8/site-packages/airflow/example_dags/example_python_operator.py
[2022-05-22 21:59:06,851] {logging_mixin.py:104} INFO - [2022-05-22 21:59:06,851] {dag.py:1833} INFO - Sync 1 DAGs
[2022-05-22 21:59:06,883] {logging_mixin.py:104} INFO - [2022-05-22 21:59:06,883] {dag.py:2306} INFO - Setting next_dagrun for example_python_operator to None
[2022-05-22 21:59:06,971] {scheduler_job.py:190} INFO - Processing /home/airflow/.local/lib/python3.8/site-packages/airflow/example_dags/example_python_operator.py took 0.175 seconds
[2022-05-22 22:02:17,120] {scheduler_job.py:182} INFO - Started process (PID=32) to work on /home/airflow/.local/lib/python3.8/site-packages/airflow/example_dags/example_python_operator.py
[2022-05-22 22:02:17,124] {scheduler_job.py:633} INFO - Processing file /home/airflow/.local/lib/python3.8/site-packages/airflow/example_dags/example_python_operator.py for tasks to queue
[2022-05-22 22:02:17,126] {logging_mixin.py:104} INFO - [2022-05-22 22:02:17,125] {dagbag.py:496} INFO - Filling up the DagBag from /home/airflow/.local/lib/python3.8/site-packages/airflow/example_dags/example_python_operator.py
[2022-05-22 22:02:17,140] {scheduler_job.py:643} INFO - DAG(s) dict_keys(['example_python_operator']) retrieved from /home/airflow/.local/lib/python3.8/site-packages/airflow/example_dags/example_python_operator.py
[2022-05-22 22:02:17,181] {logging_mixin.py:104} INFO - [2022-05-22 22:02:17,180] {dag.py:1833} INFO - Sync 1 DAGs
[2022-05-22 22:02:17,210] {logging_mixin.py:104} INFO - [2022-05-22 22:02:17,209] {dag.py:2306} INFO - Setting next_dagrun for example_python_operator to None
[2022-05-22 22:02:17,266] {scheduler_job.py:190} INFO - Processing /home/airflow/.local/lib/python3.8/site-packages/airflow/example_dags/example_python_operator.py took 0.149 seconds
[2022-05-22 22:03:06,157] {scheduler_job.py:182} INFO - Started process (PID=69) to work on /home/airflow/.local/lib/python3.8/site-packages/airflow/example_dags/example_python_operator.py
[2022-05-22 22:03:06,167] {scheduler_job.py:633} INFO - Processing file /home/airflow/.local/lib/python3.8/site-packages/airflow/example_dags/example_python_operator.py for tasks to queue
[2022-05-22 22:03:06,170] {logging_mixin.py:104} INFO - [2022-05-22 22:03:06,170] {dagbag.py:496} INFO - Filling up the DagBag from /home/airflow/.local/lib/python3.8/site-packages/airflow/example_dags/example_python_operator.py
[2022-05-22 22:03:06,192] {scheduler_job.py:643} INFO - DAG(s) dict_keys(['example_python_operator']) retrieved from /home/airflow/.local/lib/python3.8/site-packages/airflow/example_dags/example_python_operator.py
[2022-05-22 22:03:06,228] {logging_mixin.py:104} INFO - [2022-05-22 22:03:06,228] {dag.py:1833} INFO - Sync 1 DAGs
[2022-05-22 22:03:06,252] {logging_mixin.py:104} INFO - [2022-05-22 22:03:06,252] {dag.py:2306} INFO - Setting next_dagrun for example_python_operator to None
[2022-05-22 22:03:06,306] {scheduler_job.py:190} INFO - Processing /home/airflow/.local/lib/python3.8/site-packages/airflow/example_dags/example_python_operator.py took 0.154 seconds
[2022-05-22 22:03:50,171] {scheduler_job.py:182} INFO - Started process (PID=102) to work on /home/airflow/.local/lib/python3.8/site-packages/airflow/example_dags/example_python_operator.py
[2022-05-22 22:03:50,182] {scheduler_job.py:633} INFO - Processing file /home/airflow/.local/lib/python3.8/site-packages/airflow/example_dags/example_python_operator.py for tasks to queue
[2022-05-22 22:03:50,185] {logging_mixin.py:104} INFO - [2022-05-22 22:03:50,184] {dagbag.py:496} INFO - Filling up the DagBag from /home/airflow/.local/lib/python3.8/site-packages/airflow/example_dags/example_python_operator.py
[2022-05-22 22:03:50,223] {scheduler_job.py:643} INFO - DAG(s) dict_keys(['example_python_operator']) retrieved from /home/airflow/.local/lib/python3.8/site-packages/airflow/example_dags/example_python_operator.py
[2022-05-22 22:03:50,282] {logging_mixin.py:104} INFO - [2022-05-22 22:03:50,282] {dag.py:1833} INFO - Sync 1 DAGs
[2022-05-22 22:03:50,326] {logging_mixin.py:104} INFO - [2022-05-22 22:03:50,325] {dag.py:2306} INFO - Setting next_dagrun for example_python_operator to None
[2022-05-22 22:03:50,397] {scheduler_job.py:190} INFO - Processing /home/airflow/.local/lib/python3.8/site-packages/airflow/example_dags/example_python_operator.py took 0.233 seconds
[2022-05-22 22:04:55,303] {scheduler_job.py:182} INFO - Started process (PID=155) to work on /home/airflow/.local/lib/python3.8/site-packages/airflow/example_dags/example_python_operator.py
[2022-05-22 22:04:55,307] {scheduler_job.py:633} INFO - Processing file /home/airflow/.local/lib/python3.8/site-packages/airflow/example_dags/example_python_operator.py for tasks to queue
[2022-05-22 22:04:55,308] {logging_mixin.py:104} INFO - [2022-05-22 22:04:55,308] {dagbag.py:496} INFO - Filling up the DagBag from /home/airflow/.local/lib/python3.8/site-packages/airflow/example_dags/example_python_operator.py
[2022-05-22 22:04:55,323] {scheduler_job.py:643} INFO - DAG(s) dict_keys(['example_python_operator']) retrieved from /home/airflow/.local/lib/python3.8/site-packages/airflow/example_dags/example_python_operator.py
[2022-05-22 22:04:55,348] {logging_mixin.py:104} INFO - [2022-05-22 22:04:55,348] {dag.py:1833} INFO - Sync 1 DAGs
[2022-05-22 22:04:55,368] {logging_mixin.py:104} INFO - [2022-05-22 22:04:55,367] {dag.py:2306} INFO - Setting next_dagrun for example_python_operator to None
[2022-05-22 22:04:55,414] {scheduler_job.py:190} INFO - Processing /home/airflow/.local/lib/python3.8/site-packages/airflow/example_dags/example_python_operator.py took 0.114 seconds
[2022-05-22 22:05:39,161] {scheduler_job.py:182} INFO - Started process (PID=188) to work on /home/airflow/.local/lib/python3.8/site-packages/airflow/example_dags/example_python_operator.py
[2022-05-22 22:05:39,163] {scheduler_job.py:633} INFO - Processing file /home/airflow/.local/lib/python3.8/site-packages/airflow/example_dags/example_python_operator.py for tasks to queue
[2022-05-22 22:05:39,165] {logging_mixin.py:104} INFO - [2022-05-22 22:05:39,165] {dagbag.py:496} INFO - Filling up the DagBag from /home/airflow/.local/lib/python3.8/site-packages/airflow/example_dags/example_python_operator.py
[2022-05-22 22:05:39,180] {scheduler_job.py:643} INFO - DAG(s) dict_keys(['example_python_operator']) retrieved from /home/airflow/.local/lib/python3.8/site-packages/airflow/example_dags/example_python_operator.py
[2022-05-22 22:05:39,207] {logging_mixin.py:104} INFO - [2022-05-22 22:05:39,207] {dag.py:1833} INFO - Sync 1 DAGs
[2022-05-22 22:05:39,228] {logging_mixin.py:104} INFO - [2022-05-22 22:05:39,228] {dag.py:2306} INFO - Setting next_dagrun for example_python_operator to None
[2022-05-22 22:05:39,281] {scheduler_job.py:190} INFO - Processing /home/airflow/.local/lib/python3.8/site-packages/airflow/example_dags/example_python_operator.py took 0.123 seconds
[2022-05-22 22:06:16,714] {scheduler_job.py:182} INFO - Started process (PID=219) to work on /home/airflow/.local/lib/python3.8/site-packages/airflow/example_dags/example_python_operator.py
[2022-05-22 22:06:16,717] {scheduler_job.py:633} INFO - Processing file /home/airflow/.local/lib/python3.8/site-packages/airflow/example_dags/example_python_operator.py for tasks to queue
[2022-05-22 22:06:16,719] {logging_mixin.py:104} INFO - [2022-05-22 22:06:16,719] {dagbag.py:496} INFO - Filling up the DagBag from /home/airflow/.local/lib/python3.8/site-packages/airflow/example_dags/example_python_operator.py
[2022-05-22 22:06:16,733] {scheduler_job.py:643} INFO - DAG(s) dict_keys(['example_python_operator']) retrieved from /home/airflow/.local/lib/python3.8/site-packages/airflow/example_dags/example_python_operator.py
[2022-05-22 22:06:16,759] {logging_mixin.py:104} INFO - [2022-05-22 22:06:16,759] {dag.py:1833} INFO - Sync 1 DAGs
[2022-05-22 22:06:16,779] {logging_mixin.py:104} INFO - [2022-05-22 22:06:16,778] {dag.py:2306} INFO - Setting next_dagrun for example_python_operator to None
[2022-05-22 22:06:16,829] {scheduler_job.py:190} INFO - Processing /home/airflow/.local/lib/python3.8/site-packages/airflow/example_dags/example_python_operator.py took 0.118 seconds
[2022-05-22 22:06:57,373] {scheduler_job.py:182} INFO - Started process (PID=247) to work on /home/airflow/.local/lib/python3.8/site-packages/airflow/example_dags/example_python_operator.py
[2022-05-22 22:06:57,376] {scheduler_job.py:633} INFO - Processing file /home/airflow/.local/lib/python3.8/site-packages/airflow/example_dags/example_python_operator.py for tasks to queue
[2022-05-22 22:06:57,377] {logging_mixin.py:104} INFO - [2022-05-22 22:06:57,377] {dagbag.py:496} INFO - Filling up the DagBag from /home/airflow/.local/lib/python3.8/site-packages/airflow/example_dags/example_python_operator.py
[2022-05-22 22:06:57,393] {scheduler_job.py:643} INFO - DAG(s) dict_keys(['example_python_operator']) retrieved from /home/airflow/.local/lib/python3.8/site-packages/airflow/example_dags/example_python_operator.py
[2022-05-22 22:06:57,420] {logging_mixin.py:104} INFO - [2022-05-22 22:06:57,420] {dag.py:1833} INFO - Sync 1 DAGs
[2022-05-22 22:06:57,440] {logging_mixin.py:104} INFO - [2022-05-22 22:06:57,439] {dag.py:2306} INFO - Setting next_dagrun for example_python_operator to None
[2022-05-22 22:06:57,503] {scheduler_job.py:190} INFO - Processing /home/airflow/.local/lib/python3.8/site-packages/airflow/example_dags/example_python_operator.py took 0.134 seconds
[2022-05-22 22:07:48,040] {scheduler_job.py:182} INFO - Started process (PID=282) to work on /home/airflow/.local/lib/python3.8/site-packages/airflow/example_dags/example_python_operator.py
[2022-05-22 22:07:48,043] {scheduler_job.py:633} INFO - Processing file /home/airflow/.local/lib/python3.8/site-packages/airflow/example_dags/example_python_operator.py for tasks to queue
[2022-05-22 22:07:48,045] {logging_mixin.py:104} INFO - [2022-05-22 22:07:48,045] {dagbag.py:496} INFO - Filling up the DagBag from /home/airflow/.local/lib/python3.8/site-packages/airflow/example_dags/example_python_operator.py
[2022-05-22 22:07:48,064] {scheduler_job.py:643} INFO - DAG(s) dict_keys(['example_python_operator']) retrieved from /home/airflow/.local/lib/python3.8/site-packages/airflow/example_dags/example_python_operator.py
[2022-05-22 22:07:48,093] {logging_mixin.py:104} INFO - [2022-05-22 22:07:48,092] {dag.py:1833} INFO - Sync 1 DAGs
[2022-05-22 22:07:48,116] {logging_mixin.py:104} INFO - [2022-05-22 22:07:48,116] {dag.py:2306} INFO - Setting next_dagrun for example_python_operator to None
[2022-05-22 22:07:48,164] {scheduler_job.py:190} INFO - Processing /home/airflow/.local/lib/python3.8/site-packages/airflow/example_dags/example_python_operator.py took 0.129 seconds
[2022-05-22 22:08:23,139] {scheduler_job.py:182} INFO - Started process (PID=308) to work on /home/airflow/.local/lib/python3.8/site-packages/airflow/example_dags/example_python_operator.py
[2022-05-22 22:08:23,142] {scheduler_job.py:633} INFO - Processing file /home/airflow/.local/lib/python3.8/site-packages/airflow/example_dags/example_python_operator.py for tasks to queue
[2022-05-22 22:08:23,143] {logging_mixin.py:104} INFO - [2022-05-22 22:08:23,143] {dagbag.py:496} INFO - Filling up the DagBag from /home/airflow/.local/lib/python3.8/site-packages/airflow/example_dags/example_python_operator.py
[2022-05-22 22:08:23,160] {scheduler_job.py:643} INFO - DAG(s) dict_keys(['example_python_operator']) retrieved from /home/airflow/.local/lib/python3.8/site-packages/airflow/example_dags/example_python_operator.py
[2022-05-22 22:08:23,188] {logging_mixin.py:104} INFO - [2022-05-22 22:08:23,188] {dag.py:1833} INFO - Sync 1 DAGs
[2022-05-22 22:08:23,207] {logging_mixin.py:104} INFO - [2022-05-22 22:08:23,207] {dag.py:2306} INFO - Setting next_dagrun for example_python_operator to None
[2022-05-22 22:08:23,255] {scheduler_job.py:190} INFO - Processing /home/airflow/.local/lib/python3.8/site-packages/airflow/example_dags/example_python_operator.py took 0.119 seconds
[2022-05-22 22:09:05,175] {scheduler_job.py:182} INFO - Started process (PID=340) to work on /home/airflow/.local/lib/python3.8/site-packages/airflow/example_dags/example_python_operator.py
[2022-05-22 22:09:05,178] {scheduler_job.py:633} INFO - Processing file /home/airflow/.local/lib/python3.8/site-packages/airflow/example_dags/example_python_operator.py for tasks to queue
[2022-05-22 22:09:05,180] {logging_mixin.py:104} INFO - [2022-05-22 22:09:05,180] {dagbag.py:496} INFO - Filling up the DagBag from /home/airflow/.local/lib/python3.8/site-packages/airflow/example_dags/example_python_operator.py
[2022-05-22 22:09:05,196] {scheduler_job.py:643} INFO - DAG(s) dict_keys(['example_python_operator']) retrieved from /home/airflow/.local/lib/python3.8/site-packages/airflow/example_dags/example_python_operator.py
[2022-05-22 22:09:05,220] {logging_mixin.py:104} INFO - [2022-05-22 22:09:05,220] {dag.py:1833} INFO - Sync 1 DAGs
[2022-05-22 22:09:05,241] {logging_mixin.py:104} INFO - [2022-05-22 22:09:05,240] {dag.py:2306} INFO - Setting next_dagrun for example_python_operator to None
[2022-05-22 22:09:05,287] {scheduler_job.py:190} INFO - Processing /home/airflow/.local/lib/python3.8/site-packages/airflow/example_dags/example_python_operator.py took 0.115 seconds
[2022-05-22 22:09:47,450] {scheduler_job.py:182} INFO - Started process (PID=375) to work on /home/airflow/.local/lib/python3.8/site-packages/airflow/example_dags/example_python_operator.py
[2022-05-22 22:09:47,453] {scheduler_job.py:633} INFO - Processing file /home/airflow/.local/lib/python3.8/site-packages/airflow/example_dags/example_python_operator.py for tasks to queue
[2022-05-22 22:09:47,455] {logging_mixin.py:104} INFO - [2022-05-22 22:09:47,454] {dagbag.py:496} INFO - Filling up the DagBag from /home/airflow/.local/lib/python3.8/site-packages/airflow/example_dags/example_python_operator.py
[2022-05-22 22:09:47,485] {scheduler_job.py:643} INFO - DAG(s) dict_keys(['example_python_operator']) retrieved from /home/airflow/.local/lib/python3.8/site-packages/airflow/example_dags/example_python_operator.py
[2022-05-22 22:09:47,524] {logging_mixin.py:104} INFO - [2022-05-22 22:09:47,523] {dag.py:1833} INFO - Sync 1 DAGs
[2022-05-22 22:09:47,548] {logging_mixin.py:104} INFO - [2022-05-22 22:09:47,548] {dag.py:2306} INFO - Setting next_dagrun for example_python_operator to None
[2022-05-22 22:09:47,714] {scheduler_job.py:190} INFO - Processing /home/airflow/.local/lib/python3.8/site-packages/airflow/example_dags/example_python_operator.py took 0.267 seconds
[2022-05-22 22:12:50,805] {scheduler_job.py:182} INFO - Started process (PID=30) to work on /home/airflow/.local/lib/python3.8/site-packages/airflow/example_dags/example_python_operator.py
[2022-05-22 22:12:50,809] {scheduler_job.py:633} INFO - Processing file /home/airflow/.local/lib/python3.8/site-packages/airflow/example_dags/example_python_operator.py for tasks to queue
[2022-05-22 22:12:50,811] {logging_mixin.py:104} INFO - [2022-05-22 22:12:50,810] {dagbag.py:496} INFO - Filling up the DagBag from /home/airflow/.local/lib/python3.8/site-packages/airflow/example_dags/example_python_operator.py
[2022-05-22 22:12:50,827] {scheduler_job.py:643} INFO - DAG(s) dict_keys(['example_python_operator']) retrieved from /home/airflow/.local/lib/python3.8/site-packages/airflow/example_dags/example_python_operator.py
[2022-05-22 22:12:50,854] {logging_mixin.py:104} INFO - [2022-05-22 22:12:50,854] {dag.py:1833} INFO - Sync 1 DAGs
[2022-05-22 22:12:50,886] {logging_mixin.py:104} INFO - [2022-05-22 22:12:50,885] {dag.py:2306} INFO - Setting next_dagrun for example_python_operator to None
[2022-05-22 22:12:50,941] {scheduler_job.py:190} INFO - Processing /home/airflow/.local/lib/python3.8/site-packages/airflow/example_dags/example_python_operator.py took 0.142 seconds
[2022-05-22 22:14:01,178] {scheduler_job.py:182} INFO - Started process (PID=83) to work on /home/airflow/.local/lib/python3.8/site-packages/airflow/example_dags/example_python_operator.py
[2022-05-22 22:14:01,181] {scheduler_job.py:633} INFO - Processing file /home/airflow/.local/lib/python3.8/site-packages/airflow/example_dags/example_python_operator.py for tasks to queue
[2022-05-22 22:14:01,183] {logging_mixin.py:104} INFO - [2022-05-22 22:14:01,183] {dagbag.py:496} INFO - Filling up the DagBag from /home/airflow/.local/lib/python3.8/site-packages/airflow/example_dags/example_python_operator.py
[2022-05-22 22:14:01,199] {scheduler_job.py:643} INFO - DAG(s) dict_keys(['example_python_operator']) retrieved from /home/airflow/.local/lib/python3.8/site-packages/airflow/example_dags/example_python_operator.py
[2022-05-22 22:14:01,234] {logging_mixin.py:104} INFO - [2022-05-22 22:14:01,234] {dag.py:1833} INFO - Sync 1 DAGs
[2022-05-22 22:14:01,265] {logging_mixin.py:104} INFO - [2022-05-22 22:14:01,265] {dag.py:2306} INFO - Setting next_dagrun for example_python_operator to None
[2022-05-22 22:14:01,311] {scheduler_job.py:190} INFO - Processing /home/airflow/.local/lib/python3.8/site-packages/airflow/example_dags/example_python_operator.py took 0.136 seconds
[2022-05-22 22:14:43,070] {scheduler_job.py:182} INFO - Started process (PID=116) to work on /home/airflow/.local/lib/python3.8/site-packages/airflow/example_dags/example_python_operator.py
[2022-05-22 22:14:43,073] {scheduler_job.py:633} INFO - Processing file /home/airflow/.local/lib/python3.8/site-packages/airflow/example_dags/example_python_operator.py for tasks to queue
[2022-05-22 22:14:43,075] {logging_mixin.py:104} INFO - [2022-05-22 22:14:43,075] {dagbag.py:496} INFO - Filling up the DagBag from /home/airflow/.local/lib/python3.8/site-packages/airflow/example_dags/example_python_operator.py
[2022-05-22 22:14:43,089] {scheduler_job.py:643} INFO - DAG(s) dict_keys(['example_python_operator']) retrieved from /home/airflow/.local/lib/python3.8/site-packages/airflow/example_dags/example_python_operator.py
[2022-05-22 22:14:43,113] {logging_mixin.py:104} INFO - [2022-05-22 22:14:43,113] {dag.py:1833} INFO - Sync 1 DAGs
[2022-05-22 22:14:43,134] {logging_mixin.py:104} INFO - [2022-05-22 22:14:43,134] {dag.py:2306} INFO - Setting next_dagrun for example_python_operator to None
[2022-05-22 22:14:43,181] {scheduler_job.py:190} INFO - Processing /home/airflow/.local/lib/python3.8/site-packages/airflow/example_dags/example_python_operator.py took 0.114 seconds
[2022-05-22 22:15:24,805] {scheduler_job.py:182} INFO - Started process (PID=149) to work on /home/airflow/.local/lib/python3.8/site-packages/airflow/example_dags/example_python_operator.py
[2022-05-22 22:15:24,814] {scheduler_job.py:633} INFO - Processing file /home/airflow/.local/lib/python3.8/site-packages/airflow/example_dags/example_python_operator.py for tasks to queue
[2022-05-22 22:15:24,817] {logging_mixin.py:104} INFO - [2022-05-22 22:15:24,816] {dagbag.py:496} INFO - Filling up the DagBag from /home/airflow/.local/lib/python3.8/site-packages/airflow/example_dags/example_python_operator.py
[2022-05-22 22:15:24,846] {scheduler_job.py:643} INFO - DAG(s) dict_keys(['example_python_operator']) retrieved from /home/airflow/.local/lib/python3.8/site-packages/airflow/example_dags/example_python_operator.py
[2022-05-22 22:15:24,910] {logging_mixin.py:104} INFO - [2022-05-22 22:15:24,909] {dag.py:1833} INFO - Sync 1 DAGs
[2022-05-22 22:15:24,938] {logging_mixin.py:104} INFO - [2022-05-22 22:15:24,938] {dag.py:2306} INFO - Setting next_dagrun for example_python_operator to None
[2022-05-22 22:15:25,016] {scheduler_job.py:190} INFO - Processing /home/airflow/.local/lib/python3.8/site-packages/airflow/example_dags/example_python_operator.py took 0.216 seconds
[2022-05-22 22:16:04,370] {scheduler_job.py:182} INFO - Started process (PID=181) to work on /home/airflow/.local/lib/python3.8/site-packages/airflow/example_dags/example_python_operator.py
[2022-05-22 22:16:04,373] {scheduler_job.py:633} INFO - Processing file /home/airflow/.local/lib/python3.8/site-packages/airflow/example_dags/example_python_operator.py for tasks to queue
[2022-05-22 22:16:04,376] {logging_mixin.py:104} INFO - [2022-05-22 22:16:04,376] {dagbag.py:496} INFO - Filling up the DagBag from /home/airflow/.local/lib/python3.8/site-packages/airflow/example_dags/example_python_operator.py
[2022-05-22 22:16:04,394] {scheduler_job.py:643} INFO - DAG(s) dict_keys(['example_python_operator']) retrieved from /home/airflow/.local/lib/python3.8/site-packages/airflow/example_dags/example_python_operator.py
[2022-05-22 22:16:04,422] {logging_mixin.py:104} INFO - [2022-05-22 22:16:04,422] {dag.py:1833} INFO - Sync 1 DAGs
[2022-05-22 22:16:04,450] {logging_mixin.py:104} INFO - [2022-05-22 22:16:04,450] {dag.py:2306} INFO - Setting next_dagrun for example_python_operator to None
[2022-05-22 22:16:04,531] {scheduler_job.py:190} INFO - Processing /home/airflow/.local/lib/python3.8/site-packages/airflow/example_dags/example_python_operator.py took 0.165 seconds
[2022-05-22 22:19:00,029] {scheduler_job.py:182} INFO - Started process (PID=51) to work on /home/airflow/.local/lib/python3.8/site-packages/airflow/example_dags/example_python_operator.py
[2022-05-22 22:19:00,032] {scheduler_job.py:633} INFO - Processing file /home/airflow/.local/lib/python3.8/site-packages/airflow/example_dags/example_python_operator.py for tasks to queue
[2022-05-22 22:19:00,034] {logging_mixin.py:104} INFO - [2022-05-22 22:19:00,034] {dagbag.py:496} INFO - Filling up the DagBag from /home/airflow/.local/lib/python3.8/site-packages/airflow/example_dags/example_python_operator.py
[2022-05-22 22:19:00,051] {scheduler_job.py:643} INFO - DAG(s) dict_keys(['example_python_operator']) retrieved from /home/airflow/.local/lib/python3.8/site-packages/airflow/example_dags/example_python_operator.py
[2022-05-22 22:19:00,080] {logging_mixin.py:104} INFO - [2022-05-22 22:19:00,080] {dag.py:1833} INFO - Sync 1 DAGs
[2022-05-22 22:19:00,105] {logging_mixin.py:104} INFO - [2022-05-22 22:19:00,105] {dag.py:2306} INFO - Setting next_dagrun for example_python_operator to None
[2022-05-22 22:19:00,155] {scheduler_job.py:190} INFO - Processing /home/airflow/.local/lib/python3.8/site-packages/airflow/example_dags/example_python_operator.py took 0.130 seconds
