[2022-05-22 20:46:28,421] {scheduler_job.py:182} INFO - Started process (PID=49) to work on /home/airflow/.local/lib/python3.8/site-packages/airflow/example_dags/example_trigger_target_dag.py
[2022-05-22 20:46:28,423] {scheduler_job.py:633} INFO - Processing file /home/airflow/.local/lib/python3.8/site-packages/airflow/example_dags/example_trigger_target_dag.py for tasks to queue
[2022-05-22 20:46:28,425] {logging_mixin.py:104} INFO - [2022-05-22 20:46:28,425] {dagbag.py:496} INFO - Filling up the DagBag from /home/airflow/.local/lib/python3.8/site-packages/airflow/example_dags/example_trigger_target_dag.py
[2022-05-22 20:46:28,439] {scheduler_job.py:643} INFO - DAG(s) dict_keys(['example_trigger_target_dag']) retrieved from /home/airflow/.local/lib/python3.8/site-packages/airflow/example_dags/example_trigger_target_dag.py
[2022-05-22 20:46:28,465] {logging_mixin.py:104} INFO - [2022-05-22 20:46:28,465] {dag.py:1833} INFO - Sync 1 DAGs
[2022-05-22 20:46:28,489] {logging_mixin.py:104} INFO - [2022-05-22 20:46:28,489] {dag.py:2306} INFO - Setting next_dagrun for example_trigger_target_dag to None
[2022-05-22 20:46:28,544] {scheduler_job.py:190} INFO - Processing /home/airflow/.local/lib/python3.8/site-packages/airflow/example_dags/example_trigger_target_dag.py took 0.127 seconds
[2022-05-22 20:47:14,345] {scheduler_job.py:182} INFO - Started process (PID=83) to work on /home/airflow/.local/lib/python3.8/site-packages/airflow/example_dags/example_trigger_target_dag.py
[2022-05-22 20:47:14,349] {scheduler_job.py:633} INFO - Processing file /home/airflow/.local/lib/python3.8/site-packages/airflow/example_dags/example_trigger_target_dag.py for tasks to queue
[2022-05-22 20:47:14,351] {logging_mixin.py:104} INFO - [2022-05-22 20:47:14,351] {dagbag.py:496} INFO - Filling up the DagBag from /home/airflow/.local/lib/python3.8/site-packages/airflow/example_dags/example_trigger_target_dag.py
[2022-05-22 20:47:14,370] {scheduler_job.py:643} INFO - DAG(s) dict_keys(['example_trigger_target_dag']) retrieved from /home/airflow/.local/lib/python3.8/site-packages/airflow/example_dags/example_trigger_target_dag.py
[2022-05-22 20:47:14,395] {logging_mixin.py:104} INFO - [2022-05-22 20:47:14,395] {dag.py:1833} INFO - Sync 1 DAGs
[2022-05-22 20:47:14,418] {logging_mixin.py:104} INFO - [2022-05-22 20:47:14,417] {dag.py:2306} INFO - Setting next_dagrun for example_trigger_target_dag to None
[2022-05-22 20:47:14,527] {scheduler_job.py:190} INFO - Processing /home/airflow/.local/lib/python3.8/site-packages/airflow/example_dags/example_trigger_target_dag.py took 0.188 seconds
[2022-05-22 20:47:57,658] {scheduler_job.py:182} INFO - Started process (PID=114) to work on /home/airflow/.local/lib/python3.8/site-packages/airflow/example_dags/example_trigger_target_dag.py
[2022-05-22 20:47:57,661] {scheduler_job.py:633} INFO - Processing file /home/airflow/.local/lib/python3.8/site-packages/airflow/example_dags/example_trigger_target_dag.py for tasks to queue
[2022-05-22 20:47:57,663] {logging_mixin.py:104} INFO - [2022-05-22 20:47:57,663] {dagbag.py:496} INFO - Filling up the DagBag from /home/airflow/.local/lib/python3.8/site-packages/airflow/example_dags/example_trigger_target_dag.py
[2022-05-22 20:47:57,678] {scheduler_job.py:643} INFO - DAG(s) dict_keys(['example_trigger_target_dag']) retrieved from /home/airflow/.local/lib/python3.8/site-packages/airflow/example_dags/example_trigger_target_dag.py
[2022-05-22 20:47:57,701] {logging_mixin.py:104} INFO - [2022-05-22 20:47:57,700] {dag.py:1833} INFO - Sync 1 DAGs
[2022-05-22 20:47:57,721] {logging_mixin.py:104} INFO - [2022-05-22 20:47:57,721] {dag.py:2306} INFO - Setting next_dagrun for example_trigger_target_dag to None
[2022-05-22 20:47:57,765] {scheduler_job.py:190} INFO - Processing /home/airflow/.local/lib/python3.8/site-packages/airflow/example_dags/example_trigger_target_dag.py took 0.110 seconds
[2022-05-22 20:48:55,906] {scheduler_job.py:182} INFO - Started process (PID=152) to work on /home/airflow/.local/lib/python3.8/site-packages/airflow/example_dags/example_trigger_target_dag.py
[2022-05-22 20:48:55,909] {scheduler_job.py:633} INFO - Processing file /home/airflow/.local/lib/python3.8/site-packages/airflow/example_dags/example_trigger_target_dag.py for tasks to queue
[2022-05-22 20:48:55,912] {logging_mixin.py:104} INFO - [2022-05-22 20:48:55,912] {dagbag.py:496} INFO - Filling up the DagBag from /home/airflow/.local/lib/python3.8/site-packages/airflow/example_dags/example_trigger_target_dag.py
[2022-05-22 20:48:55,938] {scheduler_job.py:643} INFO - DAG(s) dict_keys(['example_trigger_target_dag']) retrieved from /home/airflow/.local/lib/python3.8/site-packages/airflow/example_dags/example_trigger_target_dag.py
[2022-05-22 20:48:56,000] {logging_mixin.py:104} INFO - [2022-05-22 20:48:55,999] {dag.py:1833} INFO - Sync 1 DAGs
[2022-05-22 20:48:56,049] {logging_mixin.py:104} INFO - [2022-05-22 20:48:56,049] {dag.py:2306} INFO - Setting next_dagrun for example_trigger_target_dag to None
[2022-05-22 20:48:56,272] {scheduler_job.py:190} INFO - Processing /home/airflow/.local/lib/python3.8/site-packages/airflow/example_dags/example_trigger_target_dag.py took 0.373 seconds
[2022-05-22 20:49:52,201] {scheduler_job.py:182} INFO - Started process (PID=183) to work on /home/airflow/.local/lib/python3.8/site-packages/airflow/example_dags/example_trigger_target_dag.py
[2022-05-22 20:49:52,204] {scheduler_job.py:633} INFO - Processing file /home/airflow/.local/lib/python3.8/site-packages/airflow/example_dags/example_trigger_target_dag.py for tasks to queue
[2022-05-22 20:49:52,207] {logging_mixin.py:104} INFO - [2022-05-22 20:49:52,207] {dagbag.py:496} INFO - Filling up the DagBag from /home/airflow/.local/lib/python3.8/site-packages/airflow/example_dags/example_trigger_target_dag.py
[2022-05-22 20:49:52,236] {scheduler_job.py:643} INFO - DAG(s) dict_keys(['example_trigger_target_dag']) retrieved from /home/airflow/.local/lib/python3.8/site-packages/airflow/example_dags/example_trigger_target_dag.py
[2022-05-22 20:49:52,299] {logging_mixin.py:104} INFO - [2022-05-22 20:49:52,299] {dag.py:1833} INFO - Sync 1 DAGs
[2022-05-22 20:49:52,348] {logging_mixin.py:104} INFO - [2022-05-22 20:49:52,348] {dag.py:2306} INFO - Setting next_dagrun for example_trigger_target_dag to None
[2022-05-22 20:49:52,435] {scheduler_job.py:190} INFO - Processing /home/airflow/.local/lib/python3.8/site-packages/airflow/example_dags/example_trigger_target_dag.py took 0.240 seconds
[2022-05-22 20:50:41,326] {scheduler_job.py:182} INFO - Started process (PID=217) to work on /home/airflow/.local/lib/python3.8/site-packages/airflow/example_dags/example_trigger_target_dag.py
[2022-05-22 20:50:41,333] {scheduler_job.py:633} INFO - Processing file /home/airflow/.local/lib/python3.8/site-packages/airflow/example_dags/example_trigger_target_dag.py for tasks to queue
[2022-05-22 20:50:41,342] {logging_mixin.py:104} INFO - [2022-05-22 20:50:41,342] {dagbag.py:496} INFO - Filling up the DagBag from /home/airflow/.local/lib/python3.8/site-packages/airflow/example_dags/example_trigger_target_dag.py
[2022-05-22 20:50:41,366] {scheduler_job.py:643} INFO - DAG(s) dict_keys(['example_trigger_target_dag']) retrieved from /home/airflow/.local/lib/python3.8/site-packages/airflow/example_dags/example_trigger_target_dag.py
[2022-05-22 20:50:41,415] {logging_mixin.py:104} INFO - [2022-05-22 20:50:41,415] {dag.py:1833} INFO - Sync 1 DAGs
[2022-05-22 20:50:41,453] {logging_mixin.py:104} INFO - [2022-05-22 20:50:41,453] {dag.py:2306} INFO - Setting next_dagrun for example_trigger_target_dag to None
[2022-05-22 20:50:41,533] {scheduler_job.py:190} INFO - Processing /home/airflow/.local/lib/python3.8/site-packages/airflow/example_dags/example_trigger_target_dag.py took 0.217 seconds
[2022-05-22 20:51:31,772] {scheduler_job.py:182} INFO - Started process (PID=251) to work on /home/airflow/.local/lib/python3.8/site-packages/airflow/example_dags/example_trigger_target_dag.py
[2022-05-22 20:51:31,780] {scheduler_job.py:633} INFO - Processing file /home/airflow/.local/lib/python3.8/site-packages/airflow/example_dags/example_trigger_target_dag.py for tasks to queue
[2022-05-22 20:51:31,786] {logging_mixin.py:104} INFO - [2022-05-22 20:51:31,785] {dagbag.py:496} INFO - Filling up the DagBag from /home/airflow/.local/lib/python3.8/site-packages/airflow/example_dags/example_trigger_target_dag.py
[2022-05-22 20:51:31,816] {scheduler_job.py:643} INFO - DAG(s) dict_keys(['example_trigger_target_dag']) retrieved from /home/airflow/.local/lib/python3.8/site-packages/airflow/example_dags/example_trigger_target_dag.py
[2022-05-22 20:51:31,856] {logging_mixin.py:104} INFO - [2022-05-22 20:51:31,856] {dag.py:1833} INFO - Sync 1 DAGs
[2022-05-22 20:51:31,881] {logging_mixin.py:104} INFO - [2022-05-22 20:51:31,881] {dag.py:2306} INFO - Setting next_dagrun for example_trigger_target_dag to None
[2022-05-22 20:51:31,993] {scheduler_job.py:190} INFO - Processing /home/airflow/.local/lib/python3.8/site-packages/airflow/example_dags/example_trigger_target_dag.py took 0.228 seconds
[2022-05-22 20:52:17,219] {scheduler_job.py:182} INFO - Started process (PID=282) to work on /home/airflow/.local/lib/python3.8/site-packages/airflow/example_dags/example_trigger_target_dag.py
[2022-05-22 20:52:17,224] {scheduler_job.py:633} INFO - Processing file /home/airflow/.local/lib/python3.8/site-packages/airflow/example_dags/example_trigger_target_dag.py for tasks to queue
[2022-05-22 20:52:17,225] {logging_mixin.py:104} INFO - [2022-05-22 20:52:17,225] {dagbag.py:496} INFO - Filling up the DagBag from /home/airflow/.local/lib/python3.8/site-packages/airflow/example_dags/example_trigger_target_dag.py
[2022-05-22 20:52:17,266] {scheduler_job.py:643} INFO - DAG(s) dict_keys(['example_trigger_target_dag']) retrieved from /home/airflow/.local/lib/python3.8/site-packages/airflow/example_dags/example_trigger_target_dag.py
[2022-05-22 20:52:17,335] {logging_mixin.py:104} INFO - [2022-05-22 20:52:17,335] {dag.py:1833} INFO - Sync 1 DAGs
[2022-05-22 20:52:17,393] {logging_mixin.py:104} INFO - [2022-05-22 20:52:17,393] {dag.py:2306} INFO - Setting next_dagrun for example_trigger_target_dag to None
[2022-05-22 20:52:17,485] {scheduler_job.py:190} INFO - Processing /home/airflow/.local/lib/python3.8/site-packages/airflow/example_dags/example_trigger_target_dag.py took 0.272 seconds
[2022-05-22 21:24:50,180] {scheduler_job.py:182} INFO - Started process (PID=51) to work on /home/airflow/.local/lib/python3.8/site-packages/airflow/example_dags/example_trigger_target_dag.py
[2022-05-22 21:24:50,190] {scheduler_job.py:633} INFO - Processing file /home/airflow/.local/lib/python3.8/site-packages/airflow/example_dags/example_trigger_target_dag.py for tasks to queue
[2022-05-22 21:24:50,195] {logging_mixin.py:104} INFO - [2022-05-22 21:24:50,194] {dagbag.py:496} INFO - Filling up the DagBag from /home/airflow/.local/lib/python3.8/site-packages/airflow/example_dags/example_trigger_target_dag.py
[2022-05-22 21:24:50,245] {scheduler_job.py:643} INFO - DAG(s) dict_keys(['example_trigger_target_dag']) retrieved from /home/airflow/.local/lib/python3.8/site-packages/airflow/example_dags/example_trigger_target_dag.py
[2022-05-22 21:24:50,294] {logging_mixin.py:104} INFO - [2022-05-22 21:24:50,294] {dag.py:1833} INFO - Sync 1 DAGs
[2022-05-22 21:24:50,342] {logging_mixin.py:104} INFO - [2022-05-22 21:24:50,342] {dag.py:2306} INFO - Setting next_dagrun for example_trigger_target_dag to None
[2022-05-22 21:24:50,442] {scheduler_job.py:190} INFO - Processing /home/airflow/.local/lib/python3.8/site-packages/airflow/example_dags/example_trigger_target_dag.py took 0.266 seconds
[2022-05-22 21:25:44,687] {scheduler_job.py:182} INFO - Started process (PID=90) to work on /home/airflow/.local/lib/python3.8/site-packages/airflow/example_dags/example_trigger_target_dag.py
[2022-05-22 21:25:44,690] {scheduler_job.py:633} INFO - Processing file /home/airflow/.local/lib/python3.8/site-packages/airflow/example_dags/example_trigger_target_dag.py for tasks to queue
[2022-05-22 21:25:44,692] {logging_mixin.py:104} INFO - [2022-05-22 21:25:44,692] {dagbag.py:496} INFO - Filling up the DagBag from /home/airflow/.local/lib/python3.8/site-packages/airflow/example_dags/example_trigger_target_dag.py
[2022-05-22 21:25:44,708] {scheduler_job.py:643} INFO - DAG(s) dict_keys(['example_trigger_target_dag']) retrieved from /home/airflow/.local/lib/python3.8/site-packages/airflow/example_dags/example_trigger_target_dag.py
[2022-05-22 21:25:44,732] {logging_mixin.py:104} INFO - [2022-05-22 21:25:44,732] {dag.py:1833} INFO - Sync 1 DAGs
[2022-05-22 21:25:44,759] {logging_mixin.py:104} INFO - [2022-05-22 21:25:44,759] {dag.py:2306} INFO - Setting next_dagrun for example_trigger_target_dag to None
[2022-05-22 21:25:44,815] {scheduler_job.py:190} INFO - Processing /home/airflow/.local/lib/python3.8/site-packages/airflow/example_dags/example_trigger_target_dag.py took 0.131 seconds
[2022-05-22 21:28:07,471] {scheduler_job.py:182} INFO - Started process (PID=52) to work on /home/airflow/.local/lib/python3.8/site-packages/airflow/example_dags/example_trigger_target_dag.py
[2022-05-22 21:28:07,477] {scheduler_job.py:633} INFO - Processing file /home/airflow/.local/lib/python3.8/site-packages/airflow/example_dags/example_trigger_target_dag.py for tasks to queue
[2022-05-22 21:28:07,479] {logging_mixin.py:104} INFO - [2022-05-22 21:28:07,479] {dagbag.py:496} INFO - Filling up the DagBag from /home/airflow/.local/lib/python3.8/site-packages/airflow/example_dags/example_trigger_target_dag.py
[2022-05-22 21:28:07,501] {scheduler_job.py:643} INFO - DAG(s) dict_keys(['example_trigger_target_dag']) retrieved from /home/airflow/.local/lib/python3.8/site-packages/airflow/example_dags/example_trigger_target_dag.py
[2022-05-22 21:28:07,533] {logging_mixin.py:104} INFO - [2022-05-22 21:28:07,533] {dag.py:1833} INFO - Sync 1 DAGs
[2022-05-22 21:28:07,567] {logging_mixin.py:104} INFO - [2022-05-22 21:28:07,567] {dag.py:2306} INFO - Setting next_dagrun for example_trigger_target_dag to None
[2022-05-22 21:28:07,630] {scheduler_job.py:190} INFO - Processing /home/airflow/.local/lib/python3.8/site-packages/airflow/example_dags/example_trigger_target_dag.py took 0.164 seconds
[2022-05-22 21:29:07,036] {scheduler_job.py:182} INFO - Started process (PID=96) to work on /home/airflow/.local/lib/python3.8/site-packages/airflow/example_dags/example_trigger_target_dag.py
[2022-05-22 21:29:07,040] {scheduler_job.py:633} INFO - Processing file /home/airflow/.local/lib/python3.8/site-packages/airflow/example_dags/example_trigger_target_dag.py for tasks to queue
[2022-05-22 21:29:07,047] {logging_mixin.py:104} INFO - [2022-05-22 21:29:07,046] {dagbag.py:496} INFO - Filling up the DagBag from /home/airflow/.local/lib/python3.8/site-packages/airflow/example_dags/example_trigger_target_dag.py
[2022-05-22 21:29:07,084] {scheduler_job.py:643} INFO - DAG(s) dict_keys(['example_trigger_target_dag']) retrieved from /home/airflow/.local/lib/python3.8/site-packages/airflow/example_dags/example_trigger_target_dag.py
[2022-05-22 21:29:07,135] {logging_mixin.py:104} INFO - [2022-05-22 21:29:07,134] {dag.py:1833} INFO - Sync 1 DAGs
[2022-05-22 21:29:07,224] {logging_mixin.py:104} INFO - [2022-05-22 21:29:07,224] {dag.py:2306} INFO - Setting next_dagrun for example_trigger_target_dag to None
[2022-05-22 21:29:07,332] {scheduler_job.py:190} INFO - Processing /home/airflow/.local/lib/python3.8/site-packages/airflow/example_dags/example_trigger_target_dag.py took 0.301 seconds
[2022-05-22 21:29:56,904] {scheduler_job.py:182} INFO - Started process (PID=134) to work on /home/airflow/.local/lib/python3.8/site-packages/airflow/example_dags/example_trigger_target_dag.py
[2022-05-22 21:29:56,907] {scheduler_job.py:633} INFO - Processing file /home/airflow/.local/lib/python3.8/site-packages/airflow/example_dags/example_trigger_target_dag.py for tasks to queue
[2022-05-22 21:29:56,909] {logging_mixin.py:104} INFO - [2022-05-22 21:29:56,909] {dagbag.py:496} INFO - Filling up the DagBag from /home/airflow/.local/lib/python3.8/site-packages/airflow/example_dags/example_trigger_target_dag.py
[2022-05-22 21:29:56,926] {scheduler_job.py:643} INFO - DAG(s) dict_keys(['example_trigger_target_dag']) retrieved from /home/airflow/.local/lib/python3.8/site-packages/airflow/example_dags/example_trigger_target_dag.py
[2022-05-22 21:29:56,959] {logging_mixin.py:104} INFO - [2022-05-22 21:29:56,959] {dag.py:1833} INFO - Sync 1 DAGs
[2022-05-22 21:29:56,990] {logging_mixin.py:104} INFO - [2022-05-22 21:29:56,990] {dag.py:2306} INFO - Setting next_dagrun for example_trigger_target_dag to None
[2022-05-22 21:29:57,094] {scheduler_job.py:190} INFO - Processing /home/airflow/.local/lib/python3.8/site-packages/airflow/example_dags/example_trigger_target_dag.py took 0.194 seconds
[2022-05-22 21:30:40,339] {scheduler_job.py:182} INFO - Started process (PID=167) to work on /home/airflow/.local/lib/python3.8/site-packages/airflow/example_dags/example_trigger_target_dag.py
[2022-05-22 21:30:40,344] {scheduler_job.py:633} INFO - Processing file /home/airflow/.local/lib/python3.8/site-packages/airflow/example_dags/example_trigger_target_dag.py for tasks to queue
[2022-05-22 21:30:40,350] {logging_mixin.py:104} INFO - [2022-05-22 21:30:40,349] {dagbag.py:496} INFO - Filling up the DagBag from /home/airflow/.local/lib/python3.8/site-packages/airflow/example_dags/example_trigger_target_dag.py
[2022-05-22 21:30:40,387] {scheduler_job.py:643} INFO - DAG(s) dict_keys(['example_trigger_target_dag']) retrieved from /home/airflow/.local/lib/python3.8/site-packages/airflow/example_dags/example_trigger_target_dag.py
[2022-05-22 21:30:40,432] {logging_mixin.py:104} INFO - [2022-05-22 21:30:40,431] {dag.py:1833} INFO - Sync 1 DAGs
[2022-05-22 21:30:40,476] {logging_mixin.py:104} INFO - [2022-05-22 21:30:40,475] {dag.py:2306} INFO - Setting next_dagrun for example_trigger_target_dag to None
[2022-05-22 21:30:40,549] {scheduler_job.py:190} INFO - Processing /home/airflow/.local/lib/python3.8/site-packages/airflow/example_dags/example_trigger_target_dag.py took 0.221 seconds
[2022-05-22 21:31:22,877] {scheduler_job.py:182} INFO - Started process (PID=200) to work on /home/airflow/.local/lib/python3.8/site-packages/airflow/example_dags/example_trigger_target_dag.py
[2022-05-22 21:31:22,880] {scheduler_job.py:633} INFO - Processing file /home/airflow/.local/lib/python3.8/site-packages/airflow/example_dags/example_trigger_target_dag.py for tasks to queue
[2022-05-22 21:31:22,882] {logging_mixin.py:104} INFO - [2022-05-22 21:31:22,882] {dagbag.py:496} INFO - Filling up the DagBag from /home/airflow/.local/lib/python3.8/site-packages/airflow/example_dags/example_trigger_target_dag.py
[2022-05-22 21:31:22,896] {scheduler_job.py:643} INFO - DAG(s) dict_keys(['example_trigger_target_dag']) retrieved from /home/airflow/.local/lib/python3.8/site-packages/airflow/example_dags/example_trigger_target_dag.py
[2022-05-22 21:31:22,920] {logging_mixin.py:104} INFO - [2022-05-22 21:31:22,919] {dag.py:1833} INFO - Sync 1 DAGs
[2022-05-22 21:31:22,938] {logging_mixin.py:104} INFO - [2022-05-22 21:31:22,938] {dag.py:2306} INFO - Setting next_dagrun for example_trigger_target_dag to None
[2022-05-22 21:31:22,983] {scheduler_job.py:190} INFO - Processing /home/airflow/.local/lib/python3.8/site-packages/airflow/example_dags/example_trigger_target_dag.py took 0.110 seconds
[2022-05-22 21:32:07,421] {scheduler_job.py:182} INFO - Started process (PID=236) to work on /home/airflow/.local/lib/python3.8/site-packages/airflow/example_dags/example_trigger_target_dag.py
[2022-05-22 21:32:07,425] {scheduler_job.py:633} INFO - Processing file /home/airflow/.local/lib/python3.8/site-packages/airflow/example_dags/example_trigger_target_dag.py for tasks to queue
[2022-05-22 21:32:07,426] {logging_mixin.py:104} INFO - [2022-05-22 21:32:07,426] {dagbag.py:496} INFO - Filling up the DagBag from /home/airflow/.local/lib/python3.8/site-packages/airflow/example_dags/example_trigger_target_dag.py
[2022-05-22 21:32:07,441] {scheduler_job.py:643} INFO - DAG(s) dict_keys(['example_trigger_target_dag']) retrieved from /home/airflow/.local/lib/python3.8/site-packages/airflow/example_dags/example_trigger_target_dag.py
[2022-05-22 21:32:07,485] {logging_mixin.py:104} INFO - [2022-05-22 21:32:07,485] {dag.py:1833} INFO - Sync 1 DAGs
[2022-05-22 21:32:07,510] {logging_mixin.py:104} INFO - [2022-05-22 21:32:07,510] {dag.py:2306} INFO - Setting next_dagrun for example_trigger_target_dag to None
[2022-05-22 21:32:07,554] {scheduler_job.py:190} INFO - Processing /home/airflow/.local/lib/python3.8/site-packages/airflow/example_dags/example_trigger_target_dag.py took 0.136 seconds
[2022-05-22 21:36:20,178] {scheduler_job.py:182} INFO - Started process (PID=50) to work on /home/airflow/.local/lib/python3.8/site-packages/airflow/example_dags/example_trigger_target_dag.py
[2022-05-22 21:36:20,181] {scheduler_job.py:633} INFO - Processing file /home/airflow/.local/lib/python3.8/site-packages/airflow/example_dags/example_trigger_target_dag.py for tasks to queue
[2022-05-22 21:36:20,183] {logging_mixin.py:104} INFO - [2022-05-22 21:36:20,182] {dagbag.py:496} INFO - Filling up the DagBag from /home/airflow/.local/lib/python3.8/site-packages/airflow/example_dags/example_trigger_target_dag.py
[2022-05-22 21:36:20,197] {scheduler_job.py:643} INFO - DAG(s) dict_keys(['example_trigger_target_dag']) retrieved from /home/airflow/.local/lib/python3.8/site-packages/airflow/example_dags/example_trigger_target_dag.py
[2022-05-22 21:36:20,221] {logging_mixin.py:104} INFO - [2022-05-22 21:36:20,221] {dag.py:1833} INFO - Sync 1 DAGs
[2022-05-22 21:36:20,242] {logging_mixin.py:104} INFO - [2022-05-22 21:36:20,242] {dag.py:2306} INFO - Setting next_dagrun for example_trigger_target_dag to None
[2022-05-22 21:36:20,289] {scheduler_job.py:190} INFO - Processing /home/airflow/.local/lib/python3.8/site-packages/airflow/example_dags/example_trigger_target_dag.py took 0.115 seconds
[2022-05-22 21:37:11,611] {scheduler_job.py:182} INFO - Started process (PID=90) to work on /home/airflow/.local/lib/python3.8/site-packages/airflow/example_dags/example_trigger_target_dag.py
[2022-05-22 21:37:11,614] {scheduler_job.py:633} INFO - Processing file /home/airflow/.local/lib/python3.8/site-packages/airflow/example_dags/example_trigger_target_dag.py for tasks to queue
[2022-05-22 21:37:11,617] {logging_mixin.py:104} INFO - [2022-05-22 21:37:11,617] {dagbag.py:496} INFO - Filling up the DagBag from /home/airflow/.local/lib/python3.8/site-packages/airflow/example_dags/example_trigger_target_dag.py
[2022-05-22 21:37:11,637] {scheduler_job.py:643} INFO - DAG(s) dict_keys(['example_trigger_target_dag']) retrieved from /home/airflow/.local/lib/python3.8/site-packages/airflow/example_dags/example_trigger_target_dag.py
[2022-05-22 21:37:11,682] {logging_mixin.py:104} INFO - [2022-05-22 21:37:11,681] {dag.py:1833} INFO - Sync 1 DAGs
[2022-05-22 21:37:11,711] {logging_mixin.py:104} INFO - [2022-05-22 21:37:11,711] {dag.py:2306} INFO - Setting next_dagrun for example_trigger_target_dag to None
[2022-05-22 21:37:11,763] {scheduler_job.py:190} INFO - Processing /home/airflow/.local/lib/python3.8/site-packages/airflow/example_dags/example_trigger_target_dag.py took 0.159 seconds
[2022-05-22 21:38:20,337] {scheduler_job.py:182} INFO - Started process (PID=144) to work on /home/airflow/.local/lib/python3.8/site-packages/airflow/example_dags/example_trigger_target_dag.py
[2022-05-22 21:38:20,340] {scheduler_job.py:633} INFO - Processing file /home/airflow/.local/lib/python3.8/site-packages/airflow/example_dags/example_trigger_target_dag.py for tasks to queue
[2022-05-22 21:38:20,342] {logging_mixin.py:104} INFO - [2022-05-22 21:38:20,341] {dagbag.py:496} INFO - Filling up the DagBag from /home/airflow/.local/lib/python3.8/site-packages/airflow/example_dags/example_trigger_target_dag.py
[2022-05-22 21:38:20,357] {scheduler_job.py:643} INFO - DAG(s) dict_keys(['example_trigger_target_dag']) retrieved from /home/airflow/.local/lib/python3.8/site-packages/airflow/example_dags/example_trigger_target_dag.py
[2022-05-22 21:38:20,380] {logging_mixin.py:104} INFO - [2022-05-22 21:38:20,380] {dag.py:1833} INFO - Sync 1 DAGs
[2022-05-22 21:38:20,403] {logging_mixin.py:104} INFO - [2022-05-22 21:38:20,403] {dag.py:2306} INFO - Setting next_dagrun for example_trigger_target_dag to None
[2022-05-22 21:38:20,446] {scheduler_job.py:190} INFO - Processing /home/airflow/.local/lib/python3.8/site-packages/airflow/example_dags/example_trigger_target_dag.py took 0.112 seconds
[2022-05-22 21:39:03,209] {scheduler_job.py:182} INFO - Started process (PID=179) to work on /home/airflow/.local/lib/python3.8/site-packages/airflow/example_dags/example_trigger_target_dag.py
[2022-05-22 21:39:03,213] {scheduler_job.py:633} INFO - Processing file /home/airflow/.local/lib/python3.8/site-packages/airflow/example_dags/example_trigger_target_dag.py for tasks to queue
[2022-05-22 21:39:03,215] {logging_mixin.py:104} INFO - [2022-05-22 21:39:03,214] {dagbag.py:496} INFO - Filling up the DagBag from /home/airflow/.local/lib/python3.8/site-packages/airflow/example_dags/example_trigger_target_dag.py
[2022-05-22 21:39:03,230] {scheduler_job.py:643} INFO - DAG(s) dict_keys(['example_trigger_target_dag']) retrieved from /home/airflow/.local/lib/python3.8/site-packages/airflow/example_dags/example_trigger_target_dag.py
[2022-05-22 21:39:03,255] {logging_mixin.py:104} INFO - [2022-05-22 21:39:03,255] {dag.py:1833} INFO - Sync 1 DAGs
[2022-05-22 21:39:03,278] {logging_mixin.py:104} INFO - [2022-05-22 21:39:03,277] {dag.py:2306} INFO - Setting next_dagrun for example_trigger_target_dag to None
[2022-05-22 21:39:03,322] {scheduler_job.py:190} INFO - Processing /home/airflow/.local/lib/python3.8/site-packages/airflow/example_dags/example_trigger_target_dag.py took 0.115 seconds
[2022-05-22 21:39:52,182] {scheduler_job.py:182} INFO - Started process (PID=217) to work on /home/airflow/.local/lib/python3.8/site-packages/airflow/example_dags/example_trigger_target_dag.py
[2022-05-22 21:39:52,185] {scheduler_job.py:633} INFO - Processing file /home/airflow/.local/lib/python3.8/site-packages/airflow/example_dags/example_trigger_target_dag.py for tasks to queue
[2022-05-22 21:39:52,187] {logging_mixin.py:104} INFO - [2022-05-22 21:39:52,187] {dagbag.py:496} INFO - Filling up the DagBag from /home/airflow/.local/lib/python3.8/site-packages/airflow/example_dags/example_trigger_target_dag.py
[2022-05-22 21:39:52,204] {scheduler_job.py:643} INFO - DAG(s) dict_keys(['example_trigger_target_dag']) retrieved from /home/airflow/.local/lib/python3.8/site-packages/airflow/example_dags/example_trigger_target_dag.py
[2022-05-22 21:39:52,241] {logging_mixin.py:104} INFO - [2022-05-22 21:39:52,241] {dag.py:1833} INFO - Sync 1 DAGs
[2022-05-22 21:39:52,264] {logging_mixin.py:104} INFO - [2022-05-22 21:39:52,264] {dag.py:2306} INFO - Setting next_dagrun for example_trigger_target_dag to None
[2022-05-22 21:39:52,316] {scheduler_job.py:190} INFO - Processing /home/airflow/.local/lib/python3.8/site-packages/airflow/example_dags/example_trigger_target_dag.py took 0.139 seconds
[2022-05-22 21:40:39,668] {scheduler_job.py:182} INFO - Started process (PID=255) to work on /home/airflow/.local/lib/python3.8/site-packages/airflow/example_dags/example_trigger_target_dag.py
[2022-05-22 21:40:39,671] {scheduler_job.py:633} INFO - Processing file /home/airflow/.local/lib/python3.8/site-packages/airflow/example_dags/example_trigger_target_dag.py for tasks to queue
[2022-05-22 21:40:39,673] {logging_mixin.py:104} INFO - [2022-05-22 21:40:39,673] {dagbag.py:496} INFO - Filling up the DagBag from /home/airflow/.local/lib/python3.8/site-packages/airflow/example_dags/example_trigger_target_dag.py
[2022-05-22 21:40:39,688] {scheduler_job.py:643} INFO - DAG(s) dict_keys(['example_trigger_target_dag']) retrieved from /home/airflow/.local/lib/python3.8/site-packages/airflow/example_dags/example_trigger_target_dag.py
[2022-05-22 21:40:39,713] {logging_mixin.py:104} INFO - [2022-05-22 21:40:39,713] {dag.py:1833} INFO - Sync 1 DAGs
[2022-05-22 21:40:39,733] {logging_mixin.py:104} INFO - [2022-05-22 21:40:39,732] {dag.py:2306} INFO - Setting next_dagrun for example_trigger_target_dag to None
[2022-05-22 21:40:39,779] {scheduler_job.py:190} INFO - Processing /home/airflow/.local/lib/python3.8/site-packages/airflow/example_dags/example_trigger_target_dag.py took 0.114 seconds
[2022-05-22 21:46:20,585] {scheduler_job.py:182} INFO - Started process (PID=51) to work on /home/airflow/.local/lib/python3.8/site-packages/airflow/example_dags/example_trigger_target_dag.py
[2022-05-22 21:46:20,590] {scheduler_job.py:633} INFO - Processing file /home/airflow/.local/lib/python3.8/site-packages/airflow/example_dags/example_trigger_target_dag.py for tasks to queue
[2022-05-22 21:46:20,592] {logging_mixin.py:104} INFO - [2022-05-22 21:46:20,592] {dagbag.py:496} INFO - Filling up the DagBag from /home/airflow/.local/lib/python3.8/site-packages/airflow/example_dags/example_trigger_target_dag.py
[2022-05-22 21:46:20,610] {scheduler_job.py:643} INFO - DAG(s) dict_keys(['example_trigger_target_dag']) retrieved from /home/airflow/.local/lib/python3.8/site-packages/airflow/example_dags/example_trigger_target_dag.py
[2022-05-22 21:46:20,644] {logging_mixin.py:104} INFO - [2022-05-22 21:46:20,644] {dag.py:1833} INFO - Sync 1 DAGs
[2022-05-22 21:46:20,685] {logging_mixin.py:104} INFO - [2022-05-22 21:46:20,685] {dag.py:2306} INFO - Setting next_dagrun for example_trigger_target_dag to None
[2022-05-22 21:46:20,875] {scheduler_job.py:190} INFO - Processing /home/airflow/.local/lib/python3.8/site-packages/airflow/example_dags/example_trigger_target_dag.py took 0.295 seconds
[2022-05-22 21:47:14,579] {scheduler_job.py:182} INFO - Started process (PID=92) to work on /home/airflow/.local/lib/python3.8/site-packages/airflow/example_dags/example_trigger_target_dag.py
[2022-05-22 21:47:14,583] {scheduler_job.py:633} INFO - Processing file /home/airflow/.local/lib/python3.8/site-packages/airflow/example_dags/example_trigger_target_dag.py for tasks to queue
[2022-05-22 21:47:14,585] {logging_mixin.py:104} INFO - [2022-05-22 21:47:14,585] {dagbag.py:496} INFO - Filling up the DagBag from /home/airflow/.local/lib/python3.8/site-packages/airflow/example_dags/example_trigger_target_dag.py
[2022-05-22 21:47:14,603] {scheduler_job.py:643} INFO - DAG(s) dict_keys(['example_trigger_target_dag']) retrieved from /home/airflow/.local/lib/python3.8/site-packages/airflow/example_dags/example_trigger_target_dag.py
[2022-05-22 21:47:14,634] {logging_mixin.py:104} INFO - [2022-05-22 21:47:14,634] {dag.py:1833} INFO - Sync 1 DAGs
[2022-05-22 21:47:14,668] {logging_mixin.py:104} INFO - [2022-05-22 21:47:14,668] {dag.py:2306} INFO - Setting next_dagrun for example_trigger_target_dag to None
[2022-05-22 21:47:14,725] {scheduler_job.py:190} INFO - Processing /home/airflow/.local/lib/python3.8/site-packages/airflow/example_dags/example_trigger_target_dag.py took 0.153 seconds
[2022-05-22 21:47:57,318] {scheduler_job.py:182} INFO - Started process (PID=125) to work on /home/airflow/.local/lib/python3.8/site-packages/airflow/example_dags/example_trigger_target_dag.py
[2022-05-22 21:47:57,322] {scheduler_job.py:633} INFO - Processing file /home/airflow/.local/lib/python3.8/site-packages/airflow/example_dags/example_trigger_target_dag.py for tasks to queue
[2022-05-22 21:47:57,326] {logging_mixin.py:104} INFO - [2022-05-22 21:47:57,325] {dagbag.py:496} INFO - Filling up the DagBag from /home/airflow/.local/lib/python3.8/site-packages/airflow/example_dags/example_trigger_target_dag.py
[2022-05-22 21:47:57,356] {scheduler_job.py:643} INFO - DAG(s) dict_keys(['example_trigger_target_dag']) retrieved from /home/airflow/.local/lib/python3.8/site-packages/airflow/example_dags/example_trigger_target_dag.py
[2022-05-22 21:47:57,392] {logging_mixin.py:104} INFO - [2022-05-22 21:47:57,392] {dag.py:1833} INFO - Sync 1 DAGs
[2022-05-22 21:47:57,422] {logging_mixin.py:104} INFO - [2022-05-22 21:47:57,422] {dag.py:2306} INFO - Setting next_dagrun for example_trigger_target_dag to None
[2022-05-22 21:47:57,472] {scheduler_job.py:190} INFO - Processing /home/airflow/.local/lib/python3.8/site-packages/airflow/example_dags/example_trigger_target_dag.py took 0.158 seconds
[2022-05-22 21:48:47,420] {scheduler_job.py:182} INFO - Started process (PID=164) to work on /home/airflow/.local/lib/python3.8/site-packages/airflow/example_dags/example_trigger_target_dag.py
[2022-05-22 21:48:47,425] {scheduler_job.py:633} INFO - Processing file /home/airflow/.local/lib/python3.8/site-packages/airflow/example_dags/example_trigger_target_dag.py for tasks to queue
[2022-05-22 21:48:47,429] {logging_mixin.py:104} INFO - [2022-05-22 21:48:47,428] {dagbag.py:496} INFO - Filling up the DagBag from /home/airflow/.local/lib/python3.8/site-packages/airflow/example_dags/example_trigger_target_dag.py
[2022-05-22 21:48:47,464] {scheduler_job.py:643} INFO - DAG(s) dict_keys(['example_trigger_target_dag']) retrieved from /home/airflow/.local/lib/python3.8/site-packages/airflow/example_dags/example_trigger_target_dag.py
[2022-05-22 21:48:47,536] {logging_mixin.py:104} INFO - [2022-05-22 21:48:47,535] {dag.py:1833} INFO - Sync 1 DAGs
[2022-05-22 21:48:47,591] {logging_mixin.py:104} INFO - [2022-05-22 21:48:47,591] {dag.py:2306} INFO - Setting next_dagrun for example_trigger_target_dag to None
[2022-05-22 21:48:47,652] {scheduler_job.py:190} INFO - Processing /home/airflow/.local/lib/python3.8/site-packages/airflow/example_dags/example_trigger_target_dag.py took 0.243 seconds
[2022-05-22 21:49:34,430] {scheduler_job.py:182} INFO - Started process (PID=201) to work on /home/airflow/.local/lib/python3.8/site-packages/airflow/example_dags/example_trigger_target_dag.py
[2022-05-22 21:49:34,433] {scheduler_job.py:633} INFO - Processing file /home/airflow/.local/lib/python3.8/site-packages/airflow/example_dags/example_trigger_target_dag.py for tasks to queue
[2022-05-22 21:49:34,436] {logging_mixin.py:104} INFO - [2022-05-22 21:49:34,436] {dagbag.py:496} INFO - Filling up the DagBag from /home/airflow/.local/lib/python3.8/site-packages/airflow/example_dags/example_trigger_target_dag.py
[2022-05-22 21:49:34,452] {scheduler_job.py:643} INFO - DAG(s) dict_keys(['example_trigger_target_dag']) retrieved from /home/airflow/.local/lib/python3.8/site-packages/airflow/example_dags/example_trigger_target_dag.py
[2022-05-22 21:49:34,479] {logging_mixin.py:104} INFO - [2022-05-22 21:49:34,479] {dag.py:1833} INFO - Sync 1 DAGs
[2022-05-22 21:49:34,507] {logging_mixin.py:104} INFO - [2022-05-22 21:49:34,507] {dag.py:2306} INFO - Setting next_dagrun for example_trigger_target_dag to None
[2022-05-22 21:49:34,643] {scheduler_job.py:190} INFO - Processing /home/airflow/.local/lib/python3.8/site-packages/airflow/example_dags/example_trigger_target_dag.py took 0.217 seconds
[2022-05-22 21:50:19,668] {scheduler_job.py:182} INFO - Started process (PID=238) to work on /home/airflow/.local/lib/python3.8/site-packages/airflow/example_dags/example_trigger_target_dag.py
[2022-05-22 21:50:19,672] {scheduler_job.py:633} INFO - Processing file /home/airflow/.local/lib/python3.8/site-packages/airflow/example_dags/example_trigger_target_dag.py for tasks to queue
[2022-05-22 21:50:19,675] {logging_mixin.py:104} INFO - [2022-05-22 21:50:19,674] {dagbag.py:496} INFO - Filling up the DagBag from /home/airflow/.local/lib/python3.8/site-packages/airflow/example_dags/example_trigger_target_dag.py
[2022-05-22 21:50:19,693] {scheduler_job.py:643} INFO - DAG(s) dict_keys(['example_trigger_target_dag']) retrieved from /home/airflow/.local/lib/python3.8/site-packages/airflow/example_dags/example_trigger_target_dag.py
[2022-05-22 21:50:19,734] {logging_mixin.py:104} INFO - [2022-05-22 21:50:19,734] {dag.py:1833} INFO - Sync 1 DAGs
[2022-05-22 21:50:19,763] {logging_mixin.py:104} INFO - [2022-05-22 21:50:19,763] {dag.py:2306} INFO - Setting next_dagrun for example_trigger_target_dag to None
[2022-05-22 21:50:19,822] {scheduler_job.py:190} INFO - Processing /home/airflow/.local/lib/python3.8/site-packages/airflow/example_dags/example_trigger_target_dag.py took 0.160 seconds
[2022-05-22 22:02:48,688] {scheduler_job.py:182} INFO - Started process (PID=56) to work on /home/airflow/.local/lib/python3.8/site-packages/airflow/example_dags/example_trigger_target_dag.py
[2022-05-22 22:02:48,692] {scheduler_job.py:633} INFO - Processing file /home/airflow/.local/lib/python3.8/site-packages/airflow/example_dags/example_trigger_target_dag.py for tasks to queue
[2022-05-22 22:02:48,695] {logging_mixin.py:104} INFO - [2022-05-22 22:02:48,695] {dagbag.py:496} INFO - Filling up the DagBag from /home/airflow/.local/lib/python3.8/site-packages/airflow/example_dags/example_trigger_target_dag.py
[2022-05-22 22:02:48,719] {scheduler_job.py:643} INFO - DAG(s) dict_keys(['example_trigger_target_dag']) retrieved from /home/airflow/.local/lib/python3.8/site-packages/airflow/example_dags/example_trigger_target_dag.py
[2022-05-22 22:02:48,751] {logging_mixin.py:104} INFO - [2022-05-22 22:02:48,751] {dag.py:1833} INFO - Sync 1 DAGs
[2022-05-22 22:02:48,782] {logging_mixin.py:104} INFO - [2022-05-22 22:02:48,781] {dag.py:2306} INFO - Setting next_dagrun for example_trigger_target_dag to None
[2022-05-22 22:02:48,842] {scheduler_job.py:190} INFO - Processing /home/airflow/.local/lib/python3.8/site-packages/airflow/example_dags/example_trigger_target_dag.py took 0.162 seconds
[2022-05-22 22:03:37,401] {scheduler_job.py:182} INFO - Started process (PID=94) to work on /home/airflow/.local/lib/python3.8/site-packages/airflow/example_dags/example_trigger_target_dag.py
[2022-05-22 22:03:37,405] {scheduler_job.py:633} INFO - Processing file /home/airflow/.local/lib/python3.8/site-packages/airflow/example_dags/example_trigger_target_dag.py for tasks to queue
[2022-05-22 22:03:37,408] {logging_mixin.py:104} INFO - [2022-05-22 22:03:37,407] {dagbag.py:496} INFO - Filling up the DagBag from /home/airflow/.local/lib/python3.8/site-packages/airflow/example_dags/example_trigger_target_dag.py
[2022-05-22 22:03:37,423] {scheduler_job.py:643} INFO - DAG(s) dict_keys(['example_trigger_target_dag']) retrieved from /home/airflow/.local/lib/python3.8/site-packages/airflow/example_dags/example_trigger_target_dag.py
[2022-05-22 22:03:37,445] {logging_mixin.py:104} INFO - [2022-05-22 22:03:37,445] {dag.py:1833} INFO - Sync 1 DAGs
[2022-05-22 22:03:37,465] {logging_mixin.py:104} INFO - [2022-05-22 22:03:37,465] {dag.py:2306} INFO - Setting next_dagrun for example_trigger_target_dag to None
[2022-05-22 22:03:37,508] {scheduler_job.py:190} INFO - Processing /home/airflow/.local/lib/python3.8/site-packages/airflow/example_dags/example_trigger_target_dag.py took 0.110 seconds
[2022-05-22 22:04:46,256] {scheduler_job.py:182} INFO - Started process (PID=147) to work on /home/airflow/.local/lib/python3.8/site-packages/airflow/example_dags/example_trigger_target_dag.py
[2022-05-22 22:04:46,260] {scheduler_job.py:633} INFO - Processing file /home/airflow/.local/lib/python3.8/site-packages/airflow/example_dags/example_trigger_target_dag.py for tasks to queue
[2022-05-22 22:04:46,262] {logging_mixin.py:104} INFO - [2022-05-22 22:04:46,262] {dagbag.py:496} INFO - Filling up the DagBag from /home/airflow/.local/lib/python3.8/site-packages/airflow/example_dags/example_trigger_target_dag.py
[2022-05-22 22:04:46,278] {scheduler_job.py:643} INFO - DAG(s) dict_keys(['example_trigger_target_dag']) retrieved from /home/airflow/.local/lib/python3.8/site-packages/airflow/example_dags/example_trigger_target_dag.py
[2022-05-22 22:04:46,308] {logging_mixin.py:104} INFO - [2022-05-22 22:04:46,307] {dag.py:1833} INFO - Sync 1 DAGs
[2022-05-22 22:04:46,333] {logging_mixin.py:104} INFO - [2022-05-22 22:04:46,333] {dag.py:2306} INFO - Setting next_dagrun for example_trigger_target_dag to None
[2022-05-22 22:04:46,378] {scheduler_job.py:190} INFO - Processing /home/airflow/.local/lib/python3.8/site-packages/airflow/example_dags/example_trigger_target_dag.py took 0.125 seconds
[2022-05-22 22:05:28,439] {scheduler_job.py:182} INFO - Started process (PID=180) to work on /home/airflow/.local/lib/python3.8/site-packages/airflow/example_dags/example_trigger_target_dag.py
[2022-05-22 22:05:28,441] {scheduler_job.py:633} INFO - Processing file /home/airflow/.local/lib/python3.8/site-packages/airflow/example_dags/example_trigger_target_dag.py for tasks to queue
[2022-05-22 22:05:28,444] {logging_mixin.py:104} INFO - [2022-05-22 22:05:28,444] {dagbag.py:496} INFO - Filling up the DagBag from /home/airflow/.local/lib/python3.8/site-packages/airflow/example_dags/example_trigger_target_dag.py
[2022-05-22 22:05:28,463] {scheduler_job.py:643} INFO - DAG(s) dict_keys(['example_trigger_target_dag']) retrieved from /home/airflow/.local/lib/python3.8/site-packages/airflow/example_dags/example_trigger_target_dag.py
[2022-05-22 22:05:28,500] {logging_mixin.py:104} INFO - [2022-05-22 22:05:28,500] {dag.py:1833} INFO - Sync 1 DAGs
[2022-05-22 22:05:28,528] {logging_mixin.py:104} INFO - [2022-05-22 22:05:28,528] {dag.py:2306} INFO - Setting next_dagrun for example_trigger_target_dag to None
[2022-05-22 22:05:28,583] {scheduler_job.py:190} INFO - Processing /home/airflow/.local/lib/python3.8/site-packages/airflow/example_dags/example_trigger_target_dag.py took 0.150 seconds
[2022-05-22 22:06:19,350] {scheduler_job.py:182} INFO - Started process (PID=221) to work on /home/airflow/.local/lib/python3.8/site-packages/airflow/example_dags/example_trigger_target_dag.py
[2022-05-22 22:06:19,356] {scheduler_job.py:633} INFO - Processing file /home/airflow/.local/lib/python3.8/site-packages/airflow/example_dags/example_trigger_target_dag.py for tasks to queue
[2022-05-22 22:06:19,358] {logging_mixin.py:104} INFO - [2022-05-22 22:06:19,358] {dagbag.py:496} INFO - Filling up the DagBag from /home/airflow/.local/lib/python3.8/site-packages/airflow/example_dags/example_trigger_target_dag.py
[2022-05-22 22:06:19,373] {scheduler_job.py:643} INFO - DAG(s) dict_keys(['example_trigger_target_dag']) retrieved from /home/airflow/.local/lib/python3.8/site-packages/airflow/example_dags/example_trigger_target_dag.py
[2022-05-22 22:06:19,399] {logging_mixin.py:104} INFO - [2022-05-22 22:06:19,398] {dag.py:1833} INFO - Sync 1 DAGs
[2022-05-22 22:06:19,419] {logging_mixin.py:104} INFO - [2022-05-22 22:06:19,419] {dag.py:2306} INFO - Setting next_dagrun for example_trigger_target_dag to None
[2022-05-22 22:06:19,466] {scheduler_job.py:190} INFO - Processing /home/airflow/.local/lib/python3.8/site-packages/airflow/example_dags/example_trigger_target_dag.py took 0.118 seconds
[2022-05-22 22:07:23,053] {scheduler_job.py:182} INFO - Started process (PID=264) to work on /home/airflow/.local/lib/python3.8/site-packages/airflow/example_dags/example_trigger_target_dag.py
[2022-05-22 22:07:23,057] {scheduler_job.py:633} INFO - Processing file /home/airflow/.local/lib/python3.8/site-packages/airflow/example_dags/example_trigger_target_dag.py for tasks to queue
[2022-05-22 22:07:23,059] {logging_mixin.py:104} INFO - [2022-05-22 22:07:23,059] {dagbag.py:496} INFO - Filling up the DagBag from /home/airflow/.local/lib/python3.8/site-packages/airflow/example_dags/example_trigger_target_dag.py
[2022-05-22 22:07:23,077] {scheduler_job.py:643} INFO - DAG(s) dict_keys(['example_trigger_target_dag']) retrieved from /home/airflow/.local/lib/python3.8/site-packages/airflow/example_dags/example_trigger_target_dag.py
[2022-05-22 22:07:23,102] {logging_mixin.py:104} INFO - [2022-05-22 22:07:23,102] {dag.py:1833} INFO - Sync 1 DAGs
[2022-05-22 22:07:23,122] {logging_mixin.py:104} INFO - [2022-05-22 22:07:23,122] {dag.py:2306} INFO - Setting next_dagrun for example_trigger_target_dag to None
[2022-05-22 22:07:23,169] {scheduler_job.py:190} INFO - Processing /home/airflow/.local/lib/python3.8/site-packages/airflow/example_dags/example_trigger_target_dag.py took 0.119 seconds
[2022-05-22 22:08:18,677] {scheduler_job.py:182} INFO - Started process (PID=304) to work on /home/airflow/.local/lib/python3.8/site-packages/airflow/example_dags/example_trigger_target_dag.py
[2022-05-22 22:08:18,682] {scheduler_job.py:633} INFO - Processing file /home/airflow/.local/lib/python3.8/site-packages/airflow/example_dags/example_trigger_target_dag.py for tasks to queue
[2022-05-22 22:08:18,684] {logging_mixin.py:104} INFO - [2022-05-22 22:08:18,684] {dagbag.py:496} INFO - Filling up the DagBag from /home/airflow/.local/lib/python3.8/site-packages/airflow/example_dags/example_trigger_target_dag.py
[2022-05-22 22:08:18,704] {scheduler_job.py:643} INFO - DAG(s) dict_keys(['example_trigger_target_dag']) retrieved from /home/airflow/.local/lib/python3.8/site-packages/airflow/example_dags/example_trigger_target_dag.py
[2022-05-22 22:08:18,733] {logging_mixin.py:104} INFO - [2022-05-22 22:08:18,733] {dag.py:1833} INFO - Sync 1 DAGs
[2022-05-22 22:08:18,753] {logging_mixin.py:104} INFO - [2022-05-22 22:08:18,753] {dag.py:2306} INFO - Setting next_dagrun for example_trigger_target_dag to None
[2022-05-22 22:08:18,808] {scheduler_job.py:190} INFO - Processing /home/airflow/.local/lib/python3.8/site-packages/airflow/example_dags/example_trigger_target_dag.py took 0.137 seconds
[2022-05-22 22:09:10,554] {scheduler_job.py:182} INFO - Started process (PID=345) to work on /home/airflow/.local/lib/python3.8/site-packages/airflow/example_dags/example_trigger_target_dag.py
[2022-05-22 22:09:10,558] {scheduler_job.py:633} INFO - Processing file /home/airflow/.local/lib/python3.8/site-packages/airflow/example_dags/example_trigger_target_dag.py for tasks to queue
[2022-05-22 22:09:10,561] {logging_mixin.py:104} INFO - [2022-05-22 22:09:10,561] {dagbag.py:496} INFO - Filling up the DagBag from /home/airflow/.local/lib/python3.8/site-packages/airflow/example_dags/example_trigger_target_dag.py
[2022-05-22 22:09:10,597] {scheduler_job.py:643} INFO - DAG(s) dict_keys(['example_trigger_target_dag']) retrieved from /home/airflow/.local/lib/python3.8/site-packages/airflow/example_dags/example_trigger_target_dag.py
[2022-05-22 22:09:10,648] {logging_mixin.py:104} INFO - [2022-05-22 22:09:10,648] {dag.py:1833} INFO - Sync 1 DAGs
[2022-05-22 22:09:10,680] {logging_mixin.py:104} INFO - [2022-05-22 22:09:10,680] {dag.py:2306} INFO - Setting next_dagrun for example_trigger_target_dag to None
[2022-05-22 22:09:10,748] {scheduler_job.py:190} INFO - Processing /home/airflow/.local/lib/python3.8/site-packages/airflow/example_dags/example_trigger_target_dag.py took 0.201 seconds
[2022-05-22 22:09:56,919] {scheduler_job.py:182} INFO - Started process (PID=382) to work on /home/airflow/.local/lib/python3.8/site-packages/airflow/example_dags/example_trigger_target_dag.py
[2022-05-22 22:09:56,923] {scheduler_job.py:633} INFO - Processing file /home/airflow/.local/lib/python3.8/site-packages/airflow/example_dags/example_trigger_target_dag.py for tasks to queue
[2022-05-22 22:09:56,925] {logging_mixin.py:104} INFO - [2022-05-22 22:09:56,925] {dagbag.py:496} INFO - Filling up the DagBag from /home/airflow/.local/lib/python3.8/site-packages/airflow/example_dags/example_trigger_target_dag.py
[2022-05-22 22:09:56,946] {scheduler_job.py:643} INFO - DAG(s) dict_keys(['example_trigger_target_dag']) retrieved from /home/airflow/.local/lib/python3.8/site-packages/airflow/example_dags/example_trigger_target_dag.py
[2022-05-22 22:09:56,977] {logging_mixin.py:104} INFO - [2022-05-22 22:09:56,977] {dag.py:1833} INFO - Sync 1 DAGs
[2022-05-22 22:09:57,007] {logging_mixin.py:104} INFO - [2022-05-22 22:09:57,007] {dag.py:2306} INFO - Setting next_dagrun for example_trigger_target_dag to None
[2022-05-22 22:09:57,063] {scheduler_job.py:190} INFO - Processing /home/airflow/.local/lib/python3.8/site-packages/airflow/example_dags/example_trigger_target_dag.py took 0.148 seconds
[2022-05-22 22:13:45,274] {scheduler_job.py:182} INFO - Started process (PID=70) to work on /home/airflow/.local/lib/python3.8/site-packages/airflow/example_dags/example_trigger_target_dag.py
[2022-05-22 22:13:45,280] {scheduler_job.py:633} INFO - Processing file /home/airflow/.local/lib/python3.8/site-packages/airflow/example_dags/example_trigger_target_dag.py for tasks to queue
[2022-05-22 22:13:45,282] {logging_mixin.py:104} INFO - [2022-05-22 22:13:45,282] {dagbag.py:496} INFO - Filling up the DagBag from /home/airflow/.local/lib/python3.8/site-packages/airflow/example_dags/example_trigger_target_dag.py
[2022-05-22 22:13:45,300] {scheduler_job.py:643} INFO - DAG(s) dict_keys(['example_trigger_target_dag']) retrieved from /home/airflow/.local/lib/python3.8/site-packages/airflow/example_dags/example_trigger_target_dag.py
[2022-05-22 22:13:45,323] {logging_mixin.py:104} INFO - [2022-05-22 22:13:45,323] {dag.py:1833} INFO - Sync 1 DAGs
[2022-05-22 22:13:45,348] {logging_mixin.py:104} INFO - [2022-05-22 22:13:45,347] {dag.py:2306} INFO - Setting next_dagrun for example_trigger_target_dag to None
[2022-05-22 22:13:45,395] {scheduler_job.py:190} INFO - Processing /home/airflow/.local/lib/python3.8/site-packages/airflow/example_dags/example_trigger_target_dag.py took 0.126 seconds
[2022-05-22 22:14:28,289] {scheduler_job.py:182} INFO - Started process (PID=105) to work on /home/airflow/.local/lib/python3.8/site-packages/airflow/example_dags/example_trigger_target_dag.py
[2022-05-22 22:14:28,291] {scheduler_job.py:633} INFO - Processing file /home/airflow/.local/lib/python3.8/site-packages/airflow/example_dags/example_trigger_target_dag.py for tasks to queue
[2022-05-22 22:14:28,294] {logging_mixin.py:104} INFO - [2022-05-22 22:14:28,294] {dagbag.py:496} INFO - Filling up the DagBag from /home/airflow/.local/lib/python3.8/site-packages/airflow/example_dags/example_trigger_target_dag.py
[2022-05-22 22:14:28,314] {scheduler_job.py:643} INFO - DAG(s) dict_keys(['example_trigger_target_dag']) retrieved from /home/airflow/.local/lib/python3.8/site-packages/airflow/example_dags/example_trigger_target_dag.py
[2022-05-22 22:14:28,346] {logging_mixin.py:104} INFO - [2022-05-22 22:14:28,346] {dag.py:1833} INFO - Sync 1 DAGs
[2022-05-22 22:14:28,377] {logging_mixin.py:104} INFO - [2022-05-22 22:14:28,377] {dag.py:2306} INFO - Setting next_dagrun for example_trigger_target_dag to None
[2022-05-22 22:14:28,444] {scheduler_job.py:190} INFO - Processing /home/airflow/.local/lib/python3.8/site-packages/airflow/example_dags/example_trigger_target_dag.py took 0.159 seconds
[2022-05-22 22:15:10,098] {scheduler_job.py:182} INFO - Started process (PID=138) to work on /home/airflow/.local/lib/python3.8/site-packages/airflow/example_dags/example_trigger_target_dag.py
[2022-05-22 22:15:10,102] {scheduler_job.py:633} INFO - Processing file /home/airflow/.local/lib/python3.8/site-packages/airflow/example_dags/example_trigger_target_dag.py for tasks to queue
[2022-05-22 22:15:10,103] {logging_mixin.py:104} INFO - [2022-05-22 22:15:10,103] {dagbag.py:496} INFO - Filling up the DagBag from /home/airflow/.local/lib/python3.8/site-packages/airflow/example_dags/example_trigger_target_dag.py
[2022-05-22 22:15:10,118] {scheduler_job.py:643} INFO - DAG(s) dict_keys(['example_trigger_target_dag']) retrieved from /home/airflow/.local/lib/python3.8/site-packages/airflow/example_dags/example_trigger_target_dag.py
[2022-05-22 22:15:10,142] {logging_mixin.py:104} INFO - [2022-05-22 22:15:10,142] {dag.py:1833} INFO - Sync 1 DAGs
[2022-05-22 22:15:10,164] {logging_mixin.py:104} INFO - [2022-05-22 22:15:10,164] {dag.py:2306} INFO - Setting next_dagrun for example_trigger_target_dag to None
[2022-05-22 22:15:10,210] {scheduler_job.py:190} INFO - Processing /home/airflow/.local/lib/python3.8/site-packages/airflow/example_dags/example_trigger_target_dag.py took 0.115 seconds
[2022-05-22 22:15:58,822] {scheduler_job.py:182} INFO - Started process (PID=176) to work on /home/airflow/.local/lib/python3.8/site-packages/airflow/example_dags/example_trigger_target_dag.py
[2022-05-22 22:15:58,836] {scheduler_job.py:633} INFO - Processing file /home/airflow/.local/lib/python3.8/site-packages/airflow/example_dags/example_trigger_target_dag.py for tasks to queue
[2022-05-22 22:15:58,846] {logging_mixin.py:104} INFO - [2022-05-22 22:15:58,841] {dagbag.py:496} INFO - Filling up the DagBag from /home/airflow/.local/lib/python3.8/site-packages/airflow/example_dags/example_trigger_target_dag.py
[2022-05-22 22:15:58,941] {scheduler_job.py:643} INFO - DAG(s) dict_keys(['example_trigger_target_dag']) retrieved from /home/airflow/.local/lib/python3.8/site-packages/airflow/example_dags/example_trigger_target_dag.py
[2022-05-22 22:15:58,999] {logging_mixin.py:104} INFO - [2022-05-22 22:15:58,999] {dag.py:1833} INFO - Sync 1 DAGs
[2022-05-22 22:15:59,035] {logging_mixin.py:104} INFO - [2022-05-22 22:15:59,035] {dag.py:2306} INFO - Setting next_dagrun for example_trigger_target_dag to None
[2022-05-22 22:15:59,114] {scheduler_job.py:190} INFO - Processing /home/airflow/.local/lib/python3.8/site-packages/airflow/example_dags/example_trigger_target_dag.py took 0.302 seconds
[2022-05-22 22:19:26,715] {scheduler_job.py:182} INFO - Started process (PID=71) to work on /home/airflow/.local/lib/python3.8/site-packages/airflow/example_dags/example_trigger_target_dag.py
[2022-05-22 22:19:26,719] {scheduler_job.py:633} INFO - Processing file /home/airflow/.local/lib/python3.8/site-packages/airflow/example_dags/example_trigger_target_dag.py for tasks to queue
[2022-05-22 22:19:26,721] {logging_mixin.py:104} INFO - [2022-05-22 22:19:26,721] {dagbag.py:496} INFO - Filling up the DagBag from /home/airflow/.local/lib/python3.8/site-packages/airflow/example_dags/example_trigger_target_dag.py
[2022-05-22 22:19:26,739] {scheduler_job.py:643} INFO - DAG(s) dict_keys(['example_trigger_target_dag']) retrieved from /home/airflow/.local/lib/python3.8/site-packages/airflow/example_dags/example_trigger_target_dag.py
[2022-05-22 22:19:26,764] {logging_mixin.py:104} INFO - [2022-05-22 22:19:26,764] {dag.py:1833} INFO - Sync 1 DAGs
[2022-05-22 22:19:26,785] {logging_mixin.py:104} INFO - [2022-05-22 22:19:26,785] {dag.py:2306} INFO - Setting next_dagrun for example_trigger_target_dag to None
[2022-05-22 22:19:26,833] {scheduler_job.py:190} INFO - Processing /home/airflow/.local/lib/python3.8/site-packages/airflow/example_dags/example_trigger_target_dag.py took 0.121 seconds
