[2022-05-22 20:46:04,911] {scheduler_job.py:182} INFO - Started process (PID=30) to work on /home/airflow/.local/lib/python3.8/site-packages/airflow/example_dags/example_external_task_marker_dag.py
[2022-05-22 20:46:04,915] {scheduler_job.py:633} INFO - Processing file /home/airflow/.local/lib/python3.8/site-packages/airflow/example_dags/example_external_task_marker_dag.py for tasks to queue
[2022-05-22 20:46:04,918] {logging_mixin.py:104} INFO - [2022-05-22 20:46:04,918] {dagbag.py:496} INFO - Filling up the DagBag from /home/airflow/.local/lib/python3.8/site-packages/airflow/example_dags/example_external_task_marker_dag.py
[2022-05-22 20:46:04,938] {scheduler_job.py:643} INFO - DAG(s) dict_keys(['example_external_task_marker_parent', 'example_external_task_marker_child']) retrieved from /home/airflow/.local/lib/python3.8/site-packages/airflow/example_dags/example_external_task_marker_dag.py
[2022-05-22 20:46:05,298] {logging_mixin.py:104} INFO - [2022-05-22 20:46:05,298] {dag.py:1833} INFO - Sync 2 DAGs
[2022-05-22 20:46:05,317] {logging_mixin.py:104} INFO - [2022-05-22 20:46:05,317] {dag.py:2306} INFO - Setting next_dagrun for example_external_task_marker_child to None
[2022-05-22 20:46:05,319] {logging_mixin.py:104} INFO - [2022-05-22 20:46:05,319] {dag.py:2306} INFO - Setting next_dagrun for example_external_task_marker_parent to None
[2022-05-22 20:46:05,375] {scheduler_job.py:190} INFO - Processing /home/airflow/.local/lib/python3.8/site-packages/airflow/example_dags/example_external_task_marker_dag.py took 0.468 seconds
[2022-05-22 20:46:43,491] {scheduler_job.py:182} INFO - Started process (PID=61) to work on /home/airflow/.local/lib/python3.8/site-packages/airflow/example_dags/example_external_task_marker_dag.py
[2022-05-22 20:46:43,494] {scheduler_job.py:633} INFO - Processing file /home/airflow/.local/lib/python3.8/site-packages/airflow/example_dags/example_external_task_marker_dag.py for tasks to queue
[2022-05-22 20:46:43,496] {logging_mixin.py:104} INFO - [2022-05-22 20:46:43,495] {dagbag.py:496} INFO - Filling up the DagBag from /home/airflow/.local/lib/python3.8/site-packages/airflow/example_dags/example_external_task_marker_dag.py
[2022-05-22 20:46:43,509] {scheduler_job.py:643} INFO - DAG(s) dict_keys(['example_external_task_marker_parent', 'example_external_task_marker_child']) retrieved from /home/airflow/.local/lib/python3.8/site-packages/airflow/example_dags/example_external_task_marker_dag.py
[2022-05-22 20:46:43,768] {logging_mixin.py:104} INFO - [2022-05-22 20:46:43,768] {dag.py:1833} INFO - Sync 2 DAGs
[2022-05-22 20:46:43,788] {logging_mixin.py:104} INFO - [2022-05-22 20:46:43,788] {dag.py:2306} INFO - Setting next_dagrun for example_external_task_marker_child to None
[2022-05-22 20:46:43,790] {logging_mixin.py:104} INFO - [2022-05-22 20:46:43,790] {dag.py:2306} INFO - Setting next_dagrun for example_external_task_marker_parent to None
[2022-05-22 20:46:43,846] {scheduler_job.py:190} INFO - Processing /home/airflow/.local/lib/python3.8/site-packages/airflow/example_dags/example_external_task_marker_dag.py took 0.358 seconds
[2022-05-22 20:47:26,277] {scheduler_job.py:182} INFO - Started process (PID=92) to work on /home/airflow/.local/lib/python3.8/site-packages/airflow/example_dags/example_external_task_marker_dag.py
[2022-05-22 20:47:26,281] {scheduler_job.py:633} INFO - Processing file /home/airflow/.local/lib/python3.8/site-packages/airflow/example_dags/example_external_task_marker_dag.py for tasks to queue
[2022-05-22 20:47:26,283] {logging_mixin.py:104} INFO - [2022-05-22 20:47:26,283] {dagbag.py:496} INFO - Filling up the DagBag from /home/airflow/.local/lib/python3.8/site-packages/airflow/example_dags/example_external_task_marker_dag.py
[2022-05-22 20:47:26,301] {scheduler_job.py:643} INFO - DAG(s) dict_keys(['example_external_task_marker_parent', 'example_external_task_marker_child']) retrieved from /home/airflow/.local/lib/python3.8/site-packages/airflow/example_dags/example_external_task_marker_dag.py
[2022-05-22 20:47:26,574] {logging_mixin.py:104} INFO - [2022-05-22 20:47:26,573] {dag.py:1833} INFO - Sync 2 DAGs
[2022-05-22 20:47:26,598] {logging_mixin.py:104} INFO - [2022-05-22 20:47:26,598] {dag.py:2306} INFO - Setting next_dagrun for example_external_task_marker_child to None
[2022-05-22 20:47:26,599] {logging_mixin.py:104} INFO - [2022-05-22 20:47:26,599] {dag.py:2306} INFO - Setting next_dagrun for example_external_task_marker_parent to None
[2022-05-22 20:47:26,652] {scheduler_job.py:190} INFO - Processing /home/airflow/.local/lib/python3.8/site-packages/airflow/example_dags/example_external_task_marker_dag.py took 0.380 seconds
[2022-05-22 20:48:07,087] {scheduler_job.py:182} INFO - Started process (PID=121) to work on /home/airflow/.local/lib/python3.8/site-packages/airflow/example_dags/example_external_task_marker_dag.py
[2022-05-22 20:48:07,091] {scheduler_job.py:633} INFO - Processing file /home/airflow/.local/lib/python3.8/site-packages/airflow/example_dags/example_external_task_marker_dag.py for tasks to queue
[2022-05-22 20:48:07,093] {logging_mixin.py:104} INFO - [2022-05-22 20:48:07,092] {dagbag.py:496} INFO - Filling up the DagBag from /home/airflow/.local/lib/python3.8/site-packages/airflow/example_dags/example_external_task_marker_dag.py
[2022-05-22 20:48:07,105] {scheduler_job.py:643} INFO - DAG(s) dict_keys(['example_external_task_marker_parent', 'example_external_task_marker_child']) retrieved from /home/airflow/.local/lib/python3.8/site-packages/airflow/example_dags/example_external_task_marker_dag.py
[2022-05-22 20:48:07,136] {logging_mixin.py:104} INFO - [2022-05-22 20:48:07,135] {dag.py:1833} INFO - Sync 2 DAGs
[2022-05-22 20:48:07,156] {logging_mixin.py:104} INFO - [2022-05-22 20:48:07,156] {dag.py:2306} INFO - Setting next_dagrun for example_external_task_marker_child to None
[2022-05-22 20:48:07,158] {logging_mixin.py:104} INFO - [2022-05-22 20:48:07,158] {dag.py:2306} INFO - Setting next_dagrun for example_external_task_marker_parent to None
[2022-05-22 20:48:07,207] {scheduler_job.py:190} INFO - Processing /home/airflow/.local/lib/python3.8/site-packages/airflow/example_dags/example_external_task_marker_dag.py took 0.122 seconds
[2022-05-22 20:48:47,541] {scheduler_job.py:182} INFO - Started process (PID=147) to work on /home/airflow/.local/lib/python3.8/site-packages/airflow/example_dags/example_external_task_marker_dag.py
[2022-05-22 20:48:47,545] {scheduler_job.py:633} INFO - Processing file /home/airflow/.local/lib/python3.8/site-packages/airflow/example_dags/example_external_task_marker_dag.py for tasks to queue
[2022-05-22 20:48:47,547] {logging_mixin.py:104} INFO - [2022-05-22 20:48:47,547] {dagbag.py:496} INFO - Filling up the DagBag from /home/airflow/.local/lib/python3.8/site-packages/airflow/example_dags/example_external_task_marker_dag.py
[2022-05-22 20:48:47,568] {scheduler_job.py:643} INFO - DAG(s) dict_keys(['example_external_task_marker_parent', 'example_external_task_marker_child']) retrieved from /home/airflow/.local/lib/python3.8/site-packages/airflow/example_dags/example_external_task_marker_dag.py
[2022-05-22 20:48:47,614] {logging_mixin.py:104} INFO - [2022-05-22 20:48:47,614] {dag.py:1833} INFO - Sync 2 DAGs
[2022-05-22 20:48:47,652] {logging_mixin.py:104} INFO - [2022-05-22 20:48:47,652] {dag.py:2306} INFO - Setting next_dagrun for example_external_task_marker_child to None
[2022-05-22 20:48:47,657] {logging_mixin.py:104} INFO - [2022-05-22 20:48:47,657] {dag.py:2306} INFO - Setting next_dagrun for example_external_task_marker_parent to None
[2022-05-22 20:48:47,743] {scheduler_job.py:190} INFO - Processing /home/airflow/.local/lib/python3.8/site-packages/airflow/example_dags/example_external_task_marker_dag.py took 0.207 seconds
[2022-05-22 20:49:38,573] {scheduler_job.py:182} INFO - Started process (PID=173) to work on /home/airflow/.local/lib/python3.8/site-packages/airflow/example_dags/example_external_task_marker_dag.py
[2022-05-22 20:49:38,580] {scheduler_job.py:633} INFO - Processing file /home/airflow/.local/lib/python3.8/site-packages/airflow/example_dags/example_external_task_marker_dag.py for tasks to queue
[2022-05-22 20:49:38,582] {logging_mixin.py:104} INFO - [2022-05-22 20:49:38,582] {dagbag.py:496} INFO - Filling up the DagBag from /home/airflow/.local/lib/python3.8/site-packages/airflow/example_dags/example_external_task_marker_dag.py
[2022-05-22 20:49:38,602] {scheduler_job.py:643} INFO - DAG(s) dict_keys(['example_external_task_marker_parent', 'example_external_task_marker_child']) retrieved from /home/airflow/.local/lib/python3.8/site-packages/airflow/example_dags/example_external_task_marker_dag.py
[2022-05-22 20:49:38,655] {logging_mixin.py:104} INFO - [2022-05-22 20:49:38,655] {dag.py:1833} INFO - Sync 2 DAGs
[2022-05-22 20:49:38,693] {logging_mixin.py:104} INFO - [2022-05-22 20:49:38,693] {dag.py:2306} INFO - Setting next_dagrun for example_external_task_marker_child to None
[2022-05-22 20:49:38,696] {logging_mixin.py:104} INFO - [2022-05-22 20:49:38,696] {dag.py:2306} INFO - Setting next_dagrun for example_external_task_marker_parent to None
[2022-05-22 20:49:38,804] {scheduler_job.py:190} INFO - Processing /home/airflow/.local/lib/python3.8/site-packages/airflow/example_dags/example_external_task_marker_dag.py took 0.237 seconds
[2022-05-22 20:50:18,799] {scheduler_job.py:182} INFO - Started process (PID=202) to work on /home/airflow/.local/lib/python3.8/site-packages/airflow/example_dags/example_external_task_marker_dag.py
[2022-05-22 20:50:18,806] {scheduler_job.py:633} INFO - Processing file /home/airflow/.local/lib/python3.8/site-packages/airflow/example_dags/example_external_task_marker_dag.py for tasks to queue
[2022-05-22 20:50:18,809] {logging_mixin.py:104} INFO - [2022-05-22 20:50:18,809] {dagbag.py:496} INFO - Filling up the DagBag from /home/airflow/.local/lib/python3.8/site-packages/airflow/example_dags/example_external_task_marker_dag.py
[2022-05-22 20:50:18,829] {scheduler_job.py:643} INFO - DAG(s) dict_keys(['example_external_task_marker_parent', 'example_external_task_marker_child']) retrieved from /home/airflow/.local/lib/python3.8/site-packages/airflow/example_dags/example_external_task_marker_dag.py
[2022-05-22 20:50:18,876] {logging_mixin.py:104} INFO - [2022-05-22 20:50:18,876] {dag.py:1833} INFO - Sync 2 DAGs
[2022-05-22 20:50:18,909] {logging_mixin.py:104} INFO - [2022-05-22 20:50:18,909] {dag.py:2306} INFO - Setting next_dagrun for example_external_task_marker_child to None
[2022-05-22 20:50:18,911] {logging_mixin.py:104} INFO - [2022-05-22 20:50:18,911] {dag.py:2306} INFO - Setting next_dagrun for example_external_task_marker_parent to None
[2022-05-22 20:50:19,006] {scheduler_job.py:190} INFO - Processing /home/airflow/.local/lib/python3.8/site-packages/airflow/example_dags/example_external_task_marker_dag.py took 0.211 seconds
[2022-05-22 20:51:10,132] {scheduler_job.py:182} INFO - Started process (PID=235) to work on /home/airflow/.local/lib/python3.8/site-packages/airflow/example_dags/example_external_task_marker_dag.py
[2022-05-22 20:51:10,135] {scheduler_job.py:633} INFO - Processing file /home/airflow/.local/lib/python3.8/site-packages/airflow/example_dags/example_external_task_marker_dag.py for tasks to queue
[2022-05-22 20:51:10,137] {logging_mixin.py:104} INFO - [2022-05-22 20:51:10,137] {dagbag.py:496} INFO - Filling up the DagBag from /home/airflow/.local/lib/python3.8/site-packages/airflow/example_dags/example_external_task_marker_dag.py
[2022-05-22 20:51:10,156] {scheduler_job.py:643} INFO - DAG(s) dict_keys(['example_external_task_marker_parent', 'example_external_task_marker_child']) retrieved from /home/airflow/.local/lib/python3.8/site-packages/airflow/example_dags/example_external_task_marker_dag.py
[2022-05-22 20:51:10,209] {logging_mixin.py:104} INFO - [2022-05-22 20:51:10,208] {dag.py:1833} INFO - Sync 2 DAGs
[2022-05-22 20:51:10,247] {logging_mixin.py:104} INFO - [2022-05-22 20:51:10,246] {dag.py:2306} INFO - Setting next_dagrun for example_external_task_marker_child to None
[2022-05-22 20:51:10,249] {logging_mixin.py:104} INFO - [2022-05-22 20:51:10,249] {dag.py:2306} INFO - Setting next_dagrun for example_external_task_marker_parent to None
[2022-05-22 20:51:10,336] {scheduler_job.py:190} INFO - Processing /home/airflow/.local/lib/python3.8/site-packages/airflow/example_dags/example_external_task_marker_dag.py took 0.208 seconds
[2022-05-22 20:51:56,208] {scheduler_job.py:182} INFO - Started process (PID=267) to work on /home/airflow/.local/lib/python3.8/site-packages/airflow/example_dags/example_external_task_marker_dag.py
[2022-05-22 20:51:56,213] {scheduler_job.py:633} INFO - Processing file /home/airflow/.local/lib/python3.8/site-packages/airflow/example_dags/example_external_task_marker_dag.py for tasks to queue
[2022-05-22 20:51:56,215] {logging_mixin.py:104} INFO - [2022-05-22 20:51:56,215] {dagbag.py:496} INFO - Filling up the DagBag from /home/airflow/.local/lib/python3.8/site-packages/airflow/example_dags/example_external_task_marker_dag.py
[2022-05-22 20:51:56,234] {scheduler_job.py:643} INFO - DAG(s) dict_keys(['example_external_task_marker_parent', 'example_external_task_marker_child']) retrieved from /home/airflow/.local/lib/python3.8/site-packages/airflow/example_dags/example_external_task_marker_dag.py
[2022-05-22 20:51:56,656] {logging_mixin.py:104} INFO - [2022-05-22 20:51:56,655] {dag.py:1833} INFO - Sync 2 DAGs
[2022-05-22 20:51:56,694] {logging_mixin.py:104} INFO - [2022-05-22 20:51:56,693] {dag.py:2306} INFO - Setting next_dagrun for example_external_task_marker_child to None
[2022-05-22 20:51:56,698] {logging_mixin.py:104} INFO - [2022-05-22 20:51:56,698] {dag.py:2306} INFO - Setting next_dagrun for example_external_task_marker_parent to None
[2022-05-22 20:51:56,809] {scheduler_job.py:190} INFO - Processing /home/airflow/.local/lib/python3.8/site-packages/airflow/example_dags/example_external_task_marker_dag.py took 0.605 seconds
[2022-05-22 21:24:24,031] {scheduler_job.py:182} INFO - Started process (PID=32) to work on /home/airflow/.local/lib/python3.8/site-packages/airflow/example_dags/example_external_task_marker_dag.py
[2022-05-22 21:24:24,035] {scheduler_job.py:633} INFO - Processing file /home/airflow/.local/lib/python3.8/site-packages/airflow/example_dags/example_external_task_marker_dag.py for tasks to queue
[2022-05-22 21:24:24,037] {logging_mixin.py:104} INFO - [2022-05-22 21:24:24,037] {dagbag.py:496} INFO - Filling up the DagBag from /home/airflow/.local/lib/python3.8/site-packages/airflow/example_dags/example_external_task_marker_dag.py
[2022-05-22 21:24:24,066] {scheduler_job.py:643} INFO - DAG(s) dict_keys(['example_external_task_marker_parent', 'example_external_task_marker_child']) retrieved from /home/airflow/.local/lib/python3.8/site-packages/airflow/example_dags/example_external_task_marker_dag.py
[2022-05-22 21:24:24,536] {logging_mixin.py:104} INFO - [2022-05-22 21:24:24,536] {dag.py:1833} INFO - Sync 2 DAGs
[2022-05-22 21:24:24,564] {logging_mixin.py:104} INFO - [2022-05-22 21:24:24,564] {dag.py:2306} INFO - Setting next_dagrun for example_external_task_marker_child to None
[2022-05-22 21:24:24,566] {logging_mixin.py:104} INFO - [2022-05-22 21:24:24,566] {dag.py:2306} INFO - Setting next_dagrun for example_external_task_marker_parent to None
[2022-05-22 21:24:24,634] {scheduler_job.py:190} INFO - Processing /home/airflow/.local/lib/python3.8/site-packages/airflow/example_dags/example_external_task_marker_dag.py took 0.606 seconds
[2022-05-22 21:25:10,507] {scheduler_job.py:182} INFO - Started process (PID=65) to work on /home/airflow/.local/lib/python3.8/site-packages/airflow/example_dags/example_external_task_marker_dag.py
[2022-05-22 21:25:10,515] {scheduler_job.py:633} INFO - Processing file /home/airflow/.local/lib/python3.8/site-packages/airflow/example_dags/example_external_task_marker_dag.py for tasks to queue
[2022-05-22 21:25:10,517] {logging_mixin.py:104} INFO - [2022-05-22 21:25:10,516] {dagbag.py:496} INFO - Filling up the DagBag from /home/airflow/.local/lib/python3.8/site-packages/airflow/example_dags/example_external_task_marker_dag.py
[2022-05-22 21:25:10,543] {scheduler_job.py:643} INFO - DAG(s) dict_keys(['example_external_task_marker_parent', 'example_external_task_marker_child']) retrieved from /home/airflow/.local/lib/python3.8/site-packages/airflow/example_dags/example_external_task_marker_dag.py
[2022-05-22 21:25:11,084] {logging_mixin.py:104} INFO - [2022-05-22 21:25:11,083] {dag.py:1833} INFO - Sync 2 DAGs
[2022-05-22 21:25:11,134] {logging_mixin.py:104} INFO - [2022-05-22 21:25:11,133] {dag.py:2306} INFO - Setting next_dagrun for example_external_task_marker_child to None
[2022-05-22 21:25:11,136] {logging_mixin.py:104} INFO - [2022-05-22 21:25:11,136] {dag.py:2306} INFO - Setting next_dagrun for example_external_task_marker_parent to None
[2022-05-22 21:25:11,236] {scheduler_job.py:190} INFO - Processing /home/airflow/.local/lib/python3.8/site-packages/airflow/example_dags/example_external_task_marker_dag.py took 0.737 seconds
[2022-05-22 21:27:43,449] {scheduler_job.py:182} INFO - Started process (PID=33) to work on /home/airflow/.local/lib/python3.8/site-packages/airflow/example_dags/example_external_task_marker_dag.py
[2022-05-22 21:27:43,454] {scheduler_job.py:633} INFO - Processing file /home/airflow/.local/lib/python3.8/site-packages/airflow/example_dags/example_external_task_marker_dag.py for tasks to queue
[2022-05-22 21:27:43,456] {logging_mixin.py:104} INFO - [2022-05-22 21:27:43,456] {dagbag.py:496} INFO - Filling up the DagBag from /home/airflow/.local/lib/python3.8/site-packages/airflow/example_dags/example_external_task_marker_dag.py
[2022-05-22 21:27:43,477] {scheduler_job.py:643} INFO - DAG(s) dict_keys(['example_external_task_marker_parent', 'example_external_task_marker_child']) retrieved from /home/airflow/.local/lib/python3.8/site-packages/airflow/example_dags/example_external_task_marker_dag.py
[2022-05-22 21:27:43,800] {logging_mixin.py:104} INFO - [2022-05-22 21:27:43,800] {dag.py:1833} INFO - Sync 2 DAGs
[2022-05-22 21:27:43,822] {logging_mixin.py:104} INFO - [2022-05-22 21:27:43,822] {dag.py:2306} INFO - Setting next_dagrun for example_external_task_marker_child to None
[2022-05-22 21:27:43,824] {logging_mixin.py:104} INFO - [2022-05-22 21:27:43,824] {dag.py:2306} INFO - Setting next_dagrun for example_external_task_marker_parent to None
[2022-05-22 21:27:43,902] {scheduler_job.py:190} INFO - Processing /home/airflow/.local/lib/python3.8/site-packages/airflow/example_dags/example_external_task_marker_dag.py took 0.461 seconds
[2022-05-22 21:28:25,611] {scheduler_job.py:182} INFO - Started process (PID=66) to work on /home/airflow/.local/lib/python3.8/site-packages/airflow/example_dags/example_external_task_marker_dag.py
[2022-05-22 21:28:25,616] {scheduler_job.py:633} INFO - Processing file /home/airflow/.local/lib/python3.8/site-packages/airflow/example_dags/example_external_task_marker_dag.py for tasks to queue
[2022-05-22 21:28:25,618] {logging_mixin.py:104} INFO - [2022-05-22 21:28:25,618] {dagbag.py:496} INFO - Filling up the DagBag from /home/airflow/.local/lib/python3.8/site-packages/airflow/example_dags/example_external_task_marker_dag.py
[2022-05-22 21:28:25,643] {scheduler_job.py:643} INFO - DAG(s) dict_keys(['example_external_task_marker_parent', 'example_external_task_marker_child']) retrieved from /home/airflow/.local/lib/python3.8/site-packages/airflow/example_dags/example_external_task_marker_dag.py
[2022-05-22 21:28:25,683] {logging_mixin.py:104} INFO - [2022-05-22 21:28:25,683] {dag.py:1833} INFO - Sync 2 DAGs
[2022-05-22 21:28:25,716] {logging_mixin.py:104} INFO - [2022-05-22 21:28:25,716] {dag.py:2306} INFO - Setting next_dagrun for example_external_task_marker_child to None
[2022-05-22 21:28:25,718] {logging_mixin.py:104} INFO - [2022-05-22 21:28:25,718] {dag.py:2306} INFO - Setting next_dagrun for example_external_task_marker_parent to None
[2022-05-22 21:28:25,788] {scheduler_job.py:190} INFO - Processing /home/airflow/.local/lib/python3.8/site-packages/airflow/example_dags/example_external_task_marker_dag.py took 0.183 seconds
[2022-05-22 21:29:17,468] {scheduler_job.py:182} INFO - Started process (PID=103) to work on /home/airflow/.local/lib/python3.8/site-packages/airflow/example_dags/example_external_task_marker_dag.py
[2022-05-22 21:29:17,472] {scheduler_job.py:633} INFO - Processing file /home/airflow/.local/lib/python3.8/site-packages/airflow/example_dags/example_external_task_marker_dag.py for tasks to queue
[2022-05-22 21:29:17,478] {logging_mixin.py:104} INFO - [2022-05-22 21:29:17,478] {dagbag.py:496} INFO - Filling up the DagBag from /home/airflow/.local/lib/python3.8/site-packages/airflow/example_dags/example_external_task_marker_dag.py
[2022-05-22 21:29:17,497] {scheduler_job.py:643} INFO - DAG(s) dict_keys(['example_external_task_marker_parent', 'example_external_task_marker_child']) retrieved from /home/airflow/.local/lib/python3.8/site-packages/airflow/example_dags/example_external_task_marker_dag.py
[2022-05-22 21:29:17,540] {logging_mixin.py:104} INFO - [2022-05-22 21:29:17,539] {dag.py:1833} INFO - Sync 2 DAGs
[2022-05-22 21:29:17,573] {logging_mixin.py:104} INFO - [2022-05-22 21:29:17,573] {dag.py:2306} INFO - Setting next_dagrun for example_external_task_marker_child to None
[2022-05-22 21:29:17,576] {logging_mixin.py:104} INFO - [2022-05-22 21:29:17,576] {dag.py:2306} INFO - Setting next_dagrun for example_external_task_marker_parent to None
[2022-05-22 21:29:17,633] {scheduler_job.py:190} INFO - Processing /home/airflow/.local/lib/python3.8/site-packages/airflow/example_dags/example_external_task_marker_dag.py took 0.168 seconds
[2022-05-22 21:29:54,356] {scheduler_job.py:182} INFO - Started process (PID=132) to work on /home/airflow/.local/lib/python3.8/site-packages/airflow/example_dags/example_external_task_marker_dag.py
[2022-05-22 21:29:54,362] {scheduler_job.py:633} INFO - Processing file /home/airflow/.local/lib/python3.8/site-packages/airflow/example_dags/example_external_task_marker_dag.py for tasks to queue
[2022-05-22 21:29:54,363] {logging_mixin.py:104} INFO - [2022-05-22 21:29:54,363] {dagbag.py:496} INFO - Filling up the DagBag from /home/airflow/.local/lib/python3.8/site-packages/airflow/example_dags/example_external_task_marker_dag.py
[2022-05-22 21:29:54,396] {scheduler_job.py:643} INFO - DAG(s) dict_keys(['example_external_task_marker_parent', 'example_external_task_marker_child']) retrieved from /home/airflow/.local/lib/python3.8/site-packages/airflow/example_dags/example_external_task_marker_dag.py
[2022-05-22 21:29:54,473] {logging_mixin.py:104} INFO - [2022-05-22 21:29:54,473] {dag.py:1833} INFO - Sync 2 DAGs
[2022-05-22 21:29:54,541] {logging_mixin.py:104} INFO - [2022-05-22 21:29:54,541] {dag.py:2306} INFO - Setting next_dagrun for example_external_task_marker_child to None
[2022-05-22 21:29:54,544] {logging_mixin.py:104} INFO - [2022-05-22 21:29:54,544] {dag.py:2306} INFO - Setting next_dagrun for example_external_task_marker_parent to None
[2022-05-22 21:29:54,612] {scheduler_job.py:190} INFO - Processing /home/airflow/.local/lib/python3.8/site-packages/airflow/example_dags/example_external_task_marker_dag.py took 0.267 seconds
[2022-05-22 21:30:36,386] {scheduler_job.py:182} INFO - Started process (PID=164) to work on /home/airflow/.local/lib/python3.8/site-packages/airflow/example_dags/example_external_task_marker_dag.py
[2022-05-22 21:30:36,389] {scheduler_job.py:633} INFO - Processing file /home/airflow/.local/lib/python3.8/site-packages/airflow/example_dags/example_external_task_marker_dag.py for tasks to queue
[2022-05-22 21:30:36,391] {logging_mixin.py:104} INFO - [2022-05-22 21:30:36,391] {dagbag.py:496} INFO - Filling up the DagBag from /home/airflow/.local/lib/python3.8/site-packages/airflow/example_dags/example_external_task_marker_dag.py
[2022-05-22 21:30:36,405] {scheduler_job.py:643} INFO - DAG(s) dict_keys(['example_external_task_marker_parent', 'example_external_task_marker_child']) retrieved from /home/airflow/.local/lib/python3.8/site-packages/airflow/example_dags/example_external_task_marker_dag.py
[2022-05-22 21:30:36,435] {logging_mixin.py:104} INFO - [2022-05-22 21:30:36,435] {dag.py:1833} INFO - Sync 2 DAGs
[2022-05-22 21:30:36,457] {logging_mixin.py:104} INFO - [2022-05-22 21:30:36,457] {dag.py:2306} INFO - Setting next_dagrun for example_external_task_marker_child to None
[2022-05-22 21:30:36,459] {logging_mixin.py:104} INFO - [2022-05-22 21:30:36,459] {dag.py:2306} INFO - Setting next_dagrun for example_external_task_marker_parent to None
[2022-05-22 21:30:36,511] {scheduler_job.py:190} INFO - Processing /home/airflow/.local/lib/python3.8/site-packages/airflow/example_dags/example_external_task_marker_dag.py took 0.128 seconds
[2022-05-22 21:31:16,553] {scheduler_job.py:182} INFO - Started process (PID=195) to work on /home/airflow/.local/lib/python3.8/site-packages/airflow/example_dags/example_external_task_marker_dag.py
[2022-05-22 21:31:16,556] {scheduler_job.py:633} INFO - Processing file /home/airflow/.local/lib/python3.8/site-packages/airflow/example_dags/example_external_task_marker_dag.py for tasks to queue
[2022-05-22 21:31:16,558] {logging_mixin.py:104} INFO - [2022-05-22 21:31:16,558] {dagbag.py:496} INFO - Filling up the DagBag from /home/airflow/.local/lib/python3.8/site-packages/airflow/example_dags/example_external_task_marker_dag.py
[2022-05-22 21:31:16,570] {scheduler_job.py:643} INFO - DAG(s) dict_keys(['example_external_task_marker_parent', 'example_external_task_marker_child']) retrieved from /home/airflow/.local/lib/python3.8/site-packages/airflow/example_dags/example_external_task_marker_dag.py
[2022-05-22 21:31:16,602] {logging_mixin.py:104} INFO - [2022-05-22 21:31:16,602] {dag.py:1833} INFO - Sync 2 DAGs
[2022-05-22 21:31:16,637] {logging_mixin.py:104} INFO - [2022-05-22 21:31:16,637] {dag.py:2306} INFO - Setting next_dagrun for example_external_task_marker_child to None
[2022-05-22 21:31:16,640] {logging_mixin.py:104} INFO - [2022-05-22 21:31:16,640] {dag.py:2306} INFO - Setting next_dagrun for example_external_task_marker_parent to None
[2022-05-22 21:31:16,699] {scheduler_job.py:190} INFO - Processing /home/airflow/.local/lib/python3.8/site-packages/airflow/example_dags/example_external_task_marker_dag.py took 0.149 seconds
[2022-05-22 21:31:51,483] {scheduler_job.py:182} INFO - Started process (PID=224) to work on /home/airflow/.local/lib/python3.8/site-packages/airflow/example_dags/example_external_task_marker_dag.py
[2022-05-22 21:31:51,485] {scheduler_job.py:633} INFO - Processing file /home/airflow/.local/lib/python3.8/site-packages/airflow/example_dags/example_external_task_marker_dag.py for tasks to queue
[2022-05-22 21:31:51,487] {logging_mixin.py:104} INFO - [2022-05-22 21:31:51,487] {dagbag.py:496} INFO - Filling up the DagBag from /home/airflow/.local/lib/python3.8/site-packages/airflow/example_dags/example_external_task_marker_dag.py
[2022-05-22 21:31:51,501] {scheduler_job.py:643} INFO - DAG(s) dict_keys(['example_external_task_marker_parent', 'example_external_task_marker_child']) retrieved from /home/airflow/.local/lib/python3.8/site-packages/airflow/example_dags/example_external_task_marker_dag.py
[2022-05-22 21:31:51,532] {logging_mixin.py:104} INFO - [2022-05-22 21:31:51,532] {dag.py:1833} INFO - Sync 2 DAGs
[2022-05-22 21:31:51,553] {logging_mixin.py:104} INFO - [2022-05-22 21:31:51,553] {dag.py:2306} INFO - Setting next_dagrun for example_external_task_marker_child to None
[2022-05-22 21:31:51,555] {logging_mixin.py:104} INFO - [2022-05-22 21:31:51,555] {dag.py:2306} INFO - Setting next_dagrun for example_external_task_marker_parent to None
[2022-05-22 21:31:51,606] {scheduler_job.py:190} INFO - Processing /home/airflow/.local/lib/python3.8/site-packages/airflow/example_dags/example_external_task_marker_dag.py took 0.126 seconds
[2022-05-22 21:32:33,852] {scheduler_job.py:182} INFO - Started process (PID=257) to work on /home/airflow/.local/lib/python3.8/site-packages/airflow/example_dags/example_external_task_marker_dag.py
[2022-05-22 21:32:33,856] {scheduler_job.py:633} INFO - Processing file /home/airflow/.local/lib/python3.8/site-packages/airflow/example_dags/example_external_task_marker_dag.py for tasks to queue
[2022-05-22 21:32:33,859] {logging_mixin.py:104} INFO - [2022-05-22 21:32:33,858] {dagbag.py:496} INFO - Filling up the DagBag from /home/airflow/.local/lib/python3.8/site-packages/airflow/example_dags/example_external_task_marker_dag.py
[2022-05-22 21:32:33,879] {scheduler_job.py:643} INFO - DAG(s) dict_keys(['example_external_task_marker_parent', 'example_external_task_marker_child']) retrieved from /home/airflow/.local/lib/python3.8/site-packages/airflow/example_dags/example_external_task_marker_dag.py
[2022-05-22 21:32:33,920] {logging_mixin.py:104} INFO - [2022-05-22 21:32:33,920] {dag.py:1833} INFO - Sync 2 DAGs
[2022-05-22 21:32:33,943] {logging_mixin.py:104} INFO - [2022-05-22 21:32:33,942] {dag.py:2306} INFO - Setting next_dagrun for example_external_task_marker_child to None
[2022-05-22 21:32:33,944] {logging_mixin.py:104} INFO - [2022-05-22 21:32:33,944] {dag.py:2306} INFO - Setting next_dagrun for example_external_task_marker_parent to None
[2022-05-22 21:32:34,007] {scheduler_job.py:190} INFO - Processing /home/airflow/.local/lib/python3.8/site-packages/airflow/example_dags/example_external_task_marker_dag.py took 0.159 seconds
[2022-05-22 21:35:56,241] {scheduler_job.py:182} INFO - Started process (PID=31) to work on /home/airflow/.local/lib/python3.8/site-packages/airflow/example_dags/example_external_task_marker_dag.py
[2022-05-22 21:35:56,246] {scheduler_job.py:633} INFO - Processing file /home/airflow/.local/lib/python3.8/site-packages/airflow/example_dags/example_external_task_marker_dag.py for tasks to queue
[2022-05-22 21:35:56,247] {logging_mixin.py:104} INFO - [2022-05-22 21:35:56,247] {dagbag.py:496} INFO - Filling up the DagBag from /home/airflow/.local/lib/python3.8/site-packages/airflow/example_dags/example_external_task_marker_dag.py
[2022-05-22 21:35:56,259] {scheduler_job.py:643} INFO - DAG(s) dict_keys(['example_external_task_marker_parent', 'example_external_task_marker_child']) retrieved from /home/airflow/.local/lib/python3.8/site-packages/airflow/example_dags/example_external_task_marker_dag.py
[2022-05-22 21:35:56,498] {logging_mixin.py:104} INFO - [2022-05-22 21:35:56,497] {dag.py:1833} INFO - Sync 2 DAGs
[2022-05-22 21:35:56,517] {logging_mixin.py:104} INFO - [2022-05-22 21:35:56,517] {dag.py:2306} INFO - Setting next_dagrun for example_external_task_marker_child to None
[2022-05-22 21:35:56,518] {logging_mixin.py:104} INFO - [2022-05-22 21:35:56,518] {dag.py:2306} INFO - Setting next_dagrun for example_external_task_marker_parent to None
[2022-05-22 21:35:56,567] {scheduler_job.py:190} INFO - Processing /home/airflow/.local/lib/python3.8/site-packages/airflow/example_dags/example_external_task_marker_dag.py took 0.331 seconds
[2022-05-22 21:36:36,261] {scheduler_job.py:182} INFO - Started process (PID=64) to work on /home/airflow/.local/lib/python3.8/site-packages/airflow/example_dags/example_external_task_marker_dag.py
[2022-05-22 21:36:36,265] {scheduler_job.py:633} INFO - Processing file /home/airflow/.local/lib/python3.8/site-packages/airflow/example_dags/example_external_task_marker_dag.py for tasks to queue
[2022-05-22 21:36:36,267] {logging_mixin.py:104} INFO - [2022-05-22 21:36:36,267] {dagbag.py:496} INFO - Filling up the DagBag from /home/airflow/.local/lib/python3.8/site-packages/airflow/example_dags/example_external_task_marker_dag.py
[2022-05-22 21:36:36,283] {scheduler_job.py:643} INFO - DAG(s) dict_keys(['example_external_task_marker_parent', 'example_external_task_marker_child']) retrieved from /home/airflow/.local/lib/python3.8/site-packages/airflow/example_dags/example_external_task_marker_dag.py
[2022-05-22 21:36:36,314] {logging_mixin.py:104} INFO - [2022-05-22 21:36:36,314] {dag.py:1833} INFO - Sync 2 DAGs
[2022-05-22 21:36:36,334] {logging_mixin.py:104} INFO - [2022-05-22 21:36:36,334] {dag.py:2306} INFO - Setting next_dagrun for example_external_task_marker_child to None
[2022-05-22 21:36:36,336] {logging_mixin.py:104} INFO - [2022-05-22 21:36:36,336] {dag.py:2306} INFO - Setting next_dagrun for example_external_task_marker_parent to None
[2022-05-22 21:36:36,386] {scheduler_job.py:190} INFO - Processing /home/airflow/.local/lib/python3.8/site-packages/airflow/example_dags/example_external_task_marker_dag.py took 0.130 seconds
[2022-05-22 21:37:20,359] {scheduler_job.py:182} INFO - Started process (PID=97) to work on /home/airflow/.local/lib/python3.8/site-packages/airflow/example_dags/example_external_task_marker_dag.py
[2022-05-22 21:37:20,363] {scheduler_job.py:633} INFO - Processing file /home/airflow/.local/lib/python3.8/site-packages/airflow/example_dags/example_external_task_marker_dag.py for tasks to queue
[2022-05-22 21:37:20,365] {logging_mixin.py:104} INFO - [2022-05-22 21:37:20,365] {dagbag.py:496} INFO - Filling up the DagBag from /home/airflow/.local/lib/python3.8/site-packages/airflow/example_dags/example_external_task_marker_dag.py
[2022-05-22 21:37:20,379] {scheduler_job.py:643} INFO - DAG(s) dict_keys(['example_external_task_marker_parent', 'example_external_task_marker_child']) retrieved from /home/airflow/.local/lib/python3.8/site-packages/airflow/example_dags/example_external_task_marker_dag.py
[2022-05-22 21:37:20,637] {logging_mixin.py:104} INFO - [2022-05-22 21:37:20,637] {dag.py:1833} INFO - Sync 2 DAGs
[2022-05-22 21:37:20,655] {logging_mixin.py:104} INFO - [2022-05-22 21:37:20,655] {dag.py:2306} INFO - Setting next_dagrun for example_external_task_marker_child to None
[2022-05-22 21:37:20,658] {logging_mixin.py:104} INFO - [2022-05-22 21:37:20,658] {dag.py:2306} INFO - Setting next_dagrun for example_external_task_marker_parent to None
[2022-05-22 21:37:20,758] {scheduler_job.py:190} INFO - Processing /home/airflow/.local/lib/python3.8/site-packages/airflow/example_dags/example_external_task_marker_dag.py took 0.402 seconds
[2022-05-22 21:38:34,696] {scheduler_job.py:182} INFO - Started process (PID=155) to work on /home/airflow/.local/lib/python3.8/site-packages/airflow/example_dags/example_external_task_marker_dag.py
[2022-05-22 21:38:34,705] {scheduler_job.py:633} INFO - Processing file /home/airflow/.local/lib/python3.8/site-packages/airflow/example_dags/example_external_task_marker_dag.py for tasks to queue
[2022-05-22 21:38:34,706] {logging_mixin.py:104} INFO - [2022-05-22 21:38:34,706] {dagbag.py:496} INFO - Filling up the DagBag from /home/airflow/.local/lib/python3.8/site-packages/airflow/example_dags/example_external_task_marker_dag.py
[2022-05-22 21:38:34,720] {scheduler_job.py:643} INFO - DAG(s) dict_keys(['example_external_task_marker_parent', 'example_external_task_marker_child']) retrieved from /home/airflow/.local/lib/python3.8/site-packages/airflow/example_dags/example_external_task_marker_dag.py
[2022-05-22 21:38:34,749] {logging_mixin.py:104} INFO - [2022-05-22 21:38:34,749] {dag.py:1833} INFO - Sync 2 DAGs
[2022-05-22 21:38:34,771] {logging_mixin.py:104} INFO - [2022-05-22 21:38:34,771] {dag.py:2306} INFO - Setting next_dagrun for example_external_task_marker_child to None
[2022-05-22 21:38:34,773] {logging_mixin.py:104} INFO - [2022-05-22 21:38:34,773] {dag.py:2306} INFO - Setting next_dagrun for example_external_task_marker_parent to None
[2022-05-22 21:38:34,835] {scheduler_job.py:190} INFO - Processing /home/airflow/.local/lib/python3.8/site-packages/airflow/example_dags/example_external_task_marker_dag.py took 0.143 seconds
[2022-05-22 21:39:15,704] {scheduler_job.py:182} INFO - Started process (PID=188) to work on /home/airflow/.local/lib/python3.8/site-packages/airflow/example_dags/example_external_task_marker_dag.py
[2022-05-22 21:39:15,707] {scheduler_job.py:633} INFO - Processing file /home/airflow/.local/lib/python3.8/site-packages/airflow/example_dags/example_external_task_marker_dag.py for tasks to queue
[2022-05-22 21:39:15,709] {logging_mixin.py:104} INFO - [2022-05-22 21:39:15,709] {dagbag.py:496} INFO - Filling up the DagBag from /home/airflow/.local/lib/python3.8/site-packages/airflow/example_dags/example_external_task_marker_dag.py
[2022-05-22 21:39:15,722] {scheduler_job.py:643} INFO - DAG(s) dict_keys(['example_external_task_marker_parent', 'example_external_task_marker_child']) retrieved from /home/airflow/.local/lib/python3.8/site-packages/airflow/example_dags/example_external_task_marker_dag.py
[2022-05-22 21:39:15,969] {logging_mixin.py:104} INFO - [2022-05-22 21:39:15,969] {dag.py:1833} INFO - Sync 2 DAGs
[2022-05-22 21:39:15,989] {logging_mixin.py:104} INFO - [2022-05-22 21:39:15,989] {dag.py:2306} INFO - Setting next_dagrun for example_external_task_marker_child to None
[2022-05-22 21:39:15,992] {logging_mixin.py:104} INFO - [2022-05-22 21:39:15,992] {dag.py:2306} INFO - Setting next_dagrun for example_external_task_marker_parent to None
[2022-05-22 21:39:16,051] {scheduler_job.py:190} INFO - Processing /home/airflow/.local/lib/python3.8/site-packages/airflow/example_dags/example_external_task_marker_dag.py took 0.350 seconds
[2022-05-22 21:39:56,387] {scheduler_job.py:182} INFO - Started process (PID=221) to work on /home/airflow/.local/lib/python3.8/site-packages/airflow/example_dags/example_external_task_marker_dag.py
[2022-05-22 21:39:56,391] {scheduler_job.py:633} INFO - Processing file /home/airflow/.local/lib/python3.8/site-packages/airflow/example_dags/example_external_task_marker_dag.py for tasks to queue
[2022-05-22 21:39:56,392] {logging_mixin.py:104} INFO - [2022-05-22 21:39:56,392] {dagbag.py:496} INFO - Filling up the DagBag from /home/airflow/.local/lib/python3.8/site-packages/airflow/example_dags/example_external_task_marker_dag.py
[2022-05-22 21:39:56,409] {scheduler_job.py:643} INFO - DAG(s) dict_keys(['example_external_task_marker_parent', 'example_external_task_marker_child']) retrieved from /home/airflow/.local/lib/python3.8/site-packages/airflow/example_dags/example_external_task_marker_dag.py
[2022-05-22 21:39:56,449] {logging_mixin.py:104} INFO - [2022-05-22 21:39:56,449] {dag.py:1833} INFO - Sync 2 DAGs
[2022-05-22 21:39:56,474] {logging_mixin.py:104} INFO - [2022-05-22 21:39:56,474] {dag.py:2306} INFO - Setting next_dagrun for example_external_task_marker_child to None
[2022-05-22 21:39:56,476] {logging_mixin.py:104} INFO - [2022-05-22 21:39:56,476] {dag.py:2306} INFO - Setting next_dagrun for example_external_task_marker_parent to None
[2022-05-22 21:39:56,537] {scheduler_job.py:190} INFO - Processing /home/airflow/.local/lib/python3.8/site-packages/airflow/example_dags/example_external_task_marker_dag.py took 0.154 seconds
[2022-05-22 21:40:33,618] {scheduler_job.py:182} INFO - Started process (PID=250) to work on /home/airflow/.local/lib/python3.8/site-packages/airflow/example_dags/example_external_task_marker_dag.py
[2022-05-22 21:40:33,622] {scheduler_job.py:633} INFO - Processing file /home/airflow/.local/lib/python3.8/site-packages/airflow/example_dags/example_external_task_marker_dag.py for tasks to queue
[2022-05-22 21:40:33,625] {logging_mixin.py:104} INFO - [2022-05-22 21:40:33,624] {dagbag.py:496} INFO - Filling up the DagBag from /home/airflow/.local/lib/python3.8/site-packages/airflow/example_dags/example_external_task_marker_dag.py
[2022-05-22 21:40:33,642] {scheduler_job.py:643} INFO - DAG(s) dict_keys(['example_external_task_marker_parent', 'example_external_task_marker_child']) retrieved from /home/airflow/.local/lib/python3.8/site-packages/airflow/example_dags/example_external_task_marker_dag.py
[2022-05-22 21:40:34,074] {logging_mixin.py:104} INFO - [2022-05-22 21:40:34,073] {dag.py:1833} INFO - Sync 2 DAGs
[2022-05-22 21:40:34,101] {logging_mixin.py:104} INFO - [2022-05-22 21:40:34,101] {dag.py:2306} INFO - Setting next_dagrun for example_external_task_marker_child to None
[2022-05-22 21:40:34,104] {logging_mixin.py:104} INFO - [2022-05-22 21:40:34,104] {dag.py:2306} INFO - Setting next_dagrun for example_external_task_marker_parent to None
[2022-05-22 21:40:34,177] {scheduler_job.py:190} INFO - Processing /home/airflow/.local/lib/python3.8/site-packages/airflow/example_dags/example_external_task_marker_dag.py took 0.562 seconds
[2022-05-22 21:45:57,545] {scheduler_job.py:182} INFO - Started process (PID=32) to work on /home/airflow/.local/lib/python3.8/site-packages/airflow/example_dags/example_external_task_marker_dag.py
[2022-05-22 21:45:57,548] {scheduler_job.py:633} INFO - Processing file /home/airflow/.local/lib/python3.8/site-packages/airflow/example_dags/example_external_task_marker_dag.py for tasks to queue
[2022-05-22 21:45:57,550] {logging_mixin.py:104} INFO - [2022-05-22 21:45:57,550] {dagbag.py:496} INFO - Filling up the DagBag from /home/airflow/.local/lib/python3.8/site-packages/airflow/example_dags/example_external_task_marker_dag.py
[2022-05-22 21:45:57,566] {scheduler_job.py:643} INFO - DAG(s) dict_keys(['example_external_task_marker_parent', 'example_external_task_marker_child']) retrieved from /home/airflow/.local/lib/python3.8/site-packages/airflow/example_dags/example_external_task_marker_dag.py
[2022-05-22 21:45:57,828] {logging_mixin.py:104} INFO - [2022-05-22 21:45:57,828] {dag.py:1833} INFO - Sync 2 DAGs
[2022-05-22 21:45:57,845] {logging_mixin.py:104} INFO - [2022-05-22 21:45:57,845] {dag.py:2306} INFO - Setting next_dagrun for example_external_task_marker_child to None
[2022-05-22 21:45:57,847] {logging_mixin.py:104} INFO - [2022-05-22 21:45:57,847] {dag.py:2306} INFO - Setting next_dagrun for example_external_task_marker_parent to None
[2022-05-22 21:45:57,904] {scheduler_job.py:190} INFO - Processing /home/airflow/.local/lib/python3.8/site-packages/airflow/example_dags/example_external_task_marker_dag.py took 0.364 seconds
[2022-05-22 21:46:37,983] {scheduler_job.py:182} INFO - Started process (PID=65) to work on /home/airflow/.local/lib/python3.8/site-packages/airflow/example_dags/example_external_task_marker_dag.py
[2022-05-22 21:46:37,992] {scheduler_job.py:633} INFO - Processing file /home/airflow/.local/lib/python3.8/site-packages/airflow/example_dags/example_external_task_marker_dag.py for tasks to queue
[2022-05-22 21:46:37,993] {logging_mixin.py:104} INFO - [2022-05-22 21:46:37,993] {dagbag.py:496} INFO - Filling up the DagBag from /home/airflow/.local/lib/python3.8/site-packages/airflow/example_dags/example_external_task_marker_dag.py
[2022-05-22 21:46:38,014] {scheduler_job.py:643} INFO - DAG(s) dict_keys(['example_external_task_marker_parent', 'example_external_task_marker_child']) retrieved from /home/airflow/.local/lib/python3.8/site-packages/airflow/example_dags/example_external_task_marker_dag.py
[2022-05-22 21:46:38,065] {logging_mixin.py:104} INFO - [2022-05-22 21:46:38,065] {dag.py:1833} INFO - Sync 2 DAGs
[2022-05-22 21:46:38,123] {logging_mixin.py:104} INFO - [2022-05-22 21:46:38,123] {dag.py:2306} INFO - Setting next_dagrun for example_external_task_marker_child to None
[2022-05-22 21:46:38,129] {logging_mixin.py:104} INFO - [2022-05-22 21:46:38,129] {dag.py:2306} INFO - Setting next_dagrun for example_external_task_marker_parent to None
[2022-05-22 21:46:38,360] {scheduler_job.py:190} INFO - Processing /home/airflow/.local/lib/python3.8/site-packages/airflow/example_dags/example_external_task_marker_dag.py took 0.390 seconds
[2022-05-22 21:47:22,702] {scheduler_job.py:182} INFO - Started process (PID=98) to work on /home/airflow/.local/lib/python3.8/site-packages/airflow/example_dags/example_external_task_marker_dag.py
[2022-05-22 21:47:22,706] {scheduler_job.py:633} INFO - Processing file /home/airflow/.local/lib/python3.8/site-packages/airflow/example_dags/example_external_task_marker_dag.py for tasks to queue
[2022-05-22 21:47:22,708] {logging_mixin.py:104} INFO - [2022-05-22 21:47:22,708] {dagbag.py:496} INFO - Filling up the DagBag from /home/airflow/.local/lib/python3.8/site-packages/airflow/example_dags/example_external_task_marker_dag.py
[2022-05-22 21:47:22,723] {scheduler_job.py:643} INFO - DAG(s) dict_keys(['example_external_task_marker_parent', 'example_external_task_marker_child']) retrieved from /home/airflow/.local/lib/python3.8/site-packages/airflow/example_dags/example_external_task_marker_dag.py
[2022-05-22 21:47:22,997] {logging_mixin.py:104} INFO - [2022-05-22 21:47:22,997] {dag.py:1833} INFO - Sync 2 DAGs
[2022-05-22 21:47:23,018] {logging_mixin.py:104} INFO - [2022-05-22 21:47:23,018] {dag.py:2306} INFO - Setting next_dagrun for example_external_task_marker_child to None
[2022-05-22 21:47:23,021] {logging_mixin.py:104} INFO - [2022-05-22 21:47:23,021] {dag.py:2306} INFO - Setting next_dagrun for example_external_task_marker_parent to None
[2022-05-22 21:47:23,080] {scheduler_job.py:190} INFO - Processing /home/airflow/.local/lib/python3.8/site-packages/airflow/example_dags/example_external_task_marker_dag.py took 0.381 seconds
[2022-05-22 21:48:02,219] {scheduler_job.py:182} INFO - Started process (PID=129) to work on /home/airflow/.local/lib/python3.8/site-packages/airflow/example_dags/example_external_task_marker_dag.py
[2022-05-22 21:48:02,223] {scheduler_job.py:633} INFO - Processing file /home/airflow/.local/lib/python3.8/site-packages/airflow/example_dags/example_external_task_marker_dag.py for tasks to queue
[2022-05-22 21:48:02,224] {logging_mixin.py:104} INFO - [2022-05-22 21:48:02,224] {dagbag.py:496} INFO - Filling up the DagBag from /home/airflow/.local/lib/python3.8/site-packages/airflow/example_dags/example_external_task_marker_dag.py
[2022-05-22 21:48:02,240] {scheduler_job.py:643} INFO - DAG(s) dict_keys(['example_external_task_marker_parent', 'example_external_task_marker_child']) retrieved from /home/airflow/.local/lib/python3.8/site-packages/airflow/example_dags/example_external_task_marker_dag.py
[2022-05-22 21:48:02,500] {logging_mixin.py:104} INFO - [2022-05-22 21:48:02,499] {dag.py:1833} INFO - Sync 2 DAGs
[2022-05-22 21:48:02,525] {logging_mixin.py:104} INFO - [2022-05-22 21:48:02,525] {dag.py:2306} INFO - Setting next_dagrun for example_external_task_marker_child to None
[2022-05-22 21:48:02,528] {logging_mixin.py:104} INFO - [2022-05-22 21:48:02,528] {dag.py:2306} INFO - Setting next_dagrun for example_external_task_marker_parent to None
[2022-05-22 21:48:02,586] {scheduler_job.py:190} INFO - Processing /home/airflow/.local/lib/python3.8/site-packages/airflow/example_dags/example_external_task_marker_dag.py took 0.373 seconds
[2022-05-22 21:48:40,719] {scheduler_job.py:182} INFO - Started process (PID=159) to work on /home/airflow/.local/lib/python3.8/site-packages/airflow/example_dags/example_external_task_marker_dag.py
[2022-05-22 21:48:40,723] {scheduler_job.py:633} INFO - Processing file /home/airflow/.local/lib/python3.8/site-packages/airflow/example_dags/example_external_task_marker_dag.py for tasks to queue
[2022-05-22 21:48:40,725] {logging_mixin.py:104} INFO - [2022-05-22 21:48:40,725] {dagbag.py:496} INFO - Filling up the DagBag from /home/airflow/.local/lib/python3.8/site-packages/airflow/example_dags/example_external_task_marker_dag.py
[2022-05-22 21:48:40,743] {scheduler_job.py:643} INFO - DAG(s) dict_keys(['example_external_task_marker_parent', 'example_external_task_marker_child']) retrieved from /home/airflow/.local/lib/python3.8/site-packages/airflow/example_dags/example_external_task_marker_dag.py
[2022-05-22 21:48:41,033] {logging_mixin.py:104} INFO - [2022-05-22 21:48:41,033] {dag.py:1833} INFO - Sync 2 DAGs
[2022-05-22 21:48:41,058] {logging_mixin.py:104} INFO - [2022-05-22 21:48:41,058] {dag.py:2306} INFO - Setting next_dagrun for example_external_task_marker_child to None
[2022-05-22 21:48:41,060] {logging_mixin.py:104} INFO - [2022-05-22 21:48:41,060] {dag.py:2306} INFO - Setting next_dagrun for example_external_task_marker_parent to None
[2022-05-22 21:48:41,110] {scheduler_job.py:190} INFO - Processing /home/airflow/.local/lib/python3.8/site-packages/airflow/example_dags/example_external_task_marker_dag.py took 0.397 seconds
[2022-05-22 21:49:18,788] {scheduler_job.py:182} INFO - Started process (PID=189) to work on /home/airflow/.local/lib/python3.8/site-packages/airflow/example_dags/example_external_task_marker_dag.py
[2022-05-22 21:49:18,790] {scheduler_job.py:633} INFO - Processing file /home/airflow/.local/lib/python3.8/site-packages/airflow/example_dags/example_external_task_marker_dag.py for tasks to queue
[2022-05-22 21:49:18,793] {logging_mixin.py:104} INFO - [2022-05-22 21:49:18,793] {dagbag.py:496} INFO - Filling up the DagBag from /home/airflow/.local/lib/python3.8/site-packages/airflow/example_dags/example_external_task_marker_dag.py
[2022-05-22 21:49:18,811] {scheduler_job.py:643} INFO - DAG(s) dict_keys(['example_external_task_marker_parent', 'example_external_task_marker_child']) retrieved from /home/airflow/.local/lib/python3.8/site-packages/airflow/example_dags/example_external_task_marker_dag.py
[2022-05-22 21:49:19,135] {logging_mixin.py:104} INFO - [2022-05-22 21:49:19,135] {dag.py:1833} INFO - Sync 2 DAGs
[2022-05-22 21:49:19,154] {logging_mixin.py:104} INFO - [2022-05-22 21:49:19,154] {dag.py:2306} INFO - Setting next_dagrun for example_external_task_marker_child to None
[2022-05-22 21:49:19,159] {logging_mixin.py:104} INFO - [2022-05-22 21:49:19,158] {dag.py:2306} INFO - Setting next_dagrun for example_external_task_marker_parent to None
[2022-05-22 21:49:19,225] {scheduler_job.py:190} INFO - Processing /home/airflow/.local/lib/python3.8/site-packages/airflow/example_dags/example_external_task_marker_dag.py took 0.440 seconds
[2022-05-22 21:50:00,786] {scheduler_job.py:182} INFO - Started process (PID=222) to work on /home/airflow/.local/lib/python3.8/site-packages/airflow/example_dags/example_external_task_marker_dag.py
[2022-05-22 21:50:00,790] {scheduler_job.py:633} INFO - Processing file /home/airflow/.local/lib/python3.8/site-packages/airflow/example_dags/example_external_task_marker_dag.py for tasks to queue
[2022-05-22 21:50:00,793] {logging_mixin.py:104} INFO - [2022-05-22 21:50:00,793] {dagbag.py:496} INFO - Filling up the DagBag from /home/airflow/.local/lib/python3.8/site-packages/airflow/example_dags/example_external_task_marker_dag.py
[2022-05-22 21:50:00,820] {scheduler_job.py:643} INFO - DAG(s) dict_keys(['example_external_task_marker_parent', 'example_external_task_marker_child']) retrieved from /home/airflow/.local/lib/python3.8/site-packages/airflow/example_dags/example_external_task_marker_dag.py
[2022-05-22 21:50:01,316] {logging_mixin.py:104} INFO - [2022-05-22 21:50:01,315] {dag.py:1833} INFO - Sync 2 DAGs
[2022-05-22 21:50:01,416] {logging_mixin.py:104} INFO - [2022-05-22 21:50:01,416] {dag.py:2306} INFO - Setting next_dagrun for example_external_task_marker_child to None
[2022-05-22 21:50:01,419] {logging_mixin.py:104} INFO - [2022-05-22 21:50:01,418] {dag.py:2306} INFO - Setting next_dagrun for example_external_task_marker_parent to None
[2022-05-22 21:50:01,541] {scheduler_job.py:190} INFO - Processing /home/airflow/.local/lib/python3.8/site-packages/airflow/example_dags/example_external_task_marker_dag.py took 0.761 seconds
[2022-05-22 21:59:08,092] {scheduler_job.py:182} INFO - Started process (PID=34) to work on /home/airflow/.local/lib/python3.8/site-packages/airflow/example_dags/example_external_task_marker_dag.py
[2022-05-22 21:59:08,097] {scheduler_job.py:633} INFO - Processing file /home/airflow/.local/lib/python3.8/site-packages/airflow/example_dags/example_external_task_marker_dag.py for tasks to queue
[2022-05-22 21:59:08,099] {logging_mixin.py:104} INFO - [2022-05-22 21:59:08,099] {dagbag.py:496} INFO - Filling up the DagBag from /home/airflow/.local/lib/python3.8/site-packages/airflow/example_dags/example_external_task_marker_dag.py
[2022-05-22 21:59:08,118] {scheduler_job.py:643} INFO - DAG(s) dict_keys(['example_external_task_marker_parent', 'example_external_task_marker_child']) retrieved from /home/airflow/.local/lib/python3.8/site-packages/airflow/example_dags/example_external_task_marker_dag.py
[2022-05-22 21:59:08,392] {logging_mixin.py:104} INFO - [2022-05-22 21:59:08,392] {dag.py:1833} INFO - Sync 2 DAGs
[2022-05-22 21:59:08,415] {logging_mixin.py:104} INFO - [2022-05-22 21:59:08,415] {dag.py:2306} INFO - Setting next_dagrun for example_external_task_marker_child to None
[2022-05-22 21:59:08,418] {logging_mixin.py:104} INFO - [2022-05-22 21:59:08,418] {dag.py:2306} INFO - Setting next_dagrun for example_external_task_marker_parent to None
[2022-05-22 21:59:08,483] {scheduler_job.py:190} INFO - Processing /home/airflow/.local/lib/python3.8/site-packages/airflow/example_dags/example_external_task_marker_dag.py took 0.394 seconds
[2022-05-22 22:02:18,403] {scheduler_job.py:182} INFO - Started process (PID=33) to work on /home/airflow/.local/lib/python3.8/site-packages/airflow/example_dags/example_external_task_marker_dag.py
[2022-05-22 22:02:18,406] {scheduler_job.py:633} INFO - Processing file /home/airflow/.local/lib/python3.8/site-packages/airflow/example_dags/example_external_task_marker_dag.py for tasks to queue
[2022-05-22 22:02:18,408] {logging_mixin.py:104} INFO - [2022-05-22 22:02:18,408] {dagbag.py:496} INFO - Filling up the DagBag from /home/airflow/.local/lib/python3.8/site-packages/airflow/example_dags/example_external_task_marker_dag.py
[2022-05-22 22:02:18,423] {scheduler_job.py:643} INFO - DAG(s) dict_keys(['example_external_task_marker_parent', 'example_external_task_marker_child']) retrieved from /home/airflow/.local/lib/python3.8/site-packages/airflow/example_dags/example_external_task_marker_dag.py
[2022-05-22 22:02:18,684] {logging_mixin.py:104} INFO - [2022-05-22 22:02:18,684] {dag.py:1833} INFO - Sync 2 DAGs
[2022-05-22 22:02:18,706] {logging_mixin.py:104} INFO - [2022-05-22 22:02:18,705] {dag.py:2306} INFO - Setting next_dagrun for example_external_task_marker_child to None
[2022-05-22 22:02:18,707] {logging_mixin.py:104} INFO - [2022-05-22 22:02:18,707] {dag.py:2306} INFO - Setting next_dagrun for example_external_task_marker_parent to None
[2022-05-22 22:02:18,780] {scheduler_job.py:190} INFO - Processing /home/airflow/.local/lib/python3.8/site-packages/airflow/example_dags/example_external_task_marker_dag.py took 0.380 seconds
[2022-05-22 22:03:06,702] {scheduler_job.py:182} INFO - Started process (PID=70) to work on /home/airflow/.local/lib/python3.8/site-packages/airflow/example_dags/example_external_task_marker_dag.py
[2022-05-22 22:03:06,706] {scheduler_job.py:633} INFO - Processing file /home/airflow/.local/lib/python3.8/site-packages/airflow/example_dags/example_external_task_marker_dag.py for tasks to queue
[2022-05-22 22:03:06,708] {logging_mixin.py:104} INFO - [2022-05-22 22:03:06,708] {dagbag.py:496} INFO - Filling up the DagBag from /home/airflow/.local/lib/python3.8/site-packages/airflow/example_dags/example_external_task_marker_dag.py
[2022-05-22 22:03:06,730] {scheduler_job.py:643} INFO - DAG(s) dict_keys(['example_external_task_marker_parent', 'example_external_task_marker_child']) retrieved from /home/airflow/.local/lib/python3.8/site-packages/airflow/example_dags/example_external_task_marker_dag.py
[2022-05-22 22:03:06,766] {logging_mixin.py:104} INFO - [2022-05-22 22:03:06,766] {dag.py:1833} INFO - Sync 2 DAGs
[2022-05-22 22:03:06,797] {logging_mixin.py:104} INFO - [2022-05-22 22:03:06,797] {dag.py:2306} INFO - Setting next_dagrun for example_external_task_marker_child to None
[2022-05-22 22:03:06,799] {logging_mixin.py:104} INFO - [2022-05-22 22:03:06,799] {dag.py:2306} INFO - Setting next_dagrun for example_external_task_marker_parent to None
[2022-05-22 22:03:06,885] {scheduler_job.py:190} INFO - Processing /home/airflow/.local/lib/python3.8/site-packages/airflow/example_dags/example_external_task_marker_dag.py took 0.188 seconds
[2022-05-22 22:03:51,433] {scheduler_job.py:182} INFO - Started process (PID=103) to work on /home/airflow/.local/lib/python3.8/site-packages/airflow/example_dags/example_external_task_marker_dag.py
[2022-05-22 22:03:51,440] {scheduler_job.py:633} INFO - Processing file /home/airflow/.local/lib/python3.8/site-packages/airflow/example_dags/example_external_task_marker_dag.py for tasks to queue
[2022-05-22 22:03:51,444] {logging_mixin.py:104} INFO - [2022-05-22 22:03:51,444] {dagbag.py:496} INFO - Filling up the DagBag from /home/airflow/.local/lib/python3.8/site-packages/airflow/example_dags/example_external_task_marker_dag.py
[2022-05-22 22:03:51,468] {scheduler_job.py:643} INFO - DAG(s) dict_keys(['example_external_task_marker_parent', 'example_external_task_marker_child']) retrieved from /home/airflow/.local/lib/python3.8/site-packages/airflow/example_dags/example_external_task_marker_dag.py
[2022-05-22 22:03:51,518] {logging_mixin.py:104} INFO - [2022-05-22 22:03:51,518] {dag.py:1833} INFO - Sync 2 DAGs
[2022-05-22 22:03:51,553] {logging_mixin.py:104} INFO - [2022-05-22 22:03:51,553] {dag.py:2306} INFO - Setting next_dagrun for example_external_task_marker_child to None
[2022-05-22 22:03:51,556] {logging_mixin.py:104} INFO - [2022-05-22 22:03:51,556] {dag.py:2306} INFO - Setting next_dagrun for example_external_task_marker_parent to None
[2022-05-22 22:03:51,613] {scheduler_job.py:190} INFO - Processing /home/airflow/.local/lib/python3.8/site-packages/airflow/example_dags/example_external_task_marker_dag.py took 0.184 seconds
[2022-05-22 22:04:56,592] {scheduler_job.py:182} INFO - Started process (PID=156) to work on /home/airflow/.local/lib/python3.8/site-packages/airflow/example_dags/example_external_task_marker_dag.py
[2022-05-22 22:04:56,595] {scheduler_job.py:633} INFO - Processing file /home/airflow/.local/lib/python3.8/site-packages/airflow/example_dags/example_external_task_marker_dag.py for tasks to queue
[2022-05-22 22:04:56,597] {logging_mixin.py:104} INFO - [2022-05-22 22:04:56,597] {dagbag.py:496} INFO - Filling up the DagBag from /home/airflow/.local/lib/python3.8/site-packages/airflow/example_dags/example_external_task_marker_dag.py
[2022-05-22 22:04:56,611] {scheduler_job.py:643} INFO - DAG(s) dict_keys(['example_external_task_marker_parent', 'example_external_task_marker_child']) retrieved from /home/airflow/.local/lib/python3.8/site-packages/airflow/example_dags/example_external_task_marker_dag.py
[2022-05-22 22:04:56,862] {logging_mixin.py:104} INFO - [2022-05-22 22:04:56,862] {dag.py:1833} INFO - Sync 2 DAGs
[2022-05-22 22:04:56,880] {logging_mixin.py:104} INFO - [2022-05-22 22:04:56,880] {dag.py:2306} INFO - Setting next_dagrun for example_external_task_marker_child to None
[2022-05-22 22:04:56,882] {logging_mixin.py:104} INFO - [2022-05-22 22:04:56,882] {dag.py:2306} INFO - Setting next_dagrun for example_external_task_marker_parent to None
[2022-05-22 22:04:56,941] {scheduler_job.py:190} INFO - Processing /home/airflow/.local/lib/python3.8/site-packages/airflow/example_dags/example_external_task_marker_dag.py took 0.353 seconds
[2022-05-22 22:05:40,522] {scheduler_job.py:182} INFO - Started process (PID=189) to work on /home/airflow/.local/lib/python3.8/site-packages/airflow/example_dags/example_external_task_marker_dag.py
[2022-05-22 22:05:40,524] {scheduler_job.py:633} INFO - Processing file /home/airflow/.local/lib/python3.8/site-packages/airflow/example_dags/example_external_task_marker_dag.py for tasks to queue
[2022-05-22 22:05:40,526] {logging_mixin.py:104} INFO - [2022-05-22 22:05:40,526] {dagbag.py:496} INFO - Filling up the DagBag from /home/airflow/.local/lib/python3.8/site-packages/airflow/example_dags/example_external_task_marker_dag.py
[2022-05-22 22:05:40,540] {scheduler_job.py:643} INFO - DAG(s) dict_keys(['example_external_task_marker_parent', 'example_external_task_marker_child']) retrieved from /home/airflow/.local/lib/python3.8/site-packages/airflow/example_dags/example_external_task_marker_dag.py
[2022-05-22 22:05:40,571] {logging_mixin.py:104} INFO - [2022-05-22 22:05:40,571] {dag.py:1833} INFO - Sync 2 DAGs
[2022-05-22 22:05:40,596] {logging_mixin.py:104} INFO - [2022-05-22 22:05:40,596] {dag.py:2306} INFO - Setting next_dagrun for example_external_task_marker_child to None
[2022-05-22 22:05:40,598] {logging_mixin.py:104} INFO - [2022-05-22 22:05:40,598] {dag.py:2306} INFO - Setting next_dagrun for example_external_task_marker_parent to None
[2022-05-22 22:05:40,657] {scheduler_job.py:190} INFO - Processing /home/airflow/.local/lib/python3.8/site-packages/airflow/example_dags/example_external_task_marker_dag.py took 0.139 seconds
[2022-05-22 22:06:23,411] {scheduler_job.py:182} INFO - Started process (PID=224) to work on /home/airflow/.local/lib/python3.8/site-packages/airflow/example_dags/example_external_task_marker_dag.py
[2022-05-22 22:06:23,414] {scheduler_job.py:633} INFO - Processing file /home/airflow/.local/lib/python3.8/site-packages/airflow/example_dags/example_external_task_marker_dag.py for tasks to queue
[2022-05-22 22:06:23,416] {logging_mixin.py:104} INFO - [2022-05-22 22:06:23,416] {dagbag.py:496} INFO - Filling up the DagBag from /home/airflow/.local/lib/python3.8/site-packages/airflow/example_dags/example_external_task_marker_dag.py
[2022-05-22 22:06:23,430] {scheduler_job.py:643} INFO - DAG(s) dict_keys(['example_external_task_marker_parent', 'example_external_task_marker_child']) retrieved from /home/airflow/.local/lib/python3.8/site-packages/airflow/example_dags/example_external_task_marker_dag.py
[2022-05-22 22:06:23,684] {logging_mixin.py:104} INFO - [2022-05-22 22:06:23,684] {dag.py:1833} INFO - Sync 2 DAGs
[2022-05-22 22:06:23,710] {logging_mixin.py:104} INFO - [2022-05-22 22:06:23,710] {dag.py:2306} INFO - Setting next_dagrun for example_external_task_marker_child to None
[2022-05-22 22:06:23,712] {logging_mixin.py:104} INFO - [2022-05-22 22:06:23,712] {dag.py:2306} INFO - Setting next_dagrun for example_external_task_marker_parent to None
[2022-05-22 22:06:23,771] {scheduler_job.py:190} INFO - Processing /home/airflow/.local/lib/python3.8/site-packages/airflow/example_dags/example_external_task_marker_dag.py took 0.363 seconds
[2022-05-22 22:07:08,393] {scheduler_job.py:182} INFO - Started process (PID=255) to work on /home/airflow/.local/lib/python3.8/site-packages/airflow/example_dags/example_external_task_marker_dag.py
[2022-05-22 22:07:08,400] {scheduler_job.py:633} INFO - Processing file /home/airflow/.local/lib/python3.8/site-packages/airflow/example_dags/example_external_task_marker_dag.py for tasks to queue
[2022-05-22 22:07:08,402] {logging_mixin.py:104} INFO - [2022-05-22 22:07:08,402] {dagbag.py:496} INFO - Filling up the DagBag from /home/airflow/.local/lib/python3.8/site-packages/airflow/example_dags/example_external_task_marker_dag.py
[2022-05-22 22:07:08,437] {scheduler_job.py:643} INFO - DAG(s) dict_keys(['example_external_task_marker_parent', 'example_external_task_marker_child']) retrieved from /home/airflow/.local/lib/python3.8/site-packages/airflow/example_dags/example_external_task_marker_dag.py
[2022-05-22 22:07:08,514] {logging_mixin.py:104} INFO - [2022-05-22 22:07:08,514] {dag.py:1833} INFO - Sync 2 DAGs
[2022-05-22 22:07:08,568] {logging_mixin.py:104} INFO - [2022-05-22 22:07:08,568] {dag.py:2306} INFO - Setting next_dagrun for example_external_task_marker_child to None
[2022-05-22 22:07:08,573] {logging_mixin.py:104} INFO - [2022-05-22 22:07:08,573] {dag.py:2306} INFO - Setting next_dagrun for example_external_task_marker_parent to None
[2022-05-22 22:07:08,665] {scheduler_job.py:190} INFO - Processing /home/airflow/.local/lib/python3.8/site-packages/airflow/example_dags/example_external_task_marker_dag.py took 0.281 seconds
[2022-05-22 22:07:49,332] {scheduler_job.py:182} INFO - Started process (PID=283) to work on /home/airflow/.local/lib/python3.8/site-packages/airflow/example_dags/example_external_task_marker_dag.py
[2022-05-22 22:07:49,336] {scheduler_job.py:633} INFO - Processing file /home/airflow/.local/lib/python3.8/site-packages/airflow/example_dags/example_external_task_marker_dag.py for tasks to queue
[2022-05-22 22:07:49,337] {logging_mixin.py:104} INFO - [2022-05-22 22:07:49,337] {dagbag.py:496} INFO - Filling up the DagBag from /home/airflow/.local/lib/python3.8/site-packages/airflow/example_dags/example_external_task_marker_dag.py
[2022-05-22 22:07:49,351] {scheduler_job.py:643} INFO - DAG(s) dict_keys(['example_external_task_marker_parent', 'example_external_task_marker_child']) retrieved from /home/airflow/.local/lib/python3.8/site-packages/airflow/example_dags/example_external_task_marker_dag.py
[2022-05-22 22:07:49,610] {logging_mixin.py:104} INFO - [2022-05-22 22:07:49,610] {dag.py:1833} INFO - Sync 2 DAGs
[2022-05-22 22:07:49,630] {logging_mixin.py:104} INFO - [2022-05-22 22:07:49,630] {dag.py:2306} INFO - Setting next_dagrun for example_external_task_marker_child to None
[2022-05-22 22:07:49,632] {logging_mixin.py:104} INFO - [2022-05-22 22:07:49,632] {dag.py:2306} INFO - Setting next_dagrun for example_external_task_marker_parent to None
[2022-05-22 22:07:49,691] {scheduler_job.py:190} INFO - Processing /home/airflow/.local/lib/python3.8/site-packages/airflow/example_dags/example_external_task_marker_dag.py took 0.363 seconds
[2022-05-22 22:08:36,179] {scheduler_job.py:182} INFO - Started process (PID=318) to work on /home/airflow/.local/lib/python3.8/site-packages/airflow/example_dags/example_external_task_marker_dag.py
[2022-05-22 22:08:36,189] {scheduler_job.py:633} INFO - Processing file /home/airflow/.local/lib/python3.8/site-packages/airflow/example_dags/example_external_task_marker_dag.py for tasks to queue
[2022-05-22 22:08:36,194] {logging_mixin.py:104} INFO - [2022-05-22 22:08:36,194] {dagbag.py:496} INFO - Filling up the DagBag from /home/airflow/.local/lib/python3.8/site-packages/airflow/example_dags/example_external_task_marker_dag.py
[2022-05-22 22:08:36,217] {scheduler_job.py:643} INFO - DAG(s) dict_keys(['example_external_task_marker_parent', 'example_external_task_marker_child']) retrieved from /home/airflow/.local/lib/python3.8/site-packages/airflow/example_dags/example_external_task_marker_dag.py
[2022-05-22 22:08:36,533] {logging_mixin.py:104} INFO - [2022-05-22 22:08:36,533] {dag.py:1833} INFO - Sync 2 DAGs
[2022-05-22 22:08:36,564] {logging_mixin.py:104} INFO - [2022-05-22 22:08:36,563] {dag.py:2306} INFO - Setting next_dagrun for example_external_task_marker_child to None
[2022-05-22 22:08:36,565] {logging_mixin.py:104} INFO - [2022-05-22 22:08:36,565] {dag.py:2306} INFO - Setting next_dagrun for example_external_task_marker_parent to None
[2022-05-22 22:08:36,623] {scheduler_job.py:190} INFO - Processing /home/airflow/.local/lib/python3.8/site-packages/airflow/example_dags/example_external_task_marker_dag.py took 0.449 seconds
[2022-05-22 22:09:13,614] {scheduler_job.py:182} INFO - Started process (PID=348) to work on /home/airflow/.local/lib/python3.8/site-packages/airflow/example_dags/example_external_task_marker_dag.py
[2022-05-22 22:09:13,617] {scheduler_job.py:633} INFO - Processing file /home/airflow/.local/lib/python3.8/site-packages/airflow/example_dags/example_external_task_marker_dag.py for tasks to queue
[2022-05-22 22:09:13,619] {logging_mixin.py:104} INFO - [2022-05-22 22:09:13,618] {dagbag.py:496} INFO - Filling up the DagBag from /home/airflow/.local/lib/python3.8/site-packages/airflow/example_dags/example_external_task_marker_dag.py
[2022-05-22 22:09:13,636] {scheduler_job.py:643} INFO - DAG(s) dict_keys(['example_external_task_marker_parent', 'example_external_task_marker_child']) retrieved from /home/airflow/.local/lib/python3.8/site-packages/airflow/example_dags/example_external_task_marker_dag.py
[2022-05-22 22:09:13,885] {logging_mixin.py:104} INFO - [2022-05-22 22:09:13,885] {dag.py:1833} INFO - Sync 2 DAGs
[2022-05-22 22:09:13,904] {logging_mixin.py:104} INFO - [2022-05-22 22:09:13,904] {dag.py:2306} INFO - Setting next_dagrun for example_external_task_marker_child to None
[2022-05-22 22:09:13,906] {logging_mixin.py:104} INFO - [2022-05-22 22:09:13,906] {dag.py:2306} INFO - Setting next_dagrun for example_external_task_marker_parent to None
[2022-05-22 22:09:13,960] {scheduler_job.py:190} INFO - Processing /home/airflow/.local/lib/python3.8/site-packages/airflow/example_dags/example_external_task_marker_dag.py took 0.349 seconds
[2022-05-22 22:09:48,971] {scheduler_job.py:182} INFO - Started process (PID=376) to work on /home/airflow/.local/lib/python3.8/site-packages/airflow/example_dags/example_external_task_marker_dag.py
[2022-05-22 22:09:48,976] {scheduler_job.py:633} INFO - Processing file /home/airflow/.local/lib/python3.8/site-packages/airflow/example_dags/example_external_task_marker_dag.py for tasks to queue
[2022-05-22 22:09:48,979] {logging_mixin.py:104} INFO - [2022-05-22 22:09:48,979] {dagbag.py:496} INFO - Filling up the DagBag from /home/airflow/.local/lib/python3.8/site-packages/airflow/example_dags/example_external_task_marker_dag.py
[2022-05-22 22:09:49,002] {scheduler_job.py:643} INFO - DAG(s) dict_keys(['example_external_task_marker_parent', 'example_external_task_marker_child']) retrieved from /home/airflow/.local/lib/python3.8/site-packages/airflow/example_dags/example_external_task_marker_dag.py
[2022-05-22 22:09:49,444] {logging_mixin.py:104} INFO - [2022-05-22 22:09:49,444] {dag.py:1833} INFO - Sync 2 DAGs
[2022-05-22 22:09:49,494] {logging_mixin.py:104} INFO - [2022-05-22 22:09:49,494] {dag.py:2306} INFO - Setting next_dagrun for example_external_task_marker_child to None
[2022-05-22 22:09:49,496] {logging_mixin.py:104} INFO - [2022-05-22 22:09:49,496] {dag.py:2306} INFO - Setting next_dagrun for example_external_task_marker_parent to None
[2022-05-22 22:09:49,634] {scheduler_job.py:190} INFO - Processing /home/airflow/.local/lib/python3.8/site-packages/airflow/example_dags/example_external_task_marker_dag.py took 0.667 seconds
[2022-05-22 22:12:52,093] {scheduler_job.py:182} INFO - Started process (PID=31) to work on /home/airflow/.local/lib/python3.8/site-packages/airflow/example_dags/example_external_task_marker_dag.py
[2022-05-22 22:12:52,096] {scheduler_job.py:633} INFO - Processing file /home/airflow/.local/lib/python3.8/site-packages/airflow/example_dags/example_external_task_marker_dag.py for tasks to queue
[2022-05-22 22:12:52,098] {logging_mixin.py:104} INFO - [2022-05-22 22:12:52,098] {dagbag.py:496} INFO - Filling up the DagBag from /home/airflow/.local/lib/python3.8/site-packages/airflow/example_dags/example_external_task_marker_dag.py
[2022-05-22 22:12:52,117] {scheduler_job.py:643} INFO - DAG(s) dict_keys(['example_external_task_marker_parent', 'example_external_task_marker_child']) retrieved from /home/airflow/.local/lib/python3.8/site-packages/airflow/example_dags/example_external_task_marker_dag.py
[2022-05-22 22:12:52,393] {logging_mixin.py:104} INFO - [2022-05-22 22:12:52,393] {dag.py:1833} INFO - Sync 2 DAGs
[2022-05-22 22:12:52,410] {logging_mixin.py:104} INFO - [2022-05-22 22:12:52,410] {dag.py:2306} INFO - Setting next_dagrun for example_external_task_marker_child to None
[2022-05-22 22:12:52,411] {logging_mixin.py:104} INFO - [2022-05-22 22:12:52,411] {dag.py:2306} INFO - Setting next_dagrun for example_external_task_marker_parent to None
[2022-05-22 22:12:52,480] {scheduler_job.py:190} INFO - Processing /home/airflow/.local/lib/python3.8/site-packages/airflow/example_dags/example_external_task_marker_dag.py took 0.392 seconds
[2022-05-22 22:14:02,769] {scheduler_job.py:182} INFO - Started process (PID=84) to work on /home/airflow/.local/lib/python3.8/site-packages/airflow/example_dags/example_external_task_marker_dag.py
[2022-05-22 22:14:02,773] {scheduler_job.py:633} INFO - Processing file /home/airflow/.local/lib/python3.8/site-packages/airflow/example_dags/example_external_task_marker_dag.py for tasks to queue
[2022-05-22 22:14:02,782] {logging_mixin.py:104} INFO - [2022-05-22 22:14:02,781] {dagbag.py:496} INFO - Filling up the DagBag from /home/airflow/.local/lib/python3.8/site-packages/airflow/example_dags/example_external_task_marker_dag.py
[2022-05-22 22:14:02,807] {scheduler_job.py:643} INFO - DAG(s) dict_keys(['example_external_task_marker_parent', 'example_external_task_marker_child']) retrieved from /home/airflow/.local/lib/python3.8/site-packages/airflow/example_dags/example_external_task_marker_dag.py
[2022-05-22 22:14:02,853] {logging_mixin.py:104} INFO - [2022-05-22 22:14:02,853] {dag.py:1833} INFO - Sync 2 DAGs
[2022-05-22 22:14:02,884] {logging_mixin.py:104} INFO - [2022-05-22 22:14:02,884] {dag.py:2306} INFO - Setting next_dagrun for example_external_task_marker_child to None
[2022-05-22 22:14:02,886] {logging_mixin.py:104} INFO - [2022-05-22 22:14:02,886] {dag.py:2306} INFO - Setting next_dagrun for example_external_task_marker_parent to None
[2022-05-22 22:14:02,947] {scheduler_job.py:190} INFO - Processing /home/airflow/.local/lib/python3.8/site-packages/airflow/example_dags/example_external_task_marker_dag.py took 0.181 seconds
[2022-05-22 22:14:44,424] {scheduler_job.py:182} INFO - Started process (PID=117) to work on /home/airflow/.local/lib/python3.8/site-packages/airflow/example_dags/example_external_task_marker_dag.py
[2022-05-22 22:14:44,428] {scheduler_job.py:633} INFO - Processing file /home/airflow/.local/lib/python3.8/site-packages/airflow/example_dags/example_external_task_marker_dag.py for tasks to queue
[2022-05-22 22:14:44,429] {logging_mixin.py:104} INFO - [2022-05-22 22:14:44,429] {dagbag.py:496} INFO - Filling up the DagBag from /home/airflow/.local/lib/python3.8/site-packages/airflow/example_dags/example_external_task_marker_dag.py
[2022-05-22 22:14:44,443] {scheduler_job.py:643} INFO - DAG(s) dict_keys(['example_external_task_marker_parent', 'example_external_task_marker_child']) retrieved from /home/airflow/.local/lib/python3.8/site-packages/airflow/example_dags/example_external_task_marker_dag.py
[2022-05-22 22:14:44,723] {logging_mixin.py:104} INFO - [2022-05-22 22:14:44,723] {dag.py:1833} INFO - Sync 2 DAGs
[2022-05-22 22:14:44,744] {logging_mixin.py:104} INFO - [2022-05-22 22:14:44,744] {dag.py:2306} INFO - Setting next_dagrun for example_external_task_marker_child to None
[2022-05-22 22:14:44,746] {logging_mixin.py:104} INFO - [2022-05-22 22:14:44,746] {dag.py:2306} INFO - Setting next_dagrun for example_external_task_marker_parent to None
[2022-05-22 22:14:44,802] {scheduler_job.py:190} INFO - Processing /home/airflow/.local/lib/python3.8/site-packages/airflow/example_dags/example_external_task_marker_dag.py took 0.381 seconds
[2022-05-22 22:15:26,176] {scheduler_job.py:182} INFO - Started process (PID=150) to work on /home/airflow/.local/lib/python3.8/site-packages/airflow/example_dags/example_external_task_marker_dag.py
[2022-05-22 22:15:26,179] {scheduler_job.py:633} INFO - Processing file /home/airflow/.local/lib/python3.8/site-packages/airflow/example_dags/example_external_task_marker_dag.py for tasks to queue
[2022-05-22 22:15:26,181] {logging_mixin.py:104} INFO - [2022-05-22 22:15:26,181] {dagbag.py:496} INFO - Filling up the DagBag from /home/airflow/.local/lib/python3.8/site-packages/airflow/example_dags/example_external_task_marker_dag.py
[2022-05-22 22:15:26,197] {scheduler_job.py:643} INFO - DAG(s) dict_keys(['example_external_task_marker_parent', 'example_external_task_marker_child']) retrieved from /home/airflow/.local/lib/python3.8/site-packages/airflow/example_dags/example_external_task_marker_dag.py
[2022-05-22 22:15:26,515] {logging_mixin.py:104} INFO - [2022-05-22 22:15:26,515] {dag.py:1833} INFO - Sync 2 DAGs
[2022-05-22 22:15:26,535] {logging_mixin.py:104} INFO - [2022-05-22 22:15:26,535] {dag.py:2306} INFO - Setting next_dagrun for example_external_task_marker_child to None
[2022-05-22 22:15:26,537] {logging_mixin.py:104} INFO - [2022-05-22 22:15:26,537] {dag.py:2306} INFO - Setting next_dagrun for example_external_task_marker_parent to None
[2022-05-22 22:15:26,593] {scheduler_job.py:190} INFO - Processing /home/airflow/.local/lib/python3.8/site-packages/airflow/example_dags/example_external_task_marker_dag.py took 0.420 seconds
[2022-05-22 22:16:05,908] {scheduler_job.py:182} INFO - Started process (PID=182) to work on /home/airflow/.local/lib/python3.8/site-packages/airflow/example_dags/example_external_task_marker_dag.py
[2022-05-22 22:16:05,920] {scheduler_job.py:633} INFO - Processing file /home/airflow/.local/lib/python3.8/site-packages/airflow/example_dags/example_external_task_marker_dag.py for tasks to queue
[2022-05-22 22:16:05,923] {logging_mixin.py:104} INFO - [2022-05-22 22:16:05,923] {dagbag.py:496} INFO - Filling up the DagBag from /home/airflow/.local/lib/python3.8/site-packages/airflow/example_dags/example_external_task_marker_dag.py
[2022-05-22 22:16:05,948] {scheduler_job.py:643} INFO - DAG(s) dict_keys(['example_external_task_marker_parent', 'example_external_task_marker_child']) retrieved from /home/airflow/.local/lib/python3.8/site-packages/airflow/example_dags/example_external_task_marker_dag.py
[2022-05-22 22:16:05,998] {logging_mixin.py:104} INFO - [2022-05-22 22:16:05,998] {dag.py:1833} INFO - Sync 2 DAGs
[2022-05-22 22:16:06,055] {logging_mixin.py:104} INFO - [2022-05-22 22:16:06,055] {dag.py:2306} INFO - Setting next_dagrun for example_external_task_marker_child to None
[2022-05-22 22:16:06,057] {logging_mixin.py:104} INFO - [2022-05-22 22:16:06,057] {dag.py:2306} INFO - Setting next_dagrun for example_external_task_marker_parent to None
[2022-05-22 22:16:06,279] {scheduler_job.py:190} INFO - Processing /home/airflow/.local/lib/python3.8/site-packages/airflow/example_dags/example_external_task_marker_dag.py took 0.378 seconds
[2022-05-22 22:19:01,547] {scheduler_job.py:182} INFO - Started process (PID=52) to work on /home/airflow/.local/lib/python3.8/site-packages/airflow/example_dags/example_external_task_marker_dag.py
[2022-05-22 22:19:01,551] {scheduler_job.py:633} INFO - Processing file /home/airflow/.local/lib/python3.8/site-packages/airflow/example_dags/example_external_task_marker_dag.py for tasks to queue
[2022-05-22 22:19:01,553] {logging_mixin.py:104} INFO - [2022-05-22 22:19:01,553] {dagbag.py:496} INFO - Filling up the DagBag from /home/airflow/.local/lib/python3.8/site-packages/airflow/example_dags/example_external_task_marker_dag.py
[2022-05-22 22:19:01,567] {scheduler_job.py:643} INFO - DAG(s) dict_keys(['example_external_task_marker_parent', 'example_external_task_marker_child']) retrieved from /home/airflow/.local/lib/python3.8/site-packages/airflow/example_dags/example_external_task_marker_dag.py
[2022-05-22 22:19:01,806] {logging_mixin.py:104} INFO - [2022-05-22 22:19:01,806] {dag.py:1833} INFO - Sync 2 DAGs
[2022-05-22 22:19:01,828] {logging_mixin.py:104} INFO - [2022-05-22 22:19:01,828] {dag.py:2306} INFO - Setting next_dagrun for example_external_task_marker_child to None
[2022-05-22 22:19:01,830] {logging_mixin.py:104} INFO - [2022-05-22 22:19:01,830] {dag.py:2306} INFO - Setting next_dagrun for example_external_task_marker_parent to None
[2022-05-22 22:19:01,883] {scheduler_job.py:190} INFO - Processing /home/airflow/.local/lib/python3.8/site-packages/airflow/example_dags/example_external_task_marker_dag.py took 0.339 seconds
