[2022-05-22 20:46:25,771] {scheduler_job.py:182} INFO - Started process (PID=47) to work on /home/airflow/.local/lib/python3.8/site-packages/airflow/example_dags/example_branch_datetime_operator.py
[2022-05-22 20:46:25,774] {scheduler_job.py:633} INFO - Processing file /home/airflow/.local/lib/python3.8/site-packages/airflow/example_dags/example_branch_datetime_operator.py for tasks to queue
[2022-05-22 20:46:25,775] {logging_mixin.py:104} INFO - [2022-05-22 20:46:25,775] {dagbag.py:496} INFO - Filling up the DagBag from /home/airflow/.local/lib/python3.8/site-packages/airflow/example_dags/example_branch_datetime_operator.py
[2022-05-22 20:46:25,792] {scheduler_job.py:643} INFO - DAG(s) dict_keys(['example_branch_datetime_operator_2']) retrieved from /home/airflow/.local/lib/python3.8/site-packages/airflow/example_dags/example_branch_datetime_operator.py
[2022-05-22 20:46:25,816] {logging_mixin.py:104} INFO - [2022-05-22 20:46:25,816] {dag.py:1833} INFO - Sync 1 DAGs
[2022-05-22 20:46:25,849] {logging_mixin.py:104} INFO - [2022-05-22 20:46:25,849] {dag.py:2306} INFO - Setting next_dagrun for example_branch_datetime_operator_2 to 2022-05-20 00:00:00+00:00
[2022-05-22 20:46:25,905] {scheduler_job.py:190} INFO - Processing /home/airflow/.local/lib/python3.8/site-packages/airflow/example_dags/example_branch_datetime_operator.py took 0.137 seconds
[2022-05-22 20:47:11,650] {scheduler_job.py:182} INFO - Started process (PID=81) to work on /home/airflow/.local/lib/python3.8/site-packages/airflow/example_dags/example_branch_datetime_operator.py
[2022-05-22 20:47:11,654] {scheduler_job.py:633} INFO - Processing file /home/airflow/.local/lib/python3.8/site-packages/airflow/example_dags/example_branch_datetime_operator.py for tasks to queue
[2022-05-22 20:47:11,656] {logging_mixin.py:104} INFO - [2022-05-22 20:47:11,656] {dagbag.py:496} INFO - Filling up the DagBag from /home/airflow/.local/lib/python3.8/site-packages/airflow/example_dags/example_branch_datetime_operator.py
[2022-05-22 20:47:11,672] {scheduler_job.py:643} INFO - DAG(s) dict_keys(['example_branch_datetime_operator_2']) retrieved from /home/airflow/.local/lib/python3.8/site-packages/airflow/example_dags/example_branch_datetime_operator.py
[2022-05-22 20:47:11,701] {logging_mixin.py:104} INFO - [2022-05-22 20:47:11,700] {dag.py:1833} INFO - Sync 1 DAGs
[2022-05-22 20:47:11,732] {logging_mixin.py:104} INFO - [2022-05-22 20:47:11,731] {dag.py:2306} INFO - Setting next_dagrun for example_branch_datetime_operator_2 to 2022-05-20 00:00:00+00:00
[2022-05-22 20:47:11,791] {scheduler_job.py:190} INFO - Processing /home/airflow/.local/lib/python3.8/site-packages/airflow/example_dags/example_branch_datetime_operator.py took 0.144 seconds
[2022-05-22 20:47:55,573] {scheduler_job.py:182} INFO - Started process (PID=112) to work on /home/airflow/.local/lib/python3.8/site-packages/airflow/example_dags/example_branch_datetime_operator.py
[2022-05-22 20:47:55,578] {scheduler_job.py:633} INFO - Processing file /home/airflow/.local/lib/python3.8/site-packages/airflow/example_dags/example_branch_datetime_operator.py for tasks to queue
[2022-05-22 20:47:55,581] {logging_mixin.py:104} INFO - [2022-05-22 20:47:55,581] {dagbag.py:496} INFO - Filling up the DagBag from /home/airflow/.local/lib/python3.8/site-packages/airflow/example_dags/example_branch_datetime_operator.py
[2022-05-22 20:47:55,603] {scheduler_job.py:643} INFO - DAG(s) dict_keys(['example_branch_datetime_operator_2']) retrieved from /home/airflow/.local/lib/python3.8/site-packages/airflow/example_dags/example_branch_datetime_operator.py
[2022-05-22 20:47:55,642] {logging_mixin.py:104} INFO - [2022-05-22 20:47:55,642] {dag.py:1833} INFO - Sync 1 DAGs
[2022-05-22 20:47:55,682] {logging_mixin.py:104} INFO - [2022-05-22 20:47:55,682] {dag.py:2306} INFO - Setting next_dagrun for example_branch_datetime_operator_2 to 2022-05-20 00:00:00+00:00
[2022-05-22 20:47:55,746] {scheduler_job.py:190} INFO - Processing /home/airflow/.local/lib/python3.8/site-packages/airflow/example_dags/example_branch_datetime_operator.py took 0.177 seconds
[2022-05-22 20:48:51,518] {scheduler_job.py:182} INFO - Started process (PID=150) to work on /home/airflow/.local/lib/python3.8/site-packages/airflow/example_dags/example_branch_datetime_operator.py
[2022-05-22 20:48:51,524] {scheduler_job.py:633} INFO - Processing file /home/airflow/.local/lib/python3.8/site-packages/airflow/example_dags/example_branch_datetime_operator.py for tasks to queue
[2022-05-22 20:48:51,525] {logging_mixin.py:104} INFO - [2022-05-22 20:48:51,525] {dagbag.py:496} INFO - Filling up the DagBag from /home/airflow/.local/lib/python3.8/site-packages/airflow/example_dags/example_branch_datetime_operator.py
[2022-05-22 20:48:52,073] {scheduler_job.py:643} INFO - DAG(s) dict_keys(['example_branch_datetime_operator_2']) retrieved from /home/airflow/.local/lib/python3.8/site-packages/airflow/example_dags/example_branch_datetime_operator.py
[2022-05-22 20:48:52,380] {logging_mixin.py:104} INFO - [2022-05-22 20:48:52,380] {dag.py:1833} INFO - Sync 1 DAGs
[2022-05-22 20:48:52,516] {logging_mixin.py:104} INFO - [2022-05-22 20:48:52,516] {dag.py:2306} INFO - Setting next_dagrun for example_branch_datetime_operator_2 to 2022-05-20 00:00:00+00:00
[2022-05-22 20:48:52,795] {scheduler_job.py:190} INFO - Processing /home/airflow/.local/lib/python3.8/site-packages/airflow/example_dags/example_branch_datetime_operator.py took 1.283 seconds
[2022-05-22 20:49:49,164] {scheduler_job.py:182} INFO - Started process (PID=181) to work on /home/airflow/.local/lib/python3.8/site-packages/airflow/example_dags/example_branch_datetime_operator.py
[2022-05-22 20:49:49,167] {scheduler_job.py:633} INFO - Processing file /home/airflow/.local/lib/python3.8/site-packages/airflow/example_dags/example_branch_datetime_operator.py for tasks to queue
[2022-05-22 20:49:49,172] {logging_mixin.py:104} INFO - [2022-05-22 20:49:49,172] {dagbag.py:496} INFO - Filling up the DagBag from /home/airflow/.local/lib/python3.8/site-packages/airflow/example_dags/example_branch_datetime_operator.py
[2022-05-22 20:49:49,197] {scheduler_job.py:643} INFO - DAG(s) dict_keys(['example_branch_datetime_operator_2']) retrieved from /home/airflow/.local/lib/python3.8/site-packages/airflow/example_dags/example_branch_datetime_operator.py
[2022-05-22 20:49:49,249] {logging_mixin.py:104} INFO - [2022-05-22 20:49:49,248] {dag.py:1833} INFO - Sync 1 DAGs
[2022-05-22 20:49:49,324] {logging_mixin.py:104} INFO - [2022-05-22 20:49:49,324] {dag.py:2306} INFO - Setting next_dagrun for example_branch_datetime_operator_2 to 2022-05-20 00:00:00+00:00
[2022-05-22 20:49:49,416] {scheduler_job.py:190} INFO - Processing /home/airflow/.local/lib/python3.8/site-packages/airflow/example_dags/example_branch_datetime_operator.py took 0.259 seconds
[2022-05-22 20:50:39,053] {scheduler_job.py:182} INFO - Started process (PID=215) to work on /home/airflow/.local/lib/python3.8/site-packages/airflow/example_dags/example_branch_datetime_operator.py
[2022-05-22 20:50:39,056] {scheduler_job.py:633} INFO - Processing file /home/airflow/.local/lib/python3.8/site-packages/airflow/example_dags/example_branch_datetime_operator.py for tasks to queue
[2022-05-22 20:50:39,059] {logging_mixin.py:104} INFO - [2022-05-22 20:50:39,059] {dagbag.py:496} INFO - Filling up the DagBag from /home/airflow/.local/lib/python3.8/site-packages/airflow/example_dags/example_branch_datetime_operator.py
[2022-05-22 20:50:39,083] {scheduler_job.py:643} INFO - DAG(s) dict_keys(['example_branch_datetime_operator_2']) retrieved from /home/airflow/.local/lib/python3.8/site-packages/airflow/example_dags/example_branch_datetime_operator.py
[2022-05-22 20:50:39,122] {logging_mixin.py:104} INFO - [2022-05-22 20:50:39,122] {dag.py:1833} INFO - Sync 1 DAGs
[2022-05-22 20:50:39,167] {logging_mixin.py:104} INFO - [2022-05-22 20:50:39,166] {dag.py:2306} INFO - Setting next_dagrun for example_branch_datetime_operator_2 to 2022-05-20 00:00:00+00:00
[2022-05-22 20:50:39,241] {scheduler_job.py:190} INFO - Processing /home/airflow/.local/lib/python3.8/site-packages/airflow/example_dags/example_branch_datetime_operator.py took 0.191 seconds
[2022-05-22 20:51:29,288] {scheduler_job.py:182} INFO - Started process (PID=249) to work on /home/airflow/.local/lib/python3.8/site-packages/airflow/example_dags/example_branch_datetime_operator.py
[2022-05-22 20:51:29,293] {scheduler_job.py:633} INFO - Processing file /home/airflow/.local/lib/python3.8/site-packages/airflow/example_dags/example_branch_datetime_operator.py for tasks to queue
[2022-05-22 20:51:29,296] {logging_mixin.py:104} INFO - [2022-05-22 20:51:29,295] {dagbag.py:496} INFO - Filling up the DagBag from /home/airflow/.local/lib/python3.8/site-packages/airflow/example_dags/example_branch_datetime_operator.py
[2022-05-22 20:51:29,319] {scheduler_job.py:643} INFO - DAG(s) dict_keys(['example_branch_datetime_operator_2']) retrieved from /home/airflow/.local/lib/python3.8/site-packages/airflow/example_dags/example_branch_datetime_operator.py
[2022-05-22 20:51:29,367] {logging_mixin.py:104} INFO - [2022-05-22 20:51:29,367] {dag.py:1833} INFO - Sync 1 DAGs
[2022-05-22 20:51:29,411] {logging_mixin.py:104} INFO - [2022-05-22 20:51:29,411] {dag.py:2306} INFO - Setting next_dagrun for example_branch_datetime_operator_2 to 2022-05-20 00:00:00+00:00
[2022-05-22 20:51:29,483] {scheduler_job.py:190} INFO - Processing /home/airflow/.local/lib/python3.8/site-packages/airflow/example_dags/example_branch_datetime_operator.py took 0.198 seconds
[2022-05-22 20:52:14,658] {scheduler_job.py:182} INFO - Started process (PID=280) to work on /home/airflow/.local/lib/python3.8/site-packages/airflow/example_dags/example_branch_datetime_operator.py
[2022-05-22 20:52:14,663] {scheduler_job.py:633} INFO - Processing file /home/airflow/.local/lib/python3.8/site-packages/airflow/example_dags/example_branch_datetime_operator.py for tasks to queue
[2022-05-22 20:52:14,666] {logging_mixin.py:104} INFO - [2022-05-22 20:52:14,666] {dagbag.py:496} INFO - Filling up the DagBag from /home/airflow/.local/lib/python3.8/site-packages/airflow/example_dags/example_branch_datetime_operator.py
[2022-05-22 20:52:14,690] {scheduler_job.py:643} INFO - DAG(s) dict_keys(['example_branch_datetime_operator_2']) retrieved from /home/airflow/.local/lib/python3.8/site-packages/airflow/example_dags/example_branch_datetime_operator.py
[2022-05-22 20:52:14,731] {logging_mixin.py:104} INFO - [2022-05-22 20:52:14,731] {dag.py:1833} INFO - Sync 1 DAGs
[2022-05-22 20:52:14,775] {logging_mixin.py:104} INFO - [2022-05-22 20:52:14,775] {dag.py:2306} INFO - Setting next_dagrun for example_branch_datetime_operator_2 to 2022-05-20 00:00:00+00:00
[2022-05-22 20:52:14,853] {scheduler_job.py:190} INFO - Processing /home/airflow/.local/lib/python3.8/site-packages/airflow/example_dags/example_branch_datetime_operator.py took 0.200 seconds
[2022-05-22 21:24:46,954] {scheduler_job.py:182} INFO - Started process (PID=49) to work on /home/airflow/.local/lib/python3.8/site-packages/airflow/example_dags/example_branch_datetime_operator.py
[2022-05-22 21:24:46,959] {scheduler_job.py:633} INFO - Processing file /home/airflow/.local/lib/python3.8/site-packages/airflow/example_dags/example_branch_datetime_operator.py for tasks to queue
[2022-05-22 21:24:46,965] {logging_mixin.py:104} INFO - [2022-05-22 21:24:46,963] {dagbag.py:496} INFO - Filling up the DagBag from /home/airflow/.local/lib/python3.8/site-packages/airflow/example_dags/example_branch_datetime_operator.py
[2022-05-22 21:24:46,988] {scheduler_job.py:643} INFO - DAG(s) dict_keys(['example_branch_datetime_operator_2']) retrieved from /home/airflow/.local/lib/python3.8/site-packages/airflow/example_dags/example_branch_datetime_operator.py
[2022-05-22 21:24:47,076] {logging_mixin.py:104} INFO - [2022-05-22 21:24:47,076] {dag.py:1833} INFO - Sync 1 DAGs
[2022-05-22 21:24:47,133] {logging_mixin.py:104} INFO - [2022-05-22 21:24:47,129] {dag.py:2306} INFO - Setting next_dagrun for example_branch_datetime_operator_2 to 2022-05-20 00:00:00+00:00
[2022-05-22 21:24:47,221] {scheduler_job.py:190} INFO - Processing /home/airflow/.local/lib/python3.8/site-packages/airflow/example_dags/example_branch_datetime_operator.py took 0.278 seconds
[2022-05-22 21:25:42,038] {scheduler_job.py:182} INFO - Started process (PID=88) to work on /home/airflow/.local/lib/python3.8/site-packages/airflow/example_dags/example_branch_datetime_operator.py
[2022-05-22 21:25:42,041] {scheduler_job.py:633} INFO - Processing file /home/airflow/.local/lib/python3.8/site-packages/airflow/example_dags/example_branch_datetime_operator.py for tasks to queue
[2022-05-22 21:25:42,042] {logging_mixin.py:104} INFO - [2022-05-22 21:25:42,042] {dagbag.py:496} INFO - Filling up the DagBag from /home/airflow/.local/lib/python3.8/site-packages/airflow/example_dags/example_branch_datetime_operator.py
[2022-05-22 21:25:42,056] {scheduler_job.py:643} INFO - DAG(s) dict_keys(['example_branch_datetime_operator_2']) retrieved from /home/airflow/.local/lib/python3.8/site-packages/airflow/example_dags/example_branch_datetime_operator.py
[2022-05-22 21:25:42,080] {logging_mixin.py:104} INFO - [2022-05-22 21:25:42,080] {dag.py:1833} INFO - Sync 1 DAGs
[2022-05-22 21:25:42,102] {logging_mixin.py:104} INFO - [2022-05-22 21:25:42,102] {dag.py:2306} INFO - Setting next_dagrun for example_branch_datetime_operator_2 to 2022-05-20 00:00:00+00:00
[2022-05-22 21:25:42,147] {scheduler_job.py:190} INFO - Processing /home/airflow/.local/lib/python3.8/site-packages/airflow/example_dags/example_branch_datetime_operator.py took 0.112 seconds
[2022-05-22 21:28:04,874] {scheduler_job.py:182} INFO - Started process (PID=50) to work on /home/airflow/.local/lib/python3.8/site-packages/airflow/example_dags/example_branch_datetime_operator.py
[2022-05-22 21:28:04,877] {scheduler_job.py:633} INFO - Processing file /home/airflow/.local/lib/python3.8/site-packages/airflow/example_dags/example_branch_datetime_operator.py for tasks to queue
[2022-05-22 21:28:04,880] {logging_mixin.py:104} INFO - [2022-05-22 21:28:04,879] {dagbag.py:496} INFO - Filling up the DagBag from /home/airflow/.local/lib/python3.8/site-packages/airflow/example_dags/example_branch_datetime_operator.py
[2022-05-22 21:28:04,898] {scheduler_job.py:643} INFO - DAG(s) dict_keys(['example_branch_datetime_operator_2']) retrieved from /home/airflow/.local/lib/python3.8/site-packages/airflow/example_dags/example_branch_datetime_operator.py
[2022-05-22 21:28:04,929] {logging_mixin.py:104} INFO - [2022-05-22 21:28:04,928] {dag.py:1833} INFO - Sync 1 DAGs
[2022-05-22 21:28:04,960] {logging_mixin.py:104} INFO - [2022-05-22 21:28:04,960] {dag.py:2306} INFO - Setting next_dagrun for example_branch_datetime_operator_2 to 2022-05-20 00:00:00+00:00
[2022-05-22 21:28:05,030] {scheduler_job.py:190} INFO - Processing /home/airflow/.local/lib/python3.8/site-packages/airflow/example_dags/example_branch_datetime_operator.py took 0.162 seconds
[2022-05-22 21:28:49,200] {scheduler_job.py:182} INFO - Started process (PID=83) to work on /home/airflow/.local/lib/python3.8/site-packages/airflow/example_dags/example_branch_datetime_operator.py
[2022-05-22 21:28:49,204] {scheduler_job.py:633} INFO - Processing file /home/airflow/.local/lib/python3.8/site-packages/airflow/example_dags/example_branch_datetime_operator.py for tasks to queue
[2022-05-22 21:28:49,207] {logging_mixin.py:104} INFO - [2022-05-22 21:28:49,206] {dagbag.py:496} INFO - Filling up the DagBag from /home/airflow/.local/lib/python3.8/site-packages/airflow/example_dags/example_branch_datetime_operator.py
[2022-05-22 21:28:49,225] {scheduler_job.py:643} INFO - DAG(s) dict_keys(['example_branch_datetime_operator_2']) retrieved from /home/airflow/.local/lib/python3.8/site-packages/airflow/example_dags/example_branch_datetime_operator.py
[2022-05-22 21:28:49,254] {logging_mixin.py:104} INFO - [2022-05-22 21:28:49,254] {dag.py:1833} INFO - Sync 1 DAGs
[2022-05-22 21:28:49,285] {logging_mixin.py:104} INFO - [2022-05-22 21:28:49,285] {dag.py:2306} INFO - Setting next_dagrun for example_branch_datetime_operator_2 to 2022-05-20 00:00:00+00:00
[2022-05-22 21:28:49,369] {scheduler_job.py:190} INFO - Processing /home/airflow/.local/lib/python3.8/site-packages/airflow/example_dags/example_branch_datetime_operator.py took 0.172 seconds
[2022-05-22 21:29:47,481] {scheduler_job.py:182} INFO - Started process (PID=127) to work on /home/airflow/.local/lib/python3.8/site-packages/airflow/example_dags/example_branch_datetime_operator.py
[2022-05-22 21:29:47,486] {scheduler_job.py:633} INFO - Processing file /home/airflow/.local/lib/python3.8/site-packages/airflow/example_dags/example_branch_datetime_operator.py for tasks to queue
[2022-05-22 21:29:47,488] {logging_mixin.py:104} INFO - [2022-05-22 21:29:47,488] {dagbag.py:496} INFO - Filling up the DagBag from /home/airflow/.local/lib/python3.8/site-packages/airflow/example_dags/example_branch_datetime_operator.py
[2022-05-22 21:29:47,505] {scheduler_job.py:643} INFO - DAG(s) dict_keys(['example_branch_datetime_operator_2']) retrieved from /home/airflow/.local/lib/python3.8/site-packages/airflow/example_dags/example_branch_datetime_operator.py
[2022-05-22 21:29:47,535] {logging_mixin.py:104} INFO - [2022-05-22 21:29:47,535] {dag.py:1833} INFO - Sync 1 DAGs
[2022-05-22 21:29:47,565] {logging_mixin.py:104} INFO - [2022-05-22 21:29:47,565] {dag.py:2306} INFO - Setting next_dagrun for example_branch_datetime_operator_2 to 2022-05-20 00:00:00+00:00
[2022-05-22 21:29:47,614] {scheduler_job.py:190} INFO - Processing /home/airflow/.local/lib/python3.8/site-packages/airflow/example_dags/example_branch_datetime_operator.py took 0.136 seconds
[2022-05-22 21:30:30,801] {scheduler_job.py:182} INFO - Started process (PID=160) to work on /home/airflow/.local/lib/python3.8/site-packages/airflow/example_dags/example_branch_datetime_operator.py
[2022-05-22 21:30:30,817] {scheduler_job.py:633} INFO - Processing file /home/airflow/.local/lib/python3.8/site-packages/airflow/example_dags/example_branch_datetime_operator.py for tasks to queue
[2022-05-22 21:30:30,826] {logging_mixin.py:104} INFO - [2022-05-22 21:30:30,825] {dagbag.py:496} INFO - Filling up the DagBag from /home/airflow/.local/lib/python3.8/site-packages/airflow/example_dags/example_branch_datetime_operator.py
[2022-05-22 21:30:30,860] {scheduler_job.py:643} INFO - DAG(s) dict_keys(['example_branch_datetime_operator_2']) retrieved from /home/airflow/.local/lib/python3.8/site-packages/airflow/example_dags/example_branch_datetime_operator.py
[2022-05-22 21:30:30,983] {logging_mixin.py:104} INFO - [2022-05-22 21:30:30,983] {dag.py:1833} INFO - Sync 1 DAGs
[2022-05-22 21:30:31,018] {logging_mixin.py:104} INFO - [2022-05-22 21:30:31,018] {dag.py:2306} INFO - Setting next_dagrun for example_branch_datetime_operator_2 to 2022-05-20 00:00:00+00:00
[2022-05-22 21:30:31,099] {scheduler_job.py:190} INFO - Processing /home/airflow/.local/lib/python3.8/site-packages/airflow/example_dags/example_branch_datetime_operator.py took 0.307 seconds
[2022-05-22 21:31:20,291] {scheduler_job.py:182} INFO - Started process (PID=198) to work on /home/airflow/.local/lib/python3.8/site-packages/airflow/example_dags/example_branch_datetime_operator.py
[2022-05-22 21:31:20,295] {scheduler_job.py:633} INFO - Processing file /home/airflow/.local/lib/python3.8/site-packages/airflow/example_dags/example_branch_datetime_operator.py for tasks to queue
[2022-05-22 21:31:20,297] {logging_mixin.py:104} INFO - [2022-05-22 21:31:20,297] {dagbag.py:496} INFO - Filling up the DagBag from /home/airflow/.local/lib/python3.8/site-packages/airflow/example_dags/example_branch_datetime_operator.py
[2022-05-22 21:31:20,311] {scheduler_job.py:643} INFO - DAG(s) dict_keys(['example_branch_datetime_operator_2']) retrieved from /home/airflow/.local/lib/python3.8/site-packages/airflow/example_dags/example_branch_datetime_operator.py
[2022-05-22 21:31:20,333] {logging_mixin.py:104} INFO - [2022-05-22 21:31:20,333] {dag.py:1833} INFO - Sync 1 DAGs
[2022-05-22 21:31:20,357] {logging_mixin.py:104} INFO - [2022-05-22 21:31:20,357] {dag.py:2306} INFO - Setting next_dagrun for example_branch_datetime_operator_2 to 2022-05-20 00:00:00+00:00
[2022-05-22 21:31:20,400] {scheduler_job.py:190} INFO - Processing /home/airflow/.local/lib/python3.8/site-packages/airflow/example_dags/example_branch_datetime_operator.py took 0.111 seconds
[2022-05-22 21:32:04,853] {scheduler_job.py:182} INFO - Started process (PID=234) to work on /home/airflow/.local/lib/python3.8/site-packages/airflow/example_dags/example_branch_datetime_operator.py
[2022-05-22 21:32:04,857] {scheduler_job.py:633} INFO - Processing file /home/airflow/.local/lib/python3.8/site-packages/airflow/example_dags/example_branch_datetime_operator.py for tasks to queue
[2022-05-22 21:32:04,860] {logging_mixin.py:104} INFO - [2022-05-22 21:32:04,859] {dagbag.py:496} INFO - Filling up the DagBag from /home/airflow/.local/lib/python3.8/site-packages/airflow/example_dags/example_branch_datetime_operator.py
[2022-05-22 21:32:04,892] {scheduler_job.py:643} INFO - DAG(s) dict_keys(['example_branch_datetime_operator_2']) retrieved from /home/airflow/.local/lib/python3.8/site-packages/airflow/example_dags/example_branch_datetime_operator.py
[2022-05-22 21:32:04,927] {logging_mixin.py:104} INFO - [2022-05-22 21:32:04,927] {dag.py:1833} INFO - Sync 1 DAGs
[2022-05-22 21:32:04,958] {logging_mixin.py:104} INFO - [2022-05-22 21:32:04,957] {dag.py:2306} INFO - Setting next_dagrun for example_branch_datetime_operator_2 to 2022-05-20 00:00:00+00:00
[2022-05-22 21:32:05,054] {scheduler_job.py:190} INFO - Processing /home/airflow/.local/lib/python3.8/site-packages/airflow/example_dags/example_branch_datetime_operator.py took 0.205 seconds
[2022-05-22 21:36:17,650] {scheduler_job.py:182} INFO - Started process (PID=48) to work on /home/airflow/.local/lib/python3.8/site-packages/airflow/example_dags/example_branch_datetime_operator.py
[2022-05-22 21:36:17,654] {scheduler_job.py:633} INFO - Processing file /home/airflow/.local/lib/python3.8/site-packages/airflow/example_dags/example_branch_datetime_operator.py for tasks to queue
[2022-05-22 21:36:17,657] {logging_mixin.py:104} INFO - [2022-05-22 21:36:17,657] {dagbag.py:496} INFO - Filling up the DagBag from /home/airflow/.local/lib/python3.8/site-packages/airflow/example_dags/example_branch_datetime_operator.py
[2022-05-22 21:36:17,672] {scheduler_job.py:643} INFO - DAG(s) dict_keys(['example_branch_datetime_operator_2']) retrieved from /home/airflow/.local/lib/python3.8/site-packages/airflow/example_dags/example_branch_datetime_operator.py
[2022-05-22 21:36:17,705] {logging_mixin.py:104} INFO - [2022-05-22 21:36:17,705] {dag.py:1833} INFO - Sync 1 DAGs
[2022-05-22 21:36:17,740] {logging_mixin.py:104} INFO - [2022-05-22 21:36:17,739] {dag.py:2306} INFO - Setting next_dagrun for example_branch_datetime_operator_2 to 2022-05-20 00:00:00+00:00
[2022-05-22 21:36:17,791] {scheduler_job.py:190} INFO - Processing /home/airflow/.local/lib/python3.8/site-packages/airflow/example_dags/example_branch_datetime_operator.py took 0.149 seconds
[2022-05-22 21:37:00,148] {scheduler_job.py:182} INFO - Started process (PID=81) to work on /home/airflow/.local/lib/python3.8/site-packages/airflow/example_dags/example_branch_datetime_operator.py
[2022-05-22 21:37:00,151] {scheduler_job.py:633} INFO - Processing file /home/airflow/.local/lib/python3.8/site-packages/airflow/example_dags/example_branch_datetime_operator.py for tasks to queue
[2022-05-22 21:37:00,153] {logging_mixin.py:104} INFO - [2022-05-22 21:37:00,153] {dagbag.py:496} INFO - Filling up the DagBag from /home/airflow/.local/lib/python3.8/site-packages/airflow/example_dags/example_branch_datetime_operator.py
[2022-05-22 21:37:00,171] {scheduler_job.py:643} INFO - DAG(s) dict_keys(['example_branch_datetime_operator_2']) retrieved from /home/airflow/.local/lib/python3.8/site-packages/airflow/example_dags/example_branch_datetime_operator.py
[2022-05-22 21:37:00,199] {logging_mixin.py:104} INFO - [2022-05-22 21:37:00,199] {dag.py:1833} INFO - Sync 1 DAGs
[2022-05-22 21:37:00,231] {logging_mixin.py:104} INFO - [2022-05-22 21:37:00,231] {dag.py:2306} INFO - Setting next_dagrun for example_branch_datetime_operator_2 to 2022-05-20 00:00:00+00:00
[2022-05-22 21:37:00,286] {scheduler_job.py:190} INFO - Processing /home/airflow/.local/lib/python3.8/site-packages/airflow/example_dags/example_branch_datetime_operator.py took 0.142 seconds
[2022-05-22 21:37:45,610] {scheduler_job.py:182} INFO - Started process (PID=114) to work on /home/airflow/.local/lib/python3.8/site-packages/airflow/example_dags/example_branch_datetime_operator.py
[2022-05-22 21:37:45,615] {scheduler_job.py:633} INFO - Processing file /home/airflow/.local/lib/python3.8/site-packages/airflow/example_dags/example_branch_datetime_operator.py for tasks to queue
[2022-05-22 21:37:45,618] {logging_mixin.py:104} INFO - [2022-05-22 21:37:45,618] {dagbag.py:496} INFO - Filling up the DagBag from /home/airflow/.local/lib/python3.8/site-packages/airflow/example_dags/example_branch_datetime_operator.py
[2022-05-22 21:37:45,639] {scheduler_job.py:643} INFO - DAG(s) dict_keys(['example_branch_datetime_operator_2']) retrieved from /home/airflow/.local/lib/python3.8/site-packages/airflow/example_dags/example_branch_datetime_operator.py
[2022-05-22 21:37:45,678] {logging_mixin.py:104} INFO - [2022-05-22 21:37:45,678] {dag.py:1833} INFO - Sync 1 DAGs
[2022-05-22 21:37:45,719] {logging_mixin.py:104} INFO - [2022-05-22 21:37:45,719] {dag.py:2306} INFO - Setting next_dagrun for example_branch_datetime_operator_2 to 2022-05-20 00:00:00+00:00
[2022-05-22 21:37:45,774] {scheduler_job.py:190} INFO - Processing /home/airflow/.local/lib/python3.8/site-packages/airflow/example_dags/example_branch_datetime_operator.py took 0.170 seconds
[2022-05-22 21:38:55,215] {scheduler_job.py:182} INFO - Started process (PID=172) to work on /home/airflow/.local/lib/python3.8/site-packages/airflow/example_dags/example_branch_datetime_operator.py
[2022-05-22 21:38:55,218] {scheduler_job.py:633} INFO - Processing file /home/airflow/.local/lib/python3.8/site-packages/airflow/example_dags/example_branch_datetime_operator.py for tasks to queue
[2022-05-22 21:38:55,220] {logging_mixin.py:104} INFO - [2022-05-22 21:38:55,219] {dagbag.py:496} INFO - Filling up the DagBag from /home/airflow/.local/lib/python3.8/site-packages/airflow/example_dags/example_branch_datetime_operator.py
[2022-05-22 21:38:55,235] {scheduler_job.py:643} INFO - DAG(s) dict_keys(['example_branch_datetime_operator_2']) retrieved from /home/airflow/.local/lib/python3.8/site-packages/airflow/example_dags/example_branch_datetime_operator.py
[2022-05-22 21:38:55,261] {logging_mixin.py:104} INFO - [2022-05-22 21:38:55,261] {dag.py:1833} INFO - Sync 1 DAGs
[2022-05-22 21:38:55,293] {logging_mixin.py:104} INFO - [2022-05-22 21:38:55,293] {dag.py:2306} INFO - Setting next_dagrun for example_branch_datetime_operator_2 to 2022-05-20 00:00:00+00:00
[2022-05-22 21:38:55,336] {scheduler_job.py:190} INFO - Processing /home/airflow/.local/lib/python3.8/site-packages/airflow/example_dags/example_branch_datetime_operator.py took 0.126 seconds
[2022-05-22 21:39:42,453] {scheduler_job.py:182} INFO - Started process (PID=210) to work on /home/airflow/.local/lib/python3.8/site-packages/airflow/example_dags/example_branch_datetime_operator.py
[2022-05-22 21:39:42,456] {scheduler_job.py:633} INFO - Processing file /home/airflow/.local/lib/python3.8/site-packages/airflow/example_dags/example_branch_datetime_operator.py for tasks to queue
[2022-05-22 21:39:42,458] {logging_mixin.py:104} INFO - [2022-05-22 21:39:42,458] {dagbag.py:496} INFO - Filling up the DagBag from /home/airflow/.local/lib/python3.8/site-packages/airflow/example_dags/example_branch_datetime_operator.py
[2022-05-22 21:39:42,471] {scheduler_job.py:643} INFO - DAG(s) dict_keys(['example_branch_datetime_operator_2']) retrieved from /home/airflow/.local/lib/python3.8/site-packages/airflow/example_dags/example_branch_datetime_operator.py
[2022-05-22 21:39:42,493] {logging_mixin.py:104} INFO - [2022-05-22 21:39:42,493] {dag.py:1833} INFO - Sync 1 DAGs
[2022-05-22 21:39:42,517] {logging_mixin.py:104} INFO - [2022-05-22 21:39:42,517] {dag.py:2306} INFO - Setting next_dagrun for example_branch_datetime_operator_2 to 2022-05-20 00:00:00+00:00
[2022-05-22 21:39:42,563] {scheduler_job.py:190} INFO - Processing /home/airflow/.local/lib/python3.8/site-packages/airflow/example_dags/example_branch_datetime_operator.py took 0.114 seconds
[2022-05-22 21:40:29,517] {scheduler_job.py:182} INFO - Started process (PID=247) to work on /home/airflow/.local/lib/python3.8/site-packages/airflow/example_dags/example_branch_datetime_operator.py
[2022-05-22 21:40:29,522] {scheduler_job.py:633} INFO - Processing file /home/airflow/.local/lib/python3.8/site-packages/airflow/example_dags/example_branch_datetime_operator.py for tasks to queue
[2022-05-22 21:40:29,524] {logging_mixin.py:104} INFO - [2022-05-22 21:40:29,523] {dagbag.py:496} INFO - Filling up the DagBag from /home/airflow/.local/lib/python3.8/site-packages/airflow/example_dags/example_branch_datetime_operator.py
[2022-05-22 21:40:29,541] {scheduler_job.py:643} INFO - DAG(s) dict_keys(['example_branch_datetime_operator_2']) retrieved from /home/airflow/.local/lib/python3.8/site-packages/airflow/example_dags/example_branch_datetime_operator.py
[2022-05-22 21:40:29,573] {logging_mixin.py:104} INFO - [2022-05-22 21:40:29,572] {dag.py:1833} INFO - Sync 1 DAGs
[2022-05-22 21:40:29,602] {logging_mixin.py:104} INFO - [2022-05-22 21:40:29,602] {dag.py:2306} INFO - Setting next_dagrun for example_branch_datetime_operator_2 to 2022-05-20 00:00:00+00:00
[2022-05-22 21:40:29,644] {scheduler_job.py:190} INFO - Processing /home/airflow/.local/lib/python3.8/site-packages/airflow/example_dags/example_branch_datetime_operator.py took 0.131 seconds
[2022-05-22 21:46:17,907] {scheduler_job.py:182} INFO - Started process (PID=49) to work on /home/airflow/.local/lib/python3.8/site-packages/airflow/example_dags/example_branch_datetime_operator.py
[2022-05-22 21:46:17,910] {scheduler_job.py:633} INFO - Processing file /home/airflow/.local/lib/python3.8/site-packages/airflow/example_dags/example_branch_datetime_operator.py for tasks to queue
[2022-05-22 21:46:17,912] {logging_mixin.py:104} INFO - [2022-05-22 21:46:17,912] {dagbag.py:496} INFO - Filling up the DagBag from /home/airflow/.local/lib/python3.8/site-packages/airflow/example_dags/example_branch_datetime_operator.py
[2022-05-22 21:46:17,938] {scheduler_job.py:643} INFO - DAG(s) dict_keys(['example_branch_datetime_operator_2']) retrieved from /home/airflow/.local/lib/python3.8/site-packages/airflow/example_dags/example_branch_datetime_operator.py
[2022-05-22 21:46:17,982] {logging_mixin.py:104} INFO - [2022-05-22 21:46:17,982] {dag.py:1833} INFO - Sync 1 DAGs
[2022-05-22 21:46:18,010] {logging_mixin.py:104} INFO - [2022-05-22 21:46:18,010] {dag.py:2306} INFO - Setting next_dagrun for example_branch_datetime_operator_2 to 2022-05-20 00:00:00+00:00
[2022-05-22 21:46:18,070] {scheduler_job.py:190} INFO - Processing /home/airflow/.local/lib/python3.8/site-packages/airflow/example_dags/example_branch_datetime_operator.py took 0.170 seconds
[2022-05-22 21:47:02,126] {scheduler_job.py:182} INFO - Started process (PID=82) to work on /home/airflow/.local/lib/python3.8/site-packages/airflow/example_dags/example_branch_datetime_operator.py
[2022-05-22 21:47:02,129] {scheduler_job.py:633} INFO - Processing file /home/airflow/.local/lib/python3.8/site-packages/airflow/example_dags/example_branch_datetime_operator.py for tasks to queue
[2022-05-22 21:47:02,130] {logging_mixin.py:104} INFO - [2022-05-22 21:47:02,130] {dagbag.py:496} INFO - Filling up the DagBag from /home/airflow/.local/lib/python3.8/site-packages/airflow/example_dags/example_branch_datetime_operator.py
[2022-05-22 21:47:02,145] {scheduler_job.py:643} INFO - DAG(s) dict_keys(['example_branch_datetime_operator_2']) retrieved from /home/airflow/.local/lib/python3.8/site-packages/airflow/example_dags/example_branch_datetime_operator.py
[2022-05-22 21:47:02,169] {logging_mixin.py:104} INFO - [2022-05-22 21:47:02,169] {dag.py:1833} INFO - Sync 1 DAGs
[2022-05-22 21:47:02,193] {logging_mixin.py:104} INFO - [2022-05-22 21:47:02,193] {dag.py:2306} INFO - Setting next_dagrun for example_branch_datetime_operator_2 to 2022-05-20 00:00:00+00:00
[2022-05-22 21:47:02,235] {scheduler_job.py:190} INFO - Processing /home/airflow/.local/lib/python3.8/site-packages/airflow/example_dags/example_branch_datetime_operator.py took 0.113 seconds
[2022-05-22 21:47:45,339] {scheduler_job.py:182} INFO - Started process (PID=115) to work on /home/airflow/.local/lib/python3.8/site-packages/airflow/example_dags/example_branch_datetime_operator.py
[2022-05-22 21:47:45,342] {scheduler_job.py:633} INFO - Processing file /home/airflow/.local/lib/python3.8/site-packages/airflow/example_dags/example_branch_datetime_operator.py for tasks to queue
[2022-05-22 21:47:45,344] {logging_mixin.py:104} INFO - [2022-05-22 21:47:45,344] {dagbag.py:496} INFO - Filling up the DagBag from /home/airflow/.local/lib/python3.8/site-packages/airflow/example_dags/example_branch_datetime_operator.py
[2022-05-22 21:47:45,358] {scheduler_job.py:643} INFO - DAG(s) dict_keys(['example_branch_datetime_operator_2']) retrieved from /home/airflow/.local/lib/python3.8/site-packages/airflow/example_dags/example_branch_datetime_operator.py
[2022-05-22 21:47:45,383] {logging_mixin.py:104} INFO - [2022-05-22 21:47:45,382] {dag.py:1833} INFO - Sync 1 DAGs
[2022-05-22 21:47:45,408] {logging_mixin.py:104} INFO - [2022-05-22 21:47:45,407] {dag.py:2306} INFO - Setting next_dagrun for example_branch_datetime_operator_2 to 2022-05-20 00:00:00+00:00
[2022-05-22 21:47:45,458] {scheduler_job.py:190} INFO - Processing /home/airflow/.local/lib/python3.8/site-packages/airflow/example_dags/example_branch_datetime_operator.py took 0.123 seconds
[2022-05-22 21:48:36,625] {scheduler_job.py:182} INFO - Started process (PID=156) to work on /home/airflow/.local/lib/python3.8/site-packages/airflow/example_dags/example_branch_datetime_operator.py
[2022-05-22 21:48:36,629] {scheduler_job.py:633} INFO - Processing file /home/airflow/.local/lib/python3.8/site-packages/airflow/example_dags/example_branch_datetime_operator.py for tasks to queue
[2022-05-22 21:48:36,631] {logging_mixin.py:104} INFO - [2022-05-22 21:48:36,631] {dagbag.py:496} INFO - Filling up the DagBag from /home/airflow/.local/lib/python3.8/site-packages/airflow/example_dags/example_branch_datetime_operator.py
[2022-05-22 21:48:36,649] {scheduler_job.py:643} INFO - DAG(s) dict_keys(['example_branch_datetime_operator_2']) retrieved from /home/airflow/.local/lib/python3.8/site-packages/airflow/example_dags/example_branch_datetime_operator.py
[2022-05-22 21:48:36,676] {logging_mixin.py:104} INFO - [2022-05-22 21:48:36,676] {dag.py:1833} INFO - Sync 1 DAGs
[2022-05-22 21:48:36,699] {logging_mixin.py:104} INFO - [2022-05-22 21:48:36,698] {dag.py:2306} INFO - Setting next_dagrun for example_branch_datetime_operator_2 to 2022-05-20 00:00:00+00:00
[2022-05-22 21:48:36,743] {scheduler_job.py:190} INFO - Processing /home/airflow/.local/lib/python3.8/site-packages/airflow/example_dags/example_branch_datetime_operator.py took 0.123 seconds
[2022-05-22 21:49:22,655] {scheduler_job.py:182} INFO - Started process (PID=192) to work on /home/airflow/.local/lib/python3.8/site-packages/airflow/example_dags/example_branch_datetime_operator.py
[2022-05-22 21:49:22,658] {scheduler_job.py:633} INFO - Processing file /home/airflow/.local/lib/python3.8/site-packages/airflow/example_dags/example_branch_datetime_operator.py for tasks to queue
[2022-05-22 21:49:22,659] {logging_mixin.py:104} INFO - [2022-05-22 21:49:22,659] {dagbag.py:496} INFO - Filling up the DagBag from /home/airflow/.local/lib/python3.8/site-packages/airflow/example_dags/example_branch_datetime_operator.py
[2022-05-22 21:49:22,673] {scheduler_job.py:643} INFO - DAG(s) dict_keys(['example_branch_datetime_operator_2']) retrieved from /home/airflow/.local/lib/python3.8/site-packages/airflow/example_dags/example_branch_datetime_operator.py
[2022-05-22 21:49:22,694] {logging_mixin.py:104} INFO - [2022-05-22 21:49:22,694] {dag.py:1833} INFO - Sync 1 DAGs
[2022-05-22 21:49:22,717] {logging_mixin.py:104} INFO - [2022-05-22 21:49:22,717] {dag.py:2306} INFO - Setting next_dagrun for example_branch_datetime_operator_2 to 2022-05-20 00:00:00+00:00
[2022-05-22 21:49:22,764] {scheduler_job.py:190} INFO - Processing /home/airflow/.local/lib/python3.8/site-packages/airflow/example_dags/example_branch_datetime_operator.py took 0.112 seconds
[2022-05-22 21:50:10,182] {scheduler_job.py:182} INFO - Started process (PID=230) to work on /home/airflow/.local/lib/python3.8/site-packages/airflow/example_dags/example_branch_datetime_operator.py
[2022-05-22 21:50:10,186] {scheduler_job.py:633} INFO - Processing file /home/airflow/.local/lib/python3.8/site-packages/airflow/example_dags/example_branch_datetime_operator.py for tasks to queue
[2022-05-22 21:50:10,188] {logging_mixin.py:104} INFO - [2022-05-22 21:50:10,187] {dagbag.py:496} INFO - Filling up the DagBag from /home/airflow/.local/lib/python3.8/site-packages/airflow/example_dags/example_branch_datetime_operator.py
[2022-05-22 21:50:10,202] {scheduler_job.py:643} INFO - DAG(s) dict_keys(['example_branch_datetime_operator_2']) retrieved from /home/airflow/.local/lib/python3.8/site-packages/airflow/example_dags/example_branch_datetime_operator.py
[2022-05-22 21:50:10,228] {logging_mixin.py:104} INFO - [2022-05-22 21:50:10,228] {dag.py:1833} INFO - Sync 1 DAGs
[2022-05-22 21:50:10,251] {logging_mixin.py:104} INFO - [2022-05-22 21:50:10,251] {dag.py:2306} INFO - Setting next_dagrun for example_branch_datetime_operator_2 to 2022-05-20 00:00:00+00:00
[2022-05-22 21:50:10,294] {scheduler_job.py:190} INFO - Processing /home/airflow/.local/lib/python3.8/site-packages/airflow/example_dags/example_branch_datetime_operator.py took 0.116 seconds
[2022-05-22 22:02:45,818] {scheduler_job.py:182} INFO - Started process (PID=54) to work on /home/airflow/.local/lib/python3.8/site-packages/airflow/example_dags/example_branch_datetime_operator.py
[2022-05-22 22:02:45,826] {scheduler_job.py:633} INFO - Processing file /home/airflow/.local/lib/python3.8/site-packages/airflow/example_dags/example_branch_datetime_operator.py for tasks to queue
[2022-05-22 22:02:45,830] {logging_mixin.py:104} INFO - [2022-05-22 22:02:45,830] {dagbag.py:496} INFO - Filling up the DagBag from /home/airflow/.local/lib/python3.8/site-packages/airflow/example_dags/example_branch_datetime_operator.py
[2022-05-22 22:02:45,867] {scheduler_job.py:643} INFO - DAG(s) dict_keys(['example_branch_datetime_operator_2']) retrieved from /home/airflow/.local/lib/python3.8/site-packages/airflow/example_dags/example_branch_datetime_operator.py
[2022-05-22 22:02:45,915] {logging_mixin.py:104} INFO - [2022-05-22 22:02:45,915] {dag.py:1833} INFO - Sync 1 DAGs
[2022-05-22 22:02:45,965] {logging_mixin.py:104} INFO - [2022-05-22 22:02:45,965] {dag.py:2306} INFO - Setting next_dagrun for example_branch_datetime_operator_2 to 2022-05-20 00:00:00+00:00
[2022-05-22 22:02:46,034] {scheduler_job.py:190} INFO - Processing /home/airflow/.local/lib/python3.8/site-packages/airflow/example_dags/example_branch_datetime_operator.py took 0.223 seconds
[2022-05-22 22:03:35,517] {scheduler_job.py:182} INFO - Started process (PID=92) to work on /home/airflow/.local/lib/python3.8/site-packages/airflow/example_dags/example_branch_datetime_operator.py
[2022-05-22 22:03:35,522] {scheduler_job.py:633} INFO - Processing file /home/airflow/.local/lib/python3.8/site-packages/airflow/example_dags/example_branch_datetime_operator.py for tasks to queue
[2022-05-22 22:03:35,524] {logging_mixin.py:104} INFO - [2022-05-22 22:03:35,524] {dagbag.py:496} INFO - Filling up the DagBag from /home/airflow/.local/lib/python3.8/site-packages/airflow/example_dags/example_branch_datetime_operator.py
[2022-05-22 22:03:35,543] {scheduler_job.py:643} INFO - DAG(s) dict_keys(['example_branch_datetime_operator_2']) retrieved from /home/airflow/.local/lib/python3.8/site-packages/airflow/example_dags/example_branch_datetime_operator.py
[2022-05-22 22:03:35,578] {logging_mixin.py:104} INFO - [2022-05-22 22:03:35,578] {dag.py:1833} INFO - Sync 1 DAGs
[2022-05-22 22:03:35,610] {logging_mixin.py:104} INFO - [2022-05-22 22:03:35,610] {dag.py:2306} INFO - Setting next_dagrun for example_branch_datetime_operator_2 to 2022-05-20 00:00:00+00:00
[2022-05-22 22:03:35,674] {scheduler_job.py:190} INFO - Processing /home/airflow/.local/lib/python3.8/site-packages/airflow/example_dags/example_branch_datetime_operator.py took 0.164 seconds
[2022-05-22 22:04:43,699] {scheduler_job.py:182} INFO - Started process (PID=145) to work on /home/airflow/.local/lib/python3.8/site-packages/airflow/example_dags/example_branch_datetime_operator.py
[2022-05-22 22:04:43,703] {scheduler_job.py:633} INFO - Processing file /home/airflow/.local/lib/python3.8/site-packages/airflow/example_dags/example_branch_datetime_operator.py for tasks to queue
[2022-05-22 22:04:43,704] {logging_mixin.py:104} INFO - [2022-05-22 22:04:43,704] {dagbag.py:496} INFO - Filling up the DagBag from /home/airflow/.local/lib/python3.8/site-packages/airflow/example_dags/example_branch_datetime_operator.py
[2022-05-22 22:04:43,719] {scheduler_job.py:643} INFO - DAG(s) dict_keys(['example_branch_datetime_operator_2']) retrieved from /home/airflow/.local/lib/python3.8/site-packages/airflow/example_dags/example_branch_datetime_operator.py
[2022-05-22 22:04:43,742] {logging_mixin.py:104} INFO - [2022-05-22 22:04:43,742] {dag.py:1833} INFO - Sync 1 DAGs
[2022-05-22 22:04:43,769] {logging_mixin.py:104} INFO - [2022-05-22 22:04:43,769] {dag.py:2306} INFO - Setting next_dagrun for example_branch_datetime_operator_2 to 2022-05-20 00:00:00+00:00
[2022-05-22 22:04:43,821] {scheduler_job.py:190} INFO - Processing /home/airflow/.local/lib/python3.8/site-packages/airflow/example_dags/example_branch_datetime_operator.py took 0.128 seconds
[2022-05-22 22:05:25,824] {scheduler_job.py:182} INFO - Started process (PID=178) to work on /home/airflow/.local/lib/python3.8/site-packages/airflow/example_dags/example_branch_datetime_operator.py
[2022-05-22 22:05:25,827] {scheduler_job.py:633} INFO - Processing file /home/airflow/.local/lib/python3.8/site-packages/airflow/example_dags/example_branch_datetime_operator.py for tasks to queue
[2022-05-22 22:05:25,828] {logging_mixin.py:104} INFO - [2022-05-22 22:05:25,828] {dagbag.py:496} INFO - Filling up the DagBag from /home/airflow/.local/lib/python3.8/site-packages/airflow/example_dags/example_branch_datetime_operator.py
[2022-05-22 22:05:25,844] {scheduler_job.py:643} INFO - DAG(s) dict_keys(['example_branch_datetime_operator_2']) retrieved from /home/airflow/.local/lib/python3.8/site-packages/airflow/example_dags/example_branch_datetime_operator.py
[2022-05-22 22:05:25,871] {logging_mixin.py:104} INFO - [2022-05-22 22:05:25,870] {dag.py:1833} INFO - Sync 1 DAGs
[2022-05-22 22:05:25,906] {logging_mixin.py:104} INFO - [2022-05-22 22:05:25,906] {dag.py:2306} INFO - Setting next_dagrun for example_branch_datetime_operator_2 to 2022-05-20 00:00:00+00:00
[2022-05-22 22:05:25,954] {scheduler_job.py:190} INFO - Processing /home/airflow/.local/lib/python3.8/site-packages/airflow/example_dags/example_branch_datetime_operator.py took 0.133 seconds
[2022-05-22 22:06:08,659] {scheduler_job.py:182} INFO - Started process (PID=211) to work on /home/airflow/.local/lib/python3.8/site-packages/airflow/example_dags/example_branch_datetime_operator.py
[2022-05-22 22:06:08,663] {scheduler_job.py:633} INFO - Processing file /home/airflow/.local/lib/python3.8/site-packages/airflow/example_dags/example_branch_datetime_operator.py for tasks to queue
[2022-05-22 22:06:08,665] {logging_mixin.py:104} INFO - [2022-05-22 22:06:08,665] {dagbag.py:496} INFO - Filling up the DagBag from /home/airflow/.local/lib/python3.8/site-packages/airflow/example_dags/example_branch_datetime_operator.py
[2022-05-22 22:06:08,680] {scheduler_job.py:643} INFO - DAG(s) dict_keys(['example_branch_datetime_operator_2']) retrieved from /home/airflow/.local/lib/python3.8/site-packages/airflow/example_dags/example_branch_datetime_operator.py
[2022-05-22 22:06:08,706] {logging_mixin.py:104} INFO - [2022-05-22 22:06:08,706] {dag.py:1833} INFO - Sync 1 DAGs
[2022-05-22 22:06:08,735] {logging_mixin.py:104} INFO - [2022-05-22 22:06:08,735] {dag.py:2306} INFO - Setting next_dagrun for example_branch_datetime_operator_2 to 2022-05-20 00:00:00+00:00
[2022-05-22 22:06:08,790] {scheduler_job.py:190} INFO - Processing /home/airflow/.local/lib/python3.8/site-packages/airflow/example_dags/example_branch_datetime_operator.py took 0.134 seconds
[2022-05-22 22:07:02,736] {scheduler_job.py:182} INFO - Started process (PID=252) to work on /home/airflow/.local/lib/python3.8/site-packages/airflow/example_dags/example_branch_datetime_operator.py
[2022-05-22 22:07:02,740] {scheduler_job.py:633} INFO - Processing file /home/airflow/.local/lib/python3.8/site-packages/airflow/example_dags/example_branch_datetime_operator.py for tasks to queue
[2022-05-22 22:07:02,742] {logging_mixin.py:104} INFO - [2022-05-22 22:07:02,741] {dagbag.py:496} INFO - Filling up the DagBag from /home/airflow/.local/lib/python3.8/site-packages/airflow/example_dags/example_branch_datetime_operator.py
[2022-05-22 22:07:02,760] {scheduler_job.py:643} INFO - DAG(s) dict_keys(['example_branch_datetime_operator_2']) retrieved from /home/airflow/.local/lib/python3.8/site-packages/airflow/example_dags/example_branch_datetime_operator.py
[2022-05-22 22:07:02,792] {logging_mixin.py:104} INFO - [2022-05-22 22:07:02,792] {dag.py:1833} INFO - Sync 1 DAGs
[2022-05-22 22:07:02,893] {logging_mixin.py:104} INFO - [2022-05-22 22:07:02,892] {dag.py:2306} INFO - Setting next_dagrun for example_branch_datetime_operator_2 to 2022-05-20 00:00:00+00:00
[2022-05-22 22:07:03,089] {scheduler_job.py:190} INFO - Processing /home/airflow/.local/lib/python3.8/site-packages/airflow/example_dags/example_branch_datetime_operator.py took 0.356 seconds
[2022-05-22 22:08:01,209] {scheduler_job.py:182} INFO - Started process (PID=291) to work on /home/airflow/.local/lib/python3.8/site-packages/airflow/example_dags/example_branch_datetime_operator.py
[2022-05-22 22:08:01,221] {scheduler_job.py:633} INFO - Processing file /home/airflow/.local/lib/python3.8/site-packages/airflow/example_dags/example_branch_datetime_operator.py for tasks to queue
[2022-05-22 22:08:01,227] {logging_mixin.py:104} INFO - [2022-05-22 22:08:01,227] {dagbag.py:496} INFO - Filling up the DagBag from /home/airflow/.local/lib/python3.8/site-packages/airflow/example_dags/example_branch_datetime_operator.py
[2022-05-22 22:08:01,296] {scheduler_job.py:643} INFO - DAG(s) dict_keys(['example_branch_datetime_operator_2']) retrieved from /home/airflow/.local/lib/python3.8/site-packages/airflow/example_dags/example_branch_datetime_operator.py
[2022-05-22 22:08:01,360] {logging_mixin.py:104} INFO - [2022-05-22 22:08:01,359] {dag.py:1833} INFO - Sync 1 DAGs
[2022-05-22 22:08:01,430] {logging_mixin.py:104} INFO - [2022-05-22 22:08:01,430] {dag.py:2306} INFO - Setting next_dagrun for example_branch_datetime_operator_2 to 2022-05-20 00:00:00+00:00
[2022-05-22 22:08:01,597] {scheduler_job.py:190} INFO - Processing /home/airflow/.local/lib/python3.8/site-packages/airflow/example_dags/example_branch_datetime_operator.py took 0.399 seconds
[2022-05-22 22:08:47,129] {scheduler_job.py:182} INFO - Started process (PID=326) to work on /home/airflow/.local/lib/python3.8/site-packages/airflow/example_dags/example_branch_datetime_operator.py
[2022-05-22 22:08:47,133] {scheduler_job.py:633} INFO - Processing file /home/airflow/.local/lib/python3.8/site-packages/airflow/example_dags/example_branch_datetime_operator.py for tasks to queue
[2022-05-22 22:08:47,136] {logging_mixin.py:104} INFO - [2022-05-22 22:08:47,135] {dagbag.py:496} INFO - Filling up the DagBag from /home/airflow/.local/lib/python3.8/site-packages/airflow/example_dags/example_branch_datetime_operator.py
[2022-05-22 22:08:47,153] {scheduler_job.py:643} INFO - DAG(s) dict_keys(['example_branch_datetime_operator_2']) retrieved from /home/airflow/.local/lib/python3.8/site-packages/airflow/example_dags/example_branch_datetime_operator.py
[2022-05-22 22:08:47,182] {logging_mixin.py:104} INFO - [2022-05-22 22:08:47,182] {dag.py:1833} INFO - Sync 1 DAGs
[2022-05-22 22:08:47,204] {logging_mixin.py:104} INFO - [2022-05-22 22:08:47,204] {dag.py:2306} INFO - Setting next_dagrun for example_branch_datetime_operator_2 to 2022-05-20 00:00:00+00:00
[2022-05-22 22:08:47,256] {scheduler_job.py:190} INFO - Processing /home/airflow/.local/lib/python3.8/site-packages/airflow/example_dags/example_branch_datetime_operator.py took 0.131 seconds
[2022-05-22 22:09:32,274] {scheduler_job.py:182} INFO - Started process (PID=363) to work on /home/airflow/.local/lib/python3.8/site-packages/airflow/example_dags/example_branch_datetime_operator.py
[2022-05-22 22:09:32,276] {scheduler_job.py:633} INFO - Processing file /home/airflow/.local/lib/python3.8/site-packages/airflow/example_dags/example_branch_datetime_operator.py for tasks to queue
[2022-05-22 22:09:32,278] {logging_mixin.py:104} INFO - [2022-05-22 22:09:32,278] {dagbag.py:496} INFO - Filling up the DagBag from /home/airflow/.local/lib/python3.8/site-packages/airflow/example_dags/example_branch_datetime_operator.py
[2022-05-22 22:09:32,294] {scheduler_job.py:643} INFO - DAG(s) dict_keys(['example_branch_datetime_operator_2']) retrieved from /home/airflow/.local/lib/python3.8/site-packages/airflow/example_dags/example_branch_datetime_operator.py
[2022-05-22 22:09:32,319] {logging_mixin.py:104} INFO - [2022-05-22 22:09:32,319] {dag.py:1833} INFO - Sync 1 DAGs
[2022-05-22 22:09:32,346] {logging_mixin.py:104} INFO - [2022-05-22 22:09:32,346] {dag.py:2306} INFO - Setting next_dagrun for example_branch_datetime_operator_2 to 2022-05-20 00:00:00+00:00
[2022-05-22 22:09:32,395] {scheduler_job.py:190} INFO - Processing /home/airflow/.local/lib/python3.8/site-packages/airflow/example_dags/example_branch_datetime_operator.py took 0.125 seconds
[2022-05-22 22:13:38,607] {scheduler_job.py:182} INFO - Started process (PID=64) to work on /home/airflow/.local/lib/python3.8/site-packages/airflow/example_dags/example_branch_datetime_operator.py
[2022-05-22 22:13:38,613] {scheduler_job.py:633} INFO - Processing file /home/airflow/.local/lib/python3.8/site-packages/airflow/example_dags/example_branch_datetime_operator.py for tasks to queue
[2022-05-22 22:13:38,616] {logging_mixin.py:104} INFO - [2022-05-22 22:13:38,615] {dagbag.py:496} INFO - Filling up the DagBag from /home/airflow/.local/lib/python3.8/site-packages/airflow/example_dags/example_branch_datetime_operator.py
[2022-05-22 22:13:38,636] {scheduler_job.py:643} INFO - DAG(s) dict_keys(['example_branch_datetime_operator_2']) retrieved from /home/airflow/.local/lib/python3.8/site-packages/airflow/example_dags/example_branch_datetime_operator.py
[2022-05-22 22:13:38,816] {logging_mixin.py:104} INFO - [2022-05-22 22:13:38,815] {dag.py:1833} INFO - Sync 1 DAGs
[2022-05-22 22:13:38,849] {logging_mixin.py:104} INFO - [2022-05-22 22:13:38,849] {dag.py:2306} INFO - Setting next_dagrun for example_branch_datetime_operator_2 to 2022-05-20 00:00:00+00:00
[2022-05-22 22:13:38,903] {scheduler_job.py:190} INFO - Processing /home/airflow/.local/lib/python3.8/site-packages/airflow/example_dags/example_branch_datetime_operator.py took 0.300 seconds
[2022-05-22 22:14:25,648] {scheduler_job.py:182} INFO - Started process (PID=103) to work on /home/airflow/.local/lib/python3.8/site-packages/airflow/example_dags/example_branch_datetime_operator.py
[2022-05-22 22:14:25,652] {scheduler_job.py:633} INFO - Processing file /home/airflow/.local/lib/python3.8/site-packages/airflow/example_dags/example_branch_datetime_operator.py for tasks to queue
[2022-05-22 22:14:25,654] {logging_mixin.py:104} INFO - [2022-05-22 22:14:25,654] {dagbag.py:496} INFO - Filling up the DagBag from /home/airflow/.local/lib/python3.8/site-packages/airflow/example_dags/example_branch_datetime_operator.py
[2022-05-22 22:14:25,671] {scheduler_job.py:643} INFO - DAG(s) dict_keys(['example_branch_datetime_operator_2']) retrieved from /home/airflow/.local/lib/python3.8/site-packages/airflow/example_dags/example_branch_datetime_operator.py
[2022-05-22 22:14:25,708] {logging_mixin.py:104} INFO - [2022-05-22 22:14:25,708] {dag.py:1833} INFO - Sync 1 DAGs
[2022-05-22 22:14:25,741] {logging_mixin.py:104} INFO - [2022-05-22 22:14:25,741] {dag.py:2306} INFO - Setting next_dagrun for example_branch_datetime_operator_2 to 2022-05-20 00:00:00+00:00
[2022-05-22 22:14:25,786] {scheduler_job.py:190} INFO - Processing /home/airflow/.local/lib/python3.8/site-packages/airflow/example_dags/example_branch_datetime_operator.py took 0.141 seconds
[2022-05-22 22:15:07,558] {scheduler_job.py:182} INFO - Started process (PID=136) to work on /home/airflow/.local/lib/python3.8/site-packages/airflow/example_dags/example_branch_datetime_operator.py
[2022-05-22 22:15:07,561] {scheduler_job.py:633} INFO - Processing file /home/airflow/.local/lib/python3.8/site-packages/airflow/example_dags/example_branch_datetime_operator.py for tasks to queue
[2022-05-22 22:15:07,563] {logging_mixin.py:104} INFO - [2022-05-22 22:15:07,563] {dagbag.py:496} INFO - Filling up the DagBag from /home/airflow/.local/lib/python3.8/site-packages/airflow/example_dags/example_branch_datetime_operator.py
[2022-05-22 22:15:07,577] {scheduler_job.py:643} INFO - DAG(s) dict_keys(['example_branch_datetime_operator_2']) retrieved from /home/airflow/.local/lib/python3.8/site-packages/airflow/example_dags/example_branch_datetime_operator.py
[2022-05-22 22:15:07,601] {logging_mixin.py:104} INFO - [2022-05-22 22:15:07,601] {dag.py:1833} INFO - Sync 1 DAGs
[2022-05-22 22:15:07,626] {logging_mixin.py:104} INFO - [2022-05-22 22:15:07,626] {dag.py:2306} INFO - Setting next_dagrun for example_branch_datetime_operator_2 to 2022-05-20 00:00:00+00:00
[2022-05-22 22:15:07,666] {scheduler_job.py:190} INFO - Processing /home/airflow/.local/lib/python3.8/site-packages/airflow/example_dags/example_branch_datetime_operator.py took 0.111 seconds
[2022-05-22 22:15:56,115] {scheduler_job.py:182} INFO - Started process (PID=174) to work on /home/airflow/.local/lib/python3.8/site-packages/airflow/example_dags/example_branch_datetime_operator.py
[2022-05-22 22:15:56,123] {scheduler_job.py:633} INFO - Processing file /home/airflow/.local/lib/python3.8/site-packages/airflow/example_dags/example_branch_datetime_operator.py for tasks to queue
[2022-05-22 22:15:56,125] {logging_mixin.py:104} INFO - [2022-05-22 22:15:56,125] {dagbag.py:496} INFO - Filling up the DagBag from /home/airflow/.local/lib/python3.8/site-packages/airflow/example_dags/example_branch_datetime_operator.py
[2022-05-22 22:15:56,142] {scheduler_job.py:643} INFO - DAG(s) dict_keys(['example_branch_datetime_operator_2']) retrieved from /home/airflow/.local/lib/python3.8/site-packages/airflow/example_dags/example_branch_datetime_operator.py
[2022-05-22 22:15:56,173] {logging_mixin.py:104} INFO - [2022-05-22 22:15:56,172] {dag.py:1833} INFO - Sync 1 DAGs
[2022-05-22 22:15:56,201] {logging_mixin.py:104} INFO - [2022-05-22 22:15:56,201] {dag.py:2306} INFO - Setting next_dagrun for example_branch_datetime_operator_2 to 2022-05-20 00:00:00+00:00
[2022-05-22 22:15:56,253] {scheduler_job.py:190} INFO - Processing /home/airflow/.local/lib/python3.8/site-packages/airflow/example_dags/example_branch_datetime_operator.py took 0.144 seconds
[2022-05-22 22:19:23,984] {scheduler_job.py:182} INFO - Started process (PID=69) to work on /home/airflow/.local/lib/python3.8/site-packages/airflow/example_dags/example_branch_datetime_operator.py
[2022-05-22 22:19:23,987] {scheduler_job.py:633} INFO - Processing file /home/airflow/.local/lib/python3.8/site-packages/airflow/example_dags/example_branch_datetime_operator.py for tasks to queue
[2022-05-22 22:19:23,989] {logging_mixin.py:104} INFO - [2022-05-22 22:19:23,989] {dagbag.py:496} INFO - Filling up the DagBag from /home/airflow/.local/lib/python3.8/site-packages/airflow/example_dags/example_branch_datetime_operator.py
[2022-05-22 22:19:24,005] {scheduler_job.py:643} INFO - DAG(s) dict_keys(['example_branch_datetime_operator_2']) retrieved from /home/airflow/.local/lib/python3.8/site-packages/airflow/example_dags/example_branch_datetime_operator.py
[2022-05-22 22:19:24,032] {logging_mixin.py:104} INFO - [2022-05-22 22:19:24,031] {dag.py:1833} INFO - Sync 1 DAGs
[2022-05-22 22:19:24,060] {logging_mixin.py:104} INFO - [2022-05-22 22:19:24,060] {dag.py:2306} INFO - Setting next_dagrun for example_branch_datetime_operator_2 to 2022-05-20 00:00:00+00:00
[2022-05-22 22:19:24,109] {scheduler_job.py:190} INFO - Processing /home/airflow/.local/lib/python3.8/site-packages/airflow/example_dags/example_branch_datetime_operator.py took 0.129 seconds
