[2022-05-22 20:46:23,607] {scheduler_job.py:182} INFO - Started process (PID=45) to work on /home/airflow/.local/lib/python3.8/site-packages/airflow/example_dags/example_branch_python_dop_operator_3.py
[2022-05-22 20:46:23,609] {scheduler_job.py:633} INFO - Processing file /home/airflow/.local/lib/python3.8/site-packages/airflow/example_dags/example_branch_python_dop_operator_3.py for tasks to queue
[2022-05-22 20:46:23,611] {logging_mixin.py:104} INFO - [2022-05-22 20:46:23,611] {dagbag.py:496} INFO - Filling up the DagBag from /home/airflow/.local/lib/python3.8/site-packages/airflow/example_dags/example_branch_python_dop_operator_3.py
[2022-05-22 20:46:23,627] {scheduler_job.py:643} INFO - DAG(s) dict_keys(['example_branch_dop_operator_v3']) retrieved from /home/airflow/.local/lib/python3.8/site-packages/airflow/example_dags/example_branch_python_dop_operator_3.py
[2022-05-22 20:46:23,650] {logging_mixin.py:104} INFO - [2022-05-22 20:46:23,650] {dag.py:1833} INFO - Sync 1 DAGs
[2022-05-22 20:46:23,683] {logging_mixin.py:104} INFO - [2022-05-22 20:46:23,683] {dag.py:2306} INFO - Setting next_dagrun for example_branch_dop_operator_v3 to 2022-05-20 00:00:00+00:00
[2022-05-22 20:46:23,734] {scheduler_job.py:190} INFO - Processing /home/airflow/.local/lib/python3.8/site-packages/airflow/example_dags/example_branch_python_dop_operator_3.py took 0.130 seconds
[2022-05-22 20:47:06,087] {scheduler_job.py:182} INFO - Started process (PID=76) to work on /home/airflow/.local/lib/python3.8/site-packages/airflow/example_dags/example_branch_python_dop_operator_3.py
[2022-05-22 20:47:06,090] {scheduler_job.py:633} INFO - Processing file /home/airflow/.local/lib/python3.8/site-packages/airflow/example_dags/example_branch_python_dop_operator_3.py for tasks to queue
[2022-05-22 20:47:06,092] {logging_mixin.py:104} INFO - [2022-05-22 20:47:06,092] {dagbag.py:496} INFO - Filling up the DagBag from /home/airflow/.local/lib/python3.8/site-packages/airflow/example_dags/example_branch_python_dop_operator_3.py
[2022-05-22 20:47:06,107] {scheduler_job.py:643} INFO - DAG(s) dict_keys(['example_branch_dop_operator_v3']) retrieved from /home/airflow/.local/lib/python3.8/site-packages/airflow/example_dags/example_branch_python_dop_operator_3.py
[2022-05-22 20:47:06,141] {logging_mixin.py:104} INFO - [2022-05-22 20:47:06,141] {dag.py:1833} INFO - Sync 1 DAGs
[2022-05-22 20:47:06,181] {logging_mixin.py:104} INFO - [2022-05-22 20:47:06,181] {dag.py:2306} INFO - Setting next_dagrun for example_branch_dop_operator_v3 to 2022-05-20 00:00:00+00:00
[2022-05-22 20:47:06,230] {scheduler_job.py:190} INFO - Processing /home/airflow/.local/lib/python3.8/site-packages/airflow/example_dags/example_branch_python_dop_operator_3.py took 0.146 seconds
[2022-05-22 20:47:53,620] {scheduler_job.py:182} INFO - Started process (PID=110) to work on /home/airflow/.local/lib/python3.8/site-packages/airflow/example_dags/example_branch_python_dop_operator_3.py
[2022-05-22 20:47:53,624] {scheduler_job.py:633} INFO - Processing file /home/airflow/.local/lib/python3.8/site-packages/airflow/example_dags/example_branch_python_dop_operator_3.py for tasks to queue
[2022-05-22 20:47:53,626] {logging_mixin.py:104} INFO - [2022-05-22 20:47:53,626] {dagbag.py:496} INFO - Filling up the DagBag from /home/airflow/.local/lib/python3.8/site-packages/airflow/example_dags/example_branch_python_dop_operator_3.py
[2022-05-22 20:47:53,646] {scheduler_job.py:643} INFO - DAG(s) dict_keys(['example_branch_dop_operator_v3']) retrieved from /home/airflow/.local/lib/python3.8/site-packages/airflow/example_dags/example_branch_python_dop_operator_3.py
[2022-05-22 20:47:53,676] {logging_mixin.py:104} INFO - [2022-05-22 20:47:53,676] {dag.py:1833} INFO - Sync 1 DAGs
[2022-05-22 20:47:53,714] {logging_mixin.py:104} INFO - [2022-05-22 20:47:53,714] {dag.py:2306} INFO - Setting next_dagrun for example_branch_dop_operator_v3 to 2022-05-20 00:00:00+00:00
[2022-05-22 20:47:53,773] {scheduler_job.py:190} INFO - Processing /home/airflow/.local/lib/python3.8/site-packages/airflow/example_dags/example_branch_python_dop_operator_3.py took 0.159 seconds
[2022-05-22 20:48:37,995] {scheduler_job.py:182} INFO - Started process (PID=141) to work on /home/airflow/.local/lib/python3.8/site-packages/airflow/example_dags/example_branch_python_dop_operator_3.py
[2022-05-22 20:48:38,004] {scheduler_job.py:633} INFO - Processing file /home/airflow/.local/lib/python3.8/site-packages/airflow/example_dags/example_branch_python_dop_operator_3.py for tasks to queue
[2022-05-22 20:48:38,011] {logging_mixin.py:104} INFO - [2022-05-22 20:48:38,010] {dagbag.py:496} INFO - Filling up the DagBag from /home/airflow/.local/lib/python3.8/site-packages/airflow/example_dags/example_branch_python_dop_operator_3.py
[2022-05-22 20:48:38,051] {scheduler_job.py:643} INFO - DAG(s) dict_keys(['example_branch_dop_operator_v3']) retrieved from /home/airflow/.local/lib/python3.8/site-packages/airflow/example_dags/example_branch_python_dop_operator_3.py
[2022-05-22 20:48:38,115] {logging_mixin.py:104} INFO - [2022-05-22 20:48:38,114] {dag.py:1833} INFO - Sync 1 DAGs
[2022-05-22 20:48:38,166] {logging_mixin.py:104} INFO - [2022-05-22 20:48:38,166] {dag.py:2306} INFO - Setting next_dagrun for example_branch_dop_operator_v3 to 2022-05-20 00:00:00+00:00
[2022-05-22 20:48:38,444] {scheduler_job.py:190} INFO - Processing /home/airflow/.local/lib/python3.8/site-packages/airflow/example_dags/example_branch_python_dop_operator_3.py took 0.462 seconds
[2022-05-22 20:49:46,095] {scheduler_job.py:182} INFO - Started process (PID=179) to work on /home/airflow/.local/lib/python3.8/site-packages/airflow/example_dags/example_branch_python_dop_operator_3.py
[2022-05-22 20:49:46,101] {scheduler_job.py:633} INFO - Processing file /home/airflow/.local/lib/python3.8/site-packages/airflow/example_dags/example_branch_python_dop_operator_3.py for tasks to queue
[2022-05-22 20:49:46,105] {logging_mixin.py:104} INFO - [2022-05-22 20:49:46,105] {dagbag.py:496} INFO - Filling up the DagBag from /home/airflow/.local/lib/python3.8/site-packages/airflow/example_dags/example_branch_python_dop_operator_3.py
[2022-05-22 20:49:46,127] {scheduler_job.py:643} INFO - DAG(s) dict_keys(['example_branch_dop_operator_v3']) retrieved from /home/airflow/.local/lib/python3.8/site-packages/airflow/example_dags/example_branch_python_dop_operator_3.py
[2022-05-22 20:49:46,176] {logging_mixin.py:104} INFO - [2022-05-22 20:49:46,175] {dag.py:1833} INFO - Sync 1 DAGs
[2022-05-22 20:49:46,228] {logging_mixin.py:104} INFO - [2022-05-22 20:49:46,227] {dag.py:2306} INFO - Setting next_dagrun for example_branch_dop_operator_v3 to 2022-05-20 00:00:00+00:00
[2022-05-22 20:49:46,393] {scheduler_job.py:190} INFO - Processing /home/airflow/.local/lib/python3.8/site-packages/airflow/example_dags/example_branch_python_dop_operator_3.py took 0.301 seconds
[2022-05-22 20:50:35,798] {scheduler_job.py:182} INFO - Started process (PID=213) to work on /home/airflow/.local/lib/python3.8/site-packages/airflow/example_dags/example_branch_python_dop_operator_3.py
[2022-05-22 20:50:35,802] {scheduler_job.py:633} INFO - Processing file /home/airflow/.local/lib/python3.8/site-packages/airflow/example_dags/example_branch_python_dop_operator_3.py for tasks to queue
[2022-05-22 20:50:35,805] {logging_mixin.py:104} INFO - [2022-05-22 20:50:35,805] {dagbag.py:496} INFO - Filling up the DagBag from /home/airflow/.local/lib/python3.8/site-packages/airflow/example_dags/example_branch_python_dop_operator_3.py
[2022-05-22 20:50:35,832] {scheduler_job.py:643} INFO - DAG(s) dict_keys(['example_branch_dop_operator_v3']) retrieved from /home/airflow/.local/lib/python3.8/site-packages/airflow/example_dags/example_branch_python_dop_operator_3.py
[2022-05-22 20:50:35,867] {logging_mixin.py:104} INFO - [2022-05-22 20:50:35,867] {dag.py:1833} INFO - Sync 1 DAGs
[2022-05-22 20:50:35,918] {logging_mixin.py:104} INFO - [2022-05-22 20:50:35,918] {dag.py:2306} INFO - Setting next_dagrun for example_branch_dop_operator_v3 to 2022-05-20 00:00:00+00:00
[2022-05-22 20:50:35,995] {scheduler_job.py:190} INFO - Processing /home/airflow/.local/lib/python3.8/site-packages/airflow/example_dags/example_branch_python_dop_operator_3.py took 0.201 seconds
[2022-05-22 20:51:26,216] {scheduler_job.py:182} INFO - Started process (PID=247) to work on /home/airflow/.local/lib/python3.8/site-packages/airflow/example_dags/example_branch_python_dop_operator_3.py
[2022-05-22 20:51:26,220] {scheduler_job.py:633} INFO - Processing file /home/airflow/.local/lib/python3.8/site-packages/airflow/example_dags/example_branch_python_dop_operator_3.py for tasks to queue
[2022-05-22 20:51:26,225] {logging_mixin.py:104} INFO - [2022-05-22 20:51:26,225] {dagbag.py:496} INFO - Filling up the DagBag from /home/airflow/.local/lib/python3.8/site-packages/airflow/example_dags/example_branch_python_dop_operator_3.py
[2022-05-22 20:51:26,250] {scheduler_job.py:643} INFO - DAG(s) dict_keys(['example_branch_dop_operator_v3']) retrieved from /home/airflow/.local/lib/python3.8/site-packages/airflow/example_dags/example_branch_python_dop_operator_3.py
[2022-05-22 20:51:26,296] {logging_mixin.py:104} INFO - [2022-05-22 20:51:26,296] {dag.py:1833} INFO - Sync 1 DAGs
[2022-05-22 20:51:26,352] {logging_mixin.py:104} INFO - [2022-05-22 20:51:26,352] {dag.py:2306} INFO - Setting next_dagrun for example_branch_dop_operator_v3 to 2022-05-20 00:00:00+00:00
[2022-05-22 20:51:26,482] {scheduler_job.py:190} INFO - Processing /home/airflow/.local/lib/python3.8/site-packages/airflow/example_dags/example_branch_python_dop_operator_3.py took 0.272 seconds
[2022-05-22 20:52:11,665] {scheduler_job.py:182} INFO - Started process (PID=278) to work on /home/airflow/.local/lib/python3.8/site-packages/airflow/example_dags/example_branch_python_dop_operator_3.py
[2022-05-22 20:52:11,670] {scheduler_job.py:633} INFO - Processing file /home/airflow/.local/lib/python3.8/site-packages/airflow/example_dags/example_branch_python_dop_operator_3.py for tasks to queue
[2022-05-22 20:52:11,672] {logging_mixin.py:104} INFO - [2022-05-22 20:52:11,671] {dagbag.py:496} INFO - Filling up the DagBag from /home/airflow/.local/lib/python3.8/site-packages/airflow/example_dags/example_branch_python_dop_operator_3.py
[2022-05-22 20:52:11,712] {scheduler_job.py:643} INFO - DAG(s) dict_keys(['example_branch_dop_operator_v3']) retrieved from /home/airflow/.local/lib/python3.8/site-packages/airflow/example_dags/example_branch_python_dop_operator_3.py
[2022-05-22 20:52:11,763] {logging_mixin.py:104} INFO - [2022-05-22 20:52:11,762] {dag.py:1833} INFO - Sync 1 DAGs
[2022-05-22 20:52:11,806] {logging_mixin.py:104} INFO - [2022-05-22 20:52:11,806] {dag.py:2306} INFO - Setting next_dagrun for example_branch_dop_operator_v3 to 2022-05-20 00:00:00+00:00
[2022-05-22 20:52:11,877] {scheduler_job.py:190} INFO - Processing /home/airflow/.local/lib/python3.8/site-packages/airflow/example_dags/example_branch_python_dop_operator_3.py took 0.218 seconds
[2022-05-22 21:24:44,214] {scheduler_job.py:182} INFO - Started process (PID=47) to work on /home/airflow/.local/lib/python3.8/site-packages/airflow/example_dags/example_branch_python_dop_operator_3.py
[2022-05-22 21:24:44,218] {scheduler_job.py:633} INFO - Processing file /home/airflow/.local/lib/python3.8/site-packages/airflow/example_dags/example_branch_python_dop_operator_3.py for tasks to queue
[2022-05-22 21:24:44,220] {logging_mixin.py:104} INFO - [2022-05-22 21:24:44,220] {dagbag.py:496} INFO - Filling up the DagBag from /home/airflow/.local/lib/python3.8/site-packages/airflow/example_dags/example_branch_python_dop_operator_3.py
[2022-05-22 21:24:44,239] {scheduler_job.py:643} INFO - DAG(s) dict_keys(['example_branch_dop_operator_v3']) retrieved from /home/airflow/.local/lib/python3.8/site-packages/airflow/example_dags/example_branch_python_dop_operator_3.py
[2022-05-22 21:24:44,267] {logging_mixin.py:104} INFO - [2022-05-22 21:24:44,267] {dag.py:1833} INFO - Sync 1 DAGs
[2022-05-22 21:24:44,303] {logging_mixin.py:104} INFO - [2022-05-22 21:24:44,302] {dag.py:2306} INFO - Setting next_dagrun for example_branch_dop_operator_v3 to 2022-05-20 00:00:00+00:00
[2022-05-22 21:24:44,348] {scheduler_job.py:190} INFO - Processing /home/airflow/.local/lib/python3.8/site-packages/airflow/example_dags/example_branch_python_dop_operator_3.py took 0.139 seconds
[2022-05-22 21:25:32,664] {scheduler_job.py:182} INFO - Started process (PID=80) to work on /home/airflow/.local/lib/python3.8/site-packages/airflow/example_dags/example_branch_python_dop_operator_3.py
[2022-05-22 21:25:32,668] {scheduler_job.py:633} INFO - Processing file /home/airflow/.local/lib/python3.8/site-packages/airflow/example_dags/example_branch_python_dop_operator_3.py for tasks to queue
[2022-05-22 21:25:32,669] {logging_mixin.py:104} INFO - [2022-05-22 21:25:32,669] {dagbag.py:496} INFO - Filling up the DagBag from /home/airflow/.local/lib/python3.8/site-packages/airflow/example_dags/example_branch_python_dop_operator_3.py
[2022-05-22 21:25:32,685] {scheduler_job.py:643} INFO - DAG(s) dict_keys(['example_branch_dop_operator_v3']) retrieved from /home/airflow/.local/lib/python3.8/site-packages/airflow/example_dags/example_branch_python_dop_operator_3.py
[2022-05-22 21:25:32,708] {logging_mixin.py:104} INFO - [2022-05-22 21:25:32,708] {dag.py:1833} INFO - Sync 1 DAGs
[2022-05-22 21:25:32,742] {logging_mixin.py:104} INFO - [2022-05-22 21:25:32,742] {dag.py:2306} INFO - Setting next_dagrun for example_branch_dop_operator_v3 to 2022-05-20 00:00:00+00:00
[2022-05-22 21:25:32,788] {scheduler_job.py:190} INFO - Processing /home/airflow/.local/lib/python3.8/site-packages/airflow/example_dags/example_branch_python_dop_operator_3.py took 0.127 seconds
[2022-05-22 21:28:02,203] {scheduler_job.py:182} INFO - Started process (PID=48) to work on /home/airflow/.local/lib/python3.8/site-packages/airflow/example_dags/example_branch_python_dop_operator_3.py
[2022-05-22 21:28:02,207] {scheduler_job.py:633} INFO - Processing file /home/airflow/.local/lib/python3.8/site-packages/airflow/example_dags/example_branch_python_dop_operator_3.py for tasks to queue
[2022-05-22 21:28:02,209] {logging_mixin.py:104} INFO - [2022-05-22 21:28:02,209] {dagbag.py:496} INFO - Filling up the DagBag from /home/airflow/.local/lib/python3.8/site-packages/airflow/example_dags/example_branch_python_dop_operator_3.py
[2022-05-22 21:28:02,229] {scheduler_job.py:643} INFO - DAG(s) dict_keys(['example_branch_dop_operator_v3']) retrieved from /home/airflow/.local/lib/python3.8/site-packages/airflow/example_dags/example_branch_python_dop_operator_3.py
[2022-05-22 21:28:02,260] {logging_mixin.py:104} INFO - [2022-05-22 21:28:02,260] {dag.py:1833} INFO - Sync 1 DAGs
[2022-05-22 21:28:02,299] {logging_mixin.py:104} INFO - [2022-05-22 21:28:02,299] {dag.py:2306} INFO - Setting next_dagrun for example_branch_dop_operator_v3 to 2022-05-20 00:00:00+00:00
[2022-05-22 21:28:02,358] {scheduler_job.py:190} INFO - Processing /home/airflow/.local/lib/python3.8/site-packages/airflow/example_dags/example_branch_python_dop_operator_3.py took 0.161 seconds
[2022-05-22 21:28:45,658] {scheduler_job.py:182} INFO - Started process (PID=81) to work on /home/airflow/.local/lib/python3.8/site-packages/airflow/example_dags/example_branch_python_dop_operator_3.py
[2022-05-22 21:28:45,666] {scheduler_job.py:633} INFO - Processing file /home/airflow/.local/lib/python3.8/site-packages/airflow/example_dags/example_branch_python_dop_operator_3.py for tasks to queue
[2022-05-22 21:28:45,669] {logging_mixin.py:104} INFO - [2022-05-22 21:28:45,669] {dagbag.py:496} INFO - Filling up the DagBag from /home/airflow/.local/lib/python3.8/site-packages/airflow/example_dags/example_branch_python_dop_operator_3.py
[2022-05-22 21:28:45,699] {scheduler_job.py:643} INFO - DAG(s) dict_keys(['example_branch_dop_operator_v3']) retrieved from /home/airflow/.local/lib/python3.8/site-packages/airflow/example_dags/example_branch_python_dop_operator_3.py
[2022-05-22 21:28:45,738] {logging_mixin.py:104} INFO - [2022-05-22 21:28:45,738] {dag.py:1833} INFO - Sync 1 DAGs
[2022-05-22 21:28:45,807] {logging_mixin.py:104} INFO - [2022-05-22 21:28:45,807] {dag.py:2306} INFO - Setting next_dagrun for example_branch_dop_operator_v3 to 2022-05-20 00:00:00+00:00
[2022-05-22 21:28:45,900] {scheduler_job.py:190} INFO - Processing /home/airflow/.local/lib/python3.8/site-packages/airflow/example_dags/example_branch_python_dop_operator_3.py took 0.250 seconds
[2022-05-22 21:29:44,638] {scheduler_job.py:182} INFO - Started process (PID=125) to work on /home/airflow/.local/lib/python3.8/site-packages/airflow/example_dags/example_branch_python_dop_operator_3.py
[2022-05-22 21:29:44,643] {scheduler_job.py:633} INFO - Processing file /home/airflow/.local/lib/python3.8/site-packages/airflow/example_dags/example_branch_python_dop_operator_3.py for tasks to queue
[2022-05-22 21:29:44,645] {logging_mixin.py:104} INFO - [2022-05-22 21:29:44,645] {dagbag.py:496} INFO - Filling up the DagBag from /home/airflow/.local/lib/python3.8/site-packages/airflow/example_dags/example_branch_python_dop_operator_3.py
[2022-05-22 21:29:44,711] {scheduler_job.py:643} INFO - DAG(s) dict_keys(['example_branch_dop_operator_v3']) retrieved from /home/airflow/.local/lib/python3.8/site-packages/airflow/example_dags/example_branch_python_dop_operator_3.py
[2022-05-22 21:29:44,788] {logging_mixin.py:104} INFO - [2022-05-22 21:29:44,786] {dag.py:1833} INFO - Sync 1 DAGs
[2022-05-22 21:29:44,877] {logging_mixin.py:104} INFO - [2022-05-22 21:29:44,877] {dag.py:2306} INFO - Setting next_dagrun for example_branch_dop_operator_v3 to 2022-05-20 00:00:00+00:00
[2022-05-22 21:29:44,977] {scheduler_job.py:190} INFO - Processing /home/airflow/.local/lib/python3.8/site-packages/airflow/example_dags/example_branch_python_dop_operator_3.py took 0.344 seconds
[2022-05-22 21:30:28,130] {scheduler_job.py:182} INFO - Started process (PID=158) to work on /home/airflow/.local/lib/python3.8/site-packages/airflow/example_dags/example_branch_python_dop_operator_3.py
[2022-05-22 21:30:28,134] {scheduler_job.py:633} INFO - Processing file /home/airflow/.local/lib/python3.8/site-packages/airflow/example_dags/example_branch_python_dop_operator_3.py for tasks to queue
[2022-05-22 21:30:28,136] {logging_mixin.py:104} INFO - [2022-05-22 21:30:28,136] {dagbag.py:496} INFO - Filling up the DagBag from /home/airflow/.local/lib/python3.8/site-packages/airflow/example_dags/example_branch_python_dop_operator_3.py
[2022-05-22 21:30:28,154] {scheduler_job.py:643} INFO - DAG(s) dict_keys(['example_branch_dop_operator_v3']) retrieved from /home/airflow/.local/lib/python3.8/site-packages/airflow/example_dags/example_branch_python_dop_operator_3.py
[2022-05-22 21:30:28,182] {logging_mixin.py:104} INFO - [2022-05-22 21:30:28,182] {dag.py:1833} INFO - Sync 1 DAGs
[2022-05-22 21:30:28,216] {logging_mixin.py:104} INFO - [2022-05-22 21:30:28,215] {dag.py:2306} INFO - Setting next_dagrun for example_branch_dop_operator_v3 to 2022-05-20 00:00:00+00:00
[2022-05-22 21:30:28,260] {scheduler_job.py:190} INFO - Processing /home/airflow/.local/lib/python3.8/site-packages/airflow/example_dags/example_branch_python_dop_operator_3.py took 0.134 seconds
[2022-05-22 21:31:10,825] {scheduler_job.py:182} INFO - Started process (PID=191) to work on /home/airflow/.local/lib/python3.8/site-packages/airflow/example_dags/example_branch_python_dop_operator_3.py
[2022-05-22 21:31:10,828] {scheduler_job.py:633} INFO - Processing file /home/airflow/.local/lib/python3.8/site-packages/airflow/example_dags/example_branch_python_dop_operator_3.py for tasks to queue
[2022-05-22 21:31:10,830] {logging_mixin.py:104} INFO - [2022-05-22 21:31:10,830] {dagbag.py:496} INFO - Filling up the DagBag from /home/airflow/.local/lib/python3.8/site-packages/airflow/example_dags/example_branch_python_dop_operator_3.py
[2022-05-22 21:31:10,845] {scheduler_job.py:643} INFO - DAG(s) dict_keys(['example_branch_dop_operator_v3']) retrieved from /home/airflow/.local/lib/python3.8/site-packages/airflow/example_dags/example_branch_python_dop_operator_3.py
[2022-05-22 21:31:10,866] {logging_mixin.py:104} INFO - [2022-05-22 21:31:10,865] {dag.py:1833} INFO - Sync 1 DAGs
[2022-05-22 21:31:10,895] {logging_mixin.py:104} INFO - [2022-05-22 21:31:10,895] {dag.py:2306} INFO - Setting next_dagrun for example_branch_dop_operator_v3 to 2022-05-20 00:00:00+00:00
[2022-05-22 21:31:10,939] {scheduler_job.py:190} INFO - Processing /home/airflow/.local/lib/python3.8/site-packages/airflow/example_dags/example_branch_python_dop_operator_3.py took 0.117 seconds
[2022-05-22 21:31:56,793] {scheduler_job.py:182} INFO - Started process (PID=228) to work on /home/airflow/.local/lib/python3.8/site-packages/airflow/example_dags/example_branch_python_dop_operator_3.py
[2022-05-22 21:31:56,796] {scheduler_job.py:633} INFO - Processing file /home/airflow/.local/lib/python3.8/site-packages/airflow/example_dags/example_branch_python_dop_operator_3.py for tasks to queue
[2022-05-22 21:31:56,797] {logging_mixin.py:104} INFO - [2022-05-22 21:31:56,797] {dagbag.py:496} INFO - Filling up the DagBag from /home/airflow/.local/lib/python3.8/site-packages/airflow/example_dags/example_branch_python_dop_operator_3.py
[2022-05-22 21:31:56,812] {scheduler_job.py:643} INFO - DAG(s) dict_keys(['example_branch_dop_operator_v3']) retrieved from /home/airflow/.local/lib/python3.8/site-packages/airflow/example_dags/example_branch_python_dop_operator_3.py
[2022-05-22 21:31:56,837] {logging_mixin.py:104} INFO - [2022-05-22 21:31:56,837] {dag.py:1833} INFO - Sync 1 DAGs
[2022-05-22 21:31:56,873] {logging_mixin.py:104} INFO - [2022-05-22 21:31:56,873] {dag.py:2306} INFO - Setting next_dagrun for example_branch_dop_operator_v3 to 2022-05-20 00:00:00+00:00
[2022-05-22 21:31:56,923] {scheduler_job.py:190} INFO - Processing /home/airflow/.local/lib/python3.8/site-packages/airflow/example_dags/example_branch_python_dop_operator_3.py took 0.133 seconds
[2022-05-22 21:36:14,974] {scheduler_job.py:182} INFO - Started process (PID=46) to work on /home/airflow/.local/lib/python3.8/site-packages/airflow/example_dags/example_branch_python_dop_operator_3.py
[2022-05-22 21:36:14,978] {scheduler_job.py:633} INFO - Processing file /home/airflow/.local/lib/python3.8/site-packages/airflow/example_dags/example_branch_python_dop_operator_3.py for tasks to queue
[2022-05-22 21:36:14,980] {logging_mixin.py:104} INFO - [2022-05-22 21:36:14,979] {dagbag.py:496} INFO - Filling up the DagBag from /home/airflow/.local/lib/python3.8/site-packages/airflow/example_dags/example_branch_python_dop_operator_3.py
[2022-05-22 21:36:14,997] {scheduler_job.py:643} INFO - DAG(s) dict_keys(['example_branch_dop_operator_v3']) retrieved from /home/airflow/.local/lib/python3.8/site-packages/airflow/example_dags/example_branch_python_dop_operator_3.py
[2022-05-22 21:36:15,023] {logging_mixin.py:104} INFO - [2022-05-22 21:36:15,023] {dag.py:1833} INFO - Sync 1 DAGs
[2022-05-22 21:36:15,056] {logging_mixin.py:104} INFO - [2022-05-22 21:36:15,056] {dag.py:2306} INFO - Setting next_dagrun for example_branch_dop_operator_v3 to 2022-05-20 00:00:00+00:00
[2022-05-22 21:36:15,103] {scheduler_job.py:190} INFO - Processing /home/airflow/.local/lib/python3.8/site-packages/airflow/example_dags/example_branch_python_dop_operator_3.py took 0.132 seconds
[2022-05-22 21:36:57,512] {scheduler_job.py:182} INFO - Started process (PID=79) to work on /home/airflow/.local/lib/python3.8/site-packages/airflow/example_dags/example_branch_python_dop_operator_3.py
[2022-05-22 21:36:57,515] {scheduler_job.py:633} INFO - Processing file /home/airflow/.local/lib/python3.8/site-packages/airflow/example_dags/example_branch_python_dop_operator_3.py for tasks to queue
[2022-05-22 21:36:57,517] {logging_mixin.py:104} INFO - [2022-05-22 21:36:57,517] {dagbag.py:496} INFO - Filling up the DagBag from /home/airflow/.local/lib/python3.8/site-packages/airflow/example_dags/example_branch_python_dop_operator_3.py
[2022-05-22 21:36:57,533] {scheduler_job.py:643} INFO - DAG(s) dict_keys(['example_branch_dop_operator_v3']) retrieved from /home/airflow/.local/lib/python3.8/site-packages/airflow/example_dags/example_branch_python_dop_operator_3.py
[2022-05-22 21:36:57,556] {logging_mixin.py:104} INFO - [2022-05-22 21:36:57,555] {dag.py:1833} INFO - Sync 1 DAGs
[2022-05-22 21:36:57,589] {logging_mixin.py:104} INFO - [2022-05-22 21:36:57,589] {dag.py:2306} INFO - Setting next_dagrun for example_branch_dop_operator_v3 to 2022-05-20 00:00:00+00:00
[2022-05-22 21:36:57,654] {scheduler_job.py:190} INFO - Processing /home/airflow/.local/lib/python3.8/site-packages/airflow/example_dags/example_branch_python_dop_operator_3.py took 0.145 seconds
[2022-05-22 21:37:42,378] {scheduler_job.py:182} INFO - Started process (PID=112) to work on /home/airflow/.local/lib/python3.8/site-packages/airflow/example_dags/example_branch_python_dop_operator_3.py
[2022-05-22 21:37:42,385] {scheduler_job.py:633} INFO - Processing file /home/airflow/.local/lib/python3.8/site-packages/airflow/example_dags/example_branch_python_dop_operator_3.py for tasks to queue
[2022-05-22 21:37:42,389] {logging_mixin.py:104} INFO - [2022-05-22 21:37:42,388] {dagbag.py:496} INFO - Filling up the DagBag from /home/airflow/.local/lib/python3.8/site-packages/airflow/example_dags/example_branch_python_dop_operator_3.py
[2022-05-22 21:37:42,439] {scheduler_job.py:643} INFO - DAG(s) dict_keys(['example_branch_dop_operator_v3']) retrieved from /home/airflow/.local/lib/python3.8/site-packages/airflow/example_dags/example_branch_python_dop_operator_3.py
[2022-05-22 21:37:42,554] {logging_mixin.py:104} INFO - [2022-05-22 21:37:42,554] {dag.py:1833} INFO - Sync 1 DAGs
[2022-05-22 21:37:42,715] {logging_mixin.py:104} INFO - [2022-05-22 21:37:42,715] {dag.py:2306} INFO - Setting next_dagrun for example_branch_dop_operator_v3 to 2022-05-20 00:00:00+00:00
[2022-05-22 21:37:42,897] {scheduler_job.py:190} INFO - Processing /home/airflow/.local/lib/python3.8/site-packages/airflow/example_dags/example_branch_python_dop_operator_3.py took 0.536 seconds
[2022-05-22 21:38:53,297] {scheduler_job.py:182} INFO - Started process (PID=170) to work on /home/airflow/.local/lib/python3.8/site-packages/airflow/example_dags/example_branch_python_dop_operator_3.py
[2022-05-22 21:38:53,301] {scheduler_job.py:633} INFO - Processing file /home/airflow/.local/lib/python3.8/site-packages/airflow/example_dags/example_branch_python_dop_operator_3.py for tasks to queue
[2022-05-22 21:38:53,304] {logging_mixin.py:104} INFO - [2022-05-22 21:38:53,303] {dagbag.py:496} INFO - Filling up the DagBag from /home/airflow/.local/lib/python3.8/site-packages/airflow/example_dags/example_branch_python_dop_operator_3.py
[2022-05-22 21:38:53,325] {scheduler_job.py:643} INFO - DAG(s) dict_keys(['example_branch_dop_operator_v3']) retrieved from /home/airflow/.local/lib/python3.8/site-packages/airflow/example_dags/example_branch_python_dop_operator_3.py
[2022-05-22 21:38:53,366] {logging_mixin.py:104} INFO - [2022-05-22 21:38:53,365] {dag.py:1833} INFO - Sync 1 DAGs
[2022-05-22 21:38:53,409] {logging_mixin.py:104} INFO - [2022-05-22 21:38:53,409] {dag.py:2306} INFO - Setting next_dagrun for example_branch_dop_operator_v3 to 2022-05-20 00:00:00+00:00
[2022-05-22 21:38:53,459] {scheduler_job.py:190} INFO - Processing /home/airflow/.local/lib/python3.8/site-packages/airflow/example_dags/example_branch_python_dop_operator_3.py took 0.169 seconds
[2022-05-22 21:39:39,883] {scheduler_job.py:182} INFO - Started process (PID=208) to work on /home/airflow/.local/lib/python3.8/site-packages/airflow/example_dags/example_branch_python_dop_operator_3.py
[2022-05-22 21:39:39,886] {scheduler_job.py:633} INFO - Processing file /home/airflow/.local/lib/python3.8/site-packages/airflow/example_dags/example_branch_python_dop_operator_3.py for tasks to queue
[2022-05-22 21:39:39,888] {logging_mixin.py:104} INFO - [2022-05-22 21:39:39,888] {dagbag.py:496} INFO - Filling up the DagBag from /home/airflow/.local/lib/python3.8/site-packages/airflow/example_dags/example_branch_python_dop_operator_3.py
[2022-05-22 21:39:39,903] {scheduler_job.py:643} INFO - DAG(s) dict_keys(['example_branch_dop_operator_v3']) retrieved from /home/airflow/.local/lib/python3.8/site-packages/airflow/example_dags/example_branch_python_dop_operator_3.py
[2022-05-22 21:39:39,928] {logging_mixin.py:104} INFO - [2022-05-22 21:39:39,928] {dag.py:1833} INFO - Sync 1 DAGs
[2022-05-22 21:39:39,959] {logging_mixin.py:104} INFO - [2022-05-22 21:39:39,959] {dag.py:2306} INFO - Setting next_dagrun for example_branch_dop_operator_v3 to 2022-05-20 00:00:00+00:00
[2022-05-22 21:39:40,010] {scheduler_job.py:190} INFO - Processing /home/airflow/.local/lib/python3.8/site-packages/airflow/example_dags/example_branch_python_dop_operator_3.py took 0.130 seconds
[2022-05-22 21:40:26,842] {scheduler_job.py:182} INFO - Started process (PID=245) to work on /home/airflow/.local/lib/python3.8/site-packages/airflow/example_dags/example_branch_python_dop_operator_3.py
[2022-05-22 21:40:26,845] {scheduler_job.py:633} INFO - Processing file /home/airflow/.local/lib/python3.8/site-packages/airflow/example_dags/example_branch_python_dop_operator_3.py for tasks to queue
[2022-05-22 21:40:26,847] {logging_mixin.py:104} INFO - [2022-05-22 21:40:26,847] {dagbag.py:496} INFO - Filling up the DagBag from /home/airflow/.local/lib/python3.8/site-packages/airflow/example_dags/example_branch_python_dop_operator_3.py
[2022-05-22 21:40:26,873] {scheduler_job.py:643} INFO - DAG(s) dict_keys(['example_branch_dop_operator_v3']) retrieved from /home/airflow/.local/lib/python3.8/site-packages/airflow/example_dags/example_branch_python_dop_operator_3.py
[2022-05-22 21:40:26,943] {logging_mixin.py:104} INFO - [2022-05-22 21:40:26,942] {dag.py:1833} INFO - Sync 1 DAGs
[2022-05-22 21:40:27,009] {logging_mixin.py:104} INFO - [2022-05-22 21:40:27,009] {dag.py:2306} INFO - Setting next_dagrun for example_branch_dop_operator_v3 to 2022-05-20 00:00:00+00:00
[2022-05-22 21:40:27,096] {scheduler_job.py:190} INFO - Processing /home/airflow/.local/lib/python3.8/site-packages/airflow/example_dags/example_branch_python_dop_operator_3.py took 0.258 seconds
[2022-05-22 21:46:16,088] {scheduler_job.py:182} INFO - Started process (PID=47) to work on /home/airflow/.local/lib/python3.8/site-packages/airflow/example_dags/example_branch_python_dop_operator_3.py
[2022-05-22 21:46:16,091] {scheduler_job.py:633} INFO - Processing file /home/airflow/.local/lib/python3.8/site-packages/airflow/example_dags/example_branch_python_dop_operator_3.py for tasks to queue
[2022-05-22 21:46:16,093] {logging_mixin.py:104} INFO - [2022-05-22 21:46:16,092] {dagbag.py:496} INFO - Filling up the DagBag from /home/airflow/.local/lib/python3.8/site-packages/airflow/example_dags/example_branch_python_dop_operator_3.py
[2022-05-22 21:46:16,107] {scheduler_job.py:643} INFO - DAG(s) dict_keys(['example_branch_dop_operator_v3']) retrieved from /home/airflow/.local/lib/python3.8/site-packages/airflow/example_dags/example_branch_python_dop_operator_3.py
[2022-05-22 21:46:16,136] {logging_mixin.py:104} INFO - [2022-05-22 21:46:16,136] {dag.py:1833} INFO - Sync 1 DAGs
[2022-05-22 21:46:16,178] {logging_mixin.py:104} INFO - [2022-05-22 21:46:16,177] {dag.py:2306} INFO - Setting next_dagrun for example_branch_dop_operator_v3 to 2022-05-20 00:00:00+00:00
[2022-05-22 21:46:16,227] {scheduler_job.py:190} INFO - Processing /home/airflow/.local/lib/python3.8/site-packages/airflow/example_dags/example_branch_python_dop_operator_3.py took 0.143 seconds
[2022-05-22 21:46:59,924] {scheduler_job.py:182} INFO - Started process (PID=80) to work on /home/airflow/.local/lib/python3.8/site-packages/airflow/example_dags/example_branch_python_dop_operator_3.py
[2022-05-22 21:46:59,929] {scheduler_job.py:633} INFO - Processing file /home/airflow/.local/lib/python3.8/site-packages/airflow/example_dags/example_branch_python_dop_operator_3.py for tasks to queue
[2022-05-22 21:46:59,934] {logging_mixin.py:104} INFO - [2022-05-22 21:46:59,933] {dagbag.py:496} INFO - Filling up the DagBag from /home/airflow/.local/lib/python3.8/site-packages/airflow/example_dags/example_branch_python_dop_operator_3.py
[2022-05-22 21:47:00,004] {scheduler_job.py:643} INFO - DAG(s) dict_keys(['example_branch_dop_operator_v3']) retrieved from /home/airflow/.local/lib/python3.8/site-packages/airflow/example_dags/example_branch_python_dop_operator_3.py
[2022-05-22 21:47:00,076] {logging_mixin.py:104} INFO - [2022-05-22 21:47:00,075] {dag.py:1833} INFO - Sync 1 DAGs
[2022-05-22 21:47:00,130] {logging_mixin.py:104} INFO - [2022-05-22 21:47:00,130] {dag.py:2306} INFO - Setting next_dagrun for example_branch_dop_operator_v3 to 2022-05-20 00:00:00+00:00
[2022-05-22 21:47:00,191] {scheduler_job.py:190} INFO - Processing /home/airflow/.local/lib/python3.8/site-packages/airflow/example_dags/example_branch_python_dop_operator_3.py took 0.274 seconds
[2022-05-22 21:47:42,633] {scheduler_job.py:182} INFO - Started process (PID=113) to work on /home/airflow/.local/lib/python3.8/site-packages/airflow/example_dags/example_branch_python_dop_operator_3.py
[2022-05-22 21:47:42,637] {scheduler_job.py:633} INFO - Processing file /home/airflow/.local/lib/python3.8/site-packages/airflow/example_dags/example_branch_python_dop_operator_3.py for tasks to queue
[2022-05-22 21:47:42,639] {logging_mixin.py:104} INFO - [2022-05-22 21:47:42,639] {dagbag.py:496} INFO - Filling up the DagBag from /home/airflow/.local/lib/python3.8/site-packages/airflow/example_dags/example_branch_python_dop_operator_3.py
[2022-05-22 21:47:42,654] {scheduler_job.py:643} INFO - DAG(s) dict_keys(['example_branch_dop_operator_v3']) retrieved from /home/airflow/.local/lib/python3.8/site-packages/airflow/example_dags/example_branch_python_dop_operator_3.py
[2022-05-22 21:47:42,677] {logging_mixin.py:104} INFO - [2022-05-22 21:47:42,677] {dag.py:1833} INFO - Sync 1 DAGs
[2022-05-22 21:47:42,711] {logging_mixin.py:104} INFO - [2022-05-22 21:47:42,711] {dag.py:2306} INFO - Setting next_dagrun for example_branch_dop_operator_v3 to 2022-05-20 00:00:00+00:00
[2022-05-22 21:47:42,759] {scheduler_job.py:190} INFO - Processing /home/airflow/.local/lib/python3.8/site-packages/airflow/example_dags/example_branch_python_dop_operator_3.py took 0.129 seconds
[2022-05-22 21:48:34,380] {scheduler_job.py:182} INFO - Started process (PID=154) to work on /home/airflow/.local/lib/python3.8/site-packages/airflow/example_dags/example_branch_python_dop_operator_3.py
[2022-05-22 21:48:34,383] {scheduler_job.py:633} INFO - Processing file /home/airflow/.local/lib/python3.8/site-packages/airflow/example_dags/example_branch_python_dop_operator_3.py for tasks to queue
[2022-05-22 21:48:34,385] {logging_mixin.py:104} INFO - [2022-05-22 21:48:34,385] {dagbag.py:496} INFO - Filling up the DagBag from /home/airflow/.local/lib/python3.8/site-packages/airflow/example_dags/example_branch_python_dop_operator_3.py
[2022-05-22 21:48:34,401] {scheduler_job.py:643} INFO - DAG(s) dict_keys(['example_branch_dop_operator_v3']) retrieved from /home/airflow/.local/lib/python3.8/site-packages/airflow/example_dags/example_branch_python_dop_operator_3.py
[2022-05-22 21:48:34,441] {logging_mixin.py:104} INFO - [2022-05-22 21:48:34,441] {dag.py:1833} INFO - Sync 1 DAGs
[2022-05-22 21:48:34,485] {logging_mixin.py:104} INFO - [2022-05-22 21:48:34,484] {dag.py:2306} INFO - Setting next_dagrun for example_branch_dop_operator_v3 to 2022-05-20 00:00:00+00:00
[2022-05-22 21:48:34,536] {scheduler_job.py:190} INFO - Processing /home/airflow/.local/lib/python3.8/site-packages/airflow/example_dags/example_branch_python_dop_operator_3.py took 0.160 seconds
[2022-05-22 21:49:19,890] {scheduler_job.py:182} INFO - Started process (PID=190) to work on /home/airflow/.local/lib/python3.8/site-packages/airflow/example_dags/example_branch_python_dop_operator_3.py
[2022-05-22 21:49:19,894] {scheduler_job.py:633} INFO - Processing file /home/airflow/.local/lib/python3.8/site-packages/airflow/example_dags/example_branch_python_dop_operator_3.py for tasks to queue
[2022-05-22 21:49:19,899] {logging_mixin.py:104} INFO - [2022-05-22 21:49:19,898] {dagbag.py:496} INFO - Filling up the DagBag from /home/airflow/.local/lib/python3.8/site-packages/airflow/example_dags/example_branch_python_dop_operator_3.py
[2022-05-22 21:49:19,936] {scheduler_job.py:643} INFO - DAG(s) dict_keys(['example_branch_dop_operator_v3']) retrieved from /home/airflow/.local/lib/python3.8/site-packages/airflow/example_dags/example_branch_python_dop_operator_3.py
[2022-05-22 21:49:19,990] {logging_mixin.py:104} INFO - [2022-05-22 21:49:19,990] {dag.py:1833} INFO - Sync 1 DAGs
[2022-05-22 21:49:20,059] {logging_mixin.py:104} INFO - [2022-05-22 21:49:20,059] {dag.py:2306} INFO - Setting next_dagrun for example_branch_dop_operator_v3 to 2022-05-20 00:00:00+00:00
[2022-05-22 21:49:20,127] {scheduler_job.py:190} INFO - Processing /home/airflow/.local/lib/python3.8/site-packages/airflow/example_dags/example_branch_python_dop_operator_3.py took 0.242 seconds
[2022-05-22 21:50:08,218] {scheduler_job.py:182} INFO - Started process (PID=228) to work on /home/airflow/.local/lib/python3.8/site-packages/airflow/example_dags/example_branch_python_dop_operator_3.py
[2022-05-22 21:50:08,221] {scheduler_job.py:633} INFO - Processing file /home/airflow/.local/lib/python3.8/site-packages/airflow/example_dags/example_branch_python_dop_operator_3.py for tasks to queue
[2022-05-22 21:50:08,224] {logging_mixin.py:104} INFO - [2022-05-22 21:50:08,224] {dagbag.py:496} INFO - Filling up the DagBag from /home/airflow/.local/lib/python3.8/site-packages/airflow/example_dags/example_branch_python_dop_operator_3.py
[2022-05-22 21:50:08,242] {scheduler_job.py:643} INFO - DAG(s) dict_keys(['example_branch_dop_operator_v3']) retrieved from /home/airflow/.local/lib/python3.8/site-packages/airflow/example_dags/example_branch_python_dop_operator_3.py
[2022-05-22 21:50:08,268] {logging_mixin.py:104} INFO - [2022-05-22 21:50:08,268] {dag.py:1833} INFO - Sync 1 DAGs
[2022-05-22 21:50:08,298] {logging_mixin.py:104} INFO - [2022-05-22 21:50:08,298] {dag.py:2306} INFO - Setting next_dagrun for example_branch_dop_operator_v3 to 2022-05-20 00:00:00+00:00
[2022-05-22 21:50:08,342] {scheduler_job.py:190} INFO - Processing /home/airflow/.local/lib/python3.8/site-packages/airflow/example_dags/example_branch_python_dop_operator_3.py took 0.129 seconds
[2022-05-22 22:02:39,276] {scheduler_job.py:182} INFO - Started process (PID=48) to work on /home/airflow/.local/lib/python3.8/site-packages/airflow/example_dags/example_branch_python_dop_operator_3.py
[2022-05-22 22:02:39,279] {scheduler_job.py:633} INFO - Processing file /home/airflow/.local/lib/python3.8/site-packages/airflow/example_dags/example_branch_python_dop_operator_3.py for tasks to queue
[2022-05-22 22:02:39,282] {logging_mixin.py:104} INFO - [2022-05-22 22:02:39,282] {dagbag.py:496} INFO - Filling up the DagBag from /home/airflow/.local/lib/python3.8/site-packages/airflow/example_dags/example_branch_python_dop_operator_3.py
[2022-05-22 22:02:39,309] {scheduler_job.py:643} INFO - DAG(s) dict_keys(['example_branch_dop_operator_v3']) retrieved from /home/airflow/.local/lib/python3.8/site-packages/airflow/example_dags/example_branch_python_dop_operator_3.py
[2022-05-22 22:02:39,349] {logging_mixin.py:104} INFO - [2022-05-22 22:02:39,349] {dag.py:1833} INFO - Sync 1 DAGs
[2022-05-22 22:02:39,414] {logging_mixin.py:104} INFO - [2022-05-22 22:02:39,414] {dag.py:2306} INFO - Setting next_dagrun for example_branch_dop_operator_v3 to 2022-05-20 00:00:00+00:00
[2022-05-22 22:02:39,508] {scheduler_job.py:190} INFO - Processing /home/airflow/.local/lib/python3.8/site-packages/airflow/example_dags/example_branch_python_dop_operator_3.py took 0.240 seconds
[2022-05-22 22:03:26,904] {scheduler_job.py:182} INFO - Started process (PID=85) to work on /home/airflow/.local/lib/python3.8/site-packages/airflow/example_dags/example_branch_python_dop_operator_3.py
[2022-05-22 22:03:26,907] {scheduler_job.py:633} INFO - Processing file /home/airflow/.local/lib/python3.8/site-packages/airflow/example_dags/example_branch_python_dop_operator_3.py for tasks to queue
[2022-05-22 22:03:26,909] {logging_mixin.py:104} INFO - [2022-05-22 22:03:26,909] {dagbag.py:496} INFO - Filling up the DagBag from /home/airflow/.local/lib/python3.8/site-packages/airflow/example_dags/example_branch_python_dop_operator_3.py
[2022-05-22 22:03:26,925] {scheduler_job.py:643} INFO - DAG(s) dict_keys(['example_branch_dop_operator_v3']) retrieved from /home/airflow/.local/lib/python3.8/site-packages/airflow/example_dags/example_branch_python_dop_operator_3.py
[2022-05-22 22:03:26,947] {logging_mixin.py:104} INFO - [2022-05-22 22:03:26,947] {dag.py:1833} INFO - Sync 1 DAGs
[2022-05-22 22:03:26,978] {logging_mixin.py:104} INFO - [2022-05-22 22:03:26,978] {dag.py:2306} INFO - Setting next_dagrun for example_branch_dop_operator_v3 to 2022-05-20 00:00:00+00:00
[2022-05-22 22:03:27,028] {scheduler_job.py:190} INFO - Processing /home/airflow/.local/lib/python3.8/site-packages/airflow/example_dags/example_branch_python_dop_operator_3.py took 0.127 seconds
[2022-05-22 22:04:41,016] {scheduler_job.py:182} INFO - Started process (PID=143) to work on /home/airflow/.local/lib/python3.8/site-packages/airflow/example_dags/example_branch_python_dop_operator_3.py
[2022-05-22 22:04:41,020] {scheduler_job.py:633} INFO - Processing file /home/airflow/.local/lib/python3.8/site-packages/airflow/example_dags/example_branch_python_dop_operator_3.py for tasks to queue
[2022-05-22 22:04:41,023] {logging_mixin.py:104} INFO - [2022-05-22 22:04:41,023] {dagbag.py:496} INFO - Filling up the DagBag from /home/airflow/.local/lib/python3.8/site-packages/airflow/example_dags/example_branch_python_dop_operator_3.py
[2022-05-22 22:04:41,040] {scheduler_job.py:643} INFO - DAG(s) dict_keys(['example_branch_dop_operator_v3']) retrieved from /home/airflow/.local/lib/python3.8/site-packages/airflow/example_dags/example_branch_python_dop_operator_3.py
[2022-05-22 22:04:41,070] {logging_mixin.py:104} INFO - [2022-05-22 22:04:41,070] {dag.py:1833} INFO - Sync 1 DAGs
[2022-05-22 22:04:41,101] {logging_mixin.py:104} INFO - [2022-05-22 22:04:41,101] {dag.py:2306} INFO - Setting next_dagrun for example_branch_dop_operator_v3 to 2022-05-20 00:00:00+00:00
[2022-05-22 22:04:41,146] {scheduler_job.py:190} INFO - Processing /home/airflow/.local/lib/python3.8/site-packages/airflow/example_dags/example_branch_python_dop_operator_3.py took 0.134 seconds
[2022-05-22 22:05:23,250] {scheduler_job.py:182} INFO - Started process (PID=176) to work on /home/airflow/.local/lib/python3.8/site-packages/airflow/example_dags/example_branch_python_dop_operator_3.py
[2022-05-22 22:05:23,252] {scheduler_job.py:633} INFO - Processing file /home/airflow/.local/lib/python3.8/site-packages/airflow/example_dags/example_branch_python_dop_operator_3.py for tasks to queue
[2022-05-22 22:05:23,254] {logging_mixin.py:104} INFO - [2022-05-22 22:05:23,254] {dagbag.py:496} INFO - Filling up the DagBag from /home/airflow/.local/lib/python3.8/site-packages/airflow/example_dags/example_branch_python_dop_operator_3.py
[2022-05-22 22:05:23,270] {scheduler_job.py:643} INFO - DAG(s) dict_keys(['example_branch_dop_operator_v3']) retrieved from /home/airflow/.local/lib/python3.8/site-packages/airflow/example_dags/example_branch_python_dop_operator_3.py
[2022-05-22 22:05:23,296] {logging_mixin.py:104} INFO - [2022-05-22 22:05:23,296] {dag.py:1833} INFO - Sync 1 DAGs
[2022-05-22 22:05:23,328] {logging_mixin.py:104} INFO - [2022-05-22 22:05:23,328] {dag.py:2306} INFO - Setting next_dagrun for example_branch_dop_operator_v3 to 2022-05-20 00:00:00+00:00
[2022-05-22 22:05:23,372] {scheduler_job.py:190} INFO - Processing /home/airflow/.local/lib/python3.8/site-packages/airflow/example_dags/example_branch_python_dop_operator_3.py took 0.125 seconds
[2022-05-22 22:06:06,036] {scheduler_job.py:182} INFO - Started process (PID=209) to work on /home/airflow/.local/lib/python3.8/site-packages/airflow/example_dags/example_branch_python_dop_operator_3.py
[2022-05-22 22:06:06,041] {scheduler_job.py:633} INFO - Processing file /home/airflow/.local/lib/python3.8/site-packages/airflow/example_dags/example_branch_python_dop_operator_3.py for tasks to queue
[2022-05-22 22:06:06,044] {logging_mixin.py:104} INFO - [2022-05-22 22:06:06,043] {dagbag.py:496} INFO - Filling up the DagBag from /home/airflow/.local/lib/python3.8/site-packages/airflow/example_dags/example_branch_python_dop_operator_3.py
[2022-05-22 22:06:06,061] {scheduler_job.py:643} INFO - DAG(s) dict_keys(['example_branch_dop_operator_v3']) retrieved from /home/airflow/.local/lib/python3.8/site-packages/airflow/example_dags/example_branch_python_dop_operator_3.py
[2022-05-22 22:06:06,095] {logging_mixin.py:104} INFO - [2022-05-22 22:06:06,095] {dag.py:1833} INFO - Sync 1 DAGs
[2022-05-22 22:06:06,126] {logging_mixin.py:104} INFO - [2022-05-22 22:06:06,125] {dag.py:2306} INFO - Setting next_dagrun for example_branch_dop_operator_v3 to 2022-05-20 00:00:00+00:00
[2022-05-22 22:06:06,171] {scheduler_job.py:190} INFO - Processing /home/airflow/.local/lib/python3.8/site-packages/airflow/example_dags/example_branch_python_dop_operator_3.py took 0.141 seconds
[2022-05-22 22:07:00,309] {scheduler_job.py:182} INFO - Started process (PID=250) to work on /home/airflow/.local/lib/python3.8/site-packages/airflow/example_dags/example_branch_python_dop_operator_3.py
[2022-05-22 22:07:00,313] {scheduler_job.py:633} INFO - Processing file /home/airflow/.local/lib/python3.8/site-packages/airflow/example_dags/example_branch_python_dop_operator_3.py for tasks to queue
[2022-05-22 22:07:00,315] {logging_mixin.py:104} INFO - [2022-05-22 22:07:00,315] {dagbag.py:496} INFO - Filling up the DagBag from /home/airflow/.local/lib/python3.8/site-packages/airflow/example_dags/example_branch_python_dop_operator_3.py
[2022-05-22 22:07:00,331] {scheduler_job.py:643} INFO - DAG(s) dict_keys(['example_branch_dop_operator_v3']) retrieved from /home/airflow/.local/lib/python3.8/site-packages/airflow/example_dags/example_branch_python_dop_operator_3.py
[2022-05-22 22:07:00,359] {logging_mixin.py:104} INFO - [2022-05-22 22:07:00,358] {dag.py:1833} INFO - Sync 1 DAGs
[2022-05-22 22:07:00,390] {logging_mixin.py:104} INFO - [2022-05-22 22:07:00,390] {dag.py:2306} INFO - Setting next_dagrun for example_branch_dop_operator_v3 to 2022-05-20 00:00:00+00:00
[2022-05-22 22:07:00,437] {scheduler_job.py:190} INFO - Processing /home/airflow/.local/lib/python3.8/site-packages/airflow/example_dags/example_branch_python_dop_operator_3.py took 0.131 seconds
[2022-05-22 22:07:57,999] {scheduler_job.py:182} INFO - Started process (PID=289) to work on /home/airflow/.local/lib/python3.8/site-packages/airflow/example_dags/example_branch_python_dop_operator_3.py
[2022-05-22 22:07:58,003] {scheduler_job.py:633} INFO - Processing file /home/airflow/.local/lib/python3.8/site-packages/airflow/example_dags/example_branch_python_dop_operator_3.py for tasks to queue
[2022-05-22 22:07:58,004] {logging_mixin.py:104} INFO - [2022-05-22 22:07:58,004] {dagbag.py:496} INFO - Filling up the DagBag from /home/airflow/.local/lib/python3.8/site-packages/airflow/example_dags/example_branch_python_dop_operator_3.py
[2022-05-22 22:07:58,021] {scheduler_job.py:643} INFO - DAG(s) dict_keys(['example_branch_dop_operator_v3']) retrieved from /home/airflow/.local/lib/python3.8/site-packages/airflow/example_dags/example_branch_python_dop_operator_3.py
[2022-05-22 22:07:58,045] {logging_mixin.py:104} INFO - [2022-05-22 22:07:58,045] {dag.py:1833} INFO - Sync 1 DAGs
[2022-05-22 22:07:58,077] {logging_mixin.py:104} INFO - [2022-05-22 22:07:58,077] {dag.py:2306} INFO - Setting next_dagrun for example_branch_dop_operator_v3 to 2022-05-20 00:00:00+00:00
[2022-05-22 22:07:58,132] {scheduler_job.py:190} INFO - Processing /home/airflow/.local/lib/python3.8/site-packages/airflow/example_dags/example_branch_python_dop_operator_3.py took 0.136 seconds
[2022-05-22 22:08:44,405] {scheduler_job.py:182} INFO - Started process (PID=324) to work on /home/airflow/.local/lib/python3.8/site-packages/airflow/example_dags/example_branch_python_dop_operator_3.py
[2022-05-22 22:08:44,409] {scheduler_job.py:633} INFO - Processing file /home/airflow/.local/lib/python3.8/site-packages/airflow/example_dags/example_branch_python_dop_operator_3.py for tasks to queue
[2022-05-22 22:08:44,412] {logging_mixin.py:104} INFO - [2022-05-22 22:08:44,412] {dagbag.py:496} INFO - Filling up the DagBag from /home/airflow/.local/lib/python3.8/site-packages/airflow/example_dags/example_branch_python_dop_operator_3.py
[2022-05-22 22:08:44,431] {scheduler_job.py:643} INFO - DAG(s) dict_keys(['example_branch_dop_operator_v3']) retrieved from /home/airflow/.local/lib/python3.8/site-packages/airflow/example_dags/example_branch_python_dop_operator_3.py
[2022-05-22 22:08:44,506] {logging_mixin.py:104} INFO - [2022-05-22 22:08:44,506] {dag.py:1833} INFO - Sync 1 DAGs
[2022-05-22 22:08:44,568] {logging_mixin.py:104} INFO - [2022-05-22 22:08:44,568] {dag.py:2306} INFO - Setting next_dagrun for example_branch_dop_operator_v3 to 2022-05-20 00:00:00+00:00
[2022-05-22 22:08:44,625] {scheduler_job.py:190} INFO - Processing /home/airflow/.local/lib/python3.8/site-packages/airflow/example_dags/example_branch_python_dop_operator_3.py took 0.223 seconds
[2022-05-22 22:09:29,638] {scheduler_job.py:182} INFO - Started process (PID=361) to work on /home/airflow/.local/lib/python3.8/site-packages/airflow/example_dags/example_branch_python_dop_operator_3.py
[2022-05-22 22:09:29,640] {scheduler_job.py:633} INFO - Processing file /home/airflow/.local/lib/python3.8/site-packages/airflow/example_dags/example_branch_python_dop_operator_3.py for tasks to queue
[2022-05-22 22:09:29,642] {logging_mixin.py:104} INFO - [2022-05-22 22:09:29,642] {dagbag.py:496} INFO - Filling up the DagBag from /home/airflow/.local/lib/python3.8/site-packages/airflow/example_dags/example_branch_python_dop_operator_3.py
[2022-05-22 22:09:29,660] {scheduler_job.py:643} INFO - DAG(s) dict_keys(['example_branch_dop_operator_v3']) retrieved from /home/airflow/.local/lib/python3.8/site-packages/airflow/example_dags/example_branch_python_dop_operator_3.py
[2022-05-22 22:09:29,683] {logging_mixin.py:104} INFO - [2022-05-22 22:09:29,683] {dag.py:1833} INFO - Sync 1 DAGs
[2022-05-22 22:09:29,711] {logging_mixin.py:104} INFO - [2022-05-22 22:09:29,711] {dag.py:2306} INFO - Setting next_dagrun for example_branch_dop_operator_v3 to 2022-05-20 00:00:00+00:00
[2022-05-22 22:09:29,762] {scheduler_job.py:190} INFO - Processing /home/airflow/.local/lib/python3.8/site-packages/airflow/example_dags/example_branch_python_dop_operator_3.py took 0.129 seconds
[2022-05-22 22:13:26,266] {scheduler_job.py:182} INFO - Started process (PID=54) to work on /home/airflow/.local/lib/python3.8/site-packages/airflow/example_dags/example_branch_python_dop_operator_3.py
[2022-05-22 22:13:26,270] {scheduler_job.py:633} INFO - Processing file /home/airflow/.local/lib/python3.8/site-packages/airflow/example_dags/example_branch_python_dop_operator_3.py for tasks to queue
[2022-05-22 22:13:26,272] {logging_mixin.py:104} INFO - [2022-05-22 22:13:26,272] {dagbag.py:496} INFO - Filling up the DagBag from /home/airflow/.local/lib/python3.8/site-packages/airflow/example_dags/example_branch_python_dop_operator_3.py
[2022-05-22 22:13:26,293] {scheduler_job.py:643} INFO - DAG(s) dict_keys(['example_branch_dop_operator_v3']) retrieved from /home/airflow/.local/lib/python3.8/site-packages/airflow/example_dags/example_branch_python_dop_operator_3.py
[2022-05-22 22:13:26,320] {logging_mixin.py:104} INFO - [2022-05-22 22:13:26,320] {dag.py:1833} INFO - Sync 1 DAGs
[2022-05-22 22:13:26,358] {logging_mixin.py:104} INFO - [2022-05-22 22:13:26,358] {dag.py:2306} INFO - Setting next_dagrun for example_branch_dop_operator_v3 to 2022-05-20 00:00:00+00:00
[2022-05-22 22:13:26,404] {scheduler_job.py:190} INFO - Processing /home/airflow/.local/lib/python3.8/site-packages/airflow/example_dags/example_branch_python_dop_operator_3.py took 0.142 seconds
[2022-05-22 22:14:23,091] {scheduler_job.py:182} INFO - Started process (PID=101) to work on /home/airflow/.local/lib/python3.8/site-packages/airflow/example_dags/example_branch_python_dop_operator_3.py
[2022-05-22 22:14:23,094] {scheduler_job.py:633} INFO - Processing file /home/airflow/.local/lib/python3.8/site-packages/airflow/example_dags/example_branch_python_dop_operator_3.py for tasks to queue
[2022-05-22 22:14:23,096] {logging_mixin.py:104} INFO - [2022-05-22 22:14:23,096] {dagbag.py:496} INFO - Filling up the DagBag from /home/airflow/.local/lib/python3.8/site-packages/airflow/example_dags/example_branch_python_dop_operator_3.py
[2022-05-22 22:14:23,111] {scheduler_job.py:643} INFO - DAG(s) dict_keys(['example_branch_dop_operator_v3']) retrieved from /home/airflow/.local/lib/python3.8/site-packages/airflow/example_dags/example_branch_python_dop_operator_3.py
[2022-05-22 22:14:23,134] {logging_mixin.py:104} INFO - [2022-05-22 22:14:23,134] {dag.py:1833} INFO - Sync 1 DAGs
[2022-05-22 22:14:23,167] {logging_mixin.py:104} INFO - [2022-05-22 22:14:23,167] {dag.py:2306} INFO - Setting next_dagrun for example_branch_dop_operator_v3 to 2022-05-20 00:00:00+00:00
[2022-05-22 22:14:23,216] {scheduler_job.py:190} INFO - Processing /home/airflow/.local/lib/python3.8/site-packages/airflow/example_dags/example_branch_python_dop_operator_3.py took 0.129 seconds
[2022-05-22 22:15:04,861] {scheduler_job.py:182} INFO - Started process (PID=134) to work on /home/airflow/.local/lib/python3.8/site-packages/airflow/example_dags/example_branch_python_dop_operator_3.py
[2022-05-22 22:15:04,864] {scheduler_job.py:633} INFO - Processing file /home/airflow/.local/lib/python3.8/site-packages/airflow/example_dags/example_branch_python_dop_operator_3.py for tasks to queue
[2022-05-22 22:15:04,866] {logging_mixin.py:104} INFO - [2022-05-22 22:15:04,866] {dagbag.py:496} INFO - Filling up the DagBag from /home/airflow/.local/lib/python3.8/site-packages/airflow/example_dags/example_branch_python_dop_operator_3.py
[2022-05-22 22:15:04,881] {scheduler_job.py:643} INFO - DAG(s) dict_keys(['example_branch_dop_operator_v3']) retrieved from /home/airflow/.local/lib/python3.8/site-packages/airflow/example_dags/example_branch_python_dop_operator_3.py
[2022-05-22 22:15:04,905] {logging_mixin.py:104} INFO - [2022-05-22 22:15:04,905] {dag.py:1833} INFO - Sync 1 DAGs
[2022-05-22 22:15:04,938] {logging_mixin.py:104} INFO - [2022-05-22 22:15:04,938] {dag.py:2306} INFO - Setting next_dagrun for example_branch_dop_operator_v3 to 2022-05-20 00:00:00+00:00
[2022-05-22 22:15:04,985] {scheduler_job.py:190} INFO - Processing /home/airflow/.local/lib/python3.8/site-packages/airflow/example_dags/example_branch_python_dop_operator_3.py took 0.127 seconds
[2022-05-22 22:15:47,165] {scheduler_job.py:182} INFO - Started process (PID=167) to work on /home/airflow/.local/lib/python3.8/site-packages/airflow/example_dags/example_branch_python_dop_operator_3.py
[2022-05-22 22:15:47,168] {scheduler_job.py:633} INFO - Processing file /home/airflow/.local/lib/python3.8/site-packages/airflow/example_dags/example_branch_python_dop_operator_3.py for tasks to queue
[2022-05-22 22:15:47,170] {logging_mixin.py:104} INFO - [2022-05-22 22:15:47,170] {dagbag.py:496} INFO - Filling up the DagBag from /home/airflow/.local/lib/python3.8/site-packages/airflow/example_dags/example_branch_python_dop_operator_3.py
[2022-05-22 22:15:47,204] {scheduler_job.py:643} INFO - DAG(s) dict_keys(['example_branch_dop_operator_v3']) retrieved from /home/airflow/.local/lib/python3.8/site-packages/airflow/example_dags/example_branch_python_dop_operator_3.py
[2022-05-22 22:15:47,233] {logging_mixin.py:104} INFO - [2022-05-22 22:15:47,233] {dag.py:1833} INFO - Sync 1 DAGs
[2022-05-22 22:15:47,272] {logging_mixin.py:104} INFO - [2022-05-22 22:15:47,272] {dag.py:2306} INFO - Setting next_dagrun for example_branch_dop_operator_v3 to 2022-05-20 00:00:00+00:00
[2022-05-22 22:15:47,326] {scheduler_job.py:190} INFO - Processing /home/airflow/.local/lib/python3.8/site-packages/airflow/example_dags/example_branch_python_dop_operator_3.py took 0.165 seconds
[2022-05-22 22:19:21,116] {scheduler_job.py:182} INFO - Started process (PID=67) to work on /home/airflow/.local/lib/python3.8/site-packages/airflow/example_dags/example_branch_python_dop_operator_3.py
[2022-05-22 22:19:21,123] {scheduler_job.py:633} INFO - Processing file /home/airflow/.local/lib/python3.8/site-packages/airflow/example_dags/example_branch_python_dop_operator_3.py for tasks to queue
[2022-05-22 22:19:21,127] {logging_mixin.py:104} INFO - [2022-05-22 22:19:21,127] {dagbag.py:496} INFO - Filling up the DagBag from /home/airflow/.local/lib/python3.8/site-packages/airflow/example_dags/example_branch_python_dop_operator_3.py
[2022-05-22 22:19:21,182] {scheduler_job.py:643} INFO - DAG(s) dict_keys(['example_branch_dop_operator_v3']) retrieved from /home/airflow/.local/lib/python3.8/site-packages/airflow/example_dags/example_branch_python_dop_operator_3.py
[2022-05-22 22:19:21,212] {logging_mixin.py:104} INFO - [2022-05-22 22:19:21,211] {dag.py:1833} INFO - Sync 1 DAGs
[2022-05-22 22:19:21,261] {logging_mixin.py:104} INFO - [2022-05-22 22:19:21,261] {dag.py:2306} INFO - Setting next_dagrun for example_branch_dop_operator_v3 to 2022-05-20 00:00:00+00:00
[2022-05-22 22:19:21,307] {scheduler_job.py:190} INFO - Processing /home/airflow/.local/lib/python3.8/site-packages/airflow/example_dags/example_branch_python_dop_operator_3.py took 0.196 seconds
