[2022-05-22 20:46:25,030] {scheduler_job.py:182} INFO - Started process (PID=46) to work on /home/airflow/.local/lib/python3.8/site-packages/airflow/example_dags/example_complex.py
[2022-05-22 20:46:25,032] {scheduler_job.py:633} INFO - Processing file /home/airflow/.local/lib/python3.8/site-packages/airflow/example_dags/example_complex.py for tasks to queue
[2022-05-22 20:46:25,034] {logging_mixin.py:104} INFO - [2022-05-22 20:46:25,033] {dagbag.py:496} INFO - Filling up the DagBag from /home/airflow/.local/lib/python3.8/site-packages/airflow/example_dags/example_complex.py
[2022-05-22 20:46:25,054] {scheduler_job.py:643} INFO - DAG(s) dict_keys(['example_complex']) retrieved from /home/airflow/.local/lib/python3.8/site-packages/airflow/example_dags/example_complex.py
[2022-05-22 20:46:25,084] {logging_mixin.py:104} INFO - [2022-05-22 20:46:25,084] {dag.py:1833} INFO - Sync 1 DAGs
[2022-05-22 20:46:25,104] {logging_mixin.py:104} INFO - [2022-05-22 20:46:25,104] {dag.py:2306} INFO - Setting next_dagrun for example_complex to None
[2022-05-22 20:46:25,160] {scheduler_job.py:190} INFO - Processing /home/airflow/.local/lib/python3.8/site-packages/airflow/example_dags/example_complex.py took 0.133 seconds
[2022-05-22 20:47:10,115] {scheduler_job.py:182} INFO - Started process (PID=80) to work on /home/airflow/.local/lib/python3.8/site-packages/airflow/example_dags/example_complex.py
[2022-05-22 20:47:10,118] {scheduler_job.py:633} INFO - Processing file /home/airflow/.local/lib/python3.8/site-packages/airflow/example_dags/example_complex.py for tasks to queue
[2022-05-22 20:47:10,121] {logging_mixin.py:104} INFO - [2022-05-22 20:47:10,121] {dagbag.py:496} INFO - Filling up the DagBag from /home/airflow/.local/lib/python3.8/site-packages/airflow/example_dags/example_complex.py
[2022-05-22 20:47:10,192] {scheduler_job.py:643} INFO - DAG(s) dict_keys(['example_complex']) retrieved from /home/airflow/.local/lib/python3.8/site-packages/airflow/example_dags/example_complex.py
[2022-05-22 20:47:10,293] {logging_mixin.py:104} INFO - [2022-05-22 20:47:10,293] {dag.py:1833} INFO - Sync 1 DAGs
[2022-05-22 20:47:10,349] {logging_mixin.py:104} INFO - [2022-05-22 20:47:10,349] {dag.py:2306} INFO - Setting next_dagrun for example_complex to None
[2022-05-22 20:47:10,439] {scheduler_job.py:190} INFO - Processing /home/airflow/.local/lib/python3.8/site-packages/airflow/example_dags/example_complex.py took 0.355 seconds
[2022-05-22 20:47:54,938] {scheduler_job.py:182} INFO - Started process (PID=111) to work on /home/airflow/.local/lib/python3.8/site-packages/airflow/example_dags/example_complex.py
[2022-05-22 20:47:54,941] {scheduler_job.py:633} INFO - Processing file /home/airflow/.local/lib/python3.8/site-packages/airflow/example_dags/example_complex.py for tasks to queue
[2022-05-22 20:47:54,943] {logging_mixin.py:104} INFO - [2022-05-22 20:47:54,943] {dagbag.py:496} INFO - Filling up the DagBag from /home/airflow/.local/lib/python3.8/site-packages/airflow/example_dags/example_complex.py
[2022-05-22 20:47:54,976] {scheduler_job.py:643} INFO - DAG(s) dict_keys(['example_complex']) retrieved from /home/airflow/.local/lib/python3.8/site-packages/airflow/example_dags/example_complex.py
[2022-05-22 20:47:55,026] {logging_mixin.py:104} INFO - [2022-05-22 20:47:55,026] {dag.py:1833} INFO - Sync 1 DAGs
[2022-05-22 20:47:55,048] {logging_mixin.py:104} INFO - [2022-05-22 20:47:55,048] {dag.py:2306} INFO - Setting next_dagrun for example_complex to None
[2022-05-22 20:47:55,102] {scheduler_job.py:190} INFO - Processing /home/airflow/.local/lib/python3.8/site-packages/airflow/example_dags/example_complex.py took 0.167 seconds
[2022-05-22 20:48:51,110] {scheduler_job.py:182} INFO - Started process (PID=149) to work on /home/airflow/.local/lib/python3.8/site-packages/airflow/example_dags/example_complex.py
[2022-05-22 20:48:51,115] {scheduler_job.py:633} INFO - Processing file /home/airflow/.local/lib/python3.8/site-packages/airflow/example_dags/example_complex.py for tasks to queue
[2022-05-22 20:48:51,118] {logging_mixin.py:104} INFO - [2022-05-22 20:48:51,117] {dagbag.py:496} INFO - Filling up the DagBag from /home/airflow/.local/lib/python3.8/site-packages/airflow/example_dags/example_complex.py
[2022-05-22 20:48:51,154] {scheduler_job.py:643} INFO - DAG(s) dict_keys(['example_complex']) retrieved from /home/airflow/.local/lib/python3.8/site-packages/airflow/example_dags/example_complex.py
[2022-05-22 20:48:51,195] {logging_mixin.py:104} INFO - [2022-05-22 20:48:51,195] {dag.py:1833} INFO - Sync 1 DAGs
[2022-05-22 20:48:51,216] {logging_mixin.py:104} INFO - [2022-05-22 20:48:51,216] {dag.py:2306} INFO - Setting next_dagrun for example_complex to None
[2022-05-22 20:48:51,276] {scheduler_job.py:190} INFO - Processing /home/airflow/.local/lib/python3.8/site-packages/airflow/example_dags/example_complex.py took 0.172 seconds
[2022-05-22 20:49:47,729] {scheduler_job.py:182} INFO - Started process (PID=180) to work on /home/airflow/.local/lib/python3.8/site-packages/airflow/example_dags/example_complex.py
[2022-05-22 20:49:47,732] {scheduler_job.py:633} INFO - Processing file /home/airflow/.local/lib/python3.8/site-packages/airflow/example_dags/example_complex.py for tasks to queue
[2022-05-22 20:49:47,737] {logging_mixin.py:104} INFO - [2022-05-22 20:49:47,737] {dagbag.py:496} INFO - Filling up the DagBag from /home/airflow/.local/lib/python3.8/site-packages/airflow/example_dags/example_complex.py
[2022-05-22 20:49:47,776] {scheduler_job.py:643} INFO - DAG(s) dict_keys(['example_complex']) retrieved from /home/airflow/.local/lib/python3.8/site-packages/airflow/example_dags/example_complex.py
[2022-05-22 20:49:47,832] {logging_mixin.py:104} INFO - [2022-05-22 20:49:47,832] {dag.py:1833} INFO - Sync 1 DAGs
[2022-05-22 20:49:47,863] {logging_mixin.py:104} INFO - [2022-05-22 20:49:47,863] {dag.py:2306} INFO - Setting next_dagrun for example_complex to None
[2022-05-22 20:49:47,946] {scheduler_job.py:190} INFO - Processing /home/airflow/.local/lib/python3.8/site-packages/airflow/example_dags/example_complex.py took 0.221 seconds
[2022-05-22 20:50:37,423] {scheduler_job.py:182} INFO - Started process (PID=214) to work on /home/airflow/.local/lib/python3.8/site-packages/airflow/example_dags/example_complex.py
[2022-05-22 20:50:37,428] {scheduler_job.py:633} INFO - Processing file /home/airflow/.local/lib/python3.8/site-packages/airflow/example_dags/example_complex.py for tasks to queue
[2022-05-22 20:50:37,431] {logging_mixin.py:104} INFO - [2022-05-22 20:50:37,431] {dagbag.py:496} INFO - Filling up the DagBag from /home/airflow/.local/lib/python3.8/site-packages/airflow/example_dags/example_complex.py
[2022-05-22 20:50:37,591] {scheduler_job.py:643} INFO - DAG(s) dict_keys(['example_complex']) retrieved from /home/airflow/.local/lib/python3.8/site-packages/airflow/example_dags/example_complex.py
[2022-05-22 20:50:37,743] {logging_mixin.py:104} INFO - [2022-05-22 20:50:37,742] {dag.py:1833} INFO - Sync 1 DAGs
[2022-05-22 20:50:37,782] {logging_mixin.py:104} INFO - [2022-05-22 20:50:37,782] {dag.py:2306} INFO - Setting next_dagrun for example_complex to None
[2022-05-22 20:50:37,876] {scheduler_job.py:190} INFO - Processing /home/airflow/.local/lib/python3.8/site-packages/airflow/example_dags/example_complex.py took 0.461 seconds
[2022-05-22 20:51:27,767] {scheduler_job.py:182} INFO - Started process (PID=248) to work on /home/airflow/.local/lib/python3.8/site-packages/airflow/example_dags/example_complex.py
[2022-05-22 20:51:27,772] {scheduler_job.py:633} INFO - Processing file /home/airflow/.local/lib/python3.8/site-packages/airflow/example_dags/example_complex.py for tasks to queue
[2022-05-22 20:51:27,777] {logging_mixin.py:104} INFO - [2022-05-22 20:51:27,776] {dagbag.py:496} INFO - Filling up the DagBag from /home/airflow/.local/lib/python3.8/site-packages/airflow/example_dags/example_complex.py
[2022-05-22 20:51:27,819] {scheduler_job.py:643} INFO - DAG(s) dict_keys(['example_complex']) retrieved from /home/airflow/.local/lib/python3.8/site-packages/airflow/example_dags/example_complex.py
[2022-05-22 20:51:27,900] {logging_mixin.py:104} INFO - [2022-05-22 20:51:27,900] {dag.py:1833} INFO - Sync 1 DAGs
[2022-05-22 20:51:27,954] {logging_mixin.py:104} INFO - [2022-05-22 20:51:27,953] {dag.py:2306} INFO - Setting next_dagrun for example_complex to None
[2022-05-22 20:51:28,062] {scheduler_job.py:190} INFO - Processing /home/airflow/.local/lib/python3.8/site-packages/airflow/example_dags/example_complex.py took 0.301 seconds
[2022-05-22 20:52:13,221] {scheduler_job.py:182} INFO - Started process (PID=279) to work on /home/airflow/.local/lib/python3.8/site-packages/airflow/example_dags/example_complex.py
[2022-05-22 20:52:13,226] {scheduler_job.py:633} INFO - Processing file /home/airflow/.local/lib/python3.8/site-packages/airflow/example_dags/example_complex.py for tasks to queue
[2022-05-22 20:52:13,228] {logging_mixin.py:104} INFO - [2022-05-22 20:52:13,228] {dagbag.py:496} INFO - Filling up the DagBag from /home/airflow/.local/lib/python3.8/site-packages/airflow/example_dags/example_complex.py
[2022-05-22 20:52:13,261] {scheduler_job.py:643} INFO - DAG(s) dict_keys(['example_complex']) retrieved from /home/airflow/.local/lib/python3.8/site-packages/airflow/example_dags/example_complex.py
[2022-05-22 20:52:13,315] {logging_mixin.py:104} INFO - [2022-05-22 20:52:13,315] {dag.py:1833} INFO - Sync 1 DAGs
[2022-05-22 20:52:13,350] {logging_mixin.py:104} INFO - [2022-05-22 20:52:13,350] {dag.py:2306} INFO - Setting next_dagrun for example_complex to None
[2022-05-22 20:52:13,440] {scheduler_job.py:190} INFO - Processing /home/airflow/.local/lib/python3.8/site-packages/airflow/example_dags/example_complex.py took 0.224 seconds
[2022-05-22 21:24:45,559] {scheduler_job.py:182} INFO - Started process (PID=48) to work on /home/airflow/.local/lib/python3.8/site-packages/airflow/example_dags/example_complex.py
[2022-05-22 21:24:45,575] {scheduler_job.py:633} INFO - Processing file /home/airflow/.local/lib/python3.8/site-packages/airflow/example_dags/example_complex.py for tasks to queue
[2022-05-22 21:24:45,582] {logging_mixin.py:104} INFO - [2022-05-22 21:24:45,582] {dagbag.py:496} INFO - Filling up the DagBag from /home/airflow/.local/lib/python3.8/site-packages/airflow/example_dags/example_complex.py
[2022-05-22 21:24:45,673] {scheduler_job.py:643} INFO - DAG(s) dict_keys(['example_complex']) retrieved from /home/airflow/.local/lib/python3.8/site-packages/airflow/example_dags/example_complex.py
[2022-05-22 21:24:45,767] {logging_mixin.py:104} INFO - [2022-05-22 21:24:45,766] {dag.py:1833} INFO - Sync 1 DAGs
[2022-05-22 21:24:45,807] {logging_mixin.py:104} INFO - [2022-05-22 21:24:45,807] {dag.py:2306} INFO - Setting next_dagrun for example_complex to None
[2022-05-22 21:24:45,970] {scheduler_job.py:190} INFO - Processing /home/airflow/.local/lib/python3.8/site-packages/airflow/example_dags/example_complex.py took 0.427 seconds
[2022-05-22 21:25:34,020] {scheduler_job.py:182} INFO - Started process (PID=81) to work on /home/airflow/.local/lib/python3.8/site-packages/airflow/example_dags/example_complex.py
[2022-05-22 21:25:34,023] {scheduler_job.py:633} INFO - Processing file /home/airflow/.local/lib/python3.8/site-packages/airflow/example_dags/example_complex.py for tasks to queue
[2022-05-22 21:25:34,025] {logging_mixin.py:104} INFO - [2022-05-22 21:25:34,024] {dagbag.py:496} INFO - Filling up the DagBag from /home/airflow/.local/lib/python3.8/site-packages/airflow/example_dags/example_complex.py
[2022-05-22 21:25:34,047] {scheduler_job.py:643} INFO - DAG(s) dict_keys(['example_complex']) retrieved from /home/airflow/.local/lib/python3.8/site-packages/airflow/example_dags/example_complex.py
[2022-05-22 21:25:34,079] {logging_mixin.py:104} INFO - [2022-05-22 21:25:34,079] {dag.py:1833} INFO - Sync 1 DAGs
[2022-05-22 21:25:34,097] {logging_mixin.py:104} INFO - [2022-05-22 21:25:34,097] {dag.py:2306} INFO - Setting next_dagrun for example_complex to None
[2022-05-22 21:25:34,138] {scheduler_job.py:190} INFO - Processing /home/airflow/.local/lib/python3.8/site-packages/airflow/example_dags/example_complex.py took 0.122 seconds
[2022-05-22 21:28:03,582] {scheduler_job.py:182} INFO - Started process (PID=49) to work on /home/airflow/.local/lib/python3.8/site-packages/airflow/example_dags/example_complex.py
[2022-05-22 21:28:03,589] {scheduler_job.py:633} INFO - Processing file /home/airflow/.local/lib/python3.8/site-packages/airflow/example_dags/example_complex.py for tasks to queue
[2022-05-22 21:28:03,592] {logging_mixin.py:104} INFO - [2022-05-22 21:28:03,591] {dagbag.py:496} INFO - Filling up the DagBag from /home/airflow/.local/lib/python3.8/site-packages/airflow/example_dags/example_complex.py
[2022-05-22 21:28:03,623] {scheduler_job.py:643} INFO - DAG(s) dict_keys(['example_complex']) retrieved from /home/airflow/.local/lib/python3.8/site-packages/airflow/example_dags/example_complex.py
[2022-05-22 21:28:03,663] {logging_mixin.py:104} INFO - [2022-05-22 21:28:03,663] {dag.py:1833} INFO - Sync 1 DAGs
[2022-05-22 21:28:03,689] {logging_mixin.py:104} INFO - [2022-05-22 21:28:03,689] {dag.py:2306} INFO - Setting next_dagrun for example_complex to None
[2022-05-22 21:28:03,756] {scheduler_job.py:190} INFO - Processing /home/airflow/.local/lib/python3.8/site-packages/airflow/example_dags/example_complex.py took 0.177 seconds
[2022-05-22 21:28:47,711] {scheduler_job.py:182} INFO - Started process (PID=82) to work on /home/airflow/.local/lib/python3.8/site-packages/airflow/example_dags/example_complex.py
[2022-05-22 21:28:47,719] {scheduler_job.py:633} INFO - Processing file /home/airflow/.local/lib/python3.8/site-packages/airflow/example_dags/example_complex.py for tasks to queue
[2022-05-22 21:28:47,722] {logging_mixin.py:104} INFO - [2022-05-22 21:28:47,721] {dagbag.py:496} INFO - Filling up the DagBag from /home/airflow/.local/lib/python3.8/site-packages/airflow/example_dags/example_complex.py
[2022-05-22 21:28:47,755] {scheduler_job.py:643} INFO - DAG(s) dict_keys(['example_complex']) retrieved from /home/airflow/.local/lib/python3.8/site-packages/airflow/example_dags/example_complex.py
[2022-05-22 21:28:47,791] {logging_mixin.py:104} INFO - [2022-05-22 21:28:47,791] {dag.py:1833} INFO - Sync 1 DAGs
[2022-05-22 21:28:47,816] {logging_mixin.py:104} INFO - [2022-05-22 21:28:47,815] {dag.py:2306} INFO - Setting next_dagrun for example_complex to None
[2022-05-22 21:28:47,965] {scheduler_job.py:190} INFO - Processing /home/airflow/.local/lib/python3.8/site-packages/airflow/example_dags/example_complex.py took 0.259 seconds
[2022-05-22 21:29:46,200] {scheduler_job.py:182} INFO - Started process (PID=126) to work on /home/airflow/.local/lib/python3.8/site-packages/airflow/example_dags/example_complex.py
[2022-05-22 21:29:46,204] {scheduler_job.py:633} INFO - Processing file /home/airflow/.local/lib/python3.8/site-packages/airflow/example_dags/example_complex.py for tasks to queue
[2022-05-22 21:29:46,205] {logging_mixin.py:104} INFO - [2022-05-22 21:29:46,205] {dagbag.py:496} INFO - Filling up the DagBag from /home/airflow/.local/lib/python3.8/site-packages/airflow/example_dags/example_complex.py
[2022-05-22 21:29:46,227] {scheduler_job.py:643} INFO - DAG(s) dict_keys(['example_complex']) retrieved from /home/airflow/.local/lib/python3.8/site-packages/airflow/example_dags/example_complex.py
[2022-05-22 21:29:46,255] {logging_mixin.py:104} INFO - [2022-05-22 21:29:46,255] {dag.py:1833} INFO - Sync 1 DAGs
[2022-05-22 21:29:46,273] {logging_mixin.py:104} INFO - [2022-05-22 21:29:46,273] {dag.py:2306} INFO - Setting next_dagrun for example_complex to None
[2022-05-22 21:29:46,316] {scheduler_job.py:190} INFO - Processing /home/airflow/.local/lib/python3.8/site-packages/airflow/example_dags/example_complex.py took 0.119 seconds
[2022-05-22 21:30:29,479] {scheduler_job.py:182} INFO - Started process (PID=159) to work on /home/airflow/.local/lib/python3.8/site-packages/airflow/example_dags/example_complex.py
[2022-05-22 21:30:29,482] {scheduler_job.py:633} INFO - Processing file /home/airflow/.local/lib/python3.8/site-packages/airflow/example_dags/example_complex.py for tasks to queue
[2022-05-22 21:30:29,483] {logging_mixin.py:104} INFO - [2022-05-22 21:30:29,483] {dagbag.py:496} INFO - Filling up the DagBag from /home/airflow/.local/lib/python3.8/site-packages/airflow/example_dags/example_complex.py
[2022-05-22 21:30:29,507] {scheduler_job.py:643} INFO - DAG(s) dict_keys(['example_complex']) retrieved from /home/airflow/.local/lib/python3.8/site-packages/airflow/example_dags/example_complex.py
[2022-05-22 21:30:29,537] {logging_mixin.py:104} INFO - [2022-05-22 21:30:29,537] {dag.py:1833} INFO - Sync 1 DAGs
[2022-05-22 21:30:29,563] {logging_mixin.py:104} INFO - [2022-05-22 21:30:29,562] {dag.py:2306} INFO - Setting next_dagrun for example_complex to None
[2022-05-22 21:30:29,613] {scheduler_job.py:190} INFO - Processing /home/airflow/.local/lib/python3.8/site-packages/airflow/example_dags/example_complex.py took 0.138 seconds
[2022-05-22 21:31:19,002] {scheduler_job.py:182} INFO - Started process (PID=197) to work on /home/airflow/.local/lib/python3.8/site-packages/airflow/example_dags/example_complex.py
[2022-05-22 21:31:19,006] {scheduler_job.py:633} INFO - Processing file /home/airflow/.local/lib/python3.8/site-packages/airflow/example_dags/example_complex.py for tasks to queue
[2022-05-22 21:31:19,009] {logging_mixin.py:104} INFO - [2022-05-22 21:31:19,009] {dagbag.py:496} INFO - Filling up the DagBag from /home/airflow/.local/lib/python3.8/site-packages/airflow/example_dags/example_complex.py
[2022-05-22 21:31:19,037] {scheduler_job.py:643} INFO - DAG(s) dict_keys(['example_complex']) retrieved from /home/airflow/.local/lib/python3.8/site-packages/airflow/example_dags/example_complex.py
[2022-05-22 21:31:19,074] {logging_mixin.py:104} INFO - [2022-05-22 21:31:19,074] {dag.py:1833} INFO - Sync 1 DAGs
[2022-05-22 21:31:19,100] {logging_mixin.py:104} INFO - [2022-05-22 21:31:19,099] {dag.py:2306} INFO - Setting next_dagrun for example_complex to None
[2022-05-22 21:31:19,162] {scheduler_job.py:190} INFO - Processing /home/airflow/.local/lib/python3.8/site-packages/airflow/example_dags/example_complex.py took 0.165 seconds
[2022-05-22 21:32:03,578] {scheduler_job.py:182} INFO - Started process (PID=233) to work on /home/airflow/.local/lib/python3.8/site-packages/airflow/example_dags/example_complex.py
[2022-05-22 21:32:03,582] {scheduler_job.py:633} INFO - Processing file /home/airflow/.local/lib/python3.8/site-packages/airflow/example_dags/example_complex.py for tasks to queue
[2022-05-22 21:32:03,585] {logging_mixin.py:104} INFO - [2022-05-22 21:32:03,584] {dagbag.py:496} INFO - Filling up the DagBag from /home/airflow/.local/lib/python3.8/site-packages/airflow/example_dags/example_complex.py
[2022-05-22 21:32:03,610] {scheduler_job.py:643} INFO - DAG(s) dict_keys(['example_complex']) retrieved from /home/airflow/.local/lib/python3.8/site-packages/airflow/example_dags/example_complex.py
[2022-05-22 21:32:03,641] {logging_mixin.py:104} INFO - [2022-05-22 21:32:03,641] {dag.py:1833} INFO - Sync 1 DAGs
[2022-05-22 21:32:03,659] {logging_mixin.py:104} INFO - [2022-05-22 21:32:03,659] {dag.py:2306} INFO - Setting next_dagrun for example_complex to None
[2022-05-22 21:32:03,708] {scheduler_job.py:190} INFO - Processing /home/airflow/.local/lib/python3.8/site-packages/airflow/example_dags/example_complex.py took 0.135 seconds
[2022-05-22 21:36:16,270] {scheduler_job.py:182} INFO - Started process (PID=47) to work on /home/airflow/.local/lib/python3.8/site-packages/airflow/example_dags/example_complex.py
[2022-05-22 21:36:16,274] {scheduler_job.py:633} INFO - Processing file /home/airflow/.local/lib/python3.8/site-packages/airflow/example_dags/example_complex.py for tasks to queue
[2022-05-22 21:36:16,276] {logging_mixin.py:104} INFO - [2022-05-22 21:36:16,276] {dagbag.py:496} INFO - Filling up the DagBag from /home/airflow/.local/lib/python3.8/site-packages/airflow/example_dags/example_complex.py
[2022-05-22 21:36:16,296] {scheduler_job.py:643} INFO - DAG(s) dict_keys(['example_complex']) retrieved from /home/airflow/.local/lib/python3.8/site-packages/airflow/example_dags/example_complex.py
[2022-05-22 21:36:16,327] {logging_mixin.py:104} INFO - [2022-05-22 21:36:16,327] {dag.py:1833} INFO - Sync 1 DAGs
[2022-05-22 21:36:16,345] {logging_mixin.py:104} INFO - [2022-05-22 21:36:16,345] {dag.py:2306} INFO - Setting next_dagrun for example_complex to None
[2022-05-22 21:36:16,394] {scheduler_job.py:190} INFO - Processing /home/airflow/.local/lib/python3.8/site-packages/airflow/example_dags/example_complex.py took 0.126 seconds
[2022-05-22 21:36:58,805] {scheduler_job.py:182} INFO - Started process (PID=80) to work on /home/airflow/.local/lib/python3.8/site-packages/airflow/example_dags/example_complex.py
[2022-05-22 21:36:58,809] {scheduler_job.py:633} INFO - Processing file /home/airflow/.local/lib/python3.8/site-packages/airflow/example_dags/example_complex.py for tasks to queue
[2022-05-22 21:36:58,810] {logging_mixin.py:104} INFO - [2022-05-22 21:36:58,810] {dagbag.py:496} INFO - Filling up the DagBag from /home/airflow/.local/lib/python3.8/site-packages/airflow/example_dags/example_complex.py
[2022-05-22 21:36:58,832] {scheduler_job.py:643} INFO - DAG(s) dict_keys(['example_complex']) retrieved from /home/airflow/.local/lib/python3.8/site-packages/airflow/example_dags/example_complex.py
[2022-05-22 21:36:58,863] {logging_mixin.py:104} INFO - [2022-05-22 21:36:58,863] {dag.py:1833} INFO - Sync 1 DAGs
[2022-05-22 21:36:58,881] {logging_mixin.py:104} INFO - [2022-05-22 21:36:58,881] {dag.py:2306} INFO - Setting next_dagrun for example_complex to None
[2022-05-22 21:36:58,925] {scheduler_job.py:190} INFO - Processing /home/airflow/.local/lib/python3.8/site-packages/airflow/example_dags/example_complex.py took 0.123 seconds
[2022-05-22 21:37:44,215] {scheduler_job.py:182} INFO - Started process (PID=113) to work on /home/airflow/.local/lib/python3.8/site-packages/airflow/example_dags/example_complex.py
[2022-05-22 21:37:44,219] {scheduler_job.py:633} INFO - Processing file /home/airflow/.local/lib/python3.8/site-packages/airflow/example_dags/example_complex.py for tasks to queue
[2022-05-22 21:37:44,223] {logging_mixin.py:104} INFO - [2022-05-22 21:37:44,223] {dagbag.py:496} INFO - Filling up the DagBag from /home/airflow/.local/lib/python3.8/site-packages/airflow/example_dags/example_complex.py
[2022-05-22 21:37:44,266] {scheduler_job.py:643} INFO - DAG(s) dict_keys(['example_complex']) retrieved from /home/airflow/.local/lib/python3.8/site-packages/airflow/example_dags/example_complex.py
[2022-05-22 21:37:44,320] {logging_mixin.py:104} INFO - [2022-05-22 21:37:44,320] {dag.py:1833} INFO - Sync 1 DAGs
[2022-05-22 21:37:44,351] {logging_mixin.py:104} INFO - [2022-05-22 21:37:44,350] {dag.py:2306} INFO - Setting next_dagrun for example_complex to None
[2022-05-22 21:37:44,410] {scheduler_job.py:190} INFO - Processing /home/airflow/.local/lib/python3.8/site-packages/airflow/example_dags/example_complex.py took 0.199 seconds
[2022-05-22 21:38:53,868] {scheduler_job.py:182} INFO - Started process (PID=171) to work on /home/airflow/.local/lib/python3.8/site-packages/airflow/example_dags/example_complex.py
[2022-05-22 21:38:53,871] {scheduler_job.py:633} INFO - Processing file /home/airflow/.local/lib/python3.8/site-packages/airflow/example_dags/example_complex.py for tasks to queue
[2022-05-22 21:38:53,873] {logging_mixin.py:104} INFO - [2022-05-22 21:38:53,873] {dagbag.py:496} INFO - Filling up the DagBag from /home/airflow/.local/lib/python3.8/site-packages/airflow/example_dags/example_complex.py
[2022-05-22 21:38:53,896] {scheduler_job.py:643} INFO - DAG(s) dict_keys(['example_complex']) retrieved from /home/airflow/.local/lib/python3.8/site-packages/airflow/example_dags/example_complex.py
[2022-05-22 21:38:53,927] {logging_mixin.py:104} INFO - [2022-05-22 21:38:53,926] {dag.py:1833} INFO - Sync 1 DAGs
[2022-05-22 21:38:53,946] {logging_mixin.py:104} INFO - [2022-05-22 21:38:53,946] {dag.py:2306} INFO - Setting next_dagrun for example_complex to None
[2022-05-22 21:38:53,993] {scheduler_job.py:190} INFO - Processing /home/airflow/.local/lib/python3.8/site-packages/airflow/example_dags/example_complex.py took 0.127 seconds
[2022-05-22 21:39:41,181] {scheduler_job.py:182} INFO - Started process (PID=209) to work on /home/airflow/.local/lib/python3.8/site-packages/airflow/example_dags/example_complex.py
[2022-05-22 21:39:41,185] {scheduler_job.py:633} INFO - Processing file /home/airflow/.local/lib/python3.8/site-packages/airflow/example_dags/example_complex.py for tasks to queue
[2022-05-22 21:39:41,187] {logging_mixin.py:104} INFO - [2022-05-22 21:39:41,187] {dagbag.py:496} INFO - Filling up the DagBag from /home/airflow/.local/lib/python3.8/site-packages/airflow/example_dags/example_complex.py
[2022-05-22 21:39:41,207] {scheduler_job.py:643} INFO - DAG(s) dict_keys(['example_complex']) retrieved from /home/airflow/.local/lib/python3.8/site-packages/airflow/example_dags/example_complex.py
[2022-05-22 21:39:41,238] {logging_mixin.py:104} INFO - [2022-05-22 21:39:41,238] {dag.py:1833} INFO - Sync 1 DAGs
[2022-05-22 21:39:41,259] {logging_mixin.py:104} INFO - [2022-05-22 21:39:41,259] {dag.py:2306} INFO - Setting next_dagrun for example_complex to None
[2022-05-22 21:39:41,306] {scheduler_job.py:190} INFO - Processing /home/airflow/.local/lib/python3.8/site-packages/airflow/example_dags/example_complex.py took 0.129 seconds
[2022-05-22 21:40:28,226] {scheduler_job.py:182} INFO - Started process (PID=246) to work on /home/airflow/.local/lib/python3.8/site-packages/airflow/example_dags/example_complex.py
[2022-05-22 21:40:28,229] {scheduler_job.py:633} INFO - Processing file /home/airflow/.local/lib/python3.8/site-packages/airflow/example_dags/example_complex.py for tasks to queue
[2022-05-22 21:40:28,231] {logging_mixin.py:104} INFO - [2022-05-22 21:40:28,231] {dagbag.py:496} INFO - Filling up the DagBag from /home/airflow/.local/lib/python3.8/site-packages/airflow/example_dags/example_complex.py
[2022-05-22 21:40:28,254] {scheduler_job.py:643} INFO - DAG(s) dict_keys(['example_complex']) retrieved from /home/airflow/.local/lib/python3.8/site-packages/airflow/example_dags/example_complex.py
[2022-05-22 21:40:28,284] {logging_mixin.py:104} INFO - [2022-05-22 21:40:28,284] {dag.py:1833} INFO - Sync 1 DAGs
[2022-05-22 21:40:28,302] {logging_mixin.py:104} INFO - [2022-05-22 21:40:28,302] {dag.py:2306} INFO - Setting next_dagrun for example_complex to None
[2022-05-22 21:40:28,345] {scheduler_job.py:190} INFO - Processing /home/airflow/.local/lib/python3.8/site-packages/airflow/example_dags/example_complex.py took 0.122 seconds
[2022-05-22 21:46:16,469] {scheduler_job.py:182} INFO - Started process (PID=48) to work on /home/airflow/.local/lib/python3.8/site-packages/airflow/example_dags/example_complex.py
[2022-05-22 21:46:16,472] {scheduler_job.py:633} INFO - Processing file /home/airflow/.local/lib/python3.8/site-packages/airflow/example_dags/example_complex.py for tasks to queue
[2022-05-22 21:46:16,473] {logging_mixin.py:104} INFO - [2022-05-22 21:46:16,473] {dagbag.py:496} INFO - Filling up the DagBag from /home/airflow/.local/lib/python3.8/site-packages/airflow/example_dags/example_complex.py
[2022-05-22 21:46:16,494] {scheduler_job.py:643} INFO - DAG(s) dict_keys(['example_complex']) retrieved from /home/airflow/.local/lib/python3.8/site-packages/airflow/example_dags/example_complex.py
[2022-05-22 21:46:16,525] {logging_mixin.py:104} INFO - [2022-05-22 21:46:16,525] {dag.py:1833} INFO - Sync 1 DAGs
[2022-05-22 21:46:16,543] {logging_mixin.py:104} INFO - [2022-05-22 21:46:16,543] {dag.py:2306} INFO - Setting next_dagrun for example_complex to None
[2022-05-22 21:46:16,586] {scheduler_job.py:190} INFO - Processing /home/airflow/.local/lib/python3.8/site-packages/airflow/example_dags/example_complex.py took 0.120 seconds
[2022-05-22 21:47:00,849] {scheduler_job.py:182} INFO - Started process (PID=81) to work on /home/airflow/.local/lib/python3.8/site-packages/airflow/example_dags/example_complex.py
[2022-05-22 21:47:00,854] {scheduler_job.py:633} INFO - Processing file /home/airflow/.local/lib/python3.8/site-packages/airflow/example_dags/example_complex.py for tasks to queue
[2022-05-22 21:47:00,857] {logging_mixin.py:104} INFO - [2022-05-22 21:47:00,856] {dagbag.py:496} INFO - Filling up the DagBag from /home/airflow/.local/lib/python3.8/site-packages/airflow/example_dags/example_complex.py
[2022-05-22 21:47:00,884] {scheduler_job.py:643} INFO - DAG(s) dict_keys(['example_complex']) retrieved from /home/airflow/.local/lib/python3.8/site-packages/airflow/example_dags/example_complex.py
[2022-05-22 21:47:00,925] {logging_mixin.py:104} INFO - [2022-05-22 21:47:00,925] {dag.py:1833} INFO - Sync 1 DAGs
[2022-05-22 21:47:00,955] {logging_mixin.py:104} INFO - [2022-05-22 21:47:00,955] {dag.py:2306} INFO - Setting next_dagrun for example_complex to None
[2022-05-22 21:47:01,008] {scheduler_job.py:190} INFO - Processing /home/airflow/.local/lib/python3.8/site-packages/airflow/example_dags/example_complex.py took 0.164 seconds
[2022-05-22 21:47:44,031] {scheduler_job.py:182} INFO - Started process (PID=114) to work on /home/airflow/.local/lib/python3.8/site-packages/airflow/example_dags/example_complex.py
[2022-05-22 21:47:44,035] {scheduler_job.py:633} INFO - Processing file /home/airflow/.local/lib/python3.8/site-packages/airflow/example_dags/example_complex.py for tasks to queue
[2022-05-22 21:47:44,037] {logging_mixin.py:104} INFO - [2022-05-22 21:47:44,036] {dagbag.py:496} INFO - Filling up the DagBag from /home/airflow/.local/lib/python3.8/site-packages/airflow/example_dags/example_complex.py
[2022-05-22 21:47:44,059] {scheduler_job.py:643} INFO - DAG(s) dict_keys(['example_complex']) retrieved from /home/airflow/.local/lib/python3.8/site-packages/airflow/example_dags/example_complex.py
[2022-05-22 21:47:44,090] {logging_mixin.py:104} INFO - [2022-05-22 21:47:44,090] {dag.py:1833} INFO - Sync 1 DAGs
[2022-05-22 21:47:44,116] {logging_mixin.py:104} INFO - [2022-05-22 21:47:44,116] {dag.py:2306} INFO - Setting next_dagrun for example_complex to None
[2022-05-22 21:47:44,165] {scheduler_job.py:190} INFO - Processing /home/airflow/.local/lib/python3.8/site-packages/airflow/example_dags/example_complex.py took 0.138 seconds
[2022-05-22 21:48:35,658] {scheduler_job.py:182} INFO - Started process (PID=155) to work on /home/airflow/.local/lib/python3.8/site-packages/airflow/example_dags/example_complex.py
[2022-05-22 21:48:35,661] {scheduler_job.py:633} INFO - Processing file /home/airflow/.local/lib/python3.8/site-packages/airflow/example_dags/example_complex.py for tasks to queue
[2022-05-22 21:48:35,664] {logging_mixin.py:104} INFO - [2022-05-22 21:48:35,663] {dagbag.py:496} INFO - Filling up the DagBag from /home/airflow/.local/lib/python3.8/site-packages/airflow/example_dags/example_complex.py
[2022-05-22 21:48:35,687] {scheduler_job.py:643} INFO - DAG(s) dict_keys(['example_complex']) retrieved from /home/airflow/.local/lib/python3.8/site-packages/airflow/example_dags/example_complex.py
[2022-05-22 21:48:35,718] {logging_mixin.py:104} INFO - [2022-05-22 21:48:35,718] {dag.py:1833} INFO - Sync 1 DAGs
[2022-05-22 21:48:35,745] {logging_mixin.py:104} INFO - [2022-05-22 21:48:35,745] {dag.py:2306} INFO - Setting next_dagrun for example_complex to None
[2022-05-22 21:48:35,787] {scheduler_job.py:190} INFO - Processing /home/airflow/.local/lib/python3.8/site-packages/airflow/example_dags/example_complex.py took 0.133 seconds
[2022-05-22 21:49:21,353] {scheduler_job.py:182} INFO - Started process (PID=191) to work on /home/airflow/.local/lib/python3.8/site-packages/airflow/example_dags/example_complex.py
[2022-05-22 21:49:21,357] {scheduler_job.py:633} INFO - Processing file /home/airflow/.local/lib/python3.8/site-packages/airflow/example_dags/example_complex.py for tasks to queue
[2022-05-22 21:49:21,358] {logging_mixin.py:104} INFO - [2022-05-22 21:49:21,358] {dagbag.py:496} INFO - Filling up the DagBag from /home/airflow/.local/lib/python3.8/site-packages/airflow/example_dags/example_complex.py
[2022-05-22 21:49:21,383] {scheduler_job.py:643} INFO - DAG(s) dict_keys(['example_complex']) retrieved from /home/airflow/.local/lib/python3.8/site-packages/airflow/example_dags/example_complex.py
[2022-05-22 21:49:21,421] {logging_mixin.py:104} INFO - [2022-05-22 21:49:21,421] {dag.py:1833} INFO - Sync 1 DAGs
[2022-05-22 21:49:21,441] {logging_mixin.py:104} INFO - [2022-05-22 21:49:21,441] {dag.py:2306} INFO - Setting next_dagrun for example_complex to None
[2022-05-22 21:49:21,492] {scheduler_job.py:190} INFO - Processing /home/airflow/.local/lib/python3.8/site-packages/airflow/example_dags/example_complex.py took 0.142 seconds
[2022-05-22 21:50:08,839] {scheduler_job.py:182} INFO - Started process (PID=229) to work on /home/airflow/.local/lib/python3.8/site-packages/airflow/example_dags/example_complex.py
[2022-05-22 21:50:08,842] {scheduler_job.py:633} INFO - Processing file /home/airflow/.local/lib/python3.8/site-packages/airflow/example_dags/example_complex.py for tasks to queue
[2022-05-22 21:50:08,843] {logging_mixin.py:104} INFO - [2022-05-22 21:50:08,843] {dagbag.py:496} INFO - Filling up the DagBag from /home/airflow/.local/lib/python3.8/site-packages/airflow/example_dags/example_complex.py
[2022-05-22 21:50:08,865] {scheduler_job.py:643} INFO - DAG(s) dict_keys(['example_complex']) retrieved from /home/airflow/.local/lib/python3.8/site-packages/airflow/example_dags/example_complex.py
[2022-05-22 21:50:08,904] {logging_mixin.py:104} INFO - [2022-05-22 21:50:08,904] {dag.py:1833} INFO - Sync 1 DAGs
[2022-05-22 21:50:08,923] {logging_mixin.py:104} INFO - [2022-05-22 21:50:08,923] {dag.py:2306} INFO - Setting next_dagrun for example_complex to None
[2022-05-22 21:50:08,967] {scheduler_job.py:190} INFO - Processing /home/airflow/.local/lib/python3.8/site-packages/airflow/example_dags/example_complex.py took 0.132 seconds
[2022-05-22 22:02:40,890] {scheduler_job.py:182} INFO - Started process (PID=49) to work on /home/airflow/.local/lib/python3.8/site-packages/airflow/example_dags/example_complex.py
[2022-05-22 22:02:40,895] {scheduler_job.py:633} INFO - Processing file /home/airflow/.local/lib/python3.8/site-packages/airflow/example_dags/example_complex.py for tasks to queue
[2022-05-22 22:02:40,899] {logging_mixin.py:104} INFO - [2022-05-22 22:02:40,898] {dagbag.py:496} INFO - Filling up the DagBag from /home/airflow/.local/lib/python3.8/site-packages/airflow/example_dags/example_complex.py
[2022-05-22 22:02:40,926] {scheduler_job.py:643} INFO - DAG(s) dict_keys(['example_complex']) retrieved from /home/airflow/.local/lib/python3.8/site-packages/airflow/example_dags/example_complex.py
[2022-05-22 22:02:40,969] {logging_mixin.py:104} INFO - [2022-05-22 22:02:40,968] {dag.py:1833} INFO - Sync 1 DAGs
[2022-05-22 22:02:40,992] {logging_mixin.py:104} INFO - [2022-05-22 22:02:40,991] {dag.py:2306} INFO - Setting next_dagrun for example_complex to None
[2022-05-22 22:02:41,044] {scheduler_job.py:190} INFO - Processing /home/airflow/.local/lib/python3.8/site-packages/airflow/example_dags/example_complex.py took 0.160 seconds
[2022-05-22 22:03:28,191] {scheduler_job.py:182} INFO - Started process (PID=86) to work on /home/airflow/.local/lib/python3.8/site-packages/airflow/example_dags/example_complex.py
[2022-05-22 22:03:28,195] {scheduler_job.py:633} INFO - Processing file /home/airflow/.local/lib/python3.8/site-packages/airflow/example_dags/example_complex.py for tasks to queue
[2022-05-22 22:03:28,198] {logging_mixin.py:104} INFO - [2022-05-22 22:03:28,198] {dagbag.py:496} INFO - Filling up the DagBag from /home/airflow/.local/lib/python3.8/site-packages/airflow/example_dags/example_complex.py
[2022-05-22 22:03:28,228] {scheduler_job.py:643} INFO - DAG(s) dict_keys(['example_complex']) retrieved from /home/airflow/.local/lib/python3.8/site-packages/airflow/example_dags/example_complex.py
[2022-05-22 22:03:28,274] {logging_mixin.py:104} INFO - [2022-05-22 22:03:28,274] {dag.py:1833} INFO - Sync 1 DAGs
[2022-05-22 22:03:28,297] {logging_mixin.py:104} INFO - [2022-05-22 22:03:28,297] {dag.py:2306} INFO - Setting next_dagrun for example_complex to None
[2022-05-22 22:03:28,347] {scheduler_job.py:190} INFO - Processing /home/airflow/.local/lib/python3.8/site-packages/airflow/example_dags/example_complex.py took 0.160 seconds
[2022-05-22 22:04:42,357] {scheduler_job.py:182} INFO - Started process (PID=144) to work on /home/airflow/.local/lib/python3.8/site-packages/airflow/example_dags/example_complex.py
[2022-05-22 22:04:42,361] {scheduler_job.py:633} INFO - Processing file /home/airflow/.local/lib/python3.8/site-packages/airflow/example_dags/example_complex.py for tasks to queue
[2022-05-22 22:04:42,364] {logging_mixin.py:104} INFO - [2022-05-22 22:04:42,364] {dagbag.py:496} INFO - Filling up the DagBag from /home/airflow/.local/lib/python3.8/site-packages/airflow/example_dags/example_complex.py
[2022-05-22 22:04:42,390] {scheduler_job.py:643} INFO - DAG(s) dict_keys(['example_complex']) retrieved from /home/airflow/.local/lib/python3.8/site-packages/airflow/example_dags/example_complex.py
[2022-05-22 22:04:42,425] {logging_mixin.py:104} INFO - [2022-05-22 22:04:42,425] {dag.py:1833} INFO - Sync 1 DAGs
[2022-05-22 22:04:42,446] {logging_mixin.py:104} INFO - [2022-05-22 22:04:42,446] {dag.py:2306} INFO - Setting next_dagrun for example_complex to None
[2022-05-22 22:04:42,503] {scheduler_job.py:190} INFO - Processing /home/airflow/.local/lib/python3.8/site-packages/airflow/example_dags/example_complex.py took 0.149 seconds
[2022-05-22 22:05:24,590] {scheduler_job.py:182} INFO - Started process (PID=177) to work on /home/airflow/.local/lib/python3.8/site-packages/airflow/example_dags/example_complex.py
[2022-05-22 22:05:24,592] {scheduler_job.py:633} INFO - Processing file /home/airflow/.local/lib/python3.8/site-packages/airflow/example_dags/example_complex.py for tasks to queue
[2022-05-22 22:05:24,594] {logging_mixin.py:104} INFO - [2022-05-22 22:05:24,594] {dagbag.py:496} INFO - Filling up the DagBag from /home/airflow/.local/lib/python3.8/site-packages/airflow/example_dags/example_complex.py
[2022-05-22 22:05:24,616] {scheduler_job.py:643} INFO - DAG(s) dict_keys(['example_complex']) retrieved from /home/airflow/.local/lib/python3.8/site-packages/airflow/example_dags/example_complex.py
[2022-05-22 22:05:24,648] {logging_mixin.py:104} INFO - [2022-05-22 22:05:24,647] {dag.py:1833} INFO - Sync 1 DAGs
[2022-05-22 22:05:24,668] {logging_mixin.py:104} INFO - [2022-05-22 22:05:24,667] {dag.py:2306} INFO - Setting next_dagrun for example_complex to None
[2022-05-22 22:05:24,718] {scheduler_job.py:190} INFO - Processing /home/airflow/.local/lib/python3.8/site-packages/airflow/example_dags/example_complex.py took 0.132 seconds
[2022-05-22 22:06:07,358] {scheduler_job.py:182} INFO - Started process (PID=210) to work on /home/airflow/.local/lib/python3.8/site-packages/airflow/example_dags/example_complex.py
[2022-05-22 22:06:07,361] {scheduler_job.py:633} INFO - Processing file /home/airflow/.local/lib/python3.8/site-packages/airflow/example_dags/example_complex.py for tasks to queue
[2022-05-22 22:06:07,363] {logging_mixin.py:104} INFO - [2022-05-22 22:06:07,363] {dagbag.py:496} INFO - Filling up the DagBag from /home/airflow/.local/lib/python3.8/site-packages/airflow/example_dags/example_complex.py
[2022-05-22 22:06:07,390] {scheduler_job.py:643} INFO - DAG(s) dict_keys(['example_complex']) retrieved from /home/airflow/.local/lib/python3.8/site-packages/airflow/example_dags/example_complex.py
[2022-05-22 22:06:07,434] {logging_mixin.py:104} INFO - [2022-05-22 22:06:07,434] {dag.py:1833} INFO - Sync 1 DAGs
[2022-05-22 22:06:07,468] {logging_mixin.py:104} INFO - [2022-05-22 22:06:07,468] {dag.py:2306} INFO - Setting next_dagrun for example_complex to None
[2022-05-22 22:06:07,540] {scheduler_job.py:190} INFO - Processing /home/airflow/.local/lib/python3.8/site-packages/airflow/example_dags/example_complex.py took 0.185 seconds
[2022-05-22 22:07:01,374] {scheduler_job.py:182} INFO - Started process (PID=251) to work on /home/airflow/.local/lib/python3.8/site-packages/airflow/example_dags/example_complex.py
[2022-05-22 22:07:01,378] {scheduler_job.py:633} INFO - Processing file /home/airflow/.local/lib/python3.8/site-packages/airflow/example_dags/example_complex.py for tasks to queue
[2022-05-22 22:07:01,380] {logging_mixin.py:104} INFO - [2022-05-22 22:07:01,380] {dagbag.py:496} INFO - Filling up the DagBag from /home/airflow/.local/lib/python3.8/site-packages/airflow/example_dags/example_complex.py
[2022-05-22 22:07:01,406] {scheduler_job.py:643} INFO - DAG(s) dict_keys(['example_complex']) retrieved from /home/airflow/.local/lib/python3.8/site-packages/airflow/example_dags/example_complex.py
[2022-05-22 22:07:01,449] {logging_mixin.py:104} INFO - [2022-05-22 22:07:01,448] {dag.py:1833} INFO - Sync 1 DAGs
[2022-05-22 22:07:01,471] {logging_mixin.py:104} INFO - [2022-05-22 22:07:01,471] {dag.py:2306} INFO - Setting next_dagrun for example_complex to None
[2022-05-22 22:07:01,523] {scheduler_job.py:190} INFO - Processing /home/airflow/.local/lib/python3.8/site-packages/airflow/example_dags/example_complex.py took 0.155 seconds
[2022-05-22 22:07:59,362] {scheduler_job.py:182} INFO - Started process (PID=290) to work on /home/airflow/.local/lib/python3.8/site-packages/airflow/example_dags/example_complex.py
[2022-05-22 22:07:59,370] {scheduler_job.py:633} INFO - Processing file /home/airflow/.local/lib/python3.8/site-packages/airflow/example_dags/example_complex.py for tasks to queue
[2022-05-22 22:07:59,374] {logging_mixin.py:104} INFO - [2022-05-22 22:07:59,374] {dagbag.py:496} INFO - Filling up the DagBag from /home/airflow/.local/lib/python3.8/site-packages/airflow/example_dags/example_complex.py
[2022-05-22 22:07:59,489] {scheduler_job.py:643} INFO - DAG(s) dict_keys(['example_complex']) retrieved from /home/airflow/.local/lib/python3.8/site-packages/airflow/example_dags/example_complex.py
[2022-05-22 22:07:59,588] {logging_mixin.py:104} INFO - [2022-05-22 22:07:59,588] {dag.py:1833} INFO - Sync 1 DAGs
[2022-05-22 22:07:59,705] {logging_mixin.py:104} INFO - [2022-05-22 22:07:59,704] {dag.py:2306} INFO - Setting next_dagrun for example_complex to None
[2022-05-22 22:07:59,872] {scheduler_job.py:190} INFO - Processing /home/airflow/.local/lib/python3.8/site-packages/airflow/example_dags/example_complex.py took 0.521 seconds
[2022-05-22 22:08:45,795] {scheduler_job.py:182} INFO - Started process (PID=325) to work on /home/airflow/.local/lib/python3.8/site-packages/airflow/example_dags/example_complex.py
[2022-05-22 22:08:45,799] {scheduler_job.py:633} INFO - Processing file /home/airflow/.local/lib/python3.8/site-packages/airflow/example_dags/example_complex.py for tasks to queue
[2022-05-22 22:08:45,800] {logging_mixin.py:104} INFO - [2022-05-22 22:08:45,800] {dagbag.py:496} INFO - Filling up the DagBag from /home/airflow/.local/lib/python3.8/site-packages/airflow/example_dags/example_complex.py
[2022-05-22 22:08:45,835] {scheduler_job.py:643} INFO - DAG(s) dict_keys(['example_complex']) retrieved from /home/airflow/.local/lib/python3.8/site-packages/airflow/example_dags/example_complex.py
[2022-05-22 22:08:45,898] {logging_mixin.py:104} INFO - [2022-05-22 22:08:45,898] {dag.py:1833} INFO - Sync 1 DAGs
[2022-05-22 22:08:45,933] {logging_mixin.py:104} INFO - [2022-05-22 22:08:45,932] {dag.py:2306} INFO - Setting next_dagrun for example_complex to None
[2022-05-22 22:08:45,998] {scheduler_job.py:190} INFO - Processing /home/airflow/.local/lib/python3.8/site-packages/airflow/example_dags/example_complex.py took 0.207 seconds
[2022-05-22 22:09:30,894] {scheduler_job.py:182} INFO - Started process (PID=362) to work on /home/airflow/.local/lib/python3.8/site-packages/airflow/example_dags/example_complex.py
[2022-05-22 22:09:30,897] {scheduler_job.py:633} INFO - Processing file /home/airflow/.local/lib/python3.8/site-packages/airflow/example_dags/example_complex.py for tasks to queue
[2022-05-22 22:09:30,899] {logging_mixin.py:104} INFO - [2022-05-22 22:09:30,899] {dagbag.py:496} INFO - Filling up the DagBag from /home/airflow/.local/lib/python3.8/site-packages/airflow/example_dags/example_complex.py
[2022-05-22 22:09:30,928] {scheduler_job.py:643} INFO - DAG(s) dict_keys(['example_complex']) retrieved from /home/airflow/.local/lib/python3.8/site-packages/airflow/example_dags/example_complex.py
[2022-05-22 22:09:30,966] {logging_mixin.py:104} INFO - [2022-05-22 22:09:30,966] {dag.py:1833} INFO - Sync 1 DAGs
[2022-05-22 22:09:31,000] {logging_mixin.py:104} INFO - [2022-05-22 22:09:31,000] {dag.py:2306} INFO - Setting next_dagrun for example_complex to None
[2022-05-22 22:09:31,061] {scheduler_job.py:190} INFO - Processing /home/airflow/.local/lib/python3.8/site-packages/airflow/example_dags/example_complex.py took 0.171 seconds
[2022-05-22 22:13:31,996] {scheduler_job.py:182} INFO - Started process (PID=59) to work on /home/airflow/.local/lib/python3.8/site-packages/airflow/example_dags/example_complex.py
[2022-05-22 22:13:31,999] {scheduler_job.py:633} INFO - Processing file /home/airflow/.local/lib/python3.8/site-packages/airflow/example_dags/example_complex.py for tasks to queue
[2022-05-22 22:13:32,001] {logging_mixin.py:104} INFO - [2022-05-22 22:13:32,001] {dagbag.py:496} INFO - Filling up the DagBag from /home/airflow/.local/lib/python3.8/site-packages/airflow/example_dags/example_complex.py
[2022-05-22 22:13:32,026] {scheduler_job.py:643} INFO - DAG(s) dict_keys(['example_complex']) retrieved from /home/airflow/.local/lib/python3.8/site-packages/airflow/example_dags/example_complex.py
[2022-05-22 22:13:32,069] {logging_mixin.py:104} INFO - [2022-05-22 22:13:32,069] {dag.py:1833} INFO - Sync 1 DAGs
[2022-05-22 22:13:32,128] {logging_mixin.py:104} INFO - [2022-05-22 22:13:32,127] {dag.py:2306} INFO - Setting next_dagrun for example_complex to None
[2022-05-22 22:13:32,384] {scheduler_job.py:190} INFO - Processing /home/airflow/.local/lib/python3.8/site-packages/airflow/example_dags/example_complex.py took 0.393 seconds
[2022-05-22 22:14:24,373] {scheduler_job.py:182} INFO - Started process (PID=102) to work on /home/airflow/.local/lib/python3.8/site-packages/airflow/example_dags/example_complex.py
[2022-05-22 22:14:24,376] {scheduler_job.py:633} INFO - Processing file /home/airflow/.local/lib/python3.8/site-packages/airflow/example_dags/example_complex.py for tasks to queue
[2022-05-22 22:14:24,378] {logging_mixin.py:104} INFO - [2022-05-22 22:14:24,378] {dagbag.py:496} INFO - Filling up the DagBag from /home/airflow/.local/lib/python3.8/site-packages/airflow/example_dags/example_complex.py
[2022-05-22 22:14:24,402] {scheduler_job.py:643} INFO - DAG(s) dict_keys(['example_complex']) retrieved from /home/airflow/.local/lib/python3.8/site-packages/airflow/example_dags/example_complex.py
[2022-05-22 22:14:24,444] {logging_mixin.py:104} INFO - [2022-05-22 22:14:24,444] {dag.py:1833} INFO - Sync 1 DAGs
[2022-05-22 22:14:24,470] {logging_mixin.py:104} INFO - [2022-05-22 22:14:24,470] {dag.py:2306} INFO - Setting next_dagrun for example_complex to None
[2022-05-22 22:14:24,518] {scheduler_job.py:190} INFO - Processing /home/airflow/.local/lib/python3.8/site-packages/airflow/example_dags/example_complex.py took 0.149 seconds
[2022-05-22 22:15:06,283] {scheduler_job.py:182} INFO - Started process (PID=135) to work on /home/airflow/.local/lib/python3.8/site-packages/airflow/example_dags/example_complex.py
[2022-05-22 22:15:06,286] {scheduler_job.py:633} INFO - Processing file /home/airflow/.local/lib/python3.8/site-packages/airflow/example_dags/example_complex.py for tasks to queue
[2022-05-22 22:15:06,288] {logging_mixin.py:104} INFO - [2022-05-22 22:15:06,288] {dagbag.py:496} INFO - Filling up the DagBag from /home/airflow/.local/lib/python3.8/site-packages/airflow/example_dags/example_complex.py
[2022-05-22 22:15:06,311] {scheduler_job.py:643} INFO - DAG(s) dict_keys(['example_complex']) retrieved from /home/airflow/.local/lib/python3.8/site-packages/airflow/example_dags/example_complex.py
[2022-05-22 22:15:06,341] {logging_mixin.py:104} INFO - [2022-05-22 22:15:06,341] {dag.py:1833} INFO - Sync 1 DAGs
[2022-05-22 22:15:06,360] {logging_mixin.py:104} INFO - [2022-05-22 22:15:06,360] {dag.py:2306} INFO - Setting next_dagrun for example_complex to None
[2022-05-22 22:15:06,411] {scheduler_job.py:190} INFO - Processing /home/airflow/.local/lib/python3.8/site-packages/airflow/example_dags/example_complex.py took 0.133 seconds
[2022-05-22 22:15:54,797] {scheduler_job.py:182} INFO - Started process (PID=173) to work on /home/airflow/.local/lib/python3.8/site-packages/airflow/example_dags/example_complex.py
[2022-05-22 22:15:54,800] {scheduler_job.py:633} INFO - Processing file /home/airflow/.local/lib/python3.8/site-packages/airflow/example_dags/example_complex.py for tasks to queue
[2022-05-22 22:15:54,803] {logging_mixin.py:104} INFO - [2022-05-22 22:15:54,803] {dagbag.py:496} INFO - Filling up the DagBag from /home/airflow/.local/lib/python3.8/site-packages/airflow/example_dags/example_complex.py
[2022-05-22 22:15:54,826] {scheduler_job.py:643} INFO - DAG(s) dict_keys(['example_complex']) retrieved from /home/airflow/.local/lib/python3.8/site-packages/airflow/example_dags/example_complex.py
[2022-05-22 22:15:54,858] {logging_mixin.py:104} INFO - [2022-05-22 22:15:54,858] {dag.py:1833} INFO - Sync 1 DAGs
[2022-05-22 22:15:54,878] {logging_mixin.py:104} INFO - [2022-05-22 22:15:54,878] {dag.py:2306} INFO - Setting next_dagrun for example_complex to None
[2022-05-22 22:15:54,926] {scheduler_job.py:190} INFO - Processing /home/airflow/.local/lib/python3.8/site-packages/airflow/example_dags/example_complex.py took 0.132 seconds
[2022-05-22 22:19:22,424] {scheduler_job.py:182} INFO - Started process (PID=68) to work on /home/airflow/.local/lib/python3.8/site-packages/airflow/example_dags/example_complex.py
[2022-05-22 22:19:22,429] {scheduler_job.py:633} INFO - Processing file /home/airflow/.local/lib/python3.8/site-packages/airflow/example_dags/example_complex.py for tasks to queue
[2022-05-22 22:19:22,431] {logging_mixin.py:104} INFO - [2022-05-22 22:19:22,430] {dagbag.py:496} INFO - Filling up the DagBag from /home/airflow/.local/lib/python3.8/site-packages/airflow/example_dags/example_complex.py
[2022-05-22 22:19:22,487] {scheduler_job.py:643} INFO - DAG(s) dict_keys(['example_complex']) retrieved from /home/airflow/.local/lib/python3.8/site-packages/airflow/example_dags/example_complex.py
[2022-05-22 22:19:22,538] {logging_mixin.py:104} INFO - [2022-05-22 22:19:22,538] {dag.py:1833} INFO - Sync 1 DAGs
[2022-05-22 22:19:22,601] {logging_mixin.py:104} INFO - [2022-05-22 22:19:22,601] {dag.py:2306} INFO - Setting next_dagrun for example_complex to None
[2022-05-22 22:19:22,739] {scheduler_job.py:190} INFO - Processing /home/airflow/.local/lib/python3.8/site-packages/airflow/example_dags/example_complex.py took 0.320 seconds
