[2022-05-22 20:46:16,157] {scheduler_job.py:182} INFO - Started process (PID=39) to work on /home/airflow/.local/lib/python3.8/site-packages/airflow/example_dags/tutorial.py
[2022-05-22 20:46:16,160] {scheduler_job.py:633} INFO - Processing file /home/airflow/.local/lib/python3.8/site-packages/airflow/example_dags/tutorial.py for tasks to queue
[2022-05-22 20:46:16,162] {logging_mixin.py:104} INFO - [2022-05-22 20:46:16,162] {dagbag.py:496} INFO - Filling up the DagBag from /home/airflow/.local/lib/python3.8/site-packages/airflow/example_dags/tutorial.py
[2022-05-22 20:46:16,177] {scheduler_job.py:643} INFO - DAG(s) dict_keys(['tutorial']) retrieved from /home/airflow/.local/lib/python3.8/site-packages/airflow/example_dags/tutorial.py
[2022-05-22 20:46:16,207] {logging_mixin.py:104} INFO - [2022-05-22 20:46:16,206] {dag.py:1833} INFO - Sync 1 DAGs
[2022-05-22 20:46:16,227] {logging_mixin.py:104} INFO - [2022-05-22 20:46:16,227] {dag.py:2306} INFO - Setting next_dagrun for tutorial to 2022-05-20 00:00:00+00:00
[2022-05-22 20:46:16,276] {scheduler_job.py:190} INFO - Processing /home/airflow/.local/lib/python3.8/site-packages/airflow/example_dags/tutorial.py took 0.124 seconds
[2022-05-22 20:46:56,922] {scheduler_job.py:182} INFO - Started process (PID=70) to work on /home/airflow/.local/lib/python3.8/site-packages/airflow/example_dags/tutorial.py
[2022-05-22 20:46:56,926] {scheduler_job.py:633} INFO - Processing file /home/airflow/.local/lib/python3.8/site-packages/airflow/example_dags/tutorial.py for tasks to queue
[2022-05-22 20:46:56,928] {logging_mixin.py:104} INFO - [2022-05-22 20:46:56,928] {dagbag.py:496} INFO - Filling up the DagBag from /home/airflow/.local/lib/python3.8/site-packages/airflow/example_dags/tutorial.py
[2022-05-22 20:46:56,941] {scheduler_job.py:643} INFO - DAG(s) dict_keys(['tutorial']) retrieved from /home/airflow/.local/lib/python3.8/site-packages/airflow/example_dags/tutorial.py
[2022-05-22 20:46:56,964] {logging_mixin.py:104} INFO - [2022-05-22 20:46:56,964] {dag.py:1833} INFO - Sync 1 DAGs
[2022-05-22 20:46:56,996] {logging_mixin.py:104} INFO - [2022-05-22 20:46:56,996] {dag.py:2306} INFO - Setting next_dagrun for tutorial to 2022-05-20 00:00:00+00:00
[2022-05-22 20:46:57,051] {scheduler_job.py:190} INFO - Processing /home/airflow/.local/lib/python3.8/site-packages/airflow/example_dags/tutorial.py took 0.131 seconds
[2022-05-22 20:47:41,666] {scheduler_job.py:182} INFO - Started process (PID=101) to work on /home/airflow/.local/lib/python3.8/site-packages/airflow/example_dags/tutorial.py
[2022-05-22 20:47:41,671] {scheduler_job.py:633} INFO - Processing file /home/airflow/.local/lib/python3.8/site-packages/airflow/example_dags/tutorial.py for tasks to queue
[2022-05-22 20:47:41,673] {logging_mixin.py:104} INFO - [2022-05-22 20:47:41,672] {dagbag.py:496} INFO - Filling up the DagBag from /home/airflow/.local/lib/python3.8/site-packages/airflow/example_dags/tutorial.py
[2022-05-22 20:47:41,690] {scheduler_job.py:643} INFO - DAG(s) dict_keys(['tutorial']) retrieved from /home/airflow/.local/lib/python3.8/site-packages/airflow/example_dags/tutorial.py
[2022-05-22 20:47:41,725] {logging_mixin.py:104} INFO - [2022-05-22 20:47:41,725] {dag.py:1833} INFO - Sync 1 DAGs
[2022-05-22 20:47:41,757] {logging_mixin.py:104} INFO - [2022-05-22 20:47:41,757] {dag.py:2306} INFO - Setting next_dagrun for tutorial to 2022-05-20 00:00:00+00:00
[2022-05-22 20:47:41,835] {scheduler_job.py:190} INFO - Processing /home/airflow/.local/lib/python3.8/site-packages/airflow/example_dags/tutorial.py took 0.174 seconds
[2022-05-22 20:48:21,820] {scheduler_job.py:182} INFO - Started process (PID=132) to work on /home/airflow/.local/lib/python3.8/site-packages/airflow/example_dags/tutorial.py
[2022-05-22 20:48:21,825] {scheduler_job.py:633} INFO - Processing file /home/airflow/.local/lib/python3.8/site-packages/airflow/example_dags/tutorial.py for tasks to queue
[2022-05-22 20:48:21,827] {logging_mixin.py:104} INFO - [2022-05-22 20:48:21,827] {dagbag.py:496} INFO - Filling up the DagBag from /home/airflow/.local/lib/python3.8/site-packages/airflow/example_dags/tutorial.py
[2022-05-22 20:48:21,842] {scheduler_job.py:643} INFO - DAG(s) dict_keys(['tutorial']) retrieved from /home/airflow/.local/lib/python3.8/site-packages/airflow/example_dags/tutorial.py
[2022-05-22 20:48:21,869] {logging_mixin.py:104} INFO - [2022-05-22 20:48:21,868] {dag.py:1833} INFO - Sync 1 DAGs
[2022-05-22 20:48:21,889] {logging_mixin.py:104} INFO - [2022-05-22 20:48:21,889] {dag.py:2306} INFO - Setting next_dagrun for tutorial to 2022-05-20 00:00:00+00:00
[2022-05-22 20:48:21,943] {scheduler_job.py:190} INFO - Processing /home/airflow/.local/lib/python3.8/site-packages/airflow/example_dags/tutorial.py took 0.127 seconds
[2022-05-22 20:49:21,014] {scheduler_job.py:182} INFO - Started process (PID=164) to work on /home/airflow/.local/lib/python3.8/site-packages/airflow/example_dags/tutorial.py
[2022-05-22 20:49:21,019] {scheduler_job.py:633} INFO - Processing file /home/airflow/.local/lib/python3.8/site-packages/airflow/example_dags/tutorial.py for tasks to queue
[2022-05-22 20:49:21,021] {logging_mixin.py:104} INFO - [2022-05-22 20:49:21,021] {dagbag.py:496} INFO - Filling up the DagBag from /home/airflow/.local/lib/python3.8/site-packages/airflow/example_dags/tutorial.py
[2022-05-22 20:49:21,043] {scheduler_job.py:643} INFO - DAG(s) dict_keys(['tutorial']) retrieved from /home/airflow/.local/lib/python3.8/site-packages/airflow/example_dags/tutorial.py
[2022-05-22 20:49:21,101] {logging_mixin.py:104} INFO - [2022-05-22 20:49:21,100] {dag.py:1833} INFO - Sync 1 DAGs
[2022-05-22 20:49:21,148] {logging_mixin.py:104} INFO - [2022-05-22 20:49:21,148] {dag.py:2306} INFO - Setting next_dagrun for tutorial to 2022-05-20 00:00:00+00:00
[2022-05-22 20:49:21,245] {scheduler_job.py:190} INFO - Processing /home/airflow/.local/lib/python3.8/site-packages/airflow/example_dags/tutorial.py took 0.237 seconds
[2022-05-22 20:50:07,703] {scheduler_job.py:182} INFO - Started process (PID=194) to work on /home/airflow/.local/lib/python3.8/site-packages/airflow/example_dags/tutorial.py
[2022-05-22 20:50:07,709] {scheduler_job.py:633} INFO - Processing file /home/airflow/.local/lib/python3.8/site-packages/airflow/example_dags/tutorial.py for tasks to queue
[2022-05-22 20:50:07,712] {logging_mixin.py:104} INFO - [2022-05-22 20:50:07,712] {dagbag.py:496} INFO - Filling up the DagBag from /home/airflow/.local/lib/python3.8/site-packages/airflow/example_dags/tutorial.py
[2022-05-22 20:50:07,736] {scheduler_job.py:643} INFO - DAG(s) dict_keys(['tutorial']) retrieved from /home/airflow/.local/lib/python3.8/site-packages/airflow/example_dags/tutorial.py
[2022-05-22 20:50:07,788] {logging_mixin.py:104} INFO - [2022-05-22 20:50:07,788] {dag.py:1833} INFO - Sync 1 DAGs
[2022-05-22 20:50:07,836] {logging_mixin.py:104} INFO - [2022-05-22 20:50:07,835] {dag.py:2306} INFO - Setting next_dagrun for tutorial to 2022-05-20 00:00:00+00:00
[2022-05-22 20:50:07,939] {scheduler_job.py:190} INFO - Processing /home/airflow/.local/lib/python3.8/site-packages/airflow/example_dags/tutorial.py took 0.240 seconds
[2022-05-22 20:50:55,906] {scheduler_job.py:182} INFO - Started process (PID=226) to work on /home/airflow/.local/lib/python3.8/site-packages/airflow/example_dags/tutorial.py
[2022-05-22 20:50:55,912] {scheduler_job.py:633} INFO - Processing file /home/airflow/.local/lib/python3.8/site-packages/airflow/example_dags/tutorial.py for tasks to queue
[2022-05-22 20:50:55,915] {logging_mixin.py:104} INFO - [2022-05-22 20:50:55,914] {dagbag.py:496} INFO - Filling up the DagBag from /home/airflow/.local/lib/python3.8/site-packages/airflow/example_dags/tutorial.py
[2022-05-22 20:50:55,936] {scheduler_job.py:643} INFO - DAG(s) dict_keys(['tutorial']) retrieved from /home/airflow/.local/lib/python3.8/site-packages/airflow/example_dags/tutorial.py
[2022-05-22 20:50:55,977] {logging_mixin.py:104} INFO - [2022-05-22 20:50:55,977] {dag.py:1833} INFO - Sync 1 DAGs
[2022-05-22 20:50:56,004] {logging_mixin.py:104} INFO - [2022-05-22 20:50:56,004] {dag.py:2306} INFO - Setting next_dagrun for tutorial to 2022-05-20 00:00:00+00:00
[2022-05-22 20:50:56,080] {scheduler_job.py:190} INFO - Processing /home/airflow/.local/lib/python3.8/site-packages/airflow/example_dags/tutorial.py took 0.177 seconds
[2022-05-22 20:51:43,747] {scheduler_job.py:182} INFO - Started process (PID=259) to work on /home/airflow/.local/lib/python3.8/site-packages/airflow/example_dags/tutorial.py
[2022-05-22 20:51:43,751] {scheduler_job.py:633} INFO - Processing file /home/airflow/.local/lib/python3.8/site-packages/airflow/example_dags/tutorial.py for tasks to queue
[2022-05-22 20:51:43,753] {logging_mixin.py:104} INFO - [2022-05-22 20:51:43,753] {dagbag.py:496} INFO - Filling up the DagBag from /home/airflow/.local/lib/python3.8/site-packages/airflow/example_dags/tutorial.py
[2022-05-22 20:51:43,771] {scheduler_job.py:643} INFO - DAG(s) dict_keys(['tutorial']) retrieved from /home/airflow/.local/lib/python3.8/site-packages/airflow/example_dags/tutorial.py
[2022-05-22 20:51:43,816] {logging_mixin.py:104} INFO - [2022-05-22 20:51:43,816] {dag.py:1833} INFO - Sync 1 DAGs
[2022-05-22 20:51:43,846] {logging_mixin.py:104} INFO - [2022-05-22 20:51:43,846] {dag.py:2306} INFO - Setting next_dagrun for tutorial to 2022-05-20 00:00:00+00:00
[2022-05-22 20:51:43,918] {scheduler_job.py:190} INFO - Processing /home/airflow/.local/lib/python3.8/site-packages/airflow/example_dags/tutorial.py took 0.177 seconds
[2022-05-22 21:24:37,330] {scheduler_job.py:182} INFO - Started process (PID=41) to work on /home/airflow/.local/lib/python3.8/site-packages/airflow/example_dags/tutorial.py
[2022-05-22 21:24:37,333] {scheduler_job.py:633} INFO - Processing file /home/airflow/.local/lib/python3.8/site-packages/airflow/example_dags/tutorial.py for tasks to queue
[2022-05-22 21:24:37,335] {logging_mixin.py:104} INFO - [2022-05-22 21:24:37,335] {dagbag.py:496} INFO - Filling up the DagBag from /home/airflow/.local/lib/python3.8/site-packages/airflow/example_dags/tutorial.py
[2022-05-22 21:24:37,354] {scheduler_job.py:643} INFO - DAG(s) dict_keys(['tutorial']) retrieved from /home/airflow/.local/lib/python3.8/site-packages/airflow/example_dags/tutorial.py
[2022-05-22 21:24:37,378] {logging_mixin.py:104} INFO - [2022-05-22 21:24:37,378] {dag.py:1833} INFO - Sync 1 DAGs
[2022-05-22 21:24:37,401] {logging_mixin.py:104} INFO - [2022-05-22 21:24:37,401] {dag.py:2306} INFO - Setting next_dagrun for tutorial to 2022-05-20 00:00:00+00:00
[2022-05-22 21:24:37,450] {scheduler_job.py:190} INFO - Processing /home/airflow/.local/lib/python3.8/site-packages/airflow/example_dags/tutorial.py took 0.123 seconds
[2022-05-22 21:25:25,962] {scheduler_job.py:182} INFO - Started process (PID=74) to work on /home/airflow/.local/lib/python3.8/site-packages/airflow/example_dags/tutorial.py
[2022-05-22 21:25:25,966] {scheduler_job.py:633} INFO - Processing file /home/airflow/.local/lib/python3.8/site-packages/airflow/example_dags/tutorial.py for tasks to queue
[2022-05-22 21:25:25,968] {logging_mixin.py:104} INFO - [2022-05-22 21:25:25,968] {dagbag.py:496} INFO - Filling up the DagBag from /home/airflow/.local/lib/python3.8/site-packages/airflow/example_dags/tutorial.py
[2022-05-22 21:25:25,996] {scheduler_job.py:643} INFO - DAG(s) dict_keys(['tutorial']) retrieved from /home/airflow/.local/lib/python3.8/site-packages/airflow/example_dags/tutorial.py
[2022-05-22 21:25:26,033] {logging_mixin.py:104} INFO - [2022-05-22 21:25:26,033] {dag.py:1833} INFO - Sync 1 DAGs
[2022-05-22 21:25:26,061] {logging_mixin.py:104} INFO - [2022-05-22 21:25:26,061] {dag.py:2306} INFO - Setting next_dagrun for tutorial to 2022-05-20 00:00:00+00:00
[2022-05-22 21:25:26,104] {scheduler_job.py:190} INFO - Processing /home/airflow/.local/lib/python3.8/site-packages/airflow/example_dags/tutorial.py took 0.147 seconds
[2022-05-22 21:27:55,515] {scheduler_job.py:182} INFO - Started process (PID=42) to work on /home/airflow/.local/lib/python3.8/site-packages/airflow/example_dags/tutorial.py
[2022-05-22 21:27:55,520] {scheduler_job.py:633} INFO - Processing file /home/airflow/.local/lib/python3.8/site-packages/airflow/example_dags/tutorial.py for tasks to queue
[2022-05-22 21:27:55,522] {logging_mixin.py:104} INFO - [2022-05-22 21:27:55,522] {dagbag.py:496} INFO - Filling up the DagBag from /home/airflow/.local/lib/python3.8/site-packages/airflow/example_dags/tutorial.py
[2022-05-22 21:27:55,546] {scheduler_job.py:643} INFO - DAG(s) dict_keys(['tutorial']) retrieved from /home/airflow/.local/lib/python3.8/site-packages/airflow/example_dags/tutorial.py
[2022-05-22 21:27:55,575] {logging_mixin.py:104} INFO - [2022-05-22 21:27:55,575] {dag.py:1833} INFO - Sync 1 DAGs
[2022-05-22 21:27:55,603] {logging_mixin.py:104} INFO - [2022-05-22 21:27:55,603] {dag.py:2306} INFO - Setting next_dagrun for tutorial to 2022-05-20 00:00:00+00:00
[2022-05-22 21:27:55,664] {scheduler_job.py:190} INFO - Processing /home/airflow/.local/lib/python3.8/site-packages/airflow/example_dags/tutorial.py took 0.156 seconds
[2022-05-22 21:28:37,653] {scheduler_job.py:182} INFO - Started process (PID=75) to work on /home/airflow/.local/lib/python3.8/site-packages/airflow/example_dags/tutorial.py
[2022-05-22 21:28:37,659] {scheduler_job.py:633} INFO - Processing file /home/airflow/.local/lib/python3.8/site-packages/airflow/example_dags/tutorial.py for tasks to queue
[2022-05-22 21:28:37,660] {logging_mixin.py:104} INFO - [2022-05-22 21:28:37,660] {dagbag.py:496} INFO - Filling up the DagBag from /home/airflow/.local/lib/python3.8/site-packages/airflow/example_dags/tutorial.py
[2022-05-22 21:28:37,678] {scheduler_job.py:643} INFO - DAG(s) dict_keys(['tutorial']) retrieved from /home/airflow/.local/lib/python3.8/site-packages/airflow/example_dags/tutorial.py
[2022-05-22 21:28:37,711] {logging_mixin.py:104} INFO - [2022-05-22 21:28:37,711] {dag.py:1833} INFO - Sync 1 DAGs
[2022-05-22 21:28:37,738] {logging_mixin.py:104} INFO - [2022-05-22 21:28:37,737] {dag.py:2306} INFO - Setting next_dagrun for tutorial to 2022-05-20 00:00:00+00:00
[2022-05-22 21:28:37,800] {scheduler_job.py:190} INFO - Processing /home/airflow/.local/lib/python3.8/site-packages/airflow/example_dags/tutorial.py took 0.152 seconds
[2022-05-22 21:29:28,438] {scheduler_job.py:182} INFO - Started process (PID=112) to work on /home/airflow/.local/lib/python3.8/site-packages/airflow/example_dags/tutorial.py
[2022-05-22 21:29:28,442] {scheduler_job.py:633} INFO - Processing file /home/airflow/.local/lib/python3.8/site-packages/airflow/example_dags/tutorial.py for tasks to queue
[2022-05-22 21:29:28,445] {logging_mixin.py:104} INFO - [2022-05-22 21:29:28,444] {dagbag.py:496} INFO - Filling up the DagBag from /home/airflow/.local/lib/python3.8/site-packages/airflow/example_dags/tutorial.py
[2022-05-22 21:29:28,466] {scheduler_job.py:643} INFO - DAG(s) dict_keys(['tutorial']) retrieved from /home/airflow/.local/lib/python3.8/site-packages/airflow/example_dags/tutorial.py
[2022-05-22 21:29:28,491] {logging_mixin.py:104} INFO - [2022-05-22 21:29:28,491] {dag.py:1833} INFO - Sync 1 DAGs
[2022-05-22 21:29:28,513] {logging_mixin.py:104} INFO - [2022-05-22 21:29:28,513] {dag.py:2306} INFO - Setting next_dagrun for tutorial to 2022-05-20 00:00:00+00:00
[2022-05-22 21:29:28,560] {scheduler_job.py:190} INFO - Processing /home/airflow/.local/lib/python3.8/site-packages/airflow/example_dags/tutorial.py took 0.129 seconds
[2022-05-22 21:30:13,591] {scheduler_job.py:182} INFO - Started process (PID=145) to work on /home/airflow/.local/lib/python3.8/site-packages/airflow/example_dags/tutorial.py
[2022-05-22 21:30:13,595] {scheduler_job.py:633} INFO - Processing file /home/airflow/.local/lib/python3.8/site-packages/airflow/example_dags/tutorial.py for tasks to queue
[2022-05-22 21:30:13,597] {logging_mixin.py:104} INFO - [2022-05-22 21:30:13,597] {dagbag.py:496} INFO - Filling up the DagBag from /home/airflow/.local/lib/python3.8/site-packages/airflow/example_dags/tutorial.py
[2022-05-22 21:30:13,611] {scheduler_job.py:643} INFO - DAG(s) dict_keys(['tutorial']) retrieved from /home/airflow/.local/lib/python3.8/site-packages/airflow/example_dags/tutorial.py
[2022-05-22 21:30:13,643] {logging_mixin.py:104} INFO - [2022-05-22 21:30:13,643] {dag.py:1833} INFO - Sync 1 DAGs
[2022-05-22 21:30:13,673] {logging_mixin.py:104} INFO - [2022-05-22 21:30:13,673] {dag.py:2306} INFO - Setting next_dagrun for tutorial to 2022-05-20 00:00:00+00:00
[2022-05-22 21:30:13,725] {scheduler_job.py:190} INFO - Processing /home/airflow/.local/lib/python3.8/site-packages/airflow/example_dags/tutorial.py took 0.137 seconds
[2022-05-22 21:30:55,588] {scheduler_job.py:182} INFO - Started process (PID=178) to work on /home/airflow/.local/lib/python3.8/site-packages/airflow/example_dags/tutorial.py
[2022-05-22 21:30:55,596] {scheduler_job.py:633} INFO - Processing file /home/airflow/.local/lib/python3.8/site-packages/airflow/example_dags/tutorial.py for tasks to queue
[2022-05-22 21:30:55,599] {logging_mixin.py:104} INFO - [2022-05-22 21:30:55,598] {dagbag.py:496} INFO - Filling up the DagBag from /home/airflow/.local/lib/python3.8/site-packages/airflow/example_dags/tutorial.py
[2022-05-22 21:30:55,613] {scheduler_job.py:643} INFO - DAG(s) dict_keys(['tutorial']) retrieved from /home/airflow/.local/lib/python3.8/site-packages/airflow/example_dags/tutorial.py
[2022-05-22 21:30:55,637] {logging_mixin.py:104} INFO - [2022-05-22 21:30:55,636] {dag.py:1833} INFO - Sync 1 DAGs
[2022-05-22 21:30:55,657] {logging_mixin.py:104} INFO - [2022-05-22 21:30:55,657] {dag.py:2306} INFO - Setting next_dagrun for tutorial to 2022-05-20 00:00:00+00:00
[2022-05-22 21:30:55,706] {scheduler_job.py:190} INFO - Processing /home/airflow/.local/lib/python3.8/site-packages/airflow/example_dags/tutorial.py took 0.123 seconds
[2022-05-22 21:31:43,974] {scheduler_job.py:182} INFO - Started process (PID=218) to work on /home/airflow/.local/lib/python3.8/site-packages/airflow/example_dags/tutorial.py
[2022-05-22 21:31:43,977] {scheduler_job.py:633} INFO - Processing file /home/airflow/.local/lib/python3.8/site-packages/airflow/example_dags/tutorial.py for tasks to queue
[2022-05-22 21:31:43,979] {logging_mixin.py:104} INFO - [2022-05-22 21:31:43,978] {dagbag.py:496} INFO - Filling up the DagBag from /home/airflow/.local/lib/python3.8/site-packages/airflow/example_dags/tutorial.py
[2022-05-22 21:31:43,991] {scheduler_job.py:643} INFO - DAG(s) dict_keys(['tutorial']) retrieved from /home/airflow/.local/lib/python3.8/site-packages/airflow/example_dags/tutorial.py
[2022-05-22 21:31:44,021] {logging_mixin.py:104} INFO - [2022-05-22 21:31:44,021] {dag.py:1833} INFO - Sync 1 DAGs
[2022-05-22 21:31:44,038] {logging_mixin.py:104} INFO - [2022-05-22 21:31:44,038] {dag.py:2306} INFO - Setting next_dagrun for tutorial to 2022-05-20 00:00:00+00:00
[2022-05-22 21:31:44,085] {scheduler_job.py:190} INFO - Processing /home/airflow/.local/lib/python3.8/site-packages/airflow/example_dags/tutorial.py took 0.114 seconds
[2022-05-22 21:32:29,845] {scheduler_job.py:182} INFO - Started process (PID=254) to work on /home/airflow/.local/lib/python3.8/site-packages/airflow/example_dags/tutorial.py
[2022-05-22 21:32:29,848] {scheduler_job.py:633} INFO - Processing file /home/airflow/.local/lib/python3.8/site-packages/airflow/example_dags/tutorial.py for tasks to queue
[2022-05-22 21:32:29,849] {logging_mixin.py:104} INFO - [2022-05-22 21:32:29,849] {dagbag.py:496} INFO - Filling up the DagBag from /home/airflow/.local/lib/python3.8/site-packages/airflow/example_dags/tutorial.py
[2022-05-22 21:32:29,863] {scheduler_job.py:643} INFO - DAG(s) dict_keys(['tutorial']) retrieved from /home/airflow/.local/lib/python3.8/site-packages/airflow/example_dags/tutorial.py
[2022-05-22 21:32:29,893] {logging_mixin.py:104} INFO - [2022-05-22 21:32:29,893] {dag.py:1833} INFO - Sync 1 DAGs
[2022-05-22 21:32:29,914] {logging_mixin.py:104} INFO - [2022-05-22 21:32:29,914] {dag.py:2306} INFO - Setting next_dagrun for tutorial to 2022-05-20 00:00:00+00:00
[2022-05-22 21:32:29,966] {scheduler_job.py:190} INFO - Processing /home/airflow/.local/lib/python3.8/site-packages/airflow/example_dags/tutorial.py took 0.124 seconds
[2022-05-22 21:36:07,133] {scheduler_job.py:182} INFO - Started process (PID=40) to work on /home/airflow/.local/lib/python3.8/site-packages/airflow/example_dags/tutorial.py
[2022-05-22 21:36:07,137] {scheduler_job.py:633} INFO - Processing file /home/airflow/.local/lib/python3.8/site-packages/airflow/example_dags/tutorial.py for tasks to queue
[2022-05-22 21:36:07,139] {logging_mixin.py:104} INFO - [2022-05-22 21:36:07,139] {dagbag.py:496} INFO - Filling up the DagBag from /home/airflow/.local/lib/python3.8/site-packages/airflow/example_dags/tutorial.py
[2022-05-22 21:36:07,157] {scheduler_job.py:643} INFO - DAG(s) dict_keys(['tutorial']) retrieved from /home/airflow/.local/lib/python3.8/site-packages/airflow/example_dags/tutorial.py
[2022-05-22 21:36:07,185] {logging_mixin.py:104} INFO - [2022-05-22 21:36:07,184] {dag.py:1833} INFO - Sync 1 DAGs
[2022-05-22 21:36:07,209] {logging_mixin.py:104} INFO - [2022-05-22 21:36:07,208] {dag.py:2306} INFO - Setting next_dagrun for tutorial to 2022-05-20 00:00:00+00:00
[2022-05-22 21:36:07,280] {scheduler_job.py:190} INFO - Processing /home/airflow/.local/lib/python3.8/site-packages/airflow/example_dags/tutorial.py took 0.152 seconds
[2022-05-22 21:36:49,700] {scheduler_job.py:182} INFO - Started process (PID=73) to work on /home/airflow/.local/lib/python3.8/site-packages/airflow/example_dags/tutorial.py
[2022-05-22 21:36:49,703] {scheduler_job.py:633} INFO - Processing file /home/airflow/.local/lib/python3.8/site-packages/airflow/example_dags/tutorial.py for tasks to queue
[2022-05-22 21:36:49,704] {logging_mixin.py:104} INFO - [2022-05-22 21:36:49,704] {dagbag.py:496} INFO - Filling up the DagBag from /home/airflow/.local/lib/python3.8/site-packages/airflow/example_dags/tutorial.py
[2022-05-22 21:36:49,719] {scheduler_job.py:643} INFO - DAG(s) dict_keys(['tutorial']) retrieved from /home/airflow/.local/lib/python3.8/site-packages/airflow/example_dags/tutorial.py
[2022-05-22 21:36:49,743] {logging_mixin.py:104} INFO - [2022-05-22 21:36:49,743] {dag.py:1833} INFO - Sync 1 DAGs
[2022-05-22 21:36:49,766] {logging_mixin.py:104} INFO - [2022-05-22 21:36:49,766] {dag.py:2306} INFO - Setting next_dagrun for tutorial to 2022-05-20 00:00:00+00:00
[2022-05-22 21:36:49,820] {scheduler_job.py:190} INFO - Processing /home/airflow/.local/lib/python3.8/site-packages/airflow/example_dags/tutorial.py took 0.125 seconds
[2022-05-22 21:37:32,792] {scheduler_job.py:182} INFO - Started process (PID=106) to work on /home/airflow/.local/lib/python3.8/site-packages/airflow/example_dags/tutorial.py
[2022-05-22 21:37:32,795] {scheduler_job.py:633} INFO - Processing file /home/airflow/.local/lib/python3.8/site-packages/airflow/example_dags/tutorial.py for tasks to queue
[2022-05-22 21:37:32,797] {logging_mixin.py:104} INFO - [2022-05-22 21:37:32,797] {dagbag.py:496} INFO - Filling up the DagBag from /home/airflow/.local/lib/python3.8/site-packages/airflow/example_dags/tutorial.py
[2022-05-22 21:37:32,811] {scheduler_job.py:643} INFO - DAG(s) dict_keys(['tutorial']) retrieved from /home/airflow/.local/lib/python3.8/site-packages/airflow/example_dags/tutorial.py
[2022-05-22 21:37:32,843] {logging_mixin.py:104} INFO - [2022-05-22 21:37:32,843] {dag.py:1833} INFO - Sync 1 DAGs
[2022-05-22 21:37:32,867] {logging_mixin.py:104} INFO - [2022-05-22 21:37:32,867] {dag.py:2306} INFO - Setting next_dagrun for tutorial to 2022-05-20 00:00:00+00:00
[2022-05-22 21:37:32,921] {scheduler_job.py:190} INFO - Processing /home/airflow/.local/lib/python3.8/site-packages/airflow/example_dags/tutorial.py took 0.132 seconds
[2022-05-22 21:38:45,697] {scheduler_job.py:182} INFO - Started process (PID=164) to work on /home/airflow/.local/lib/python3.8/site-packages/airflow/example_dags/tutorial.py
[2022-05-22 21:38:45,700] {scheduler_job.py:633} INFO - Processing file /home/airflow/.local/lib/python3.8/site-packages/airflow/example_dags/tutorial.py for tasks to queue
[2022-05-22 21:38:45,702] {logging_mixin.py:104} INFO - [2022-05-22 21:38:45,701] {dagbag.py:496} INFO - Filling up the DagBag from /home/airflow/.local/lib/python3.8/site-packages/airflow/example_dags/tutorial.py
[2022-05-22 21:38:45,715] {scheduler_job.py:643} INFO - DAG(s) dict_keys(['tutorial']) retrieved from /home/airflow/.local/lib/python3.8/site-packages/airflow/example_dags/tutorial.py
[2022-05-22 21:38:45,738] {logging_mixin.py:104} INFO - [2022-05-22 21:38:45,738] {dag.py:1833} INFO - Sync 1 DAGs
[2022-05-22 21:38:45,760] {logging_mixin.py:104} INFO - [2022-05-22 21:38:45,759] {dag.py:2306} INFO - Setting next_dagrun for tutorial to 2022-05-20 00:00:00+00:00
[2022-05-22 21:38:45,802] {scheduler_job.py:190} INFO - Processing /home/airflow/.local/lib/python3.8/site-packages/airflow/example_dags/tutorial.py took 0.109 seconds
[2022-05-22 21:39:26,758] {scheduler_job.py:182} INFO - Started process (PID=197) to work on /home/airflow/.local/lib/python3.8/site-packages/airflow/example_dags/tutorial.py
[2022-05-22 21:39:26,761] {scheduler_job.py:633} INFO - Processing file /home/airflow/.local/lib/python3.8/site-packages/airflow/example_dags/tutorial.py for tasks to queue
[2022-05-22 21:39:26,763] {logging_mixin.py:104} INFO - [2022-05-22 21:39:26,763] {dagbag.py:496} INFO - Filling up the DagBag from /home/airflow/.local/lib/python3.8/site-packages/airflow/example_dags/tutorial.py
[2022-05-22 21:39:26,776] {scheduler_job.py:643} INFO - DAG(s) dict_keys(['tutorial']) retrieved from /home/airflow/.local/lib/python3.8/site-packages/airflow/example_dags/tutorial.py
[2022-05-22 21:39:26,798] {logging_mixin.py:104} INFO - [2022-05-22 21:39:26,798] {dag.py:1833} INFO - Sync 1 DAGs
[2022-05-22 21:39:26,818] {logging_mixin.py:104} INFO - [2022-05-22 21:39:26,818] {dag.py:2306} INFO - Setting next_dagrun for tutorial to 2022-05-20 00:00:00+00:00
[2022-05-22 21:39:26,863] {scheduler_job.py:190} INFO - Processing /home/airflow/.local/lib/python3.8/site-packages/airflow/example_dags/tutorial.py took 0.108 seconds
[2022-05-22 21:40:13,630] {scheduler_job.py:182} INFO - Started process (PID=235) to work on /home/airflow/.local/lib/python3.8/site-packages/airflow/example_dags/tutorial.py
[2022-05-22 21:40:13,641] {scheduler_job.py:633} INFO - Processing file /home/airflow/.local/lib/python3.8/site-packages/airflow/example_dags/tutorial.py for tasks to queue
[2022-05-22 21:40:13,645] {logging_mixin.py:104} INFO - [2022-05-22 21:40:13,645] {dagbag.py:496} INFO - Filling up the DagBag from /home/airflow/.local/lib/python3.8/site-packages/airflow/example_dags/tutorial.py
[2022-05-22 21:40:13,666] {scheduler_job.py:643} INFO - DAG(s) dict_keys(['tutorial']) retrieved from /home/airflow/.local/lib/python3.8/site-packages/airflow/example_dags/tutorial.py
[2022-05-22 21:40:13,704] {logging_mixin.py:104} INFO - [2022-05-22 21:40:13,704] {dag.py:1833} INFO - Sync 1 DAGs
[2022-05-22 21:40:13,734] {logging_mixin.py:104} INFO - [2022-05-22 21:40:13,734] {dag.py:2306} INFO - Setting next_dagrun for tutorial to 2022-05-20 00:00:00+00:00
[2022-05-22 21:40:13,787] {scheduler_job.py:190} INFO - Processing /home/airflow/.local/lib/python3.8/site-packages/airflow/example_dags/tutorial.py took 0.163 seconds
[2022-05-22 21:40:54,961] {scheduler_job.py:182} INFO - Started process (PID=268) to work on /home/airflow/.local/lib/python3.8/site-packages/airflow/example_dags/tutorial.py
[2022-05-22 21:40:55,018] {scheduler_job.py:633} INFO - Processing file /home/airflow/.local/lib/python3.8/site-packages/airflow/example_dags/tutorial.py for tasks to queue
[2022-05-22 21:40:55,020] {logging_mixin.py:104} INFO - [2022-05-22 21:40:55,020] {dagbag.py:496} INFO - Filling up the DagBag from /home/airflow/.local/lib/python3.8/site-packages/airflow/example_dags/tutorial.py
[2022-05-22 21:40:55,039] {scheduler_job.py:643} INFO - DAG(s) dict_keys(['tutorial']) retrieved from /home/airflow/.local/lib/python3.8/site-packages/airflow/example_dags/tutorial.py
[2022-05-22 21:40:55,077] {logging_mixin.py:104} INFO - [2022-05-22 21:40:55,076] {dag.py:1833} INFO - Sync 1 DAGs
[2022-05-22 21:40:55,101] {logging_mixin.py:104} INFO - [2022-05-22 21:40:55,101] {dag.py:2306} INFO - Setting next_dagrun for tutorial to 2022-05-20 00:00:00+00:00
[2022-05-22 21:40:55,149] {scheduler_job.py:190} INFO - Processing /home/airflow/.local/lib/python3.8/site-packages/airflow/example_dags/tutorial.py took 0.191 seconds
[2022-05-22 21:46:08,345] {scheduler_job.py:182} INFO - Started process (PID=41) to work on /home/airflow/.local/lib/python3.8/site-packages/airflow/example_dags/tutorial.py
[2022-05-22 21:46:08,350] {scheduler_job.py:633} INFO - Processing file /home/airflow/.local/lib/python3.8/site-packages/airflow/example_dags/tutorial.py for tasks to queue
[2022-05-22 21:46:08,352] {logging_mixin.py:104} INFO - [2022-05-22 21:46:08,351] {dagbag.py:496} INFO - Filling up the DagBag from /home/airflow/.local/lib/python3.8/site-packages/airflow/example_dags/tutorial.py
[2022-05-22 21:46:08,369] {scheduler_job.py:643} INFO - DAG(s) dict_keys(['tutorial']) retrieved from /home/airflow/.local/lib/python3.8/site-packages/airflow/example_dags/tutorial.py
[2022-05-22 21:46:08,399] {logging_mixin.py:104} INFO - [2022-05-22 21:46:08,399] {dag.py:1833} INFO - Sync 1 DAGs
[2022-05-22 21:46:08,419] {logging_mixin.py:104} INFO - [2022-05-22 21:46:08,419] {dag.py:2306} INFO - Setting next_dagrun for tutorial to 2022-05-20 00:00:00+00:00
[2022-05-22 21:46:08,485] {scheduler_job.py:190} INFO - Processing /home/airflow/.local/lib/python3.8/site-packages/airflow/example_dags/tutorial.py took 0.143 seconds
[2022-05-22 21:46:52,016] {scheduler_job.py:182} INFO - Started process (PID=74) to work on /home/airflow/.local/lib/python3.8/site-packages/airflow/example_dags/tutorial.py
[2022-05-22 21:46:52,020] {scheduler_job.py:633} INFO - Processing file /home/airflow/.local/lib/python3.8/site-packages/airflow/example_dags/tutorial.py for tasks to queue
[2022-05-22 21:46:52,023] {logging_mixin.py:104} INFO - [2022-05-22 21:46:52,022] {dagbag.py:496} INFO - Filling up the DagBag from /home/airflow/.local/lib/python3.8/site-packages/airflow/example_dags/tutorial.py
[2022-05-22 21:46:52,041] {scheduler_job.py:643} INFO - DAG(s) dict_keys(['tutorial']) retrieved from /home/airflow/.local/lib/python3.8/site-packages/airflow/example_dags/tutorial.py
[2022-05-22 21:46:52,070] {logging_mixin.py:104} INFO - [2022-05-22 21:46:52,070] {dag.py:1833} INFO - Sync 1 DAGs
[2022-05-22 21:46:52,092] {logging_mixin.py:104} INFO - [2022-05-22 21:46:52,092] {dag.py:2306} INFO - Setting next_dagrun for tutorial to 2022-05-20 00:00:00+00:00
[2022-05-22 21:46:52,141] {scheduler_job.py:190} INFO - Processing /home/airflow/.local/lib/python3.8/site-packages/airflow/example_dags/tutorial.py took 0.129 seconds
[2022-05-22 21:47:34,849] {scheduler_job.py:182} INFO - Started process (PID=107) to work on /home/airflow/.local/lib/python3.8/site-packages/airflow/example_dags/tutorial.py
[2022-05-22 21:47:34,852] {scheduler_job.py:633} INFO - Processing file /home/airflow/.local/lib/python3.8/site-packages/airflow/example_dags/tutorial.py for tasks to queue
[2022-05-22 21:47:34,854] {logging_mixin.py:104} INFO - [2022-05-22 21:47:34,854] {dagbag.py:496} INFO - Filling up the DagBag from /home/airflow/.local/lib/python3.8/site-packages/airflow/example_dags/tutorial.py
[2022-05-22 21:47:34,869] {scheduler_job.py:643} INFO - DAG(s) dict_keys(['tutorial']) retrieved from /home/airflow/.local/lib/python3.8/site-packages/airflow/example_dags/tutorial.py
[2022-05-22 21:47:34,896] {logging_mixin.py:104} INFO - [2022-05-22 21:47:34,896] {dag.py:1833} INFO - Sync 1 DAGs
[2022-05-22 21:47:34,924] {logging_mixin.py:104} INFO - [2022-05-22 21:47:34,924] {dag.py:2306} INFO - Setting next_dagrun for tutorial to 2022-05-20 00:00:00+00:00
[2022-05-22 21:47:34,971] {scheduler_job.py:190} INFO - Processing /home/airflow/.local/lib/python3.8/site-packages/airflow/example_dags/tutorial.py took 0.127 seconds
[2022-05-22 21:48:17,652] {scheduler_job.py:182} INFO - Started process (PID=140) to work on /home/airflow/.local/lib/python3.8/site-packages/airflow/example_dags/tutorial.py
[2022-05-22 21:48:17,659] {scheduler_job.py:633} INFO - Processing file /home/airflow/.local/lib/python3.8/site-packages/airflow/example_dags/tutorial.py for tasks to queue
[2022-05-22 21:48:17,662] {logging_mixin.py:104} INFO - [2022-05-22 21:48:17,662] {dagbag.py:496} INFO - Filling up the DagBag from /home/airflow/.local/lib/python3.8/site-packages/airflow/example_dags/tutorial.py
[2022-05-22 21:48:17,684] {scheduler_job.py:643} INFO - DAG(s) dict_keys(['tutorial']) retrieved from /home/airflow/.local/lib/python3.8/site-packages/airflow/example_dags/tutorial.py
[2022-05-22 21:48:17,716] {logging_mixin.py:104} INFO - [2022-05-22 21:48:17,716] {dag.py:1833} INFO - Sync 1 DAGs
[2022-05-22 21:48:17,737] {logging_mixin.py:104} INFO - [2022-05-22 21:48:17,737] {dag.py:2306} INFO - Setting next_dagrun for tutorial to 2022-05-20 00:00:00+00:00
[2022-05-22 21:48:17,791] {scheduler_job.py:190} INFO - Processing /home/airflow/.local/lib/python3.8/site-packages/airflow/example_dags/tutorial.py took 0.143 seconds
[2022-05-22 21:48:55,815] {scheduler_job.py:182} INFO - Started process (PID=171) to work on /home/airflow/.local/lib/python3.8/site-packages/airflow/example_dags/tutorial.py
[2022-05-22 21:48:55,818] {scheduler_job.py:633} INFO - Processing file /home/airflow/.local/lib/python3.8/site-packages/airflow/example_dags/tutorial.py for tasks to queue
[2022-05-22 21:48:55,820] {logging_mixin.py:104} INFO - [2022-05-22 21:48:55,820] {dagbag.py:496} INFO - Filling up the DagBag from /home/airflow/.local/lib/python3.8/site-packages/airflow/example_dags/tutorial.py
[2022-05-22 21:48:55,835] {scheduler_job.py:643} INFO - DAG(s) dict_keys(['tutorial']) retrieved from /home/airflow/.local/lib/python3.8/site-packages/airflow/example_dags/tutorial.py
[2022-05-22 21:48:55,882] {logging_mixin.py:104} INFO - [2022-05-22 21:48:55,882] {dag.py:1833} INFO - Sync 1 DAGs
[2022-05-22 21:48:55,910] {logging_mixin.py:104} INFO - [2022-05-22 21:48:55,910] {dag.py:2306} INFO - Setting next_dagrun for tutorial to 2022-05-20 00:00:00+00:00
[2022-05-22 21:48:55,964] {scheduler_job.py:190} INFO - Processing /home/airflow/.local/lib/python3.8/site-packages/airflow/example_dags/tutorial.py took 0.153 seconds
[2022-05-22 21:49:43,731] {scheduler_job.py:182} INFO - Started process (PID=209) to work on /home/airflow/.local/lib/python3.8/site-packages/airflow/example_dags/tutorial.py
[2022-05-22 21:49:43,782] {scheduler_job.py:633} INFO - Processing file /home/airflow/.local/lib/python3.8/site-packages/airflow/example_dags/tutorial.py for tasks to queue
[2022-05-22 21:49:43,786] {logging_mixin.py:104} INFO - [2022-05-22 21:49:43,786] {dagbag.py:496} INFO - Filling up the DagBag from /home/airflow/.local/lib/python3.8/site-packages/airflow/example_dags/tutorial.py
[2022-05-22 21:49:43,807] {scheduler_job.py:643} INFO - DAG(s) dict_keys(['tutorial']) retrieved from /home/airflow/.local/lib/python3.8/site-packages/airflow/example_dags/tutorial.py
[2022-05-22 21:49:43,840] {logging_mixin.py:104} INFO - [2022-05-22 21:49:43,840] {dag.py:1833} INFO - Sync 1 DAGs
[2022-05-22 21:49:43,871] {logging_mixin.py:104} INFO - [2022-05-22 21:49:43,871] {dag.py:2306} INFO - Setting next_dagrun for tutorial to 2022-05-20 00:00:00+00:00
[2022-05-22 21:49:43,919] {scheduler_job.py:190} INFO - Processing /home/airflow/.local/lib/python3.8/site-packages/airflow/example_dags/tutorial.py took 0.200 seconds
[2022-05-22 21:50:27,734] {scheduler_job.py:182} INFO - Started process (PID=245) to work on /home/airflow/.local/lib/python3.8/site-packages/airflow/example_dags/tutorial.py
[2022-05-22 21:50:27,738] {scheduler_job.py:633} INFO - Processing file /home/airflow/.local/lib/python3.8/site-packages/airflow/example_dags/tutorial.py for tasks to queue
[2022-05-22 21:50:27,739] {logging_mixin.py:104} INFO - [2022-05-22 21:50:27,739] {dagbag.py:496} INFO - Filling up the DagBag from /home/airflow/.local/lib/python3.8/site-packages/airflow/example_dags/tutorial.py
[2022-05-22 21:50:27,754] {scheduler_job.py:643} INFO - DAG(s) dict_keys(['tutorial']) retrieved from /home/airflow/.local/lib/python3.8/site-packages/airflow/example_dags/tutorial.py
[2022-05-22 21:50:27,780] {logging_mixin.py:104} INFO - [2022-05-22 21:50:27,780] {dag.py:1833} INFO - Sync 1 DAGs
[2022-05-22 21:50:27,800] {logging_mixin.py:104} INFO - [2022-05-22 21:50:27,800] {dag.py:2306} INFO - Setting next_dagrun for tutorial to 2022-05-20 00:00:00+00:00
[2022-05-22 21:50:27,848] {scheduler_job.py:190} INFO - Processing /home/airflow/.local/lib/python3.8/site-packages/airflow/example_dags/tutorial.py took 0.116 seconds
[2022-05-22 22:02:29,219] {scheduler_job.py:182} INFO - Started process (PID=42) to work on /home/airflow/.local/lib/python3.8/site-packages/airflow/example_dags/tutorial.py
[2022-05-22 22:02:29,225] {scheduler_job.py:633} INFO - Processing file /home/airflow/.local/lib/python3.8/site-packages/airflow/example_dags/tutorial.py for tasks to queue
[2022-05-22 22:02:29,228] {logging_mixin.py:104} INFO - [2022-05-22 22:02:29,228] {dagbag.py:496} INFO - Filling up the DagBag from /home/airflow/.local/lib/python3.8/site-packages/airflow/example_dags/tutorial.py
[2022-05-22 22:02:29,261] {scheduler_job.py:643} INFO - DAG(s) dict_keys(['tutorial']) retrieved from /home/airflow/.local/lib/python3.8/site-packages/airflow/example_dags/tutorial.py
[2022-05-22 22:02:29,359] {logging_mixin.py:104} INFO - [2022-05-22 22:02:29,357] {dag.py:1833} INFO - Sync 1 DAGs
[2022-05-22 22:02:29,455] {logging_mixin.py:104} INFO - [2022-05-22 22:02:29,454] {dag.py:2306} INFO - Setting next_dagrun for tutorial to 2022-05-20 00:00:00+00:00
[2022-05-22 22:02:29,859] {scheduler_job.py:190} INFO - Processing /home/airflow/.local/lib/python3.8/site-packages/airflow/example_dags/tutorial.py took 0.650 seconds
[2022-05-22 22:03:18,851] {scheduler_job.py:182} INFO - Started process (PID=79) to work on /home/airflow/.local/lib/python3.8/site-packages/airflow/example_dags/tutorial.py
[2022-05-22 22:03:18,854] {scheduler_job.py:633} INFO - Processing file /home/airflow/.local/lib/python3.8/site-packages/airflow/example_dags/tutorial.py for tasks to queue
[2022-05-22 22:03:18,856] {logging_mixin.py:104} INFO - [2022-05-22 22:03:18,856] {dagbag.py:496} INFO - Filling up the DagBag from /home/airflow/.local/lib/python3.8/site-packages/airflow/example_dags/tutorial.py
[2022-05-22 22:03:18,873] {scheduler_job.py:643} INFO - DAG(s) dict_keys(['tutorial']) retrieved from /home/airflow/.local/lib/python3.8/site-packages/airflow/example_dags/tutorial.py
[2022-05-22 22:03:18,897] {logging_mixin.py:104} INFO - [2022-05-22 22:03:18,897] {dag.py:1833} INFO - Sync 1 DAGs
[2022-05-22 22:03:18,919] {logging_mixin.py:104} INFO - [2022-05-22 22:03:18,919] {dag.py:2306} INFO - Setting next_dagrun for tutorial to 2022-05-20 00:00:00+00:00
[2022-05-22 22:03:19,016] {scheduler_job.py:190} INFO - Processing /home/airflow/.local/lib/python3.8/site-packages/airflow/example_dags/tutorial.py took 0.169 seconds
[2022-05-22 22:04:35,304] {scheduler_job.py:182} INFO - Started process (PID=137) to work on /home/airflow/.local/lib/python3.8/site-packages/airflow/example_dags/tutorial.py
[2022-05-22 22:04:35,309] {scheduler_job.py:633} INFO - Processing file /home/airflow/.local/lib/python3.8/site-packages/airflow/example_dags/tutorial.py for tasks to queue
[2022-05-22 22:04:35,310] {logging_mixin.py:104} INFO - [2022-05-22 22:04:35,310] {dagbag.py:496} INFO - Filling up the DagBag from /home/airflow/.local/lib/python3.8/site-packages/airflow/example_dags/tutorial.py
[2022-05-22 22:04:35,323] {scheduler_job.py:643} INFO - DAG(s) dict_keys(['tutorial']) retrieved from /home/airflow/.local/lib/python3.8/site-packages/airflow/example_dags/tutorial.py
[2022-05-22 22:04:35,346] {logging_mixin.py:104} INFO - [2022-05-22 22:04:35,346] {dag.py:1833} INFO - Sync 1 DAGs
[2022-05-22 22:04:35,369] {logging_mixin.py:104} INFO - [2022-05-22 22:04:35,369] {dag.py:2306} INFO - Setting next_dagrun for tutorial to 2022-05-20 00:00:00+00:00
[2022-05-22 22:04:35,421] {scheduler_job.py:190} INFO - Processing /home/airflow/.local/lib/python3.8/site-packages/airflow/example_dags/tutorial.py took 0.123 seconds
[2022-05-22 22:05:15,478] {scheduler_job.py:182} INFO - Started process (PID=170) to work on /home/airflow/.local/lib/python3.8/site-packages/airflow/example_dags/tutorial.py
[2022-05-22 22:05:15,481] {scheduler_job.py:633} INFO - Processing file /home/airflow/.local/lib/python3.8/site-packages/airflow/example_dags/tutorial.py for tasks to queue
[2022-05-22 22:05:15,482] {logging_mixin.py:104} INFO - [2022-05-22 22:05:15,482] {dagbag.py:496} INFO - Filling up the DagBag from /home/airflow/.local/lib/python3.8/site-packages/airflow/example_dags/tutorial.py
[2022-05-22 22:05:15,496] {scheduler_job.py:643} INFO - DAG(s) dict_keys(['tutorial']) retrieved from /home/airflow/.local/lib/python3.8/site-packages/airflow/example_dags/tutorial.py
[2022-05-22 22:05:15,524] {logging_mixin.py:104} INFO - [2022-05-22 22:05:15,524] {dag.py:1833} INFO - Sync 1 DAGs
[2022-05-22 22:05:15,546] {logging_mixin.py:104} INFO - [2022-05-22 22:05:15,546] {dag.py:2306} INFO - Setting next_dagrun for tutorial to 2022-05-20 00:00:00+00:00
[2022-05-22 22:05:15,595] {scheduler_job.py:190} INFO - Processing /home/airflow/.local/lib/python3.8/site-packages/airflow/example_dags/tutorial.py took 0.120 seconds
[2022-05-22 22:05:57,825] {scheduler_job.py:182} INFO - Started process (PID=203) to work on /home/airflow/.local/lib/python3.8/site-packages/airflow/example_dags/tutorial.py
[2022-05-22 22:05:57,829] {scheduler_job.py:633} INFO - Processing file /home/airflow/.local/lib/python3.8/site-packages/airflow/example_dags/tutorial.py for tasks to queue
[2022-05-22 22:05:57,831] {logging_mixin.py:104} INFO - [2022-05-22 22:05:57,831] {dagbag.py:496} INFO - Filling up the DagBag from /home/airflow/.local/lib/python3.8/site-packages/airflow/example_dags/tutorial.py
[2022-05-22 22:05:57,848] {scheduler_job.py:643} INFO - DAG(s) dict_keys(['tutorial']) retrieved from /home/airflow/.local/lib/python3.8/site-packages/airflow/example_dags/tutorial.py
[2022-05-22 22:05:57,876] {logging_mixin.py:104} INFO - [2022-05-22 22:05:57,876] {dag.py:1833} INFO - Sync 1 DAGs
[2022-05-22 22:05:57,898] {logging_mixin.py:104} INFO - [2022-05-22 22:05:57,898] {dag.py:2306} INFO - Setting next_dagrun for tutorial to 2022-05-20 00:00:00+00:00
[2022-05-22 22:05:57,946] {scheduler_job.py:190} INFO - Processing /home/airflow/.local/lib/python3.8/site-packages/airflow/example_dags/tutorial.py took 0.124 seconds
[2022-05-22 22:06:36,396] {scheduler_job.py:182} INFO - Started process (PID=233) to work on /home/airflow/.local/lib/python3.8/site-packages/airflow/example_dags/tutorial.py
[2022-05-22 22:06:36,400] {scheduler_job.py:633} INFO - Processing file /home/airflow/.local/lib/python3.8/site-packages/airflow/example_dags/tutorial.py for tasks to queue
[2022-05-22 22:06:36,401] {logging_mixin.py:104} INFO - [2022-05-22 22:06:36,401] {dagbag.py:496} INFO - Filling up the DagBag from /home/airflow/.local/lib/python3.8/site-packages/airflow/example_dags/tutorial.py
[2022-05-22 22:06:36,416] {scheduler_job.py:643} INFO - DAG(s) dict_keys(['tutorial']) retrieved from /home/airflow/.local/lib/python3.8/site-packages/airflow/example_dags/tutorial.py
[2022-05-22 22:06:36,442] {logging_mixin.py:104} INFO - [2022-05-22 22:06:36,442] {dag.py:1833} INFO - Sync 1 DAGs
[2022-05-22 22:06:36,462] {logging_mixin.py:104} INFO - [2022-05-22 22:06:36,462] {dag.py:2306} INFO - Setting next_dagrun for tutorial to 2022-05-20 00:00:00+00:00
[2022-05-22 22:06:36,505] {scheduler_job.py:190} INFO - Processing /home/airflow/.local/lib/python3.8/site-packages/airflow/example_dags/tutorial.py took 0.115 seconds
[2022-05-22 22:07:32,466] {scheduler_job.py:182} INFO - Started process (PID=272) to work on /home/airflow/.local/lib/python3.8/site-packages/airflow/example_dags/tutorial.py
[2022-05-22 22:07:32,472] {scheduler_job.py:633} INFO - Processing file /home/airflow/.local/lib/python3.8/site-packages/airflow/example_dags/tutorial.py for tasks to queue
[2022-05-22 22:07:32,474] {logging_mixin.py:104} INFO - [2022-05-22 22:07:32,474] {dagbag.py:496} INFO - Filling up the DagBag from /home/airflow/.local/lib/python3.8/site-packages/airflow/example_dags/tutorial.py
[2022-05-22 22:07:32,493] {scheduler_job.py:643} INFO - DAG(s) dict_keys(['tutorial']) retrieved from /home/airflow/.local/lib/python3.8/site-packages/airflow/example_dags/tutorial.py
[2022-05-22 22:07:32,572] {logging_mixin.py:104} INFO - [2022-05-22 22:07:32,572] {dag.py:1833} INFO - Sync 1 DAGs
[2022-05-22 22:07:32,642] {logging_mixin.py:104} INFO - [2022-05-22 22:07:32,642] {dag.py:2306} INFO - Setting next_dagrun for tutorial to 2022-05-20 00:00:00+00:00
[2022-05-22 22:07:32,863] {scheduler_job.py:190} INFO - Processing /home/airflow/.local/lib/python3.8/site-packages/airflow/example_dags/tutorial.py took 0.401 seconds
[2022-05-22 22:08:24,460] {scheduler_job.py:182} INFO - Started process (PID=309) to work on /home/airflow/.local/lib/python3.8/site-packages/airflow/example_dags/tutorial.py
[2022-05-22 22:08:24,463] {scheduler_job.py:633} INFO - Processing file /home/airflow/.local/lib/python3.8/site-packages/airflow/example_dags/tutorial.py for tasks to queue
[2022-05-22 22:08:24,465] {logging_mixin.py:104} INFO - [2022-05-22 22:08:24,465] {dagbag.py:496} INFO - Filling up the DagBag from /home/airflow/.local/lib/python3.8/site-packages/airflow/example_dags/tutorial.py
[2022-05-22 22:08:24,480] {scheduler_job.py:643} INFO - DAG(s) dict_keys(['tutorial']) retrieved from /home/airflow/.local/lib/python3.8/site-packages/airflow/example_dags/tutorial.py
[2022-05-22 22:08:24,505] {logging_mixin.py:104} INFO - [2022-05-22 22:08:24,505] {dag.py:1833} INFO - Sync 1 DAGs
[2022-05-22 22:08:24,528] {logging_mixin.py:104} INFO - [2022-05-22 22:08:24,528] {dag.py:2306} INFO - Setting next_dagrun for tutorial to 2022-05-20 00:00:00+00:00
[2022-05-22 22:08:24,575] {scheduler_job.py:190} INFO - Processing /home/airflow/.local/lib/python3.8/site-packages/airflow/example_dags/tutorial.py took 0.118 seconds
[2022-05-22 22:09:06,016] {scheduler_job.py:182} INFO - Started process (PID=341) to work on /home/airflow/.local/lib/python3.8/site-packages/airflow/example_dags/tutorial.py
[2022-05-22 22:09:06,020] {scheduler_job.py:633} INFO - Processing file /home/airflow/.local/lib/python3.8/site-packages/airflow/example_dags/tutorial.py for tasks to queue
[2022-05-22 22:09:06,022] {logging_mixin.py:104} INFO - [2022-05-22 22:09:06,022] {dagbag.py:496} INFO - Filling up the DagBag from /home/airflow/.local/lib/python3.8/site-packages/airflow/example_dags/tutorial.py
[2022-05-22 22:09:06,041] {scheduler_job.py:643} INFO - DAG(s) dict_keys(['tutorial']) retrieved from /home/airflow/.local/lib/python3.8/site-packages/airflow/example_dags/tutorial.py
[2022-05-22 22:09:06,085] {logging_mixin.py:104} INFO - [2022-05-22 22:09:06,085] {dag.py:1833} INFO - Sync 1 DAGs
[2022-05-22 22:09:06,121] {logging_mixin.py:104} INFO - [2022-05-22 22:09:06,121] {dag.py:2306} INFO - Setting next_dagrun for tutorial to 2022-05-20 00:00:00+00:00
[2022-05-22 22:09:06,181] {scheduler_job.py:190} INFO - Processing /home/airflow/.local/lib/python3.8/site-packages/airflow/example_dags/tutorial.py took 0.168 seconds
[2022-05-22 22:09:52,130] {scheduler_job.py:182} INFO - Started process (PID=378) to work on /home/airflow/.local/lib/python3.8/site-packages/airflow/example_dags/tutorial.py
[2022-05-22 22:09:52,135] {scheduler_job.py:633} INFO - Processing file /home/airflow/.local/lib/python3.8/site-packages/airflow/example_dags/tutorial.py for tasks to queue
[2022-05-22 22:09:52,137] {logging_mixin.py:104} INFO - [2022-05-22 22:09:52,137] {dagbag.py:496} INFO - Filling up the DagBag from /home/airflow/.local/lib/python3.8/site-packages/airflow/example_dags/tutorial.py
[2022-05-22 22:09:52,156] {scheduler_job.py:643} INFO - DAG(s) dict_keys(['tutorial']) retrieved from /home/airflow/.local/lib/python3.8/site-packages/airflow/example_dags/tutorial.py
[2022-05-22 22:09:52,187] {logging_mixin.py:104} INFO - [2022-05-22 22:09:52,187] {dag.py:1833} INFO - Sync 1 DAGs
[2022-05-22 22:09:52,208] {logging_mixin.py:104} INFO - [2022-05-22 22:09:52,208] {dag.py:2306} INFO - Setting next_dagrun for tutorial to 2022-05-20 00:00:00+00:00
[2022-05-22 22:09:52,267] {scheduler_job.py:190} INFO - Processing /home/airflow/.local/lib/python3.8/site-packages/airflow/example_dags/tutorial.py took 0.141 seconds
[2022-05-22 22:13:06,961] {scheduler_job.py:182} INFO - Started process (PID=40) to work on /home/airflow/.local/lib/python3.8/site-packages/airflow/example_dags/tutorial.py
[2022-05-22 22:13:06,965] {scheduler_job.py:633} INFO - Processing file /home/airflow/.local/lib/python3.8/site-packages/airflow/example_dags/tutorial.py for tasks to queue
[2022-05-22 22:13:06,969] {logging_mixin.py:104} INFO - [2022-05-22 22:13:06,968] {dagbag.py:496} INFO - Filling up the DagBag from /home/airflow/.local/lib/python3.8/site-packages/airflow/example_dags/tutorial.py
[2022-05-22 22:13:06,987] {scheduler_job.py:643} INFO - DAG(s) dict_keys(['tutorial']) retrieved from /home/airflow/.local/lib/python3.8/site-packages/airflow/example_dags/tutorial.py
[2022-05-22 22:13:07,020] {logging_mixin.py:104} INFO - [2022-05-22 22:13:07,020] {dag.py:1833} INFO - Sync 1 DAGs
[2022-05-22 22:13:07,046] {logging_mixin.py:104} INFO - [2022-05-22 22:13:07,046] {dag.py:2306} INFO - Setting next_dagrun for tutorial to 2022-05-20 00:00:00+00:00
[2022-05-22 22:13:07,096] {scheduler_job.py:190} INFO - Processing /home/airflow/.local/lib/python3.8/site-packages/airflow/example_dags/tutorial.py took 0.139 seconds
[2022-05-22 22:14:13,965] {scheduler_job.py:182} INFO - Started process (PID=93) to work on /home/airflow/.local/lib/python3.8/site-packages/airflow/example_dags/tutorial.py
[2022-05-22 22:14:13,969] {scheduler_job.py:633} INFO - Processing file /home/airflow/.local/lib/python3.8/site-packages/airflow/example_dags/tutorial.py for tasks to queue
[2022-05-22 22:14:13,970] {logging_mixin.py:104} INFO - [2022-05-22 22:14:13,970] {dagbag.py:496} INFO - Filling up the DagBag from /home/airflow/.local/lib/python3.8/site-packages/airflow/example_dags/tutorial.py
[2022-05-22 22:14:13,984] {scheduler_job.py:643} INFO - DAG(s) dict_keys(['tutorial']) retrieved from /home/airflow/.local/lib/python3.8/site-packages/airflow/example_dags/tutorial.py
[2022-05-22 22:14:14,037] {logging_mixin.py:104} INFO - [2022-05-22 22:14:14,037] {dag.py:1833} INFO - Sync 1 DAGs
[2022-05-22 22:14:14,091] {logging_mixin.py:104} INFO - [2022-05-22 22:14:14,091] {dag.py:2306} INFO - Setting next_dagrun for tutorial to 2022-05-20 00:00:00+00:00
[2022-05-22 22:14:14,215] {scheduler_job.py:190} INFO - Processing /home/airflow/.local/lib/python3.8/site-packages/airflow/example_dags/tutorial.py took 0.253 seconds
[2022-05-22 22:14:56,525] {scheduler_job.py:182} INFO - Started process (PID=126) to work on /home/airflow/.local/lib/python3.8/site-packages/airflow/example_dags/tutorial.py
[2022-05-22 22:14:56,528] {scheduler_job.py:633} INFO - Processing file /home/airflow/.local/lib/python3.8/site-packages/airflow/example_dags/tutorial.py for tasks to queue
[2022-05-22 22:14:56,530] {logging_mixin.py:104} INFO - [2022-05-22 22:14:56,530] {dagbag.py:496} INFO - Filling up the DagBag from /home/airflow/.local/lib/python3.8/site-packages/airflow/example_dags/tutorial.py
[2022-05-22 22:14:56,543] {scheduler_job.py:643} INFO - DAG(s) dict_keys(['tutorial']) retrieved from /home/airflow/.local/lib/python3.8/site-packages/airflow/example_dags/tutorial.py
[2022-05-22 22:14:56,567] {logging_mixin.py:104} INFO - [2022-05-22 22:14:56,567] {dag.py:1833} INFO - Sync 1 DAGs
[2022-05-22 22:14:56,591] {logging_mixin.py:104} INFO - [2022-05-22 22:14:56,591] {dag.py:2306} INFO - Setting next_dagrun for tutorial to 2022-05-20 00:00:00+00:00
[2022-05-22 22:14:56,637] {scheduler_job.py:190} INFO - Processing /home/airflow/.local/lib/python3.8/site-packages/airflow/example_dags/tutorial.py took 0.115 seconds
[2022-05-22 22:15:40,099] {scheduler_job.py:182} INFO - Started process (PID=161) to work on /home/airflow/.local/lib/python3.8/site-packages/airflow/example_dags/tutorial.py
[2022-05-22 22:15:40,102] {scheduler_job.py:633} INFO - Processing file /home/airflow/.local/lib/python3.8/site-packages/airflow/example_dags/tutorial.py for tasks to queue
[2022-05-22 22:15:40,104] {logging_mixin.py:104} INFO - [2022-05-22 22:15:40,104] {dagbag.py:496} INFO - Filling up the DagBag from /home/airflow/.local/lib/python3.8/site-packages/airflow/example_dags/tutorial.py
[2022-05-22 22:15:40,122] {scheduler_job.py:643} INFO - DAG(s) dict_keys(['tutorial']) retrieved from /home/airflow/.local/lib/python3.8/site-packages/airflow/example_dags/tutorial.py
[2022-05-22 22:15:40,160] {logging_mixin.py:104} INFO - [2022-05-22 22:15:40,159] {dag.py:1833} INFO - Sync 1 DAGs
[2022-05-22 22:15:40,190] {logging_mixin.py:104} INFO - [2022-05-22 22:15:40,190] {dag.py:2306} INFO - Setting next_dagrun for tutorial to 2022-05-20 00:00:00+00:00
[2022-05-22 22:15:40,247] {scheduler_job.py:190} INFO - Processing /home/airflow/.local/lib/python3.8/site-packages/airflow/example_dags/tutorial.py took 0.154 seconds
[2022-05-22 22:19:13,308] {scheduler_job.py:182} INFO - Started process (PID=61) to work on /home/airflow/.local/lib/python3.8/site-packages/airflow/example_dags/tutorial.py
[2022-05-22 22:19:13,311] {scheduler_job.py:633} INFO - Processing file /home/airflow/.local/lib/python3.8/site-packages/airflow/example_dags/tutorial.py for tasks to queue
[2022-05-22 22:19:13,313] {logging_mixin.py:104} INFO - [2022-05-22 22:19:13,313] {dagbag.py:496} INFO - Filling up the DagBag from /home/airflow/.local/lib/python3.8/site-packages/airflow/example_dags/tutorial.py
[2022-05-22 22:19:13,328] {scheduler_job.py:643} INFO - DAG(s) dict_keys(['tutorial']) retrieved from /home/airflow/.local/lib/python3.8/site-packages/airflow/example_dags/tutorial.py
[2022-05-22 22:19:13,355] {logging_mixin.py:104} INFO - [2022-05-22 22:19:13,355] {dag.py:1833} INFO - Sync 1 DAGs
[2022-05-22 22:19:13,383] {logging_mixin.py:104} INFO - [2022-05-22 22:19:13,383] {dag.py:2306} INFO - Setting next_dagrun for tutorial to 2022-05-20 00:00:00+00:00
[2022-05-22 22:19:13,450] {scheduler_job.py:190} INFO - Processing /home/airflow/.local/lib/python3.8/site-packages/airflow/example_dags/tutorial.py took 0.145 seconds
