[2022-05-22 20:45:54,780] {scheduler_job.py:182} INFO - Started process (PID=23) to work on /home/airflow/.local/lib/python3.8/site-packages/airflow/example_dags/tutorial_taskflow_api_etl.py
[2022-05-22 20:45:54,782] {scheduler_job.py:633} INFO - Processing file /home/airflow/.local/lib/python3.8/site-packages/airflow/example_dags/tutorial_taskflow_api_etl.py for tasks to queue
[2022-05-22 20:45:54,785] {logging_mixin.py:104} INFO - [2022-05-22 20:45:54,785] {dagbag.py:496} INFO - Filling up the DagBag from /home/airflow/.local/lib/python3.8/site-packages/airflow/example_dags/tutorial_taskflow_api_etl.py
[2022-05-22 20:45:54,813] {scheduler_job.py:643} INFO - DAG(s) dict_keys(['tutorial_taskflow_api_etl']) retrieved from /home/airflow/.local/lib/python3.8/site-packages/airflow/example_dags/tutorial_taskflow_api_etl.py
[2022-05-22 20:45:55,746] {logging_mixin.py:104} INFO - [2022-05-22 20:45:55,746] {dag.py:1833} INFO - Sync 1 DAGs
[2022-05-22 20:45:55,770] {logging_mixin.py:104} INFO - [2022-05-22 20:45:55,770] {dag.py:2306} INFO - Setting next_dagrun for tutorial_taskflow_api_etl to None
[2022-05-22 20:45:55,862] {scheduler_job.py:190} INFO - Processing /home/airflow/.local/lib/python3.8/site-packages/airflow/example_dags/tutorial_taskflow_api_etl.py took 1.085 seconds
[2022-05-22 20:46:35,383] {scheduler_job.py:182} INFO - Started process (PID=54) to work on /home/airflow/.local/lib/python3.8/site-packages/airflow/example_dags/tutorial_taskflow_api_etl.py
[2022-05-22 20:46:35,386] {scheduler_job.py:633} INFO - Processing file /home/airflow/.local/lib/python3.8/site-packages/airflow/example_dags/tutorial_taskflow_api_etl.py for tasks to queue
[2022-05-22 20:46:35,387] {logging_mixin.py:104} INFO - [2022-05-22 20:46:35,387] {dagbag.py:496} INFO - Filling up the DagBag from /home/airflow/.local/lib/python3.8/site-packages/airflow/example_dags/tutorial_taskflow_api_etl.py
[2022-05-22 20:46:35,405] {scheduler_job.py:643} INFO - DAG(s) dict_keys(['tutorial_taskflow_api_etl']) retrieved from /home/airflow/.local/lib/python3.8/site-packages/airflow/example_dags/tutorial_taskflow_api_etl.py
[2022-05-22 20:46:35,636] {logging_mixin.py:104} INFO - [2022-05-22 20:46:35,636] {dag.py:1833} INFO - Sync 1 DAGs
[2022-05-22 20:46:35,655] {logging_mixin.py:104} INFO - [2022-05-22 20:46:35,654] {dag.py:2306} INFO - Setting next_dagrun for tutorial_taskflow_api_etl to None
[2022-05-22 20:46:35,699] {scheduler_job.py:190} INFO - Processing /home/airflow/.local/lib/python3.8/site-packages/airflow/example_dags/tutorial_taskflow_api_etl.py took 0.320 seconds
[2022-05-22 20:47:08,676] {scheduler_job.py:182} INFO - Started process (PID=78) to work on /home/airflow/.local/lib/python3.8/site-packages/airflow/example_dags/tutorial_taskflow_api_etl.py
[2022-05-22 20:47:08,680] {scheduler_job.py:633} INFO - Processing file /home/airflow/.local/lib/python3.8/site-packages/airflow/example_dags/tutorial_taskflow_api_etl.py for tasks to queue
[2022-05-22 20:47:08,682] {logging_mixin.py:104} INFO - [2022-05-22 20:47:08,682] {dagbag.py:496} INFO - Filling up the DagBag from /home/airflow/.local/lib/python3.8/site-packages/airflow/example_dags/tutorial_taskflow_api_etl.py
[2022-05-22 20:47:08,702] {scheduler_job.py:643} INFO - DAG(s) dict_keys(['tutorial_taskflow_api_etl']) retrieved from /home/airflow/.local/lib/python3.8/site-packages/airflow/example_dags/tutorial_taskflow_api_etl.py
[2022-05-22 20:47:09,020] {logging_mixin.py:104} INFO - [2022-05-22 20:47:09,020] {dag.py:1833} INFO - Sync 1 DAGs
[2022-05-22 20:47:09,053] {logging_mixin.py:104} INFO - [2022-05-22 20:47:09,053] {dag.py:2306} INFO - Setting next_dagrun for tutorial_taskflow_api_etl to None
[2022-05-22 20:47:09,111] {scheduler_job.py:190} INFO - Processing /home/airflow/.local/lib/python3.8/site-packages/airflow/example_dags/tutorial_taskflow_api_etl.py took 0.442 seconds
[2022-05-22 20:47:48,218] {scheduler_job.py:182} INFO - Started process (PID=106) to work on /home/airflow/.local/lib/python3.8/site-packages/airflow/example_dags/tutorial_taskflow_api_etl.py
[2022-05-22 20:47:48,221] {scheduler_job.py:633} INFO - Processing file /home/airflow/.local/lib/python3.8/site-packages/airflow/example_dags/tutorial_taskflow_api_etl.py for tasks to queue
[2022-05-22 20:47:48,223] {logging_mixin.py:104} INFO - [2022-05-22 20:47:48,223] {dagbag.py:496} INFO - Filling up the DagBag from /home/airflow/.local/lib/python3.8/site-packages/airflow/example_dags/tutorial_taskflow_api_etl.py
[2022-05-22 20:47:48,241] {scheduler_job.py:643} INFO - DAG(s) dict_keys(['tutorial_taskflow_api_etl']) retrieved from /home/airflow/.local/lib/python3.8/site-packages/airflow/example_dags/tutorial_taskflow_api_etl.py
[2022-05-22 20:47:48,491] {logging_mixin.py:104} INFO - [2022-05-22 20:47:48,491] {dag.py:1833} INFO - Sync 1 DAGs
[2022-05-22 20:47:48,521] {logging_mixin.py:104} INFO - [2022-05-22 20:47:48,520] {dag.py:2306} INFO - Setting next_dagrun for tutorial_taskflow_api_etl to None
[2022-05-22 20:47:48,596] {scheduler_job.py:190} INFO - Processing /home/airflow/.local/lib/python3.8/site-packages/airflow/example_dags/tutorial_taskflow_api_etl.py took 0.382 seconds
[2022-05-22 20:48:26,383] {scheduler_job.py:182} INFO - Started process (PID=135) to work on /home/airflow/.local/lib/python3.8/site-packages/airflow/example_dags/tutorial_taskflow_api_etl.py
[2022-05-22 20:48:26,404] {scheduler_job.py:633} INFO - Processing file /home/airflow/.local/lib/python3.8/site-packages/airflow/example_dags/tutorial_taskflow_api_etl.py for tasks to queue
[2022-05-22 20:48:26,411] {logging_mixin.py:104} INFO - [2022-05-22 20:48:26,410] {dagbag.py:496} INFO - Filling up the DagBag from /home/airflow/.local/lib/python3.8/site-packages/airflow/example_dags/tutorial_taskflow_api_etl.py
[2022-05-22 20:48:26,522] {scheduler_job.py:643} INFO - DAG(s) dict_keys(['tutorial_taskflow_api_etl']) retrieved from /home/airflow/.local/lib/python3.8/site-packages/airflow/example_dags/tutorial_taskflow_api_etl.py
[2022-05-22 20:48:27,690] {logging_mixin.py:104} INFO - [2022-05-22 20:48:27,689] {dag.py:1833} INFO - Sync 1 DAGs
[2022-05-22 20:48:27,760] {logging_mixin.py:104} INFO - [2022-05-22 20:48:27,760] {dag.py:2306} INFO - Setting next_dagrun for tutorial_taskflow_api_etl to None
[2022-05-22 20:48:28,003] {scheduler_job.py:190} INFO - Processing /home/airflow/.local/lib/python3.8/site-packages/airflow/example_dags/tutorial_taskflow_api_etl.py took 1.651 seconds
[2022-05-22 20:49:02,212] {scheduler_job.py:182} INFO - Started process (PID=155) to work on /home/airflow/.local/lib/python3.8/site-packages/airflow/example_dags/tutorial_taskflow_api_etl.py
[2022-05-22 20:49:02,221] {scheduler_job.py:633} INFO - Processing file /home/airflow/.local/lib/python3.8/site-packages/airflow/example_dags/tutorial_taskflow_api_etl.py for tasks to queue
[2022-05-22 20:49:02,226] {logging_mixin.py:104} INFO - [2022-05-22 20:49:02,226] {dagbag.py:496} INFO - Filling up the DagBag from /home/airflow/.local/lib/python3.8/site-packages/airflow/example_dags/tutorial_taskflow_api_etl.py
[2022-05-22 20:49:02,298] {scheduler_job.py:643} INFO - DAG(s) dict_keys(['tutorial_taskflow_api_etl']) retrieved from /home/airflow/.local/lib/python3.8/site-packages/airflow/example_dags/tutorial_taskflow_api_etl.py
[2022-05-22 20:49:03,581] {logging_mixin.py:104} INFO - [2022-05-22 20:49:03,581] {dag.py:1833} INFO - Sync 1 DAGs
[2022-05-22 20:49:03,691] {logging_mixin.py:104} INFO - [2022-05-22 20:49:03,691] {dag.py:2306} INFO - Setting next_dagrun for tutorial_taskflow_api_etl to None
[2022-05-22 20:49:03,925] {scheduler_job.py:190} INFO - Processing /home/airflow/.local/lib/python3.8/site-packages/airflow/example_dags/tutorial_taskflow_api_etl.py took 1.719 seconds
[2022-05-22 20:49:55,062] {scheduler_job.py:182} INFO - Started process (PID=185) to work on /home/airflow/.local/lib/python3.8/site-packages/airflow/example_dags/tutorial_taskflow_api_etl.py
[2022-05-22 20:49:55,070] {scheduler_job.py:633} INFO - Processing file /home/airflow/.local/lib/python3.8/site-packages/airflow/example_dags/tutorial_taskflow_api_etl.py for tasks to queue
[2022-05-22 20:49:55,071] {logging_mixin.py:104} INFO - [2022-05-22 20:49:55,071] {dagbag.py:496} INFO - Filling up the DagBag from /home/airflow/.local/lib/python3.8/site-packages/airflow/example_dags/tutorial_taskflow_api_etl.py
[2022-05-22 20:49:55,099] {scheduler_job.py:643} INFO - DAG(s) dict_keys(['tutorial_taskflow_api_etl']) retrieved from /home/airflow/.local/lib/python3.8/site-packages/airflow/example_dags/tutorial_taskflow_api_etl.py
[2022-05-22 20:49:55,622] {logging_mixin.py:104} INFO - [2022-05-22 20:49:55,622] {dag.py:1833} INFO - Sync 1 DAGs
[2022-05-22 20:49:55,662] {logging_mixin.py:104} INFO - [2022-05-22 20:49:55,662] {dag.py:2306} INFO - Setting next_dagrun for tutorial_taskflow_api_etl to None
[2022-05-22 20:49:55,755] {scheduler_job.py:190} INFO - Processing /home/airflow/.local/lib/python3.8/site-packages/airflow/example_dags/tutorial_taskflow_api_etl.py took 0.698 seconds
[2022-05-22 20:50:28,988] {scheduler_job.py:182} INFO - Started process (PID=208) to work on /home/airflow/.local/lib/python3.8/site-packages/airflow/example_dags/tutorial_taskflow_api_etl.py
[2022-05-22 20:50:28,991] {scheduler_job.py:633} INFO - Processing file /home/airflow/.local/lib/python3.8/site-packages/airflow/example_dags/tutorial_taskflow_api_etl.py for tasks to queue
[2022-05-22 20:50:28,993] {logging_mixin.py:104} INFO - [2022-05-22 20:50:28,993] {dagbag.py:496} INFO - Filling up the DagBag from /home/airflow/.local/lib/python3.8/site-packages/airflow/example_dags/tutorial_taskflow_api_etl.py
[2022-05-22 20:50:29,022] {scheduler_job.py:643} INFO - DAG(s) dict_keys(['tutorial_taskflow_api_etl']) retrieved from /home/airflow/.local/lib/python3.8/site-packages/airflow/example_dags/tutorial_taskflow_api_etl.py
[2022-05-22 20:50:29,561] {logging_mixin.py:104} INFO - [2022-05-22 20:50:29,561] {dag.py:1833} INFO - Sync 1 DAGs
[2022-05-22 20:50:29,599] {logging_mixin.py:104} INFO - [2022-05-22 20:50:29,599] {dag.py:2306} INFO - Setting next_dagrun for tutorial_taskflow_api_etl to None
[2022-05-22 20:50:29,690] {scheduler_job.py:190} INFO - Processing /home/airflow/.local/lib/python3.8/site-packages/airflow/example_dags/tutorial_taskflow_api_etl.py took 0.706 seconds
[2022-05-22 20:51:01,279] {scheduler_job.py:182} INFO - Started process (PID=230) to work on /home/airflow/.local/lib/python3.8/site-packages/airflow/example_dags/tutorial_taskflow_api_etl.py
[2022-05-22 20:51:01,287] {scheduler_job.py:633} INFO - Processing file /home/airflow/.local/lib/python3.8/site-packages/airflow/example_dags/tutorial_taskflow_api_etl.py for tasks to queue
[2022-05-22 20:51:01,289] {logging_mixin.py:104} INFO - [2022-05-22 20:51:01,289] {dagbag.py:496} INFO - Filling up the DagBag from /home/airflow/.local/lib/python3.8/site-packages/airflow/example_dags/tutorial_taskflow_api_etl.py
[2022-05-22 20:51:01,325] {scheduler_job.py:643} INFO - DAG(s) dict_keys(['tutorial_taskflow_api_etl']) retrieved from /home/airflow/.local/lib/python3.8/site-packages/airflow/example_dags/tutorial_taskflow_api_etl.py
[2022-05-22 20:51:01,725] {logging_mixin.py:104} INFO - [2022-05-22 20:51:01,725] {dag.py:1833} INFO - Sync 1 DAGs
[2022-05-22 20:51:01,756] {logging_mixin.py:104} INFO - [2022-05-22 20:51:01,756] {dag.py:2306} INFO - Setting next_dagrun for tutorial_taskflow_api_etl to None
[2022-05-22 20:51:01,857] {scheduler_job.py:190} INFO - Processing /home/airflow/.local/lib/python3.8/site-packages/airflow/example_dags/tutorial_taskflow_api_etl.py took 0.583 seconds
[2022-05-22 20:51:34,774] {scheduler_job.py:182} INFO - Started process (PID=253) to work on /home/airflow/.local/lib/python3.8/site-packages/airflow/example_dags/tutorial_taskflow_api_etl.py
[2022-05-22 20:51:34,779] {scheduler_job.py:633} INFO - Processing file /home/airflow/.local/lib/python3.8/site-packages/airflow/example_dags/tutorial_taskflow_api_etl.py for tasks to queue
[2022-05-22 20:51:34,781] {logging_mixin.py:104} INFO - [2022-05-22 20:51:34,781] {dagbag.py:496} INFO - Filling up the DagBag from /home/airflow/.local/lib/python3.8/site-packages/airflow/example_dags/tutorial_taskflow_api_etl.py
[2022-05-22 20:51:34,812] {scheduler_job.py:643} INFO - DAG(s) dict_keys(['tutorial_taskflow_api_etl']) retrieved from /home/airflow/.local/lib/python3.8/site-packages/airflow/example_dags/tutorial_taskflow_api_etl.py
[2022-05-22 20:51:35,276] {logging_mixin.py:104} INFO - [2022-05-22 20:51:35,276] {dag.py:1833} INFO - Sync 1 DAGs
[2022-05-22 20:51:35,312] {logging_mixin.py:104} INFO - [2022-05-22 20:51:35,312] {dag.py:2306} INFO - Setting next_dagrun for tutorial_taskflow_api_etl to None
[2022-05-22 20:51:35,434] {scheduler_job.py:190} INFO - Processing /home/airflow/.local/lib/python3.8/site-packages/airflow/example_dags/tutorial_taskflow_api_etl.py took 0.669 seconds
[2022-05-22 20:52:20,312] {scheduler_job.py:182} INFO - Started process (PID=284) to work on /home/airflow/.local/lib/python3.8/site-packages/airflow/example_dags/tutorial_taskflow_api_etl.py
[2022-05-22 20:52:20,320] {scheduler_job.py:633} INFO - Processing file /home/airflow/.local/lib/python3.8/site-packages/airflow/example_dags/tutorial_taskflow_api_etl.py for tasks to queue
[2022-05-22 20:52:20,322] {logging_mixin.py:104} INFO - [2022-05-22 20:52:20,322] {dagbag.py:496} INFO - Filling up the DagBag from /home/airflow/.local/lib/python3.8/site-packages/airflow/example_dags/tutorial_taskflow_api_etl.py
[2022-05-22 20:52:20,349] {scheduler_job.py:643} INFO - DAG(s) dict_keys(['tutorial_taskflow_api_etl']) retrieved from /home/airflow/.local/lib/python3.8/site-packages/airflow/example_dags/tutorial_taskflow_api_etl.py
[2022-05-22 20:52:20,752] {logging_mixin.py:104} INFO - [2022-05-22 20:52:20,752] {dag.py:1833} INFO - Sync 1 DAGs
[2022-05-22 20:52:20,787] {logging_mixin.py:104} INFO - [2022-05-22 20:52:20,787] {dag.py:2306} INFO - Setting next_dagrun for tutorial_taskflow_api_etl to None
[2022-05-22 20:52:20,991] {scheduler_job.py:190} INFO - Processing /home/airflow/.local/lib/python3.8/site-packages/airflow/example_dags/tutorial_taskflow_api_etl.py took 0.683 seconds
[2022-05-22 21:24:12,850] {scheduler_job.py:182} INFO - Started process (PID=25) to work on /home/airflow/.local/lib/python3.8/site-packages/airflow/example_dags/tutorial_taskflow_api_etl.py
[2022-05-22 21:24:12,853] {scheduler_job.py:633} INFO - Processing file /home/airflow/.local/lib/python3.8/site-packages/airflow/example_dags/tutorial_taskflow_api_etl.py for tasks to queue
[2022-05-22 21:24:12,858] {logging_mixin.py:104} INFO - [2022-05-22 21:24:12,857] {dagbag.py:496} INFO - Filling up the DagBag from /home/airflow/.local/lib/python3.8/site-packages/airflow/example_dags/tutorial_taskflow_api_etl.py
[2022-05-22 21:24:12,883] {scheduler_job.py:643} INFO - DAG(s) dict_keys(['tutorial_taskflow_api_etl']) retrieved from /home/airflow/.local/lib/python3.8/site-packages/airflow/example_dags/tutorial_taskflow_api_etl.py
[2022-05-22 21:24:13,655] {logging_mixin.py:104} INFO - [2022-05-22 21:24:13,655] {dag.py:1833} INFO - Sync 1 DAGs
[2022-05-22 21:24:13,687] {logging_mixin.py:104} INFO - [2022-05-22 21:24:13,687] {dag.py:2306} INFO - Setting next_dagrun for tutorial_taskflow_api_etl to None
[2022-05-22 21:24:13,783] {scheduler_job.py:190} INFO - Processing /home/airflow/.local/lib/python3.8/site-packages/airflow/example_dags/tutorial_taskflow_api_etl.py took 0.941 seconds
[2022-05-22 21:25:01,107] {scheduler_job.py:182} INFO - Started process (PID=58) to work on /home/airflow/.local/lib/python3.8/site-packages/airflow/example_dags/tutorial_taskflow_api_etl.py
[2022-05-22 21:25:01,112] {scheduler_job.py:633} INFO - Processing file /home/airflow/.local/lib/python3.8/site-packages/airflow/example_dags/tutorial_taskflow_api_etl.py for tasks to queue
[2022-05-22 21:25:01,119] {logging_mixin.py:104} INFO - [2022-05-22 21:25:01,119] {dagbag.py:496} INFO - Filling up the DagBag from /home/airflow/.local/lib/python3.8/site-packages/airflow/example_dags/tutorial_taskflow_api_etl.py
[2022-05-22 21:25:01,143] {scheduler_job.py:643} INFO - DAG(s) dict_keys(['tutorial_taskflow_api_etl']) retrieved from /home/airflow/.local/lib/python3.8/site-packages/airflow/example_dags/tutorial_taskflow_api_etl.py
[2022-05-22 21:25:01,417] {logging_mixin.py:104} INFO - [2022-05-22 21:25:01,417] {dag.py:1833} INFO - Sync 1 DAGs
[2022-05-22 21:25:01,440] {logging_mixin.py:104} INFO - [2022-05-22 21:25:01,440] {dag.py:2306} INFO - Setting next_dagrun for tutorial_taskflow_api_etl to None
[2022-05-22 21:25:01,498] {scheduler_job.py:190} INFO - Processing /home/airflow/.local/lib/python3.8/site-packages/airflow/example_dags/tutorial_taskflow_api_etl.py took 0.395 seconds
[2022-05-22 21:25:38,040] {scheduler_job.py:182} INFO - Started process (PID=85) to work on /home/airflow/.local/lib/python3.8/site-packages/airflow/example_dags/tutorial_taskflow_api_etl.py
[2022-05-22 21:25:38,043] {scheduler_job.py:633} INFO - Processing file /home/airflow/.local/lib/python3.8/site-packages/airflow/example_dags/tutorial_taskflow_api_etl.py for tasks to queue
[2022-05-22 21:25:38,044] {logging_mixin.py:104} INFO - [2022-05-22 21:25:38,044] {dagbag.py:496} INFO - Filling up the DagBag from /home/airflow/.local/lib/python3.8/site-packages/airflow/example_dags/tutorial_taskflow_api_etl.py
[2022-05-22 21:25:38,063] {scheduler_job.py:643} INFO - DAG(s) dict_keys(['tutorial_taskflow_api_etl']) retrieved from /home/airflow/.local/lib/python3.8/site-packages/airflow/example_dags/tutorial_taskflow_api_etl.py
[2022-05-22 21:25:38,333] {logging_mixin.py:104} INFO - [2022-05-22 21:25:38,333] {dag.py:1833} INFO - Sync 1 DAGs
[2022-05-22 21:25:38,364] {logging_mixin.py:104} INFO - [2022-05-22 21:25:38,364] {dag.py:2306} INFO - Setting next_dagrun for tutorial_taskflow_api_etl to None
[2022-05-22 21:25:38,442] {scheduler_job.py:190} INFO - Processing /home/airflow/.local/lib/python3.8/site-packages/airflow/example_dags/tutorial_taskflow_api_etl.py took 0.406 seconds
[2022-05-22 21:27:33,456] {scheduler_job.py:182} INFO - Started process (PID=26) to work on /home/airflow/.local/lib/python3.8/site-packages/airflow/example_dags/tutorial_taskflow_api_etl.py
[2022-05-22 21:27:33,459] {scheduler_job.py:633} INFO - Processing file /home/airflow/.local/lib/python3.8/site-packages/airflow/example_dags/tutorial_taskflow_api_etl.py for tasks to queue
[2022-05-22 21:27:33,462] {logging_mixin.py:104} INFO - [2022-05-22 21:27:33,462] {dagbag.py:496} INFO - Filling up the DagBag from /home/airflow/.local/lib/python3.8/site-packages/airflow/example_dags/tutorial_taskflow_api_etl.py
[2022-05-22 21:27:33,483] {scheduler_job.py:643} INFO - DAG(s) dict_keys(['tutorial_taskflow_api_etl']) retrieved from /home/airflow/.local/lib/python3.8/site-packages/airflow/example_dags/tutorial_taskflow_api_etl.py
[2022-05-22 21:27:33,824] {logging_mixin.py:104} INFO - [2022-05-22 21:27:33,823] {dag.py:1833} INFO - Sync 1 DAGs
[2022-05-22 21:27:33,847] {logging_mixin.py:104} INFO - [2022-05-22 21:27:33,847] {dag.py:2306} INFO - Setting next_dagrun for tutorial_taskflow_api_etl to None
[2022-05-22 21:27:33,913] {scheduler_job.py:190} INFO - Processing /home/airflow/.local/lib/python3.8/site-packages/airflow/example_dags/tutorial_taskflow_api_etl.py took 0.463 seconds
[2022-05-22 21:28:15,622] {scheduler_job.py:182} INFO - Started process (PID=59) to work on /home/airflow/.local/lib/python3.8/site-packages/airflow/example_dags/tutorial_taskflow_api_etl.py
[2022-05-22 21:28:15,625] {scheduler_job.py:633} INFO - Processing file /home/airflow/.local/lib/python3.8/site-packages/airflow/example_dags/tutorial_taskflow_api_etl.py for tasks to queue
[2022-05-22 21:28:15,628] {logging_mixin.py:104} INFO - [2022-05-22 21:28:15,628] {dagbag.py:496} INFO - Filling up the DagBag from /home/airflow/.local/lib/python3.8/site-packages/airflow/example_dags/tutorial_taskflow_api_etl.py
[2022-05-22 21:28:15,651] {scheduler_job.py:643} INFO - DAG(s) dict_keys(['tutorial_taskflow_api_etl']) retrieved from /home/airflow/.local/lib/python3.8/site-packages/airflow/example_dags/tutorial_taskflow_api_etl.py
[2022-05-22 21:28:15,967] {logging_mixin.py:104} INFO - [2022-05-22 21:28:15,967] {dag.py:1833} INFO - Sync 1 DAGs
[2022-05-22 21:28:15,989] {logging_mixin.py:104} INFO - [2022-05-22 21:28:15,989] {dag.py:2306} INFO - Setting next_dagrun for tutorial_taskflow_api_etl to None
[2022-05-22 21:28:16,054] {scheduler_job.py:190} INFO - Processing /home/airflow/.local/lib/python3.8/site-packages/airflow/example_dags/tutorial_taskflow_api_etl.py took 0.436 seconds
[2022-05-22 21:28:55,779] {scheduler_job.py:182} INFO - Started process (PID=88) to work on /home/airflow/.local/lib/python3.8/site-packages/airflow/example_dags/tutorial_taskflow_api_etl.py
[2022-05-22 21:28:55,786] {scheduler_job.py:633} INFO - Processing file /home/airflow/.local/lib/python3.8/site-packages/airflow/example_dags/tutorial_taskflow_api_etl.py for tasks to queue
[2022-05-22 21:28:55,791] {logging_mixin.py:104} INFO - [2022-05-22 21:28:55,790] {dagbag.py:496} INFO - Filling up the DagBag from /home/airflow/.local/lib/python3.8/site-packages/airflow/example_dags/tutorial_taskflow_api_etl.py
[2022-05-22 21:28:55,850] {scheduler_job.py:643} INFO - DAG(s) dict_keys(['tutorial_taskflow_api_etl']) retrieved from /home/airflow/.local/lib/python3.8/site-packages/airflow/example_dags/tutorial_taskflow_api_etl.py
[2022-05-22 21:28:56,827] {logging_mixin.py:104} INFO - [2022-05-22 21:28:56,827] {dag.py:1833} INFO - Sync 1 DAGs
[2022-05-22 21:28:56,905] {logging_mixin.py:104} INFO - [2022-05-22 21:28:56,905] {dag.py:2306} INFO - Setting next_dagrun for tutorial_taskflow_api_etl to None
[2022-05-22 21:28:57,087] {scheduler_job.py:190} INFO - Processing /home/airflow/.local/lib/python3.8/site-packages/airflow/example_dags/tutorial_taskflow_api_etl.py took 1.320 seconds
[2022-05-22 21:29:37,562] {scheduler_job.py:182} INFO - Started process (PID=120) to work on /home/airflow/.local/lib/python3.8/site-packages/airflow/example_dags/tutorial_taskflow_api_etl.py
[2022-05-22 21:29:37,565] {scheduler_job.py:633} INFO - Processing file /home/airflow/.local/lib/python3.8/site-packages/airflow/example_dags/tutorial_taskflow_api_etl.py for tasks to queue
[2022-05-22 21:29:37,567] {logging_mixin.py:104} INFO - [2022-05-22 21:29:37,566] {dagbag.py:496} INFO - Filling up the DagBag from /home/airflow/.local/lib/python3.8/site-packages/airflow/example_dags/tutorial_taskflow_api_etl.py
[2022-05-22 21:29:37,591] {scheduler_job.py:643} INFO - DAG(s) dict_keys(['tutorial_taskflow_api_etl']) retrieved from /home/airflow/.local/lib/python3.8/site-packages/airflow/example_dags/tutorial_taskflow_api_etl.py
[2022-05-22 21:29:37,824] {logging_mixin.py:104} INFO - [2022-05-22 21:29:37,824] {dag.py:1833} INFO - Sync 1 DAGs
[2022-05-22 21:29:37,851] {logging_mixin.py:104} INFO - [2022-05-22 21:29:37,851] {dag.py:2306} INFO - Setting next_dagrun for tutorial_taskflow_api_etl to None
[2022-05-22 21:29:37,903] {scheduler_job.py:190} INFO - Processing /home/airflow/.local/lib/python3.8/site-packages/airflow/example_dags/tutorial_taskflow_api_etl.py took 0.345 seconds
[2022-05-22 21:30:21,765] {scheduler_job.py:182} INFO - Started process (PID=152) to work on /home/airflow/.local/lib/python3.8/site-packages/airflow/example_dags/tutorial_taskflow_api_etl.py
[2022-05-22 21:30:21,768] {scheduler_job.py:633} INFO - Processing file /home/airflow/.local/lib/python3.8/site-packages/airflow/example_dags/tutorial_taskflow_api_etl.py for tasks to queue
[2022-05-22 21:30:21,770] {logging_mixin.py:104} INFO - [2022-05-22 21:30:21,769] {dagbag.py:496} INFO - Filling up the DagBag from /home/airflow/.local/lib/python3.8/site-packages/airflow/example_dags/tutorial_taskflow_api_etl.py
[2022-05-22 21:30:21,790] {scheduler_job.py:643} INFO - DAG(s) dict_keys(['tutorial_taskflow_api_etl']) retrieved from /home/airflow/.local/lib/python3.8/site-packages/airflow/example_dags/tutorial_taskflow_api_etl.py
[2022-05-22 21:30:22,015] {logging_mixin.py:104} INFO - [2022-05-22 21:30:22,015] {dag.py:1833} INFO - Sync 1 DAGs
[2022-05-22 21:30:22,032] {logging_mixin.py:104} INFO - [2022-05-22 21:30:22,032] {dag.py:2306} INFO - Setting next_dagrun for tutorial_taskflow_api_etl to None
[2022-05-22 21:30:22,094] {scheduler_job.py:190} INFO - Processing /home/airflow/.local/lib/python3.8/site-packages/airflow/example_dags/tutorial_taskflow_api_etl.py took 0.333 seconds
[2022-05-22 21:31:01,414] {scheduler_job.py:182} INFO - Started process (PID=184) to work on /home/airflow/.local/lib/python3.8/site-packages/airflow/example_dags/tutorial_taskflow_api_etl.py
[2022-05-22 21:31:01,418] {scheduler_job.py:633} INFO - Processing file /home/airflow/.local/lib/python3.8/site-packages/airflow/example_dags/tutorial_taskflow_api_etl.py for tasks to queue
[2022-05-22 21:31:01,419] {logging_mixin.py:104} INFO - [2022-05-22 21:31:01,419] {dagbag.py:496} INFO - Filling up the DagBag from /home/airflow/.local/lib/python3.8/site-packages/airflow/example_dags/tutorial_taskflow_api_etl.py
[2022-05-22 21:31:01,439] {scheduler_job.py:643} INFO - DAG(s) dict_keys(['tutorial_taskflow_api_etl']) retrieved from /home/airflow/.local/lib/python3.8/site-packages/airflow/example_dags/tutorial_taskflow_api_etl.py
[2022-05-22 21:31:01,670] {logging_mixin.py:104} INFO - [2022-05-22 21:31:01,670] {dag.py:1833} INFO - Sync 1 DAGs
[2022-05-22 21:31:01,692] {logging_mixin.py:104} INFO - [2022-05-22 21:31:01,692] {dag.py:2306} INFO - Setting next_dagrun for tutorial_taskflow_api_etl to None
[2022-05-22 21:31:01,743] {scheduler_job.py:190} INFO - Processing /home/airflow/.local/lib/python3.8/site-packages/airflow/example_dags/tutorial_taskflow_api_etl.py took 0.332 seconds
[2022-05-22 21:31:39,176] {scheduler_job.py:182} INFO - Started process (PID=214) to work on /home/airflow/.local/lib/python3.8/site-packages/airflow/example_dags/tutorial_taskflow_api_etl.py
[2022-05-22 21:31:39,181] {scheduler_job.py:633} INFO - Processing file /home/airflow/.local/lib/python3.8/site-packages/airflow/example_dags/tutorial_taskflow_api_etl.py for tasks to queue
[2022-05-22 21:31:39,183] {logging_mixin.py:104} INFO - [2022-05-22 21:31:39,183] {dagbag.py:496} INFO - Filling up the DagBag from /home/airflow/.local/lib/python3.8/site-packages/airflow/example_dags/tutorial_taskflow_api_etl.py
[2022-05-22 21:31:39,205] {scheduler_job.py:643} INFO - DAG(s) dict_keys(['tutorial_taskflow_api_etl']) retrieved from /home/airflow/.local/lib/python3.8/site-packages/airflow/example_dags/tutorial_taskflow_api_etl.py
[2022-05-22 21:31:39,468] {logging_mixin.py:104} INFO - [2022-05-22 21:31:39,467] {dag.py:1833} INFO - Sync 1 DAGs
[2022-05-22 21:31:39,484] {logging_mixin.py:104} INFO - [2022-05-22 21:31:39,484] {dag.py:2306} INFO - Setting next_dagrun for tutorial_taskflow_api_etl to None
[2022-05-22 21:31:39,545] {scheduler_job.py:190} INFO - Processing /home/airflow/.local/lib/python3.8/site-packages/airflow/example_dags/tutorial_taskflow_api_etl.py took 0.395 seconds
[2022-05-22 21:32:11,402] {scheduler_job.py:182} INFO - Started process (PID=241) to work on /home/airflow/.local/lib/python3.8/site-packages/airflow/example_dags/tutorial_taskflow_api_etl.py
[2022-05-22 21:32:11,406] {scheduler_job.py:633} INFO - Processing file /home/airflow/.local/lib/python3.8/site-packages/airflow/example_dags/tutorial_taskflow_api_etl.py for tasks to queue
[2022-05-22 21:32:11,407] {logging_mixin.py:104} INFO - [2022-05-22 21:32:11,407] {dagbag.py:496} INFO - Filling up the DagBag from /home/airflow/.local/lib/python3.8/site-packages/airflow/example_dags/tutorial_taskflow_api_etl.py
[2022-05-22 21:32:11,424] {scheduler_job.py:643} INFO - DAG(s) dict_keys(['tutorial_taskflow_api_etl']) retrieved from /home/airflow/.local/lib/python3.8/site-packages/airflow/example_dags/tutorial_taskflow_api_etl.py
[2022-05-22 21:32:11,659] {logging_mixin.py:104} INFO - [2022-05-22 21:32:11,658] {dag.py:1833} INFO - Sync 1 DAGs
[2022-05-22 21:32:11,681] {logging_mixin.py:104} INFO - [2022-05-22 21:32:11,681] {dag.py:2306} INFO - Setting next_dagrun for tutorial_taskflow_api_etl to None
[2022-05-22 21:32:11,735] {scheduler_job.py:190} INFO - Processing /home/airflow/.local/lib/python3.8/site-packages/airflow/example_dags/tutorial_taskflow_api_etl.py took 0.336 seconds
[2022-05-22 21:35:47,718] {scheduler_job.py:182} INFO - Started process (PID=24) to work on /home/airflow/.local/lib/python3.8/site-packages/airflow/example_dags/tutorial_taskflow_api_etl.py
[2022-05-22 21:35:47,722] {scheduler_job.py:633} INFO - Processing file /home/airflow/.local/lib/python3.8/site-packages/airflow/example_dags/tutorial_taskflow_api_etl.py for tasks to queue
[2022-05-22 21:35:47,724] {logging_mixin.py:104} INFO - [2022-05-22 21:35:47,724] {dagbag.py:496} INFO - Filling up the DagBag from /home/airflow/.local/lib/python3.8/site-packages/airflow/example_dags/tutorial_taskflow_api_etl.py
[2022-05-22 21:35:47,741] {scheduler_job.py:643} INFO - DAG(s) dict_keys(['tutorial_taskflow_api_etl']) retrieved from /home/airflow/.local/lib/python3.8/site-packages/airflow/example_dags/tutorial_taskflow_api_etl.py
[2022-05-22 21:35:48,007] {logging_mixin.py:104} INFO - [2022-05-22 21:35:48,006] {dag.py:1833} INFO - Sync 1 DAGs
[2022-05-22 21:35:48,026] {logging_mixin.py:104} INFO - [2022-05-22 21:35:48,026] {dag.py:2306} INFO - Setting next_dagrun for tutorial_taskflow_api_etl to None
[2022-05-22 21:35:48,078] {scheduler_job.py:190} INFO - Processing /home/airflow/.local/lib/python3.8/site-packages/airflow/example_dags/tutorial_taskflow_api_etl.py took 0.363 seconds
[2022-05-22 21:36:28,164] {scheduler_job.py:182} INFO - Started process (PID=57) to work on /home/airflow/.local/lib/python3.8/site-packages/airflow/example_dags/tutorial_taskflow_api_etl.py
[2022-05-22 21:36:28,168] {scheduler_job.py:633} INFO - Processing file /home/airflow/.local/lib/python3.8/site-packages/airflow/example_dags/tutorial_taskflow_api_etl.py for tasks to queue
[2022-05-22 21:36:28,169] {logging_mixin.py:104} INFO - [2022-05-22 21:36:28,169] {dagbag.py:496} INFO - Filling up the DagBag from /home/airflow/.local/lib/python3.8/site-packages/airflow/example_dags/tutorial_taskflow_api_etl.py
[2022-05-22 21:36:28,185] {scheduler_job.py:643} INFO - DAG(s) dict_keys(['tutorial_taskflow_api_etl']) retrieved from /home/airflow/.local/lib/python3.8/site-packages/airflow/example_dags/tutorial_taskflow_api_etl.py
[2022-05-22 21:36:28,418] {logging_mixin.py:104} INFO - [2022-05-22 21:36:28,418] {dag.py:1833} INFO - Sync 1 DAGs
[2022-05-22 21:36:28,435] {logging_mixin.py:104} INFO - [2022-05-22 21:36:28,435] {dag.py:2306} INFO - Setting next_dagrun for tutorial_taskflow_api_etl to None
[2022-05-22 21:36:28,482] {scheduler_job.py:190} INFO - Processing /home/airflow/.local/lib/python3.8/site-packages/airflow/example_dags/tutorial_taskflow_api_etl.py took 0.321 seconds
[2022-05-22 21:37:05,877] {scheduler_job.py:182} INFO - Started process (PID=86) to work on /home/airflow/.local/lib/python3.8/site-packages/airflow/example_dags/tutorial_taskflow_api_etl.py
[2022-05-22 21:37:05,880] {scheduler_job.py:633} INFO - Processing file /home/airflow/.local/lib/python3.8/site-packages/airflow/example_dags/tutorial_taskflow_api_etl.py for tasks to queue
[2022-05-22 21:37:05,882] {logging_mixin.py:104} INFO - [2022-05-22 21:37:05,882] {dagbag.py:496} INFO - Filling up the DagBag from /home/airflow/.local/lib/python3.8/site-packages/airflow/example_dags/tutorial_taskflow_api_etl.py
[2022-05-22 21:37:05,898] {scheduler_job.py:643} INFO - DAG(s) dict_keys(['tutorial_taskflow_api_etl']) retrieved from /home/airflow/.local/lib/python3.8/site-packages/airflow/example_dags/tutorial_taskflow_api_etl.py
[2022-05-22 21:37:06,178] {logging_mixin.py:104} INFO - [2022-05-22 21:37:06,178] {dag.py:1833} INFO - Sync 1 DAGs
[2022-05-22 21:37:06,200] {logging_mixin.py:104} INFO - [2022-05-22 21:37:06,200] {dag.py:2306} INFO - Setting next_dagrun for tutorial_taskflow_api_etl to None
[2022-05-22 21:37:06,250] {scheduler_job.py:190} INFO - Processing /home/airflow/.local/lib/python3.8/site-packages/airflow/example_dags/tutorial_taskflow_api_etl.py took 0.377 seconds
[2022-05-22 21:37:49,588] {scheduler_job.py:182} INFO - Started process (PID=118) to work on /home/airflow/.local/lib/python3.8/site-packages/airflow/example_dags/tutorial_taskflow_api_etl.py
[2022-05-22 21:37:49,592] {scheduler_job.py:633} INFO - Processing file /home/airflow/.local/lib/python3.8/site-packages/airflow/example_dags/tutorial_taskflow_api_etl.py for tasks to queue
[2022-05-22 21:37:49,594] {logging_mixin.py:104} INFO - [2022-05-22 21:37:49,593] {dagbag.py:496} INFO - Filling up the DagBag from /home/airflow/.local/lib/python3.8/site-packages/airflow/example_dags/tutorial_taskflow_api_etl.py
[2022-05-22 21:37:49,614] {scheduler_job.py:643} INFO - DAG(s) dict_keys(['tutorial_taskflow_api_etl']) retrieved from /home/airflow/.local/lib/python3.8/site-packages/airflow/example_dags/tutorial_taskflow_api_etl.py
[2022-05-22 21:37:49,884] {logging_mixin.py:104} INFO - [2022-05-22 21:37:49,884] {dag.py:1833} INFO - Sync 1 DAGs
[2022-05-22 21:37:49,906] {logging_mixin.py:104} INFO - [2022-05-22 21:37:49,906] {dag.py:2306} INFO - Setting next_dagrun for tutorial_taskflow_api_etl to None
[2022-05-22 21:37:49,969] {scheduler_job.py:190} INFO - Processing /home/airflow/.local/lib/python3.8/site-packages/airflow/example_dags/tutorial_taskflow_api_etl.py took 0.385 seconds
[2022-05-22 21:38:28,423] {scheduler_job.py:182} INFO - Started process (PID=151) to work on /home/airflow/.local/lib/python3.8/site-packages/airflow/example_dags/tutorial_taskflow_api_etl.py
[2022-05-22 21:38:28,426] {scheduler_job.py:633} INFO - Processing file /home/airflow/.local/lib/python3.8/site-packages/airflow/example_dags/tutorial_taskflow_api_etl.py for tasks to queue
[2022-05-22 21:38:28,428] {logging_mixin.py:104} INFO - [2022-05-22 21:38:28,428] {dagbag.py:496} INFO - Filling up the DagBag from /home/airflow/.local/lib/python3.8/site-packages/airflow/example_dags/tutorial_taskflow_api_etl.py
[2022-05-22 21:38:28,445] {scheduler_job.py:643} INFO - DAG(s) dict_keys(['tutorial_taskflow_api_etl']) retrieved from /home/airflow/.local/lib/python3.8/site-packages/airflow/example_dags/tutorial_taskflow_api_etl.py
[2022-05-22 21:38:28,725] {logging_mixin.py:104} INFO - [2022-05-22 21:38:28,725] {dag.py:1833} INFO - Sync 1 DAGs
[2022-05-22 21:38:28,744] {logging_mixin.py:104} INFO - [2022-05-22 21:38:28,744] {dag.py:2306} INFO - Setting next_dagrun for tutorial_taskflow_api_etl to None
[2022-05-22 21:38:28,801] {scheduler_job.py:190} INFO - Processing /home/airflow/.local/lib/python3.8/site-packages/airflow/example_dags/tutorial_taskflow_api_etl.py took 0.381 seconds
[2022-05-22 21:39:10,060] {scheduler_job.py:182} INFO - Started process (PID=184) to work on /home/airflow/.local/lib/python3.8/site-packages/airflow/example_dags/tutorial_taskflow_api_etl.py
[2022-05-22 21:39:10,065] {scheduler_job.py:633} INFO - Processing file /home/airflow/.local/lib/python3.8/site-packages/airflow/example_dags/tutorial_taskflow_api_etl.py for tasks to queue
[2022-05-22 21:39:10,072] {logging_mixin.py:104} INFO - [2022-05-22 21:39:10,072] {dagbag.py:496} INFO - Filling up the DagBag from /home/airflow/.local/lib/python3.8/site-packages/airflow/example_dags/tutorial_taskflow_api_etl.py
[2022-05-22 21:39:10,106] {scheduler_job.py:643} INFO - DAG(s) dict_keys(['tutorial_taskflow_api_etl']) retrieved from /home/airflow/.local/lib/python3.8/site-packages/airflow/example_dags/tutorial_taskflow_api_etl.py
[2022-05-22 21:39:10,435] {logging_mixin.py:104} INFO - [2022-05-22 21:39:10,435] {dag.py:1833} INFO - Sync 1 DAGs
[2022-05-22 21:39:10,452] {logging_mixin.py:104} INFO - [2022-05-22 21:39:10,452] {dag.py:2306} INFO - Setting next_dagrun for tutorial_taskflow_api_etl to None
[2022-05-22 21:39:10,499] {scheduler_job.py:190} INFO - Processing /home/airflow/.local/lib/python3.8/site-packages/airflow/example_dags/tutorial_taskflow_api_etl.py took 0.442 seconds
[2022-05-22 21:39:46,512] {scheduler_job.py:182} INFO - Started process (PID=213) to work on /home/airflow/.local/lib/python3.8/site-packages/airflow/example_dags/tutorial_taskflow_api_etl.py
[2022-05-22 21:39:46,516] {scheduler_job.py:633} INFO - Processing file /home/airflow/.local/lib/python3.8/site-packages/airflow/example_dags/tutorial_taskflow_api_etl.py for tasks to queue
[2022-05-22 21:39:46,518] {logging_mixin.py:104} INFO - [2022-05-22 21:39:46,518] {dagbag.py:496} INFO - Filling up the DagBag from /home/airflow/.local/lib/python3.8/site-packages/airflow/example_dags/tutorial_taskflow_api_etl.py
[2022-05-22 21:39:46,539] {scheduler_job.py:643} INFO - DAG(s) dict_keys(['tutorial_taskflow_api_etl']) retrieved from /home/airflow/.local/lib/python3.8/site-packages/airflow/example_dags/tutorial_taskflow_api_etl.py
[2022-05-22 21:39:46,779] {logging_mixin.py:104} INFO - [2022-05-22 21:39:46,779] {dag.py:1833} INFO - Sync 1 DAGs
[2022-05-22 21:39:46,796] {logging_mixin.py:104} INFO - [2022-05-22 21:39:46,796] {dag.py:2306} INFO - Setting next_dagrun for tutorial_taskflow_api_etl to None
[2022-05-22 21:39:46,853] {scheduler_job.py:190} INFO - Processing /home/airflow/.local/lib/python3.8/site-packages/airflow/example_dags/tutorial_taskflow_api_etl.py took 0.346 seconds
[2022-05-22 21:40:21,484] {scheduler_job.py:182} INFO - Started process (PID=241) to work on /home/airflow/.local/lib/python3.8/site-packages/airflow/example_dags/tutorial_taskflow_api_etl.py
[2022-05-22 21:40:21,486] {scheduler_job.py:633} INFO - Processing file /home/airflow/.local/lib/python3.8/site-packages/airflow/example_dags/tutorial_taskflow_api_etl.py for tasks to queue
[2022-05-22 21:40:21,488] {logging_mixin.py:104} INFO - [2022-05-22 21:40:21,488] {dagbag.py:496} INFO - Filling up the DagBag from /home/airflow/.local/lib/python3.8/site-packages/airflow/example_dags/tutorial_taskflow_api_etl.py
[2022-05-22 21:40:21,505] {scheduler_job.py:643} INFO - DAG(s) dict_keys(['tutorial_taskflow_api_etl']) retrieved from /home/airflow/.local/lib/python3.8/site-packages/airflow/example_dags/tutorial_taskflow_api_etl.py
[2022-05-22 21:40:21,738] {logging_mixin.py:104} INFO - [2022-05-22 21:40:21,738] {dag.py:1833} INFO - Sync 1 DAGs
[2022-05-22 21:40:21,759] {logging_mixin.py:104} INFO - [2022-05-22 21:40:21,759] {dag.py:2306} INFO - Setting next_dagrun for tutorial_taskflow_api_etl to None
[2022-05-22 21:40:21,810] {scheduler_job.py:190} INFO - Processing /home/airflow/.local/lib/python3.8/site-packages/airflow/example_dags/tutorial_taskflow_api_etl.py took 0.329 seconds
[2022-05-22 21:45:48,797] {scheduler_job.py:182} INFO - Started process (PID=25) to work on /home/airflow/.local/lib/python3.8/site-packages/airflow/example_dags/tutorial_taskflow_api_etl.py
[2022-05-22 21:45:48,802] {scheduler_job.py:633} INFO - Processing file /home/airflow/.local/lib/python3.8/site-packages/airflow/example_dags/tutorial_taskflow_api_etl.py for tasks to queue
[2022-05-22 21:45:48,805] {logging_mixin.py:104} INFO - [2022-05-22 21:45:48,805] {dagbag.py:496} INFO - Filling up the DagBag from /home/airflow/.local/lib/python3.8/site-packages/airflow/example_dags/tutorial_taskflow_api_etl.py
[2022-05-22 21:45:48,830] {scheduler_job.py:643} INFO - DAG(s) dict_keys(['tutorial_taskflow_api_etl']) retrieved from /home/airflow/.local/lib/python3.8/site-packages/airflow/example_dags/tutorial_taskflow_api_etl.py
[2022-05-22 21:45:49,142] {logging_mixin.py:104} INFO - [2022-05-22 21:45:49,142] {dag.py:1833} INFO - Sync 1 DAGs
[2022-05-22 21:45:49,170] {logging_mixin.py:104} INFO - [2022-05-22 21:45:49,170] {dag.py:2306} INFO - Setting next_dagrun for tutorial_taskflow_api_etl to None
[2022-05-22 21:45:49,230] {scheduler_job.py:190} INFO - Processing /home/airflow/.local/lib/python3.8/site-packages/airflow/example_dags/tutorial_taskflow_api_etl.py took 0.442 seconds
[2022-05-22 21:46:28,669] {scheduler_job.py:182} INFO - Started process (PID=58) to work on /home/airflow/.local/lib/python3.8/site-packages/airflow/example_dags/tutorial_taskflow_api_etl.py
[2022-05-22 21:46:28,677] {scheduler_job.py:633} INFO - Processing file /home/airflow/.local/lib/python3.8/site-packages/airflow/example_dags/tutorial_taskflow_api_etl.py for tasks to queue
[2022-05-22 21:46:28,679] {logging_mixin.py:104} INFO - [2022-05-22 21:46:28,679] {dagbag.py:496} INFO - Filling up the DagBag from /home/airflow/.local/lib/python3.8/site-packages/airflow/example_dags/tutorial_taskflow_api_etl.py
[2022-05-22 21:46:28,717] {scheduler_job.py:643} INFO - DAG(s) dict_keys(['tutorial_taskflow_api_etl']) retrieved from /home/airflow/.local/lib/python3.8/site-packages/airflow/example_dags/tutorial_taskflow_api_etl.py
[2022-05-22 21:46:29,227] {logging_mixin.py:104} INFO - [2022-05-22 21:46:29,224] {dag.py:1833} INFO - Sync 1 DAGs
[2022-05-22 21:46:29,278] {logging_mixin.py:104} INFO - [2022-05-22 21:46:29,277] {dag.py:2306} INFO - Setting next_dagrun for tutorial_taskflow_api_etl to None
[2022-05-22 21:46:29,340] {scheduler_job.py:190} INFO - Processing /home/airflow/.local/lib/python3.8/site-packages/airflow/example_dags/tutorial_taskflow_api_etl.py took 0.677 seconds
[2022-05-22 21:47:07,909] {scheduler_job.py:182} INFO - Started process (PID=87) to work on /home/airflow/.local/lib/python3.8/site-packages/airflow/example_dags/tutorial_taskflow_api_etl.py
[2022-05-22 21:47:07,914] {scheduler_job.py:633} INFO - Processing file /home/airflow/.local/lib/python3.8/site-packages/airflow/example_dags/tutorial_taskflow_api_etl.py for tasks to queue
[2022-05-22 21:47:07,916] {logging_mixin.py:104} INFO - [2022-05-22 21:47:07,916] {dagbag.py:496} INFO - Filling up the DagBag from /home/airflow/.local/lib/python3.8/site-packages/airflow/example_dags/tutorial_taskflow_api_etl.py
[2022-05-22 21:47:07,940] {scheduler_job.py:643} INFO - DAG(s) dict_keys(['tutorial_taskflow_api_etl']) retrieved from /home/airflow/.local/lib/python3.8/site-packages/airflow/example_dags/tutorial_taskflow_api_etl.py
[2022-05-22 21:47:08,237] {logging_mixin.py:104} INFO - [2022-05-22 21:47:08,237] {dag.py:1833} INFO - Sync 1 DAGs
[2022-05-22 21:47:08,262] {logging_mixin.py:104} INFO - [2022-05-22 21:47:08,261] {dag.py:2306} INFO - Setting next_dagrun for tutorial_taskflow_api_etl to None
[2022-05-22 21:47:08,318] {scheduler_job.py:190} INFO - Processing /home/airflow/.local/lib/python3.8/site-packages/airflow/example_dags/tutorial_taskflow_api_etl.py took 0.415 seconds
[2022-05-22 21:47:49,350] {scheduler_job.py:182} INFO - Started process (PID=119) to work on /home/airflow/.local/lib/python3.8/site-packages/airflow/example_dags/tutorial_taskflow_api_etl.py
[2022-05-22 21:47:49,353] {scheduler_job.py:633} INFO - Processing file /home/airflow/.local/lib/python3.8/site-packages/airflow/example_dags/tutorial_taskflow_api_etl.py for tasks to queue
[2022-05-22 21:47:49,355] {logging_mixin.py:104} INFO - [2022-05-22 21:47:49,355] {dagbag.py:496} INFO - Filling up the DagBag from /home/airflow/.local/lib/python3.8/site-packages/airflow/example_dags/tutorial_taskflow_api_etl.py
[2022-05-22 21:47:49,372] {scheduler_job.py:643} INFO - DAG(s) dict_keys(['tutorial_taskflow_api_etl']) retrieved from /home/airflow/.local/lib/python3.8/site-packages/airflow/example_dags/tutorial_taskflow_api_etl.py
[2022-05-22 21:47:49,634] {logging_mixin.py:104} INFO - [2022-05-22 21:47:49,634] {dag.py:1833} INFO - Sync 1 DAGs
[2022-05-22 21:47:49,654] {logging_mixin.py:104} INFO - [2022-05-22 21:47:49,654] {dag.py:2306} INFO - Setting next_dagrun for tutorial_taskflow_api_etl to None
[2022-05-22 21:47:49,707] {scheduler_job.py:190} INFO - Processing /home/airflow/.local/lib/python3.8/site-packages/airflow/example_dags/tutorial_taskflow_api_etl.py took 0.362 seconds
[2022-05-22 21:48:28,570] {scheduler_job.py:182} INFO - Started process (PID=149) to work on /home/airflow/.local/lib/python3.8/site-packages/airflow/example_dags/tutorial_taskflow_api_etl.py
[2022-05-22 21:48:28,574] {scheduler_job.py:633} INFO - Processing file /home/airflow/.local/lib/python3.8/site-packages/airflow/example_dags/tutorial_taskflow_api_etl.py for tasks to queue
[2022-05-22 21:48:28,575] {logging_mixin.py:104} INFO - [2022-05-22 21:48:28,575] {dagbag.py:496} INFO - Filling up the DagBag from /home/airflow/.local/lib/python3.8/site-packages/airflow/example_dags/tutorial_taskflow_api_etl.py
[2022-05-22 21:48:28,594] {scheduler_job.py:643} INFO - DAG(s) dict_keys(['tutorial_taskflow_api_etl']) retrieved from /home/airflow/.local/lib/python3.8/site-packages/airflow/example_dags/tutorial_taskflow_api_etl.py
[2022-05-22 21:48:28,829] {logging_mixin.py:104} INFO - [2022-05-22 21:48:28,829] {dag.py:1833} INFO - Sync 1 DAGs
[2022-05-22 21:48:28,846] {logging_mixin.py:104} INFO - [2022-05-22 21:48:28,846] {dag.py:2306} INFO - Setting next_dagrun for tutorial_taskflow_api_etl to None
[2022-05-22 21:48:28,905] {scheduler_job.py:190} INFO - Processing /home/airflow/.local/lib/python3.8/site-packages/airflow/example_dags/tutorial_taskflow_api_etl.py took 0.337 seconds
[2022-05-22 21:49:03,672] {scheduler_job.py:182} INFO - Started process (PID=178) to work on /home/airflow/.local/lib/python3.8/site-packages/airflow/example_dags/tutorial_taskflow_api_etl.py
[2022-05-22 21:49:03,675] {scheduler_job.py:633} INFO - Processing file /home/airflow/.local/lib/python3.8/site-packages/airflow/example_dags/tutorial_taskflow_api_etl.py for tasks to queue
[2022-05-22 21:49:03,677] {logging_mixin.py:104} INFO - [2022-05-22 21:49:03,677] {dagbag.py:496} INFO - Filling up the DagBag from /home/airflow/.local/lib/python3.8/site-packages/airflow/example_dags/tutorial_taskflow_api_etl.py
[2022-05-22 21:49:03,694] {scheduler_job.py:643} INFO - DAG(s) dict_keys(['tutorial_taskflow_api_etl']) retrieved from /home/airflow/.local/lib/python3.8/site-packages/airflow/example_dags/tutorial_taskflow_api_etl.py
[2022-05-22 21:49:03,925] {logging_mixin.py:104} INFO - [2022-05-22 21:49:03,925] {dag.py:1833} INFO - Sync 1 DAGs
[2022-05-22 21:49:03,945] {logging_mixin.py:104} INFO - [2022-05-22 21:49:03,945] {dag.py:2306} INFO - Setting next_dagrun for tutorial_taskflow_api_etl to None
[2022-05-22 21:49:03,999] {scheduler_job.py:190} INFO - Processing /home/airflow/.local/lib/python3.8/site-packages/airflow/example_dags/tutorial_taskflow_api_etl.py took 0.330 seconds
[2022-05-22 21:49:39,690] {scheduler_job.py:182} INFO - Started process (PID=206) to work on /home/airflow/.local/lib/python3.8/site-packages/airflow/example_dags/tutorial_taskflow_api_etl.py
[2022-05-22 21:49:39,694] {scheduler_job.py:633} INFO - Processing file /home/airflow/.local/lib/python3.8/site-packages/airflow/example_dags/tutorial_taskflow_api_etl.py for tasks to queue
[2022-05-22 21:49:39,699] {logging_mixin.py:104} INFO - [2022-05-22 21:49:39,698] {dagbag.py:496} INFO - Filling up the DagBag from /home/airflow/.local/lib/python3.8/site-packages/airflow/example_dags/tutorial_taskflow_api_etl.py
[2022-05-22 21:49:39,724] {scheduler_job.py:643} INFO - DAG(s) dict_keys(['tutorial_taskflow_api_etl']) retrieved from /home/airflow/.local/lib/python3.8/site-packages/airflow/example_dags/tutorial_taskflow_api_etl.py
[2022-05-22 21:49:40,126] {logging_mixin.py:104} INFO - [2022-05-22 21:49:40,126] {dag.py:1833} INFO - Sync 1 DAGs
[2022-05-22 21:49:40,181] {logging_mixin.py:104} INFO - [2022-05-22 21:49:40,180] {dag.py:2306} INFO - Setting next_dagrun for tutorial_taskflow_api_etl to None
[2022-05-22 21:49:40,276] {scheduler_job.py:190} INFO - Processing /home/airflow/.local/lib/python3.8/site-packages/airflow/example_dags/tutorial_taskflow_api_etl.py took 0.593 seconds
[2022-05-22 21:50:14,183] {scheduler_job.py:182} INFO - Started process (PID=234) to work on /home/airflow/.local/lib/python3.8/site-packages/airflow/example_dags/tutorial_taskflow_api_etl.py
[2022-05-22 21:50:14,188] {scheduler_job.py:633} INFO - Processing file /home/airflow/.local/lib/python3.8/site-packages/airflow/example_dags/tutorial_taskflow_api_etl.py for tasks to queue
[2022-05-22 21:50:14,190] {logging_mixin.py:104} INFO - [2022-05-22 21:50:14,189] {dagbag.py:496} INFO - Filling up the DagBag from /home/airflow/.local/lib/python3.8/site-packages/airflow/example_dags/tutorial_taskflow_api_etl.py
[2022-05-22 21:50:14,216] {scheduler_job.py:643} INFO - DAG(s) dict_keys(['tutorial_taskflow_api_etl']) retrieved from /home/airflow/.local/lib/python3.8/site-packages/airflow/example_dags/tutorial_taskflow_api_etl.py
[2022-05-22 21:50:14,572] {logging_mixin.py:104} INFO - [2022-05-22 21:50:14,572] {dag.py:1833} INFO - Sync 1 DAGs
[2022-05-22 21:50:14,593] {logging_mixin.py:104} INFO - [2022-05-22 21:50:14,593] {dag.py:2306} INFO - Setting next_dagrun for tutorial_taskflow_api_etl to None
[2022-05-22 21:50:14,653] {scheduler_job.py:190} INFO - Processing /home/airflow/.local/lib/python3.8/site-packages/airflow/example_dags/tutorial_taskflow_api_etl.py took 0.475 seconds
[2022-05-22 21:58:58,372] {scheduler_job.py:182} INFO - Started process (PID=27) to work on /home/airflow/.local/lib/python3.8/site-packages/airflow/example_dags/tutorial_taskflow_api_etl.py
[2022-05-22 21:58:58,384] {scheduler_job.py:633} INFO - Processing file /home/airflow/.local/lib/python3.8/site-packages/airflow/example_dags/tutorial_taskflow_api_etl.py for tasks to queue
[2022-05-22 21:58:58,394] {logging_mixin.py:104} INFO - [2022-05-22 21:58:58,392] {dagbag.py:496} INFO - Filling up the DagBag from /home/airflow/.local/lib/python3.8/site-packages/airflow/example_dags/tutorial_taskflow_api_etl.py
[2022-05-22 21:58:58,472] {scheduler_job.py:643} INFO - DAG(s) dict_keys(['tutorial_taskflow_api_etl']) retrieved from /home/airflow/.local/lib/python3.8/site-packages/airflow/example_dags/tutorial_taskflow_api_etl.py
[2022-05-22 21:58:58,945] {logging_mixin.py:104} INFO - [2022-05-22 21:58:58,945] {dag.py:1833} INFO - Sync 1 DAGs
[2022-05-22 21:58:58,962] {logging_mixin.py:104} INFO - [2022-05-22 21:58:58,962] {dag.py:2306} INFO - Setting next_dagrun for tutorial_taskflow_api_etl to None
[2022-05-22 21:58:59,013] {scheduler_job.py:190} INFO - Processing /home/airflow/.local/lib/python3.8/site-packages/airflow/example_dags/tutorial_taskflow_api_etl.py took 0.647 seconds
[2022-05-22 22:02:08,784] {scheduler_job.py:182} INFO - Started process (PID=26) to work on /home/airflow/.local/lib/python3.8/site-packages/airflow/example_dags/tutorial_taskflow_api_etl.py
[2022-05-22 22:02:08,787] {scheduler_job.py:633} INFO - Processing file /home/airflow/.local/lib/python3.8/site-packages/airflow/example_dags/tutorial_taskflow_api_etl.py for tasks to queue
[2022-05-22 22:02:08,789] {logging_mixin.py:104} INFO - [2022-05-22 22:02:08,788] {dagbag.py:496} INFO - Filling up the DagBag from /home/airflow/.local/lib/python3.8/site-packages/airflow/example_dags/tutorial_taskflow_api_etl.py
[2022-05-22 22:02:08,806] {scheduler_job.py:643} INFO - DAG(s) dict_keys(['tutorial_taskflow_api_etl']) retrieved from /home/airflow/.local/lib/python3.8/site-packages/airflow/example_dags/tutorial_taskflow_api_etl.py
[2022-05-22 22:02:09,087] {logging_mixin.py:104} INFO - [2022-05-22 22:02:09,087] {dag.py:1833} INFO - Sync 1 DAGs
[2022-05-22 22:02:09,108] {logging_mixin.py:104} INFO - [2022-05-22 22:02:09,108] {dag.py:2306} INFO - Setting next_dagrun for tutorial_taskflow_api_etl to None
[2022-05-22 22:02:09,188] {scheduler_job.py:190} INFO - Processing /home/airflow/.local/lib/python3.8/site-packages/airflow/example_dags/tutorial_taskflow_api_etl.py took 0.408 seconds
[2022-05-22 22:02:56,678] {scheduler_job.py:182} INFO - Started process (PID=63) to work on /home/airflow/.local/lib/python3.8/site-packages/airflow/example_dags/tutorial_taskflow_api_etl.py
[2022-05-22 22:02:56,681] {scheduler_job.py:633} INFO - Processing file /home/airflow/.local/lib/python3.8/site-packages/airflow/example_dags/tutorial_taskflow_api_etl.py for tasks to queue
[2022-05-22 22:02:56,683] {logging_mixin.py:104} INFO - [2022-05-22 22:02:56,683] {dagbag.py:496} INFO - Filling up the DagBag from /home/airflow/.local/lib/python3.8/site-packages/airflow/example_dags/tutorial_taskflow_api_etl.py
[2022-05-22 22:02:56,701] {scheduler_job.py:643} INFO - DAG(s) dict_keys(['tutorial_taskflow_api_etl']) retrieved from /home/airflow/.local/lib/python3.8/site-packages/airflow/example_dags/tutorial_taskflow_api_etl.py
[2022-05-22 22:02:56,985] {logging_mixin.py:104} INFO - [2022-05-22 22:02:56,984] {dag.py:1833} INFO - Sync 1 DAGs
[2022-05-22 22:02:57,005] {logging_mixin.py:104} INFO - [2022-05-22 22:02:57,005] {dag.py:2306} INFO - Setting next_dagrun for tutorial_taskflow_api_etl to None
[2022-05-22 22:02:57,063] {scheduler_job.py:190} INFO - Processing /home/airflow/.local/lib/python3.8/site-packages/airflow/example_dags/tutorial_taskflow_api_etl.py took 0.388 seconds
[2022-05-22 22:03:32,816] {scheduler_job.py:182} INFO - Started process (PID=90) to work on /home/airflow/.local/lib/python3.8/site-packages/airflow/example_dags/tutorial_taskflow_api_etl.py
[2022-05-22 22:03:32,819] {scheduler_job.py:633} INFO - Processing file /home/airflow/.local/lib/python3.8/site-packages/airflow/example_dags/tutorial_taskflow_api_etl.py for tasks to queue
[2022-05-22 22:03:32,821] {logging_mixin.py:104} INFO - [2022-05-22 22:03:32,821] {dagbag.py:496} INFO - Filling up the DagBag from /home/airflow/.local/lib/python3.8/site-packages/airflow/example_dags/tutorial_taskflow_api_etl.py
[2022-05-22 22:03:32,837] {scheduler_job.py:643} INFO - DAG(s) dict_keys(['tutorial_taskflow_api_etl']) retrieved from /home/airflow/.local/lib/python3.8/site-packages/airflow/example_dags/tutorial_taskflow_api_etl.py
[2022-05-22 22:03:33,194] {logging_mixin.py:104} INFO - [2022-05-22 22:03:33,193] {dag.py:1833} INFO - Sync 1 DAGs
[2022-05-22 22:03:33,226] {logging_mixin.py:104} INFO - [2022-05-22 22:03:33,226] {dag.py:2306} INFO - Setting next_dagrun for tutorial_taskflow_api_etl to None
[2022-05-22 22:03:33,319] {scheduler_job.py:190} INFO - Processing /home/airflow/.local/lib/python3.8/site-packages/airflow/example_dags/tutorial_taskflow_api_etl.py took 0.506 seconds
[2022-05-22 22:04:19,629] {scheduler_job.py:182} INFO - Started process (PID=126) to work on /home/airflow/.local/lib/python3.8/site-packages/airflow/example_dags/tutorial_taskflow_api_etl.py
[2022-05-22 22:04:19,635] {scheduler_job.py:633} INFO - Processing file /home/airflow/.local/lib/python3.8/site-packages/airflow/example_dags/tutorial_taskflow_api_etl.py for tasks to queue
[2022-05-22 22:04:19,640] {logging_mixin.py:104} INFO - [2022-05-22 22:04:19,640] {dagbag.py:496} INFO - Filling up the DagBag from /home/airflow/.local/lib/python3.8/site-packages/airflow/example_dags/tutorial_taskflow_api_etl.py
[2022-05-22 22:04:19,694] {scheduler_job.py:643} INFO - DAG(s) dict_keys(['tutorial_taskflow_api_etl']) retrieved from /home/airflow/.local/lib/python3.8/site-packages/airflow/example_dags/tutorial_taskflow_api_etl.py
[2022-05-22 22:04:20,346] {logging_mixin.py:104} INFO - [2022-05-22 22:04:20,345] {dag.py:1833} INFO - Sync 1 DAGs
[2022-05-22 22:04:20,374] {logging_mixin.py:104} INFO - [2022-05-22 22:04:20,374] {dag.py:2306} INFO - Setting next_dagrun for tutorial_taskflow_api_etl to None
[2022-05-22 22:04:20,435] {scheduler_job.py:190} INFO - Processing /home/airflow/.local/lib/python3.8/site-packages/airflow/example_dags/tutorial_taskflow_api_etl.py took 0.811 seconds
[2022-05-22 22:05:06,461] {scheduler_job.py:182} INFO - Started process (PID=163) to work on /home/airflow/.local/lib/python3.8/site-packages/airflow/example_dags/tutorial_taskflow_api_etl.py
[2022-05-22 22:05:06,465] {scheduler_job.py:633} INFO - Processing file /home/airflow/.local/lib/python3.8/site-packages/airflow/example_dags/tutorial_taskflow_api_etl.py for tasks to queue
[2022-05-22 22:05:06,467] {logging_mixin.py:104} INFO - [2022-05-22 22:05:06,466] {dagbag.py:496} INFO - Filling up the DagBag from /home/airflow/.local/lib/python3.8/site-packages/airflow/example_dags/tutorial_taskflow_api_etl.py
[2022-05-22 22:05:06,488] {scheduler_job.py:643} INFO - DAG(s) dict_keys(['tutorial_taskflow_api_etl']) retrieved from /home/airflow/.local/lib/python3.8/site-packages/airflow/example_dags/tutorial_taskflow_api_etl.py
[2022-05-22 22:05:06,771] {logging_mixin.py:104} INFO - [2022-05-22 22:05:06,771] {dag.py:1833} INFO - Sync 1 DAGs
[2022-05-22 22:05:06,803] {logging_mixin.py:104} INFO - [2022-05-22 22:05:06,803] {dag.py:2306} INFO - Setting next_dagrun for tutorial_taskflow_api_etl to None
[2022-05-22 22:05:06,864] {scheduler_job.py:190} INFO - Processing /home/airflow/.local/lib/python3.8/site-packages/airflow/example_dags/tutorial_taskflow_api_etl.py took 0.407 seconds
[2022-05-22 22:05:43,811] {scheduler_job.py:182} INFO - Started process (PID=192) to work on /home/airflow/.local/lib/python3.8/site-packages/airflow/example_dags/tutorial_taskflow_api_etl.py
[2022-05-22 22:05:43,814] {scheduler_job.py:633} INFO - Processing file /home/airflow/.local/lib/python3.8/site-packages/airflow/example_dags/tutorial_taskflow_api_etl.py for tasks to queue
[2022-05-22 22:05:43,817] {logging_mixin.py:104} INFO - [2022-05-22 22:05:43,817] {dagbag.py:496} INFO - Filling up the DagBag from /home/airflow/.local/lib/python3.8/site-packages/airflow/example_dags/tutorial_taskflow_api_etl.py
[2022-05-22 22:05:43,843] {scheduler_job.py:643} INFO - DAG(s) dict_keys(['tutorial_taskflow_api_etl']) retrieved from /home/airflow/.local/lib/python3.8/site-packages/airflow/example_dags/tutorial_taskflow_api_etl.py
[2022-05-22 22:05:44,169] {logging_mixin.py:104} INFO - [2022-05-22 22:05:44,169] {dag.py:1833} INFO - Sync 1 DAGs
[2022-05-22 22:05:44,190] {logging_mixin.py:104} INFO - [2022-05-22 22:05:44,190] {dag.py:2306} INFO - Setting next_dagrun for tutorial_taskflow_api_etl to None
[2022-05-22 22:05:44,259] {scheduler_job.py:190} INFO - Processing /home/airflow/.local/lib/python3.8/site-packages/airflow/example_dags/tutorial_taskflow_api_etl.py took 0.454 seconds
[2022-05-22 22:06:20,642] {scheduler_job.py:182} INFO - Started process (PID=222) to work on /home/airflow/.local/lib/python3.8/site-packages/airflow/example_dags/tutorial_taskflow_api_etl.py
[2022-05-22 22:06:20,645] {scheduler_job.py:633} INFO - Processing file /home/airflow/.local/lib/python3.8/site-packages/airflow/example_dags/tutorial_taskflow_api_etl.py for tasks to queue
[2022-05-22 22:06:20,647] {logging_mixin.py:104} INFO - [2022-05-22 22:06:20,647] {dagbag.py:496} INFO - Filling up the DagBag from /home/airflow/.local/lib/python3.8/site-packages/airflow/example_dags/tutorial_taskflow_api_etl.py
[2022-05-22 22:06:20,667] {scheduler_job.py:643} INFO - DAG(s) dict_keys(['tutorial_taskflow_api_etl']) retrieved from /home/airflow/.local/lib/python3.8/site-packages/airflow/example_dags/tutorial_taskflow_api_etl.py
[2022-05-22 22:06:21,113] {logging_mixin.py:104} INFO - [2022-05-22 22:06:21,112] {dag.py:1833} INFO - Sync 1 DAGs
[2022-05-22 22:06:21,153] {logging_mixin.py:104} INFO - [2022-05-22 22:06:21,153] {dag.py:2306} INFO - Setting next_dagrun for tutorial_taskflow_api_etl to None
[2022-05-22 22:06:21,218] {scheduler_job.py:190} INFO - Processing /home/airflow/.local/lib/python3.8/site-packages/airflow/example_dags/tutorial_taskflow_api_etl.py took 0.582 seconds
[2022-05-22 22:07:04,275] {scheduler_job.py:182} INFO - Started process (PID=253) to work on /home/airflow/.local/lib/python3.8/site-packages/airflow/example_dags/tutorial_taskflow_api_etl.py
[2022-05-22 22:07:04,284] {scheduler_job.py:633} INFO - Processing file /home/airflow/.local/lib/python3.8/site-packages/airflow/example_dags/tutorial_taskflow_api_etl.py for tasks to queue
[2022-05-22 22:07:04,289] {logging_mixin.py:104} INFO - [2022-05-22 22:07:04,288] {dagbag.py:496} INFO - Filling up the DagBag from /home/airflow/.local/lib/python3.8/site-packages/airflow/example_dags/tutorial_taskflow_api_etl.py
[2022-05-22 22:07:04,478] {scheduler_job.py:643} INFO - DAG(s) dict_keys(['tutorial_taskflow_api_etl']) retrieved from /home/airflow/.local/lib/python3.8/site-packages/airflow/example_dags/tutorial_taskflow_api_etl.py
[2022-05-22 22:07:05,021] {logging_mixin.py:104} INFO - [2022-05-22 22:07:05,021] {dag.py:1833} INFO - Sync 1 DAGs
[2022-05-22 22:07:05,039] {logging_mixin.py:104} INFO - [2022-05-22 22:07:05,039] {dag.py:2306} INFO - Setting next_dagrun for tutorial_taskflow_api_etl to None
[2022-05-22 22:07:05,095] {scheduler_job.py:190} INFO - Processing /home/airflow/.local/lib/python3.8/site-packages/airflow/example_dags/tutorial_taskflow_api_etl.py took 0.834 seconds
[2022-05-22 22:07:43,701] {scheduler_job.py:182} INFO - Started process (PID=279) to work on /home/airflow/.local/lib/python3.8/site-packages/airflow/example_dags/tutorial_taskflow_api_etl.py
[2022-05-22 22:07:43,708] {scheduler_job.py:633} INFO - Processing file /home/airflow/.local/lib/python3.8/site-packages/airflow/example_dags/tutorial_taskflow_api_etl.py for tasks to queue
[2022-05-22 22:07:43,712] {logging_mixin.py:104} INFO - [2022-05-22 22:07:43,712] {dagbag.py:496} INFO - Filling up the DagBag from /home/airflow/.local/lib/python3.8/site-packages/airflow/example_dags/tutorial_taskflow_api_etl.py
[2022-05-22 22:07:43,747] {scheduler_job.py:643} INFO - DAG(s) dict_keys(['tutorial_taskflow_api_etl']) retrieved from /home/airflow/.local/lib/python3.8/site-packages/airflow/example_dags/tutorial_taskflow_api_etl.py
[2022-05-22 22:07:44,064] {logging_mixin.py:104} INFO - [2022-05-22 22:07:44,064] {dag.py:1833} INFO - Sync 1 DAGs
[2022-05-22 22:07:44,085] {logging_mixin.py:104} INFO - [2022-05-22 22:07:44,085] {dag.py:2306} INFO - Setting next_dagrun for tutorial_taskflow_api_etl to None
[2022-05-22 22:07:44,135] {scheduler_job.py:190} INFO - Processing /home/airflow/.local/lib/python3.8/site-packages/airflow/example_dags/tutorial_taskflow_api_etl.py took 0.439 seconds
[2022-05-22 22:08:19,400] {scheduler_job.py:182} INFO - Started process (PID=305) to work on /home/airflow/.local/lib/python3.8/site-packages/airflow/example_dags/tutorial_taskflow_api_etl.py
[2022-05-22 22:08:19,402] {scheduler_job.py:633} INFO - Processing file /home/airflow/.local/lib/python3.8/site-packages/airflow/example_dags/tutorial_taskflow_api_etl.py for tasks to queue
[2022-05-22 22:08:19,404] {logging_mixin.py:104} INFO - [2022-05-22 22:08:19,404] {dagbag.py:496} INFO - Filling up the DagBag from /home/airflow/.local/lib/python3.8/site-packages/airflow/example_dags/tutorial_taskflow_api_etl.py
[2022-05-22 22:08:19,423] {scheduler_job.py:643} INFO - DAG(s) dict_keys(['tutorial_taskflow_api_etl']) retrieved from /home/airflow/.local/lib/python3.8/site-packages/airflow/example_dags/tutorial_taskflow_api_etl.py
[2022-05-22 22:08:19,663] {logging_mixin.py:104} INFO - [2022-05-22 22:08:19,663] {dag.py:1833} INFO - Sync 1 DAGs
[2022-05-22 22:08:19,682] {logging_mixin.py:104} INFO - [2022-05-22 22:08:19,682] {dag.py:2306} INFO - Setting next_dagrun for tutorial_taskflow_api_etl to None
[2022-05-22 22:08:19,800] {scheduler_job.py:190} INFO - Processing /home/airflow/.local/lib/python3.8/site-packages/airflow/example_dags/tutorial_taskflow_api_etl.py took 0.404 seconds
[2022-05-22 22:09:00,834] {scheduler_job.py:182} INFO - Started process (PID=337) to work on /home/airflow/.local/lib/python3.8/site-packages/airflow/example_dags/tutorial_taskflow_api_etl.py
[2022-05-22 22:09:00,838] {scheduler_job.py:633} INFO - Processing file /home/airflow/.local/lib/python3.8/site-packages/airflow/example_dags/tutorial_taskflow_api_etl.py for tasks to queue
[2022-05-22 22:09:00,839] {logging_mixin.py:104} INFO - [2022-05-22 22:09:00,839] {dagbag.py:496} INFO - Filling up the DagBag from /home/airflow/.local/lib/python3.8/site-packages/airflow/example_dags/tutorial_taskflow_api_etl.py
[2022-05-22 22:09:00,859] {scheduler_job.py:643} INFO - DAG(s) dict_keys(['tutorial_taskflow_api_etl']) retrieved from /home/airflow/.local/lib/python3.8/site-packages/airflow/example_dags/tutorial_taskflow_api_etl.py
[2022-05-22 22:09:01,149] {logging_mixin.py:104} INFO - [2022-05-22 22:09:01,149] {dag.py:1833} INFO - Sync 1 DAGs
[2022-05-22 22:09:01,175] {logging_mixin.py:104} INFO - [2022-05-22 22:09:01,175] {dag.py:2306} INFO - Setting next_dagrun for tutorial_taskflow_api_etl to None
[2022-05-22 22:09:01,307] {scheduler_job.py:190} INFO - Processing /home/airflow/.local/lib/python3.8/site-packages/airflow/example_dags/tutorial_taskflow_api_etl.py took 0.477 seconds
[2022-05-22 22:09:33,576] {scheduler_job.py:182} INFO - Started process (PID=364) to work on /home/airflow/.local/lib/python3.8/site-packages/airflow/example_dags/tutorial_taskflow_api_etl.py
[2022-05-22 22:09:33,579] {scheduler_job.py:633} INFO - Processing file /home/airflow/.local/lib/python3.8/site-packages/airflow/example_dags/tutorial_taskflow_api_etl.py for tasks to queue
[2022-05-22 22:09:33,581] {logging_mixin.py:104} INFO - [2022-05-22 22:09:33,581] {dagbag.py:496} INFO - Filling up the DagBag from /home/airflow/.local/lib/python3.8/site-packages/airflow/example_dags/tutorial_taskflow_api_etl.py
[2022-05-22 22:09:33,607] {scheduler_job.py:643} INFO - DAG(s) dict_keys(['tutorial_taskflow_api_etl']) retrieved from /home/airflow/.local/lib/python3.8/site-packages/airflow/example_dags/tutorial_taskflow_api_etl.py
[2022-05-22 22:09:33,909] {logging_mixin.py:104} INFO - [2022-05-22 22:09:33,909] {dag.py:1833} INFO - Sync 1 DAGs
[2022-05-22 22:09:34,007] {logging_mixin.py:104} INFO - [2022-05-22 22:09:34,007] {dag.py:2306} INFO - Setting next_dagrun for tutorial_taskflow_api_etl to None
[2022-05-22 22:09:34,067] {scheduler_job.py:190} INFO - Processing /home/airflow/.local/lib/python3.8/site-packages/airflow/example_dags/tutorial_taskflow_api_etl.py took 0.495 seconds
[2022-05-22 22:10:11,705] {scheduler_job.py:182} INFO - Started process (PID=393) to work on /home/airflow/.local/lib/python3.8/site-packages/airflow/example_dags/tutorial_taskflow_api_etl.py
[2022-05-22 22:10:11,709] {scheduler_job.py:633} INFO - Processing file /home/airflow/.local/lib/python3.8/site-packages/airflow/example_dags/tutorial_taskflow_api_etl.py for tasks to queue
[2022-05-22 22:10:11,712] {logging_mixin.py:104} INFO - [2022-05-22 22:10:11,712] {dagbag.py:496} INFO - Filling up the DagBag from /home/airflow/.local/lib/python3.8/site-packages/airflow/example_dags/tutorial_taskflow_api_etl.py
[2022-05-22 22:10:11,740] {scheduler_job.py:643} INFO - DAG(s) dict_keys(['tutorial_taskflow_api_etl']) retrieved from /home/airflow/.local/lib/python3.8/site-packages/airflow/example_dags/tutorial_taskflow_api_etl.py
[2022-05-22 22:10:12,008] {logging_mixin.py:104} INFO - [2022-05-22 22:10:12,007] {dag.py:1833} INFO - Sync 1 DAGs
[2022-05-22 22:10:12,189] {logging_mixin.py:104} INFO - [2022-05-22 22:10:12,189] {dag.py:2306} INFO - Setting next_dagrun for tutorial_taskflow_api_etl to None
[2022-05-22 22:10:12,254] {scheduler_job.py:190} INFO - Processing /home/airflow/.local/lib/python3.8/site-packages/airflow/example_dags/tutorial_taskflow_api_etl.py took 0.551 seconds
[2022-05-22 22:12:42,951] {scheduler_job.py:182} INFO - Started process (PID=24) to work on /home/airflow/.local/lib/python3.8/site-packages/airflow/example_dags/tutorial_taskflow_api_etl.py
[2022-05-22 22:12:42,955] {scheduler_job.py:633} INFO - Processing file /home/airflow/.local/lib/python3.8/site-packages/airflow/example_dags/tutorial_taskflow_api_etl.py for tasks to queue
[2022-05-22 22:12:42,956] {logging_mixin.py:104} INFO - [2022-05-22 22:12:42,956] {dagbag.py:496} INFO - Filling up the DagBag from /home/airflow/.local/lib/python3.8/site-packages/airflow/example_dags/tutorial_taskflow_api_etl.py
[2022-05-22 22:12:42,977] {scheduler_job.py:643} INFO - DAG(s) dict_keys(['tutorial_taskflow_api_etl']) retrieved from /home/airflow/.local/lib/python3.8/site-packages/airflow/example_dags/tutorial_taskflow_api_etl.py
[2022-05-22 22:12:43,556] {logging_mixin.py:104} INFO - [2022-05-22 22:12:43,556] {dag.py:1833} INFO - Sync 1 DAGs
[2022-05-22 22:12:43,572] {logging_mixin.py:104} INFO - [2022-05-22 22:12:43,572] {dag.py:2306} INFO - Setting next_dagrun for tutorial_taskflow_api_etl to None
[2022-05-22 22:12:43,627] {scheduler_job.py:190} INFO - Processing /home/airflow/.local/lib/python3.8/site-packages/airflow/example_dags/tutorial_taskflow_api_etl.py took 0.679 seconds
[2022-05-22 22:13:53,350] {scheduler_job.py:182} INFO - Started process (PID=77) to work on /home/airflow/.local/lib/python3.8/site-packages/airflow/example_dags/tutorial_taskflow_api_etl.py
[2022-05-22 22:13:53,355] {scheduler_job.py:633} INFO - Processing file /home/airflow/.local/lib/python3.8/site-packages/airflow/example_dags/tutorial_taskflow_api_etl.py for tasks to queue
[2022-05-22 22:13:53,357] {logging_mixin.py:104} INFO - [2022-05-22 22:13:53,357] {dagbag.py:496} INFO - Filling up the DagBag from /home/airflow/.local/lib/python3.8/site-packages/airflow/example_dags/tutorial_taskflow_api_etl.py
[2022-05-22 22:13:53,381] {scheduler_job.py:643} INFO - DAG(s) dict_keys(['tutorial_taskflow_api_etl']) retrieved from /home/airflow/.local/lib/python3.8/site-packages/airflow/example_dags/tutorial_taskflow_api_etl.py
[2022-05-22 22:13:53,753] {logging_mixin.py:104} INFO - [2022-05-22 22:13:53,752] {dag.py:1833} INFO - Sync 1 DAGs
[2022-05-22 22:13:53,804] {logging_mixin.py:104} INFO - [2022-05-22 22:13:53,804] {dag.py:2306} INFO - Setting next_dagrun for tutorial_taskflow_api_etl to None
[2022-05-22 22:13:53,919] {scheduler_job.py:190} INFO - Processing /home/airflow/.local/lib/python3.8/site-packages/airflow/example_dags/tutorial_taskflow_api_etl.py took 0.572 seconds
[2022-05-22 22:14:34,936] {scheduler_job.py:182} INFO - Started process (PID=110) to work on /home/airflow/.local/lib/python3.8/site-packages/airflow/example_dags/tutorial_taskflow_api_etl.py
[2022-05-22 22:14:34,940] {scheduler_job.py:633} INFO - Processing file /home/airflow/.local/lib/python3.8/site-packages/airflow/example_dags/tutorial_taskflow_api_etl.py for tasks to queue
[2022-05-22 22:14:34,942] {logging_mixin.py:104} INFO - [2022-05-22 22:14:34,942] {dagbag.py:496} INFO - Filling up the DagBag from /home/airflow/.local/lib/python3.8/site-packages/airflow/example_dags/tutorial_taskflow_api_etl.py
[2022-05-22 22:14:34,961] {scheduler_job.py:643} INFO - DAG(s) dict_keys(['tutorial_taskflow_api_etl']) retrieved from /home/airflow/.local/lib/python3.8/site-packages/airflow/example_dags/tutorial_taskflow_api_etl.py
[2022-05-22 22:14:35,255] {logging_mixin.py:104} INFO - [2022-05-22 22:14:35,255] {dag.py:1833} INFO - Sync 1 DAGs
[2022-05-22 22:14:35,277] {logging_mixin.py:104} INFO - [2022-05-22 22:14:35,277] {dag.py:2306} INFO - Setting next_dagrun for tutorial_taskflow_api_etl to None
[2022-05-22 22:14:35,329] {scheduler_job.py:190} INFO - Processing /home/airflow/.local/lib/python3.8/site-packages/airflow/example_dags/tutorial_taskflow_api_etl.py took 0.397 seconds
[2022-05-22 22:15:12,718] {scheduler_job.py:182} INFO - Started process (PID=140) to work on /home/airflow/.local/lib/python3.8/site-packages/airflow/example_dags/tutorial_taskflow_api_etl.py
[2022-05-22 22:15:12,720] {scheduler_job.py:633} INFO - Processing file /home/airflow/.local/lib/python3.8/site-packages/airflow/example_dags/tutorial_taskflow_api_etl.py for tasks to queue
[2022-05-22 22:15:12,723] {logging_mixin.py:104} INFO - [2022-05-22 22:15:12,723] {dagbag.py:496} INFO - Filling up the DagBag from /home/airflow/.local/lib/python3.8/site-packages/airflow/example_dags/tutorial_taskflow_api_etl.py
[2022-05-22 22:15:12,755] {scheduler_job.py:643} INFO - DAG(s) dict_keys(['tutorial_taskflow_api_etl']) retrieved from /home/airflow/.local/lib/python3.8/site-packages/airflow/example_dags/tutorial_taskflow_api_etl.py
[2022-05-22 22:15:13,062] {logging_mixin.py:104} INFO - [2022-05-22 22:15:13,062] {dag.py:1833} INFO - Sync 1 DAGs
[2022-05-22 22:15:13,090] {logging_mixin.py:104} INFO - [2022-05-22 22:15:13,090] {dag.py:2306} INFO - Setting next_dagrun for tutorial_taskflow_api_etl to None
[2022-05-22 22:15:13,236] {scheduler_job.py:190} INFO - Processing /home/airflow/.local/lib/python3.8/site-packages/airflow/example_dags/tutorial_taskflow_api_etl.py took 0.522 seconds
[2022-05-22 22:15:49,429] {scheduler_job.py:182} INFO - Started process (PID=169) to work on /home/airflow/.local/lib/python3.8/site-packages/airflow/example_dags/tutorial_taskflow_api_etl.py
[2022-05-22 22:15:49,433] {scheduler_job.py:633} INFO - Processing file /home/airflow/.local/lib/python3.8/site-packages/airflow/example_dags/tutorial_taskflow_api_etl.py for tasks to queue
[2022-05-22 22:15:49,434] {logging_mixin.py:104} INFO - [2022-05-22 22:15:49,434] {dagbag.py:496} INFO - Filling up the DagBag from /home/airflow/.local/lib/python3.8/site-packages/airflow/example_dags/tutorial_taskflow_api_etl.py
[2022-05-22 22:15:49,452] {scheduler_job.py:643} INFO - DAG(s) dict_keys(['tutorial_taskflow_api_etl']) retrieved from /home/airflow/.local/lib/python3.8/site-packages/airflow/example_dags/tutorial_taskflow_api_etl.py
[2022-05-22 22:15:49,708] {logging_mixin.py:104} INFO - [2022-05-22 22:15:49,707] {dag.py:1833} INFO - Sync 1 DAGs
[2022-05-22 22:15:49,746] {logging_mixin.py:104} INFO - [2022-05-22 22:15:49,745] {dag.py:2306} INFO - Setting next_dagrun for tutorial_taskflow_api_etl to None
[2022-05-22 22:15:49,799] {scheduler_job.py:190} INFO - Processing /home/airflow/.local/lib/python3.8/site-packages/airflow/example_dags/tutorial_taskflow_api_etl.py took 0.373 seconds
[2022-05-22 22:18:42,229] {scheduler_job.py:182} INFO - Started process (PID=33) to work on /home/airflow/.local/lib/python3.8/site-packages/airflow/example_dags/tutorial_taskflow_api_etl.py
[2022-05-22 22:18:42,233] {scheduler_job.py:633} INFO - Processing file /home/airflow/.local/lib/python3.8/site-packages/airflow/example_dags/tutorial_taskflow_api_etl.py for tasks to queue
[2022-05-22 22:18:42,234] {logging_mixin.py:104} INFO - [2022-05-22 22:18:42,234] {dagbag.py:496} INFO - Filling up the DagBag from /home/airflow/.local/lib/python3.8/site-packages/airflow/example_dags/tutorial_taskflow_api_etl.py
[2022-05-22 22:18:42,251] {scheduler_job.py:643} INFO - DAG(s) dict_keys(['tutorial_taskflow_api_etl']) retrieved from /home/airflow/.local/lib/python3.8/site-packages/airflow/example_dags/tutorial_taskflow_api_etl.py
[2022-05-22 22:18:42,527] {logging_mixin.py:104} INFO - [2022-05-22 22:18:42,527] {dag.py:1833} INFO - Sync 1 DAGs
[2022-05-22 22:18:42,544] {logging_mixin.py:104} INFO - [2022-05-22 22:18:42,544] {dag.py:2306} INFO - Setting next_dagrun for tutorial_taskflow_api_etl to None
[2022-05-22 22:18:42,594] {scheduler_job.py:190} INFO - Processing /home/airflow/.local/lib/python3.8/site-packages/airflow/example_dags/tutorial_taskflow_api_etl.py took 0.368 seconds
[2022-05-22 22:19:34,659] {scheduler_job.py:182} INFO - Started process (PID=78) to work on /home/airflow/.local/lib/python3.8/site-packages/airflow/example_dags/tutorial_taskflow_api_etl.py
[2022-05-22 22:19:34,664] {scheduler_job.py:633} INFO - Processing file /home/airflow/.local/lib/python3.8/site-packages/airflow/example_dags/tutorial_taskflow_api_etl.py for tasks to queue
[2022-05-22 22:19:34,666] {logging_mixin.py:104} INFO - [2022-05-22 22:19:34,665] {dagbag.py:496} INFO - Filling up the DagBag from /home/airflow/.local/lib/python3.8/site-packages/airflow/example_dags/tutorial_taskflow_api_etl.py
[2022-05-22 22:19:34,684] {scheduler_job.py:643} INFO - DAG(s) dict_keys(['tutorial_taskflow_api_etl']) retrieved from /home/airflow/.local/lib/python3.8/site-packages/airflow/example_dags/tutorial_taskflow_api_etl.py
[2022-05-22 22:19:34,964] {logging_mixin.py:104} INFO - [2022-05-22 22:19:34,964] {dag.py:1833} INFO - Sync 1 DAGs
[2022-05-22 22:19:34,983] {logging_mixin.py:104} INFO - [2022-05-22 22:19:34,983] {dag.py:2306} INFO - Setting next_dagrun for tutorial_taskflow_api_etl to None
[2022-05-22 22:19:35,038] {scheduler_job.py:190} INFO - Processing /home/airflow/.local/lib/python3.8/site-packages/airflow/example_dags/tutorial_taskflow_api_etl.py took 0.384 seconds
