[2022-05-24 12:11:51,176] {processor.py:153} INFO - Started process (PID=251) to work on /home/airflow/.local/lib/python3.7/site-packages/airflow/example_dags/example_subdag_operator.py
[2022-05-24 12:11:51,178] {processor.py:641} INFO - Processing file /home/airflow/.local/lib/python3.7/site-packages/airflow/example_dags/example_subdag_operator.py for tasks to queue
[2022-05-24 12:11:51,181] {logging_mixin.py:115} INFO - [2022-05-24 12:11:51,181] {dagbag.py:507} INFO - Filling up the DagBag from /home/airflow/.local/lib/python3.7/site-packages/airflow/example_dags/example_subdag_operator.py
[2022-05-24 12:11:51,287] {processor.py:651} INFO - DAG(s) dict_keys(['example_subdag_operator.section-1', 'example_subdag_operator.section-2', 'example_subdag_operator']) retrieved from /home/airflow/.local/lib/python3.7/site-packages/airflow/example_dags/example_subdag_operator.py
[2022-05-24 12:11:51,792] {logging_mixin.py:115} INFO - [2022-05-24 12:11:51,792] {manager.py:508} INFO - Created Permission View: can delete on DAG:example_subdag_operator
[2022-05-24 12:11:51,826] {logging_mixin.py:115} INFO - [2022-05-24 12:11:51,826] {manager.py:508} INFO - Created Permission View: can edit on DAG:example_subdag_operator
[2022-05-24 12:11:51,880] {logging_mixin.py:115} INFO - [2022-05-24 12:11:51,879] {manager.py:508} INFO - Created Permission View: can read on DAG:example_subdag_operator
[2022-05-24 12:11:51,883] {logging_mixin.py:115} INFO - [2022-05-24 12:11:51,883] {dag.py:2371} INFO - Sync 3 DAGs
[2022-05-24 12:11:51,939] {logging_mixin.py:115} INFO - [2022-05-24 12:11:51,939] {dag.py:2390} INFO - Creating ORM DAG for example_subdag_operator.section-1
[2022-05-24 12:11:51,946] {logging_mixin.py:115} INFO - [2022-05-24 12:11:51,945] {dag.py:2390} INFO - Creating ORM DAG for example_subdag_operator.section-2
[2022-05-24 12:11:51,948] {logging_mixin.py:115} INFO - [2022-05-24 12:11:51,947] {dag.py:2390} INFO - Creating ORM DAG for example_subdag_operator
[2022-05-24 12:11:52,058] {logging_mixin.py:115} INFO - [2022-05-24 12:11:52,056] {dag.py:2919} INFO - Setting next_dagrun for example_subdag_operator to 2022-05-22T00:00:00+00:00, run_after=2022-05-22T00:00:00+00:00
[2022-05-24 12:11:52,061] {logging_mixin.py:115} INFO - [2022-05-24 12:11:52,061] {dag.py:2919} INFO - Setting next_dagrun for example_subdag_operator.section-1 to None, run_after=None
[2022-05-24 12:11:52,063] {logging_mixin.py:115} INFO - [2022-05-24 12:11:52,063] {dag.py:2919} INFO - Setting next_dagrun for example_subdag_operator.section-2 to None, run_after=None
[2022-05-24 12:11:52,134] {logging_mixin.py:115} INFO - [2022-05-24 12:11:52,134] {dag.py:2371} INFO - Sync 2 DAGs
[2022-05-24 12:11:52,155] {logging_mixin.py:115} INFO - [2022-05-24 12:11:52,155] {dag.py:2919} INFO - Setting next_dagrun for example_subdag_operator.section-1 to None, run_after=None
[2022-05-24 12:11:52,166] {logging_mixin.py:115} INFO - [2022-05-24 12:11:52,166] {dag.py:2919} INFO - Setting next_dagrun for example_subdag_operator.section-2 to None, run_after=None
[2022-05-24 12:11:52,232] {processor.py:161} INFO - Processing /home/airflow/.local/lib/python3.7/site-packages/airflow/example_dags/example_subdag_operator.py took 1.073 seconds
[2022-05-24 12:12:22,502] {processor.py:153} INFO - Started process (PID=443) to work on /home/airflow/.local/lib/python3.7/site-packages/airflow/example_dags/example_subdag_operator.py
[2022-05-24 12:12:22,506] {processor.py:641} INFO - Processing file /home/airflow/.local/lib/python3.7/site-packages/airflow/example_dags/example_subdag_operator.py for tasks to queue
[2022-05-24 12:12:22,511] {logging_mixin.py:115} INFO - [2022-05-24 12:12:22,510] {dagbag.py:507} INFO - Filling up the DagBag from /home/airflow/.local/lib/python3.7/site-packages/airflow/example_dags/example_subdag_operator.py
[2022-05-24 12:12:22,634] {processor.py:651} INFO - DAG(s) dict_keys(['example_subdag_operator.section-1', 'example_subdag_operator.section-2', 'example_subdag_operator']) retrieved from /home/airflow/.local/lib/python3.7/site-packages/airflow/example_dags/example_subdag_operator.py
[2022-05-24 12:12:22,693] {logging_mixin.py:115} INFO - [2022-05-24 12:12:22,693] {dag.py:2371} INFO - Sync 3 DAGs
[2022-05-24 12:12:22,742] {logging_mixin.py:115} INFO - [2022-05-24 12:12:22,742] {dag.py:2919} INFO - Setting next_dagrun for example_subdag_operator to 2022-05-22T00:00:00+00:00, run_after=2022-05-22T00:00:00+00:00
[2022-05-24 12:12:22,743] {logging_mixin.py:115} INFO - [2022-05-24 12:12:22,743] {dag.py:2919} INFO - Setting next_dagrun for example_subdag_operator.section-1 to None, run_after=None
[2022-05-24 12:12:22,744] {logging_mixin.py:115} INFO - [2022-05-24 12:12:22,744] {dag.py:2919} INFO - Setting next_dagrun for example_subdag_operator.section-2 to None, run_after=None
[2022-05-24 12:12:22,755] {logging_mixin.py:115} INFO - [2022-05-24 12:12:22,755] {dag.py:2371} INFO - Sync 2 DAGs
[2022-05-24 12:12:22,766] {logging_mixin.py:115} INFO - [2022-05-24 12:12:22,766] {dag.py:2919} INFO - Setting next_dagrun for example_subdag_operator.section-1 to None, run_after=None
[2022-05-24 12:12:22,768] {logging_mixin.py:115} INFO - [2022-05-24 12:12:22,768] {dag.py:2919} INFO - Setting next_dagrun for example_subdag_operator.section-2 to None, run_after=None
[2022-05-24 12:12:22,783] {processor.py:161} INFO - Processing /home/airflow/.local/lib/python3.7/site-packages/airflow/example_dags/example_subdag_operator.py took 0.298 seconds
[2022-05-24 12:12:53,158] {processor.py:153} INFO - Started process (PID=639) to work on /home/airflow/.local/lib/python3.7/site-packages/airflow/example_dags/example_subdag_operator.py
[2022-05-24 12:12:53,162] {processor.py:641} INFO - Processing file /home/airflow/.local/lib/python3.7/site-packages/airflow/example_dags/example_subdag_operator.py for tasks to queue
[2022-05-24 12:12:53,165] {logging_mixin.py:115} INFO - [2022-05-24 12:12:53,164] {dagbag.py:507} INFO - Filling up the DagBag from /home/airflow/.local/lib/python3.7/site-packages/airflow/example_dags/example_subdag_operator.py
[2022-05-24 12:12:53,212] {processor.py:651} INFO - DAG(s) dict_keys(['example_subdag_operator.section-1', 'example_subdag_operator.section-2', 'example_subdag_operator']) retrieved from /home/airflow/.local/lib/python3.7/site-packages/airflow/example_dags/example_subdag_operator.py
[2022-05-24 12:12:53,272] {logging_mixin.py:115} INFO - [2022-05-24 12:12:53,272] {dag.py:2371} INFO - Sync 3 DAGs
[2022-05-24 12:12:53,345] {logging_mixin.py:115} INFO - [2022-05-24 12:12:53,344] {dag.py:2919} INFO - Setting next_dagrun for example_subdag_operator to 2022-05-22T00:00:00+00:00, run_after=2022-05-22T00:00:00+00:00
[2022-05-24 12:12:53,347] {logging_mixin.py:115} INFO - [2022-05-24 12:12:53,347] {dag.py:2919} INFO - Setting next_dagrun for example_subdag_operator.section-1 to None, run_after=None
[2022-05-24 12:12:53,348] {logging_mixin.py:115} INFO - [2022-05-24 12:12:53,348] {dag.py:2919} INFO - Setting next_dagrun for example_subdag_operator.section-2 to None, run_after=None
[2022-05-24 12:12:53,362] {logging_mixin.py:115} INFO - [2022-05-24 12:12:53,362] {dag.py:2371} INFO - Sync 2 DAGs
[2022-05-24 12:12:53,372] {logging_mixin.py:115} INFO - [2022-05-24 12:12:53,372] {dag.py:2919} INFO - Setting next_dagrun for example_subdag_operator.section-1 to None, run_after=None
[2022-05-24 12:12:53,374] {logging_mixin.py:115} INFO - [2022-05-24 12:12:53,373] {dag.py:2919} INFO - Setting next_dagrun for example_subdag_operator.section-2 to None, run_after=None
[2022-05-24 12:12:53,389] {processor.py:161} INFO - Processing /home/airflow/.local/lib/python3.7/site-packages/airflow/example_dags/example_subdag_operator.py took 0.237 seconds
[2022-05-24 12:13:24,052] {processor.py:153} INFO - Started process (PID=856) to work on /home/airflow/.local/lib/python3.7/site-packages/airflow/example_dags/example_subdag_operator.py
[2022-05-24 12:13:24,056] {processor.py:641} INFO - Processing file /home/airflow/.local/lib/python3.7/site-packages/airflow/example_dags/example_subdag_operator.py for tasks to queue
[2022-05-24 12:13:24,060] {logging_mixin.py:115} INFO - [2022-05-24 12:13:24,060] {dagbag.py:507} INFO - Filling up the DagBag from /home/airflow/.local/lib/python3.7/site-packages/airflow/example_dags/example_subdag_operator.py
[2022-05-24 12:13:24,145] {processor.py:651} INFO - DAG(s) dict_keys(['example_subdag_operator.section-1', 'example_subdag_operator.section-2', 'example_subdag_operator']) retrieved from /home/airflow/.local/lib/python3.7/site-packages/airflow/example_dags/example_subdag_operator.py
[2022-05-24 12:13:24,259] {logging_mixin.py:115} INFO - [2022-05-24 12:13:24,259] {dag.py:2371} INFO - Sync 3 DAGs
[2022-05-24 12:13:24,299] {logging_mixin.py:115} INFO - [2022-05-24 12:13:24,299] {dag.py:2919} INFO - Setting next_dagrun for example_subdag_operator to 2022-05-22T00:00:00+00:00, run_after=2022-05-22T00:00:00+00:00
[2022-05-24 12:13:24,301] {logging_mixin.py:115} INFO - [2022-05-24 12:13:24,301] {dag.py:2919} INFO - Setting next_dagrun for example_subdag_operator.section-1 to None, run_after=None
[2022-05-24 12:13:24,302] {logging_mixin.py:115} INFO - [2022-05-24 12:13:24,302] {dag.py:2919} INFO - Setting next_dagrun for example_subdag_operator.section-2 to None, run_after=None
[2022-05-24 12:13:24,315] {logging_mixin.py:115} INFO - [2022-05-24 12:13:24,315] {dag.py:2371} INFO - Sync 2 DAGs
[2022-05-24 12:13:24,328] {logging_mixin.py:115} INFO - [2022-05-24 12:13:24,328] {dag.py:2919} INFO - Setting next_dagrun for example_subdag_operator.section-1 to None, run_after=None
[2022-05-24 12:13:24,330] {logging_mixin.py:115} INFO - [2022-05-24 12:13:24,330] {dag.py:2919} INFO - Setting next_dagrun for example_subdag_operator.section-2 to None, run_after=None
[2022-05-24 12:13:24,347] {processor.py:161} INFO - Processing /home/airflow/.local/lib/python3.7/site-packages/airflow/example_dags/example_subdag_operator.py took 0.308 seconds
[2022-05-24 12:13:54,981] {processor.py:153} INFO - Started process (PID=1050) to work on /home/airflow/.local/lib/python3.7/site-packages/airflow/example_dags/example_subdag_operator.py
[2022-05-24 12:13:54,985] {processor.py:641} INFO - Processing file /home/airflow/.local/lib/python3.7/site-packages/airflow/example_dags/example_subdag_operator.py for tasks to queue
[2022-05-24 12:13:54,988] {logging_mixin.py:115} INFO - [2022-05-24 12:13:54,988] {dagbag.py:507} INFO - Filling up the DagBag from /home/airflow/.local/lib/python3.7/site-packages/airflow/example_dags/example_subdag_operator.py
[2022-05-24 12:13:55,034] {processor.py:651} INFO - DAG(s) dict_keys(['example_subdag_operator.section-1', 'example_subdag_operator.section-2', 'example_subdag_operator']) retrieved from /home/airflow/.local/lib/python3.7/site-packages/airflow/example_dags/example_subdag_operator.py
[2022-05-24 12:13:55,096] {logging_mixin.py:115} INFO - [2022-05-24 12:13:55,096] {dag.py:2371} INFO - Sync 3 DAGs
[2022-05-24 12:13:55,142] {logging_mixin.py:115} INFO - [2022-05-24 12:13:55,142] {dag.py:2919} INFO - Setting next_dagrun for example_subdag_operator to 2022-05-22T00:00:00+00:00, run_after=2022-05-22T00:00:00+00:00
[2022-05-24 12:13:55,144] {logging_mixin.py:115} INFO - [2022-05-24 12:13:55,144] {dag.py:2919} INFO - Setting next_dagrun for example_subdag_operator.section-1 to None, run_after=None
[2022-05-24 12:13:55,145] {logging_mixin.py:115} INFO - [2022-05-24 12:13:55,145] {dag.py:2919} INFO - Setting next_dagrun for example_subdag_operator.section-2 to None, run_after=None
[2022-05-24 12:13:55,161] {logging_mixin.py:115} INFO - [2022-05-24 12:13:55,161] {dag.py:2371} INFO - Sync 2 DAGs
[2022-05-24 12:13:55,173] {logging_mixin.py:115} INFO - [2022-05-24 12:13:55,172] {dag.py:2919} INFO - Setting next_dagrun for example_subdag_operator.section-1 to None, run_after=None
[2022-05-24 12:13:55,174] {logging_mixin.py:115} INFO - [2022-05-24 12:13:55,174] {dag.py:2919} INFO - Setting next_dagrun for example_subdag_operator.section-2 to None, run_after=None
[2022-05-24 12:13:55,187] {processor.py:161} INFO - Processing /home/airflow/.local/lib/python3.7/site-packages/airflow/example_dags/example_subdag_operator.py took 0.213 seconds
[2022-05-24 12:14:25,838] {processor.py:153} INFO - Started process (PID=1257) to work on /home/airflow/.local/lib/python3.7/site-packages/airflow/example_dags/example_subdag_operator.py
[2022-05-24 12:14:25,842] {processor.py:641} INFO - Processing file /home/airflow/.local/lib/python3.7/site-packages/airflow/example_dags/example_subdag_operator.py for tasks to queue
[2022-05-24 12:14:25,844] {logging_mixin.py:115} INFO - [2022-05-24 12:14:25,843] {dagbag.py:507} INFO - Filling up the DagBag from /home/airflow/.local/lib/python3.7/site-packages/airflow/example_dags/example_subdag_operator.py
[2022-05-24 12:14:25,888] {processor.py:651} INFO - DAG(s) dict_keys(['example_subdag_operator.section-1', 'example_subdag_operator.section-2', 'example_subdag_operator']) retrieved from /home/airflow/.local/lib/python3.7/site-packages/airflow/example_dags/example_subdag_operator.py
[2022-05-24 12:14:25,939] {logging_mixin.py:115} INFO - [2022-05-24 12:14:25,939] {dag.py:2371} INFO - Sync 3 DAGs
[2022-05-24 12:14:25,974] {logging_mixin.py:115} INFO - [2022-05-24 12:14:25,974] {dag.py:2919} INFO - Setting next_dagrun for example_subdag_operator to 2022-05-22T00:00:00+00:00, run_after=2022-05-22T00:00:00+00:00
[2022-05-24 12:14:25,976] {logging_mixin.py:115} INFO - [2022-05-24 12:14:25,976] {dag.py:2919} INFO - Setting next_dagrun for example_subdag_operator.section-1 to None, run_after=None
[2022-05-24 12:14:25,978] {logging_mixin.py:115} INFO - [2022-05-24 12:14:25,977] {dag.py:2919} INFO - Setting next_dagrun for example_subdag_operator.section-2 to None, run_after=None
[2022-05-24 12:14:25,990] {logging_mixin.py:115} INFO - [2022-05-24 12:14:25,989] {dag.py:2371} INFO - Sync 2 DAGs
[2022-05-24 12:14:25,999] {logging_mixin.py:115} INFO - [2022-05-24 12:14:25,999] {dag.py:2919} INFO - Setting next_dagrun for example_subdag_operator.section-1 to None, run_after=None
[2022-05-24 12:14:26,000] {logging_mixin.py:115} INFO - [2022-05-24 12:14:26,000] {dag.py:2919} INFO - Setting next_dagrun for example_subdag_operator.section-2 to None, run_after=None
[2022-05-24 12:14:26,015] {processor.py:161} INFO - Processing /home/airflow/.local/lib/python3.7/site-packages/airflow/example_dags/example_subdag_operator.py took 0.184 seconds
[2022-05-24 12:14:56,598] {processor.py:153} INFO - Started process (PID=1461) to work on /home/airflow/.local/lib/python3.7/site-packages/airflow/example_dags/example_subdag_operator.py
[2022-05-24 12:14:56,601] {processor.py:641} INFO - Processing file /home/airflow/.local/lib/python3.7/site-packages/airflow/example_dags/example_subdag_operator.py for tasks to queue
[2022-05-24 12:14:56,603] {logging_mixin.py:115} INFO - [2022-05-24 12:14:56,603] {dagbag.py:507} INFO - Filling up the DagBag from /home/airflow/.local/lib/python3.7/site-packages/airflow/example_dags/example_subdag_operator.py
[2022-05-24 12:14:56,649] {processor.py:651} INFO - DAG(s) dict_keys(['example_subdag_operator.section-1', 'example_subdag_operator.section-2', 'example_subdag_operator']) retrieved from /home/airflow/.local/lib/python3.7/site-packages/airflow/example_dags/example_subdag_operator.py
[2022-05-24 12:14:56,697] {logging_mixin.py:115} INFO - [2022-05-24 12:14:56,697] {dag.py:2371} INFO - Sync 3 DAGs
[2022-05-24 12:14:56,729] {logging_mixin.py:115} INFO - [2022-05-24 12:14:56,728] {dag.py:2919} INFO - Setting next_dagrun for example_subdag_operator to 2022-05-22T00:00:00+00:00, run_after=2022-05-22T00:00:00+00:00
[2022-05-24 12:14:56,730] {logging_mixin.py:115} INFO - [2022-05-24 12:14:56,730] {dag.py:2919} INFO - Setting next_dagrun for example_subdag_operator.section-1 to None, run_after=None
[2022-05-24 12:14:56,732] {logging_mixin.py:115} INFO - [2022-05-24 12:14:56,732] {dag.py:2919} INFO - Setting next_dagrun for example_subdag_operator.section-2 to None, run_after=None
[2022-05-24 12:14:56,749] {logging_mixin.py:115} INFO - [2022-05-24 12:14:56,749] {dag.py:2371} INFO - Sync 2 DAGs
[2022-05-24 12:14:56,765] {logging_mixin.py:115} INFO - [2022-05-24 12:14:56,765] {dag.py:2919} INFO - Setting next_dagrun for example_subdag_operator.section-1 to None, run_after=None
[2022-05-24 12:14:56,767] {logging_mixin.py:115} INFO - [2022-05-24 12:14:56,767] {dag.py:2919} INFO - Setting next_dagrun for example_subdag_operator.section-2 to None, run_after=None
[2022-05-24 12:14:56,797] {processor.py:161} INFO - Processing /home/airflow/.local/lib/python3.7/site-packages/airflow/example_dags/example_subdag_operator.py took 0.203 seconds
[2022-05-24 12:15:27,048] {processor.py:153} INFO - Started process (PID=1656) to work on /home/airflow/.local/lib/python3.7/site-packages/airflow/example_dags/example_subdag_operator.py
[2022-05-24 12:15:27,050] {processor.py:641} INFO - Processing file /home/airflow/.local/lib/python3.7/site-packages/airflow/example_dags/example_subdag_operator.py for tasks to queue
[2022-05-24 12:15:27,052] {logging_mixin.py:115} INFO - [2022-05-24 12:15:27,052] {dagbag.py:507} INFO - Filling up the DagBag from /home/airflow/.local/lib/python3.7/site-packages/airflow/example_dags/example_subdag_operator.py
[2022-05-24 12:15:27,104] {processor.py:651} INFO - DAG(s) dict_keys(['example_subdag_operator.section-1', 'example_subdag_operator.section-2', 'example_subdag_operator']) retrieved from /home/airflow/.local/lib/python3.7/site-packages/airflow/example_dags/example_subdag_operator.py
[2022-05-24 12:15:27,165] {logging_mixin.py:115} INFO - [2022-05-24 12:15:27,164] {dag.py:2371} INFO - Sync 3 DAGs
[2022-05-24 12:15:27,206] {logging_mixin.py:115} INFO - [2022-05-24 12:15:27,206] {dag.py:2919} INFO - Setting next_dagrun for example_subdag_operator to 2022-05-22T00:00:00+00:00, run_after=2022-05-22T00:00:00+00:00
[2022-05-24 12:15:27,208] {logging_mixin.py:115} INFO - [2022-05-24 12:15:27,207] {dag.py:2919} INFO - Setting next_dagrun for example_subdag_operator.section-1 to None, run_after=None
[2022-05-24 12:15:27,209] {logging_mixin.py:115} INFO - [2022-05-24 12:15:27,209] {dag.py:2919} INFO - Setting next_dagrun for example_subdag_operator.section-2 to None, run_after=None
[2022-05-24 12:15:27,221] {logging_mixin.py:115} INFO - [2022-05-24 12:15:27,221] {dag.py:2371} INFO - Sync 2 DAGs
[2022-05-24 12:15:27,231] {logging_mixin.py:115} INFO - [2022-05-24 12:15:27,231] {dag.py:2919} INFO - Setting next_dagrun for example_subdag_operator.section-1 to None, run_after=None
[2022-05-24 12:15:27,233] {logging_mixin.py:115} INFO - [2022-05-24 12:15:27,233] {dag.py:2919} INFO - Setting next_dagrun for example_subdag_operator.section-2 to None, run_after=None
[2022-05-24 12:15:27,246] {processor.py:161} INFO - Processing /home/airflow/.local/lib/python3.7/site-packages/airflow/example_dags/example_subdag_operator.py took 0.202 seconds
[2022-05-24 12:15:57,349] {processor.py:153} INFO - Started process (PID=1861) to work on /home/airflow/.local/lib/python3.7/site-packages/airflow/example_dags/example_subdag_operator.py
[2022-05-24 12:15:57,351] {processor.py:641} INFO - Processing file /home/airflow/.local/lib/python3.7/site-packages/airflow/example_dags/example_subdag_operator.py for tasks to queue
[2022-05-24 12:15:57,353] {logging_mixin.py:115} INFO - [2022-05-24 12:15:57,352] {dagbag.py:507} INFO - Filling up the DagBag from /home/airflow/.local/lib/python3.7/site-packages/airflow/example_dags/example_subdag_operator.py
[2022-05-24 12:15:57,391] {processor.py:651} INFO - DAG(s) dict_keys(['example_subdag_operator.section-1', 'example_subdag_operator.section-2', 'example_subdag_operator']) retrieved from /home/airflow/.local/lib/python3.7/site-packages/airflow/example_dags/example_subdag_operator.py
[2022-05-24 12:15:57,437] {logging_mixin.py:115} INFO - [2022-05-24 12:15:57,437] {dag.py:2371} INFO - Sync 3 DAGs
[2022-05-24 12:15:57,471] {logging_mixin.py:115} INFO - [2022-05-24 12:15:57,470] {dag.py:2919} INFO - Setting next_dagrun for example_subdag_operator to 2022-05-22T00:00:00+00:00, run_after=2022-05-22T00:00:00+00:00
[2022-05-24 12:15:57,472] {logging_mixin.py:115} INFO - [2022-05-24 12:15:57,472] {dag.py:2919} INFO - Setting next_dagrun for example_subdag_operator.section-1 to None, run_after=None
[2022-05-24 12:15:57,474] {logging_mixin.py:115} INFO - [2022-05-24 12:15:57,474] {dag.py:2919} INFO - Setting next_dagrun for example_subdag_operator.section-2 to None, run_after=None
[2022-05-24 12:15:57,484] {logging_mixin.py:115} INFO - [2022-05-24 12:15:57,484] {dag.py:2371} INFO - Sync 2 DAGs
[2022-05-24 12:15:57,498] {logging_mixin.py:115} INFO - [2022-05-24 12:15:57,498] {dag.py:2919} INFO - Setting next_dagrun for example_subdag_operator.section-1 to None, run_after=None
[2022-05-24 12:15:57,500] {logging_mixin.py:115} INFO - [2022-05-24 12:15:57,500] {dag.py:2919} INFO - Setting next_dagrun for example_subdag_operator.section-2 to None, run_after=None
[2022-05-24 12:15:57,528] {processor.py:161} INFO - Processing /home/airflow/.local/lib/python3.7/site-packages/airflow/example_dags/example_subdag_operator.py took 0.184 seconds
[2022-05-24 12:16:28,438] {processor.py:153} INFO - Started process (PID=2055) to work on /home/airflow/.local/lib/python3.7/site-packages/airflow/example_dags/example_subdag_operator.py
[2022-05-24 12:16:28,441] {processor.py:641} INFO - Processing file /home/airflow/.local/lib/python3.7/site-packages/airflow/example_dags/example_subdag_operator.py for tasks to queue
[2022-05-24 12:16:28,443] {logging_mixin.py:115} INFO - [2022-05-24 12:16:28,443] {dagbag.py:507} INFO - Filling up the DagBag from /home/airflow/.local/lib/python3.7/site-packages/airflow/example_dags/example_subdag_operator.py
[2022-05-24 12:16:28,486] {processor.py:651} INFO - DAG(s) dict_keys(['example_subdag_operator.section-1', 'example_subdag_operator.section-2', 'example_subdag_operator']) retrieved from /home/airflow/.local/lib/python3.7/site-packages/airflow/example_dags/example_subdag_operator.py
[2022-05-24 12:16:28,551] {logging_mixin.py:115} INFO - [2022-05-24 12:16:28,550] {dag.py:2371} INFO - Sync 3 DAGs
[2022-05-24 12:16:28,588] {logging_mixin.py:115} INFO - [2022-05-24 12:16:28,588] {dag.py:2919} INFO - Setting next_dagrun for example_subdag_operator to 2022-05-22T00:00:00+00:00, run_after=2022-05-22T00:00:00+00:00
[2022-05-24 12:16:28,590] {logging_mixin.py:115} INFO - [2022-05-24 12:16:28,589] {dag.py:2919} INFO - Setting next_dagrun for example_subdag_operator.section-1 to None, run_after=None
[2022-05-24 12:16:28,591] {logging_mixin.py:115} INFO - [2022-05-24 12:16:28,591] {dag.py:2919} INFO - Setting next_dagrun for example_subdag_operator.section-2 to None, run_after=None
[2022-05-24 12:16:28,601] {logging_mixin.py:115} INFO - [2022-05-24 12:16:28,601] {dag.py:2371} INFO - Sync 2 DAGs
[2022-05-24 12:16:28,610] {logging_mixin.py:115} INFO - [2022-05-24 12:16:28,609] {dag.py:2919} INFO - Setting next_dagrun for example_subdag_operator.section-1 to None, run_after=None
[2022-05-24 12:16:28,611] {logging_mixin.py:115} INFO - [2022-05-24 12:16:28,611] {dag.py:2919} INFO - Setting next_dagrun for example_subdag_operator.section-2 to None, run_after=None
[2022-05-24 12:16:28,625] {processor.py:161} INFO - Processing /home/airflow/.local/lib/python3.7/site-packages/airflow/example_dags/example_subdag_operator.py took 0.194 seconds
[2022-05-24 12:16:59,216] {processor.py:153} INFO - Started process (PID=2257) to work on /home/airflow/.local/lib/python3.7/site-packages/airflow/example_dags/example_subdag_operator.py
[2022-05-24 12:16:59,219] {processor.py:641} INFO - Processing file /home/airflow/.local/lib/python3.7/site-packages/airflow/example_dags/example_subdag_operator.py for tasks to queue
[2022-05-24 12:16:59,221] {logging_mixin.py:115} INFO - [2022-05-24 12:16:59,221] {dagbag.py:507} INFO - Filling up the DagBag from /home/airflow/.local/lib/python3.7/site-packages/airflow/example_dags/example_subdag_operator.py
[2022-05-24 12:16:59,284] {processor.py:651} INFO - DAG(s) dict_keys(['example_subdag_operator.section-1', 'example_subdag_operator.section-2', 'example_subdag_operator']) retrieved from /home/airflow/.local/lib/python3.7/site-packages/airflow/example_dags/example_subdag_operator.py
[2022-05-24 12:16:59,345] {logging_mixin.py:115} INFO - [2022-05-24 12:16:59,344] {dag.py:2371} INFO - Sync 3 DAGs
[2022-05-24 12:16:59,384] {logging_mixin.py:115} INFO - [2022-05-24 12:16:59,382] {dag.py:2919} INFO - Setting next_dagrun for example_subdag_operator to 2022-05-22T00:00:00+00:00, run_after=2022-05-22T00:00:00+00:00
[2022-05-24 12:16:59,387] {logging_mixin.py:115} INFO - [2022-05-24 12:16:59,387] {dag.py:2919} INFO - Setting next_dagrun for example_subdag_operator.section-1 to None, run_after=None
[2022-05-24 12:16:59,389] {logging_mixin.py:115} INFO - [2022-05-24 12:16:59,389] {dag.py:2919} INFO - Setting next_dagrun for example_subdag_operator.section-2 to None, run_after=None
[2022-05-24 12:16:59,402] {logging_mixin.py:115} INFO - [2022-05-24 12:16:59,402] {dag.py:2371} INFO - Sync 2 DAGs
[2022-05-24 12:16:59,412] {logging_mixin.py:115} INFO - [2022-05-24 12:16:59,412] {dag.py:2919} INFO - Setting next_dagrun for example_subdag_operator.section-1 to None, run_after=None
[2022-05-24 12:16:59,413] {logging_mixin.py:115} INFO - [2022-05-24 12:16:59,413] {dag.py:2919} INFO - Setting next_dagrun for example_subdag_operator.section-2 to None, run_after=None
[2022-05-24 12:16:59,425] {processor.py:161} INFO - Processing /home/airflow/.local/lib/python3.7/site-packages/airflow/example_dags/example_subdag_operator.py took 0.216 seconds
[2022-05-24 12:17:29,963] {processor.py:153} INFO - Started process (PID=2461) to work on /home/airflow/.local/lib/python3.7/site-packages/airflow/example_dags/example_subdag_operator.py
[2022-05-24 12:17:29,966] {processor.py:641} INFO - Processing file /home/airflow/.local/lib/python3.7/site-packages/airflow/example_dags/example_subdag_operator.py for tasks to queue
[2022-05-24 12:17:29,969] {logging_mixin.py:115} INFO - [2022-05-24 12:17:29,969] {dagbag.py:507} INFO - Filling up the DagBag from /home/airflow/.local/lib/python3.7/site-packages/airflow/example_dags/example_subdag_operator.py
[2022-05-24 12:17:30,052] {processor.py:651} INFO - DAG(s) dict_keys(['example_subdag_operator.section-1', 'example_subdag_operator.section-2', 'example_subdag_operator']) retrieved from /home/airflow/.local/lib/python3.7/site-packages/airflow/example_dags/example_subdag_operator.py
[2022-05-24 12:17:30,159] {logging_mixin.py:115} INFO - [2022-05-24 12:17:30,159] {dag.py:2371} INFO - Sync 3 DAGs
[2022-05-24 12:17:30,237] {logging_mixin.py:115} INFO - [2022-05-24 12:17:30,237] {dag.py:2919} INFO - Setting next_dagrun for example_subdag_operator to 2022-05-22T00:00:00+00:00, run_after=2022-05-22T00:00:00+00:00
[2022-05-24 12:17:30,239] {logging_mixin.py:115} INFO - [2022-05-24 12:17:30,239] {dag.py:2919} INFO - Setting next_dagrun for example_subdag_operator.section-1 to None, run_after=None
[2022-05-24 12:17:30,243] {logging_mixin.py:115} INFO - [2022-05-24 12:17:30,242] {dag.py:2919} INFO - Setting next_dagrun for example_subdag_operator.section-2 to None, run_after=None
[2022-05-24 12:17:30,277] {logging_mixin.py:115} INFO - [2022-05-24 12:17:30,276] {dag.py:2371} INFO - Sync 2 DAGs
[2022-05-24 12:17:30,298] {logging_mixin.py:115} INFO - [2022-05-24 12:17:30,298] {dag.py:2919} INFO - Setting next_dagrun for example_subdag_operator.section-1 to None, run_after=None
[2022-05-24 12:17:30,301] {logging_mixin.py:115} INFO - [2022-05-24 12:17:30,300] {dag.py:2919} INFO - Setting next_dagrun for example_subdag_operator.section-2 to None, run_after=None
[2022-05-24 12:17:30,341] {processor.py:161} INFO - Processing /home/airflow/.local/lib/python3.7/site-packages/airflow/example_dags/example_subdag_operator.py took 0.410 seconds
[2022-05-24 12:18:00,942] {processor.py:153} INFO - Started process (PID=2659) to work on /home/airflow/.local/lib/python3.7/site-packages/airflow/example_dags/example_subdag_operator.py
[2022-05-24 12:18:00,945] {processor.py:641} INFO - Processing file /home/airflow/.local/lib/python3.7/site-packages/airflow/example_dags/example_subdag_operator.py for tasks to queue
[2022-05-24 12:18:00,947] {logging_mixin.py:115} INFO - [2022-05-24 12:18:00,947] {dagbag.py:507} INFO - Filling up the DagBag from /home/airflow/.local/lib/python3.7/site-packages/airflow/example_dags/example_subdag_operator.py
[2022-05-24 12:18:01,010] {processor.py:651} INFO - DAG(s) dict_keys(['example_subdag_operator.section-1', 'example_subdag_operator.section-2', 'example_subdag_operator']) retrieved from /home/airflow/.local/lib/python3.7/site-packages/airflow/example_dags/example_subdag_operator.py
[2022-05-24 12:18:01,063] {logging_mixin.py:115} INFO - [2022-05-24 12:18:01,063] {dag.py:2371} INFO - Sync 3 DAGs
[2022-05-24 12:18:01,102] {logging_mixin.py:115} INFO - [2022-05-24 12:18:01,102] {dag.py:2919} INFO - Setting next_dagrun for example_subdag_operator to 2022-05-22T00:00:00+00:00, run_after=2022-05-22T00:00:00+00:00
[2022-05-24 12:18:01,103] {logging_mixin.py:115} INFO - [2022-05-24 12:18:01,103] {dag.py:2919} INFO - Setting next_dagrun for example_subdag_operator.section-1 to None, run_after=None
[2022-05-24 12:18:01,105] {logging_mixin.py:115} INFO - [2022-05-24 12:18:01,105] {dag.py:2919} INFO - Setting next_dagrun for example_subdag_operator.section-2 to None, run_after=None
[2022-05-24 12:18:01,119] {logging_mixin.py:115} INFO - [2022-05-24 12:18:01,119] {dag.py:2371} INFO - Sync 2 DAGs
[2022-05-24 12:18:01,128] {logging_mixin.py:115} INFO - [2022-05-24 12:18:01,127] {dag.py:2919} INFO - Setting next_dagrun for example_subdag_operator.section-1 to None, run_after=None
[2022-05-24 12:18:01,129] {logging_mixin.py:115} INFO - [2022-05-24 12:18:01,129] {dag.py:2919} INFO - Setting next_dagrun for example_subdag_operator.section-2 to None, run_after=None
[2022-05-24 12:18:01,141] {processor.py:161} INFO - Processing /home/airflow/.local/lib/python3.7/site-packages/airflow/example_dags/example_subdag_operator.py took 0.206 seconds
[2022-05-24 12:18:31,427] {processor.py:153} INFO - Started process (PID=2856) to work on /home/airflow/.local/lib/python3.7/site-packages/airflow/example_dags/example_subdag_operator.py
[2022-05-24 12:18:31,434] {processor.py:641} INFO - Processing file /home/airflow/.local/lib/python3.7/site-packages/airflow/example_dags/example_subdag_operator.py for tasks to queue
[2022-05-24 12:18:31,438] {logging_mixin.py:115} INFO - [2022-05-24 12:18:31,437] {dagbag.py:507} INFO - Filling up the DagBag from /home/airflow/.local/lib/python3.7/site-packages/airflow/example_dags/example_subdag_operator.py
[2022-05-24 12:18:31,571] {processor.py:651} INFO - DAG(s) dict_keys(['example_subdag_operator.section-1', 'example_subdag_operator.section-2', 'example_subdag_operator']) retrieved from /home/airflow/.local/lib/python3.7/site-packages/airflow/example_dags/example_subdag_operator.py
[2022-05-24 12:18:31,896] {logging_mixin.py:115} INFO - [2022-05-24 12:18:31,896] {dag.py:2371} INFO - Sync 3 DAGs
[2022-05-24 12:18:31,930] {logging_mixin.py:115} INFO - [2022-05-24 12:18:31,930] {dag.py:2919} INFO - Setting next_dagrun for example_subdag_operator to 2022-05-22T00:00:00+00:00, run_after=2022-05-22T00:00:00+00:00
[2022-05-24 12:18:31,932] {logging_mixin.py:115} INFO - [2022-05-24 12:18:31,931] {dag.py:2919} INFO - Setting next_dagrun for example_subdag_operator.section-1 to None, run_after=None
[2022-05-24 12:18:31,933] {logging_mixin.py:115} INFO - [2022-05-24 12:18:31,933] {dag.py:2919} INFO - Setting next_dagrun for example_subdag_operator.section-2 to None, run_after=None
[2022-05-24 12:18:31,945] {logging_mixin.py:115} INFO - [2022-05-24 12:18:31,945] {dag.py:2371} INFO - Sync 2 DAGs
[2022-05-24 12:18:31,961] {logging_mixin.py:115} INFO - [2022-05-24 12:18:31,960] {dag.py:2919} INFO - Setting next_dagrun for example_subdag_operator.section-1 to None, run_after=None
[2022-05-24 12:18:31,962] {logging_mixin.py:115} INFO - [2022-05-24 12:18:31,962] {dag.py:2919} INFO - Setting next_dagrun for example_subdag_operator.section-2 to None, run_after=None
[2022-05-24 12:18:31,974] {processor.py:161} INFO - Processing /home/airflow/.local/lib/python3.7/site-packages/airflow/example_dags/example_subdag_operator.py took 0.565 seconds
[2022-05-24 12:19:02,640] {processor.py:153} INFO - Started process (PID=3062) to work on /home/airflow/.local/lib/python3.7/site-packages/airflow/example_dags/example_subdag_operator.py
[2022-05-24 12:19:02,654] {processor.py:641} INFO - Processing file /home/airflow/.local/lib/python3.7/site-packages/airflow/example_dags/example_subdag_operator.py for tasks to queue
[2022-05-24 12:19:02,677] {logging_mixin.py:115} INFO - [2022-05-24 12:19:02,677] {dagbag.py:507} INFO - Filling up the DagBag from /home/airflow/.local/lib/python3.7/site-packages/airflow/example_dags/example_subdag_operator.py
[2022-05-24 12:19:03,038] {processor.py:651} INFO - DAG(s) dict_keys(['example_subdag_operator.section-1', 'example_subdag_operator.section-2', 'example_subdag_operator']) retrieved from /home/airflow/.local/lib/python3.7/site-packages/airflow/example_dags/example_subdag_operator.py
[2022-05-24 12:19:03,191] {logging_mixin.py:115} INFO - [2022-05-24 12:19:03,191] {dag.py:2371} INFO - Sync 3 DAGs
[2022-05-24 12:19:03,233] {logging_mixin.py:115} INFO - [2022-05-24 12:19:03,232] {dag.py:2919} INFO - Setting next_dagrun for example_subdag_operator to 2022-05-22T00:00:00+00:00, run_after=2022-05-22T00:00:00+00:00
[2022-05-24 12:19:03,234] {logging_mixin.py:115} INFO - [2022-05-24 12:19:03,234] {dag.py:2919} INFO - Setting next_dagrun for example_subdag_operator.section-1 to None, run_after=None
[2022-05-24 12:19:03,236] {logging_mixin.py:115} INFO - [2022-05-24 12:19:03,236] {dag.py:2919} INFO - Setting next_dagrun for example_subdag_operator.section-2 to None, run_after=None
[2022-05-24 12:19:03,247] {logging_mixin.py:115} INFO - [2022-05-24 12:19:03,247] {dag.py:2371} INFO - Sync 2 DAGs
[2022-05-24 12:19:03,255] {logging_mixin.py:115} INFO - [2022-05-24 12:19:03,255] {dag.py:2919} INFO - Setting next_dagrun for example_subdag_operator.section-1 to None, run_after=None
[2022-05-24 12:19:03,256] {logging_mixin.py:115} INFO - [2022-05-24 12:19:03,256] {dag.py:2919} INFO - Setting next_dagrun for example_subdag_operator.section-2 to None, run_after=None
[2022-05-24 12:19:03,271] {processor.py:161} INFO - Processing /home/airflow/.local/lib/python3.7/site-packages/airflow/example_dags/example_subdag_operator.py took 0.678 seconds
[2022-05-24 12:19:33,623] {processor.py:153} INFO - Started process (PID=3259) to work on /home/airflow/.local/lib/python3.7/site-packages/airflow/example_dags/example_subdag_operator.py
[2022-05-24 12:19:33,627] {processor.py:641} INFO - Processing file /home/airflow/.local/lib/python3.7/site-packages/airflow/example_dags/example_subdag_operator.py for tasks to queue
[2022-05-24 12:19:33,634] {logging_mixin.py:115} INFO - [2022-05-24 12:19:33,630] {dagbag.py:507} INFO - Filling up the DagBag from /home/airflow/.local/lib/python3.7/site-packages/airflow/example_dags/example_subdag_operator.py
[2022-05-24 12:19:33,702] {processor.py:651} INFO - DAG(s) dict_keys(['example_subdag_operator.section-1', 'example_subdag_operator.section-2', 'example_subdag_operator']) retrieved from /home/airflow/.local/lib/python3.7/site-packages/airflow/example_dags/example_subdag_operator.py
[2022-05-24 12:19:33,764] {logging_mixin.py:115} INFO - [2022-05-24 12:19:33,764] {dag.py:2371} INFO - Sync 3 DAGs
[2022-05-24 12:19:33,804] {logging_mixin.py:115} INFO - [2022-05-24 12:19:33,804] {dag.py:2919} INFO - Setting next_dagrun for example_subdag_operator to 2022-05-22T00:00:00+00:00, run_after=2022-05-22T00:00:00+00:00
[2022-05-24 12:19:33,805] {logging_mixin.py:115} INFO - [2022-05-24 12:19:33,805] {dag.py:2919} INFO - Setting next_dagrun for example_subdag_operator.section-1 to None, run_after=None
[2022-05-24 12:19:33,807] {logging_mixin.py:115} INFO - [2022-05-24 12:19:33,807] {dag.py:2919} INFO - Setting next_dagrun for example_subdag_operator.section-2 to None, run_after=None
[2022-05-24 12:19:33,825] {logging_mixin.py:115} INFO - [2022-05-24 12:19:33,824] {dag.py:2371} INFO - Sync 2 DAGs
[2022-05-24 12:19:33,837] {logging_mixin.py:115} INFO - [2022-05-24 12:19:33,837] {dag.py:2919} INFO - Setting next_dagrun for example_subdag_operator.section-1 to None, run_after=None
[2022-05-24 12:19:33,838] {logging_mixin.py:115} INFO - [2022-05-24 12:19:33,838] {dag.py:2919} INFO - Setting next_dagrun for example_subdag_operator.section-2 to None, run_after=None
[2022-05-24 12:19:33,852] {processor.py:161} INFO - Processing /home/airflow/.local/lib/python3.7/site-packages/airflow/example_dags/example_subdag_operator.py took 0.240 seconds
[2022-05-24 12:20:04,206] {processor.py:153} INFO - Started process (PID=3453) to work on /home/airflow/.local/lib/python3.7/site-packages/airflow/example_dags/example_subdag_operator.py
[2022-05-24 12:20:04,208] {processor.py:641} INFO - Processing file /home/airflow/.local/lib/python3.7/site-packages/airflow/example_dags/example_subdag_operator.py for tasks to queue
[2022-05-24 12:20:04,210] {logging_mixin.py:115} INFO - [2022-05-24 12:20:04,210] {dagbag.py:507} INFO - Filling up the DagBag from /home/airflow/.local/lib/python3.7/site-packages/airflow/example_dags/example_subdag_operator.py
[2022-05-24 12:20:04,253] {processor.py:651} INFO - DAG(s) dict_keys(['example_subdag_operator.section-1', 'example_subdag_operator.section-2', 'example_subdag_operator']) retrieved from /home/airflow/.local/lib/python3.7/site-packages/airflow/example_dags/example_subdag_operator.py
[2022-05-24 12:20:04,314] {logging_mixin.py:115} INFO - [2022-05-24 12:20:04,314] {dag.py:2371} INFO - Sync 3 DAGs
[2022-05-24 12:20:04,356] {logging_mixin.py:115} INFO - [2022-05-24 12:20:04,356] {dag.py:2919} INFO - Setting next_dagrun for example_subdag_operator to 2022-05-22T00:00:00+00:00, run_after=2022-05-22T00:00:00+00:00
[2022-05-24 12:20:04,359] {logging_mixin.py:115} INFO - [2022-05-24 12:20:04,359] {dag.py:2919} INFO - Setting next_dagrun for example_subdag_operator.section-1 to None, run_after=None
[2022-05-24 12:20:04,360] {logging_mixin.py:115} INFO - [2022-05-24 12:20:04,360] {dag.py:2919} INFO - Setting next_dagrun for example_subdag_operator.section-2 to None, run_after=None
[2022-05-24 12:20:04,391] {logging_mixin.py:115} INFO - [2022-05-24 12:20:04,391] {dag.py:2371} INFO - Sync 2 DAGs
[2022-05-24 12:20:04,412] {logging_mixin.py:115} INFO - [2022-05-24 12:20:04,412] {dag.py:2919} INFO - Setting next_dagrun for example_subdag_operator.section-1 to None, run_after=None
[2022-05-24 12:20:04,416] {logging_mixin.py:115} INFO - [2022-05-24 12:20:04,416] {dag.py:2919} INFO - Setting next_dagrun for example_subdag_operator.section-2 to None, run_after=None
[2022-05-24 12:20:04,441] {processor.py:161} INFO - Processing /home/airflow/.local/lib/python3.7/site-packages/airflow/example_dags/example_subdag_operator.py took 0.239 seconds
[2022-05-24 12:20:35,080] {processor.py:153} INFO - Started process (PID=3656) to work on /home/airflow/.local/lib/python3.7/site-packages/airflow/example_dags/example_subdag_operator.py
[2022-05-24 12:20:35,082] {processor.py:641} INFO - Processing file /home/airflow/.local/lib/python3.7/site-packages/airflow/example_dags/example_subdag_operator.py for tasks to queue
[2022-05-24 12:20:35,084] {logging_mixin.py:115} INFO - [2022-05-24 12:20:35,084] {dagbag.py:507} INFO - Filling up the DagBag from /home/airflow/.local/lib/python3.7/site-packages/airflow/example_dags/example_subdag_operator.py
[2022-05-24 12:20:35,123] {processor.py:651} INFO - DAG(s) dict_keys(['example_subdag_operator.section-1', 'example_subdag_operator.section-2', 'example_subdag_operator']) retrieved from /home/airflow/.local/lib/python3.7/site-packages/airflow/example_dags/example_subdag_operator.py
[2022-05-24 12:20:35,172] {logging_mixin.py:115} INFO - [2022-05-24 12:20:35,171] {dag.py:2371} INFO - Sync 3 DAGs
[2022-05-24 12:20:35,207] {logging_mixin.py:115} INFO - [2022-05-24 12:20:35,206] {dag.py:2919} INFO - Setting next_dagrun for example_subdag_operator to 2022-05-22T00:00:00+00:00, run_after=2022-05-22T00:00:00+00:00
[2022-05-24 12:20:35,208] {logging_mixin.py:115} INFO - [2022-05-24 12:20:35,208] {dag.py:2919} INFO - Setting next_dagrun for example_subdag_operator.section-1 to None, run_after=None
[2022-05-24 12:20:35,210] {logging_mixin.py:115} INFO - [2022-05-24 12:20:35,210] {dag.py:2919} INFO - Setting next_dagrun for example_subdag_operator.section-2 to None, run_after=None
[2022-05-24 12:20:35,221] {logging_mixin.py:115} INFO - [2022-05-24 12:20:35,221] {dag.py:2371} INFO - Sync 2 DAGs
[2022-05-24 12:20:35,231] {logging_mixin.py:115} INFO - [2022-05-24 12:20:35,230] {dag.py:2919} INFO - Setting next_dagrun for example_subdag_operator.section-1 to None, run_after=None
[2022-05-24 12:20:35,233] {logging_mixin.py:115} INFO - [2022-05-24 12:20:35,233] {dag.py:2919} INFO - Setting next_dagrun for example_subdag_operator.section-2 to None, run_after=None
[2022-05-24 12:20:35,246] {processor.py:161} INFO - Processing /home/airflow/.local/lib/python3.7/site-packages/airflow/example_dags/example_subdag_operator.py took 0.173 seconds
[2022-05-24 12:21:05,732] {processor.py:153} INFO - Started process (PID=3850) to work on /home/airflow/.local/lib/python3.7/site-packages/airflow/example_dags/example_subdag_operator.py
[2022-05-24 12:21:05,735] {processor.py:641} INFO - Processing file /home/airflow/.local/lib/python3.7/site-packages/airflow/example_dags/example_subdag_operator.py for tasks to queue
[2022-05-24 12:21:05,737] {logging_mixin.py:115} INFO - [2022-05-24 12:21:05,737] {dagbag.py:507} INFO - Filling up the DagBag from /home/airflow/.local/lib/python3.7/site-packages/airflow/example_dags/example_subdag_operator.py
[2022-05-24 12:21:05,790] {processor.py:651} INFO - DAG(s) dict_keys(['example_subdag_operator.section-1', 'example_subdag_operator.section-2', 'example_subdag_operator']) retrieved from /home/airflow/.local/lib/python3.7/site-packages/airflow/example_dags/example_subdag_operator.py
[2022-05-24 12:21:05,848] {logging_mixin.py:115} INFO - [2022-05-24 12:21:05,847] {dag.py:2371} INFO - Sync 3 DAGs
[2022-05-24 12:21:05,888] {logging_mixin.py:115} INFO - [2022-05-24 12:21:05,887] {dag.py:2919} INFO - Setting next_dagrun for example_subdag_operator to 2022-05-22T00:00:00+00:00, run_after=2022-05-22T00:00:00+00:00
[2022-05-24 12:21:05,889] {logging_mixin.py:115} INFO - [2022-05-24 12:21:05,889] {dag.py:2919} INFO - Setting next_dagrun for example_subdag_operator.section-1 to None, run_after=None
[2022-05-24 12:21:05,891] {logging_mixin.py:115} INFO - [2022-05-24 12:21:05,891] {dag.py:2919} INFO - Setting next_dagrun for example_subdag_operator.section-2 to None, run_after=None
[2022-05-24 12:21:05,904] {logging_mixin.py:115} INFO - [2022-05-24 12:21:05,904] {dag.py:2371} INFO - Sync 2 DAGs
[2022-05-24 12:21:05,919] {logging_mixin.py:115} INFO - [2022-05-24 12:21:05,919] {dag.py:2919} INFO - Setting next_dagrun for example_subdag_operator.section-1 to None, run_after=None
[2022-05-24 12:21:05,920] {logging_mixin.py:115} INFO - [2022-05-24 12:21:05,920] {dag.py:2919} INFO - Setting next_dagrun for example_subdag_operator.section-2 to None, run_after=None
[2022-05-24 12:21:05,937] {processor.py:161} INFO - Processing /home/airflow/.local/lib/python3.7/site-packages/airflow/example_dags/example_subdag_operator.py took 0.209 seconds
[2022-05-24 12:21:36,449] {processor.py:153} INFO - Started process (PID=4055) to work on /home/airflow/.local/lib/python3.7/site-packages/airflow/example_dags/example_subdag_operator.py
[2022-05-24 12:21:36,450] {processor.py:641} INFO - Processing file /home/airflow/.local/lib/python3.7/site-packages/airflow/example_dags/example_subdag_operator.py for tasks to queue
[2022-05-24 12:21:36,453] {logging_mixin.py:115} INFO - [2022-05-24 12:21:36,452] {dagbag.py:507} INFO - Filling up the DagBag from /home/airflow/.local/lib/python3.7/site-packages/airflow/example_dags/example_subdag_operator.py
[2022-05-24 12:21:36,502] {processor.py:651} INFO - DAG(s) dict_keys(['example_subdag_operator.section-1', 'example_subdag_operator.section-2', 'example_subdag_operator']) retrieved from /home/airflow/.local/lib/python3.7/site-packages/airflow/example_dags/example_subdag_operator.py
[2022-05-24 12:21:36,549] {logging_mixin.py:115} INFO - [2022-05-24 12:21:36,549] {dag.py:2371} INFO - Sync 3 DAGs
[2022-05-24 12:21:36,585] {logging_mixin.py:115} INFO - [2022-05-24 12:21:36,585] {dag.py:2919} INFO - Setting next_dagrun for example_subdag_operator to 2022-05-22T00:00:00+00:00, run_after=2022-05-22T00:00:00+00:00
[2022-05-24 12:21:36,587] {logging_mixin.py:115} INFO - [2022-05-24 12:21:36,586] {dag.py:2919} INFO - Setting next_dagrun for example_subdag_operator.section-1 to None, run_after=None
[2022-05-24 12:21:36,589] {logging_mixin.py:115} INFO - [2022-05-24 12:21:36,589] {dag.py:2919} INFO - Setting next_dagrun for example_subdag_operator.section-2 to None, run_after=None
[2022-05-24 12:21:36,604] {logging_mixin.py:115} INFO - [2022-05-24 12:21:36,603] {dag.py:2371} INFO - Sync 2 DAGs
[2022-05-24 12:21:36,624] {logging_mixin.py:115} INFO - [2022-05-24 12:21:36,624] {dag.py:2919} INFO - Setting next_dagrun for example_subdag_operator.section-1 to None, run_after=None
[2022-05-24 12:21:36,627] {logging_mixin.py:115} INFO - [2022-05-24 12:21:36,626] {dag.py:2919} INFO - Setting next_dagrun for example_subdag_operator.section-2 to None, run_after=None
[2022-05-24 12:21:36,643] {processor.py:161} INFO - Processing /home/airflow/.local/lib/python3.7/site-packages/airflow/example_dags/example_subdag_operator.py took 0.202 seconds
[2022-05-24 12:22:07,021] {processor.py:153} INFO - Started process (PID=4250) to work on /home/airflow/.local/lib/python3.7/site-packages/airflow/example_dags/example_subdag_operator.py
[2022-05-24 12:22:07,024] {processor.py:641} INFO - Processing file /home/airflow/.local/lib/python3.7/site-packages/airflow/example_dags/example_subdag_operator.py for tasks to queue
[2022-05-24 12:22:07,031] {logging_mixin.py:115} INFO - [2022-05-24 12:22:07,030] {dagbag.py:507} INFO - Filling up the DagBag from /home/airflow/.local/lib/python3.7/site-packages/airflow/example_dags/example_subdag_operator.py
[2022-05-24 12:22:07,194] {processor.py:651} INFO - DAG(s) dict_keys(['example_subdag_operator.section-1', 'example_subdag_operator.section-2', 'example_subdag_operator']) retrieved from /home/airflow/.local/lib/python3.7/site-packages/airflow/example_dags/example_subdag_operator.py
[2022-05-24 12:22:07,676] {logging_mixin.py:115} INFO - [2022-05-24 12:22:07,675] {dag.py:2371} INFO - Sync 3 DAGs
[2022-05-24 12:22:07,736] {logging_mixin.py:115} INFO - [2022-05-24 12:22:07,736] {dag.py:2919} INFO - Setting next_dagrun for example_subdag_operator to 2022-05-22T00:00:00+00:00, run_after=2022-05-22T00:00:00+00:00
[2022-05-24 12:22:07,738] {logging_mixin.py:115} INFO - [2022-05-24 12:22:07,738] {dag.py:2919} INFO - Setting next_dagrun for example_subdag_operator.section-1 to None, run_after=None
[2022-05-24 12:22:07,741] {logging_mixin.py:115} INFO - [2022-05-24 12:22:07,741] {dag.py:2919} INFO - Setting next_dagrun for example_subdag_operator.section-2 to None, run_after=None
[2022-05-24 12:22:07,766] {logging_mixin.py:115} INFO - [2022-05-24 12:22:07,766] {dag.py:2371} INFO - Sync 2 DAGs
[2022-05-24 12:22:07,785] {logging_mixin.py:115} INFO - [2022-05-24 12:22:07,784] {dag.py:2919} INFO - Setting next_dagrun for example_subdag_operator.section-1 to None, run_after=None
[2022-05-24 12:22:07,786] {logging_mixin.py:115} INFO - [2022-05-24 12:22:07,786] {dag.py:2919} INFO - Setting next_dagrun for example_subdag_operator.section-2 to None, run_after=None
[2022-05-24 12:22:07,816] {processor.py:161} INFO - Processing /home/airflow/.local/lib/python3.7/site-packages/airflow/example_dags/example_subdag_operator.py took 0.828 seconds
[2022-05-24 12:22:38,733] {processor.py:153} INFO - Started process (PID=4447) to work on /home/airflow/.local/lib/python3.7/site-packages/airflow/example_dags/example_subdag_operator.py
[2022-05-24 12:22:38,744] {processor.py:641} INFO - Processing file /home/airflow/.local/lib/python3.7/site-packages/airflow/example_dags/example_subdag_operator.py for tasks to queue
[2022-05-24 12:22:38,748] {logging_mixin.py:115} INFO - [2022-05-24 12:22:38,748] {dagbag.py:507} INFO - Filling up the DagBag from /home/airflow/.local/lib/python3.7/site-packages/airflow/example_dags/example_subdag_operator.py
[2022-05-24 12:22:38,832] {processor.py:651} INFO - DAG(s) dict_keys(['example_subdag_operator.section-1', 'example_subdag_operator.section-2', 'example_subdag_operator']) retrieved from /home/airflow/.local/lib/python3.7/site-packages/airflow/example_dags/example_subdag_operator.py
[2022-05-24 12:22:38,942] {logging_mixin.py:115} INFO - [2022-05-24 12:22:38,942] {dag.py:2371} INFO - Sync 3 DAGs
[2022-05-24 12:22:39,002] {logging_mixin.py:115} INFO - [2022-05-24 12:22:39,002] {dag.py:2919} INFO - Setting next_dagrun for example_subdag_operator to 2022-05-22T00:00:00+00:00, run_after=2022-05-22T00:00:00+00:00
[2022-05-24 12:22:39,005] {logging_mixin.py:115} INFO - [2022-05-24 12:22:39,005] {dag.py:2919} INFO - Setting next_dagrun for example_subdag_operator.section-1 to None, run_after=None
[2022-05-24 12:22:39,007] {logging_mixin.py:115} INFO - [2022-05-24 12:22:39,007] {dag.py:2919} INFO - Setting next_dagrun for example_subdag_operator.section-2 to None, run_after=None
[2022-05-24 12:22:39,021] {logging_mixin.py:115} INFO - [2022-05-24 12:22:39,021] {dag.py:2371} INFO - Sync 2 DAGs
[2022-05-24 12:22:39,031] {logging_mixin.py:115} INFO - [2022-05-24 12:22:39,030] {dag.py:2919} INFO - Setting next_dagrun for example_subdag_operator.section-1 to None, run_after=None
[2022-05-24 12:22:39,032] {logging_mixin.py:115} INFO - [2022-05-24 12:22:39,032] {dag.py:2919} INFO - Setting next_dagrun for example_subdag_operator.section-2 to None, run_after=None
[2022-05-24 12:22:39,048] {processor.py:161} INFO - Processing /home/airflow/.local/lib/python3.7/site-packages/airflow/example_dags/example_subdag_operator.py took 0.322 seconds
[2022-05-24 12:23:09,479] {processor.py:153} INFO - Started process (PID=4653) to work on /home/airflow/.local/lib/python3.7/site-packages/airflow/example_dags/example_subdag_operator.py
[2022-05-24 12:23:09,481] {processor.py:641} INFO - Processing file /home/airflow/.local/lib/python3.7/site-packages/airflow/example_dags/example_subdag_operator.py for tasks to queue
[2022-05-24 12:23:09,483] {logging_mixin.py:115} INFO - [2022-05-24 12:23:09,483] {dagbag.py:507} INFO - Filling up the DagBag from /home/airflow/.local/lib/python3.7/site-packages/airflow/example_dags/example_subdag_operator.py
[2022-05-24 12:23:09,526] {processor.py:651} INFO - DAG(s) dict_keys(['example_subdag_operator.section-1', 'example_subdag_operator.section-2', 'example_subdag_operator']) retrieved from /home/airflow/.local/lib/python3.7/site-packages/airflow/example_dags/example_subdag_operator.py
[2022-05-24 12:23:09,604] {logging_mixin.py:115} INFO - [2022-05-24 12:23:09,604] {dag.py:2371} INFO - Sync 3 DAGs
[2022-05-24 12:23:09,640] {logging_mixin.py:115} INFO - [2022-05-24 12:23:09,640] {dag.py:2919} INFO - Setting next_dagrun for example_subdag_operator to 2022-05-22T00:00:00+00:00, run_after=2022-05-22T00:00:00+00:00
[2022-05-24 12:23:09,642] {logging_mixin.py:115} INFO - [2022-05-24 12:23:09,641] {dag.py:2919} INFO - Setting next_dagrun for example_subdag_operator.section-1 to None, run_after=None
[2022-05-24 12:23:09,643] {logging_mixin.py:115} INFO - [2022-05-24 12:23:09,643] {dag.py:2919} INFO - Setting next_dagrun for example_subdag_operator.section-2 to None, run_after=None
[2022-05-24 12:23:09,655] {logging_mixin.py:115} INFO - [2022-05-24 12:23:09,655] {dag.py:2371} INFO - Sync 2 DAGs
[2022-05-24 12:23:09,665] {logging_mixin.py:115} INFO - [2022-05-24 12:23:09,664] {dag.py:2919} INFO - Setting next_dagrun for example_subdag_operator.section-1 to None, run_after=None
[2022-05-24 12:23:09,666] {logging_mixin.py:115} INFO - [2022-05-24 12:23:09,666] {dag.py:2919} INFO - Setting next_dagrun for example_subdag_operator.section-2 to None, run_after=None
[2022-05-24 12:23:09,679] {processor.py:161} INFO - Processing /home/airflow/.local/lib/python3.7/site-packages/airflow/example_dags/example_subdag_operator.py took 0.208 seconds
[2022-05-24 12:23:40,772] {processor.py:153} INFO - Started process (PID=4847) to work on /home/airflow/.local/lib/python3.7/site-packages/airflow/example_dags/example_subdag_operator.py
[2022-05-24 12:23:40,775] {processor.py:641} INFO - Processing file /home/airflow/.local/lib/python3.7/site-packages/airflow/example_dags/example_subdag_operator.py for tasks to queue
[2022-05-24 12:23:40,778] {logging_mixin.py:115} INFO - [2022-05-24 12:23:40,778] {dagbag.py:507} INFO - Filling up the DagBag from /home/airflow/.local/lib/python3.7/site-packages/airflow/example_dags/example_subdag_operator.py
[2022-05-24 12:23:40,940] {processor.py:651} INFO - DAG(s) dict_keys(['example_subdag_operator.section-1', 'example_subdag_operator.section-2', 'example_subdag_operator']) retrieved from /home/airflow/.local/lib/python3.7/site-packages/airflow/example_dags/example_subdag_operator.py
[2022-05-24 12:23:41,397] {logging_mixin.py:115} INFO - [2022-05-24 12:23:41,397] {dag.py:2371} INFO - Sync 3 DAGs
[2022-05-24 12:23:41,460] {logging_mixin.py:115} INFO - [2022-05-24 12:23:41,459] {dag.py:2919} INFO - Setting next_dagrun for example_subdag_operator to 2022-05-22T00:00:00+00:00, run_after=2022-05-22T00:00:00+00:00
[2022-05-24 12:23:41,464] {logging_mixin.py:115} INFO - [2022-05-24 12:23:41,463] {dag.py:2919} INFO - Setting next_dagrun for example_subdag_operator.section-1 to None, run_after=None
[2022-05-24 12:23:41,471] {logging_mixin.py:115} INFO - [2022-05-24 12:23:41,471] {dag.py:2919} INFO - Setting next_dagrun for example_subdag_operator.section-2 to None, run_after=None
[2022-05-24 12:23:41,527] {logging_mixin.py:115} INFO - [2022-05-24 12:23:41,527] {dag.py:2371} INFO - Sync 2 DAGs
[2022-05-24 12:23:41,545] {logging_mixin.py:115} INFO - [2022-05-24 12:23:41,544] {dag.py:2919} INFO - Setting next_dagrun for example_subdag_operator.section-1 to None, run_after=None
[2022-05-24 12:23:41,547] {logging_mixin.py:115} INFO - [2022-05-24 12:23:41,546] {dag.py:2919} INFO - Setting next_dagrun for example_subdag_operator.section-2 to None, run_after=None
[2022-05-24 12:23:41,568] {processor.py:161} INFO - Processing /home/airflow/.local/lib/python3.7/site-packages/airflow/example_dags/example_subdag_operator.py took 0.800 seconds
[2022-05-24 12:24:12,440] {processor.py:153} INFO - Started process (PID=5047) to work on /home/airflow/.local/lib/python3.7/site-packages/airflow/example_dags/example_subdag_operator.py
[2022-05-24 12:24:12,443] {processor.py:641} INFO - Processing file /home/airflow/.local/lib/python3.7/site-packages/airflow/example_dags/example_subdag_operator.py for tasks to queue
[2022-05-24 12:24:12,577] {logging_mixin.py:115} INFO - [2022-05-24 12:24:12,575] {dagbag.py:507} INFO - Filling up the DagBag from /home/airflow/.local/lib/python3.7/site-packages/airflow/example_dags/example_subdag_operator.py
[2022-05-24 12:24:12,920] {processor.py:651} INFO - DAG(s) dict_keys(['example_subdag_operator.section-1', 'example_subdag_operator.section-2', 'example_subdag_operator']) retrieved from /home/airflow/.local/lib/python3.7/site-packages/airflow/example_dags/example_subdag_operator.py
[2022-05-24 12:24:13,150] {logging_mixin.py:115} INFO - [2022-05-24 12:24:13,149] {dag.py:2371} INFO - Sync 3 DAGs
[2022-05-24 12:24:13,272] {logging_mixin.py:115} INFO - [2022-05-24 12:24:13,272] {dag.py:2919} INFO - Setting next_dagrun for example_subdag_operator to 2022-05-22T00:00:00+00:00, run_after=2022-05-22T00:00:00+00:00
[2022-05-24 12:24:13,277] {logging_mixin.py:115} INFO - [2022-05-24 12:24:13,277] {dag.py:2919} INFO - Setting next_dagrun for example_subdag_operator.section-1 to None, run_after=None
[2022-05-24 12:24:13,281] {logging_mixin.py:115} INFO - [2022-05-24 12:24:13,280] {dag.py:2919} INFO - Setting next_dagrun for example_subdag_operator.section-2 to None, run_after=None
[2022-05-24 12:24:13,303] {logging_mixin.py:115} INFO - [2022-05-24 12:24:13,303] {dag.py:2371} INFO - Sync 2 DAGs
[2022-05-24 12:24:13,324] {logging_mixin.py:115} INFO - [2022-05-24 12:24:13,323] {dag.py:2919} INFO - Setting next_dagrun for example_subdag_operator.section-1 to None, run_after=None
[2022-05-24 12:24:13,341] {logging_mixin.py:115} INFO - [2022-05-24 12:24:13,340] {dag.py:2919} INFO - Setting next_dagrun for example_subdag_operator.section-2 to None, run_after=None
[2022-05-24 12:24:13,409] {processor.py:161} INFO - Processing /home/airflow/.local/lib/python3.7/site-packages/airflow/example_dags/example_subdag_operator.py took 1.000 seconds
[2022-05-24 12:24:43,861] {processor.py:153} INFO - Started process (PID=5242) to work on /home/airflow/.local/lib/python3.7/site-packages/airflow/example_dags/example_subdag_operator.py
[2022-05-24 12:24:43,864] {processor.py:641} INFO - Processing file /home/airflow/.local/lib/python3.7/site-packages/airflow/example_dags/example_subdag_operator.py for tasks to queue
[2022-05-24 12:24:43,867] {logging_mixin.py:115} INFO - [2022-05-24 12:24:43,866] {dagbag.py:507} INFO - Filling up the DagBag from /home/airflow/.local/lib/python3.7/site-packages/airflow/example_dags/example_subdag_operator.py
[2022-05-24 12:24:43,926] {processor.py:651} INFO - DAG(s) dict_keys(['example_subdag_operator.section-1', 'example_subdag_operator.section-2', 'example_subdag_operator']) retrieved from /home/airflow/.local/lib/python3.7/site-packages/airflow/example_dags/example_subdag_operator.py
[2022-05-24 12:24:43,973] {logging_mixin.py:115} INFO - [2022-05-24 12:24:43,973] {dag.py:2371} INFO - Sync 3 DAGs
[2022-05-24 12:24:44,006] {logging_mixin.py:115} INFO - [2022-05-24 12:24:44,006] {dag.py:2919} INFO - Setting next_dagrun for example_subdag_operator to 2022-05-22T00:00:00+00:00, run_after=2022-05-22T00:00:00+00:00
[2022-05-24 12:24:44,008] {logging_mixin.py:115} INFO - [2022-05-24 12:24:44,008] {dag.py:2919} INFO - Setting next_dagrun for example_subdag_operator.section-1 to None, run_after=None
[2022-05-24 12:24:44,009] {logging_mixin.py:115} INFO - [2022-05-24 12:24:44,009] {dag.py:2919} INFO - Setting next_dagrun for example_subdag_operator.section-2 to None, run_after=None
[2022-05-24 12:24:44,022] {logging_mixin.py:115} INFO - [2022-05-24 12:24:44,021] {dag.py:2371} INFO - Sync 2 DAGs
[2022-05-24 12:24:44,034] {logging_mixin.py:115} INFO - [2022-05-24 12:24:44,033] {dag.py:2919} INFO - Setting next_dagrun for example_subdag_operator.section-1 to None, run_after=None
[2022-05-24 12:24:44,035] {logging_mixin.py:115} INFO - [2022-05-24 12:24:44,035] {dag.py:2919} INFO - Setting next_dagrun for example_subdag_operator.section-2 to None, run_after=None
[2022-05-24 12:24:44,055] {processor.py:161} INFO - Processing /home/airflow/.local/lib/python3.7/site-packages/airflow/example_dags/example_subdag_operator.py took 0.200 seconds
[2022-05-24 12:25:14,348] {processor.py:153} INFO - Started process (PID=5436) to work on /home/airflow/.local/lib/python3.7/site-packages/airflow/example_dags/example_subdag_operator.py
[2022-05-24 12:25:14,351] {processor.py:641} INFO - Processing file /home/airflow/.local/lib/python3.7/site-packages/airflow/example_dags/example_subdag_operator.py for tasks to queue
[2022-05-24 12:25:14,354] {logging_mixin.py:115} INFO - [2022-05-24 12:25:14,354] {dagbag.py:507} INFO - Filling up the DagBag from /home/airflow/.local/lib/python3.7/site-packages/airflow/example_dags/example_subdag_operator.py
[2022-05-24 12:25:14,412] {processor.py:651} INFO - DAG(s) dict_keys(['example_subdag_operator.section-1', 'example_subdag_operator.section-2', 'example_subdag_operator']) retrieved from /home/airflow/.local/lib/python3.7/site-packages/airflow/example_dags/example_subdag_operator.py
[2022-05-24 12:25:14,493] {logging_mixin.py:115} INFO - [2022-05-24 12:25:14,493] {dag.py:2371} INFO - Sync 3 DAGs
[2022-05-24 12:25:14,572] {logging_mixin.py:115} INFO - [2022-05-24 12:25:14,572] {dag.py:2919} INFO - Setting next_dagrun for example_subdag_operator to 2022-05-22T00:00:00+00:00, run_after=2022-05-22T00:00:00+00:00
[2022-05-24 12:25:14,574] {logging_mixin.py:115} INFO - [2022-05-24 12:25:14,574] {dag.py:2919} INFO - Setting next_dagrun for example_subdag_operator.section-1 to None, run_after=None
[2022-05-24 12:25:14,575] {logging_mixin.py:115} INFO - [2022-05-24 12:25:14,575] {dag.py:2919} INFO - Setting next_dagrun for example_subdag_operator.section-2 to None, run_after=None
[2022-05-24 12:25:14,593] {logging_mixin.py:115} INFO - [2022-05-24 12:25:14,593] {dag.py:2371} INFO - Sync 2 DAGs
[2022-05-24 12:25:14,619] {logging_mixin.py:115} INFO - [2022-05-24 12:25:14,619] {dag.py:2919} INFO - Setting next_dagrun for example_subdag_operator.section-1 to None, run_after=None
[2022-05-24 12:25:14,626] {logging_mixin.py:115} INFO - [2022-05-24 12:25:14,626] {dag.py:2919} INFO - Setting next_dagrun for example_subdag_operator.section-2 to None, run_after=None
[2022-05-24 12:25:14,666] {processor.py:161} INFO - Processing /home/airflow/.local/lib/python3.7/site-packages/airflow/example_dags/example_subdag_operator.py took 0.325 seconds
[2022-05-24 12:25:44,762] {processor.py:153} INFO - Started process (PID=5643) to work on /home/airflow/.local/lib/python3.7/site-packages/airflow/example_dags/example_subdag_operator.py
[2022-05-24 12:25:44,765] {processor.py:641} INFO - Processing file /home/airflow/.local/lib/python3.7/site-packages/airflow/example_dags/example_subdag_operator.py for tasks to queue
[2022-05-24 12:25:44,767] {logging_mixin.py:115} INFO - [2022-05-24 12:25:44,767] {dagbag.py:507} INFO - Filling up the DagBag from /home/airflow/.local/lib/python3.7/site-packages/airflow/example_dags/example_subdag_operator.py
[2022-05-24 12:25:44,808] {processor.py:651} INFO - DAG(s) dict_keys(['example_subdag_operator.section-1', 'example_subdag_operator.section-2', 'example_subdag_operator']) retrieved from /home/airflow/.local/lib/python3.7/site-packages/airflow/example_dags/example_subdag_operator.py
[2022-05-24 12:25:44,857] {logging_mixin.py:115} INFO - [2022-05-24 12:25:44,856] {dag.py:2371} INFO - Sync 3 DAGs
[2022-05-24 12:25:44,889] {logging_mixin.py:115} INFO - [2022-05-24 12:25:44,889] {dag.py:2919} INFO - Setting next_dagrun for example_subdag_operator to 2022-05-22T00:00:00+00:00, run_after=2022-05-22T00:00:00+00:00
[2022-05-24 12:25:44,891] {logging_mixin.py:115} INFO - [2022-05-24 12:25:44,890] {dag.py:2919} INFO - Setting next_dagrun for example_subdag_operator.section-1 to None, run_after=None
[2022-05-24 12:25:44,892] {logging_mixin.py:115} INFO - [2022-05-24 12:25:44,892] {dag.py:2919} INFO - Setting next_dagrun for example_subdag_operator.section-2 to None, run_after=None
[2022-05-24 12:25:44,906] {logging_mixin.py:115} INFO - [2022-05-24 12:25:44,906] {dag.py:2371} INFO - Sync 2 DAGs
[2022-05-24 12:25:44,917] {logging_mixin.py:115} INFO - [2022-05-24 12:25:44,917] {dag.py:2919} INFO - Setting next_dagrun for example_subdag_operator.section-1 to None, run_after=None
[2022-05-24 12:25:44,919] {logging_mixin.py:115} INFO - [2022-05-24 12:25:44,919] {dag.py:2919} INFO - Setting next_dagrun for example_subdag_operator.section-2 to None, run_after=None
[2022-05-24 12:25:44,933] {processor.py:161} INFO - Processing /home/airflow/.local/lib/python3.7/site-packages/airflow/example_dags/example_subdag_operator.py took 0.175 seconds
[2022-05-24 12:26:15,004] {processor.py:153} INFO - Started process (PID=5839) to work on /home/airflow/.local/lib/python3.7/site-packages/airflow/example_dags/example_subdag_operator.py
[2022-05-24 12:26:15,006] {processor.py:641} INFO - Processing file /home/airflow/.local/lib/python3.7/site-packages/airflow/example_dags/example_subdag_operator.py for tasks to queue
[2022-05-24 12:26:15,008] {logging_mixin.py:115} INFO - [2022-05-24 12:26:15,008] {dagbag.py:507} INFO - Filling up the DagBag from /home/airflow/.local/lib/python3.7/site-packages/airflow/example_dags/example_subdag_operator.py
[2022-05-24 12:26:15,045] {processor.py:651} INFO - DAG(s) dict_keys(['example_subdag_operator.section-1', 'example_subdag_operator.section-2', 'example_subdag_operator']) retrieved from /home/airflow/.local/lib/python3.7/site-packages/airflow/example_dags/example_subdag_operator.py
[2022-05-24 12:26:15,106] {logging_mixin.py:115} INFO - [2022-05-24 12:26:15,105] {dag.py:2371} INFO - Sync 3 DAGs
[2022-05-24 12:26:15,138] {logging_mixin.py:115} INFO - [2022-05-24 12:26:15,138] {dag.py:2919} INFO - Setting next_dagrun for example_subdag_operator to 2022-05-22T00:00:00+00:00, run_after=2022-05-22T00:00:00+00:00
[2022-05-24 12:26:15,140] {logging_mixin.py:115} INFO - [2022-05-24 12:26:15,140] {dag.py:2919} INFO - Setting next_dagrun for example_subdag_operator.section-1 to None, run_after=None
[2022-05-24 12:26:15,141] {logging_mixin.py:115} INFO - [2022-05-24 12:26:15,141] {dag.py:2919} INFO - Setting next_dagrun for example_subdag_operator.section-2 to None, run_after=None
[2022-05-24 12:26:15,157] {logging_mixin.py:115} INFO - [2022-05-24 12:26:15,157] {dag.py:2371} INFO - Sync 2 DAGs
[2022-05-24 12:26:15,169] {logging_mixin.py:115} INFO - [2022-05-24 12:26:15,168] {dag.py:2919} INFO - Setting next_dagrun for example_subdag_operator.section-1 to None, run_after=None
[2022-05-24 12:26:15,170] {logging_mixin.py:115} INFO - [2022-05-24 12:26:15,170] {dag.py:2919} INFO - Setting next_dagrun for example_subdag_operator.section-2 to None, run_after=None
[2022-05-24 12:26:15,190] {processor.py:161} INFO - Processing /home/airflow/.local/lib/python3.7/site-packages/airflow/example_dags/example_subdag_operator.py took 0.191 seconds
[2022-05-24 12:26:45,813] {processor.py:153} INFO - Started process (PID=6039) to work on /home/airflow/.local/lib/python3.7/site-packages/airflow/example_dags/example_subdag_operator.py
[2022-05-24 12:26:45,829] {processor.py:641} INFO - Processing file /home/airflow/.local/lib/python3.7/site-packages/airflow/example_dags/example_subdag_operator.py for tasks to queue
[2022-05-24 12:26:45,832] {logging_mixin.py:115} INFO - [2022-05-24 12:26:45,832] {dagbag.py:507} INFO - Filling up the DagBag from /home/airflow/.local/lib/python3.7/site-packages/airflow/example_dags/example_subdag_operator.py
[2022-05-24 12:26:46,030] {processor.py:651} INFO - DAG(s) dict_keys(['example_subdag_operator.section-1', 'example_subdag_operator.section-2', 'example_subdag_operator']) retrieved from /home/airflow/.local/lib/python3.7/site-packages/airflow/example_dags/example_subdag_operator.py
[2022-05-24 12:26:46,361] {logging_mixin.py:115} INFO - [2022-05-24 12:26:46,361] {dag.py:2371} INFO - Sync 3 DAGs
[2022-05-24 12:26:46,782] {logging_mixin.py:115} INFO - [2022-05-24 12:26:46,751] {dag.py:2919} INFO - Setting next_dagrun for example_subdag_operator to 2022-05-22T00:00:00+00:00, run_after=2022-05-22T00:00:00+00:00
[2022-05-24 12:26:46,785] {logging_mixin.py:115} INFO - [2022-05-24 12:26:46,785] {dag.py:2919} INFO - Setting next_dagrun for example_subdag_operator.section-1 to None, run_after=None
[2022-05-24 12:26:46,790] {logging_mixin.py:115} INFO - [2022-05-24 12:26:46,790] {dag.py:2919} INFO - Setting next_dagrun for example_subdag_operator.section-2 to None, run_after=None
[2022-05-24 12:26:46,834] {logging_mixin.py:115} INFO - [2022-05-24 12:26:46,834] {dag.py:2371} INFO - Sync 2 DAGs
[2022-05-24 12:26:46,897] {logging_mixin.py:115} INFO - [2022-05-24 12:26:46,897] {dag.py:2919} INFO - Setting next_dagrun for example_subdag_operator.section-1 to None, run_after=None
[2022-05-24 12:26:46,900] {logging_mixin.py:115} INFO - [2022-05-24 12:26:46,900] {dag.py:2919} INFO - Setting next_dagrun for example_subdag_operator.section-2 to None, run_after=None
[2022-05-24 12:26:47,029] {processor.py:161} INFO - Processing /home/airflow/.local/lib/python3.7/site-packages/airflow/example_dags/example_subdag_operator.py took 1.234 seconds
[2022-05-24 12:27:17,210] {processor.py:153} INFO - Started process (PID=6236) to work on /home/airflow/.local/lib/python3.7/site-packages/airflow/example_dags/example_subdag_operator.py
[2022-05-24 12:27:17,213] {processor.py:641} INFO - Processing file /home/airflow/.local/lib/python3.7/site-packages/airflow/example_dags/example_subdag_operator.py for tasks to queue
[2022-05-24 12:27:17,216] {logging_mixin.py:115} INFO - [2022-05-24 12:27:17,215] {dagbag.py:507} INFO - Filling up the DagBag from /home/airflow/.local/lib/python3.7/site-packages/airflow/example_dags/example_subdag_operator.py
[2022-05-24 12:27:17,258] {processor.py:651} INFO - DAG(s) dict_keys(['example_subdag_operator.section-1', 'example_subdag_operator.section-2', 'example_subdag_operator']) retrieved from /home/airflow/.local/lib/python3.7/site-packages/airflow/example_dags/example_subdag_operator.py
[2022-05-24 12:27:17,313] {logging_mixin.py:115} INFO - [2022-05-24 12:27:17,312] {dag.py:2371} INFO - Sync 3 DAGs
[2022-05-24 12:27:17,348] {logging_mixin.py:115} INFO - [2022-05-24 12:27:17,348] {dag.py:2919} INFO - Setting next_dagrun for example_subdag_operator to 2022-05-22T00:00:00+00:00, run_after=2022-05-22T00:00:00+00:00
[2022-05-24 12:27:17,351] {logging_mixin.py:115} INFO - [2022-05-24 12:27:17,351] {dag.py:2919} INFO - Setting next_dagrun for example_subdag_operator.section-1 to None, run_after=None
[2022-05-24 12:27:17,352] {logging_mixin.py:115} INFO - [2022-05-24 12:27:17,352] {dag.py:2919} INFO - Setting next_dagrun for example_subdag_operator.section-2 to None, run_after=None
[2022-05-24 12:27:17,367] {logging_mixin.py:115} INFO - [2022-05-24 12:27:17,366] {dag.py:2371} INFO - Sync 2 DAGs
[2022-05-24 12:27:17,376] {logging_mixin.py:115} INFO - [2022-05-24 12:27:17,376] {dag.py:2919} INFO - Setting next_dagrun for example_subdag_operator.section-1 to None, run_after=None
[2022-05-24 12:27:17,378] {logging_mixin.py:115} INFO - [2022-05-24 12:27:17,378] {dag.py:2919} INFO - Setting next_dagrun for example_subdag_operator.section-2 to None, run_after=None
[2022-05-24 12:27:17,389] {processor.py:161} INFO - Processing /home/airflow/.local/lib/python3.7/site-packages/airflow/example_dags/example_subdag_operator.py took 0.187 seconds
[2022-05-24 12:27:47,925] {processor.py:153} INFO - Started process (PID=6429) to work on /home/airflow/.local/lib/python3.7/site-packages/airflow/example_dags/example_subdag_operator.py
[2022-05-24 12:27:47,928] {processor.py:641} INFO - Processing file /home/airflow/.local/lib/python3.7/site-packages/airflow/example_dags/example_subdag_operator.py for tasks to queue
[2022-05-24 12:27:47,932] {logging_mixin.py:115} INFO - [2022-05-24 12:27:47,931] {dagbag.py:507} INFO - Filling up the DagBag from /home/airflow/.local/lib/python3.7/site-packages/airflow/example_dags/example_subdag_operator.py
[2022-05-24 12:27:47,985] {processor.py:651} INFO - DAG(s) dict_keys(['example_subdag_operator.section-1', 'example_subdag_operator.section-2', 'example_subdag_operator']) retrieved from /home/airflow/.local/lib/python3.7/site-packages/airflow/example_dags/example_subdag_operator.py
[2022-05-24 12:27:48,040] {logging_mixin.py:115} INFO - [2022-05-24 12:27:48,040] {dag.py:2371} INFO - Sync 3 DAGs
[2022-05-24 12:27:48,088] {logging_mixin.py:115} INFO - [2022-05-24 12:27:48,087] {dag.py:2919} INFO - Setting next_dagrun for example_subdag_operator to 2022-05-22T00:00:00+00:00, run_after=2022-05-22T00:00:00+00:00
[2022-05-24 12:27:48,090] {logging_mixin.py:115} INFO - [2022-05-24 12:27:48,089] {dag.py:2919} INFO - Setting next_dagrun for example_subdag_operator.section-1 to None, run_after=None
[2022-05-24 12:27:48,091] {logging_mixin.py:115} INFO - [2022-05-24 12:27:48,091] {dag.py:2919} INFO - Setting next_dagrun for example_subdag_operator.section-2 to None, run_after=None
[2022-05-24 12:27:48,110] {logging_mixin.py:115} INFO - [2022-05-24 12:27:48,110] {dag.py:2371} INFO - Sync 2 DAGs
[2022-05-24 12:27:48,127] {logging_mixin.py:115} INFO - [2022-05-24 12:27:48,126] {dag.py:2919} INFO - Setting next_dagrun for example_subdag_operator.section-1 to None, run_after=None
[2022-05-24 12:27:48,128] {logging_mixin.py:115} INFO - [2022-05-24 12:27:48,128] {dag.py:2919} INFO - Setting next_dagrun for example_subdag_operator.section-2 to None, run_after=None
[2022-05-24 12:27:48,150] {processor.py:161} INFO - Processing /home/airflow/.local/lib/python3.7/site-packages/airflow/example_dags/example_subdag_operator.py took 0.231 seconds
[2022-05-24 12:28:18,553] {processor.py:153} INFO - Started process (PID=6624) to work on /home/airflow/.local/lib/python3.7/site-packages/airflow/example_dags/example_subdag_operator.py
[2022-05-24 12:28:18,561] {processor.py:641} INFO - Processing file /home/airflow/.local/lib/python3.7/site-packages/airflow/example_dags/example_subdag_operator.py for tasks to queue
[2022-05-24 12:28:18,563] {logging_mixin.py:115} INFO - [2022-05-24 12:28:18,563] {dagbag.py:507} INFO - Filling up the DagBag from /home/airflow/.local/lib/python3.7/site-packages/airflow/example_dags/example_subdag_operator.py
[2022-05-24 12:28:18,670] {processor.py:651} INFO - DAG(s) dict_keys(['example_subdag_operator.section-1', 'example_subdag_operator.section-2', 'example_subdag_operator']) retrieved from /home/airflow/.local/lib/python3.7/site-packages/airflow/example_dags/example_subdag_operator.py
[2022-05-24 12:28:18,775] {logging_mixin.py:115} INFO - [2022-05-24 12:28:18,774] {dag.py:2371} INFO - Sync 3 DAGs
[2022-05-24 12:28:18,845] {logging_mixin.py:115} INFO - [2022-05-24 12:28:18,845] {dag.py:2919} INFO - Setting next_dagrun for example_subdag_operator to 2022-05-22T00:00:00+00:00, run_after=2022-05-22T00:00:00+00:00
[2022-05-24 12:28:18,849] {logging_mixin.py:115} INFO - [2022-05-24 12:28:18,848] {dag.py:2919} INFO - Setting next_dagrun for example_subdag_operator.section-1 to None, run_after=None
[2022-05-24 12:28:18,851] {logging_mixin.py:115} INFO - [2022-05-24 12:28:18,851] {dag.py:2919} INFO - Setting next_dagrun for example_subdag_operator.section-2 to None, run_after=None
[2022-05-24 12:28:18,879] {logging_mixin.py:115} INFO - [2022-05-24 12:28:18,879] {dag.py:2371} INFO - Sync 2 DAGs
[2022-05-24 12:28:18,899] {logging_mixin.py:115} INFO - [2022-05-24 12:28:18,899] {dag.py:2919} INFO - Setting next_dagrun for example_subdag_operator.section-1 to None, run_after=None
[2022-05-24 12:28:18,902] {logging_mixin.py:115} INFO - [2022-05-24 12:28:18,902] {dag.py:2919} INFO - Setting next_dagrun for example_subdag_operator.section-2 to None, run_after=None
[2022-05-24 12:28:18,933] {processor.py:161} INFO - Processing /home/airflow/.local/lib/python3.7/site-packages/airflow/example_dags/example_subdag_operator.py took 0.389 seconds
[2022-05-24 12:28:49,626] {processor.py:153} INFO - Started process (PID=6827) to work on /home/airflow/.local/lib/python3.7/site-packages/airflow/example_dags/example_subdag_operator.py
[2022-05-24 12:28:49,629] {processor.py:641} INFO - Processing file /home/airflow/.local/lib/python3.7/site-packages/airflow/example_dags/example_subdag_operator.py for tasks to queue
[2022-05-24 12:28:49,631] {logging_mixin.py:115} INFO - [2022-05-24 12:28:49,631] {dagbag.py:507} INFO - Filling up the DagBag from /home/airflow/.local/lib/python3.7/site-packages/airflow/example_dags/example_subdag_operator.py
[2022-05-24 12:28:49,679] {processor.py:651} INFO - DAG(s) dict_keys(['example_subdag_operator.section-1', 'example_subdag_operator.section-2', 'example_subdag_operator']) retrieved from /home/airflow/.local/lib/python3.7/site-packages/airflow/example_dags/example_subdag_operator.py
[2022-05-24 12:28:49,742] {logging_mixin.py:115} INFO - [2022-05-24 12:28:49,742] {dag.py:2371} INFO - Sync 3 DAGs
[2022-05-24 12:28:49,792] {logging_mixin.py:115} INFO - [2022-05-24 12:28:49,792] {dag.py:2919} INFO - Setting next_dagrun for example_subdag_operator to 2022-05-22T00:00:00+00:00, run_after=2022-05-22T00:00:00+00:00
[2022-05-24 12:28:49,793] {logging_mixin.py:115} INFO - [2022-05-24 12:28:49,793] {dag.py:2919} INFO - Setting next_dagrun for example_subdag_operator.section-1 to None, run_after=None
[2022-05-24 12:28:49,798] {logging_mixin.py:115} INFO - [2022-05-24 12:28:49,798] {dag.py:2919} INFO - Setting next_dagrun for example_subdag_operator.section-2 to None, run_after=None
[2022-05-24 12:28:49,810] {logging_mixin.py:115} INFO - [2022-05-24 12:28:49,810] {dag.py:2371} INFO - Sync 2 DAGs
[2022-05-24 12:28:49,819] {logging_mixin.py:115} INFO - [2022-05-24 12:28:49,819] {dag.py:2919} INFO - Setting next_dagrun for example_subdag_operator.section-1 to None, run_after=None
[2022-05-24 12:28:49,821] {logging_mixin.py:115} INFO - [2022-05-24 12:28:49,821] {dag.py:2919} INFO - Setting next_dagrun for example_subdag_operator.section-2 to None, run_after=None
[2022-05-24 12:28:49,845] {processor.py:161} INFO - Processing /home/airflow/.local/lib/python3.7/site-packages/airflow/example_dags/example_subdag_operator.py took 0.225 seconds
[2022-05-24 12:29:20,072] {processor.py:153} INFO - Started process (PID=7021) to work on /home/airflow/.local/lib/python3.7/site-packages/airflow/example_dags/example_subdag_operator.py
[2022-05-24 12:29:20,074] {processor.py:641} INFO - Processing file /home/airflow/.local/lib/python3.7/site-packages/airflow/example_dags/example_subdag_operator.py for tasks to queue
[2022-05-24 12:29:20,077] {logging_mixin.py:115} INFO - [2022-05-24 12:29:20,077] {dagbag.py:507} INFO - Filling up the DagBag from /home/airflow/.local/lib/python3.7/site-packages/airflow/example_dags/example_subdag_operator.py
[2022-05-24 12:29:20,118] {processor.py:651} INFO - DAG(s) dict_keys(['example_subdag_operator.section-1', 'example_subdag_operator.section-2', 'example_subdag_operator']) retrieved from /home/airflow/.local/lib/python3.7/site-packages/airflow/example_dags/example_subdag_operator.py
[2022-05-24 12:29:20,176] {logging_mixin.py:115} INFO - [2022-05-24 12:29:20,175] {dag.py:2371} INFO - Sync 3 DAGs
[2022-05-24 12:29:20,221] {logging_mixin.py:115} INFO - [2022-05-24 12:29:20,221] {dag.py:2919} INFO - Setting next_dagrun for example_subdag_operator to 2022-05-22T00:00:00+00:00, run_after=2022-05-22T00:00:00+00:00
[2022-05-24 12:29:20,222] {logging_mixin.py:115} INFO - [2022-05-24 12:29:20,222] {dag.py:2919} INFO - Setting next_dagrun for example_subdag_operator.section-1 to None, run_after=None
[2022-05-24 12:29:20,224] {logging_mixin.py:115} INFO - [2022-05-24 12:29:20,224] {dag.py:2919} INFO - Setting next_dagrun for example_subdag_operator.section-2 to None, run_after=None
[2022-05-24 12:29:20,238] {logging_mixin.py:115} INFO - [2022-05-24 12:29:20,238] {dag.py:2371} INFO - Sync 2 DAGs
[2022-05-24 12:29:20,251] {logging_mixin.py:115} INFO - [2022-05-24 12:29:20,250] {dag.py:2919} INFO - Setting next_dagrun for example_subdag_operator.section-1 to None, run_after=None
[2022-05-24 12:29:20,252] {logging_mixin.py:115} INFO - [2022-05-24 12:29:20,252] {dag.py:2919} INFO - Setting next_dagrun for example_subdag_operator.section-2 to None, run_after=None
[2022-05-24 12:29:20,264] {processor.py:161} INFO - Processing /home/airflow/.local/lib/python3.7/site-packages/airflow/example_dags/example_subdag_operator.py took 0.199 seconds
[2022-05-24 12:29:50,415] {processor.py:153} INFO - Started process (PID=7225) to work on /home/airflow/.local/lib/python3.7/site-packages/airflow/example_dags/example_subdag_operator.py
[2022-05-24 12:29:50,418] {processor.py:641} INFO - Processing file /home/airflow/.local/lib/python3.7/site-packages/airflow/example_dags/example_subdag_operator.py for tasks to queue
[2022-05-24 12:29:50,419] {logging_mixin.py:115} INFO - [2022-05-24 12:29:50,419] {dagbag.py:507} INFO - Filling up the DagBag from /home/airflow/.local/lib/python3.7/site-packages/airflow/example_dags/example_subdag_operator.py
[2022-05-24 12:29:50,501] {processor.py:651} INFO - DAG(s) dict_keys(['example_subdag_operator.section-1', 'example_subdag_operator.section-2', 'example_subdag_operator']) retrieved from /home/airflow/.local/lib/python3.7/site-packages/airflow/example_dags/example_subdag_operator.py
[2022-05-24 12:29:50,623] {logging_mixin.py:115} INFO - [2022-05-24 12:29:50,623] {dag.py:2371} INFO - Sync 3 DAGs
[2022-05-24 12:29:50,681] {logging_mixin.py:115} INFO - [2022-05-24 12:29:50,681] {dag.py:2919} INFO - Setting next_dagrun for example_subdag_operator to 2022-05-22T00:00:00+00:00, run_after=2022-05-22T00:00:00+00:00
[2022-05-24 12:29:50,683] {logging_mixin.py:115} INFO - [2022-05-24 12:29:50,683] {dag.py:2919} INFO - Setting next_dagrun for example_subdag_operator.section-1 to None, run_after=None
[2022-05-24 12:29:50,684] {logging_mixin.py:115} INFO - [2022-05-24 12:29:50,684] {dag.py:2919} INFO - Setting next_dagrun for example_subdag_operator.section-2 to None, run_after=None
[2022-05-24 12:29:50,699] {logging_mixin.py:115} INFO - [2022-05-24 12:29:50,699] {dag.py:2371} INFO - Sync 2 DAGs
[2022-05-24 12:29:50,711] {logging_mixin.py:115} INFO - [2022-05-24 12:29:50,711] {dag.py:2919} INFO - Setting next_dagrun for example_subdag_operator.section-1 to None, run_after=None
[2022-05-24 12:29:50,713] {logging_mixin.py:115} INFO - [2022-05-24 12:29:50,713] {dag.py:2919} INFO - Setting next_dagrun for example_subdag_operator.section-2 to None, run_after=None
[2022-05-24 12:29:50,733] {processor.py:161} INFO - Processing /home/airflow/.local/lib/python3.7/site-packages/airflow/example_dags/example_subdag_operator.py took 0.323 seconds
