[2022-05-24 12:11:49,637] {processor.py:153} INFO - Started process (PID=236) to work on /home/airflow/.local/lib/python3.7/site-packages/airflow/example_dags/example_skip_dag.py
[2022-05-24 12:11:49,639] {processor.py:641} INFO - Processing file /home/airflow/.local/lib/python3.7/site-packages/airflow/example_dags/example_skip_dag.py for tasks to queue
[2022-05-24 12:11:49,641] {logging_mixin.py:115} INFO - [2022-05-24 12:11:49,641] {dagbag.py:507} INFO - Filling up the DagBag from /home/airflow/.local/lib/python3.7/site-packages/airflow/example_dags/example_skip_dag.py
[2022-05-24 12:11:49,676] {processor.py:651} INFO - DAG(s) dict_keys(['example_skip_dag']) retrieved from /home/airflow/.local/lib/python3.7/site-packages/airflow/example_dags/example_skip_dag.py
[2022-05-24 12:11:50,113] {logging_mixin.py:115} INFO - [2022-05-24 12:11:50,113] {manager.py:508} INFO - Created Permission View: can delete on DAG:example_skip_dag
[2022-05-24 12:11:50,199] {logging_mixin.py:115} INFO - [2022-05-24 12:11:50,199] {manager.py:508} INFO - Created Permission View: can edit on DAG:example_skip_dag
[2022-05-24 12:11:50,271] {logging_mixin.py:115} INFO - [2022-05-24 12:11:50,271] {manager.py:508} INFO - Created Permission View: can read on DAG:example_skip_dag
[2022-05-24 12:11:50,283] {logging_mixin.py:115} INFO - [2022-05-24 12:11:50,280] {dag.py:2371} INFO - Sync 1 DAGs
[2022-05-24 12:11:50,505] {logging_mixin.py:115} INFO - [2022-05-24 12:11:50,500] {dag.py:2390} INFO - Creating ORM DAG for example_skip_dag
[2022-05-24 12:11:50,583] {logging_mixin.py:115} INFO - [2022-05-24 12:11:50,582] {dag.py:2919} INFO - Setting next_dagrun for example_skip_dag to 2022-05-23T12:11:50.581753+00:00, run_after=2022-05-24T12:11:50.581753+00:00
[2022-05-24 12:11:50,650] {processor.py:161} INFO - Processing /home/airflow/.local/lib/python3.7/site-packages/airflow/example_dags/example_skip_dag.py took 1.089 seconds
[2022-05-24 12:12:21,216] {processor.py:153} INFO - Started process (PID=432) to work on /home/airflow/.local/lib/python3.7/site-packages/airflow/example_dags/example_skip_dag.py
[2022-05-24 12:12:21,220] {processor.py:641} INFO - Processing file /home/airflow/.local/lib/python3.7/site-packages/airflow/example_dags/example_skip_dag.py for tasks to queue
[2022-05-24 12:12:21,224] {logging_mixin.py:115} INFO - [2022-05-24 12:12:21,224] {dagbag.py:507} INFO - Filling up the DagBag from /home/airflow/.local/lib/python3.7/site-packages/airflow/example_dags/example_skip_dag.py
[2022-05-24 12:12:21,244] {processor.py:651} INFO - DAG(s) dict_keys(['example_skip_dag']) retrieved from /home/airflow/.local/lib/python3.7/site-packages/airflow/example_dags/example_skip_dag.py
[2022-05-24 12:12:21,321] {logging_mixin.py:115} INFO - [2022-05-24 12:12:21,321] {dag.py:2371} INFO - Sync 1 DAGs
[2022-05-24 12:12:21,386] {logging_mixin.py:115} INFO - [2022-05-24 12:12:21,386] {dag.py:2919} INFO - Setting next_dagrun for example_skip_dag to 2022-05-23T12:12:21.385999+00:00, run_after=2022-05-24T12:12:21.385999+00:00
[2022-05-24 12:12:21,417] {processor.py:161} INFO - Processing /home/airflow/.local/lib/python3.7/site-packages/airflow/example_dags/example_skip_dag.py took 0.204 seconds
[2022-05-24 12:12:51,900] {processor.py:153} INFO - Started process (PID=626) to work on /home/airflow/.local/lib/python3.7/site-packages/airflow/example_dags/example_skip_dag.py
[2022-05-24 12:12:51,905] {processor.py:641} INFO - Processing file /home/airflow/.local/lib/python3.7/site-packages/airflow/example_dags/example_skip_dag.py for tasks to queue
[2022-05-24 12:12:51,918] {logging_mixin.py:115} INFO - [2022-05-24 12:12:51,918] {dagbag.py:507} INFO - Filling up the DagBag from /home/airflow/.local/lib/python3.7/site-packages/airflow/example_dags/example_skip_dag.py
[2022-05-24 12:12:51,951] {processor.py:651} INFO - DAG(s) dict_keys(['example_skip_dag']) retrieved from /home/airflow/.local/lib/python3.7/site-packages/airflow/example_dags/example_skip_dag.py
[2022-05-24 12:12:52,053] {logging_mixin.py:115} INFO - [2022-05-24 12:12:52,053] {dag.py:2371} INFO - Sync 1 DAGs
[2022-05-24 12:12:52,091] {logging_mixin.py:115} INFO - [2022-05-24 12:12:52,090] {dag.py:2919} INFO - Setting next_dagrun for example_skip_dag to 2022-05-23T12:12:52.090411+00:00, run_after=2022-05-24T12:12:52.090411+00:00
[2022-05-24 12:12:52,112] {processor.py:161} INFO - Processing /home/airflow/.local/lib/python3.7/site-packages/airflow/example_dags/example_skip_dag.py took 0.217 seconds
[2022-05-24 12:13:22,668] {processor.py:153} INFO - Started process (PID=843) to work on /home/airflow/.local/lib/python3.7/site-packages/airflow/example_dags/example_skip_dag.py
[2022-05-24 12:13:22,671] {processor.py:641} INFO - Processing file /home/airflow/.local/lib/python3.7/site-packages/airflow/example_dags/example_skip_dag.py for tasks to queue
[2022-05-24 12:13:22,672] {logging_mixin.py:115} INFO - [2022-05-24 12:13:22,672] {dagbag.py:507} INFO - Filling up the DagBag from /home/airflow/.local/lib/python3.7/site-packages/airflow/example_dags/example_skip_dag.py
[2022-05-24 12:13:22,690] {processor.py:651} INFO - DAG(s) dict_keys(['example_skip_dag']) retrieved from /home/airflow/.local/lib/python3.7/site-packages/airflow/example_dags/example_skip_dag.py
[2022-05-24 12:13:22,811] {logging_mixin.py:115} INFO - [2022-05-24 12:13:22,807] {dag.py:2371} INFO - Sync 1 DAGs
[2022-05-24 12:13:22,871] {logging_mixin.py:115} INFO - [2022-05-24 12:13:22,871] {dag.py:2919} INFO - Setting next_dagrun for example_skip_dag to 2022-05-23T12:13:22.871263+00:00, run_after=2022-05-24T12:13:22.871263+00:00
[2022-05-24 12:13:22,913] {processor.py:161} INFO - Processing /home/airflow/.local/lib/python3.7/site-packages/airflow/example_dags/example_skip_dag.py took 0.271 seconds
[2022-05-24 12:13:53,794] {processor.py:153} INFO - Started process (PID=1037) to work on /home/airflow/.local/lib/python3.7/site-packages/airflow/example_dags/example_skip_dag.py
[2022-05-24 12:13:53,797] {processor.py:641} INFO - Processing file /home/airflow/.local/lib/python3.7/site-packages/airflow/example_dags/example_skip_dag.py for tasks to queue
[2022-05-24 12:13:53,799] {logging_mixin.py:115} INFO - [2022-05-24 12:13:53,799] {dagbag.py:507} INFO - Filling up the DagBag from /home/airflow/.local/lib/python3.7/site-packages/airflow/example_dags/example_skip_dag.py
[2022-05-24 12:13:53,810] {processor.py:651} INFO - DAG(s) dict_keys(['example_skip_dag']) retrieved from /home/airflow/.local/lib/python3.7/site-packages/airflow/example_dags/example_skip_dag.py
[2022-05-24 12:13:53,854] {logging_mixin.py:115} INFO - [2022-05-24 12:13:53,854] {dag.py:2371} INFO - Sync 1 DAGs
[2022-05-24 12:13:53,897] {logging_mixin.py:115} INFO - [2022-05-24 12:13:53,897] {dag.py:2919} INFO - Setting next_dagrun for example_skip_dag to 2022-05-23T12:13:53.896860+00:00, run_after=2022-05-24T12:13:53.896860+00:00
[2022-05-24 12:13:53,917] {processor.py:161} INFO - Processing /home/airflow/.local/lib/python3.7/site-packages/airflow/example_dags/example_skip_dag.py took 0.128 seconds
[2022-05-24 12:14:24,593] {processor.py:153} INFO - Started process (PID=1244) to work on /home/airflow/.local/lib/python3.7/site-packages/airflow/example_dags/example_skip_dag.py
[2022-05-24 12:14:24,601] {processor.py:641} INFO - Processing file /home/airflow/.local/lib/python3.7/site-packages/airflow/example_dags/example_skip_dag.py for tasks to queue
[2022-05-24 12:14:24,603] {logging_mixin.py:115} INFO - [2022-05-24 12:14:24,603] {dagbag.py:507} INFO - Filling up the DagBag from /home/airflow/.local/lib/python3.7/site-packages/airflow/example_dags/example_skip_dag.py
[2022-05-24 12:14:24,635] {processor.py:651} INFO - DAG(s) dict_keys(['example_skip_dag']) retrieved from /home/airflow/.local/lib/python3.7/site-packages/airflow/example_dags/example_skip_dag.py
[2022-05-24 12:14:24,720] {logging_mixin.py:115} INFO - [2022-05-24 12:14:24,720] {dag.py:2371} INFO - Sync 1 DAGs
[2022-05-24 12:14:24,800] {logging_mixin.py:115} INFO - [2022-05-24 12:14:24,799] {dag.py:2919} INFO - Setting next_dagrun for example_skip_dag to 2022-05-23T12:14:24.798775+00:00, run_after=2022-05-24T12:14:24.798775+00:00
[2022-05-24 12:14:24,822] {processor.py:161} INFO - Processing /home/airflow/.local/lib/python3.7/site-packages/airflow/example_dags/example_skip_dag.py took 0.240 seconds
[2022-05-24 12:14:55,309] {processor.py:153} INFO - Started process (PID=1448) to work on /home/airflow/.local/lib/python3.7/site-packages/airflow/example_dags/example_skip_dag.py
[2022-05-24 12:14:55,313] {processor.py:641} INFO - Processing file /home/airflow/.local/lib/python3.7/site-packages/airflow/example_dags/example_skip_dag.py for tasks to queue
[2022-05-24 12:14:55,321] {logging_mixin.py:115} INFO - [2022-05-24 12:14:55,320] {dagbag.py:507} INFO - Filling up the DagBag from /home/airflow/.local/lib/python3.7/site-packages/airflow/example_dags/example_skip_dag.py
[2022-05-24 12:14:55,370] {processor.py:651} INFO - DAG(s) dict_keys(['example_skip_dag']) retrieved from /home/airflow/.local/lib/python3.7/site-packages/airflow/example_dags/example_skip_dag.py
[2022-05-24 12:14:55,439] {logging_mixin.py:115} INFO - [2022-05-24 12:14:55,439] {dag.py:2371} INFO - Sync 1 DAGs
[2022-05-24 12:14:55,474] {logging_mixin.py:115} INFO - [2022-05-24 12:14:55,474] {dag.py:2919} INFO - Setting next_dagrun for example_skip_dag to 2022-05-23T12:14:55.474282+00:00, run_after=2022-05-24T12:14:55.474282+00:00
[2022-05-24 12:14:55,508] {processor.py:161} INFO - Processing /home/airflow/.local/lib/python3.7/site-packages/airflow/example_dags/example_skip_dag.py took 0.208 seconds
[2022-05-24 12:15:25,803] {processor.py:153} INFO - Started process (PID=1643) to work on /home/airflow/.local/lib/python3.7/site-packages/airflow/example_dags/example_skip_dag.py
[2022-05-24 12:15:25,808] {processor.py:641} INFO - Processing file /home/airflow/.local/lib/python3.7/site-packages/airflow/example_dags/example_skip_dag.py for tasks to queue
[2022-05-24 12:15:25,815] {logging_mixin.py:115} INFO - [2022-05-24 12:15:25,815] {dagbag.py:507} INFO - Filling up the DagBag from /home/airflow/.local/lib/python3.7/site-packages/airflow/example_dags/example_skip_dag.py
[2022-05-24 12:15:25,832] {processor.py:651} INFO - DAG(s) dict_keys(['example_skip_dag']) retrieved from /home/airflow/.local/lib/python3.7/site-packages/airflow/example_dags/example_skip_dag.py
[2022-05-24 12:15:25,904] {logging_mixin.py:115} INFO - [2022-05-24 12:15:25,904] {dag.py:2371} INFO - Sync 1 DAGs
[2022-05-24 12:15:25,950] {logging_mixin.py:115} INFO - [2022-05-24 12:15:25,950] {dag.py:2919} INFO - Setting next_dagrun for example_skip_dag to 2022-05-23T12:15:25.949873+00:00, run_after=2022-05-24T12:15:25.949873+00:00
[2022-05-24 12:15:25,970] {processor.py:161} INFO - Processing /home/airflow/.local/lib/python3.7/site-packages/airflow/example_dags/example_skip_dag.py took 0.174 seconds
[2022-05-24 12:15:56,034] {processor.py:153} INFO - Started process (PID=1848) to work on /home/airflow/.local/lib/python3.7/site-packages/airflow/example_dags/example_skip_dag.py
[2022-05-24 12:15:56,037] {processor.py:641} INFO - Processing file /home/airflow/.local/lib/python3.7/site-packages/airflow/example_dags/example_skip_dag.py for tasks to queue
[2022-05-24 12:15:56,038] {logging_mixin.py:115} INFO - [2022-05-24 12:15:56,038] {dagbag.py:507} INFO - Filling up the DagBag from /home/airflow/.local/lib/python3.7/site-packages/airflow/example_dags/example_skip_dag.py
[2022-05-24 12:15:56,047] {processor.py:651} INFO - DAG(s) dict_keys(['example_skip_dag']) retrieved from /home/airflow/.local/lib/python3.7/site-packages/airflow/example_dags/example_skip_dag.py
[2022-05-24 12:15:56,088] {logging_mixin.py:115} INFO - [2022-05-24 12:15:56,088] {dag.py:2371} INFO - Sync 1 DAGs
[2022-05-24 12:15:56,121] {logging_mixin.py:115} INFO - [2022-05-24 12:15:56,120] {dag.py:2919} INFO - Setting next_dagrun for example_skip_dag to 2022-05-23T12:15:56.120530+00:00, run_after=2022-05-24T12:15:56.120530+00:00
[2022-05-24 12:15:56,140] {processor.py:161} INFO - Processing /home/airflow/.local/lib/python3.7/site-packages/airflow/example_dags/example_skip_dag.py took 0.111 seconds
[2022-05-24 12:16:26,249] {processor.py:153} INFO - Started process (PID=2042) to work on /home/airflow/.local/lib/python3.7/site-packages/airflow/example_dags/example_skip_dag.py
[2022-05-24 12:16:26,253] {processor.py:641} INFO - Processing file /home/airflow/.local/lib/python3.7/site-packages/airflow/example_dags/example_skip_dag.py for tasks to queue
[2022-05-24 12:16:26,255] {logging_mixin.py:115} INFO - [2022-05-24 12:16:26,254] {dagbag.py:507} INFO - Filling up the DagBag from /home/airflow/.local/lib/python3.7/site-packages/airflow/example_dags/example_skip_dag.py
[2022-05-24 12:16:26,266] {processor.py:651} INFO - DAG(s) dict_keys(['example_skip_dag']) retrieved from /home/airflow/.local/lib/python3.7/site-packages/airflow/example_dags/example_skip_dag.py
[2022-05-24 12:16:26,308] {logging_mixin.py:115} INFO - [2022-05-24 12:16:26,308] {dag.py:2371} INFO - Sync 1 DAGs
[2022-05-24 12:16:26,340] {logging_mixin.py:115} INFO - [2022-05-24 12:16:26,340] {dag.py:2919} INFO - Setting next_dagrun for example_skip_dag to 2022-05-23T12:16:26.339700+00:00, run_after=2022-05-24T12:16:26.339700+00:00
[2022-05-24 12:16:26,361] {processor.py:161} INFO - Processing /home/airflow/.local/lib/python3.7/site-packages/airflow/example_dags/example_skip_dag.py took 0.117 seconds
[2022-05-24 12:16:56,975] {processor.py:153} INFO - Started process (PID=2244) to work on /home/airflow/.local/lib/python3.7/site-packages/airflow/example_dags/example_skip_dag.py
[2022-05-24 12:16:56,977] {processor.py:641} INFO - Processing file /home/airflow/.local/lib/python3.7/site-packages/airflow/example_dags/example_skip_dag.py for tasks to queue
[2022-05-24 12:16:56,979] {logging_mixin.py:115} INFO - [2022-05-24 12:16:56,979] {dagbag.py:507} INFO - Filling up the DagBag from /home/airflow/.local/lib/python3.7/site-packages/airflow/example_dags/example_skip_dag.py
[2022-05-24 12:16:56,987] {processor.py:651} INFO - DAG(s) dict_keys(['example_skip_dag']) retrieved from /home/airflow/.local/lib/python3.7/site-packages/airflow/example_dags/example_skip_dag.py
[2022-05-24 12:16:57,039] {logging_mixin.py:115} INFO - [2022-05-24 12:16:57,039] {dag.py:2371} INFO - Sync 1 DAGs
[2022-05-24 12:16:57,096] {logging_mixin.py:115} INFO - [2022-05-24 12:16:57,096] {dag.py:2919} INFO - Setting next_dagrun for example_skip_dag to 2022-05-23T12:16:57.096042+00:00, run_after=2022-05-24T12:16:57.096042+00:00
[2022-05-24 12:16:57,123] {processor.py:161} INFO - Processing /home/airflow/.local/lib/python3.7/site-packages/airflow/example_dags/example_skip_dag.py took 0.156 seconds
[2022-05-24 12:17:27,655] {processor.py:153} INFO - Started process (PID=2438) to work on /home/airflow/.local/lib/python3.7/site-packages/airflow/example_dags/example_skip_dag.py
[2022-05-24 12:17:27,658] {processor.py:641} INFO - Processing file /home/airflow/.local/lib/python3.7/site-packages/airflow/example_dags/example_skip_dag.py for tasks to queue
[2022-05-24 12:17:27,660] {logging_mixin.py:115} INFO - [2022-05-24 12:17:27,660] {dagbag.py:507} INFO - Filling up the DagBag from /home/airflow/.local/lib/python3.7/site-packages/airflow/example_dags/example_skip_dag.py
[2022-05-24 12:17:27,672] {processor.py:651} INFO - DAG(s) dict_keys(['example_skip_dag']) retrieved from /home/airflow/.local/lib/python3.7/site-packages/airflow/example_dags/example_skip_dag.py
[2022-05-24 12:17:27,727] {logging_mixin.py:115} INFO - [2022-05-24 12:17:27,727] {dag.py:2371} INFO - Sync 1 DAGs
[2022-05-24 12:17:27,773] {logging_mixin.py:115} INFO - [2022-05-24 12:17:27,773] {dag.py:2919} INFO - Setting next_dagrun for example_skip_dag to 2022-05-23T12:17:27.773129+00:00, run_after=2022-05-24T12:17:27.773129+00:00
[2022-05-24 12:17:27,794] {processor.py:161} INFO - Processing /home/airflow/.local/lib/python3.7/site-packages/airflow/example_dags/example_skip_dag.py took 0.143 seconds
[2022-05-24 12:17:58,614] {processor.py:153} INFO - Started process (PID=2646) to work on /home/airflow/.local/lib/python3.7/site-packages/airflow/example_dags/example_skip_dag.py
[2022-05-24 12:17:58,618] {processor.py:641} INFO - Processing file /home/airflow/.local/lib/python3.7/site-packages/airflow/example_dags/example_skip_dag.py for tasks to queue
[2022-05-24 12:17:58,622] {logging_mixin.py:115} INFO - [2022-05-24 12:17:58,621] {dagbag.py:507} INFO - Filling up the DagBag from /home/airflow/.local/lib/python3.7/site-packages/airflow/example_dags/example_skip_dag.py
[2022-05-24 12:17:58,640] {processor.py:651} INFO - DAG(s) dict_keys(['example_skip_dag']) retrieved from /home/airflow/.local/lib/python3.7/site-packages/airflow/example_dags/example_skip_dag.py
[2022-05-24 12:17:58,745] {logging_mixin.py:115} INFO - [2022-05-24 12:17:58,745] {dag.py:2371} INFO - Sync 1 DAGs
[2022-05-24 12:17:58,829] {logging_mixin.py:115} INFO - [2022-05-24 12:17:58,829] {dag.py:2919} INFO - Setting next_dagrun for example_skip_dag to 2022-05-23T12:17:58.828915+00:00, run_after=2022-05-24T12:17:58.828915+00:00
[2022-05-24 12:17:58,855] {processor.py:161} INFO - Processing /home/airflow/.local/lib/python3.7/site-packages/airflow/example_dags/example_skip_dag.py took 0.262 seconds
[2022-05-24 12:18:29,003] {processor.py:153} INFO - Started process (PID=2841) to work on /home/airflow/.local/lib/python3.7/site-packages/airflow/example_dags/example_skip_dag.py
[2022-05-24 12:18:29,006] {processor.py:641} INFO - Processing file /home/airflow/.local/lib/python3.7/site-packages/airflow/example_dags/example_skip_dag.py for tasks to queue
[2022-05-24 12:18:29,015] {logging_mixin.py:115} INFO - [2022-05-24 12:18:29,009] {dagbag.py:507} INFO - Filling up the DagBag from /home/airflow/.local/lib/python3.7/site-packages/airflow/example_dags/example_skip_dag.py
[2022-05-24 12:18:29,042] {processor.py:651} INFO - DAG(s) dict_keys(['example_skip_dag']) retrieved from /home/airflow/.local/lib/python3.7/site-packages/airflow/example_dags/example_skip_dag.py
[2022-05-24 12:18:29,155] {logging_mixin.py:115} INFO - [2022-05-24 12:18:29,154] {dag.py:2371} INFO - Sync 1 DAGs
[2022-05-24 12:18:29,251] {logging_mixin.py:115} INFO - [2022-05-24 12:18:29,251] {dag.py:2919} INFO - Setting next_dagrun for example_skip_dag to 2022-05-23T12:18:29.251282+00:00, run_after=2022-05-24T12:18:29.251282+00:00
[2022-05-24 12:18:29,308] {processor.py:161} INFO - Processing /home/airflow/.local/lib/python3.7/site-packages/airflow/example_dags/example_skip_dag.py took 0.312 seconds
[2022-05-24 12:19:00,125] {processor.py:153} INFO - Started process (PID=3039) to work on /home/airflow/.local/lib/python3.7/site-packages/airflow/example_dags/example_skip_dag.py
[2022-05-24 12:19:00,128] {processor.py:641} INFO - Processing file /home/airflow/.local/lib/python3.7/site-packages/airflow/example_dags/example_skip_dag.py for tasks to queue
[2022-05-24 12:19:00,129] {logging_mixin.py:115} INFO - [2022-05-24 12:19:00,129] {dagbag.py:507} INFO - Filling up the DagBag from /home/airflow/.local/lib/python3.7/site-packages/airflow/example_dags/example_skip_dag.py
[2022-05-24 12:19:00,141] {processor.py:651} INFO - DAG(s) dict_keys(['example_skip_dag']) retrieved from /home/airflow/.local/lib/python3.7/site-packages/airflow/example_dags/example_skip_dag.py
[2022-05-24 12:19:00,194] {logging_mixin.py:115} INFO - [2022-05-24 12:19:00,194] {dag.py:2371} INFO - Sync 1 DAGs
[2022-05-24 12:19:00,261] {logging_mixin.py:115} INFO - [2022-05-24 12:19:00,261] {dag.py:2919} INFO - Setting next_dagrun for example_skip_dag to 2022-05-23T12:19:00.259993+00:00, run_after=2022-05-24T12:19:00.259993+00:00
[2022-05-24 12:19:00,292] {processor.py:161} INFO - Processing /home/airflow/.local/lib/python3.7/site-packages/airflow/example_dags/example_skip_dag.py took 0.173 seconds
[2022-05-24 12:19:31,273] {processor.py:153} INFO - Started process (PID=3244) to work on /home/airflow/.local/lib/python3.7/site-packages/airflow/example_dags/example_skip_dag.py
[2022-05-24 12:19:31,277] {processor.py:641} INFO - Processing file /home/airflow/.local/lib/python3.7/site-packages/airflow/example_dags/example_skip_dag.py for tasks to queue
[2022-05-24 12:19:31,280] {logging_mixin.py:115} INFO - [2022-05-24 12:19:31,280] {dagbag.py:507} INFO - Filling up the DagBag from /home/airflow/.local/lib/python3.7/site-packages/airflow/example_dags/example_skip_dag.py
[2022-05-24 12:19:31,299] {processor.py:651} INFO - DAG(s) dict_keys(['example_skip_dag']) retrieved from /home/airflow/.local/lib/python3.7/site-packages/airflow/example_dags/example_skip_dag.py
[2022-05-24 12:19:31,384] {logging_mixin.py:115} INFO - [2022-05-24 12:19:31,383] {dag.py:2371} INFO - Sync 1 DAGs
[2022-05-24 12:19:31,456] {logging_mixin.py:115} INFO - [2022-05-24 12:19:31,456] {dag.py:2919} INFO - Setting next_dagrun for example_skip_dag to 2022-05-23T12:19:31.456069+00:00, run_after=2022-05-24T12:19:31.456069+00:00
[2022-05-24 12:19:31,496] {processor.py:161} INFO - Processing /home/airflow/.local/lib/python3.7/site-packages/airflow/example_dags/example_skip_dag.py took 0.231 seconds
[2022-05-24 12:20:02,001] {processor.py:153} INFO - Started process (PID=3438) to work on /home/airflow/.local/lib/python3.7/site-packages/airflow/example_dags/example_skip_dag.py
[2022-05-24 12:20:02,003] {processor.py:641} INFO - Processing file /home/airflow/.local/lib/python3.7/site-packages/airflow/example_dags/example_skip_dag.py for tasks to queue
[2022-05-24 12:20:02,005] {logging_mixin.py:115} INFO - [2022-05-24 12:20:02,005] {dagbag.py:507} INFO - Filling up the DagBag from /home/airflow/.local/lib/python3.7/site-packages/airflow/example_dags/example_skip_dag.py
[2022-05-24 12:20:02,014] {processor.py:651} INFO - DAG(s) dict_keys(['example_skip_dag']) retrieved from /home/airflow/.local/lib/python3.7/site-packages/airflow/example_dags/example_skip_dag.py
[2022-05-24 12:20:02,070] {logging_mixin.py:115} INFO - [2022-05-24 12:20:02,069] {dag.py:2371} INFO - Sync 1 DAGs
[2022-05-24 12:20:02,109] {logging_mixin.py:115} INFO - [2022-05-24 12:20:02,109] {dag.py:2919} INFO - Setting next_dagrun for example_skip_dag to 2022-05-23T12:20:02.109157+00:00, run_after=2022-05-24T12:20:02.109157+00:00
[2022-05-24 12:20:02,131] {processor.py:161} INFO - Processing /home/airflow/.local/lib/python3.7/site-packages/airflow/example_dags/example_skip_dag.py took 0.134 seconds
[2022-05-24 12:20:32,858] {processor.py:153} INFO - Started process (PID=3641) to work on /home/airflow/.local/lib/python3.7/site-packages/airflow/example_dags/example_skip_dag.py
[2022-05-24 12:20:32,860] {processor.py:641} INFO - Processing file /home/airflow/.local/lib/python3.7/site-packages/airflow/example_dags/example_skip_dag.py for tasks to queue
[2022-05-24 12:20:32,862] {logging_mixin.py:115} INFO - [2022-05-24 12:20:32,861] {dagbag.py:507} INFO - Filling up the DagBag from /home/airflow/.local/lib/python3.7/site-packages/airflow/example_dags/example_skip_dag.py
[2022-05-24 12:20:32,871] {processor.py:651} INFO - DAG(s) dict_keys(['example_skip_dag']) retrieved from /home/airflow/.local/lib/python3.7/site-packages/airflow/example_dags/example_skip_dag.py
[2022-05-24 12:20:32,920] {logging_mixin.py:115} INFO - [2022-05-24 12:20:32,920] {dag.py:2371} INFO - Sync 1 DAGs
[2022-05-24 12:20:32,965] {logging_mixin.py:115} INFO - [2022-05-24 12:20:32,965] {dag.py:2919} INFO - Setting next_dagrun for example_skip_dag to 2022-05-23T12:20:32.964969+00:00, run_after=2022-05-24T12:20:32.964969+00:00
[2022-05-24 12:20:33,000] {processor.py:161} INFO - Processing /home/airflow/.local/lib/python3.7/site-packages/airflow/example_dags/example_skip_dag.py took 0.147 seconds
[2022-05-24 12:21:03,553] {processor.py:153} INFO - Started process (PID=3835) to work on /home/airflow/.local/lib/python3.7/site-packages/airflow/example_dags/example_skip_dag.py
[2022-05-24 12:21:03,556] {processor.py:641} INFO - Processing file /home/airflow/.local/lib/python3.7/site-packages/airflow/example_dags/example_skip_dag.py for tasks to queue
[2022-05-24 12:21:03,558] {logging_mixin.py:115} INFO - [2022-05-24 12:21:03,558] {dagbag.py:507} INFO - Filling up the DagBag from /home/airflow/.local/lib/python3.7/site-packages/airflow/example_dags/example_skip_dag.py
[2022-05-24 12:21:03,567] {processor.py:651} INFO - DAG(s) dict_keys(['example_skip_dag']) retrieved from /home/airflow/.local/lib/python3.7/site-packages/airflow/example_dags/example_skip_dag.py
[2022-05-24 12:21:03,605] {logging_mixin.py:115} INFO - [2022-05-24 12:21:03,605] {dag.py:2371} INFO - Sync 1 DAGs
[2022-05-24 12:21:03,638] {logging_mixin.py:115} INFO - [2022-05-24 12:21:03,638] {dag.py:2919} INFO - Setting next_dagrun for example_skip_dag to 2022-05-23T12:21:03.638006+00:00, run_after=2022-05-24T12:21:03.638006+00:00
[2022-05-24 12:21:03,656] {processor.py:161} INFO - Processing /home/airflow/.local/lib/python3.7/site-packages/airflow/example_dags/example_skip_dag.py took 0.108 seconds
[2022-05-24 12:21:34,274] {processor.py:153} INFO - Started process (PID=4040) to work on /home/airflow/.local/lib/python3.7/site-packages/airflow/example_dags/example_skip_dag.py
[2022-05-24 12:21:34,276] {processor.py:641} INFO - Processing file /home/airflow/.local/lib/python3.7/site-packages/airflow/example_dags/example_skip_dag.py for tasks to queue
[2022-05-24 12:21:34,277] {logging_mixin.py:115} INFO - [2022-05-24 12:21:34,277] {dagbag.py:507} INFO - Filling up the DagBag from /home/airflow/.local/lib/python3.7/site-packages/airflow/example_dags/example_skip_dag.py
[2022-05-24 12:21:34,285] {processor.py:651} INFO - DAG(s) dict_keys(['example_skip_dag']) retrieved from /home/airflow/.local/lib/python3.7/site-packages/airflow/example_dags/example_skip_dag.py
[2022-05-24 12:21:34,323] {logging_mixin.py:115} INFO - [2022-05-24 12:21:34,323] {dag.py:2371} INFO - Sync 1 DAGs
[2022-05-24 12:21:34,357] {logging_mixin.py:115} INFO - [2022-05-24 12:21:34,356] {dag.py:2919} INFO - Setting next_dagrun for example_skip_dag to 2022-05-23T12:21:34.356567+00:00, run_after=2022-05-24T12:21:34.356567+00:00
[2022-05-24 12:21:34,376] {processor.py:161} INFO - Processing /home/airflow/.local/lib/python3.7/site-packages/airflow/example_dags/example_skip_dag.py took 0.106 seconds
[2022-05-24 12:22:04,708] {processor.py:153} INFO - Started process (PID=4237) to work on /home/airflow/.local/lib/python3.7/site-packages/airflow/example_dags/example_skip_dag.py
[2022-05-24 12:22:04,710] {processor.py:641} INFO - Processing file /home/airflow/.local/lib/python3.7/site-packages/airflow/example_dags/example_skip_dag.py for tasks to queue
[2022-05-24 12:22:04,711] {logging_mixin.py:115} INFO - [2022-05-24 12:22:04,711] {dagbag.py:507} INFO - Filling up the DagBag from /home/airflow/.local/lib/python3.7/site-packages/airflow/example_dags/example_skip_dag.py
[2022-05-24 12:22:04,721] {processor.py:651} INFO - DAG(s) dict_keys(['example_skip_dag']) retrieved from /home/airflow/.local/lib/python3.7/site-packages/airflow/example_dags/example_skip_dag.py
[2022-05-24 12:22:04,783] {logging_mixin.py:115} INFO - [2022-05-24 12:22:04,783] {dag.py:2371} INFO - Sync 1 DAGs
[2022-05-24 12:22:04,825] {logging_mixin.py:115} INFO - [2022-05-24 12:22:04,824] {dag.py:2919} INFO - Setting next_dagrun for example_skip_dag to 2022-05-23T12:22:04.824462+00:00, run_after=2022-05-24T12:22:04.824462+00:00
[2022-05-24 12:22:04,843] {processor.py:161} INFO - Processing /home/airflow/.local/lib/python3.7/site-packages/airflow/example_dags/example_skip_dag.py took 0.143 seconds
[2022-05-24 12:22:35,465] {processor.py:153} INFO - Started process (PID=4434) to work on /home/airflow/.local/lib/python3.7/site-packages/airflow/example_dags/example_skip_dag.py
[2022-05-24 12:22:35,468] {processor.py:641} INFO - Processing file /home/airflow/.local/lib/python3.7/site-packages/airflow/example_dags/example_skip_dag.py for tasks to queue
[2022-05-24 12:22:35,472] {logging_mixin.py:115} INFO - [2022-05-24 12:22:35,472] {dagbag.py:507} INFO - Filling up the DagBag from /home/airflow/.local/lib/python3.7/site-packages/airflow/example_dags/example_skip_dag.py
[2022-05-24 12:22:35,498] {processor.py:651} INFO - DAG(s) dict_keys(['example_skip_dag']) retrieved from /home/airflow/.local/lib/python3.7/site-packages/airflow/example_dags/example_skip_dag.py
[2022-05-24 12:22:35,583] {logging_mixin.py:115} INFO - [2022-05-24 12:22:35,582] {dag.py:2371} INFO - Sync 1 DAGs
[2022-05-24 12:22:35,625] {logging_mixin.py:115} INFO - [2022-05-24 12:22:35,625] {dag.py:2919} INFO - Setting next_dagrun for example_skip_dag to 2022-05-23T12:22:35.624604+00:00, run_after=2022-05-24T12:22:35.624604+00:00
[2022-05-24 12:22:35,647] {processor.py:161} INFO - Processing /home/airflow/.local/lib/python3.7/site-packages/airflow/example_dags/example_skip_dag.py took 0.195 seconds
[2022-05-24 12:23:06,127] {processor.py:153} INFO - Started process (PID=4638) to work on /home/airflow/.local/lib/python3.7/site-packages/airflow/example_dags/example_skip_dag.py
[2022-05-24 12:23:06,138] {processor.py:641} INFO - Processing file /home/airflow/.local/lib/python3.7/site-packages/airflow/example_dags/example_skip_dag.py for tasks to queue
[2022-05-24 12:23:06,140] {logging_mixin.py:115} INFO - [2022-05-24 12:23:06,140] {dagbag.py:507} INFO - Filling up the DagBag from /home/airflow/.local/lib/python3.7/site-packages/airflow/example_dags/example_skip_dag.py
[2022-05-24 12:23:06,150] {processor.py:651} INFO - DAG(s) dict_keys(['example_skip_dag']) retrieved from /home/airflow/.local/lib/python3.7/site-packages/airflow/example_dags/example_skip_dag.py
[2022-05-24 12:23:06,254] {logging_mixin.py:115} INFO - [2022-05-24 12:23:06,254] {dag.py:2371} INFO - Sync 1 DAGs
[2022-05-24 12:23:06,331] {logging_mixin.py:115} INFO - [2022-05-24 12:23:06,330] {dag.py:2919} INFO - Setting next_dagrun for example_skip_dag to 2022-05-23T12:23:06.330565+00:00, run_after=2022-05-24T12:23:06.330565+00:00
[2022-05-24 12:23:06,387] {processor.py:161} INFO - Processing /home/airflow/.local/lib/python3.7/site-packages/airflow/example_dags/example_skip_dag.py took 0.264 seconds
[2022-05-24 12:23:37,389] {processor.py:153} INFO - Started process (PID=4832) to work on /home/airflow/.local/lib/python3.7/site-packages/airflow/example_dags/example_skip_dag.py
[2022-05-24 12:23:37,392] {processor.py:641} INFO - Processing file /home/airflow/.local/lib/python3.7/site-packages/airflow/example_dags/example_skip_dag.py for tasks to queue
[2022-05-24 12:23:37,396] {logging_mixin.py:115} INFO - [2022-05-24 12:23:37,396] {dagbag.py:507} INFO - Filling up the DagBag from /home/airflow/.local/lib/python3.7/site-packages/airflow/example_dags/example_skip_dag.py
[2022-05-24 12:23:37,424] {processor.py:651} INFO - DAG(s) dict_keys(['example_skip_dag']) retrieved from /home/airflow/.local/lib/python3.7/site-packages/airflow/example_dags/example_skip_dag.py
[2022-05-24 12:23:37,515] {logging_mixin.py:115} INFO - [2022-05-24 12:23:37,515] {dag.py:2371} INFO - Sync 1 DAGs
[2022-05-24 12:23:37,581] {logging_mixin.py:115} INFO - [2022-05-24 12:23:37,580] {dag.py:2919} INFO - Setting next_dagrun for example_skip_dag to 2022-05-23T12:23:37.580439+00:00, run_after=2022-05-24T12:23:37.580439+00:00
[2022-05-24 12:23:37,608] {processor.py:161} INFO - Processing /home/airflow/.local/lib/python3.7/site-packages/airflow/example_dags/example_skip_dag.py took 0.232 seconds
[2022-05-24 12:24:07,868] {processor.py:153} INFO - Started process (PID=5025) to work on /home/airflow/.local/lib/python3.7/site-packages/airflow/example_dags/example_skip_dag.py
[2022-05-24 12:24:07,872] {processor.py:641} INFO - Processing file /home/airflow/.local/lib/python3.7/site-packages/airflow/example_dags/example_skip_dag.py for tasks to queue
[2022-05-24 12:24:07,875] {logging_mixin.py:115} INFO - [2022-05-24 12:24:07,874] {dagbag.py:507} INFO - Filling up the DagBag from /home/airflow/.local/lib/python3.7/site-packages/airflow/example_dags/example_skip_dag.py
[2022-05-24 12:24:07,912] {processor.py:651} INFO - DAG(s) dict_keys(['example_skip_dag']) retrieved from /home/airflow/.local/lib/python3.7/site-packages/airflow/example_dags/example_skip_dag.py
[2022-05-24 12:24:08,064] {logging_mixin.py:115} INFO - [2022-05-24 12:24:08,064] {dag.py:2371} INFO - Sync 1 DAGs
[2022-05-24 12:24:08,137] {logging_mixin.py:115} INFO - [2022-05-24 12:24:08,136] {dag.py:2919} INFO - Setting next_dagrun for example_skip_dag to 2022-05-23T12:24:08.136496+00:00, run_after=2022-05-24T12:24:08.136496+00:00
[2022-05-24 12:24:08,173] {processor.py:161} INFO - Processing /home/airflow/.local/lib/python3.7/site-packages/airflow/example_dags/example_skip_dag.py took 0.336 seconds
[2022-05-24 12:24:38,603] {processor.py:153} INFO - Started process (PID=5227) to work on /home/airflow/.local/lib/python3.7/site-packages/airflow/example_dags/example_skip_dag.py
[2022-05-24 12:24:38,606] {processor.py:641} INFO - Processing file /home/airflow/.local/lib/python3.7/site-packages/airflow/example_dags/example_skip_dag.py for tasks to queue
[2022-05-24 12:24:38,609] {logging_mixin.py:115} INFO - [2022-05-24 12:24:38,608] {dagbag.py:507} INFO - Filling up the DagBag from /home/airflow/.local/lib/python3.7/site-packages/airflow/example_dags/example_skip_dag.py
[2022-05-24 12:24:38,618] {processor.py:651} INFO - DAG(s) dict_keys(['example_skip_dag']) retrieved from /home/airflow/.local/lib/python3.7/site-packages/airflow/example_dags/example_skip_dag.py
[2022-05-24 12:24:38,668] {logging_mixin.py:115} INFO - [2022-05-24 12:24:38,667] {dag.py:2371} INFO - Sync 1 DAGs
[2022-05-24 12:24:38,726] {logging_mixin.py:115} INFO - [2022-05-24 12:24:38,726] {dag.py:2919} INFO - Setting next_dagrun for example_skip_dag to 2022-05-23T12:24:38.725425+00:00, run_after=2022-05-24T12:24:38.725425+00:00
[2022-05-24 12:24:38,765] {processor.py:161} INFO - Processing /home/airflow/.local/lib/python3.7/site-packages/airflow/example_dags/example_skip_dag.py took 0.166 seconds
[2022-05-24 12:25:09,061] {processor.py:153} INFO - Started process (PID=5421) to work on /home/airflow/.local/lib/python3.7/site-packages/airflow/example_dags/example_skip_dag.py
[2022-05-24 12:25:09,065] {processor.py:641} INFO - Processing file /home/airflow/.local/lib/python3.7/site-packages/airflow/example_dags/example_skip_dag.py for tasks to queue
[2022-05-24 12:25:09,069] {logging_mixin.py:115} INFO - [2022-05-24 12:25:09,069] {dagbag.py:507} INFO - Filling up the DagBag from /home/airflow/.local/lib/python3.7/site-packages/airflow/example_dags/example_skip_dag.py
[2022-05-24 12:25:09,089] {processor.py:651} INFO - DAG(s) dict_keys(['example_skip_dag']) retrieved from /home/airflow/.local/lib/python3.7/site-packages/airflow/example_dags/example_skip_dag.py
[2022-05-24 12:25:09,172] {logging_mixin.py:115} INFO - [2022-05-24 12:25:09,171] {dag.py:2371} INFO - Sync 1 DAGs
[2022-05-24 12:25:09,221] {logging_mixin.py:115} INFO - [2022-05-24 12:25:09,221] {dag.py:2919} INFO - Setting next_dagrun for example_skip_dag to 2022-05-23T12:25:09.221211+00:00, run_after=2022-05-24T12:25:09.221211+00:00
[2022-05-24 12:25:09,252] {processor.py:161} INFO - Processing /home/airflow/.local/lib/python3.7/site-packages/airflow/example_dags/example_skip_dag.py took 0.201 seconds
[2022-05-24 12:25:40,254] {processor.py:153} INFO - Started process (PID=5626) to work on /home/airflow/.local/lib/python3.7/site-packages/airflow/example_dags/example_skip_dag.py
[2022-05-24 12:25:40,264] {processor.py:641} INFO - Processing file /home/airflow/.local/lib/python3.7/site-packages/airflow/example_dags/example_skip_dag.py for tasks to queue
[2022-05-24 12:25:40,270] {logging_mixin.py:115} INFO - [2022-05-24 12:25:40,269] {dagbag.py:507} INFO - Filling up the DagBag from /home/airflow/.local/lib/python3.7/site-packages/airflow/example_dags/example_skip_dag.py
[2022-05-24 12:25:40,283] {processor.py:651} INFO - DAG(s) dict_keys(['example_skip_dag']) retrieved from /home/airflow/.local/lib/python3.7/site-packages/airflow/example_dags/example_skip_dag.py
[2022-05-24 12:25:40,374] {logging_mixin.py:115} INFO - [2022-05-24 12:25:40,374] {dag.py:2371} INFO - Sync 1 DAGs
[2022-05-24 12:25:40,442] {logging_mixin.py:115} INFO - [2022-05-24 12:25:40,442] {dag.py:2919} INFO - Setting next_dagrun for example_skip_dag to 2022-05-23T12:25:40.442121+00:00, run_after=2022-05-24T12:25:40.442121+00:00
[2022-05-24 12:25:40,487] {processor.py:161} INFO - Processing /home/airflow/.local/lib/python3.7/site-packages/airflow/example_dags/example_skip_dag.py took 0.244 seconds
[2022-05-24 12:26:11,341] {processor.py:153} INFO - Started process (PID=5822) to work on /home/airflow/.local/lib/python3.7/site-packages/airflow/example_dags/example_skip_dag.py
[2022-05-24 12:26:11,351] {processor.py:641} INFO - Processing file /home/airflow/.local/lib/python3.7/site-packages/airflow/example_dags/example_skip_dag.py for tasks to queue
[2022-05-24 12:26:11,355] {logging_mixin.py:115} INFO - [2022-05-24 12:26:11,354] {dagbag.py:507} INFO - Filling up the DagBag from /home/airflow/.local/lib/python3.7/site-packages/airflow/example_dags/example_skip_dag.py
[2022-05-24 12:26:11,373] {processor.py:651} INFO - DAG(s) dict_keys(['example_skip_dag']) retrieved from /home/airflow/.local/lib/python3.7/site-packages/airflow/example_dags/example_skip_dag.py
[2022-05-24 12:26:11,455] {logging_mixin.py:115} INFO - [2022-05-24 12:26:11,455] {dag.py:2371} INFO - Sync 1 DAGs
[2022-05-24 12:26:11,539] {logging_mixin.py:115} INFO - [2022-05-24 12:26:11,539] {dag.py:2919} INFO - Setting next_dagrun for example_skip_dag to 2022-05-23T12:26:11.538867+00:00, run_after=2022-05-24T12:26:11.538867+00:00
[2022-05-24 12:26:11,606] {processor.py:161} INFO - Processing /home/airflow/.local/lib/python3.7/site-packages/airflow/example_dags/example_skip_dag.py took 0.277 seconds
[2022-05-24 12:26:42,162] {processor.py:153} INFO - Started process (PID=6016) to work on /home/airflow/.local/lib/python3.7/site-packages/airflow/example_dags/example_skip_dag.py
[2022-05-24 12:26:42,167] {processor.py:641} INFO - Processing file /home/airflow/.local/lib/python3.7/site-packages/airflow/example_dags/example_skip_dag.py for tasks to queue
[2022-05-24 12:26:42,171] {logging_mixin.py:115} INFO - [2022-05-24 12:26:42,170] {dagbag.py:507} INFO - Filling up the DagBag from /home/airflow/.local/lib/python3.7/site-packages/airflow/example_dags/example_skip_dag.py
[2022-05-24 12:26:42,204] {processor.py:651} INFO - DAG(s) dict_keys(['example_skip_dag']) retrieved from /home/airflow/.local/lib/python3.7/site-packages/airflow/example_dags/example_skip_dag.py
[2022-05-24 12:26:42,302] {logging_mixin.py:115} INFO - [2022-05-24 12:26:42,302] {dag.py:2371} INFO - Sync 1 DAGs
[2022-05-24 12:26:42,383] {logging_mixin.py:115} INFO - [2022-05-24 12:26:42,383] {dag.py:2919} INFO - Setting next_dagrun for example_skip_dag to 2022-05-23T12:26:42.383479+00:00, run_after=2022-05-24T12:26:42.383479+00:00
[2022-05-24 12:26:42,446] {processor.py:161} INFO - Processing /home/airflow/.local/lib/python3.7/site-packages/airflow/example_dags/example_skip_dag.py took 0.294 seconds
[2022-05-24 12:27:13,236] {processor.py:153} INFO - Started process (PID=6217) to work on /home/airflow/.local/lib/python3.7/site-packages/airflow/example_dags/example_skip_dag.py
[2022-05-24 12:27:13,242] {processor.py:641} INFO - Processing file /home/airflow/.local/lib/python3.7/site-packages/airflow/example_dags/example_skip_dag.py for tasks to queue
[2022-05-24 12:27:13,257] {logging_mixin.py:115} INFO - [2022-05-24 12:27:13,257] {dagbag.py:507} INFO - Filling up the DagBag from /home/airflow/.local/lib/python3.7/site-packages/airflow/example_dags/example_skip_dag.py
[2022-05-24 12:27:13,284] {processor.py:651} INFO - DAG(s) dict_keys(['example_skip_dag']) retrieved from /home/airflow/.local/lib/python3.7/site-packages/airflow/example_dags/example_skip_dag.py
[2022-05-24 12:27:13,418] {logging_mixin.py:115} INFO - [2022-05-24 12:27:13,417] {dag.py:2371} INFO - Sync 1 DAGs
[2022-05-24 12:27:13,511] {logging_mixin.py:115} INFO - [2022-05-24 12:27:13,511] {dag.py:2919} INFO - Setting next_dagrun for example_skip_dag to 2022-05-23T12:27:13.510930+00:00, run_after=2022-05-24T12:27:13.510930+00:00
[2022-05-24 12:27:13,570] {processor.py:161} INFO - Processing /home/airflow/.local/lib/python3.7/site-packages/airflow/example_dags/example_skip_dag.py took 0.354 seconds
[2022-05-24 12:27:44,618] {processor.py:153} INFO - Started process (PID=6414) to work on /home/airflow/.local/lib/python3.7/site-packages/airflow/example_dags/example_skip_dag.py
[2022-05-24 12:27:44,623] {processor.py:641} INFO - Processing file /home/airflow/.local/lib/python3.7/site-packages/airflow/example_dags/example_skip_dag.py for tasks to queue
[2022-05-24 12:27:44,625] {logging_mixin.py:115} INFO - [2022-05-24 12:27:44,624] {dagbag.py:507} INFO - Filling up the DagBag from /home/airflow/.local/lib/python3.7/site-packages/airflow/example_dags/example_skip_dag.py
[2022-05-24 12:27:44,642] {processor.py:651} INFO - DAG(s) dict_keys(['example_skip_dag']) retrieved from /home/airflow/.local/lib/python3.7/site-packages/airflow/example_dags/example_skip_dag.py
[2022-05-24 12:27:44,702] {logging_mixin.py:115} INFO - [2022-05-24 12:27:44,702] {dag.py:2371} INFO - Sync 1 DAGs
[2022-05-24 12:27:44,741] {logging_mixin.py:115} INFO - [2022-05-24 12:27:44,741] {dag.py:2919} INFO - Setting next_dagrun for example_skip_dag to 2022-05-23T12:27:44.740761+00:00, run_after=2022-05-24T12:27:44.740761+00:00
[2022-05-24 12:27:44,759] {processor.py:161} INFO - Processing /home/airflow/.local/lib/python3.7/site-packages/airflow/example_dags/example_skip_dag.py took 0.183 seconds
[2022-05-24 12:28:15,073] {processor.py:153} INFO - Started process (PID=6609) to work on /home/airflow/.local/lib/python3.7/site-packages/airflow/example_dags/example_skip_dag.py
[2022-05-24 12:28:15,077] {processor.py:641} INFO - Processing file /home/airflow/.local/lib/python3.7/site-packages/airflow/example_dags/example_skip_dag.py for tasks to queue
[2022-05-24 12:28:15,080] {logging_mixin.py:115} INFO - [2022-05-24 12:28:15,080] {dagbag.py:507} INFO - Filling up the DagBag from /home/airflow/.local/lib/python3.7/site-packages/airflow/example_dags/example_skip_dag.py
[2022-05-24 12:28:15,105] {processor.py:651} INFO - DAG(s) dict_keys(['example_skip_dag']) retrieved from /home/airflow/.local/lib/python3.7/site-packages/airflow/example_dags/example_skip_dag.py
[2022-05-24 12:28:15,217] {logging_mixin.py:115} INFO - [2022-05-24 12:28:15,216] {dag.py:2371} INFO - Sync 1 DAGs
[2022-05-24 12:28:15,295] {logging_mixin.py:115} INFO - [2022-05-24 12:28:15,295] {dag.py:2919} INFO - Setting next_dagrun for example_skip_dag to 2022-05-23T12:28:15.294806+00:00, run_after=2022-05-24T12:28:15.294806+00:00
[2022-05-24 12:28:15,330] {processor.py:161} INFO - Processing /home/airflow/.local/lib/python3.7/site-packages/airflow/example_dags/example_skip_dag.py took 0.264 seconds
[2022-05-24 12:28:46,136] {processor.py:153} INFO - Started process (PID=6801) to work on /home/airflow/.local/lib/python3.7/site-packages/airflow/example_dags/example_skip_dag.py
[2022-05-24 12:28:46,139] {processor.py:641} INFO - Processing file /home/airflow/.local/lib/python3.7/site-packages/airflow/example_dags/example_skip_dag.py for tasks to queue
[2022-05-24 12:28:46,142] {logging_mixin.py:115} INFO - [2022-05-24 12:28:46,141] {dagbag.py:507} INFO - Filling up the DagBag from /home/airflow/.local/lib/python3.7/site-packages/airflow/example_dags/example_skip_dag.py
[2022-05-24 12:28:46,184] {processor.py:651} INFO - DAG(s) dict_keys(['example_skip_dag']) retrieved from /home/airflow/.local/lib/python3.7/site-packages/airflow/example_dags/example_skip_dag.py
[2022-05-24 12:28:46,274] {logging_mixin.py:115} INFO - [2022-05-24 12:28:46,274] {dag.py:2371} INFO - Sync 1 DAGs
[2022-05-24 12:28:46,355] {logging_mixin.py:115} INFO - [2022-05-24 12:28:46,355] {dag.py:2919} INFO - Setting next_dagrun for example_skip_dag to 2022-05-23T12:28:46.354731+00:00, run_after=2022-05-24T12:28:46.354731+00:00
[2022-05-24 12:28:46,393] {processor.py:161} INFO - Processing /home/airflow/.local/lib/python3.7/site-packages/airflow/example_dags/example_skip_dag.py took 0.263 seconds
[2022-05-24 12:29:16,683] {processor.py:153} INFO - Started process (PID=7006) to work on /home/airflow/.local/lib/python3.7/site-packages/airflow/example_dags/example_skip_dag.py
[2022-05-24 12:29:16,685] {processor.py:641} INFO - Processing file /home/airflow/.local/lib/python3.7/site-packages/airflow/example_dags/example_skip_dag.py for tasks to queue
[2022-05-24 12:29:16,687] {logging_mixin.py:115} INFO - [2022-05-24 12:29:16,687] {dagbag.py:507} INFO - Filling up the DagBag from /home/airflow/.local/lib/python3.7/site-packages/airflow/example_dags/example_skip_dag.py
[2022-05-24 12:29:16,696] {processor.py:651} INFO - DAG(s) dict_keys(['example_skip_dag']) retrieved from /home/airflow/.local/lib/python3.7/site-packages/airflow/example_dags/example_skip_dag.py
[2022-05-24 12:29:16,738] {logging_mixin.py:115} INFO - [2022-05-24 12:29:16,738] {dag.py:2371} INFO - Sync 1 DAGs
[2022-05-24 12:29:16,780] {logging_mixin.py:115} INFO - [2022-05-24 12:29:16,780] {dag.py:2919} INFO - Setting next_dagrun for example_skip_dag to 2022-05-23T12:29:16.780540+00:00, run_after=2022-05-24T12:29:16.780540+00:00
[2022-05-24 12:29:16,798] {processor.py:161} INFO - Processing /home/airflow/.local/lib/python3.7/site-packages/airflow/example_dags/example_skip_dag.py took 0.120 seconds
[2022-05-24 12:29:47,677] {processor.py:153} INFO - Started process (PID=7202) to work on /home/airflow/.local/lib/python3.7/site-packages/airflow/example_dags/example_skip_dag.py
[2022-05-24 12:29:47,680] {processor.py:641} INFO - Processing file /home/airflow/.local/lib/python3.7/site-packages/airflow/example_dags/example_skip_dag.py for tasks to queue
[2022-05-24 12:29:47,682] {logging_mixin.py:115} INFO - [2022-05-24 12:29:47,682] {dagbag.py:507} INFO - Filling up the DagBag from /home/airflow/.local/lib/python3.7/site-packages/airflow/example_dags/example_skip_dag.py
[2022-05-24 12:29:47,695] {processor.py:651} INFO - DAG(s) dict_keys(['example_skip_dag']) retrieved from /home/airflow/.local/lib/python3.7/site-packages/airflow/example_dags/example_skip_dag.py
[2022-05-24 12:29:47,755] {logging_mixin.py:115} INFO - [2022-05-24 12:29:47,755] {dag.py:2371} INFO - Sync 1 DAGs
[2022-05-24 12:29:47,820] {logging_mixin.py:115} INFO - [2022-05-24 12:29:47,820] {dag.py:2919} INFO - Setting next_dagrun for example_skip_dag to 2022-05-23T12:29:47.819741+00:00, run_after=2022-05-24T12:29:47.819741+00:00
[2022-05-24 12:29:47,867] {processor.py:161} INFO - Processing /home/airflow/.local/lib/python3.7/site-packages/airflow/example_dags/example_skip_dag.py took 0.199 seconds
