[2022-05-24 12:11:43,302] {processor.py:153} INFO - Started process (PID=196) to work on /home/airflow/.local/lib/python3.7/site-packages/airflow/example_dags/example_latest_only_with_trigger.py
[2022-05-24 12:11:43,312] {processor.py:641} INFO - Processing file /home/airflow/.local/lib/python3.7/site-packages/airflow/example_dags/example_latest_only_with_trigger.py for tasks to queue
[2022-05-24 12:11:43,327] {logging_mixin.py:115} INFO - [2022-05-24 12:11:43,326] {dagbag.py:507} INFO - Filling up the DagBag from /home/airflow/.local/lib/python3.7/site-packages/airflow/example_dags/example_latest_only_with_trigger.py
[2022-05-24 12:11:43,406] {processor.py:651} INFO - DAG(s) dict_keys(['latest_only_with_trigger']) retrieved from /home/airflow/.local/lib/python3.7/site-packages/airflow/example_dags/example_latest_only_with_trigger.py
[2022-05-24 12:11:43,995] {logging_mixin.py:115} INFO - [2022-05-24 12:11:43,995] {manager.py:508} INFO - Created Permission View: can delete on DAG:latest_only_with_trigger
[2022-05-24 12:11:44,046] {logging_mixin.py:115} INFO - [2022-05-24 12:11:44,046] {manager.py:508} INFO - Created Permission View: can edit on DAG:latest_only_with_trigger
[2022-05-24 12:11:44,092] {logging_mixin.py:115} INFO - [2022-05-24 12:11:44,092] {manager.py:508} INFO - Created Permission View: can read on DAG:latest_only_with_trigger
[2022-05-24 12:11:44,094] {logging_mixin.py:115} INFO - [2022-05-24 12:11:44,094] {dag.py:2371} INFO - Sync 1 DAGs
[2022-05-24 12:11:44,133] {logging_mixin.py:115} INFO - [2022-05-24 12:11:44,132] {dag.py:2390} INFO - Creating ORM DAG for latest_only_with_trigger
[2022-05-24 12:11:44,203] {logging_mixin.py:115} INFO - [2022-05-24 12:11:44,203] {dag.py:2919} INFO - Setting next_dagrun for latest_only_with_trigger to 2022-05-24T08:11:44.202706+00:00, run_after=2022-05-24T12:11:44.202706+00:00
[2022-05-24 12:11:44,447] {processor.py:161} INFO - Processing /home/airflow/.local/lib/python3.7/site-packages/airflow/example_dags/example_latest_only_with_trigger.py took 1.163 seconds
[2022-05-24 12:12:14,804] {processor.py:153} INFO - Started process (PID=379) to work on /home/airflow/.local/lib/python3.7/site-packages/airflow/example_dags/example_latest_only_with_trigger.py
[2022-05-24 12:12:14,809] {processor.py:641} INFO - Processing file /home/airflow/.local/lib/python3.7/site-packages/airflow/example_dags/example_latest_only_with_trigger.py for tasks to queue
[2022-05-24 12:12:14,812] {logging_mixin.py:115} INFO - [2022-05-24 12:12:14,811] {dagbag.py:507} INFO - Filling up the DagBag from /home/airflow/.local/lib/python3.7/site-packages/airflow/example_dags/example_latest_only_with_trigger.py
[2022-05-24 12:12:14,828] {processor.py:651} INFO - DAG(s) dict_keys(['latest_only_with_trigger']) retrieved from /home/airflow/.local/lib/python3.7/site-packages/airflow/example_dags/example_latest_only_with_trigger.py
[2022-05-24 12:12:14,886] {logging_mixin.py:115} INFO - [2022-05-24 12:12:14,885] {dag.py:2371} INFO - Sync 1 DAGs
[2022-05-24 12:12:14,933] {logging_mixin.py:115} INFO - [2022-05-24 12:12:14,933] {dag.py:2919} INFO - Setting next_dagrun for latest_only_with_trigger to 2022-05-24T08:12:14.931350+00:00, run_after=2022-05-24T12:12:14.931350+00:00
[2022-05-24 12:12:14,972] {processor.py:161} INFO - Processing /home/airflow/.local/lib/python3.7/site-packages/airflow/example_dags/example_latest_only_with_trigger.py took 0.177 seconds
[2022-05-24 12:12:45,844] {processor.py:153} INFO - Started process (PID=582) to work on /home/airflow/.local/lib/python3.7/site-packages/airflow/example_dags/example_latest_only_with_trigger.py
[2022-05-24 12:12:45,848] {processor.py:641} INFO - Processing file /home/airflow/.local/lib/python3.7/site-packages/airflow/example_dags/example_latest_only_with_trigger.py for tasks to queue
[2022-05-24 12:12:45,852] {logging_mixin.py:115} INFO - [2022-05-24 12:12:45,851] {dagbag.py:507} INFO - Filling up the DagBag from /home/airflow/.local/lib/python3.7/site-packages/airflow/example_dags/example_latest_only_with_trigger.py
[2022-05-24 12:12:45,875] {processor.py:651} INFO - DAG(s) dict_keys(['latest_only_with_trigger']) retrieved from /home/airflow/.local/lib/python3.7/site-packages/airflow/example_dags/example_latest_only_with_trigger.py
[2022-05-24 12:12:45,970] {logging_mixin.py:115} INFO - [2022-05-24 12:12:45,970] {dag.py:2371} INFO - Sync 1 DAGs
[2022-05-24 12:12:46,099] {logging_mixin.py:115} INFO - [2022-05-24 12:12:46,099] {dag.py:2919} INFO - Setting next_dagrun for latest_only_with_trigger to 2022-05-24T08:12:46.098431+00:00, run_after=2022-05-24T12:12:46.098431+00:00
[2022-05-24 12:12:46,159] {processor.py:161} INFO - Processing /home/airflow/.local/lib/python3.7/site-packages/airflow/example_dags/example_latest_only_with_trigger.py took 0.334 seconds
[2022-05-24 12:13:17,081] {processor.py:153} INFO - Started process (PID=790) to work on /home/airflow/.local/lib/python3.7/site-packages/airflow/example_dags/example_latest_only_with_trigger.py
[2022-05-24 12:13:17,086] {processor.py:641} INFO - Processing file /home/airflow/.local/lib/python3.7/site-packages/airflow/example_dags/example_latest_only_with_trigger.py for tasks to queue
[2022-05-24 12:13:17,089] {logging_mixin.py:115} INFO - [2022-05-24 12:13:17,089] {dagbag.py:507} INFO - Filling up the DagBag from /home/airflow/.local/lib/python3.7/site-packages/airflow/example_dags/example_latest_only_with_trigger.py
[2022-05-24 12:13:17,107] {processor.py:651} INFO - DAG(s) dict_keys(['latest_only_with_trigger']) retrieved from /home/airflow/.local/lib/python3.7/site-packages/airflow/example_dags/example_latest_only_with_trigger.py
[2022-05-24 12:13:17,369] {logging_mixin.py:115} INFO - [2022-05-24 12:13:17,368] {dag.py:2371} INFO - Sync 1 DAGs
[2022-05-24 12:13:17,664] {logging_mixin.py:115} INFO - [2022-05-24 12:13:17,664] {dag.py:2919} INFO - Setting next_dagrun for latest_only_with_trigger to 2022-05-24T08:13:17.663849+00:00, run_after=2022-05-24T12:13:17.663849+00:00
[2022-05-24 12:13:17,709] {processor.py:161} INFO - Processing /home/airflow/.local/lib/python3.7/site-packages/airflow/example_dags/example_latest_only_with_trigger.py took 0.637 seconds
[2022-05-24 12:13:47,876] {processor.py:153} INFO - Started process (PID=993) to work on /home/airflow/.local/lib/python3.7/site-packages/airflow/example_dags/example_latest_only_with_trigger.py
[2022-05-24 12:13:47,881] {processor.py:641} INFO - Processing file /home/airflow/.local/lib/python3.7/site-packages/airflow/example_dags/example_latest_only_with_trigger.py for tasks to queue
[2022-05-24 12:13:47,888] {logging_mixin.py:115} INFO - [2022-05-24 12:13:47,888] {dagbag.py:507} INFO - Filling up the DagBag from /home/airflow/.local/lib/python3.7/site-packages/airflow/example_dags/example_latest_only_with_trigger.py
[2022-05-24 12:13:47,908] {processor.py:651} INFO - DAG(s) dict_keys(['latest_only_with_trigger']) retrieved from /home/airflow/.local/lib/python3.7/site-packages/airflow/example_dags/example_latest_only_with_trigger.py
[2022-05-24 12:13:47,965] {logging_mixin.py:115} INFO - [2022-05-24 12:13:47,965] {dag.py:2371} INFO - Sync 1 DAGs
[2022-05-24 12:13:48,012] {logging_mixin.py:115} INFO - [2022-05-24 12:13:48,012] {dag.py:2919} INFO - Setting next_dagrun for latest_only_with_trigger to 2022-05-24T08:13:48.012010+00:00, run_after=2022-05-24T12:13:48.012010+00:00
[2022-05-24 12:13:48,077] {processor.py:161} INFO - Processing /home/airflow/.local/lib/python3.7/site-packages/airflow/example_dags/example_latest_only_with_trigger.py took 0.214 seconds
[2022-05-24 12:14:18,528] {processor.py:153} INFO - Started process (PID=1189) to work on /home/airflow/.local/lib/python3.7/site-packages/airflow/example_dags/example_latest_only_with_trigger.py
[2022-05-24 12:14:18,531] {processor.py:641} INFO - Processing file /home/airflow/.local/lib/python3.7/site-packages/airflow/example_dags/example_latest_only_with_trigger.py for tasks to queue
[2022-05-24 12:14:18,533] {logging_mixin.py:115} INFO - [2022-05-24 12:14:18,533] {dagbag.py:507} INFO - Filling up the DagBag from /home/airflow/.local/lib/python3.7/site-packages/airflow/example_dags/example_latest_only_with_trigger.py
[2022-05-24 12:14:18,543] {processor.py:651} INFO - DAG(s) dict_keys(['latest_only_with_trigger']) retrieved from /home/airflow/.local/lib/python3.7/site-packages/airflow/example_dags/example_latest_only_with_trigger.py
[2022-05-24 12:14:18,583] {logging_mixin.py:115} INFO - [2022-05-24 12:14:18,583] {dag.py:2371} INFO - Sync 1 DAGs
[2022-05-24 12:14:18,647] {logging_mixin.py:115} INFO - [2022-05-24 12:14:18,647] {dag.py:2919} INFO - Setting next_dagrun for latest_only_with_trigger to 2022-05-24T08:14:18.647071+00:00, run_after=2022-05-24T12:14:18.647071+00:00
[2022-05-24 12:14:18,676] {processor.py:161} INFO - Processing /home/airflow/.local/lib/python3.7/site-packages/airflow/example_dags/example_latest_only_with_trigger.py took 0.157 seconds
[2022-05-24 12:14:49,395] {processor.py:153} INFO - Started process (PID=1396) to work on /home/airflow/.local/lib/python3.7/site-packages/airflow/example_dags/example_latest_only_with_trigger.py
[2022-05-24 12:14:49,399] {processor.py:641} INFO - Processing file /home/airflow/.local/lib/python3.7/site-packages/airflow/example_dags/example_latest_only_with_trigger.py for tasks to queue
[2022-05-24 12:14:49,402] {logging_mixin.py:115} INFO - [2022-05-24 12:14:49,402] {dagbag.py:507} INFO - Filling up the DagBag from /home/airflow/.local/lib/python3.7/site-packages/airflow/example_dags/example_latest_only_with_trigger.py
[2022-05-24 12:14:49,417] {processor.py:651} INFO - DAG(s) dict_keys(['latest_only_with_trigger']) retrieved from /home/airflow/.local/lib/python3.7/site-packages/airflow/example_dags/example_latest_only_with_trigger.py
[2022-05-24 12:14:49,483] {logging_mixin.py:115} INFO - [2022-05-24 12:14:49,483] {dag.py:2371} INFO - Sync 1 DAGs
[2022-05-24 12:14:49,518] {logging_mixin.py:115} INFO - [2022-05-24 12:14:49,518] {dag.py:2919} INFO - Setting next_dagrun for latest_only_with_trigger to 2022-05-24T08:14:49.518202+00:00, run_after=2022-05-24T12:14:49.518202+00:00
[2022-05-24 12:14:49,543] {processor.py:161} INFO - Processing /home/airflow/.local/lib/python3.7/site-packages/airflow/example_dags/example_latest_only_with_trigger.py took 0.158 seconds
[2022-05-24 12:15:20,383] {processor.py:153} INFO - Started process (PID=1601) to work on /home/airflow/.local/lib/python3.7/site-packages/airflow/example_dags/example_latest_only_with_trigger.py
[2022-05-24 12:15:20,396] {processor.py:641} INFO - Processing file /home/airflow/.local/lib/python3.7/site-packages/airflow/example_dags/example_latest_only_with_trigger.py for tasks to queue
[2022-05-24 12:15:20,410] {logging_mixin.py:115} INFO - [2022-05-24 12:15:20,409] {dagbag.py:507} INFO - Filling up the DagBag from /home/airflow/.local/lib/python3.7/site-packages/airflow/example_dags/example_latest_only_with_trigger.py
[2022-05-24 12:15:20,431] {processor.py:651} INFO - DAG(s) dict_keys(['latest_only_with_trigger']) retrieved from /home/airflow/.local/lib/python3.7/site-packages/airflow/example_dags/example_latest_only_with_trigger.py
[2022-05-24 12:15:20,561] {logging_mixin.py:115} INFO - [2022-05-24 12:15:20,561] {dag.py:2371} INFO - Sync 1 DAGs
[2022-05-24 12:15:20,651] {logging_mixin.py:115} INFO - [2022-05-24 12:15:20,651] {dag.py:2919} INFO - Setting next_dagrun for latest_only_with_trigger to 2022-05-24T08:15:20.651296+00:00, run_after=2022-05-24T12:15:20.651296+00:00
[2022-05-24 12:15:20,707] {processor.py:161} INFO - Processing /home/airflow/.local/lib/python3.7/site-packages/airflow/example_dags/example_latest_only_with_trigger.py took 0.339 seconds
[2022-05-24 12:15:50,795] {processor.py:153} INFO - Started process (PID=1793) to work on /home/airflow/.local/lib/python3.7/site-packages/airflow/example_dags/example_latest_only_with_trigger.py
[2022-05-24 12:15:50,798] {processor.py:641} INFO - Processing file /home/airflow/.local/lib/python3.7/site-packages/airflow/example_dags/example_latest_only_with_trigger.py for tasks to queue
[2022-05-24 12:15:50,801] {logging_mixin.py:115} INFO - [2022-05-24 12:15:50,800] {dagbag.py:507} INFO - Filling up the DagBag from /home/airflow/.local/lib/python3.7/site-packages/airflow/example_dags/example_latest_only_with_trigger.py
[2022-05-24 12:15:50,813] {processor.py:651} INFO - DAG(s) dict_keys(['latest_only_with_trigger']) retrieved from /home/airflow/.local/lib/python3.7/site-packages/airflow/example_dags/example_latest_only_with_trigger.py
[2022-05-24 12:15:50,867] {logging_mixin.py:115} INFO - [2022-05-24 12:15:50,867] {dag.py:2371} INFO - Sync 1 DAGs
[2022-05-24 12:15:50,902] {logging_mixin.py:115} INFO - [2022-05-24 12:15:50,902] {dag.py:2919} INFO - Setting next_dagrun for latest_only_with_trigger to 2022-05-24T08:15:50.902002+00:00, run_after=2022-05-24T12:15:50.902002+00:00
[2022-05-24 12:15:50,925] {processor.py:161} INFO - Processing /home/airflow/.local/lib/python3.7/site-packages/airflow/example_dags/example_latest_only_with_trigger.py took 0.133 seconds
[2022-05-24 12:16:21,119] {processor.py:153} INFO - Started process (PID=1997) to work on /home/airflow/.local/lib/python3.7/site-packages/airflow/example_dags/example_latest_only_with_trigger.py
[2022-05-24 12:16:21,121] {processor.py:641} INFO - Processing file /home/airflow/.local/lib/python3.7/site-packages/airflow/example_dags/example_latest_only_with_trigger.py for tasks to queue
[2022-05-24 12:16:21,123] {logging_mixin.py:115} INFO - [2022-05-24 12:16:21,123] {dagbag.py:507} INFO - Filling up the DagBag from /home/airflow/.local/lib/python3.7/site-packages/airflow/example_dags/example_latest_only_with_trigger.py
[2022-05-24 12:16:21,140] {processor.py:651} INFO - DAG(s) dict_keys(['latest_only_with_trigger']) retrieved from /home/airflow/.local/lib/python3.7/site-packages/airflow/example_dags/example_latest_only_with_trigger.py
[2022-05-24 12:16:21,177] {logging_mixin.py:115} INFO - [2022-05-24 12:16:21,177] {dag.py:2371} INFO - Sync 1 DAGs
[2022-05-24 12:16:21,213] {logging_mixin.py:115} INFO - [2022-05-24 12:16:21,213] {dag.py:2919} INFO - Setting next_dagrun for latest_only_with_trigger to 2022-05-24T08:16:21.212703+00:00, run_after=2022-05-24T12:16:21.212703+00:00
[2022-05-24 12:16:21,230] {processor.py:161} INFO - Processing /home/airflow/.local/lib/python3.7/site-packages/airflow/example_dags/example_latest_only_with_trigger.py took 0.118 seconds
[2022-05-24 12:16:51,975] {processor.py:153} INFO - Started process (PID=2193) to work on /home/airflow/.local/lib/python3.7/site-packages/airflow/example_dags/example_latest_only_with_trigger.py
[2022-05-24 12:16:51,978] {processor.py:641} INFO - Processing file /home/airflow/.local/lib/python3.7/site-packages/airflow/example_dags/example_latest_only_with_trigger.py for tasks to queue
[2022-05-24 12:16:51,980] {logging_mixin.py:115} INFO - [2022-05-24 12:16:51,979] {dagbag.py:507} INFO - Filling up the DagBag from /home/airflow/.local/lib/python3.7/site-packages/airflow/example_dags/example_latest_only_with_trigger.py
[2022-05-24 12:16:51,989] {processor.py:651} INFO - DAG(s) dict_keys(['latest_only_with_trigger']) retrieved from /home/airflow/.local/lib/python3.7/site-packages/airflow/example_dags/example_latest_only_with_trigger.py
[2022-05-24 12:16:52,041] {logging_mixin.py:115} INFO - [2022-05-24 12:16:52,040] {dag.py:2371} INFO - Sync 1 DAGs
[2022-05-24 12:16:52,075] {logging_mixin.py:115} INFO - [2022-05-24 12:16:52,074] {dag.py:2919} INFO - Setting next_dagrun for latest_only_with_trigger to 2022-05-24T08:16:52.074606+00:00, run_after=2022-05-24T12:16:52.074606+00:00
[2022-05-24 12:16:52,093] {processor.py:161} INFO - Processing /home/airflow/.local/lib/python3.7/site-packages/airflow/example_dags/example_latest_only_with_trigger.py took 0.124 seconds
[2022-05-24 12:17:22,762] {processor.py:153} INFO - Started process (PID=2396) to work on /home/airflow/.local/lib/python3.7/site-packages/airflow/example_dags/example_latest_only_with_trigger.py
[2022-05-24 12:17:22,765] {processor.py:641} INFO - Processing file /home/airflow/.local/lib/python3.7/site-packages/airflow/example_dags/example_latest_only_with_trigger.py for tasks to queue
[2022-05-24 12:17:22,767] {logging_mixin.py:115} INFO - [2022-05-24 12:17:22,767] {dagbag.py:507} INFO - Filling up the DagBag from /home/airflow/.local/lib/python3.7/site-packages/airflow/example_dags/example_latest_only_with_trigger.py
[2022-05-24 12:17:22,778] {processor.py:651} INFO - DAG(s) dict_keys(['latest_only_with_trigger']) retrieved from /home/airflow/.local/lib/python3.7/site-packages/airflow/example_dags/example_latest_only_with_trigger.py
[2022-05-24 12:17:22,821] {logging_mixin.py:115} INFO - [2022-05-24 12:17:22,821] {dag.py:2371} INFO - Sync 1 DAGs
[2022-05-24 12:17:22,856] {logging_mixin.py:115} INFO - [2022-05-24 12:17:22,856] {dag.py:2919} INFO - Setting next_dagrun for latest_only_with_trigger to 2022-05-24T08:17:22.855668+00:00, run_after=2022-05-24T12:17:22.855668+00:00
[2022-05-24 12:17:22,875] {processor.py:161} INFO - Processing /home/airflow/.local/lib/python3.7/site-packages/airflow/example_dags/example_latest_only_with_trigger.py took 0.118 seconds
[2022-05-24 12:17:53,278] {processor.py:153} INFO - Started process (PID=2593) to work on /home/airflow/.local/lib/python3.7/site-packages/airflow/example_dags/example_latest_only_with_trigger.py
[2022-05-24 12:17:53,282] {processor.py:641} INFO - Processing file /home/airflow/.local/lib/python3.7/site-packages/airflow/example_dags/example_latest_only_with_trigger.py for tasks to queue
[2022-05-24 12:17:53,284] {logging_mixin.py:115} INFO - [2022-05-24 12:17:53,284] {dagbag.py:507} INFO - Filling up the DagBag from /home/airflow/.local/lib/python3.7/site-packages/airflow/example_dags/example_latest_only_with_trigger.py
[2022-05-24 12:17:53,300] {processor.py:651} INFO - DAG(s) dict_keys(['latest_only_with_trigger']) retrieved from /home/airflow/.local/lib/python3.7/site-packages/airflow/example_dags/example_latest_only_with_trigger.py
[2022-05-24 12:17:53,376] {logging_mixin.py:115} INFO - [2022-05-24 12:17:53,376] {dag.py:2371} INFO - Sync 1 DAGs
[2022-05-24 12:17:53,452] {logging_mixin.py:115} INFO - [2022-05-24 12:17:53,452] {dag.py:2919} INFO - Setting next_dagrun for latest_only_with_trigger to 2022-05-24T08:17:53.452273+00:00, run_after=2022-05-24T12:17:53.452273+00:00
[2022-05-24 12:17:53,481] {processor.py:161} INFO - Processing /home/airflow/.local/lib/python3.7/site-packages/airflow/example_dags/example_latest_only_with_trigger.py took 0.206 seconds
[2022-05-24 12:18:25,347] {processor.py:153} INFO - Started process (PID=2800) to work on /home/airflow/.local/lib/python3.7/site-packages/airflow/example_dags/example_latest_only_with_trigger.py
[2022-05-24 12:18:25,369] {processor.py:641} INFO - Processing file /home/airflow/.local/lib/python3.7/site-packages/airflow/example_dags/example_latest_only_with_trigger.py for tasks to queue
[2022-05-24 12:18:25,399] {logging_mixin.py:115} INFO - [2022-05-24 12:18:25,399] {dagbag.py:507} INFO - Filling up the DagBag from /home/airflow/.local/lib/python3.7/site-packages/airflow/example_dags/example_latest_only_with_trigger.py
[2022-05-24 12:18:25,827] {processor.py:651} INFO - DAG(s) dict_keys(['latest_only_with_trigger']) retrieved from /home/airflow/.local/lib/python3.7/site-packages/airflow/example_dags/example_latest_only_with_trigger.py
[2022-05-24 12:18:26,561] {logging_mixin.py:115} INFO - [2022-05-24 12:18:26,538] {dag.py:2371} INFO - Sync 1 DAGs
[2022-05-24 12:18:26,716] {logging_mixin.py:115} INFO - [2022-05-24 12:18:26,716] {dag.py:2919} INFO - Setting next_dagrun for latest_only_with_trigger to 2022-05-24T08:18:26.715708+00:00, run_after=2022-05-24T12:18:26.715708+00:00
[2022-05-24 12:18:26,803] {processor.py:161} INFO - Processing /home/airflow/.local/lib/python3.7/site-packages/airflow/example_dags/example_latest_only_with_trigger.py took 1.763 seconds
[2022-05-24 12:18:57,109] {processor.py:153} INFO - Started process (PID=2999) to work on /home/airflow/.local/lib/python3.7/site-packages/airflow/example_dags/example_latest_only_with_trigger.py
[2022-05-24 12:18:57,111] {processor.py:641} INFO - Processing file /home/airflow/.local/lib/python3.7/site-packages/airflow/example_dags/example_latest_only_with_trigger.py for tasks to queue
[2022-05-24 12:18:57,113] {logging_mixin.py:115} INFO - [2022-05-24 12:18:57,113] {dagbag.py:507} INFO - Filling up the DagBag from /home/airflow/.local/lib/python3.7/site-packages/airflow/example_dags/example_latest_only_with_trigger.py
[2022-05-24 12:18:57,134] {processor.py:651} INFO - DAG(s) dict_keys(['latest_only_with_trigger']) retrieved from /home/airflow/.local/lib/python3.7/site-packages/airflow/example_dags/example_latest_only_with_trigger.py
[2022-05-24 12:18:57,187] {logging_mixin.py:115} INFO - [2022-05-24 12:18:57,187] {dag.py:2371} INFO - Sync 1 DAGs
[2022-05-24 12:18:57,246] {logging_mixin.py:115} INFO - [2022-05-24 12:18:57,246] {dag.py:2919} INFO - Setting next_dagrun for latest_only_with_trigger to 2022-05-24T08:18:57.246385+00:00, run_after=2022-05-24T12:18:57.246385+00:00
[2022-05-24 12:18:57,269] {processor.py:161} INFO - Processing /home/airflow/.local/lib/python3.7/site-packages/airflow/example_dags/example_latest_only_with_trigger.py took 0.168 seconds
[2022-05-24 12:19:27,537] {processor.py:153} INFO - Started process (PID=3193) to work on /home/airflow/.local/lib/python3.7/site-packages/airflow/example_dags/example_latest_only_with_trigger.py
[2022-05-24 12:19:27,540] {processor.py:641} INFO - Processing file /home/airflow/.local/lib/python3.7/site-packages/airflow/example_dags/example_latest_only_with_trigger.py for tasks to queue
[2022-05-24 12:19:27,542] {logging_mixin.py:115} INFO - [2022-05-24 12:19:27,542] {dagbag.py:507} INFO - Filling up the DagBag from /home/airflow/.local/lib/python3.7/site-packages/airflow/example_dags/example_latest_only_with_trigger.py
[2022-05-24 12:19:27,551] {processor.py:651} INFO - DAG(s) dict_keys(['latest_only_with_trigger']) retrieved from /home/airflow/.local/lib/python3.7/site-packages/airflow/example_dags/example_latest_only_with_trigger.py
[2022-05-24 12:19:27,605] {logging_mixin.py:115} INFO - [2022-05-24 12:19:27,605] {dag.py:2371} INFO - Sync 1 DAGs
[2022-05-24 12:19:27,646] {logging_mixin.py:115} INFO - [2022-05-24 12:19:27,646] {dag.py:2919} INFO - Setting next_dagrun for latest_only_with_trigger to 2022-05-24T08:19:27.645910+00:00, run_after=2022-05-24T12:19:27.645910+00:00
[2022-05-24 12:19:27,669] {processor.py:161} INFO - Processing /home/airflow/.local/lib/python3.7/site-packages/airflow/example_dags/example_latest_only_with_trigger.py took 0.138 seconds
[2022-05-24 12:19:58,022] {processor.py:153} INFO - Started process (PID=3398) to work on /home/airflow/.local/lib/python3.7/site-packages/airflow/example_dags/example_latest_only_with_trigger.py
[2022-05-24 12:19:58,024] {processor.py:641} INFO - Processing file /home/airflow/.local/lib/python3.7/site-packages/airflow/example_dags/example_latest_only_with_trigger.py for tasks to queue
[2022-05-24 12:19:58,027] {logging_mixin.py:115} INFO - [2022-05-24 12:19:58,026] {dagbag.py:507} INFO - Filling up the DagBag from /home/airflow/.local/lib/python3.7/site-packages/airflow/example_dags/example_latest_only_with_trigger.py
[2022-05-24 12:19:58,055] {processor.py:651} INFO - DAG(s) dict_keys(['latest_only_with_trigger']) retrieved from /home/airflow/.local/lib/python3.7/site-packages/airflow/example_dags/example_latest_only_with_trigger.py
[2022-05-24 12:19:58,119] {logging_mixin.py:115} INFO - [2022-05-24 12:19:58,119] {dag.py:2371} INFO - Sync 1 DAGs
[2022-05-24 12:19:58,165] {logging_mixin.py:115} INFO - [2022-05-24 12:19:58,165] {dag.py:2919} INFO - Setting next_dagrun for latest_only_with_trigger to 2022-05-24T08:19:58.165447+00:00, run_after=2022-05-24T12:19:58.165447+00:00
[2022-05-24 12:19:58,188] {processor.py:161} INFO - Processing /home/airflow/.local/lib/python3.7/site-packages/airflow/example_dags/example_latest_only_with_trigger.py took 0.174 seconds
[2022-05-24 12:20:29,180] {processor.py:153} INFO - Started process (PID=3591) to work on /home/airflow/.local/lib/python3.7/site-packages/airflow/example_dags/example_latest_only_with_trigger.py
[2022-05-24 12:20:29,182] {processor.py:641} INFO - Processing file /home/airflow/.local/lib/python3.7/site-packages/airflow/example_dags/example_latest_only_with_trigger.py for tasks to queue
[2022-05-24 12:20:29,184] {logging_mixin.py:115} INFO - [2022-05-24 12:20:29,184] {dagbag.py:507} INFO - Filling up the DagBag from /home/airflow/.local/lib/python3.7/site-packages/airflow/example_dags/example_latest_only_with_trigger.py
[2022-05-24 12:20:29,196] {processor.py:651} INFO - DAG(s) dict_keys(['latest_only_with_trigger']) retrieved from /home/airflow/.local/lib/python3.7/site-packages/airflow/example_dags/example_latest_only_with_trigger.py
[2022-05-24 12:20:29,240] {logging_mixin.py:115} INFO - [2022-05-24 12:20:29,240] {dag.py:2371} INFO - Sync 1 DAGs
[2022-05-24 12:20:29,274] {logging_mixin.py:115} INFO - [2022-05-24 12:20:29,274] {dag.py:2919} INFO - Setting next_dagrun for latest_only_with_trigger to 2022-05-24T08:20:29.274405+00:00, run_after=2022-05-24T12:20:29.274405+00:00
[2022-05-24 12:20:29,316] {processor.py:161} INFO - Processing /home/airflow/.local/lib/python3.7/site-packages/airflow/example_dags/example_latest_only_with_trigger.py took 0.141 seconds
[2022-05-24 12:20:59,668] {processor.py:153} INFO - Started process (PID=3793) to work on /home/airflow/.local/lib/python3.7/site-packages/airflow/example_dags/example_latest_only_with_trigger.py
[2022-05-24 12:20:59,690] {processor.py:641} INFO - Processing file /home/airflow/.local/lib/python3.7/site-packages/airflow/example_dags/example_latest_only_with_trigger.py for tasks to queue
[2022-05-24 12:20:59,692] {logging_mixin.py:115} INFO - [2022-05-24 12:20:59,692] {dagbag.py:507} INFO - Filling up the DagBag from /home/airflow/.local/lib/python3.7/site-packages/airflow/example_dags/example_latest_only_with_trigger.py
[2022-05-24 12:20:59,712] {processor.py:651} INFO - DAG(s) dict_keys(['latest_only_with_trigger']) retrieved from /home/airflow/.local/lib/python3.7/site-packages/airflow/example_dags/example_latest_only_with_trigger.py
[2022-05-24 12:20:59,755] {logging_mixin.py:115} INFO - [2022-05-24 12:20:59,755] {dag.py:2371} INFO - Sync 1 DAGs
[2022-05-24 12:20:59,789] {logging_mixin.py:115} INFO - [2022-05-24 12:20:59,788] {dag.py:2919} INFO - Setting next_dagrun for latest_only_with_trigger to 2022-05-24T08:20:59.788647+00:00, run_after=2022-05-24T12:20:59.788647+00:00
[2022-05-24 12:20:59,810] {processor.py:161} INFO - Processing /home/airflow/.local/lib/python3.7/site-packages/airflow/example_dags/example_latest_only_with_trigger.py took 0.146 seconds
[2022-05-24 12:21:30,076] {processor.py:153} INFO - Started process (PID=3991) to work on /home/airflow/.local/lib/python3.7/site-packages/airflow/example_dags/example_latest_only_with_trigger.py
[2022-05-24 12:21:30,078] {processor.py:641} INFO - Processing file /home/airflow/.local/lib/python3.7/site-packages/airflow/example_dags/example_latest_only_with_trigger.py for tasks to queue
[2022-05-24 12:21:30,080] {logging_mixin.py:115} INFO - [2022-05-24 12:21:30,080] {dagbag.py:507} INFO - Filling up the DagBag from /home/airflow/.local/lib/python3.7/site-packages/airflow/example_dags/example_latest_only_with_trigger.py
[2022-05-24 12:21:30,089] {processor.py:651} INFO - DAG(s) dict_keys(['latest_only_with_trigger']) retrieved from /home/airflow/.local/lib/python3.7/site-packages/airflow/example_dags/example_latest_only_with_trigger.py
[2022-05-24 12:21:30,135] {logging_mixin.py:115} INFO - [2022-05-24 12:21:30,134] {dag.py:2371} INFO - Sync 1 DAGs
[2022-05-24 12:21:30,172] {logging_mixin.py:115} INFO - [2022-05-24 12:21:30,172] {dag.py:2919} INFO - Setting next_dagrun for latest_only_with_trigger to 2022-05-24T08:21:30.171751+00:00, run_after=2022-05-24T12:21:30.171751+00:00
[2022-05-24 12:21:30,197] {processor.py:161} INFO - Processing /home/airflow/.local/lib/python3.7/site-packages/airflow/example_dags/example_latest_only_with_trigger.py took 0.127 seconds
[2022-05-24 12:22:00,266] {processor.py:153} INFO - Started process (PID=4194) to work on /home/airflow/.local/lib/python3.7/site-packages/airflow/example_dags/example_latest_only_with_trigger.py
[2022-05-24 12:22:00,267] {processor.py:641} INFO - Processing file /home/airflow/.local/lib/python3.7/site-packages/airflow/example_dags/example_latest_only_with_trigger.py for tasks to queue
[2022-05-24 12:22:00,271] {logging_mixin.py:115} INFO - [2022-05-24 12:22:00,270] {dagbag.py:507} INFO - Filling up the DagBag from /home/airflow/.local/lib/python3.7/site-packages/airflow/example_dags/example_latest_only_with_trigger.py
[2022-05-24 12:22:00,281] {processor.py:651} INFO - DAG(s) dict_keys(['latest_only_with_trigger']) retrieved from /home/airflow/.local/lib/python3.7/site-packages/airflow/example_dags/example_latest_only_with_trigger.py
[2022-05-24 12:22:00,326] {logging_mixin.py:115} INFO - [2022-05-24 12:22:00,326] {dag.py:2371} INFO - Sync 1 DAGs
[2022-05-24 12:22:00,383] {logging_mixin.py:115} INFO - [2022-05-24 12:22:00,383] {dag.py:2919} INFO - Setting next_dagrun for latest_only_with_trigger to 2022-05-24T08:22:00.383071+00:00, run_after=2022-05-24T12:22:00.383071+00:00
[2022-05-24 12:22:00,415] {processor.py:161} INFO - Processing /home/airflow/.local/lib/python3.7/site-packages/airflow/example_dags/example_latest_only_with_trigger.py took 0.154 seconds
[2022-05-24 12:22:30,615] {processor.py:153} INFO - Started process (PID=4391) to work on /home/airflow/.local/lib/python3.7/site-packages/airflow/example_dags/example_latest_only_with_trigger.py
[2022-05-24 12:22:30,623] {processor.py:641} INFO - Processing file /home/airflow/.local/lib/python3.7/site-packages/airflow/example_dags/example_latest_only_with_trigger.py for tasks to queue
[2022-05-24 12:22:30,642] {logging_mixin.py:115} INFO - [2022-05-24 12:22:30,642] {dagbag.py:507} INFO - Filling up the DagBag from /home/airflow/.local/lib/python3.7/site-packages/airflow/example_dags/example_latest_only_with_trigger.py
[2022-05-24 12:22:30,681] {processor.py:651} INFO - DAG(s) dict_keys(['latest_only_with_trigger']) retrieved from /home/airflow/.local/lib/python3.7/site-packages/airflow/example_dags/example_latest_only_with_trigger.py
[2022-05-24 12:22:30,762] {logging_mixin.py:115} INFO - [2022-05-24 12:22:30,762] {dag.py:2371} INFO - Sync 1 DAGs
[2022-05-24 12:22:30,812] {logging_mixin.py:115} INFO - [2022-05-24 12:22:30,812] {dag.py:2919} INFO - Setting next_dagrun for latest_only_with_trigger to 2022-05-24T08:22:30.812556+00:00, run_after=2022-05-24T12:22:30.812556+00:00
[2022-05-24 12:22:30,862] {processor.py:161} INFO - Processing /home/airflow/.local/lib/python3.7/site-packages/airflow/example_dags/example_latest_only_with_trigger.py took 0.279 seconds
[2022-05-24 12:23:01,021] {processor.py:153} INFO - Started process (PID=4585) to work on /home/airflow/.local/lib/python3.7/site-packages/airflow/example_dags/example_latest_only_with_trigger.py
[2022-05-24 12:23:01,027] {processor.py:641} INFO - Processing file /home/airflow/.local/lib/python3.7/site-packages/airflow/example_dags/example_latest_only_with_trigger.py for tasks to queue
[2022-05-24 12:23:01,031] {logging_mixin.py:115} INFO - [2022-05-24 12:23:01,030] {dagbag.py:507} INFO - Filling up the DagBag from /home/airflow/.local/lib/python3.7/site-packages/airflow/example_dags/example_latest_only_with_trigger.py
[2022-05-24 12:23:01,044] {processor.py:651} INFO - DAG(s) dict_keys(['latest_only_with_trigger']) retrieved from /home/airflow/.local/lib/python3.7/site-packages/airflow/example_dags/example_latest_only_with_trigger.py
[2022-05-24 12:23:01,365] {logging_mixin.py:115} INFO - [2022-05-24 12:23:01,360] {dag.py:2371} INFO - Sync 1 DAGs
[2022-05-24 12:23:01,500] {logging_mixin.py:115} INFO - [2022-05-24 12:23:01,500] {dag.py:2919} INFO - Setting next_dagrun for latest_only_with_trigger to 2022-05-24T08:23:01.500027+00:00, run_after=2022-05-24T12:23:01.500027+00:00
[2022-05-24 12:23:01,529] {processor.py:161} INFO - Processing /home/airflow/.local/lib/python3.7/site-packages/airflow/example_dags/example_latest_only_with_trigger.py took 0.517 seconds
[2022-05-24 12:23:32,025] {processor.py:153} INFO - Started process (PID=4788) to work on /home/airflow/.local/lib/python3.7/site-packages/airflow/example_dags/example_latest_only_with_trigger.py
[2022-05-24 12:23:32,032] {processor.py:641} INFO - Processing file /home/airflow/.local/lib/python3.7/site-packages/airflow/example_dags/example_latest_only_with_trigger.py for tasks to queue
[2022-05-24 12:23:32,037] {logging_mixin.py:115} INFO - [2022-05-24 12:23:32,037] {dagbag.py:507} INFO - Filling up the DagBag from /home/airflow/.local/lib/python3.7/site-packages/airflow/example_dags/example_latest_only_with_trigger.py
[2022-05-24 12:23:32,058] {processor.py:651} INFO - DAG(s) dict_keys(['latest_only_with_trigger']) retrieved from /home/airflow/.local/lib/python3.7/site-packages/airflow/example_dags/example_latest_only_with_trigger.py
[2022-05-24 12:23:32,110] {logging_mixin.py:115} INFO - [2022-05-24 12:23:32,110] {dag.py:2371} INFO - Sync 1 DAGs
[2022-05-24 12:23:32,199] {logging_mixin.py:115} INFO - [2022-05-24 12:23:32,199] {dag.py:2919} INFO - Setting next_dagrun for latest_only_with_trigger to 2022-05-24T08:23:32.199102+00:00, run_after=2022-05-24T12:23:32.199102+00:00
[2022-05-24 12:23:32,239] {processor.py:161} INFO - Processing /home/airflow/.local/lib/python3.7/site-packages/airflow/example_dags/example_latest_only_with_trigger.py took 0.229 seconds
[2022-05-24 12:24:02,883] {processor.py:153} INFO - Started process (PID=4985) to work on /home/airflow/.local/lib/python3.7/site-packages/airflow/example_dags/example_latest_only_with_trigger.py
[2022-05-24 12:24:02,886] {processor.py:641} INFO - Processing file /home/airflow/.local/lib/python3.7/site-packages/airflow/example_dags/example_latest_only_with_trigger.py for tasks to queue
[2022-05-24 12:24:02,888] {logging_mixin.py:115} INFO - [2022-05-24 12:24:02,888] {dagbag.py:507} INFO - Filling up the DagBag from /home/airflow/.local/lib/python3.7/site-packages/airflow/example_dags/example_latest_only_with_trigger.py
[2022-05-24 12:24:02,897] {processor.py:651} INFO - DAG(s) dict_keys(['latest_only_with_trigger']) retrieved from /home/airflow/.local/lib/python3.7/site-packages/airflow/example_dags/example_latest_only_with_trigger.py
[2022-05-24 12:24:02,935] {logging_mixin.py:115} INFO - [2022-05-24 12:24:02,935] {dag.py:2371} INFO - Sync 1 DAGs
[2022-05-24 12:24:02,969] {logging_mixin.py:115} INFO - [2022-05-24 12:24:02,969] {dag.py:2919} INFO - Setting next_dagrun for latest_only_with_trigger to 2022-05-24T08:24:02.968876+00:00, run_after=2022-05-24T12:24:02.968876+00:00
[2022-05-24 12:24:02,987] {processor.py:161} INFO - Processing /home/airflow/.local/lib/python3.7/site-packages/airflow/example_dags/example_latest_only_with_trigger.py took 0.109 seconds
[2022-05-24 12:24:33,047] {processor.py:153} INFO - Started process (PID=5175) to work on /home/airflow/.local/lib/python3.7/site-packages/airflow/example_dags/example_latest_only_with_trigger.py
[2022-05-24 12:24:33,051] {processor.py:641} INFO - Processing file /home/airflow/.local/lib/python3.7/site-packages/airflow/example_dags/example_latest_only_with_trigger.py for tasks to queue
[2022-05-24 12:24:33,055] {logging_mixin.py:115} INFO - [2022-05-24 12:24:33,054] {dagbag.py:507} INFO - Filling up the DagBag from /home/airflow/.local/lib/python3.7/site-packages/airflow/example_dags/example_latest_only_with_trigger.py
[2022-05-24 12:24:33,068] {processor.py:651} INFO - DAG(s) dict_keys(['latest_only_with_trigger']) retrieved from /home/airflow/.local/lib/python3.7/site-packages/airflow/example_dags/example_latest_only_with_trigger.py
[2022-05-24 12:24:33,118] {logging_mixin.py:115} INFO - [2022-05-24 12:24:33,118] {dag.py:2371} INFO - Sync 1 DAGs
[2022-05-24 12:24:33,195] {logging_mixin.py:115} INFO - [2022-05-24 12:24:33,195] {dag.py:2919} INFO - Setting next_dagrun for latest_only_with_trigger to 2022-05-24T08:24:33.195370+00:00, run_after=2022-05-24T12:24:33.195370+00:00
[2022-05-24 12:24:33,263] {processor.py:161} INFO - Processing /home/airflow/.local/lib/python3.7/site-packages/airflow/example_dags/example_latest_only_with_trigger.py took 0.222 seconds
[2022-05-24 12:25:03,696] {processor.py:153} INFO - Started process (PID=5380) to work on /home/airflow/.local/lib/python3.7/site-packages/airflow/example_dags/example_latest_only_with_trigger.py
[2022-05-24 12:25:03,700] {processor.py:641} INFO - Processing file /home/airflow/.local/lib/python3.7/site-packages/airflow/example_dags/example_latest_only_with_trigger.py for tasks to queue
[2022-05-24 12:25:03,703] {logging_mixin.py:115} INFO - [2022-05-24 12:25:03,703] {dagbag.py:507} INFO - Filling up the DagBag from /home/airflow/.local/lib/python3.7/site-packages/airflow/example_dags/example_latest_only_with_trigger.py
[2022-05-24 12:25:03,763] {processor.py:651} INFO - DAG(s) dict_keys(['latest_only_with_trigger']) retrieved from /home/airflow/.local/lib/python3.7/site-packages/airflow/example_dags/example_latest_only_with_trigger.py
[2022-05-24 12:25:03,874] {logging_mixin.py:115} INFO - [2022-05-24 12:25:03,874] {dag.py:2371} INFO - Sync 1 DAGs
[2022-05-24 12:25:03,974] {logging_mixin.py:115} INFO - [2022-05-24 12:25:03,974] {dag.py:2919} INFO - Setting next_dagrun for latest_only_with_trigger to 2022-05-24T08:25:03.973925+00:00, run_after=2022-05-24T12:25:03.973925+00:00
[2022-05-24 12:25:04,046] {processor.py:161} INFO - Processing /home/airflow/.local/lib/python3.7/site-packages/airflow/example_dags/example_latest_only_with_trigger.py took 0.355 seconds
[2022-05-24 12:25:34,847] {processor.py:153} INFO - Started process (PID=5577) to work on /home/airflow/.local/lib/python3.7/site-packages/airflow/example_dags/example_latest_only_with_trigger.py
[2022-05-24 12:25:34,850] {processor.py:641} INFO - Processing file /home/airflow/.local/lib/python3.7/site-packages/airflow/example_dags/example_latest_only_with_trigger.py for tasks to queue
[2022-05-24 12:25:34,853] {logging_mixin.py:115} INFO - [2022-05-24 12:25:34,852] {dagbag.py:507} INFO - Filling up the DagBag from /home/airflow/.local/lib/python3.7/site-packages/airflow/example_dags/example_latest_only_with_trigger.py
[2022-05-24 12:25:34,866] {processor.py:651} INFO - DAG(s) dict_keys(['latest_only_with_trigger']) retrieved from /home/airflow/.local/lib/python3.7/site-packages/airflow/example_dags/example_latest_only_with_trigger.py
[2022-05-24 12:25:34,921] {logging_mixin.py:115} INFO - [2022-05-24 12:25:34,921] {dag.py:2371} INFO - Sync 1 DAGs
[2022-05-24 12:25:34,969] {logging_mixin.py:115} INFO - [2022-05-24 12:25:34,969] {dag.py:2919} INFO - Setting next_dagrun for latest_only_with_trigger to 2022-05-24T08:25:34.969365+00:00, run_after=2022-05-24T12:25:34.969365+00:00
[2022-05-24 12:25:34,994] {processor.py:161} INFO - Processing /home/airflow/.local/lib/python3.7/site-packages/airflow/example_dags/example_latest_only_with_trigger.py took 0.152 seconds
[2022-05-24 12:26:05,135] {processor.py:153} INFO - Started process (PID=5781) to work on /home/airflow/.local/lib/python3.7/site-packages/airflow/example_dags/example_latest_only_with_trigger.py
[2022-05-24 12:26:05,141] {processor.py:641} INFO - Processing file /home/airflow/.local/lib/python3.7/site-packages/airflow/example_dags/example_latest_only_with_trigger.py for tasks to queue
[2022-05-24 12:26:05,143] {logging_mixin.py:115} INFO - [2022-05-24 12:26:05,143] {dagbag.py:507} INFO - Filling up the DagBag from /home/airflow/.local/lib/python3.7/site-packages/airflow/example_dags/example_latest_only_with_trigger.py
[2022-05-24 12:26:05,156] {processor.py:651} INFO - DAG(s) dict_keys(['latest_only_with_trigger']) retrieved from /home/airflow/.local/lib/python3.7/site-packages/airflow/example_dags/example_latest_only_with_trigger.py
[2022-05-24 12:26:05,235] {logging_mixin.py:115} INFO - [2022-05-24 12:26:05,235] {dag.py:2371} INFO - Sync 1 DAGs
[2022-05-24 12:26:05,306] {logging_mixin.py:115} INFO - [2022-05-24 12:26:05,305] {dag.py:2919} INFO - Setting next_dagrun for latest_only_with_trigger to 2022-05-24T08:26:05.305651+00:00, run_after=2022-05-24T12:26:05.305651+00:00
[2022-05-24 12:26:05,344] {processor.py:161} INFO - Processing /home/airflow/.local/lib/python3.7/site-packages/airflow/example_dags/example_latest_only_with_trigger.py took 0.213 seconds
[2022-05-24 12:26:35,646] {processor.py:153} INFO - Started process (PID=5973) to work on /home/airflow/.local/lib/python3.7/site-packages/airflow/example_dags/example_latest_only_with_trigger.py
[2022-05-24 12:26:35,649] {processor.py:641} INFO - Processing file /home/airflow/.local/lib/python3.7/site-packages/airflow/example_dags/example_latest_only_with_trigger.py for tasks to queue
[2022-05-24 12:26:35,653] {logging_mixin.py:115} INFO - [2022-05-24 12:26:35,653] {dagbag.py:507} INFO - Filling up the DagBag from /home/airflow/.local/lib/python3.7/site-packages/airflow/example_dags/example_latest_only_with_trigger.py
[2022-05-24 12:26:35,665] {processor.py:651} INFO - DAG(s) dict_keys(['latest_only_with_trigger']) retrieved from /home/airflow/.local/lib/python3.7/site-packages/airflow/example_dags/example_latest_only_with_trigger.py
[2022-05-24 12:26:35,712] {logging_mixin.py:115} INFO - [2022-05-24 12:26:35,711] {dag.py:2371} INFO - Sync 1 DAGs
[2022-05-24 12:26:35,747] {logging_mixin.py:115} INFO - [2022-05-24 12:26:35,747] {dag.py:2919} INFO - Setting next_dagrun for latest_only_with_trigger to 2022-05-24T08:26:35.747237+00:00, run_after=2022-05-24T12:26:35.747237+00:00
[2022-05-24 12:26:35,769] {processor.py:161} INFO - Processing /home/airflow/.local/lib/python3.7/site-packages/airflow/example_dags/example_latest_only_with_trigger.py took 0.127 seconds
[2022-05-24 12:27:05,984] {processor.py:153} INFO - Started process (PID=6166) to work on /home/airflow/.local/lib/python3.7/site-packages/airflow/example_dags/example_latest_only_with_trigger.py
[2022-05-24 12:27:05,989] {processor.py:641} INFO - Processing file /home/airflow/.local/lib/python3.7/site-packages/airflow/example_dags/example_latest_only_with_trigger.py for tasks to queue
[2022-05-24 12:27:05,991] {logging_mixin.py:115} INFO - [2022-05-24 12:27:05,991] {dagbag.py:507} INFO - Filling up the DagBag from /home/airflow/.local/lib/python3.7/site-packages/airflow/example_dags/example_latest_only_with_trigger.py
[2022-05-24 12:27:05,999] {processor.py:651} INFO - DAG(s) dict_keys(['latest_only_with_trigger']) retrieved from /home/airflow/.local/lib/python3.7/site-packages/airflow/example_dags/example_latest_only_with_trigger.py
[2022-05-24 12:27:06,120] {logging_mixin.py:115} INFO - [2022-05-24 12:27:06,120] {dag.py:2371} INFO - Sync 1 DAGs
[2022-05-24 12:27:06,244] {logging_mixin.py:115} INFO - [2022-05-24 12:27:06,243] {dag.py:2919} INFO - Setting next_dagrun for latest_only_with_trigger to 2022-05-24T08:27:06.243506+00:00, run_after=2022-05-24T12:27:06.243506+00:00
[2022-05-24 12:27:06,301] {processor.py:161} INFO - Processing /home/airflow/.local/lib/python3.7/site-packages/airflow/example_dags/example_latest_only_with_trigger.py took 0.321 seconds
[2022-05-24 12:27:36,566] {processor.py:153} INFO - Started process (PID=6361) to work on /home/airflow/.local/lib/python3.7/site-packages/airflow/example_dags/example_latest_only_with_trigger.py
[2022-05-24 12:27:36,568] {processor.py:641} INFO - Processing file /home/airflow/.local/lib/python3.7/site-packages/airflow/example_dags/example_latest_only_with_trigger.py for tasks to queue
[2022-05-24 12:27:36,570] {logging_mixin.py:115} INFO - [2022-05-24 12:27:36,570] {dagbag.py:507} INFO - Filling up the DagBag from /home/airflow/.local/lib/python3.7/site-packages/airflow/example_dags/example_latest_only_with_trigger.py
[2022-05-24 12:27:36,579] {processor.py:651} INFO - DAG(s) dict_keys(['latest_only_with_trigger']) retrieved from /home/airflow/.local/lib/python3.7/site-packages/airflow/example_dags/example_latest_only_with_trigger.py
[2022-05-24 12:27:36,623] {logging_mixin.py:115} INFO - [2022-05-24 12:27:36,623] {dag.py:2371} INFO - Sync 1 DAGs
[2022-05-24 12:27:36,657] {logging_mixin.py:115} INFO - [2022-05-24 12:27:36,657] {dag.py:2919} INFO - Setting next_dagrun for latest_only_with_trigger to 2022-05-24T08:27:36.657346+00:00, run_after=2022-05-24T12:27:36.657346+00:00
[2022-05-24 12:27:36,680] {processor.py:161} INFO - Processing /home/airflow/.local/lib/python3.7/site-packages/airflow/example_dags/example_latest_only_with_trigger.py took 0.121 seconds
[2022-05-24 12:28:07,147] {processor.py:153} INFO - Started process (PID=6566) to work on /home/airflow/.local/lib/python3.7/site-packages/airflow/example_dags/example_latest_only_with_trigger.py
[2022-05-24 12:28:07,155] {processor.py:641} INFO - Processing file /home/airflow/.local/lib/python3.7/site-packages/airflow/example_dags/example_latest_only_with_trigger.py for tasks to queue
[2022-05-24 12:28:07,160] {logging_mixin.py:115} INFO - [2022-05-24 12:28:07,159] {dagbag.py:507} INFO - Filling up the DagBag from /home/airflow/.local/lib/python3.7/site-packages/airflow/example_dags/example_latest_only_with_trigger.py
[2022-05-24 12:28:07,177] {processor.py:651} INFO - DAG(s) dict_keys(['latest_only_with_trigger']) retrieved from /home/airflow/.local/lib/python3.7/site-packages/airflow/example_dags/example_latest_only_with_trigger.py
[2022-05-24 12:28:07,230] {logging_mixin.py:115} INFO - [2022-05-24 12:28:07,230] {dag.py:2371} INFO - Sync 1 DAGs
[2022-05-24 12:28:07,300] {logging_mixin.py:115} INFO - [2022-05-24 12:28:07,300] {dag.py:2919} INFO - Setting next_dagrun for latest_only_with_trigger to 2022-05-24T08:28:07.299492+00:00, run_after=2022-05-24T12:28:07.299492+00:00
[2022-05-24 12:28:07,342] {processor.py:161} INFO - Processing /home/airflow/.local/lib/python3.7/site-packages/airflow/example_dags/example_latest_only_with_trigger.py took 0.201 seconds
[2022-05-24 12:28:38,286] {processor.py:153} INFO - Started process (PID=6758) to work on /home/airflow/.local/lib/python3.7/site-packages/airflow/example_dags/example_latest_only_with_trigger.py
[2022-05-24 12:28:38,289] {processor.py:641} INFO - Processing file /home/airflow/.local/lib/python3.7/site-packages/airflow/example_dags/example_latest_only_with_trigger.py for tasks to queue
[2022-05-24 12:28:38,291] {logging_mixin.py:115} INFO - [2022-05-24 12:28:38,291] {dagbag.py:507} INFO - Filling up the DagBag from /home/airflow/.local/lib/python3.7/site-packages/airflow/example_dags/example_latest_only_with_trigger.py
[2022-05-24 12:28:38,308] {processor.py:651} INFO - DAG(s) dict_keys(['latest_only_with_trigger']) retrieved from /home/airflow/.local/lib/python3.7/site-packages/airflow/example_dags/example_latest_only_with_trigger.py
[2022-05-24 12:28:38,346] {logging_mixin.py:115} INFO - [2022-05-24 12:28:38,346] {dag.py:2371} INFO - Sync 1 DAGs
[2022-05-24 12:28:38,387] {logging_mixin.py:115} INFO - [2022-05-24 12:28:38,387] {dag.py:2919} INFO - Setting next_dagrun for latest_only_with_trigger to 2022-05-24T08:28:38.387279+00:00, run_after=2022-05-24T12:28:38.387279+00:00
[2022-05-24 12:28:38,406] {processor.py:161} INFO - Processing /home/airflow/.local/lib/python3.7/site-packages/airflow/example_dags/example_latest_only_with_trigger.py took 0.128 seconds
[2022-05-24 12:29:08,829] {processor.py:153} INFO - Started process (PID=6954) to work on /home/airflow/.local/lib/python3.7/site-packages/airflow/example_dags/example_latest_only_with_trigger.py
[2022-05-24 12:29:08,832] {processor.py:641} INFO - Processing file /home/airflow/.local/lib/python3.7/site-packages/airflow/example_dags/example_latest_only_with_trigger.py for tasks to queue
[2022-05-24 12:29:08,835] {logging_mixin.py:115} INFO - [2022-05-24 12:29:08,835] {dagbag.py:507} INFO - Filling up the DagBag from /home/airflow/.local/lib/python3.7/site-packages/airflow/example_dags/example_latest_only_with_trigger.py
[2022-05-24 12:29:08,848] {processor.py:651} INFO - DAG(s) dict_keys(['latest_only_with_trigger']) retrieved from /home/airflow/.local/lib/python3.7/site-packages/airflow/example_dags/example_latest_only_with_trigger.py
[2022-05-24 12:29:08,901] {logging_mixin.py:115} INFO - [2022-05-24 12:29:08,901] {dag.py:2371} INFO - Sync 1 DAGs
[2022-05-24 12:29:08,942] {logging_mixin.py:115} INFO - [2022-05-24 12:29:08,942] {dag.py:2919} INFO - Setting next_dagrun for latest_only_with_trigger to 2022-05-24T08:29:08.942043+00:00, run_after=2022-05-24T12:29:08.942043+00:00
[2022-05-24 12:29:08,969] {processor.py:161} INFO - Processing /home/airflow/.local/lib/python3.7/site-packages/airflow/example_dags/example_latest_only_with_trigger.py took 0.148 seconds
[2022-05-24 12:29:39,542] {processor.py:153} INFO - Started process (PID=7159) to work on /home/airflow/.local/lib/python3.7/site-packages/airflow/example_dags/example_latest_only_with_trigger.py
[2022-05-24 12:29:39,548] {processor.py:641} INFO - Processing file /home/airflow/.local/lib/python3.7/site-packages/airflow/example_dags/example_latest_only_with_trigger.py for tasks to queue
[2022-05-24 12:29:39,551] {logging_mixin.py:115} INFO - [2022-05-24 12:29:39,551] {dagbag.py:507} INFO - Filling up the DagBag from /home/airflow/.local/lib/python3.7/site-packages/airflow/example_dags/example_latest_only_with_trigger.py
[2022-05-24 12:29:39,566] {processor.py:651} INFO - DAG(s) dict_keys(['latest_only_with_trigger']) retrieved from /home/airflow/.local/lib/python3.7/site-packages/airflow/example_dags/example_latest_only_with_trigger.py
[2022-05-24 12:29:39,677] {logging_mixin.py:115} INFO - [2022-05-24 12:29:39,677] {dag.py:2371} INFO - Sync 1 DAGs
[2022-05-24 12:29:39,724] {logging_mixin.py:115} INFO - [2022-05-24 12:29:39,724] {dag.py:2919} INFO - Setting next_dagrun for latest_only_with_trigger to 2022-05-24T08:29:39.724386+00:00, run_after=2022-05-24T12:29:39.724386+00:00
[2022-05-24 12:29:39,753] {processor.py:161} INFO - Processing /home/airflow/.local/lib/python3.7/site-packages/airflow/example_dags/example_latest_only_with_trigger.py took 0.219 seconds
