[2022-05-24 12:11:40,836] {processor.py:153} INFO - Started process (PID=183) to work on /home/airflow/.local/lib/python3.7/site-packages/airflow/example_dags/example_trigger_controller_dag.py
[2022-05-24 12:11:40,847] {processor.py:641} INFO - Processing file /home/airflow/.local/lib/python3.7/site-packages/airflow/example_dags/example_trigger_controller_dag.py for tasks to queue
[2022-05-24 12:11:40,851] {logging_mixin.py:115} INFO - [2022-05-24 12:11:40,851] {dagbag.py:507} INFO - Filling up the DagBag from /home/airflow/.local/lib/python3.7/site-packages/airflow/example_dags/example_trigger_controller_dag.py
[2022-05-24 12:11:40,920] {processor.py:651} INFO - DAG(s) dict_keys(['example_trigger_controller_dag']) retrieved from /home/airflow/.local/lib/python3.7/site-packages/airflow/example_dags/example_trigger_controller_dag.py
[2022-05-24 12:11:41,792] {logging_mixin.py:115} INFO - [2022-05-24 12:11:41,792] {manager.py:508} INFO - Created Permission View: can delete on DAG:example_trigger_controller_dag
[2022-05-24 12:11:41,968] {logging_mixin.py:115} INFO - [2022-05-24 12:11:41,968] {manager.py:508} INFO - Created Permission View: can edit on DAG:example_trigger_controller_dag
[2022-05-24 12:11:42,150] {logging_mixin.py:115} INFO - [2022-05-24 12:11:42,150] {manager.py:508} INFO - Created Permission View: can read on DAG:example_trigger_controller_dag
[2022-05-24 12:11:42,153] {logging_mixin.py:115} INFO - [2022-05-24 12:11:42,152] {dag.py:2371} INFO - Sync 1 DAGs
[2022-05-24 12:11:42,292] {logging_mixin.py:115} INFO - [2022-05-24 12:11:42,277] {dag.py:2390} INFO - Creating ORM DAG for example_trigger_controller_dag
[2022-05-24 12:11:42,421] {logging_mixin.py:115} INFO - [2022-05-24 12:11:42,420] {dag.py:2919} INFO - Setting next_dagrun for example_trigger_controller_dag to 2021-01-01T00:00:00+00:00, run_after=2021-01-01T00:00:00+00:00
[2022-05-24 12:11:42,575] {processor.py:161} INFO - Processing /home/airflow/.local/lib/python3.7/site-packages/airflow/example_dags/example_trigger_controller_dag.py took 1.789 seconds
[2022-05-24 12:12:12,729] {processor.py:153} INFO - Started process (PID=367) to work on /home/airflow/.local/lib/python3.7/site-packages/airflow/example_dags/example_trigger_controller_dag.py
[2022-05-24 12:12:12,731] {processor.py:641} INFO - Processing file /home/airflow/.local/lib/python3.7/site-packages/airflow/example_dags/example_trigger_controller_dag.py for tasks to queue
[2022-05-24 12:12:12,733] {logging_mixin.py:115} INFO - [2022-05-24 12:12:12,733] {dagbag.py:507} INFO - Filling up the DagBag from /home/airflow/.local/lib/python3.7/site-packages/airflow/example_dags/example_trigger_controller_dag.py
[2022-05-24 12:12:12,739] {processor.py:651} INFO - DAG(s) dict_keys(['example_trigger_controller_dag']) retrieved from /home/airflow/.local/lib/python3.7/site-packages/airflow/example_dags/example_trigger_controller_dag.py
[2022-05-24 12:12:12,776] {logging_mixin.py:115} INFO - [2022-05-24 12:12:12,776] {dag.py:2371} INFO - Sync 1 DAGs
[2022-05-24 12:12:12,808] {logging_mixin.py:115} INFO - [2022-05-24 12:12:12,808] {dag.py:2919} INFO - Setting next_dagrun for example_trigger_controller_dag to 2021-01-01T00:00:00+00:00, run_after=2021-01-01T00:00:00+00:00
[2022-05-24 12:12:12,844] {processor.py:161} INFO - Processing /home/airflow/.local/lib/python3.7/site-packages/airflow/example_dags/example_trigger_controller_dag.py took 0.119 seconds
[2022-05-24 12:12:43,611] {processor.py:153} INFO - Started process (PID=571) to work on /home/airflow/.local/lib/python3.7/site-packages/airflow/example_dags/example_trigger_controller_dag.py
[2022-05-24 12:12:43,615] {processor.py:641} INFO - Processing file /home/airflow/.local/lib/python3.7/site-packages/airflow/example_dags/example_trigger_controller_dag.py for tasks to queue
[2022-05-24 12:12:43,617] {logging_mixin.py:115} INFO - [2022-05-24 12:12:43,617] {dagbag.py:507} INFO - Filling up the DagBag from /home/airflow/.local/lib/python3.7/site-packages/airflow/example_dags/example_trigger_controller_dag.py
[2022-05-24 12:12:43,628] {processor.py:651} INFO - DAG(s) dict_keys(['example_trigger_controller_dag']) retrieved from /home/airflow/.local/lib/python3.7/site-packages/airflow/example_dags/example_trigger_controller_dag.py
[2022-05-24 12:12:43,678] {logging_mixin.py:115} INFO - [2022-05-24 12:12:43,678] {dag.py:2371} INFO - Sync 1 DAGs
[2022-05-24 12:12:43,719] {logging_mixin.py:115} INFO - [2022-05-24 12:12:43,718] {dag.py:2919} INFO - Setting next_dagrun for example_trigger_controller_dag to 2021-01-01T00:00:00+00:00, run_after=2021-01-01T00:00:00+00:00
[2022-05-24 12:12:43,740] {processor.py:161} INFO - Processing /home/airflow/.local/lib/python3.7/site-packages/airflow/example_dags/example_trigger_controller_dag.py took 0.139 seconds
[2022-05-24 12:13:14,022] {processor.py:153} INFO - Started process (PID=776) to work on /home/airflow/.local/lib/python3.7/site-packages/airflow/example_dags/example_trigger_controller_dag.py
[2022-05-24 12:13:14,025] {processor.py:641} INFO - Processing file /home/airflow/.local/lib/python3.7/site-packages/airflow/example_dags/example_trigger_controller_dag.py for tasks to queue
[2022-05-24 12:13:14,028] {logging_mixin.py:115} INFO - [2022-05-24 12:13:14,028] {dagbag.py:507} INFO - Filling up the DagBag from /home/airflow/.local/lib/python3.7/site-packages/airflow/example_dags/example_trigger_controller_dag.py
[2022-05-24 12:13:14,036] {processor.py:651} INFO - DAG(s) dict_keys(['example_trigger_controller_dag']) retrieved from /home/airflow/.local/lib/python3.7/site-packages/airflow/example_dags/example_trigger_controller_dag.py
[2022-05-24 12:13:14,077] {logging_mixin.py:115} INFO - [2022-05-24 12:13:14,077] {dag.py:2371} INFO - Sync 1 DAGs
[2022-05-24 12:13:14,109] {logging_mixin.py:115} INFO - [2022-05-24 12:13:14,109] {dag.py:2919} INFO - Setting next_dagrun for example_trigger_controller_dag to 2021-01-01T00:00:00+00:00, run_after=2021-01-01T00:00:00+00:00
[2022-05-24 12:13:14,132] {processor.py:161} INFO - Processing /home/airflow/.local/lib/python3.7/site-packages/airflow/example_dags/example_trigger_controller_dag.py took 0.118 seconds
[2022-05-24 12:13:44,606] {processor.py:153} INFO - Started process (PID=982) to work on /home/airflow/.local/lib/python3.7/site-packages/airflow/example_dags/example_trigger_controller_dag.py
[2022-05-24 12:13:44,608] {processor.py:641} INFO - Processing file /home/airflow/.local/lib/python3.7/site-packages/airflow/example_dags/example_trigger_controller_dag.py for tasks to queue
[2022-05-24 12:13:44,610] {logging_mixin.py:115} INFO - [2022-05-24 12:13:44,610] {dagbag.py:507} INFO - Filling up the DagBag from /home/airflow/.local/lib/python3.7/site-packages/airflow/example_dags/example_trigger_controller_dag.py
[2022-05-24 12:13:44,618] {processor.py:651} INFO - DAG(s) dict_keys(['example_trigger_controller_dag']) retrieved from /home/airflow/.local/lib/python3.7/site-packages/airflow/example_dags/example_trigger_controller_dag.py
[2022-05-24 12:13:44,676] {logging_mixin.py:115} INFO - [2022-05-24 12:13:44,676] {dag.py:2371} INFO - Sync 1 DAGs
[2022-05-24 12:13:44,713] {logging_mixin.py:115} INFO - [2022-05-24 12:13:44,713] {dag.py:2919} INFO - Setting next_dagrun for example_trigger_controller_dag to 2021-01-01T00:00:00+00:00, run_after=2021-01-01T00:00:00+00:00
[2022-05-24 12:13:44,733] {processor.py:161} INFO - Processing /home/airflow/.local/lib/python3.7/site-packages/airflow/example_dags/example_trigger_controller_dag.py took 0.135 seconds
[2022-05-24 12:14:15,341] {processor.py:153} INFO - Started process (PID=1178) to work on /home/airflow/.local/lib/python3.7/site-packages/airflow/example_dags/example_trigger_controller_dag.py
[2022-05-24 12:14:15,343] {processor.py:641} INFO - Processing file /home/airflow/.local/lib/python3.7/site-packages/airflow/example_dags/example_trigger_controller_dag.py for tasks to queue
[2022-05-24 12:14:15,345] {logging_mixin.py:115} INFO - [2022-05-24 12:14:15,345] {dagbag.py:507} INFO - Filling up the DagBag from /home/airflow/.local/lib/python3.7/site-packages/airflow/example_dags/example_trigger_controller_dag.py
[2022-05-24 12:14:15,350] {processor.py:651} INFO - DAG(s) dict_keys(['example_trigger_controller_dag']) retrieved from /home/airflow/.local/lib/python3.7/site-packages/airflow/example_dags/example_trigger_controller_dag.py
[2022-05-24 12:14:15,387] {logging_mixin.py:115} INFO - [2022-05-24 12:14:15,387] {dag.py:2371} INFO - Sync 1 DAGs
[2022-05-24 12:14:15,433] {logging_mixin.py:115} INFO - [2022-05-24 12:14:15,433] {dag.py:2919} INFO - Setting next_dagrun for example_trigger_controller_dag to 2021-01-01T00:00:00+00:00, run_after=2021-01-01T00:00:00+00:00
[2022-05-24 12:14:15,452] {processor.py:161} INFO - Processing /home/airflow/.local/lib/python3.7/site-packages/airflow/example_dags/example_trigger_controller_dag.py took 0.115 seconds
[2022-05-24 12:14:46,198] {processor.py:153} INFO - Started process (PID=1383) to work on /home/airflow/.local/lib/python3.7/site-packages/airflow/example_dags/example_trigger_controller_dag.py
[2022-05-24 12:14:46,201] {processor.py:641} INFO - Processing file /home/airflow/.local/lib/python3.7/site-packages/airflow/example_dags/example_trigger_controller_dag.py for tasks to queue
[2022-05-24 12:14:46,204] {logging_mixin.py:115} INFO - [2022-05-24 12:14:46,203] {dagbag.py:507} INFO - Filling up the DagBag from /home/airflow/.local/lib/python3.7/site-packages/airflow/example_dags/example_trigger_controller_dag.py
[2022-05-24 12:14:46,212] {processor.py:651} INFO - DAG(s) dict_keys(['example_trigger_controller_dag']) retrieved from /home/airflow/.local/lib/python3.7/site-packages/airflow/example_dags/example_trigger_controller_dag.py
[2022-05-24 12:14:46,253] {logging_mixin.py:115} INFO - [2022-05-24 12:14:46,253] {dag.py:2371} INFO - Sync 1 DAGs
[2022-05-24 12:14:46,285] {logging_mixin.py:115} INFO - [2022-05-24 12:14:46,284] {dag.py:2919} INFO - Setting next_dagrun for example_trigger_controller_dag to 2021-01-01T00:00:00+00:00, run_after=2021-01-01T00:00:00+00:00
[2022-05-24 12:14:46,306] {processor.py:161} INFO - Processing /home/airflow/.local/lib/python3.7/site-packages/airflow/example_dags/example_trigger_controller_dag.py took 0.112 seconds
[2022-05-24 12:15:17,100] {processor.py:153} INFO - Started process (PID=1577) to work on /home/airflow/.local/lib/python3.7/site-packages/airflow/example_dags/example_trigger_controller_dag.py
[2022-05-24 12:15:17,103] {processor.py:641} INFO - Processing file /home/airflow/.local/lib/python3.7/site-packages/airflow/example_dags/example_trigger_controller_dag.py for tasks to queue
[2022-05-24 12:15:17,104] {logging_mixin.py:115} INFO - [2022-05-24 12:15:17,104] {dagbag.py:507} INFO - Filling up the DagBag from /home/airflow/.local/lib/python3.7/site-packages/airflow/example_dags/example_trigger_controller_dag.py
[2022-05-24 12:15:17,110] {processor.py:651} INFO - DAG(s) dict_keys(['example_trigger_controller_dag']) retrieved from /home/airflow/.local/lib/python3.7/site-packages/airflow/example_dags/example_trigger_controller_dag.py
[2022-05-24 12:15:17,150] {logging_mixin.py:115} INFO - [2022-05-24 12:15:17,150] {dag.py:2371} INFO - Sync 1 DAGs
[2022-05-24 12:15:17,182] {logging_mixin.py:115} INFO - [2022-05-24 12:15:17,182] {dag.py:2919} INFO - Setting next_dagrun for example_trigger_controller_dag to 2021-01-01T00:00:00+00:00, run_after=2021-01-01T00:00:00+00:00
[2022-05-24 12:15:17,204] {processor.py:161} INFO - Processing /home/airflow/.local/lib/python3.7/site-packages/airflow/example_dags/example_trigger_controller_dag.py took 0.108 seconds
[2022-05-24 12:15:47,531] {processor.py:153} INFO - Started process (PID=1783) to work on /home/airflow/.local/lib/python3.7/site-packages/airflow/example_dags/example_trigger_controller_dag.py
[2022-05-24 12:15:47,534] {processor.py:641} INFO - Processing file /home/airflow/.local/lib/python3.7/site-packages/airflow/example_dags/example_trigger_controller_dag.py for tasks to queue
[2022-05-24 12:15:47,537] {logging_mixin.py:115} INFO - [2022-05-24 12:15:47,537] {dagbag.py:507} INFO - Filling up the DagBag from /home/airflow/.local/lib/python3.7/site-packages/airflow/example_dags/example_trigger_controller_dag.py
[2022-05-24 12:15:47,545] {processor.py:651} INFO - DAG(s) dict_keys(['example_trigger_controller_dag']) retrieved from /home/airflow/.local/lib/python3.7/site-packages/airflow/example_dags/example_trigger_controller_dag.py
[2022-05-24 12:15:47,588] {logging_mixin.py:115} INFO - [2022-05-24 12:15:47,588] {dag.py:2371} INFO - Sync 1 DAGs
[2022-05-24 12:15:47,628] {logging_mixin.py:115} INFO - [2022-05-24 12:15:47,628] {dag.py:2919} INFO - Setting next_dagrun for example_trigger_controller_dag to 2021-01-01T00:00:00+00:00, run_after=2021-01-01T00:00:00+00:00
[2022-05-24 12:15:47,649] {processor.py:161} INFO - Processing /home/airflow/.local/lib/python3.7/site-packages/airflow/example_dags/example_trigger_controller_dag.py took 0.126 seconds
[2022-05-24 12:16:17,927] {processor.py:153} INFO - Started process (PID=1978) to work on /home/airflow/.local/lib/python3.7/site-packages/airflow/example_dags/example_trigger_controller_dag.py
[2022-05-24 12:16:17,930] {processor.py:641} INFO - Processing file /home/airflow/.local/lib/python3.7/site-packages/airflow/example_dags/example_trigger_controller_dag.py for tasks to queue
[2022-05-24 12:16:17,932] {logging_mixin.py:115} INFO - [2022-05-24 12:16:17,932] {dagbag.py:507} INFO - Filling up the DagBag from /home/airflow/.local/lib/python3.7/site-packages/airflow/example_dags/example_trigger_controller_dag.py
[2022-05-24 12:16:17,940] {processor.py:651} INFO - DAG(s) dict_keys(['example_trigger_controller_dag']) retrieved from /home/airflow/.local/lib/python3.7/site-packages/airflow/example_dags/example_trigger_controller_dag.py
[2022-05-24 12:16:17,990] {logging_mixin.py:115} INFO - [2022-05-24 12:16:17,989] {dag.py:2371} INFO - Sync 1 DAGs
[2022-05-24 12:16:18,022] {logging_mixin.py:115} INFO - [2022-05-24 12:16:18,022] {dag.py:2919} INFO - Setting next_dagrun for example_trigger_controller_dag to 2021-01-01T00:00:00+00:00, run_after=2021-01-01T00:00:00+00:00
[2022-05-24 12:16:18,049] {processor.py:161} INFO - Processing /home/airflow/.local/lib/python3.7/site-packages/airflow/example_dags/example_trigger_controller_dag.py took 0.128 seconds
[2022-05-24 12:16:48,799] {processor.py:153} INFO - Started process (PID=2180) to work on /home/airflow/.local/lib/python3.7/site-packages/airflow/example_dags/example_trigger_controller_dag.py
[2022-05-24 12:16:48,802] {processor.py:641} INFO - Processing file /home/airflow/.local/lib/python3.7/site-packages/airflow/example_dags/example_trigger_controller_dag.py for tasks to queue
[2022-05-24 12:16:48,804] {logging_mixin.py:115} INFO - [2022-05-24 12:16:48,804] {dagbag.py:507} INFO - Filling up the DagBag from /home/airflow/.local/lib/python3.7/site-packages/airflow/example_dags/example_trigger_controller_dag.py
[2022-05-24 12:16:48,809] {processor.py:651} INFO - DAG(s) dict_keys(['example_trigger_controller_dag']) retrieved from /home/airflow/.local/lib/python3.7/site-packages/airflow/example_dags/example_trigger_controller_dag.py
[2022-05-24 12:16:48,845] {logging_mixin.py:115} INFO - [2022-05-24 12:16:48,845] {dag.py:2371} INFO - Sync 1 DAGs
[2022-05-24 12:16:48,880] {logging_mixin.py:115} INFO - [2022-05-24 12:16:48,879] {dag.py:2919} INFO - Setting next_dagrun for example_trigger_controller_dag to 2021-01-01T00:00:00+00:00, run_after=2021-01-01T00:00:00+00:00
[2022-05-24 12:16:48,902] {processor.py:161} INFO - Processing /home/airflow/.local/lib/python3.7/site-packages/airflow/example_dags/example_trigger_controller_dag.py took 0.107 seconds
[2022-05-24 12:17:19,612] {processor.py:153} INFO - Started process (PID=2383) to work on /home/airflow/.local/lib/python3.7/site-packages/airflow/example_dags/example_trigger_controller_dag.py
[2022-05-24 12:17:19,614] {processor.py:641} INFO - Processing file /home/airflow/.local/lib/python3.7/site-packages/airflow/example_dags/example_trigger_controller_dag.py for tasks to queue
[2022-05-24 12:17:19,616] {logging_mixin.py:115} INFO - [2022-05-24 12:17:19,616] {dagbag.py:507} INFO - Filling up the DagBag from /home/airflow/.local/lib/python3.7/site-packages/airflow/example_dags/example_trigger_controller_dag.py
[2022-05-24 12:17:19,624] {processor.py:651} INFO - DAG(s) dict_keys(['example_trigger_controller_dag']) retrieved from /home/airflow/.local/lib/python3.7/site-packages/airflow/example_dags/example_trigger_controller_dag.py
[2022-05-24 12:17:19,664] {logging_mixin.py:115} INFO - [2022-05-24 12:17:19,664] {dag.py:2371} INFO - Sync 1 DAGs
[2022-05-24 12:17:19,700] {logging_mixin.py:115} INFO - [2022-05-24 12:17:19,699] {dag.py:2919} INFO - Setting next_dagrun for example_trigger_controller_dag to 2021-01-01T00:00:00+00:00, run_after=2021-01-01T00:00:00+00:00
[2022-05-24 12:17:19,719] {processor.py:161} INFO - Processing /home/airflow/.local/lib/python3.7/site-packages/airflow/example_dags/example_trigger_controller_dag.py took 0.114 seconds
[2022-05-24 12:17:50,115] {processor.py:153} INFO - Started process (PID=2580) to work on /home/airflow/.local/lib/python3.7/site-packages/airflow/example_dags/example_trigger_controller_dag.py
[2022-05-24 12:17:50,118] {processor.py:641} INFO - Processing file /home/airflow/.local/lib/python3.7/site-packages/airflow/example_dags/example_trigger_controller_dag.py for tasks to queue
[2022-05-24 12:17:50,119] {logging_mixin.py:115} INFO - [2022-05-24 12:17:50,119] {dagbag.py:507} INFO - Filling up the DagBag from /home/airflow/.local/lib/python3.7/site-packages/airflow/example_dags/example_trigger_controller_dag.py
[2022-05-24 12:17:50,124] {processor.py:651} INFO - DAG(s) dict_keys(['example_trigger_controller_dag']) retrieved from /home/airflow/.local/lib/python3.7/site-packages/airflow/example_dags/example_trigger_controller_dag.py
[2022-05-24 12:17:50,161] {logging_mixin.py:115} INFO - [2022-05-24 12:17:50,161] {dag.py:2371} INFO - Sync 1 DAGs
[2022-05-24 12:17:50,194] {logging_mixin.py:115} INFO - [2022-05-24 12:17:50,194] {dag.py:2919} INFO - Setting next_dagrun for example_trigger_controller_dag to 2021-01-01T00:00:00+00:00, run_after=2021-01-01T00:00:00+00:00
[2022-05-24 12:17:50,216] {processor.py:161} INFO - Processing /home/airflow/.local/lib/python3.7/site-packages/airflow/example_dags/example_trigger_controller_dag.py took 0.105 seconds
[2022-05-24 12:18:20,531] {processor.py:153} INFO - Started process (PID=2788) to work on /home/airflow/.local/lib/python3.7/site-packages/airflow/example_dags/example_trigger_controller_dag.py
[2022-05-24 12:18:20,537] {processor.py:641} INFO - Processing file /home/airflow/.local/lib/python3.7/site-packages/airflow/example_dags/example_trigger_controller_dag.py for tasks to queue
[2022-05-24 12:18:20,540] {logging_mixin.py:115} INFO - [2022-05-24 12:18:20,540] {dagbag.py:507} INFO - Filling up the DagBag from /home/airflow/.local/lib/python3.7/site-packages/airflow/example_dags/example_trigger_controller_dag.py
[2022-05-24 12:18:20,551] {processor.py:651} INFO - DAG(s) dict_keys(['example_trigger_controller_dag']) retrieved from /home/airflow/.local/lib/python3.7/site-packages/airflow/example_dags/example_trigger_controller_dag.py
[2022-05-24 12:18:20,668] {logging_mixin.py:115} INFO - [2022-05-24 12:18:20,668] {dag.py:2371} INFO - Sync 1 DAGs
[2022-05-24 12:18:20,728] {logging_mixin.py:115} INFO - [2022-05-24 12:18:20,728] {dag.py:2919} INFO - Setting next_dagrun for example_trigger_controller_dag to 2021-01-01T00:00:00+00:00, run_after=2021-01-01T00:00:00+00:00
[2022-05-24 12:18:20,770] {processor.py:161} INFO - Processing /home/airflow/.local/lib/python3.7/site-packages/airflow/example_dags/example_trigger_controller_dag.py took 0.253 seconds
[2022-05-24 12:18:50,897] {processor.py:153} INFO - Started process (PID=2986) to work on /home/airflow/.local/lib/python3.7/site-packages/airflow/example_dags/example_trigger_controller_dag.py
[2022-05-24 12:18:50,899] {processor.py:641} INFO - Processing file /home/airflow/.local/lib/python3.7/site-packages/airflow/example_dags/example_trigger_controller_dag.py for tasks to queue
[2022-05-24 12:18:50,902] {logging_mixin.py:115} INFO - [2022-05-24 12:18:50,901] {dagbag.py:507} INFO - Filling up the DagBag from /home/airflow/.local/lib/python3.7/site-packages/airflow/example_dags/example_trigger_controller_dag.py
[2022-05-24 12:18:50,916] {processor.py:651} INFO - DAG(s) dict_keys(['example_trigger_controller_dag']) retrieved from /home/airflow/.local/lib/python3.7/site-packages/airflow/example_dags/example_trigger_controller_dag.py
[2022-05-24 12:18:50,961] {logging_mixin.py:115} INFO - [2022-05-24 12:18:50,961] {dag.py:2371} INFO - Sync 1 DAGs
[2022-05-24 12:18:50,999] {logging_mixin.py:115} INFO - [2022-05-24 12:18:50,999] {dag.py:2919} INFO - Setting next_dagrun for example_trigger_controller_dag to 2021-01-01T00:00:00+00:00, run_after=2021-01-01T00:00:00+00:00
[2022-05-24 12:18:51,022] {processor.py:161} INFO - Processing /home/airflow/.local/lib/python3.7/site-packages/airflow/example_dags/example_trigger_controller_dag.py took 0.133 seconds
[2022-05-24 12:19:21,360] {processor.py:153} INFO - Started process (PID=3180) to work on /home/airflow/.local/lib/python3.7/site-packages/airflow/example_dags/example_trigger_controller_dag.py
[2022-05-24 12:19:21,363] {processor.py:641} INFO - Processing file /home/airflow/.local/lib/python3.7/site-packages/airflow/example_dags/example_trigger_controller_dag.py for tasks to queue
[2022-05-24 12:19:21,365] {logging_mixin.py:115} INFO - [2022-05-24 12:19:21,365] {dagbag.py:507} INFO - Filling up the DagBag from /home/airflow/.local/lib/python3.7/site-packages/airflow/example_dags/example_trigger_controller_dag.py
[2022-05-24 12:19:21,371] {processor.py:651} INFO - DAG(s) dict_keys(['example_trigger_controller_dag']) retrieved from /home/airflow/.local/lib/python3.7/site-packages/airflow/example_dags/example_trigger_controller_dag.py
[2022-05-24 12:19:21,408] {logging_mixin.py:115} INFO - [2022-05-24 12:19:21,408] {dag.py:2371} INFO - Sync 1 DAGs
[2022-05-24 12:19:21,443] {logging_mixin.py:115} INFO - [2022-05-24 12:19:21,442] {dag.py:2919} INFO - Setting next_dagrun for example_trigger_controller_dag to 2021-01-01T00:00:00+00:00, run_after=2021-01-01T00:00:00+00:00
[2022-05-24 12:19:21,463] {processor.py:161} INFO - Processing /home/airflow/.local/lib/python3.7/site-packages/airflow/example_dags/example_trigger_controller_dag.py took 0.109 seconds
[2022-05-24 12:19:51,847] {processor.py:153} INFO - Started process (PID=3375) to work on /home/airflow/.local/lib/python3.7/site-packages/airflow/example_dags/example_trigger_controller_dag.py
[2022-05-24 12:19:51,849] {processor.py:641} INFO - Processing file /home/airflow/.local/lib/python3.7/site-packages/airflow/example_dags/example_trigger_controller_dag.py for tasks to queue
[2022-05-24 12:19:51,850] {logging_mixin.py:115} INFO - [2022-05-24 12:19:51,850] {dagbag.py:507} INFO - Filling up the DagBag from /home/airflow/.local/lib/python3.7/site-packages/airflow/example_dags/example_trigger_controller_dag.py
[2022-05-24 12:19:51,855] {processor.py:651} INFO - DAG(s) dict_keys(['example_trigger_controller_dag']) retrieved from /home/airflow/.local/lib/python3.7/site-packages/airflow/example_dags/example_trigger_controller_dag.py
[2022-05-24 12:19:51,892] {logging_mixin.py:115} INFO - [2022-05-24 12:19:51,892] {dag.py:2371} INFO - Sync 1 DAGs
[2022-05-24 12:19:51,922] {logging_mixin.py:115} INFO - [2022-05-24 12:19:51,922] {dag.py:2919} INFO - Setting next_dagrun for example_trigger_controller_dag to 2021-01-01T00:00:00+00:00, run_after=2021-01-01T00:00:00+00:00
[2022-05-24 12:19:51,941] {processor.py:161} INFO - Processing /home/airflow/.local/lib/python3.7/site-packages/airflow/example_dags/example_trigger_controller_dag.py took 0.099 seconds
[2022-05-24 12:20:21,997] {processor.py:153} INFO - Started process (PID=3579) to work on /home/airflow/.local/lib/python3.7/site-packages/airflow/example_dags/example_trigger_controller_dag.py
[2022-05-24 12:20:21,998] {processor.py:641} INFO - Processing file /home/airflow/.local/lib/python3.7/site-packages/airflow/example_dags/example_trigger_controller_dag.py for tasks to queue
[2022-05-24 12:20:22,000] {logging_mixin.py:115} INFO - [2022-05-24 12:20:22,000] {dagbag.py:507} INFO - Filling up the DagBag from /home/airflow/.local/lib/python3.7/site-packages/airflow/example_dags/example_trigger_controller_dag.py
[2022-05-24 12:20:22,009] {processor.py:651} INFO - DAG(s) dict_keys(['example_trigger_controller_dag']) retrieved from /home/airflow/.local/lib/python3.7/site-packages/airflow/example_dags/example_trigger_controller_dag.py
[2022-05-24 12:20:22,047] {logging_mixin.py:115} INFO - [2022-05-24 12:20:22,047] {dag.py:2371} INFO - Sync 1 DAGs
[2022-05-24 12:20:22,078] {logging_mixin.py:115} INFO - [2022-05-24 12:20:22,077] {dag.py:2919} INFO - Setting next_dagrun for example_trigger_controller_dag to 2021-01-01T00:00:00+00:00, run_after=2021-01-01T00:00:00+00:00
[2022-05-24 12:20:22,099] {processor.py:161} INFO - Processing /home/airflow/.local/lib/python3.7/site-packages/airflow/example_dags/example_trigger_controller_dag.py took 0.109 seconds
[2022-05-24 12:20:52,491] {processor.py:153} INFO - Started process (PID=3772) to work on /home/airflow/.local/lib/python3.7/site-packages/airflow/example_dags/example_trigger_controller_dag.py
[2022-05-24 12:20:52,493] {processor.py:641} INFO - Processing file /home/airflow/.local/lib/python3.7/site-packages/airflow/example_dags/example_trigger_controller_dag.py for tasks to queue
[2022-05-24 12:20:52,495] {logging_mixin.py:115} INFO - [2022-05-24 12:20:52,495] {dagbag.py:507} INFO - Filling up the DagBag from /home/airflow/.local/lib/python3.7/site-packages/airflow/example_dags/example_trigger_controller_dag.py
[2022-05-24 12:20:52,504] {processor.py:651} INFO - DAG(s) dict_keys(['example_trigger_controller_dag']) retrieved from /home/airflow/.local/lib/python3.7/site-packages/airflow/example_dags/example_trigger_controller_dag.py
[2022-05-24 12:20:52,524] {logging_mixin.py:115} INFO - [2022-05-24 12:20:52,524] {dag.py:2371} INFO - Sync 1 DAGs
[2022-05-24 12:20:52,558] {logging_mixin.py:115} INFO - [2022-05-24 12:20:52,558] {dag.py:2919} INFO - Setting next_dagrun for example_trigger_controller_dag to 2021-01-01T00:00:00+00:00, run_after=2021-01-01T00:00:00+00:00
[2022-05-24 12:20:52,576] {processor.py:161} INFO - Processing /home/airflow/.local/lib/python3.7/site-packages/airflow/example_dags/example_trigger_controller_dag.py took 0.113 seconds
[2022-05-24 12:21:22,882] {processor.py:153} INFO - Started process (PID=3978) to work on /home/airflow/.local/lib/python3.7/site-packages/airflow/example_dags/example_trigger_controller_dag.py
[2022-05-24 12:21:22,884] {processor.py:641} INFO - Processing file /home/airflow/.local/lib/python3.7/site-packages/airflow/example_dags/example_trigger_controller_dag.py for tasks to queue
[2022-05-24 12:21:22,886] {logging_mixin.py:115} INFO - [2022-05-24 12:21:22,886] {dagbag.py:507} INFO - Filling up the DagBag from /home/airflow/.local/lib/python3.7/site-packages/airflow/example_dags/example_trigger_controller_dag.py
[2022-05-24 12:21:22,891] {processor.py:651} INFO - DAG(s) dict_keys(['example_trigger_controller_dag']) retrieved from /home/airflow/.local/lib/python3.7/site-packages/airflow/example_dags/example_trigger_controller_dag.py
[2022-05-24 12:21:22,929] {logging_mixin.py:115} INFO - [2022-05-24 12:21:22,929] {dag.py:2371} INFO - Sync 1 DAGs
[2022-05-24 12:21:22,963] {logging_mixin.py:115} INFO - [2022-05-24 12:21:22,963] {dag.py:2919} INFO - Setting next_dagrun for example_trigger_controller_dag to 2021-01-01T00:00:00+00:00, run_after=2021-01-01T00:00:00+00:00
[2022-05-24 12:21:22,984] {processor.py:161} INFO - Processing /home/airflow/.local/lib/python3.7/site-packages/airflow/example_dags/example_trigger_controller_dag.py took 0.109 seconds
[2022-05-24 12:21:53,072] {processor.py:153} INFO - Started process (PID=4172) to work on /home/airflow/.local/lib/python3.7/site-packages/airflow/example_dags/example_trigger_controller_dag.py
[2022-05-24 12:21:53,074] {processor.py:641} INFO - Processing file /home/airflow/.local/lib/python3.7/site-packages/airflow/example_dags/example_trigger_controller_dag.py for tasks to queue
[2022-05-24 12:21:53,076] {logging_mixin.py:115} INFO - [2022-05-24 12:21:53,075] {dagbag.py:507} INFO - Filling up the DagBag from /home/airflow/.local/lib/python3.7/site-packages/airflow/example_dags/example_trigger_controller_dag.py
[2022-05-24 12:21:53,089] {processor.py:651} INFO - DAG(s) dict_keys(['example_trigger_controller_dag']) retrieved from /home/airflow/.local/lib/python3.7/site-packages/airflow/example_dags/example_trigger_controller_dag.py
[2022-05-24 12:21:53,144] {logging_mixin.py:115} INFO - [2022-05-24 12:21:53,144] {dag.py:2371} INFO - Sync 1 DAGs
[2022-05-24 12:21:53,176] {logging_mixin.py:115} INFO - [2022-05-24 12:21:53,175] {dag.py:2919} INFO - Setting next_dagrun for example_trigger_controller_dag to 2021-01-01T00:00:00+00:00, run_after=2021-01-01T00:00:00+00:00
[2022-05-24 12:21:53,195] {processor.py:161} INFO - Processing /home/airflow/.local/lib/python3.7/site-packages/airflow/example_dags/example_trigger_controller_dag.py took 0.131 seconds
[2022-05-24 12:22:23,368] {processor.py:153} INFO - Started process (PID=4370) to work on /home/airflow/.local/lib/python3.7/site-packages/airflow/example_dags/example_trigger_controller_dag.py
[2022-05-24 12:22:23,373] {processor.py:641} INFO - Processing file /home/airflow/.local/lib/python3.7/site-packages/airflow/example_dags/example_trigger_controller_dag.py for tasks to queue
[2022-05-24 12:22:23,375] {logging_mixin.py:115} INFO - [2022-05-24 12:22:23,375] {dagbag.py:507} INFO - Filling up the DagBag from /home/airflow/.local/lib/python3.7/site-packages/airflow/example_dags/example_trigger_controller_dag.py
[2022-05-24 12:22:23,383] {processor.py:651} INFO - DAG(s) dict_keys(['example_trigger_controller_dag']) retrieved from /home/airflow/.local/lib/python3.7/site-packages/airflow/example_dags/example_trigger_controller_dag.py
[2022-05-24 12:22:23,422] {logging_mixin.py:115} INFO - [2022-05-24 12:22:23,422] {dag.py:2371} INFO - Sync 1 DAGs
[2022-05-24 12:22:23,457] {logging_mixin.py:115} INFO - [2022-05-24 12:22:23,457] {dag.py:2919} INFO - Setting next_dagrun for example_trigger_controller_dag to 2021-01-01T00:00:00+00:00, run_after=2021-01-01T00:00:00+00:00
[2022-05-24 12:22:23,475] {processor.py:161} INFO - Processing /home/airflow/.local/lib/python3.7/site-packages/airflow/example_dags/example_trigger_controller_dag.py took 0.114 seconds
[2022-05-24 12:22:53,689] {processor.py:153} INFO - Started process (PID=4575) to work on /home/airflow/.local/lib/python3.7/site-packages/airflow/example_dags/example_trigger_controller_dag.py
[2022-05-24 12:22:53,696] {processor.py:641} INFO - Processing file /home/airflow/.local/lib/python3.7/site-packages/airflow/example_dags/example_trigger_controller_dag.py for tasks to queue
[2022-05-24 12:22:53,700] {logging_mixin.py:115} INFO - [2022-05-24 12:22:53,699] {dagbag.py:507} INFO - Filling up the DagBag from /home/airflow/.local/lib/python3.7/site-packages/airflow/example_dags/example_trigger_controller_dag.py
[2022-05-24 12:22:53,737] {processor.py:651} INFO - DAG(s) dict_keys(['example_trigger_controller_dag']) retrieved from /home/airflow/.local/lib/python3.7/site-packages/airflow/example_dags/example_trigger_controller_dag.py
[2022-05-24 12:22:53,863] {logging_mixin.py:115} INFO - [2022-05-24 12:22:53,863] {dag.py:2371} INFO - Sync 1 DAGs
[2022-05-24 12:22:53,900] {logging_mixin.py:115} INFO - [2022-05-24 12:22:53,900] {dag.py:2919} INFO - Setting next_dagrun for example_trigger_controller_dag to 2021-01-01T00:00:00+00:00, run_after=2021-01-01T00:00:00+00:00
[2022-05-24 12:22:53,917] {processor.py:161} INFO - Processing /home/airflow/.local/lib/python3.7/site-packages/airflow/example_dags/example_trigger_controller_dag.py took 0.251 seconds
[2022-05-24 12:23:24,809] {processor.py:153} INFO - Started process (PID=4769) to work on /home/airflow/.local/lib/python3.7/site-packages/airflow/example_dags/example_trigger_controller_dag.py
[2022-05-24 12:23:24,812] {processor.py:641} INFO - Processing file /home/airflow/.local/lib/python3.7/site-packages/airflow/example_dags/example_trigger_controller_dag.py for tasks to queue
[2022-05-24 12:23:24,814] {logging_mixin.py:115} INFO - [2022-05-24 12:23:24,814] {dagbag.py:507} INFO - Filling up the DagBag from /home/airflow/.local/lib/python3.7/site-packages/airflow/example_dags/example_trigger_controller_dag.py
[2022-05-24 12:23:24,819] {processor.py:651} INFO - DAG(s) dict_keys(['example_trigger_controller_dag']) retrieved from /home/airflow/.local/lib/python3.7/site-packages/airflow/example_dags/example_trigger_controller_dag.py
[2022-05-24 12:23:24,856] {logging_mixin.py:115} INFO - [2022-05-24 12:23:24,856] {dag.py:2371} INFO - Sync 1 DAGs
[2022-05-24 12:23:24,888] {logging_mixin.py:115} INFO - [2022-05-24 12:23:24,888] {dag.py:2919} INFO - Setting next_dagrun for example_trigger_controller_dag to 2021-01-01T00:00:00+00:00, run_after=2021-01-01T00:00:00+00:00
[2022-05-24 12:23:24,910] {processor.py:161} INFO - Processing /home/airflow/.local/lib/python3.7/site-packages/airflow/example_dags/example_trigger_controller_dag.py took 0.105 seconds
[2022-05-24 12:23:55,549] {processor.py:153} INFO - Started process (PID=4962) to work on /home/airflow/.local/lib/python3.7/site-packages/airflow/example_dags/example_trigger_controller_dag.py
[2022-05-24 12:23:55,554] {processor.py:641} INFO - Processing file /home/airflow/.local/lib/python3.7/site-packages/airflow/example_dags/example_trigger_controller_dag.py for tasks to queue
[2022-05-24 12:23:55,562] {logging_mixin.py:115} INFO - [2022-05-24 12:23:55,562] {dagbag.py:507} INFO - Filling up the DagBag from /home/airflow/.local/lib/python3.7/site-packages/airflow/example_dags/example_trigger_controller_dag.py
[2022-05-24 12:23:55,576] {processor.py:651} INFO - DAG(s) dict_keys(['example_trigger_controller_dag']) retrieved from /home/airflow/.local/lib/python3.7/site-packages/airflow/example_dags/example_trigger_controller_dag.py
[2022-05-24 12:23:55,665] {logging_mixin.py:115} INFO - [2022-05-24 12:23:55,665] {dag.py:2371} INFO - Sync 1 DAGs
[2022-05-24 12:23:55,763] {logging_mixin.py:115} INFO - [2022-05-24 12:23:55,762] {dag.py:2919} INFO - Setting next_dagrun for example_trigger_controller_dag to 2021-01-01T00:00:00+00:00, run_after=2021-01-01T00:00:00+00:00
[2022-05-24 12:23:55,790] {processor.py:161} INFO - Processing /home/airflow/.local/lib/python3.7/site-packages/airflow/example_dags/example_trigger_controller_dag.py took 0.256 seconds
[2022-05-24 12:24:25,998] {processor.py:153} INFO - Started process (PID=5165) to work on /home/airflow/.local/lib/python3.7/site-packages/airflow/example_dags/example_trigger_controller_dag.py
[2022-05-24 12:24:26,001] {processor.py:641} INFO - Processing file /home/airflow/.local/lib/python3.7/site-packages/airflow/example_dags/example_trigger_controller_dag.py for tasks to queue
[2022-05-24 12:24:26,003] {logging_mixin.py:115} INFO - [2022-05-24 12:24:26,003] {dagbag.py:507} INFO - Filling up the DagBag from /home/airflow/.local/lib/python3.7/site-packages/airflow/example_dags/example_trigger_controller_dag.py
[2022-05-24 12:24:26,009] {processor.py:651} INFO - DAG(s) dict_keys(['example_trigger_controller_dag']) retrieved from /home/airflow/.local/lib/python3.7/site-packages/airflow/example_dags/example_trigger_controller_dag.py
[2022-05-24 12:24:26,067] {logging_mixin.py:115} INFO - [2022-05-24 12:24:26,067] {dag.py:2371} INFO - Sync 1 DAGs
[2022-05-24 12:24:26,115] {logging_mixin.py:115} INFO - [2022-05-24 12:24:26,115] {dag.py:2919} INFO - Setting next_dagrun for example_trigger_controller_dag to 2021-01-01T00:00:00+00:00, run_after=2021-01-01T00:00:00+00:00
[2022-05-24 12:24:26,142] {processor.py:161} INFO - Processing /home/airflow/.local/lib/python3.7/site-packages/airflow/example_dags/example_trigger_controller_dag.py took 0.149 seconds
[2022-05-24 12:24:56,345] {processor.py:153} INFO - Started process (PID=5359) to work on /home/airflow/.local/lib/python3.7/site-packages/airflow/example_dags/example_trigger_controller_dag.py
[2022-05-24 12:24:56,350] {processor.py:641} INFO - Processing file /home/airflow/.local/lib/python3.7/site-packages/airflow/example_dags/example_trigger_controller_dag.py for tasks to queue
[2022-05-24 12:24:56,353] {logging_mixin.py:115} INFO - [2022-05-24 12:24:56,353] {dagbag.py:507} INFO - Filling up the DagBag from /home/airflow/.local/lib/python3.7/site-packages/airflow/example_dags/example_trigger_controller_dag.py
[2022-05-24 12:24:56,363] {processor.py:651} INFO - DAG(s) dict_keys(['example_trigger_controller_dag']) retrieved from /home/airflow/.local/lib/python3.7/site-packages/airflow/example_dags/example_trigger_controller_dag.py
[2022-05-24 12:24:56,470] {logging_mixin.py:115} INFO - [2022-05-24 12:24:56,470] {dag.py:2371} INFO - Sync 1 DAGs
[2022-05-24 12:24:56,531] {logging_mixin.py:115} INFO - [2022-05-24 12:24:56,530] {dag.py:2919} INFO - Setting next_dagrun for example_trigger_controller_dag to 2021-01-01T00:00:00+00:00, run_after=2021-01-01T00:00:00+00:00
[2022-05-24 12:24:56,583] {processor.py:161} INFO - Processing /home/airflow/.local/lib/python3.7/site-packages/airflow/example_dags/example_trigger_controller_dag.py took 0.252 seconds
[2022-05-24 12:25:27,521] {processor.py:153} INFO - Started process (PID=5564) to work on /home/airflow/.local/lib/python3.7/site-packages/airflow/example_dags/example_trigger_controller_dag.py
[2022-05-24 12:25:27,580] {processor.py:641} INFO - Processing file /home/airflow/.local/lib/python3.7/site-packages/airflow/example_dags/example_trigger_controller_dag.py for tasks to queue
[2022-05-24 12:25:27,588] {logging_mixin.py:115} INFO - [2022-05-24 12:25:27,587] {dagbag.py:507} INFO - Filling up the DagBag from /home/airflow/.local/lib/python3.7/site-packages/airflow/example_dags/example_trigger_controller_dag.py
[2022-05-24 12:25:27,604] {processor.py:651} INFO - DAG(s) dict_keys(['example_trigger_controller_dag']) retrieved from /home/airflow/.local/lib/python3.7/site-packages/airflow/example_dags/example_trigger_controller_dag.py
[2022-05-24 12:25:27,675] {logging_mixin.py:115} INFO - [2022-05-24 12:25:27,674] {dag.py:2371} INFO - Sync 1 DAGs
[2022-05-24 12:25:27,711] {logging_mixin.py:115} INFO - [2022-05-24 12:25:27,711] {dag.py:2919} INFO - Setting next_dagrun for example_trigger_controller_dag to 2021-01-01T00:00:00+00:00, run_after=2021-01-01T00:00:00+00:00
[2022-05-24 12:25:27,731] {processor.py:161} INFO - Processing /home/airflow/.local/lib/python3.7/site-packages/airflow/example_dags/example_trigger_controller_dag.py took 0.219 seconds
[2022-05-24 12:25:57,902] {processor.py:153} INFO - Started process (PID=5759) to work on /home/airflow/.local/lib/python3.7/site-packages/airflow/example_dags/example_trigger_controller_dag.py
[2022-05-24 12:25:57,904] {processor.py:641} INFO - Processing file /home/airflow/.local/lib/python3.7/site-packages/airflow/example_dags/example_trigger_controller_dag.py for tasks to queue
[2022-05-24 12:25:57,906] {logging_mixin.py:115} INFO - [2022-05-24 12:25:57,906] {dagbag.py:507} INFO - Filling up the DagBag from /home/airflow/.local/lib/python3.7/site-packages/airflow/example_dags/example_trigger_controller_dag.py
[2022-05-24 12:25:57,911] {processor.py:651} INFO - DAG(s) dict_keys(['example_trigger_controller_dag']) retrieved from /home/airflow/.local/lib/python3.7/site-packages/airflow/example_dags/example_trigger_controller_dag.py
[2022-05-24 12:25:57,957] {logging_mixin.py:115} INFO - [2022-05-24 12:25:57,957] {dag.py:2371} INFO - Sync 1 DAGs
[2022-05-24 12:25:57,990] {logging_mixin.py:115} INFO - [2022-05-24 12:25:57,990] {dag.py:2919} INFO - Setting next_dagrun for example_trigger_controller_dag to 2021-01-01T00:00:00+00:00, run_after=2021-01-01T00:00:00+00:00
[2022-05-24 12:25:58,009] {processor.py:161} INFO - Processing /home/airflow/.local/lib/python3.7/site-packages/airflow/example_dags/example_trigger_controller_dag.py took 0.111 seconds
[2022-05-24 12:26:28,339] {processor.py:153} INFO - Started process (PID=5954) to work on /home/airflow/.local/lib/python3.7/site-packages/airflow/example_dags/example_trigger_controller_dag.py
[2022-05-24 12:26:28,343] {processor.py:641} INFO - Processing file /home/airflow/.local/lib/python3.7/site-packages/airflow/example_dags/example_trigger_controller_dag.py for tasks to queue
[2022-05-24 12:26:28,349] {logging_mixin.py:115} INFO - [2022-05-24 12:26:28,349] {dagbag.py:507} INFO - Filling up the DagBag from /home/airflow/.local/lib/python3.7/site-packages/airflow/example_dags/example_trigger_controller_dag.py
[2022-05-24 12:26:28,359] {processor.py:651} INFO - DAG(s) dict_keys(['example_trigger_controller_dag']) retrieved from /home/airflow/.local/lib/python3.7/site-packages/airflow/example_dags/example_trigger_controller_dag.py
[2022-05-24 12:26:28,451] {logging_mixin.py:115} INFO - [2022-05-24 12:26:28,451] {dag.py:2371} INFO - Sync 1 DAGs
[2022-05-24 12:26:28,532] {logging_mixin.py:115} INFO - [2022-05-24 12:26:28,532] {dag.py:2919} INFO - Setting next_dagrun for example_trigger_controller_dag to 2021-01-01T00:00:00+00:00, run_after=2021-01-01T00:00:00+00:00
[2022-05-24 12:26:28,558] {processor.py:161} INFO - Processing /home/airflow/.local/lib/python3.7/site-packages/airflow/example_dags/example_trigger_controller_dag.py took 0.226 seconds
[2022-05-24 12:26:59,332] {processor.py:153} INFO - Started process (PID=6147) to work on /home/airflow/.local/lib/python3.7/site-packages/airflow/example_dags/example_trigger_controller_dag.py
[2022-05-24 12:26:59,336] {processor.py:641} INFO - Processing file /home/airflow/.local/lib/python3.7/site-packages/airflow/example_dags/example_trigger_controller_dag.py for tasks to queue
[2022-05-24 12:26:59,345] {logging_mixin.py:115} INFO - [2022-05-24 12:26:59,345] {dagbag.py:507} INFO - Filling up the DagBag from /home/airflow/.local/lib/python3.7/site-packages/airflow/example_dags/example_trigger_controller_dag.py
[2022-05-24 12:26:59,352] {processor.py:651} INFO - DAG(s) dict_keys(['example_trigger_controller_dag']) retrieved from /home/airflow/.local/lib/python3.7/site-packages/airflow/example_dags/example_trigger_controller_dag.py
[2022-05-24 12:26:59,389] {logging_mixin.py:115} INFO - [2022-05-24 12:26:59,389] {dag.py:2371} INFO - Sync 1 DAGs
[2022-05-24 12:26:59,421] {logging_mixin.py:115} INFO - [2022-05-24 12:26:59,420] {dag.py:2919} INFO - Setting next_dagrun for example_trigger_controller_dag to 2021-01-01T00:00:00+00:00, run_after=2021-01-01T00:00:00+00:00
[2022-05-24 12:26:59,440] {processor.py:161} INFO - Processing /home/airflow/.local/lib/python3.7/site-packages/airflow/example_dags/example_trigger_controller_dag.py took 0.116 seconds
[2022-05-24 12:27:30,389] {processor.py:153} INFO - Started process (PID=6351) to work on /home/airflow/.local/lib/python3.7/site-packages/airflow/example_dags/example_trigger_controller_dag.py
[2022-05-24 12:27:30,391] {processor.py:641} INFO - Processing file /home/airflow/.local/lib/python3.7/site-packages/airflow/example_dags/example_trigger_controller_dag.py for tasks to queue
[2022-05-24 12:27:30,394] {logging_mixin.py:115} INFO - [2022-05-24 12:27:30,394] {dagbag.py:507} INFO - Filling up the DagBag from /home/airflow/.local/lib/python3.7/site-packages/airflow/example_dags/example_trigger_controller_dag.py
[2022-05-24 12:27:30,399] {processor.py:651} INFO - DAG(s) dict_keys(['example_trigger_controller_dag']) retrieved from /home/airflow/.local/lib/python3.7/site-packages/airflow/example_dags/example_trigger_controller_dag.py
[2022-05-24 12:27:30,435] {logging_mixin.py:115} INFO - [2022-05-24 12:27:30,434] {dag.py:2371} INFO - Sync 1 DAGs
[2022-05-24 12:27:30,466] {logging_mixin.py:115} INFO - [2022-05-24 12:27:30,466] {dag.py:2919} INFO - Setting next_dagrun for example_trigger_controller_dag to 2021-01-01T00:00:00+00:00, run_after=2021-01-01T00:00:00+00:00
[2022-05-24 12:27:30,489] {processor.py:161} INFO - Processing /home/airflow/.local/lib/python3.7/site-packages/airflow/example_dags/example_trigger_controller_dag.py took 0.107 seconds
[2022-05-24 12:28:01,468] {processor.py:153} INFO - Started process (PID=6543) to work on /home/airflow/.local/lib/python3.7/site-packages/airflow/example_dags/example_trigger_controller_dag.py
[2022-05-24 12:28:01,478] {processor.py:641} INFO - Processing file /home/airflow/.local/lib/python3.7/site-packages/airflow/example_dags/example_trigger_controller_dag.py for tasks to queue
[2022-05-24 12:28:01,481] {logging_mixin.py:115} INFO - [2022-05-24 12:28:01,481] {dagbag.py:507} INFO - Filling up the DagBag from /home/airflow/.local/lib/python3.7/site-packages/airflow/example_dags/example_trigger_controller_dag.py
[2022-05-24 12:28:01,498] {processor.py:651} INFO - DAG(s) dict_keys(['example_trigger_controller_dag']) retrieved from /home/airflow/.local/lib/python3.7/site-packages/airflow/example_dags/example_trigger_controller_dag.py
[2022-05-24 12:28:01,583] {logging_mixin.py:115} INFO - [2022-05-24 12:28:01,583] {dag.py:2371} INFO - Sync 1 DAGs
[2022-05-24 12:28:01,633] {logging_mixin.py:115} INFO - [2022-05-24 12:28:01,633] {dag.py:2919} INFO - Setting next_dagrun for example_trigger_controller_dag to 2021-01-01T00:00:00+00:00, run_after=2021-01-01T00:00:00+00:00
[2022-05-24 12:28:01,657] {processor.py:161} INFO - Processing /home/airflow/.local/lib/python3.7/site-packages/airflow/example_dags/example_trigger_controller_dag.py took 0.207 seconds
[2022-05-24 12:28:31,910] {processor.py:153} INFO - Started process (PID=6724) to work on /home/airflow/.local/lib/python3.7/site-packages/airflow/example_dags/example_trigger_controller_dag.py
[2022-05-24 12:28:31,914] {processor.py:641} INFO - Processing file /home/airflow/.local/lib/python3.7/site-packages/airflow/example_dags/example_trigger_controller_dag.py for tasks to queue
[2022-05-24 12:28:31,915] {logging_mixin.py:115} INFO - [2022-05-24 12:28:31,915] {dagbag.py:507} INFO - Filling up the DagBag from /home/airflow/.local/lib/python3.7/site-packages/airflow/example_dags/example_trigger_controller_dag.py
[2022-05-24 12:28:31,925] {processor.py:651} INFO - DAG(s) dict_keys(['example_trigger_controller_dag']) retrieved from /home/airflow/.local/lib/python3.7/site-packages/airflow/example_dags/example_trigger_controller_dag.py
[2022-05-24 12:28:31,975] {logging_mixin.py:115} INFO - [2022-05-24 12:28:31,975] {dag.py:2371} INFO - Sync 1 DAGs
[2022-05-24 12:28:32,017] {logging_mixin.py:115} INFO - [2022-05-24 12:28:32,017] {dag.py:2919} INFO - Setting next_dagrun for example_trigger_controller_dag to 2021-01-01T00:00:00+00:00, run_after=2021-01-01T00:00:00+00:00
[2022-05-24 12:28:32,040] {processor.py:161} INFO - Processing /home/airflow/.local/lib/python3.7/site-packages/airflow/example_dags/example_trigger_controller_dag.py took 0.137 seconds
[2022-05-24 12:29:02,469] {processor.py:153} INFO - Started process (PID=6929) to work on /home/airflow/.local/lib/python3.7/site-packages/airflow/example_dags/example_trigger_controller_dag.py
[2022-05-24 12:29:02,472] {processor.py:641} INFO - Processing file /home/airflow/.local/lib/python3.7/site-packages/airflow/example_dags/example_trigger_controller_dag.py for tasks to queue
[2022-05-24 12:29:02,475] {logging_mixin.py:115} INFO - [2022-05-24 12:29:02,475] {dagbag.py:507} INFO - Filling up the DagBag from /home/airflow/.local/lib/python3.7/site-packages/airflow/example_dags/example_trigger_controller_dag.py
[2022-05-24 12:29:02,487] {processor.py:651} INFO - DAG(s) dict_keys(['example_trigger_controller_dag']) retrieved from /home/airflow/.local/lib/python3.7/site-packages/airflow/example_dags/example_trigger_controller_dag.py
[2022-05-24 12:29:02,535] {logging_mixin.py:115} INFO - [2022-05-24 12:29:02,534] {dag.py:2371} INFO - Sync 1 DAGs
[2022-05-24 12:29:02,572] {logging_mixin.py:115} INFO - [2022-05-24 12:29:02,571] {dag.py:2919} INFO - Setting next_dagrun for example_trigger_controller_dag to 2021-01-01T00:00:00+00:00, run_after=2021-01-01T00:00:00+00:00
[2022-05-24 12:29:02,594] {processor.py:161} INFO - Processing /home/airflow/.local/lib/python3.7/site-packages/airflow/example_dags/example_trigger_controller_dag.py took 0.135 seconds
[2022-05-24 12:29:33,140] {processor.py:153} INFO - Started process (PID=7125) to work on /home/airflow/.local/lib/python3.7/site-packages/airflow/example_dags/example_trigger_controller_dag.py
[2022-05-24 12:29:33,142] {processor.py:641} INFO - Processing file /home/airflow/.local/lib/python3.7/site-packages/airflow/example_dags/example_trigger_controller_dag.py for tasks to queue
[2022-05-24 12:29:33,146] {logging_mixin.py:115} INFO - [2022-05-24 12:29:33,145] {dagbag.py:507} INFO - Filling up the DagBag from /home/airflow/.local/lib/python3.7/site-packages/airflow/example_dags/example_trigger_controller_dag.py
[2022-05-24 12:29:33,160] {processor.py:651} INFO - DAG(s) dict_keys(['example_trigger_controller_dag']) retrieved from /home/airflow/.local/lib/python3.7/site-packages/airflow/example_dags/example_trigger_controller_dag.py
[2022-05-24 12:29:33,217] {logging_mixin.py:115} INFO - [2022-05-24 12:29:33,217] {dag.py:2371} INFO - Sync 1 DAGs
[2022-05-24 12:29:33,262] {logging_mixin.py:115} INFO - [2022-05-24 12:29:33,262] {dag.py:2919} INFO - Setting next_dagrun for example_trigger_controller_dag to 2021-01-01T00:00:00+00:00, run_after=2021-01-01T00:00:00+00:00
[2022-05-24 12:29:33,283] {processor.py:161} INFO - Processing /home/airflow/.local/lib/python3.7/site-packages/airflow/example_dags/example_trigger_controller_dag.py took 0.151 seconds
