[2022-05-24 12:12:01,798] {processor.py:153} INFO - Started process (PID=340) to work on /home/airflow/.local/lib/python3.7/site-packages/airflow/example_dags/example_branch_operator_decorator.py
[2022-05-24 12:12:01,807] {processor.py:641} INFO - Processing file /home/airflow/.local/lib/python3.7/site-packages/airflow/example_dags/example_branch_operator_decorator.py for tasks to queue
[2022-05-24 12:12:01,811] {logging_mixin.py:115} INFO - [2022-05-24 12:12:01,810] {dagbag.py:507} INFO - Filling up the DagBag from /home/airflow/.local/lib/python3.7/site-packages/airflow/example_dags/example_branch_operator_decorator.py
[2022-05-24 12:12:01,942] {processor.py:651} INFO - DAG(s) dict_keys(['example_branch_python_operator_decorator']) retrieved from /home/airflow/.local/lib/python3.7/site-packages/airflow/example_dags/example_branch_operator_decorator.py
[2022-05-24 12:12:02,530] {logging_mixin.py:115} INFO - [2022-05-24 12:12:02,530] {manager.py:508} INFO - Created Permission View: can delete on DAG:example_branch_python_operator_decorator
[2022-05-24 12:12:02,630] {logging_mixin.py:115} INFO - [2022-05-24 12:12:02,630] {manager.py:508} INFO - Created Permission View: can edit on DAG:example_branch_python_operator_decorator
[2022-05-24 12:12:02,703] {logging_mixin.py:115} INFO - [2022-05-24 12:12:02,703] {manager.py:508} INFO - Created Permission View: can read on DAG:example_branch_python_operator_decorator
[2022-05-24 12:12:02,707] {logging_mixin.py:115} INFO - [2022-05-24 12:12:02,706] {dag.py:2371} INFO - Sync 1 DAGs
[2022-05-24 12:12:02,763] {logging_mixin.py:115} INFO - [2022-05-24 12:12:02,762] {dag.py:2390} INFO - Creating ORM DAG for example_branch_python_operator_decorator
[2022-05-24 12:12:02,832] {logging_mixin.py:115} INFO - [2022-05-24 12:12:02,832] {dag.py:2919} INFO - Setting next_dagrun for example_branch_python_operator_decorator to 2022-05-23T00:00:00+00:00, run_after=2022-05-24T00:00:00+00:00
[2022-05-24 12:12:02,963] {processor.py:161} INFO - Processing /home/airflow/.local/lib/python3.7/site-packages/airflow/example_dags/example_branch_operator_decorator.py took 1.192 seconds
[2022-05-24 12:12:33,924] {processor.py:153} INFO - Started process (PID=536) to work on /home/airflow/.local/lib/python3.7/site-packages/airflow/example_dags/example_branch_operator_decorator.py
[2022-05-24 12:12:33,929] {processor.py:641} INFO - Processing file /home/airflow/.local/lib/python3.7/site-packages/airflow/example_dags/example_branch_operator_decorator.py for tasks to queue
[2022-05-24 12:12:33,933] {logging_mixin.py:115} INFO - [2022-05-24 12:12:33,933] {dagbag.py:507} INFO - Filling up the DagBag from /home/airflow/.local/lib/python3.7/site-packages/airflow/example_dags/example_branch_operator_decorator.py
[2022-05-24 12:12:34,013] {processor.py:651} INFO - DAG(s) dict_keys(['example_branch_python_operator_decorator']) retrieved from /home/airflow/.local/lib/python3.7/site-packages/airflow/example_dags/example_branch_operator_decorator.py
[2022-05-24 12:12:34,212] {logging_mixin.py:115} INFO - [2022-05-24 12:12:34,212] {dag.py:2371} INFO - Sync 1 DAGs
[2022-05-24 12:12:34,312] {logging_mixin.py:115} INFO - [2022-05-24 12:12:34,312] {dag.py:2919} INFO - Setting next_dagrun for example_branch_python_operator_decorator to 2022-05-23T00:00:00+00:00, run_after=2022-05-24T00:00:00+00:00
[2022-05-24 12:12:34,344] {processor.py:161} INFO - Processing /home/airflow/.local/lib/python3.7/site-packages/airflow/example_dags/example_branch_operator_decorator.py took 0.425 seconds
[2022-05-24 12:13:04,437] {processor.py:153} INFO - Started process (PID=731) to work on /home/airflow/.local/lib/python3.7/site-packages/airflow/example_dags/example_branch_operator_decorator.py
[2022-05-24 12:13:04,443] {processor.py:641} INFO - Processing file /home/airflow/.local/lib/python3.7/site-packages/airflow/example_dags/example_branch_operator_decorator.py for tasks to queue
[2022-05-24 12:13:04,454] {logging_mixin.py:115} INFO - [2022-05-24 12:13:04,453] {dagbag.py:507} INFO - Filling up the DagBag from /home/airflow/.local/lib/python3.7/site-packages/airflow/example_dags/example_branch_operator_decorator.py
[2022-05-24 12:13:04,515] {processor.py:651} INFO - DAG(s) dict_keys(['example_branch_python_operator_decorator']) retrieved from /home/airflow/.local/lib/python3.7/site-packages/airflow/example_dags/example_branch_operator_decorator.py
[2022-05-24 12:13:04,588] {logging_mixin.py:115} INFO - [2022-05-24 12:13:04,588] {dag.py:2371} INFO - Sync 1 DAGs
[2022-05-24 12:13:04,637] {logging_mixin.py:115} INFO - [2022-05-24 12:13:04,636] {dag.py:2919} INFO - Setting next_dagrun for example_branch_python_operator_decorator to 2022-05-23T00:00:00+00:00, run_after=2022-05-24T00:00:00+00:00
[2022-05-24 12:13:04,667] {processor.py:161} INFO - Processing /home/airflow/.local/lib/python3.7/site-packages/airflow/example_dags/example_branch_operator_decorator.py took 0.233 seconds
[2022-05-24 12:13:35,068] {processor.py:153} INFO - Started process (PID=948) to work on /home/airflow/.local/lib/python3.7/site-packages/airflow/example_dags/example_branch_operator_decorator.py
[2022-05-24 12:13:35,075] {processor.py:641} INFO - Processing file /home/airflow/.local/lib/python3.7/site-packages/airflow/example_dags/example_branch_operator_decorator.py for tasks to queue
[2022-05-24 12:13:35,077] {logging_mixin.py:115} INFO - [2022-05-24 12:13:35,077] {dagbag.py:507} INFO - Filling up the DagBag from /home/airflow/.local/lib/python3.7/site-packages/airflow/example_dags/example_branch_operator_decorator.py
[2022-05-24 12:13:35,134] {processor.py:651} INFO - DAG(s) dict_keys(['example_branch_python_operator_decorator']) retrieved from /home/airflow/.local/lib/python3.7/site-packages/airflow/example_dags/example_branch_operator_decorator.py
[2022-05-24 12:13:35,228] {logging_mixin.py:115} INFO - [2022-05-24 12:13:35,228] {dag.py:2371} INFO - Sync 1 DAGs
[2022-05-24 12:13:35,327] {logging_mixin.py:115} INFO - [2022-05-24 12:13:35,327] {dag.py:2919} INFO - Setting next_dagrun for example_branch_python_operator_decorator to 2022-05-23T00:00:00+00:00, run_after=2022-05-24T00:00:00+00:00
[2022-05-24 12:13:35,360] {processor.py:161} INFO - Processing /home/airflow/.local/lib/python3.7/site-packages/airflow/example_dags/example_branch_operator_decorator.py took 0.310 seconds
[2022-05-24 12:14:05,947] {processor.py:153} INFO - Started process (PID=1142) to work on /home/airflow/.local/lib/python3.7/site-packages/airflow/example_dags/example_branch_operator_decorator.py
[2022-05-24 12:14:05,950] {processor.py:641} INFO - Processing file /home/airflow/.local/lib/python3.7/site-packages/airflow/example_dags/example_branch_operator_decorator.py for tasks to queue
[2022-05-24 12:14:05,953] {logging_mixin.py:115} INFO - [2022-05-24 12:14:05,953] {dagbag.py:507} INFO - Filling up the DagBag from /home/airflow/.local/lib/python3.7/site-packages/airflow/example_dags/example_branch_operator_decorator.py
[2022-05-24 12:14:05,993] {processor.py:651} INFO - DAG(s) dict_keys(['example_branch_python_operator_decorator']) retrieved from /home/airflow/.local/lib/python3.7/site-packages/airflow/example_dags/example_branch_operator_decorator.py
[2022-05-24 12:14:06,039] {logging_mixin.py:115} INFO - [2022-05-24 12:14:06,038] {dag.py:2371} INFO - Sync 1 DAGs
[2022-05-24 12:14:06,081] {logging_mixin.py:115} INFO - [2022-05-24 12:14:06,080] {dag.py:2919} INFO - Setting next_dagrun for example_branch_python_operator_decorator to 2022-05-23T00:00:00+00:00, run_after=2022-05-24T00:00:00+00:00
[2022-05-24 12:14:06,110] {processor.py:161} INFO - Processing /home/airflow/.local/lib/python3.7/site-packages/airflow/example_dags/example_branch_operator_decorator.py took 0.174 seconds
[2022-05-24 12:14:36,773] {processor.py:153} INFO - Started process (PID=1348) to work on /home/airflow/.local/lib/python3.7/site-packages/airflow/example_dags/example_branch_operator_decorator.py
[2022-05-24 12:14:36,776] {processor.py:641} INFO - Processing file /home/airflow/.local/lib/python3.7/site-packages/airflow/example_dags/example_branch_operator_decorator.py for tasks to queue
[2022-05-24 12:14:36,778] {logging_mixin.py:115} INFO - [2022-05-24 12:14:36,778] {dagbag.py:507} INFO - Filling up the DagBag from /home/airflow/.local/lib/python3.7/site-packages/airflow/example_dags/example_branch_operator_decorator.py
[2022-05-24 12:14:36,827] {processor.py:651} INFO - DAG(s) dict_keys(['example_branch_python_operator_decorator']) retrieved from /home/airflow/.local/lib/python3.7/site-packages/airflow/example_dags/example_branch_operator_decorator.py
[2022-05-24 12:14:36,876] {logging_mixin.py:115} INFO - [2022-05-24 12:14:36,876] {dag.py:2371} INFO - Sync 1 DAGs
[2022-05-24 12:14:36,966] {logging_mixin.py:115} INFO - [2022-05-24 12:14:36,966] {dag.py:2919} INFO - Setting next_dagrun for example_branch_python_operator_decorator to 2022-05-23T00:00:00+00:00, run_after=2022-05-24T00:00:00+00:00
[2022-05-24 12:14:36,999] {processor.py:161} INFO - Processing /home/airflow/.local/lib/python3.7/site-packages/airflow/example_dags/example_branch_operator_decorator.py took 0.235 seconds
[2022-05-24 12:15:07,605] {processor.py:153} INFO - Started process (PID=1552) to work on /home/airflow/.local/lib/python3.7/site-packages/airflow/example_dags/example_branch_operator_decorator.py
[2022-05-24 12:15:07,608] {processor.py:641} INFO - Processing file /home/airflow/.local/lib/python3.7/site-packages/airflow/example_dags/example_branch_operator_decorator.py for tasks to queue
[2022-05-24 12:15:07,627] {logging_mixin.py:115} INFO - [2022-05-24 12:15:07,626] {dagbag.py:507} INFO - Filling up the DagBag from /home/airflow/.local/lib/python3.7/site-packages/airflow/example_dags/example_branch_operator_decorator.py
[2022-05-24 12:15:07,698] {processor.py:651} INFO - DAG(s) dict_keys(['example_branch_python_operator_decorator']) retrieved from /home/airflow/.local/lib/python3.7/site-packages/airflow/example_dags/example_branch_operator_decorator.py
[2022-05-24 12:15:07,739] {logging_mixin.py:115} INFO - [2022-05-24 12:15:07,739] {dag.py:2371} INFO - Sync 1 DAGs
[2022-05-24 12:15:07,830] {logging_mixin.py:115} INFO - [2022-05-24 12:15:07,830] {dag.py:2919} INFO - Setting next_dagrun for example_branch_python_operator_decorator to 2022-05-23T00:00:00+00:00, run_after=2022-05-24T00:00:00+00:00
[2022-05-24 12:15:07,873] {processor.py:161} INFO - Processing /home/airflow/.local/lib/python3.7/site-packages/airflow/example_dags/example_branch_operator_decorator.py took 0.273 seconds
[2022-05-24 12:15:38,091] {processor.py:153} INFO - Started process (PID=1747) to work on /home/airflow/.local/lib/python3.7/site-packages/airflow/example_dags/example_branch_operator_decorator.py
[2022-05-24 12:15:38,096] {processor.py:641} INFO - Processing file /home/airflow/.local/lib/python3.7/site-packages/airflow/example_dags/example_branch_operator_decorator.py for tasks to queue
[2022-05-24 12:15:38,099] {logging_mixin.py:115} INFO - [2022-05-24 12:15:38,099] {dagbag.py:507} INFO - Filling up the DagBag from /home/airflow/.local/lib/python3.7/site-packages/airflow/example_dags/example_branch_operator_decorator.py
[2022-05-24 12:15:38,143] {processor.py:651} INFO - DAG(s) dict_keys(['example_branch_python_operator_decorator']) retrieved from /home/airflow/.local/lib/python3.7/site-packages/airflow/example_dags/example_branch_operator_decorator.py
[2022-05-24 12:15:38,190] {logging_mixin.py:115} INFO - [2022-05-24 12:15:38,190] {dag.py:2371} INFO - Sync 1 DAGs
[2022-05-24 12:15:38,270] {logging_mixin.py:115} INFO - [2022-05-24 12:15:38,267] {dag.py:2919} INFO - Setting next_dagrun for example_branch_python_operator_decorator to 2022-05-23T00:00:00+00:00, run_after=2022-05-24T00:00:00+00:00
[2022-05-24 12:15:38,326] {processor.py:161} INFO - Processing /home/airflow/.local/lib/python3.7/site-packages/airflow/example_dags/example_branch_operator_decorator.py took 0.248 seconds
[2022-05-24 12:16:08,510] {processor.py:153} INFO - Started process (PID=1953) to work on /home/airflow/.local/lib/python3.7/site-packages/airflow/example_dags/example_branch_operator_decorator.py
[2022-05-24 12:16:08,513] {processor.py:641} INFO - Processing file /home/airflow/.local/lib/python3.7/site-packages/airflow/example_dags/example_branch_operator_decorator.py for tasks to queue
[2022-05-24 12:16:08,517] {logging_mixin.py:115} INFO - [2022-05-24 12:16:08,517] {dagbag.py:507} INFO - Filling up the DagBag from /home/airflow/.local/lib/python3.7/site-packages/airflow/example_dags/example_branch_operator_decorator.py
[2022-05-24 12:16:08,564] {processor.py:651} INFO - DAG(s) dict_keys(['example_branch_python_operator_decorator']) retrieved from /home/airflow/.local/lib/python3.7/site-packages/airflow/example_dags/example_branch_operator_decorator.py
[2022-05-24 12:16:08,616] {logging_mixin.py:115} INFO - [2022-05-24 12:16:08,616] {dag.py:2371} INFO - Sync 1 DAGs
[2022-05-24 12:16:08,656] {logging_mixin.py:115} INFO - [2022-05-24 12:16:08,656] {dag.py:2919} INFO - Setting next_dagrun for example_branch_python_operator_decorator to 2022-05-23T00:00:00+00:00, run_after=2022-05-24T00:00:00+00:00
[2022-05-24 12:16:08,693] {processor.py:161} INFO - Processing /home/airflow/.local/lib/python3.7/site-packages/airflow/example_dags/example_branch_operator_decorator.py took 0.192 seconds
[2022-05-24 12:16:39,383] {processor.py:153} INFO - Started process (PID=2145) to work on /home/airflow/.local/lib/python3.7/site-packages/airflow/example_dags/example_branch_operator_decorator.py
[2022-05-24 12:16:39,387] {processor.py:641} INFO - Processing file /home/airflow/.local/lib/python3.7/site-packages/airflow/example_dags/example_branch_operator_decorator.py for tasks to queue
[2022-05-24 12:16:39,390] {logging_mixin.py:115} INFO - [2022-05-24 12:16:39,390] {dagbag.py:507} INFO - Filling up the DagBag from /home/airflow/.local/lib/python3.7/site-packages/airflow/example_dags/example_branch_operator_decorator.py
[2022-05-24 12:16:39,427] {processor.py:651} INFO - DAG(s) dict_keys(['example_branch_python_operator_decorator']) retrieved from /home/airflow/.local/lib/python3.7/site-packages/airflow/example_dags/example_branch_operator_decorator.py
[2022-05-24 12:16:39,469] {logging_mixin.py:115} INFO - [2022-05-24 12:16:39,469] {dag.py:2371} INFO - Sync 1 DAGs
[2022-05-24 12:16:39,534] {logging_mixin.py:115} INFO - [2022-05-24 12:16:39,534] {dag.py:2919} INFO - Setting next_dagrun for example_branch_python_operator_decorator to 2022-05-23T00:00:00+00:00, run_after=2022-05-24T00:00:00+00:00
[2022-05-24 12:16:39,554] {processor.py:161} INFO - Processing /home/airflow/.local/lib/python3.7/site-packages/airflow/example_dags/example_branch_operator_decorator.py took 0.182 seconds
[2022-05-24 12:17:10,121] {processor.py:153} INFO - Started process (PID=2348) to work on /home/airflow/.local/lib/python3.7/site-packages/airflow/example_dags/example_branch_operator_decorator.py
[2022-05-24 12:17:10,126] {processor.py:641} INFO - Processing file /home/airflow/.local/lib/python3.7/site-packages/airflow/example_dags/example_branch_operator_decorator.py for tasks to queue
[2022-05-24 12:17:10,129] {logging_mixin.py:115} INFO - [2022-05-24 12:17:10,129] {dagbag.py:507} INFO - Filling up the DagBag from /home/airflow/.local/lib/python3.7/site-packages/airflow/example_dags/example_branch_operator_decorator.py
[2022-05-24 12:17:10,197] {processor.py:651} INFO - DAG(s) dict_keys(['example_branch_python_operator_decorator']) retrieved from /home/airflow/.local/lib/python3.7/site-packages/airflow/example_dags/example_branch_operator_decorator.py
[2022-05-24 12:17:10,288] {logging_mixin.py:115} INFO - [2022-05-24 12:17:10,288] {dag.py:2371} INFO - Sync 1 DAGs
[2022-05-24 12:17:10,327] {logging_mixin.py:115} INFO - [2022-05-24 12:17:10,326] {dag.py:2919} INFO - Setting next_dagrun for example_branch_python_operator_decorator to 2022-05-23T00:00:00+00:00, run_after=2022-05-24T00:00:00+00:00
[2022-05-24 12:17:10,355] {processor.py:161} INFO - Processing /home/airflow/.local/lib/python3.7/site-packages/airflow/example_dags/example_branch_operator_decorator.py took 0.240 seconds
[2022-05-24 12:17:40,552] {processor.py:153} INFO - Started process (PID=2544) to work on /home/airflow/.local/lib/python3.7/site-packages/airflow/example_dags/example_branch_operator_decorator.py
[2022-05-24 12:17:40,556] {processor.py:641} INFO - Processing file /home/airflow/.local/lib/python3.7/site-packages/airflow/example_dags/example_branch_operator_decorator.py for tasks to queue
[2022-05-24 12:17:40,560] {logging_mixin.py:115} INFO - [2022-05-24 12:17:40,559] {dagbag.py:507} INFO - Filling up the DagBag from /home/airflow/.local/lib/python3.7/site-packages/airflow/example_dags/example_branch_operator_decorator.py
[2022-05-24 12:17:40,600] {processor.py:651} INFO - DAG(s) dict_keys(['example_branch_python_operator_decorator']) retrieved from /home/airflow/.local/lib/python3.7/site-packages/airflow/example_dags/example_branch_operator_decorator.py
[2022-05-24 12:17:40,652] {logging_mixin.py:115} INFO - [2022-05-24 12:17:40,651] {dag.py:2371} INFO - Sync 1 DAGs
[2022-05-24 12:17:40,703] {logging_mixin.py:115} INFO - [2022-05-24 12:17:40,703] {dag.py:2919} INFO - Setting next_dagrun for example_branch_python_operator_decorator to 2022-05-23T00:00:00+00:00, run_after=2022-05-24T00:00:00+00:00
[2022-05-24 12:17:40,722] {processor.py:161} INFO - Processing /home/airflow/.local/lib/python3.7/site-packages/airflow/example_dags/example_branch_operator_decorator.py took 0.182 seconds
[2022-05-24 12:18:11,070] {processor.py:153} INFO - Started process (PID=2750) to work on /home/airflow/.local/lib/python3.7/site-packages/airflow/example_dags/example_branch_operator_decorator.py
[2022-05-24 12:18:11,074] {processor.py:641} INFO - Processing file /home/airflow/.local/lib/python3.7/site-packages/airflow/example_dags/example_branch_operator_decorator.py for tasks to queue
[2022-05-24 12:18:11,078] {logging_mixin.py:115} INFO - [2022-05-24 12:18:11,077] {dagbag.py:507} INFO - Filling up the DagBag from /home/airflow/.local/lib/python3.7/site-packages/airflow/example_dags/example_branch_operator_decorator.py
[2022-05-24 12:18:11,151] {processor.py:651} INFO - DAG(s) dict_keys(['example_branch_python_operator_decorator']) retrieved from /home/airflow/.local/lib/python3.7/site-packages/airflow/example_dags/example_branch_operator_decorator.py
[2022-05-24 12:18:11,212] {logging_mixin.py:115} INFO - [2022-05-24 12:18:11,212] {dag.py:2371} INFO - Sync 1 DAGs
[2022-05-24 12:18:11,260] {logging_mixin.py:115} INFO - [2022-05-24 12:18:11,260] {dag.py:2919} INFO - Setting next_dagrun for example_branch_python_operator_decorator to 2022-05-23T00:00:00+00:00, run_after=2022-05-24T00:00:00+00:00
[2022-05-24 12:18:11,298] {processor.py:161} INFO - Processing /home/airflow/.local/lib/python3.7/site-packages/airflow/example_dags/example_branch_operator_decorator.py took 0.239 seconds
[2022-05-24 12:18:42,315] {processor.py:153} INFO - Started process (PID=2947) to work on /home/airflow/.local/lib/python3.7/site-packages/airflow/example_dags/example_branch_operator_decorator.py
[2022-05-24 12:18:42,318] {processor.py:641} INFO - Processing file /home/airflow/.local/lib/python3.7/site-packages/airflow/example_dags/example_branch_operator_decorator.py for tasks to queue
[2022-05-24 12:18:42,320] {logging_mixin.py:115} INFO - [2022-05-24 12:18:42,320] {dagbag.py:507} INFO - Filling up the DagBag from /home/airflow/.local/lib/python3.7/site-packages/airflow/example_dags/example_branch_operator_decorator.py
[2022-05-24 12:18:42,365] {processor.py:651} INFO - DAG(s) dict_keys(['example_branch_python_operator_decorator']) retrieved from /home/airflow/.local/lib/python3.7/site-packages/airflow/example_dags/example_branch_operator_decorator.py
[2022-05-24 12:18:42,429] {logging_mixin.py:115} INFO - [2022-05-24 12:18:42,428] {dag.py:2371} INFO - Sync 1 DAGs
[2022-05-24 12:18:42,479] {logging_mixin.py:115} INFO - [2022-05-24 12:18:42,478] {dag.py:2919} INFO - Setting next_dagrun for example_branch_python_operator_decorator to 2022-05-23T00:00:00+00:00, run_after=2022-05-24T00:00:00+00:00
[2022-05-24 12:18:42,501] {processor.py:161} INFO - Processing /home/airflow/.local/lib/python3.7/site-packages/airflow/example_dags/example_branch_operator_decorator.py took 0.191 seconds
[2022-05-24 12:19:12,698] {processor.py:153} INFO - Started process (PID=3146) to work on /home/airflow/.local/lib/python3.7/site-packages/airflow/example_dags/example_branch_operator_decorator.py
[2022-05-24 12:19:12,702] {processor.py:641} INFO - Processing file /home/airflow/.local/lib/python3.7/site-packages/airflow/example_dags/example_branch_operator_decorator.py for tasks to queue
[2022-05-24 12:19:12,704] {logging_mixin.py:115} INFO - [2022-05-24 12:19:12,704] {dagbag.py:507} INFO - Filling up the DagBag from /home/airflow/.local/lib/python3.7/site-packages/airflow/example_dags/example_branch_operator_decorator.py
[2022-05-24 12:19:12,745] {processor.py:651} INFO - DAG(s) dict_keys(['example_branch_python_operator_decorator']) retrieved from /home/airflow/.local/lib/python3.7/site-packages/airflow/example_dags/example_branch_operator_decorator.py
[2022-05-24 12:19:12,804] {logging_mixin.py:115} INFO - [2022-05-24 12:19:12,804] {dag.py:2371} INFO - Sync 1 DAGs
[2022-05-24 12:19:12,843] {logging_mixin.py:115} INFO - [2022-05-24 12:19:12,843] {dag.py:2919} INFO - Setting next_dagrun for example_branch_python_operator_decorator to 2022-05-23T00:00:00+00:00, run_after=2022-05-24T00:00:00+00:00
[2022-05-24 12:19:12,866] {processor.py:161} INFO - Processing /home/airflow/.local/lib/python3.7/site-packages/airflow/example_dags/example_branch_operator_decorator.py took 0.173 seconds
[2022-05-24 12:19:43,208] {processor.py:153} INFO - Started process (PID=3348) to work on /home/airflow/.local/lib/python3.7/site-packages/airflow/example_dags/example_branch_operator_decorator.py
[2022-05-24 12:19:43,218] {processor.py:641} INFO - Processing file /home/airflow/.local/lib/python3.7/site-packages/airflow/example_dags/example_branch_operator_decorator.py for tasks to queue
[2022-05-24 12:19:43,221] {logging_mixin.py:115} INFO - [2022-05-24 12:19:43,220] {dagbag.py:507} INFO - Filling up the DagBag from /home/airflow/.local/lib/python3.7/site-packages/airflow/example_dags/example_branch_operator_decorator.py
[2022-05-24 12:19:43,299] {processor.py:651} INFO - DAG(s) dict_keys(['example_branch_python_operator_decorator']) retrieved from /home/airflow/.local/lib/python3.7/site-packages/airflow/example_dags/example_branch_operator_decorator.py
[2022-05-24 12:19:43,380] {logging_mixin.py:115} INFO - [2022-05-24 12:19:43,380] {dag.py:2371} INFO - Sync 1 DAGs
[2022-05-24 12:19:43,452] {logging_mixin.py:115} INFO - [2022-05-24 12:19:43,452] {dag.py:2919} INFO - Setting next_dagrun for example_branch_python_operator_decorator to 2022-05-23T00:00:00+00:00, run_after=2022-05-24T00:00:00+00:00
[2022-05-24 12:19:43,506] {processor.py:161} INFO - Processing /home/airflow/.local/lib/python3.7/site-packages/airflow/example_dags/example_branch_operator_decorator.py took 0.319 seconds
[2022-05-24 12:20:14,430] {processor.py:153} INFO - Started process (PID=3544) to work on /home/airflow/.local/lib/python3.7/site-packages/airflow/example_dags/example_branch_operator_decorator.py
[2022-05-24 12:20:14,434] {processor.py:641} INFO - Processing file /home/airflow/.local/lib/python3.7/site-packages/airflow/example_dags/example_branch_operator_decorator.py for tasks to queue
[2022-05-24 12:20:14,436] {logging_mixin.py:115} INFO - [2022-05-24 12:20:14,436] {dagbag.py:507} INFO - Filling up the DagBag from /home/airflow/.local/lib/python3.7/site-packages/airflow/example_dags/example_branch_operator_decorator.py
[2022-05-24 12:20:14,480] {processor.py:651} INFO - DAG(s) dict_keys(['example_branch_python_operator_decorator']) retrieved from /home/airflow/.local/lib/python3.7/site-packages/airflow/example_dags/example_branch_operator_decorator.py
[2022-05-24 12:20:14,527] {logging_mixin.py:115} INFO - [2022-05-24 12:20:14,526] {dag.py:2371} INFO - Sync 1 DAGs
[2022-05-24 12:20:14,607] {logging_mixin.py:115} INFO - [2022-05-24 12:20:14,607] {dag.py:2919} INFO - Setting next_dagrun for example_branch_python_operator_decorator to 2022-05-23T00:00:00+00:00, run_after=2022-05-24T00:00:00+00:00
[2022-05-24 12:20:14,648] {processor.py:161} INFO - Processing /home/airflow/.local/lib/python3.7/site-packages/airflow/example_dags/example_branch_operator_decorator.py took 0.226 seconds
[2022-05-24 12:20:44,942] {processor.py:153} INFO - Started process (PID=3747) to work on /home/airflow/.local/lib/python3.7/site-packages/airflow/example_dags/example_branch_operator_decorator.py
[2022-05-24 12:20:44,951] {processor.py:641} INFO - Processing file /home/airflow/.local/lib/python3.7/site-packages/airflow/example_dags/example_branch_operator_decorator.py for tasks to queue
[2022-05-24 12:20:44,961] {logging_mixin.py:115} INFO - [2022-05-24 12:20:44,960] {dagbag.py:507} INFO - Filling up the DagBag from /home/airflow/.local/lib/python3.7/site-packages/airflow/example_dags/example_branch_operator_decorator.py
[2022-05-24 12:20:45,092] {processor.py:651} INFO - DAG(s) dict_keys(['example_branch_python_operator_decorator']) retrieved from /home/airflow/.local/lib/python3.7/site-packages/airflow/example_dags/example_branch_operator_decorator.py
[2022-05-24 12:20:45,177] {logging_mixin.py:115} INFO - [2022-05-24 12:20:45,176] {dag.py:2371} INFO - Sync 1 DAGs
[2022-05-24 12:20:45,235] {logging_mixin.py:115} INFO - [2022-05-24 12:20:45,235] {dag.py:2919} INFO - Setting next_dagrun for example_branch_python_operator_decorator to 2022-05-23T00:00:00+00:00, run_after=2022-05-24T00:00:00+00:00
[2022-05-24 12:20:45,290] {processor.py:161} INFO - Processing /home/airflow/.local/lib/python3.7/site-packages/airflow/example_dags/example_branch_operator_decorator.py took 0.352 seconds
[2022-05-24 12:21:15,604] {processor.py:153} INFO - Started process (PID=3943) to work on /home/airflow/.local/lib/python3.7/site-packages/airflow/example_dags/example_branch_operator_decorator.py
[2022-05-24 12:21:15,607] {processor.py:641} INFO - Processing file /home/airflow/.local/lib/python3.7/site-packages/airflow/example_dags/example_branch_operator_decorator.py for tasks to queue
[2022-05-24 12:21:15,611] {logging_mixin.py:115} INFO - [2022-05-24 12:21:15,611] {dagbag.py:507} INFO - Filling up the DagBag from /home/airflow/.local/lib/python3.7/site-packages/airflow/example_dags/example_branch_operator_decorator.py
[2022-05-24 12:21:15,647] {processor.py:651} INFO - DAG(s) dict_keys(['example_branch_python_operator_decorator']) retrieved from /home/airflow/.local/lib/python3.7/site-packages/airflow/example_dags/example_branch_operator_decorator.py
[2022-05-24 12:21:15,692] {logging_mixin.py:115} INFO - [2022-05-24 12:21:15,692] {dag.py:2371} INFO - Sync 1 DAGs
[2022-05-24 12:21:15,730] {logging_mixin.py:115} INFO - [2022-05-24 12:21:15,730] {dag.py:2919} INFO - Setting next_dagrun for example_branch_python_operator_decorator to 2022-05-23T00:00:00+00:00, run_after=2022-05-24T00:00:00+00:00
[2022-05-24 12:21:15,750] {processor.py:161} INFO - Processing /home/airflow/.local/lib/python3.7/site-packages/airflow/example_dags/example_branch_operator_decorator.py took 0.157 seconds
[2022-05-24 12:21:46,508] {processor.py:153} INFO - Started process (PID=4147) to work on /home/airflow/.local/lib/python3.7/site-packages/airflow/example_dags/example_branch_operator_decorator.py
[2022-05-24 12:21:46,510] {processor.py:641} INFO - Processing file /home/airflow/.local/lib/python3.7/site-packages/airflow/example_dags/example_branch_operator_decorator.py for tasks to queue
[2022-05-24 12:21:46,512] {logging_mixin.py:115} INFO - [2022-05-24 12:21:46,512] {dagbag.py:507} INFO - Filling up the DagBag from /home/airflow/.local/lib/python3.7/site-packages/airflow/example_dags/example_branch_operator_decorator.py
[2022-05-24 12:21:46,556] {processor.py:651} INFO - DAG(s) dict_keys(['example_branch_python_operator_decorator']) retrieved from /home/airflow/.local/lib/python3.7/site-packages/airflow/example_dags/example_branch_operator_decorator.py
[2022-05-24 12:21:46,594] {logging_mixin.py:115} INFO - [2022-05-24 12:21:46,594] {dag.py:2371} INFO - Sync 1 DAGs
[2022-05-24 12:21:46,635] {logging_mixin.py:115} INFO - [2022-05-24 12:21:46,635] {dag.py:2919} INFO - Setting next_dagrun for example_branch_python_operator_decorator to 2022-05-23T00:00:00+00:00, run_after=2022-05-24T00:00:00+00:00
[2022-05-24 12:21:46,664] {processor.py:161} INFO - Processing /home/airflow/.local/lib/python3.7/site-packages/airflow/example_dags/example_branch_operator_decorator.py took 0.167 seconds
[2022-05-24 12:22:18,725] {processor.py:153} INFO - Started process (PID=4343) to work on /home/airflow/.local/lib/python3.7/site-packages/airflow/example_dags/example_branch_operator_decorator.py
[2022-05-24 12:22:18,728] {processor.py:641} INFO - Processing file /home/airflow/.local/lib/python3.7/site-packages/airflow/example_dags/example_branch_operator_decorator.py for tasks to queue
[2022-05-24 12:22:18,731] {logging_mixin.py:115} INFO - [2022-05-24 12:22:18,730] {dagbag.py:507} INFO - Filling up the DagBag from /home/airflow/.local/lib/python3.7/site-packages/airflow/example_dags/example_branch_operator_decorator.py
[2022-05-24 12:22:18,770] {processor.py:651} INFO - DAG(s) dict_keys(['example_branch_python_operator_decorator']) retrieved from /home/airflow/.local/lib/python3.7/site-packages/airflow/example_dags/example_branch_operator_decorator.py
[2022-05-24 12:22:18,822] {logging_mixin.py:115} INFO - [2022-05-24 12:22:18,822] {dag.py:2371} INFO - Sync 1 DAGs
[2022-05-24 12:22:18,896] {logging_mixin.py:115} INFO - [2022-05-24 12:22:18,896] {dag.py:2919} INFO - Setting next_dagrun for example_branch_python_operator_decorator to 2022-05-23T00:00:00+00:00, run_after=2022-05-24T00:00:00+00:00
[2022-05-24 12:22:18,934] {processor.py:161} INFO - Processing /home/airflow/.local/lib/python3.7/site-packages/airflow/example_dags/example_branch_operator_decorator.py took 0.218 seconds
[2022-05-24 12:22:49,553] {processor.py:153} INFO - Started process (PID=4536) to work on /home/airflow/.local/lib/python3.7/site-packages/airflow/example_dags/example_branch_operator_decorator.py
[2022-05-24 12:22:49,570] {processor.py:641} INFO - Processing file /home/airflow/.local/lib/python3.7/site-packages/airflow/example_dags/example_branch_operator_decorator.py for tasks to queue
[2022-05-24 12:22:49,578] {logging_mixin.py:115} INFO - [2022-05-24 12:22:49,577] {dagbag.py:507} INFO - Filling up the DagBag from /home/airflow/.local/lib/python3.7/site-packages/airflow/example_dags/example_branch_operator_decorator.py
[2022-05-24 12:22:49,705] {processor.py:651} INFO - DAG(s) dict_keys(['example_branch_python_operator_decorator']) retrieved from /home/airflow/.local/lib/python3.7/site-packages/airflow/example_dags/example_branch_operator_decorator.py
[2022-05-24 12:22:49,813] {logging_mixin.py:115} INFO - [2022-05-24 12:22:49,812] {dag.py:2371} INFO - Sync 1 DAGs
[2022-05-24 12:22:49,952] {logging_mixin.py:115} INFO - [2022-05-24 12:22:49,952] {dag.py:2919} INFO - Setting next_dagrun for example_branch_python_operator_decorator to 2022-05-23T00:00:00+00:00, run_after=2022-05-24T00:00:00+00:00
[2022-05-24 12:22:49,986] {processor.py:161} INFO - Processing /home/airflow/.local/lib/python3.7/site-packages/airflow/example_dags/example_branch_operator_decorator.py took 0.470 seconds
[2022-05-24 12:23:20,321] {processor.py:153} INFO - Started process (PID=4744) to work on /home/airflow/.local/lib/python3.7/site-packages/airflow/example_dags/example_branch_operator_decorator.py
[2022-05-24 12:23:20,325] {processor.py:641} INFO - Processing file /home/airflow/.local/lib/python3.7/site-packages/airflow/example_dags/example_branch_operator_decorator.py for tasks to queue
[2022-05-24 12:23:20,337] {logging_mixin.py:115} INFO - [2022-05-24 12:23:20,335] {dagbag.py:507} INFO - Filling up the DagBag from /home/airflow/.local/lib/python3.7/site-packages/airflow/example_dags/example_branch_operator_decorator.py
[2022-05-24 12:23:20,407] {processor.py:651} INFO - DAG(s) dict_keys(['example_branch_python_operator_decorator']) retrieved from /home/airflow/.local/lib/python3.7/site-packages/airflow/example_dags/example_branch_operator_decorator.py
[2022-05-24 12:23:20,488] {logging_mixin.py:115} INFO - [2022-05-24 12:23:20,488] {dag.py:2371} INFO - Sync 1 DAGs
[2022-05-24 12:23:20,551] {logging_mixin.py:115} INFO - [2022-05-24 12:23:20,551] {dag.py:2919} INFO - Setting next_dagrun for example_branch_python_operator_decorator to 2022-05-23T00:00:00+00:00, run_after=2022-05-24T00:00:00+00:00
[2022-05-24 12:23:20,581] {processor.py:161} INFO - Processing /home/airflow/.local/lib/python3.7/site-packages/airflow/example_dags/example_branch_operator_decorator.py took 0.268 seconds
[2022-05-24 12:23:51,461] {processor.py:153} INFO - Started process (PID=4935) to work on /home/airflow/.local/lib/python3.7/site-packages/airflow/example_dags/example_branch_operator_decorator.py
[2022-05-24 12:23:51,465] {processor.py:641} INFO - Processing file /home/airflow/.local/lib/python3.7/site-packages/airflow/example_dags/example_branch_operator_decorator.py for tasks to queue
[2022-05-24 12:23:51,468] {logging_mixin.py:115} INFO - [2022-05-24 12:23:51,468] {dagbag.py:507} INFO - Filling up the DagBag from /home/airflow/.local/lib/python3.7/site-packages/airflow/example_dags/example_branch_operator_decorator.py
[2022-05-24 12:23:51,515] {processor.py:651} INFO - DAG(s) dict_keys(['example_branch_python_operator_decorator']) retrieved from /home/airflow/.local/lib/python3.7/site-packages/airflow/example_dags/example_branch_operator_decorator.py
[2022-05-24 12:23:51,844] {logging_mixin.py:115} INFO - [2022-05-24 12:23:51,844] {dag.py:2371} INFO - Sync 1 DAGs
[2022-05-24 12:23:51,968] {logging_mixin.py:115} INFO - [2022-05-24 12:23:51,968] {dag.py:2919} INFO - Setting next_dagrun for example_branch_python_operator_decorator to 2022-05-23T00:00:00+00:00, run_after=2022-05-24T00:00:00+00:00
[2022-05-24 12:23:52,038] {processor.py:161} INFO - Processing /home/airflow/.local/lib/python3.7/site-packages/airflow/example_dags/example_branch_operator_decorator.py took 0.584 seconds
[2022-05-24 12:24:23,761] {processor.py:153} INFO - Started process (PID=5138) to work on /home/airflow/.local/lib/python3.7/site-packages/airflow/example_dags/example_branch_operator_decorator.py
[2022-05-24 12:24:23,768] {processor.py:641} INFO - Processing file /home/airflow/.local/lib/python3.7/site-packages/airflow/example_dags/example_branch_operator_decorator.py for tasks to queue
[2022-05-24 12:24:23,776] {logging_mixin.py:115} INFO - [2022-05-24 12:24:23,774] {dagbag.py:507} INFO - Filling up the DagBag from /home/airflow/.local/lib/python3.7/site-packages/airflow/example_dags/example_branch_operator_decorator.py
[2022-05-24 12:24:23,907] {processor.py:651} INFO - DAG(s) dict_keys(['example_branch_python_operator_decorator']) retrieved from /home/airflow/.local/lib/python3.7/site-packages/airflow/example_dags/example_branch_operator_decorator.py
[2022-05-24 12:24:24,046] {logging_mixin.py:115} INFO - [2022-05-24 12:24:24,046] {dag.py:2371} INFO - Sync 1 DAGs
[2022-05-24 12:24:24,194] {logging_mixin.py:115} INFO - [2022-05-24 12:24:24,194] {dag.py:2919} INFO - Setting next_dagrun for example_branch_python_operator_decorator to 2022-05-23T00:00:00+00:00, run_after=2022-05-24T00:00:00+00:00
[2022-05-24 12:24:24,260] {processor.py:161} INFO - Processing /home/airflow/.local/lib/python3.7/site-packages/airflow/example_dags/example_branch_operator_decorator.py took 0.510 seconds
[2022-05-24 12:24:54,632] {processor.py:153} INFO - Started process (PID=5332) to work on /home/airflow/.local/lib/python3.7/site-packages/airflow/example_dags/example_branch_operator_decorator.py
[2022-05-24 12:24:54,635] {processor.py:641} INFO - Processing file /home/airflow/.local/lib/python3.7/site-packages/airflow/example_dags/example_branch_operator_decorator.py for tasks to queue
[2022-05-24 12:24:54,639] {logging_mixin.py:115} INFO - [2022-05-24 12:24:54,638] {dagbag.py:507} INFO - Filling up the DagBag from /home/airflow/.local/lib/python3.7/site-packages/airflow/example_dags/example_branch_operator_decorator.py
[2022-05-24 12:24:54,686] {processor.py:651} INFO - DAG(s) dict_keys(['example_branch_python_operator_decorator']) retrieved from /home/airflow/.local/lib/python3.7/site-packages/airflow/example_dags/example_branch_operator_decorator.py
[2022-05-24 12:24:54,753] {logging_mixin.py:115} INFO - [2022-05-24 12:24:54,753] {dag.py:2371} INFO - Sync 1 DAGs
[2022-05-24 12:24:54,811] {logging_mixin.py:115} INFO - [2022-05-24 12:24:54,811] {dag.py:2919} INFO - Setting next_dagrun for example_branch_python_operator_decorator to 2022-05-23T00:00:00+00:00, run_after=2022-05-24T00:00:00+00:00
[2022-05-24 12:24:54,834] {processor.py:161} INFO - Processing /home/airflow/.local/lib/python3.7/site-packages/airflow/example_dags/example_branch_operator_decorator.py took 0.207 seconds
[2022-05-24 12:25:25,894] {processor.py:153} INFO - Started process (PID=5527) to work on /home/airflow/.local/lib/python3.7/site-packages/airflow/example_dags/example_branch_operator_decorator.py
[2022-05-24 12:25:25,900] {processor.py:641} INFO - Processing file /home/airflow/.local/lib/python3.7/site-packages/airflow/example_dags/example_branch_operator_decorator.py for tasks to queue
[2022-05-24 12:25:25,903] {logging_mixin.py:115} INFO - [2022-05-24 12:25:25,903] {dagbag.py:507} INFO - Filling up the DagBag from /home/airflow/.local/lib/python3.7/site-packages/airflow/example_dags/example_branch_operator_decorator.py
[2022-05-24 12:25:25,938] {processor.py:651} INFO - DAG(s) dict_keys(['example_branch_python_operator_decorator']) retrieved from /home/airflow/.local/lib/python3.7/site-packages/airflow/example_dags/example_branch_operator_decorator.py
[2022-05-24 12:25:25,983] {logging_mixin.py:115} INFO - [2022-05-24 12:25:25,982] {dag.py:2371} INFO - Sync 1 DAGs
[2022-05-24 12:25:26,029] {logging_mixin.py:115} INFO - [2022-05-24 12:25:26,029] {dag.py:2919} INFO - Setting next_dagrun for example_branch_python_operator_decorator to 2022-05-23T00:00:00+00:00, run_after=2022-05-24T00:00:00+00:00
[2022-05-24 12:25:26,068] {processor.py:161} INFO - Processing /home/airflow/.local/lib/python3.7/site-packages/airflow/example_dags/example_branch_operator_decorator.py took 0.184 seconds
[2022-05-24 12:25:56,370] {processor.py:153} INFO - Started process (PID=5732) to work on /home/airflow/.local/lib/python3.7/site-packages/airflow/example_dags/example_branch_operator_decorator.py
[2022-05-24 12:25:56,373] {processor.py:641} INFO - Processing file /home/airflow/.local/lib/python3.7/site-packages/airflow/example_dags/example_branch_operator_decorator.py for tasks to queue
[2022-05-24 12:25:56,375] {logging_mixin.py:115} INFO - [2022-05-24 12:25:56,375] {dagbag.py:507} INFO - Filling up the DagBag from /home/airflow/.local/lib/python3.7/site-packages/airflow/example_dags/example_branch_operator_decorator.py
[2022-05-24 12:25:56,413] {processor.py:651} INFO - DAG(s) dict_keys(['example_branch_python_operator_decorator']) retrieved from /home/airflow/.local/lib/python3.7/site-packages/airflow/example_dags/example_branch_operator_decorator.py
[2022-05-24 12:25:56,468] {logging_mixin.py:115} INFO - [2022-05-24 12:25:56,468] {dag.py:2371} INFO - Sync 1 DAGs
[2022-05-24 12:25:56,539] {logging_mixin.py:115} INFO - [2022-05-24 12:25:56,539] {dag.py:2919} INFO - Setting next_dagrun for example_branch_python_operator_decorator to 2022-05-23T00:00:00+00:00, run_after=2022-05-24T00:00:00+00:00
[2022-05-24 12:25:56,576] {processor.py:161} INFO - Processing /home/airflow/.local/lib/python3.7/site-packages/airflow/example_dags/example_branch_operator_decorator.py took 0.211 seconds
[2022-05-24 12:26:26,744] {processor.py:153} INFO - Started process (PID=5927) to work on /home/airflow/.local/lib/python3.7/site-packages/airflow/example_dags/example_branch_operator_decorator.py
[2022-05-24 12:26:26,747] {processor.py:641} INFO - Processing file /home/airflow/.local/lib/python3.7/site-packages/airflow/example_dags/example_branch_operator_decorator.py for tasks to queue
[2022-05-24 12:26:26,749] {logging_mixin.py:115} INFO - [2022-05-24 12:26:26,749] {dagbag.py:507} INFO - Filling up the DagBag from /home/airflow/.local/lib/python3.7/site-packages/airflow/example_dags/example_branch_operator_decorator.py
[2022-05-24 12:26:26,779] {processor.py:651} INFO - DAG(s) dict_keys(['example_branch_python_operator_decorator']) retrieved from /home/airflow/.local/lib/python3.7/site-packages/airflow/example_dags/example_branch_operator_decorator.py
[2022-05-24 12:26:26,818] {logging_mixin.py:115} INFO - [2022-05-24 12:26:26,818] {dag.py:2371} INFO - Sync 1 DAGs
[2022-05-24 12:26:26,857] {logging_mixin.py:115} INFO - [2022-05-24 12:26:26,856] {dag.py:2919} INFO - Setting next_dagrun for example_branch_python_operator_decorator to 2022-05-23T00:00:00+00:00, run_after=2022-05-24T00:00:00+00:00
[2022-05-24 12:26:26,875] {processor.py:161} INFO - Processing /home/airflow/.local/lib/python3.7/site-packages/airflow/example_dags/example_branch_operator_decorator.py took 0.136 seconds
[2022-05-24 12:26:57,657] {processor.py:153} INFO - Started process (PID=6120) to work on /home/airflow/.local/lib/python3.7/site-packages/airflow/example_dags/example_branch_operator_decorator.py
[2022-05-24 12:26:57,662] {processor.py:641} INFO - Processing file /home/airflow/.local/lib/python3.7/site-packages/airflow/example_dags/example_branch_operator_decorator.py for tasks to queue
[2022-05-24 12:26:57,664] {logging_mixin.py:115} INFO - [2022-05-24 12:26:57,664] {dagbag.py:507} INFO - Filling up the DagBag from /home/airflow/.local/lib/python3.7/site-packages/airflow/example_dags/example_branch_operator_decorator.py
[2022-05-24 12:26:57,700] {processor.py:651} INFO - DAG(s) dict_keys(['example_branch_python_operator_decorator']) retrieved from /home/airflow/.local/lib/python3.7/site-packages/airflow/example_dags/example_branch_operator_decorator.py
[2022-05-24 12:26:57,755] {logging_mixin.py:115} INFO - [2022-05-24 12:26:57,755] {dag.py:2371} INFO - Sync 1 DAGs
[2022-05-24 12:26:57,798] {logging_mixin.py:115} INFO - [2022-05-24 12:26:57,798] {dag.py:2919} INFO - Setting next_dagrun for example_branch_python_operator_decorator to 2022-05-23T00:00:00+00:00, run_after=2022-05-24T00:00:00+00:00
[2022-05-24 12:26:57,837] {processor.py:161} INFO - Processing /home/airflow/.local/lib/python3.7/site-packages/airflow/example_dags/example_branch_operator_decorator.py took 0.190 seconds
[2022-05-24 12:27:28,607] {processor.py:153} INFO - Started process (PID=6324) to work on /home/airflow/.local/lib/python3.7/site-packages/airflow/example_dags/example_branch_operator_decorator.py
[2022-05-24 12:27:28,614] {processor.py:641} INFO - Processing file /home/airflow/.local/lib/python3.7/site-packages/airflow/example_dags/example_branch_operator_decorator.py for tasks to queue
[2022-05-24 12:27:28,623] {logging_mixin.py:115} INFO - [2022-05-24 12:27:28,623] {dagbag.py:507} INFO - Filling up the DagBag from /home/airflow/.local/lib/python3.7/site-packages/airflow/example_dags/example_branch_operator_decorator.py
[2022-05-24 12:27:28,713] {processor.py:651} INFO - DAG(s) dict_keys(['example_branch_python_operator_decorator']) retrieved from /home/airflow/.local/lib/python3.7/site-packages/airflow/example_dags/example_branch_operator_decorator.py
[2022-05-24 12:27:28,812] {logging_mixin.py:115} INFO - [2022-05-24 12:27:28,812] {dag.py:2371} INFO - Sync 1 DAGs
[2022-05-24 12:27:28,912] {logging_mixin.py:115} INFO - [2022-05-24 12:27:28,912] {dag.py:2919} INFO - Setting next_dagrun for example_branch_python_operator_decorator to 2022-05-23T00:00:00+00:00, run_after=2022-05-24T00:00:00+00:00
[2022-05-24 12:27:28,949] {processor.py:161} INFO - Processing /home/airflow/.local/lib/python3.7/site-packages/airflow/example_dags/example_branch_operator_decorator.py took 0.364 seconds
[2022-05-24 12:27:59,801] {processor.py:153} INFO - Started process (PID=6516) to work on /home/airflow/.local/lib/python3.7/site-packages/airflow/example_dags/example_branch_operator_decorator.py
[2022-05-24 12:27:59,803] {processor.py:641} INFO - Processing file /home/airflow/.local/lib/python3.7/site-packages/airflow/example_dags/example_branch_operator_decorator.py for tasks to queue
[2022-05-24 12:27:59,805] {logging_mixin.py:115} INFO - [2022-05-24 12:27:59,805] {dagbag.py:507} INFO - Filling up the DagBag from /home/airflow/.local/lib/python3.7/site-packages/airflow/example_dags/example_branch_operator_decorator.py
[2022-05-24 12:27:59,855] {processor.py:651} INFO - DAG(s) dict_keys(['example_branch_python_operator_decorator']) retrieved from /home/airflow/.local/lib/python3.7/site-packages/airflow/example_dags/example_branch_operator_decorator.py
[2022-05-24 12:27:59,932] {logging_mixin.py:115} INFO - [2022-05-24 12:27:59,932] {dag.py:2371} INFO - Sync 1 DAGs
[2022-05-24 12:28:00,129] {logging_mixin.py:115} INFO - [2022-05-24 12:28:00,129] {dag.py:2919} INFO - Setting next_dagrun for example_branch_python_operator_decorator to 2022-05-23T00:00:00+00:00, run_after=2022-05-24T00:00:00+00:00
[2022-05-24 12:28:00,179] {processor.py:161} INFO - Processing /home/airflow/.local/lib/python3.7/site-packages/airflow/example_dags/example_branch_operator_decorator.py took 0.402 seconds
[2022-05-24 12:28:30,681] {processor.py:153} INFO - Started process (PID=6712) to work on /home/airflow/.local/lib/python3.7/site-packages/airflow/example_dags/example_branch_operator_decorator.py
[2022-05-24 12:28:30,684] {processor.py:641} INFO - Processing file /home/airflow/.local/lib/python3.7/site-packages/airflow/example_dags/example_branch_operator_decorator.py for tasks to queue
[2022-05-24 12:28:30,685] {logging_mixin.py:115} INFO - [2022-05-24 12:28:30,685] {dagbag.py:507} INFO - Filling up the DagBag from /home/airflow/.local/lib/python3.7/site-packages/airflow/example_dags/example_branch_operator_decorator.py
[2022-05-24 12:28:30,712] {processor.py:651} INFO - DAG(s) dict_keys(['example_branch_python_operator_decorator']) retrieved from /home/airflow/.local/lib/python3.7/site-packages/airflow/example_dags/example_branch_operator_decorator.py
[2022-05-24 12:28:30,750] {logging_mixin.py:115} INFO - [2022-05-24 12:28:30,750] {dag.py:2371} INFO - Sync 1 DAGs
[2022-05-24 12:28:30,815] {logging_mixin.py:115} INFO - [2022-05-24 12:28:30,815] {dag.py:2919} INFO - Setting next_dagrun for example_branch_python_operator_decorator to 2022-05-23T00:00:00+00:00, run_after=2022-05-24T00:00:00+00:00
[2022-05-24 12:28:30,845] {processor.py:161} INFO - Processing /home/airflow/.local/lib/python3.7/site-packages/airflow/example_dags/example_branch_operator_decorator.py took 0.169 seconds
[2022-05-24 12:29:01,199] {processor.py:153} INFO - Started process (PID=6919) to work on /home/airflow/.local/lib/python3.7/site-packages/airflow/example_dags/example_branch_operator_decorator.py
[2022-05-24 12:29:01,203] {processor.py:641} INFO - Processing file /home/airflow/.local/lib/python3.7/site-packages/airflow/example_dags/example_branch_operator_decorator.py for tasks to queue
[2022-05-24 12:29:01,206] {logging_mixin.py:115} INFO - [2022-05-24 12:29:01,206] {dagbag.py:507} INFO - Filling up the DagBag from /home/airflow/.local/lib/python3.7/site-packages/airflow/example_dags/example_branch_operator_decorator.py
[2022-05-24 12:29:01,268] {processor.py:651} INFO - DAG(s) dict_keys(['example_branch_python_operator_decorator']) retrieved from /home/airflow/.local/lib/python3.7/site-packages/airflow/example_dags/example_branch_operator_decorator.py
[2022-05-24 12:29:01,333] {logging_mixin.py:115} INFO - [2022-05-24 12:29:01,333] {dag.py:2371} INFO - Sync 1 DAGs
[2022-05-24 12:29:01,380] {logging_mixin.py:115} INFO - [2022-05-24 12:29:01,380] {dag.py:2919} INFO - Setting next_dagrun for example_branch_python_operator_decorator to 2022-05-23T00:00:00+00:00, run_after=2022-05-24T00:00:00+00:00
[2022-05-24 12:29:01,432] {processor.py:161} INFO - Processing /home/airflow/.local/lib/python3.7/site-packages/airflow/example_dags/example_branch_operator_decorator.py took 0.239 seconds
[2022-05-24 12:29:31,856] {processor.py:153} INFO - Started process (PID=7113) to work on /home/airflow/.local/lib/python3.7/site-packages/airflow/example_dags/example_branch_operator_decorator.py
[2022-05-24 12:29:31,859] {processor.py:641} INFO - Processing file /home/airflow/.local/lib/python3.7/site-packages/airflow/example_dags/example_branch_operator_decorator.py for tasks to queue
[2022-05-24 12:29:31,863] {logging_mixin.py:115} INFO - [2022-05-24 12:29:31,862] {dagbag.py:507} INFO - Filling up the DagBag from /home/airflow/.local/lib/python3.7/site-packages/airflow/example_dags/example_branch_operator_decorator.py
[2022-05-24 12:29:31,909] {processor.py:651} INFO - DAG(s) dict_keys(['example_branch_python_operator_decorator']) retrieved from /home/airflow/.local/lib/python3.7/site-packages/airflow/example_dags/example_branch_operator_decorator.py
[2022-05-24 12:29:31,990] {logging_mixin.py:115} INFO - [2022-05-24 12:29:31,990] {dag.py:2371} INFO - Sync 1 DAGs
[2022-05-24 12:29:32,043] {logging_mixin.py:115} INFO - [2022-05-24 12:29:32,043] {dag.py:2919} INFO - Setting next_dagrun for example_branch_python_operator_decorator to 2022-05-23T00:00:00+00:00, run_after=2022-05-24T00:00:00+00:00
[2022-05-24 12:29:32,085] {processor.py:161} INFO - Processing /home/airflow/.local/lib/python3.7/site-packages/airflow/example_dags/example_branch_operator_decorator.py took 0.240 seconds
