[2022-05-24 12:11:58,942] {processor.py:153} INFO - Started process (PID=318) to work on /home/airflow/.local/lib/python3.7/site-packages/airflow/example_dags/example_complex.py
[2022-05-24 12:11:58,949] {processor.py:641} INFO - Processing file /home/airflow/.local/lib/python3.7/site-packages/airflow/example_dags/example_complex.py for tasks to queue
[2022-05-24 12:11:58,954] {logging_mixin.py:115} INFO - [2022-05-24 12:11:58,954] {dagbag.py:507} INFO - Filling up the DagBag from /home/airflow/.local/lib/python3.7/site-packages/airflow/example_dags/example_complex.py
[2022-05-24 12:11:59,018] {processor.py:651} INFO - DAG(s) dict_keys(['example_complex']) retrieved from /home/airflow/.local/lib/python3.7/site-packages/airflow/example_dags/example_complex.py
[2022-05-24 12:11:59,621] {logging_mixin.py:115} INFO - [2022-05-24 12:11:59,620] {manager.py:508} INFO - Created Permission View: can delete on DAG:example_complex
[2022-05-24 12:11:59,664] {logging_mixin.py:115} INFO - [2022-05-24 12:11:59,662] {manager.py:508} INFO - Created Permission View: can edit on DAG:example_complex
[2022-05-24 12:11:59,710] {logging_mixin.py:115} INFO - [2022-05-24 12:11:59,710] {manager.py:508} INFO - Created Permission View: can read on DAG:example_complex
[2022-05-24 12:11:59,714] {logging_mixin.py:115} INFO - [2022-05-24 12:11:59,713] {dag.py:2371} INFO - Sync 1 DAGs
[2022-05-24 12:11:59,769] {logging_mixin.py:115} INFO - [2022-05-24 12:11:59,769] {dag.py:2390} INFO - Creating ORM DAG for example_complex
[2022-05-24 12:11:59,842] {logging_mixin.py:115} INFO - [2022-05-24 12:11:59,842] {dag.py:2919} INFO - Setting next_dagrun for example_complex to None, run_after=None
[2022-05-24 12:11:59,923] {processor.py:161} INFO - Processing /home/airflow/.local/lib/python3.7/site-packages/airflow/example_dags/example_complex.py took 0.990 seconds
[2022-05-24 12:12:30,387] {processor.py:153} INFO - Started process (PID=516) to work on /home/airflow/.local/lib/python3.7/site-packages/airflow/example_dags/example_complex.py
[2022-05-24 12:12:30,389] {processor.py:641} INFO - Processing file /home/airflow/.local/lib/python3.7/site-packages/airflow/example_dags/example_complex.py for tasks to queue
[2022-05-24 12:12:30,394] {logging_mixin.py:115} INFO - [2022-05-24 12:12:30,394] {dagbag.py:507} INFO - Filling up the DagBag from /home/airflow/.local/lib/python3.7/site-packages/airflow/example_dags/example_complex.py
[2022-05-24 12:12:30,415] {processor.py:651} INFO - DAG(s) dict_keys(['example_complex']) retrieved from /home/airflow/.local/lib/python3.7/site-packages/airflow/example_dags/example_complex.py
[2022-05-24 12:12:30,486] {logging_mixin.py:115} INFO - [2022-05-24 12:12:30,486] {dag.py:2371} INFO - Sync 1 DAGs
[2022-05-24 12:12:30,529] {logging_mixin.py:115} INFO - [2022-05-24 12:12:30,529] {dag.py:2919} INFO - Setting next_dagrun for example_complex to None, run_after=None
[2022-05-24 12:12:30,551] {processor.py:161} INFO - Processing /home/airflow/.local/lib/python3.7/site-packages/airflow/example_dags/example_complex.py took 0.172 seconds
[2022-05-24 12:13:01,512] {processor.py:153} INFO - Started process (PID=709) to work on /home/airflow/.local/lib/python3.7/site-packages/airflow/example_dags/example_complex.py
[2022-05-24 12:13:01,515] {processor.py:641} INFO - Processing file /home/airflow/.local/lib/python3.7/site-packages/airflow/example_dags/example_complex.py for tasks to queue
[2022-05-24 12:13:01,519] {logging_mixin.py:115} INFO - [2022-05-24 12:13:01,519] {dagbag.py:507} INFO - Filling up the DagBag from /home/airflow/.local/lib/python3.7/site-packages/airflow/example_dags/example_complex.py
[2022-05-24 12:13:01,553] {processor.py:651} INFO - DAG(s) dict_keys(['example_complex']) retrieved from /home/airflow/.local/lib/python3.7/site-packages/airflow/example_dags/example_complex.py
[2022-05-24 12:13:01,603] {logging_mixin.py:115} INFO - [2022-05-24 12:13:01,603] {dag.py:2371} INFO - Sync 1 DAGs
[2022-05-24 12:13:01,668] {logging_mixin.py:115} INFO - [2022-05-24 12:13:01,668] {dag.py:2919} INFO - Setting next_dagrun for example_complex to None, run_after=None
[2022-05-24 12:13:01,697] {processor.py:161} INFO - Processing /home/airflow/.local/lib/python3.7/site-packages/airflow/example_dags/example_complex.py took 0.196 seconds
[2022-05-24 12:13:32,509] {processor.py:153} INFO - Started process (PID=926) to work on /home/airflow/.local/lib/python3.7/site-packages/airflow/example_dags/example_complex.py
[2022-05-24 12:13:32,511] {processor.py:641} INFO - Processing file /home/airflow/.local/lib/python3.7/site-packages/airflow/example_dags/example_complex.py for tasks to queue
[2022-05-24 12:13:32,514] {logging_mixin.py:115} INFO - [2022-05-24 12:13:32,514] {dagbag.py:507} INFO - Filling up the DagBag from /home/airflow/.local/lib/python3.7/site-packages/airflow/example_dags/example_complex.py
[2022-05-24 12:13:32,545] {processor.py:651} INFO - DAG(s) dict_keys(['example_complex']) retrieved from /home/airflow/.local/lib/python3.7/site-packages/airflow/example_dags/example_complex.py
[2022-05-24 12:13:32,637] {logging_mixin.py:115} INFO - [2022-05-24 12:13:32,637] {dag.py:2371} INFO - Sync 1 DAGs
[2022-05-24 12:13:32,714] {logging_mixin.py:115} INFO - [2022-05-24 12:13:32,714] {dag.py:2919} INFO - Setting next_dagrun for example_complex to None, run_after=None
[2022-05-24 12:13:32,743] {processor.py:161} INFO - Processing /home/airflow/.local/lib/python3.7/site-packages/airflow/example_dags/example_complex.py took 0.243 seconds
[2022-05-24 12:14:03,551] {processor.py:153} INFO - Started process (PID=1120) to work on /home/airflow/.local/lib/python3.7/site-packages/airflow/example_dags/example_complex.py
[2022-05-24 12:14:03,555] {processor.py:641} INFO - Processing file /home/airflow/.local/lib/python3.7/site-packages/airflow/example_dags/example_complex.py for tasks to queue
[2022-05-24 12:14:03,558] {logging_mixin.py:115} INFO - [2022-05-24 12:14:03,558] {dagbag.py:507} INFO - Filling up the DagBag from /home/airflow/.local/lib/python3.7/site-packages/airflow/example_dags/example_complex.py
[2022-05-24 12:14:03,588] {processor.py:651} INFO - DAG(s) dict_keys(['example_complex']) retrieved from /home/airflow/.local/lib/python3.7/site-packages/airflow/example_dags/example_complex.py
[2022-05-24 12:14:03,642] {logging_mixin.py:115} INFO - [2022-05-24 12:14:03,642] {dag.py:2371} INFO - Sync 1 DAGs
[2022-05-24 12:14:03,683] {logging_mixin.py:115} INFO - [2022-05-24 12:14:03,683] {dag.py:2919} INFO - Setting next_dagrun for example_complex to None, run_after=None
[2022-05-24 12:14:03,712] {processor.py:161} INFO - Processing /home/airflow/.local/lib/python3.7/site-packages/airflow/example_dags/example_complex.py took 0.165 seconds
[2022-05-24 12:14:34,405] {processor.py:153} INFO - Started process (PID=1326) to work on /home/airflow/.local/lib/python3.7/site-packages/airflow/example_dags/example_complex.py
[2022-05-24 12:14:34,412] {processor.py:641} INFO - Processing file /home/airflow/.local/lib/python3.7/site-packages/airflow/example_dags/example_complex.py for tasks to queue
[2022-05-24 12:14:34,415] {logging_mixin.py:115} INFO - [2022-05-24 12:14:34,414] {dagbag.py:507} INFO - Filling up the DagBag from /home/airflow/.local/lib/python3.7/site-packages/airflow/example_dags/example_complex.py
[2022-05-24 12:14:34,478] {processor.py:651} INFO - DAG(s) dict_keys(['example_complex']) retrieved from /home/airflow/.local/lib/python3.7/site-packages/airflow/example_dags/example_complex.py
[2022-05-24 12:14:34,578] {logging_mixin.py:115} INFO - [2022-05-24 12:14:34,578] {dag.py:2371} INFO - Sync 1 DAGs
[2022-05-24 12:14:34,665] {logging_mixin.py:115} INFO - [2022-05-24 12:14:34,665] {dag.py:2919} INFO - Setting next_dagrun for example_complex to None, run_after=None
[2022-05-24 12:14:34,701] {processor.py:161} INFO - Processing /home/airflow/.local/lib/python3.7/site-packages/airflow/example_dags/example_complex.py took 0.312 seconds
[2022-05-24 12:15:05,131] {processor.py:153} INFO - Started process (PID=1522) to work on /home/airflow/.local/lib/python3.7/site-packages/airflow/example_dags/example_complex.py
[2022-05-24 12:15:05,134] {processor.py:641} INFO - Processing file /home/airflow/.local/lib/python3.7/site-packages/airflow/example_dags/example_complex.py for tasks to queue
[2022-05-24 12:15:05,143] {logging_mixin.py:115} INFO - [2022-05-24 12:15:05,143] {dagbag.py:507} INFO - Filling up the DagBag from /home/airflow/.local/lib/python3.7/site-packages/airflow/example_dags/example_complex.py
[2022-05-24 12:15:05,187] {processor.py:651} INFO - DAG(s) dict_keys(['example_complex']) retrieved from /home/airflow/.local/lib/python3.7/site-packages/airflow/example_dags/example_complex.py
[2022-05-24 12:15:05,296] {logging_mixin.py:115} INFO - [2022-05-24 12:15:05,296] {dag.py:2371} INFO - Sync 1 DAGs
[2022-05-24 12:15:05,348] {logging_mixin.py:115} INFO - [2022-05-24 12:15:05,348] {dag.py:2919} INFO - Setting next_dagrun for example_complex to None, run_after=None
[2022-05-24 12:15:05,389] {processor.py:161} INFO - Processing /home/airflow/.local/lib/python3.7/site-packages/airflow/example_dags/example_complex.py took 0.263 seconds
[2022-05-24 12:15:35,715] {processor.py:153} INFO - Started process (PID=1725) to work on /home/airflow/.local/lib/python3.7/site-packages/airflow/example_dags/example_complex.py
[2022-05-24 12:15:35,718] {processor.py:641} INFO - Processing file /home/airflow/.local/lib/python3.7/site-packages/airflow/example_dags/example_complex.py for tasks to queue
[2022-05-24 12:15:35,720] {logging_mixin.py:115} INFO - [2022-05-24 12:15:35,720] {dagbag.py:507} INFO - Filling up the DagBag from /home/airflow/.local/lib/python3.7/site-packages/airflow/example_dags/example_complex.py
[2022-05-24 12:15:35,786] {processor.py:651} INFO - DAG(s) dict_keys(['example_complex']) retrieved from /home/airflow/.local/lib/python3.7/site-packages/airflow/example_dags/example_complex.py
[2022-05-24 12:15:35,870] {logging_mixin.py:115} INFO - [2022-05-24 12:15:35,870] {dag.py:2371} INFO - Sync 1 DAGs
[2022-05-24 12:15:35,928] {logging_mixin.py:115} INFO - [2022-05-24 12:15:35,928] {dag.py:2919} INFO - Setting next_dagrun for example_complex to None, run_after=None
[2022-05-24 12:15:35,974] {processor.py:161} INFO - Processing /home/airflow/.local/lib/python3.7/site-packages/airflow/example_dags/example_complex.py took 0.275 seconds
[2022-05-24 12:16:06,959] {processor.py:153} INFO - Started process (PID=1933) to work on /home/airflow/.local/lib/python3.7/site-packages/airflow/example_dags/example_complex.py
[2022-05-24 12:16:06,967] {processor.py:641} INFO - Processing file /home/airflow/.local/lib/python3.7/site-packages/airflow/example_dags/example_complex.py for tasks to queue
[2022-05-24 12:16:06,977] {logging_mixin.py:115} INFO - [2022-05-24 12:16:06,971] {dagbag.py:507} INFO - Filling up the DagBag from /home/airflow/.local/lib/python3.7/site-packages/airflow/example_dags/example_complex.py
[2022-05-24 12:16:07,013] {processor.py:651} INFO - DAG(s) dict_keys(['example_complex']) retrieved from /home/airflow/.local/lib/python3.7/site-packages/airflow/example_dags/example_complex.py
[2022-05-24 12:16:07,115] {logging_mixin.py:115} INFO - [2022-05-24 12:16:07,115] {dag.py:2371} INFO - Sync 1 DAGs
[2022-05-24 12:16:07,181] {logging_mixin.py:115} INFO - [2022-05-24 12:16:07,181] {dag.py:2919} INFO - Setting next_dagrun for example_complex to None, run_after=None
[2022-05-24 12:16:07,228] {processor.py:161} INFO - Processing /home/airflow/.local/lib/python3.7/site-packages/airflow/example_dags/example_complex.py took 0.273 seconds
[2022-05-24 12:16:38,000] {processor.py:153} INFO - Started process (PID=2125) to work on /home/airflow/.local/lib/python3.7/site-packages/airflow/example_dags/example_complex.py
[2022-05-24 12:16:38,004] {processor.py:641} INFO - Processing file /home/airflow/.local/lib/python3.7/site-packages/airflow/example_dags/example_complex.py for tasks to queue
[2022-05-24 12:16:38,005] {logging_mixin.py:115} INFO - [2022-05-24 12:16:38,005] {dagbag.py:507} INFO - Filling up the DagBag from /home/airflow/.local/lib/python3.7/site-packages/airflow/example_dags/example_complex.py
[2022-05-24 12:16:38,027] {processor.py:651} INFO - DAG(s) dict_keys(['example_complex']) retrieved from /home/airflow/.local/lib/python3.7/site-packages/airflow/example_dags/example_complex.py
[2022-05-24 12:16:38,085] {logging_mixin.py:115} INFO - [2022-05-24 12:16:38,084] {dag.py:2371} INFO - Sync 1 DAGs
[2022-05-24 12:16:38,120] {logging_mixin.py:115} INFO - [2022-05-24 12:16:38,120] {dag.py:2919} INFO - Setting next_dagrun for example_complex to None, run_after=None
[2022-05-24 12:16:38,147] {processor.py:161} INFO - Processing /home/airflow/.local/lib/python3.7/site-packages/airflow/example_dags/example_complex.py took 0.152 seconds
[2022-05-24 12:17:08,635] {processor.py:153} INFO - Started process (PID=2328) to work on /home/airflow/.local/lib/python3.7/site-packages/airflow/example_dags/example_complex.py
[2022-05-24 12:17:08,638] {processor.py:641} INFO - Processing file /home/airflow/.local/lib/python3.7/site-packages/airflow/example_dags/example_complex.py for tasks to queue
[2022-05-24 12:17:08,640] {logging_mixin.py:115} INFO - [2022-05-24 12:17:08,640] {dagbag.py:507} INFO - Filling up the DagBag from /home/airflow/.local/lib/python3.7/site-packages/airflow/example_dags/example_complex.py
[2022-05-24 12:17:08,665] {processor.py:651} INFO - DAG(s) dict_keys(['example_complex']) retrieved from /home/airflow/.local/lib/python3.7/site-packages/airflow/example_dags/example_complex.py
[2022-05-24 12:17:08,710] {logging_mixin.py:115} INFO - [2022-05-24 12:17:08,710] {dag.py:2371} INFO - Sync 1 DAGs
[2022-05-24 12:17:08,741] {logging_mixin.py:115} INFO - [2022-05-24 12:17:08,741] {dag.py:2919} INFO - Setting next_dagrun for example_complex to None, run_after=None
[2022-05-24 12:17:08,793] {processor.py:161} INFO - Processing /home/airflow/.local/lib/python3.7/site-packages/airflow/example_dags/example_complex.py took 0.163 seconds
[2022-05-24 12:17:39,072] {processor.py:153} INFO - Started process (PID=2524) to work on /home/airflow/.local/lib/python3.7/site-packages/airflow/example_dags/example_complex.py
[2022-05-24 12:17:39,077] {processor.py:641} INFO - Processing file /home/airflow/.local/lib/python3.7/site-packages/airflow/example_dags/example_complex.py for tasks to queue
[2022-05-24 12:17:39,080] {logging_mixin.py:115} INFO - [2022-05-24 12:17:39,080] {dagbag.py:507} INFO - Filling up the DagBag from /home/airflow/.local/lib/python3.7/site-packages/airflow/example_dags/example_complex.py
[2022-05-24 12:17:39,130] {processor.py:651} INFO - DAG(s) dict_keys(['example_complex']) retrieved from /home/airflow/.local/lib/python3.7/site-packages/airflow/example_dags/example_complex.py
[2022-05-24 12:17:39,209] {logging_mixin.py:115} INFO - [2022-05-24 12:17:39,209] {dag.py:2371} INFO - Sync 1 DAGs
[2022-05-24 12:17:39,250] {logging_mixin.py:115} INFO - [2022-05-24 12:17:39,249] {dag.py:2919} INFO - Setting next_dagrun for example_complex to None, run_after=None
[2022-05-24 12:17:39,279] {processor.py:161} INFO - Processing /home/airflow/.local/lib/python3.7/site-packages/airflow/example_dags/example_complex.py took 0.217 seconds
[2022-05-24 12:18:10,185] {processor.py:153} INFO - Started process (PID=2732) to work on /home/airflow/.local/lib/python3.7/site-packages/airflow/example_dags/example_complex.py
[2022-05-24 12:18:10,193] {processor.py:641} INFO - Processing file /home/airflow/.local/lib/python3.7/site-packages/airflow/example_dags/example_complex.py for tasks to queue
[2022-05-24 12:18:10,205] {logging_mixin.py:115} INFO - [2022-05-24 12:18:10,205] {dagbag.py:507} INFO - Filling up the DagBag from /home/airflow/.local/lib/python3.7/site-packages/airflow/example_dags/example_complex.py
[2022-05-24 12:18:10,266] {processor.py:651} INFO - DAG(s) dict_keys(['example_complex']) retrieved from /home/airflow/.local/lib/python3.7/site-packages/airflow/example_dags/example_complex.py
[2022-05-24 12:18:10,396] {logging_mixin.py:115} INFO - [2022-05-24 12:18:10,396] {dag.py:2371} INFO - Sync 1 DAGs
[2022-05-24 12:18:10,476] {logging_mixin.py:115} INFO - [2022-05-24 12:18:10,476] {dag.py:2919} INFO - Setting next_dagrun for example_complex to None, run_after=None
[2022-05-24 12:18:10,607] {processor.py:161} INFO - Processing /home/airflow/.local/lib/python3.7/site-packages/airflow/example_dags/example_complex.py took 0.428 seconds
[2022-05-24 12:18:41,435] {processor.py:153} INFO - Started process (PID=2929) to work on /home/airflow/.local/lib/python3.7/site-packages/airflow/example_dags/example_complex.py
[2022-05-24 12:18:41,444] {processor.py:641} INFO - Processing file /home/airflow/.local/lib/python3.7/site-packages/airflow/example_dags/example_complex.py for tasks to queue
[2022-05-24 12:18:41,451] {logging_mixin.py:115} INFO - [2022-05-24 12:18:41,450] {dagbag.py:507} INFO - Filling up the DagBag from /home/airflow/.local/lib/python3.7/site-packages/airflow/example_dags/example_complex.py
[2022-05-24 12:18:41,527] {processor.py:651} INFO - DAG(s) dict_keys(['example_complex']) retrieved from /home/airflow/.local/lib/python3.7/site-packages/airflow/example_dags/example_complex.py
[2022-05-24 12:18:41,647] {logging_mixin.py:115} INFO - [2022-05-24 12:18:41,647] {dag.py:2371} INFO - Sync 1 DAGs
[2022-05-24 12:18:41,816] {logging_mixin.py:115} INFO - [2022-05-24 12:18:41,815] {dag.py:2919} INFO - Setting next_dagrun for example_complex to None, run_after=None
[2022-05-24 12:18:41,917] {processor.py:161} INFO - Processing /home/airflow/.local/lib/python3.7/site-packages/airflow/example_dags/example_complex.py took 0.488 seconds
[2022-05-24 12:19:12,170] {processor.py:153} INFO - Started process (PID=3131) to work on /home/airflow/.local/lib/python3.7/site-packages/airflow/example_dags/example_complex.py
[2022-05-24 12:19:12,172] {processor.py:641} INFO - Processing file /home/airflow/.local/lib/python3.7/site-packages/airflow/example_dags/example_complex.py for tasks to queue
[2022-05-24 12:19:12,175] {logging_mixin.py:115} INFO - [2022-05-24 12:19:12,175] {dagbag.py:507} INFO - Filling up the DagBag from /home/airflow/.local/lib/python3.7/site-packages/airflow/example_dags/example_complex.py
[2022-05-24 12:19:12,196] {processor.py:651} INFO - DAG(s) dict_keys(['example_complex']) retrieved from /home/airflow/.local/lib/python3.7/site-packages/airflow/example_dags/example_complex.py
[2022-05-24 12:19:12,241] {logging_mixin.py:115} INFO - [2022-05-24 12:19:12,241] {dag.py:2371} INFO - Sync 1 DAGs
[2022-05-24 12:19:12,277] {logging_mixin.py:115} INFO - [2022-05-24 12:19:12,277] {dag.py:2919} INFO - Setting next_dagrun for example_complex to None, run_after=None
[2022-05-24 12:19:12,298] {processor.py:161} INFO - Processing /home/airflow/.local/lib/python3.7/site-packages/airflow/example_dags/example_complex.py took 0.136 seconds
[2022-05-24 12:19:42,426] {processor.py:153} INFO - Started process (PID=3335) to work on /home/airflow/.local/lib/python3.7/site-packages/airflow/example_dags/example_complex.py
[2022-05-24 12:19:42,431] {processor.py:641} INFO - Processing file /home/airflow/.local/lib/python3.7/site-packages/airflow/example_dags/example_complex.py for tasks to queue
[2022-05-24 12:19:42,433] {logging_mixin.py:115} INFO - [2022-05-24 12:19:42,433] {dagbag.py:507} INFO - Filling up the DagBag from /home/airflow/.local/lib/python3.7/site-packages/airflow/example_dags/example_complex.py
[2022-05-24 12:19:42,484] {processor.py:651} INFO - DAG(s) dict_keys(['example_complex']) retrieved from /home/airflow/.local/lib/python3.7/site-packages/airflow/example_dags/example_complex.py
[2022-05-24 12:19:42,566] {logging_mixin.py:115} INFO - [2022-05-24 12:19:42,566] {dag.py:2371} INFO - Sync 1 DAGs
[2022-05-24 12:19:42,620] {logging_mixin.py:115} INFO - [2022-05-24 12:19:42,620] {dag.py:2919} INFO - Setting next_dagrun for example_complex to None, run_after=None
[2022-05-24 12:19:42,657] {processor.py:161} INFO - Processing /home/airflow/.local/lib/python3.7/site-packages/airflow/example_dags/example_complex.py took 0.241 seconds
[2022-05-24 12:20:13,034] {processor.py:153} INFO - Started process (PID=3524) to work on /home/airflow/.local/lib/python3.7/site-packages/airflow/example_dags/example_complex.py
[2022-05-24 12:20:13,037] {processor.py:641} INFO - Processing file /home/airflow/.local/lib/python3.7/site-packages/airflow/example_dags/example_complex.py for tasks to queue
[2022-05-24 12:20:13,041] {logging_mixin.py:115} INFO - [2022-05-24 12:20:13,041] {dagbag.py:507} INFO - Filling up the DagBag from /home/airflow/.local/lib/python3.7/site-packages/airflow/example_dags/example_complex.py
[2022-05-24 12:20:13,075] {processor.py:651} INFO - DAG(s) dict_keys(['example_complex']) retrieved from /home/airflow/.local/lib/python3.7/site-packages/airflow/example_dags/example_complex.py
[2022-05-24 12:20:13,145] {logging_mixin.py:115} INFO - [2022-05-24 12:20:13,145] {dag.py:2371} INFO - Sync 1 DAGs
[2022-05-24 12:20:13,181] {logging_mixin.py:115} INFO - [2022-05-24 12:20:13,181] {dag.py:2919} INFO - Setting next_dagrun for example_complex to None, run_after=None
[2022-05-24 12:20:13,201] {processor.py:161} INFO - Processing /home/airflow/.local/lib/python3.7/site-packages/airflow/example_dags/example_complex.py took 0.179 seconds
[2022-05-24 12:20:43,346] {processor.py:153} INFO - Started process (PID=3718) to work on /home/airflow/.local/lib/python3.7/site-packages/airflow/example_dags/example_complex.py
[2022-05-24 12:20:43,348] {processor.py:641} INFO - Processing file /home/airflow/.local/lib/python3.7/site-packages/airflow/example_dags/example_complex.py for tasks to queue
[2022-05-24 12:20:43,351] {logging_mixin.py:115} INFO - [2022-05-24 12:20:43,351] {dagbag.py:507} INFO - Filling up the DagBag from /home/airflow/.local/lib/python3.7/site-packages/airflow/example_dags/example_complex.py
[2022-05-24 12:20:43,377] {processor.py:651} INFO - DAG(s) dict_keys(['example_complex']) retrieved from /home/airflow/.local/lib/python3.7/site-packages/airflow/example_dags/example_complex.py
[2022-05-24 12:20:43,437] {logging_mixin.py:115} INFO - [2022-05-24 12:20:43,437] {dag.py:2371} INFO - Sync 1 DAGs
[2022-05-24 12:20:43,489] {logging_mixin.py:115} INFO - [2022-05-24 12:20:43,489] {dag.py:2919} INFO - Setting next_dagrun for example_complex to None, run_after=None
[2022-05-24 12:20:43,533] {processor.py:161} INFO - Processing /home/airflow/.local/lib/python3.7/site-packages/airflow/example_dags/example_complex.py took 0.193 seconds
[2022-05-24 12:21:14,228] {processor.py:153} INFO - Started process (PID=3923) to work on /home/airflow/.local/lib/python3.7/site-packages/airflow/example_dags/example_complex.py
[2022-05-24 12:21:14,230] {processor.py:641} INFO - Processing file /home/airflow/.local/lib/python3.7/site-packages/airflow/example_dags/example_complex.py for tasks to queue
[2022-05-24 12:21:14,232] {logging_mixin.py:115} INFO - [2022-05-24 12:21:14,232] {dagbag.py:507} INFO - Filling up the DagBag from /home/airflow/.local/lib/python3.7/site-packages/airflow/example_dags/example_complex.py
[2022-05-24 12:21:14,255] {processor.py:651} INFO - DAG(s) dict_keys(['example_complex']) retrieved from /home/airflow/.local/lib/python3.7/site-packages/airflow/example_dags/example_complex.py
[2022-05-24 12:21:14,299] {logging_mixin.py:115} INFO - [2022-05-24 12:21:14,299] {dag.py:2371} INFO - Sync 1 DAGs
[2022-05-24 12:21:14,358] {logging_mixin.py:115} INFO - [2022-05-24 12:21:14,358] {dag.py:2919} INFO - Setting next_dagrun for example_complex to None, run_after=None
[2022-05-24 12:21:14,379] {processor.py:161} INFO - Processing /home/airflow/.local/lib/python3.7/site-packages/airflow/example_dags/example_complex.py took 0.155 seconds
[2022-05-24 12:21:45,023] {processor.py:153} INFO - Started process (PID=4127) to work on /home/airflow/.local/lib/python3.7/site-packages/airflow/example_dags/example_complex.py
[2022-05-24 12:21:45,029] {processor.py:641} INFO - Processing file /home/airflow/.local/lib/python3.7/site-packages/airflow/example_dags/example_complex.py for tasks to queue
[2022-05-24 12:21:45,039] {logging_mixin.py:115} INFO - [2022-05-24 12:21:45,038] {dagbag.py:507} INFO - Filling up the DagBag from /home/airflow/.local/lib/python3.7/site-packages/airflow/example_dags/example_complex.py
[2022-05-24 12:21:45,093] {processor.py:651} INFO - DAG(s) dict_keys(['example_complex']) retrieved from /home/airflow/.local/lib/python3.7/site-packages/airflow/example_dags/example_complex.py
[2022-05-24 12:21:45,189] {logging_mixin.py:115} INFO - [2022-05-24 12:21:45,189] {dag.py:2371} INFO - Sync 1 DAGs
[2022-05-24 12:21:45,242] {logging_mixin.py:115} INFO - [2022-05-24 12:21:45,242] {dag.py:2919} INFO - Setting next_dagrun for example_complex to None, run_after=None
[2022-05-24 12:21:45,265] {processor.py:161} INFO - Processing /home/airflow/.local/lib/python3.7/site-packages/airflow/example_dags/example_complex.py took 0.249 seconds
[2022-05-24 12:22:16,791] {processor.py:153} INFO - Started process (PID=4323) to work on /home/airflow/.local/lib/python3.7/site-packages/airflow/example_dags/example_complex.py
[2022-05-24 12:22:16,801] {processor.py:641} INFO - Processing file /home/airflow/.local/lib/python3.7/site-packages/airflow/example_dags/example_complex.py for tasks to queue
[2022-05-24 12:22:16,815] {logging_mixin.py:115} INFO - [2022-05-24 12:22:16,806] {dagbag.py:507} INFO - Filling up the DagBag from /home/airflow/.local/lib/python3.7/site-packages/airflow/example_dags/example_complex.py
[2022-05-24 12:22:16,974] {processor.py:651} INFO - DAG(s) dict_keys(['example_complex']) retrieved from /home/airflow/.local/lib/python3.7/site-packages/airflow/example_dags/example_complex.py
[2022-05-24 12:22:17,245] {logging_mixin.py:115} INFO - [2022-05-24 12:22:17,245] {dag.py:2371} INFO - Sync 1 DAGs
[2022-05-24 12:22:17,394] {logging_mixin.py:115} INFO - [2022-05-24 12:22:17,393] {dag.py:2919} INFO - Setting next_dagrun for example_complex to None, run_after=None
[2022-05-24 12:22:17,484] {processor.py:161} INFO - Processing /home/airflow/.local/lib/python3.7/site-packages/airflow/example_dags/example_complex.py took 0.701 seconds
[2022-05-24 12:22:47,815] {processor.py:153} INFO - Started process (PID=4520) to work on /home/airflow/.local/lib/python3.7/site-packages/airflow/example_dags/example_complex.py
[2022-05-24 12:22:47,829] {processor.py:641} INFO - Processing file /home/airflow/.local/lib/python3.7/site-packages/airflow/example_dags/example_complex.py for tasks to queue
[2022-05-24 12:22:47,837] {logging_mixin.py:115} INFO - [2022-05-24 12:22:47,837] {dagbag.py:507} INFO - Filling up the DagBag from /home/airflow/.local/lib/python3.7/site-packages/airflow/example_dags/example_complex.py
[2022-05-24 12:22:47,917] {processor.py:651} INFO - DAG(s) dict_keys(['example_complex']) retrieved from /home/airflow/.local/lib/python3.7/site-packages/airflow/example_dags/example_complex.py
[2022-05-24 12:22:48,117] {logging_mixin.py:115} INFO - [2022-05-24 12:22:48,117] {dag.py:2371} INFO - Sync 1 DAGs
[2022-05-24 12:22:48,260] {logging_mixin.py:115} INFO - [2022-05-24 12:22:48,259] {dag.py:2919} INFO - Setting next_dagrun for example_complex to None, run_after=None
[2022-05-24 12:22:48,344] {processor.py:161} INFO - Processing /home/airflow/.local/lib/python3.7/site-packages/airflow/example_dags/example_complex.py took 0.540 seconds
[2022-05-24 12:23:19,643] {processor.py:153} INFO - Started process (PID=4722) to work on /home/airflow/.local/lib/python3.7/site-packages/airflow/example_dags/example_complex.py
[2022-05-24 12:23:19,663] {processor.py:641} INFO - Processing file /home/airflow/.local/lib/python3.7/site-packages/airflow/example_dags/example_complex.py for tasks to queue
[2022-05-24 12:23:19,675] {logging_mixin.py:115} INFO - [2022-05-24 12:23:19,675] {dagbag.py:507} INFO - Filling up the DagBag from /home/airflow/.local/lib/python3.7/site-packages/airflow/example_dags/example_complex.py
[2022-05-24 12:23:19,735] {processor.py:651} INFO - DAG(s) dict_keys(['example_complex']) retrieved from /home/airflow/.local/lib/python3.7/site-packages/airflow/example_dags/example_complex.py
[2022-05-24 12:23:19,841] {logging_mixin.py:115} INFO - [2022-05-24 12:23:19,840] {dag.py:2371} INFO - Sync 1 DAGs
[2022-05-24 12:23:19,933] {logging_mixin.py:115} INFO - [2022-05-24 12:23:19,933] {dag.py:2919} INFO - Setting next_dagrun for example_complex to None, run_after=None
[2022-05-24 12:23:19,969] {processor.py:161} INFO - Processing /home/airflow/.local/lib/python3.7/site-packages/airflow/example_dags/example_complex.py took 0.339 seconds
[2022-05-24 12:23:50,474] {processor.py:153} INFO - Started process (PID=4913) to work on /home/airflow/.local/lib/python3.7/site-packages/airflow/example_dags/example_complex.py
[2022-05-24 12:23:50,503] {processor.py:641} INFO - Processing file /home/airflow/.local/lib/python3.7/site-packages/airflow/example_dags/example_complex.py for tasks to queue
[2022-05-24 12:23:50,511] {logging_mixin.py:115} INFO - [2022-05-24 12:23:50,510] {dagbag.py:507} INFO - Filling up the DagBag from /home/airflow/.local/lib/python3.7/site-packages/airflow/example_dags/example_complex.py
[2022-05-24 12:23:50,588] {processor.py:651} INFO - DAG(s) dict_keys(['example_complex']) retrieved from /home/airflow/.local/lib/python3.7/site-packages/airflow/example_dags/example_complex.py
[2022-05-24 12:23:50,727] {logging_mixin.py:115} INFO - [2022-05-24 12:23:50,726] {dag.py:2371} INFO - Sync 1 DAGs
[2022-05-24 12:23:50,861] {logging_mixin.py:115} INFO - [2022-05-24 12:23:50,861] {dag.py:2919} INFO - Setting next_dagrun for example_complex to None, run_after=None
[2022-05-24 12:23:50,929] {processor.py:161} INFO - Processing /home/airflow/.local/lib/python3.7/site-packages/airflow/example_dags/example_complex.py took 0.460 seconds
[2022-05-24 12:24:21,322] {processor.py:153} INFO - Started process (PID=5115) to work on /home/airflow/.local/lib/python3.7/site-packages/airflow/example_dags/example_complex.py
[2022-05-24 12:24:21,326] {processor.py:641} INFO - Processing file /home/airflow/.local/lib/python3.7/site-packages/airflow/example_dags/example_complex.py for tasks to queue
[2022-05-24 12:24:21,329] {logging_mixin.py:115} INFO - [2022-05-24 12:24:21,329] {dagbag.py:507} INFO - Filling up the DagBag from /home/airflow/.local/lib/python3.7/site-packages/airflow/example_dags/example_complex.py
[2022-05-24 12:24:21,732] {processor.py:651} INFO - DAG(s) dict_keys(['example_complex']) retrieved from /home/airflow/.local/lib/python3.7/site-packages/airflow/example_dags/example_complex.py
[2022-05-24 12:24:22,012] {logging_mixin.py:115} INFO - [2022-05-24 12:24:22,012] {dag.py:2371} INFO - Sync 1 DAGs
[2022-05-24 12:24:22,218] {logging_mixin.py:115} INFO - [2022-05-24 12:24:22,218] {dag.py:2919} INFO - Setting next_dagrun for example_complex to None, run_after=None
[2022-05-24 12:24:22,621] {processor.py:161} INFO - Processing /home/airflow/.local/lib/python3.7/site-packages/airflow/example_dags/example_complex.py took 1.357 seconds
[2022-05-24 12:24:53,026] {processor.py:153} INFO - Started process (PID=5312) to work on /home/airflow/.local/lib/python3.7/site-packages/airflow/example_dags/example_complex.py
[2022-05-24 12:24:53,037] {processor.py:641} INFO - Processing file /home/airflow/.local/lib/python3.7/site-packages/airflow/example_dags/example_complex.py for tasks to queue
[2022-05-24 12:24:53,041] {logging_mixin.py:115} INFO - [2022-05-24 12:24:53,040] {dagbag.py:507} INFO - Filling up the DagBag from /home/airflow/.local/lib/python3.7/site-packages/airflow/example_dags/example_complex.py
[2022-05-24 12:24:53,089] {processor.py:651} INFO - DAG(s) dict_keys(['example_complex']) retrieved from /home/airflow/.local/lib/python3.7/site-packages/airflow/example_dags/example_complex.py
[2022-05-24 12:24:53,183] {logging_mixin.py:115} INFO - [2022-05-24 12:24:53,183] {dag.py:2371} INFO - Sync 1 DAGs
[2022-05-24 12:24:53,266] {logging_mixin.py:115} INFO - [2022-05-24 12:24:53,266] {dag.py:2919} INFO - Setting next_dagrun for example_complex to None, run_after=None
[2022-05-24 12:24:53,311] {processor.py:161} INFO - Processing /home/airflow/.local/lib/python3.7/site-packages/airflow/example_dags/example_complex.py took 0.296 seconds
[2022-05-24 12:25:24,125] {processor.py:153} INFO - Started process (PID=5506) to work on /home/airflow/.local/lib/python3.7/site-packages/airflow/example_dags/example_complex.py
[2022-05-24 12:25:24,128] {processor.py:641} INFO - Processing file /home/airflow/.local/lib/python3.7/site-packages/airflow/example_dags/example_complex.py for tasks to queue
[2022-05-24 12:25:24,135] {logging_mixin.py:115} INFO - [2022-05-24 12:25:24,135] {dagbag.py:507} INFO - Filling up the DagBag from /home/airflow/.local/lib/python3.7/site-packages/airflow/example_dags/example_complex.py
[2022-05-24 12:25:24,198] {processor.py:651} INFO - DAG(s) dict_keys(['example_complex']) retrieved from /home/airflow/.local/lib/python3.7/site-packages/airflow/example_dags/example_complex.py
[2022-05-24 12:25:24,343] {logging_mixin.py:115} INFO - [2022-05-24 12:25:24,343] {dag.py:2371} INFO - Sync 1 DAGs
[2022-05-24 12:25:24,405] {logging_mixin.py:115} INFO - [2022-05-24 12:25:24,405] {dag.py:2919} INFO - Setting next_dagrun for example_complex to None, run_after=None
[2022-05-24 12:25:24,446] {processor.py:161} INFO - Processing /home/airflow/.local/lib/python3.7/site-packages/airflow/example_dags/example_complex.py took 0.359 seconds
[2022-05-24 12:25:54,935] {processor.py:153} INFO - Started process (PID=5712) to work on /home/airflow/.local/lib/python3.7/site-packages/airflow/example_dags/example_complex.py
[2022-05-24 12:25:54,938] {processor.py:641} INFO - Processing file /home/airflow/.local/lib/python3.7/site-packages/airflow/example_dags/example_complex.py for tasks to queue
[2022-05-24 12:25:54,946] {logging_mixin.py:115} INFO - [2022-05-24 12:25:54,946] {dagbag.py:507} INFO - Filling up the DagBag from /home/airflow/.local/lib/python3.7/site-packages/airflow/example_dags/example_complex.py
[2022-05-24 12:25:54,986] {processor.py:651} INFO - DAG(s) dict_keys(['example_complex']) retrieved from /home/airflow/.local/lib/python3.7/site-packages/airflow/example_dags/example_complex.py
[2022-05-24 12:25:55,039] {logging_mixin.py:115} INFO - [2022-05-24 12:25:55,039] {dag.py:2371} INFO - Sync 1 DAGs
[2022-05-24 12:25:55,093] {logging_mixin.py:115} INFO - [2022-05-24 12:25:55,093] {dag.py:2919} INFO - Setting next_dagrun for example_complex to None, run_after=None
[2022-05-24 12:25:55,112] {processor.py:161} INFO - Processing /home/airflow/.local/lib/python3.7/site-packages/airflow/example_dags/example_complex.py took 0.184 seconds
[2022-05-24 12:26:25,372] {processor.py:153} INFO - Started process (PID=5906) to work on /home/airflow/.local/lib/python3.7/site-packages/airflow/example_dags/example_complex.py
[2022-05-24 12:26:25,375] {processor.py:641} INFO - Processing file /home/airflow/.local/lib/python3.7/site-packages/airflow/example_dags/example_complex.py for tasks to queue
[2022-05-24 12:26:25,377] {logging_mixin.py:115} INFO - [2022-05-24 12:26:25,377] {dagbag.py:507} INFO - Filling up the DagBag from /home/airflow/.local/lib/python3.7/site-packages/airflow/example_dags/example_complex.py
[2022-05-24 12:26:25,398] {processor.py:651} INFO - DAG(s) dict_keys(['example_complex']) retrieved from /home/airflow/.local/lib/python3.7/site-packages/airflow/example_dags/example_complex.py
[2022-05-24 12:26:25,448] {logging_mixin.py:115} INFO - [2022-05-24 12:26:25,448] {dag.py:2371} INFO - Sync 1 DAGs
[2022-05-24 12:26:25,482] {logging_mixin.py:115} INFO - [2022-05-24 12:26:25,481] {dag.py:2919} INFO - Setting next_dagrun for example_complex to None, run_after=None
[2022-05-24 12:26:25,501] {processor.py:161} INFO - Processing /home/airflow/.local/lib/python3.7/site-packages/airflow/example_dags/example_complex.py took 0.133 seconds
[2022-05-24 12:26:55,788] {processor.py:153} INFO - Started process (PID=6099) to work on /home/airflow/.local/lib/python3.7/site-packages/airflow/example_dags/example_complex.py
[2022-05-24 12:26:55,796] {processor.py:641} INFO - Processing file /home/airflow/.local/lib/python3.7/site-packages/airflow/example_dags/example_complex.py for tasks to queue
[2022-05-24 12:26:55,802] {logging_mixin.py:115} INFO - [2022-05-24 12:26:55,800] {dagbag.py:507} INFO - Filling up the DagBag from /home/airflow/.local/lib/python3.7/site-packages/airflow/example_dags/example_complex.py
[2022-05-24 12:26:55,838] {processor.py:651} INFO - DAG(s) dict_keys(['example_complex']) retrieved from /home/airflow/.local/lib/python3.7/site-packages/airflow/example_dags/example_complex.py
[2022-05-24 12:26:55,888] {logging_mixin.py:115} INFO - [2022-05-24 12:26:55,887] {dag.py:2371} INFO - Sync 1 DAGs
[2022-05-24 12:26:55,950] {logging_mixin.py:115} INFO - [2022-05-24 12:26:55,950] {dag.py:2919} INFO - Setting next_dagrun for example_complex to None, run_after=None
[2022-05-24 12:26:55,973] {processor.py:161} INFO - Processing /home/airflow/.local/lib/python3.7/site-packages/airflow/example_dags/example_complex.py took 0.193 seconds
[2022-05-24 12:27:26,750] {processor.py:153} INFO - Started process (PID=6304) to work on /home/airflow/.local/lib/python3.7/site-packages/airflow/example_dags/example_complex.py
[2022-05-24 12:27:26,761] {processor.py:641} INFO - Processing file /home/airflow/.local/lib/python3.7/site-packages/airflow/example_dags/example_complex.py for tasks to queue
[2022-05-24 12:27:26,763] {logging_mixin.py:115} INFO - [2022-05-24 12:27:26,763] {dagbag.py:507} INFO - Filling up the DagBag from /home/airflow/.local/lib/python3.7/site-packages/airflow/example_dags/example_complex.py
[2022-05-24 12:27:26,830] {processor.py:651} INFO - DAG(s) dict_keys(['example_complex']) retrieved from /home/airflow/.local/lib/python3.7/site-packages/airflow/example_dags/example_complex.py
[2022-05-24 12:27:26,944] {logging_mixin.py:115} INFO - [2022-05-24 12:27:26,944] {dag.py:2371} INFO - Sync 1 DAGs
[2022-05-24 12:27:27,010] {logging_mixin.py:115} INFO - [2022-05-24 12:27:27,010] {dag.py:2919} INFO - Setting next_dagrun for example_complex to None, run_after=None
[2022-05-24 12:27:27,044] {processor.py:161} INFO - Processing /home/airflow/.local/lib/python3.7/site-packages/airflow/example_dags/example_complex.py took 0.298 seconds
[2022-05-24 12:27:57,430] {processor.py:153} INFO - Started process (PID=6498) to work on /home/airflow/.local/lib/python3.7/site-packages/airflow/example_dags/example_complex.py
[2022-05-24 12:27:57,431] {processor.py:641} INFO - Processing file /home/airflow/.local/lib/python3.7/site-packages/airflow/example_dags/example_complex.py for tasks to queue
[2022-05-24 12:27:57,433] {logging_mixin.py:115} INFO - [2022-05-24 12:27:57,433] {dagbag.py:507} INFO - Filling up the DagBag from /home/airflow/.local/lib/python3.7/site-packages/airflow/example_dags/example_complex.py
[2022-05-24 12:27:57,455] {processor.py:651} INFO - DAG(s) dict_keys(['example_complex']) retrieved from /home/airflow/.local/lib/python3.7/site-packages/airflow/example_dags/example_complex.py
[2022-05-24 12:27:57,506] {logging_mixin.py:115} INFO - [2022-05-24 12:27:57,506] {dag.py:2371} INFO - Sync 1 DAGs
[2022-05-24 12:27:57,542] {logging_mixin.py:115} INFO - [2022-05-24 12:27:57,542] {dag.py:2919} INFO - Setting next_dagrun for example_complex to None, run_after=None
[2022-05-24 12:27:57,570] {processor.py:161} INFO - Processing /home/airflow/.local/lib/python3.7/site-packages/airflow/example_dags/example_complex.py took 0.145 seconds
[2022-05-24 12:28:28,307] {processor.py:153} INFO - Started process (PID=6692) to work on /home/airflow/.local/lib/python3.7/site-packages/airflow/example_dags/example_complex.py
[2022-05-24 12:28:28,310] {processor.py:641} INFO - Processing file /home/airflow/.local/lib/python3.7/site-packages/airflow/example_dags/example_complex.py for tasks to queue
[2022-05-24 12:28:28,313] {logging_mixin.py:115} INFO - [2022-05-24 12:28:28,312] {dagbag.py:507} INFO - Filling up the DagBag from /home/airflow/.local/lib/python3.7/site-packages/airflow/example_dags/example_complex.py
[2022-05-24 12:28:28,342] {processor.py:651} INFO - DAG(s) dict_keys(['example_complex']) retrieved from /home/airflow/.local/lib/python3.7/site-packages/airflow/example_dags/example_complex.py
[2022-05-24 12:28:28,405] {logging_mixin.py:115} INFO - [2022-05-24 12:28:28,405] {dag.py:2371} INFO - Sync 1 DAGs
[2022-05-24 12:28:28,450] {logging_mixin.py:115} INFO - [2022-05-24 12:28:28,450] {dag.py:2919} INFO - Setting next_dagrun for example_complex to None, run_after=None
[2022-05-24 12:28:28,470] {processor.py:161} INFO - Processing /home/airflow/.local/lib/python3.7/site-packages/airflow/example_dags/example_complex.py took 0.170 seconds
[2022-05-24 12:28:58,825] {processor.py:153} INFO - Started process (PID=6887) to work on /home/airflow/.local/lib/python3.7/site-packages/airflow/example_dags/example_complex.py
[2022-05-24 12:28:58,833] {processor.py:641} INFO - Processing file /home/airflow/.local/lib/python3.7/site-packages/airflow/example_dags/example_complex.py for tasks to queue
[2022-05-24 12:28:58,844] {logging_mixin.py:115} INFO - [2022-05-24 12:28:58,843] {dagbag.py:507} INFO - Filling up the DagBag from /home/airflow/.local/lib/python3.7/site-packages/airflow/example_dags/example_complex.py
[2022-05-24 12:28:58,948] {processor.py:651} INFO - DAG(s) dict_keys(['example_complex']) retrieved from /home/airflow/.local/lib/python3.7/site-packages/airflow/example_dags/example_complex.py
[2022-05-24 12:28:59,095] {logging_mixin.py:115} INFO - [2022-05-24 12:28:59,095] {dag.py:2371} INFO - Sync 1 DAGs
[2022-05-24 12:28:59,307] {logging_mixin.py:115} INFO - [2022-05-24 12:28:59,306] {dag.py:2919} INFO - Setting next_dagrun for example_complex to None, run_after=None
[2022-05-24 12:28:59,373] {processor.py:161} INFO - Processing /home/airflow/.local/lib/python3.7/site-packages/airflow/example_dags/example_complex.py took 0.556 seconds
[2022-05-24 12:29:29,532] {processor.py:153} INFO - Started process (PID=7093) to work on /home/airflow/.local/lib/python3.7/site-packages/airflow/example_dags/example_complex.py
[2022-05-24 12:29:29,533] {processor.py:641} INFO - Processing file /home/airflow/.local/lib/python3.7/site-packages/airflow/example_dags/example_complex.py for tasks to queue
[2022-05-24 12:29:29,535] {logging_mixin.py:115} INFO - [2022-05-24 12:29:29,535] {dagbag.py:507} INFO - Filling up the DagBag from /home/airflow/.local/lib/python3.7/site-packages/airflow/example_dags/example_complex.py
[2022-05-24 12:29:29,563] {processor.py:651} INFO - DAG(s) dict_keys(['example_complex']) retrieved from /home/airflow/.local/lib/python3.7/site-packages/airflow/example_dags/example_complex.py
[2022-05-24 12:29:29,609] {logging_mixin.py:115} INFO - [2022-05-24 12:29:29,608] {dag.py:2371} INFO - Sync 1 DAGs
[2022-05-24 12:29:29,646] {logging_mixin.py:115} INFO - [2022-05-24 12:29:29,646] {dag.py:2919} INFO - Setting next_dagrun for example_complex to None, run_after=None
[2022-05-24 12:29:29,674] {processor.py:161} INFO - Processing /home/airflow/.local/lib/python3.7/site-packages/airflow/example_dags/example_complex.py took 0.147 seconds
