[2022-05-24 12:11:47,243] {processor.py:153} INFO - Started process (PID=226) to work on /home/airflow/.local/lib/python3.7/site-packages/airflow/example_dags/example_python_operator.py
[2022-05-24 12:11:47,245] {processor.py:641} INFO - Processing file /home/airflow/.local/lib/python3.7/site-packages/airflow/example_dags/example_python_operator.py for tasks to queue
[2022-05-24 12:11:47,247] {logging_mixin.py:115} INFO - [2022-05-24 12:11:47,247] {dagbag.py:507} INFO - Filling up the DagBag from /home/airflow/.local/lib/python3.7/site-packages/airflow/example_dags/example_python_operator.py
[2022-05-24 12:11:47,324] {processor.py:651} INFO - DAG(s) dict_keys(['example_python_operator']) retrieved from /home/airflow/.local/lib/python3.7/site-packages/airflow/example_dags/example_python_operator.py
[2022-05-24 12:11:47,788] {logging_mixin.py:115} INFO - [2022-05-24 12:11:47,788] {manager.py:508} INFO - Created Permission View: can delete on DAG:example_python_operator
[2022-05-24 12:11:47,838] {logging_mixin.py:115} INFO - [2022-05-24 12:11:47,838] {manager.py:508} INFO - Created Permission View: can edit on DAG:example_python_operator
[2022-05-24 12:11:47,868] {logging_mixin.py:115} INFO - [2022-05-24 12:11:47,867] {manager.py:508} INFO - Created Permission View: can read on DAG:example_python_operator
[2022-05-24 12:11:47,870] {logging_mixin.py:115} INFO - [2022-05-24 12:11:47,869] {dag.py:2371} INFO - Sync 1 DAGs
[2022-05-24 12:11:47,917] {logging_mixin.py:115} INFO - [2022-05-24 12:11:47,917] {dag.py:2390} INFO - Creating ORM DAG for example_python_operator
[2022-05-24 12:11:48,009] {logging_mixin.py:115} INFO - [2022-05-24 12:11:48,009] {dag.py:2919} INFO - Setting next_dagrun for example_python_operator to None, run_after=None
[2022-05-24 12:11:48,159] {processor.py:161} INFO - Processing /home/airflow/.local/lib/python3.7/site-packages/airflow/example_dags/example_python_operator.py took 0.921 seconds
[2022-05-24 12:12:18,864] {processor.py:153} INFO - Started process (PID=420) to work on /home/airflow/.local/lib/python3.7/site-packages/airflow/example_dags/example_python_operator.py
[2022-05-24 12:12:18,867] {processor.py:641} INFO - Processing file /home/airflow/.local/lib/python3.7/site-packages/airflow/example_dags/example_python_operator.py for tasks to queue
[2022-05-24 12:12:18,870] {logging_mixin.py:115} INFO - [2022-05-24 12:12:18,870] {dagbag.py:507} INFO - Filling up the DagBag from /home/airflow/.local/lib/python3.7/site-packages/airflow/example_dags/example_python_operator.py
[2022-05-24 12:12:18,911] {processor.py:651} INFO - DAG(s) dict_keys(['example_python_operator']) retrieved from /home/airflow/.local/lib/python3.7/site-packages/airflow/example_dags/example_python_operator.py
[2022-05-24 12:12:18,989] {logging_mixin.py:115} INFO - [2022-05-24 12:12:18,989] {dag.py:2371} INFO - Sync 1 DAGs
[2022-05-24 12:12:19,036] {logging_mixin.py:115} INFO - [2022-05-24 12:12:19,036] {dag.py:2919} INFO - Setting next_dagrun for example_python_operator to None, run_after=None
[2022-05-24 12:12:19,064] {processor.py:161} INFO - Processing /home/airflow/.local/lib/python3.7/site-packages/airflow/example_dags/example_python_operator.py took 0.209 seconds
[2022-05-24 12:12:49,543] {processor.py:153} INFO - Started process (PID=614) to work on /home/airflow/.local/lib/python3.7/site-packages/airflow/example_dags/example_python_operator.py
[2022-05-24 12:12:49,546] {processor.py:641} INFO - Processing file /home/airflow/.local/lib/python3.7/site-packages/airflow/example_dags/example_python_operator.py for tasks to queue
[2022-05-24 12:12:49,547] {logging_mixin.py:115} INFO - [2022-05-24 12:12:49,547] {dagbag.py:507} INFO - Filling up the DagBag from /home/airflow/.local/lib/python3.7/site-packages/airflow/example_dags/example_python_operator.py
[2022-05-24 12:12:49,574] {processor.py:651} INFO - DAG(s) dict_keys(['example_python_operator']) retrieved from /home/airflow/.local/lib/python3.7/site-packages/airflow/example_dags/example_python_operator.py
[2022-05-24 12:12:49,620] {logging_mixin.py:115} INFO - [2022-05-24 12:12:49,620] {dag.py:2371} INFO - Sync 1 DAGs
[2022-05-24 12:12:49,655] {logging_mixin.py:115} INFO - [2022-05-24 12:12:49,655] {dag.py:2919} INFO - Setting next_dagrun for example_python_operator to None, run_after=None
[2022-05-24 12:12:49,674] {processor.py:161} INFO - Processing /home/airflow/.local/lib/python3.7/site-packages/airflow/example_dags/example_python_operator.py took 0.138 seconds
[2022-05-24 12:13:20,221] {processor.py:153} INFO - Started process (PID=828) to work on /home/airflow/.local/lib/python3.7/site-packages/airflow/example_dags/example_python_operator.py
[2022-05-24 12:13:20,225] {processor.py:641} INFO - Processing file /home/airflow/.local/lib/python3.7/site-packages/airflow/example_dags/example_python_operator.py for tasks to queue
[2022-05-24 12:13:20,228] {logging_mixin.py:115} INFO - [2022-05-24 12:13:20,228] {dagbag.py:507} INFO - Filling up the DagBag from /home/airflow/.local/lib/python3.7/site-packages/airflow/example_dags/example_python_operator.py
[2022-05-24 12:13:20,282] {processor.py:651} INFO - DAG(s) dict_keys(['example_python_operator']) retrieved from /home/airflow/.local/lib/python3.7/site-packages/airflow/example_dags/example_python_operator.py
[2022-05-24 12:13:20,407] {logging_mixin.py:115} INFO - [2022-05-24 12:13:20,406] {dag.py:2371} INFO - Sync 1 DAGs
[2022-05-24 12:13:20,479] {logging_mixin.py:115} INFO - [2022-05-24 12:13:20,479] {dag.py:2919} INFO - Setting next_dagrun for example_python_operator to None, run_after=None
[2022-05-24 12:13:20,501] {processor.py:161} INFO - Processing /home/airflow/.local/lib/python3.7/site-packages/airflow/example_dags/example_python_operator.py took 0.296 seconds
[2022-05-24 12:13:50,632] {processor.py:153} INFO - Started process (PID=1022) to work on /home/airflow/.local/lib/python3.7/site-packages/airflow/example_dags/example_python_operator.py
[2022-05-24 12:13:50,635] {processor.py:641} INFO - Processing file /home/airflow/.local/lib/python3.7/site-packages/airflow/example_dags/example_python_operator.py for tasks to queue
[2022-05-24 12:13:50,636] {logging_mixin.py:115} INFO - [2022-05-24 12:13:50,636] {dagbag.py:507} INFO - Filling up the DagBag from /home/airflow/.local/lib/python3.7/site-packages/airflow/example_dags/example_python_operator.py
[2022-05-24 12:13:50,661] {processor.py:651} INFO - DAG(s) dict_keys(['example_python_operator']) retrieved from /home/airflow/.local/lib/python3.7/site-packages/airflow/example_dags/example_python_operator.py
[2022-05-24 12:13:50,698] {logging_mixin.py:115} INFO - [2022-05-24 12:13:50,698] {dag.py:2371} INFO - Sync 1 DAGs
[2022-05-24 12:13:50,729] {logging_mixin.py:115} INFO - [2022-05-24 12:13:50,729] {dag.py:2919} INFO - Setting next_dagrun for example_python_operator to None, run_after=None
[2022-05-24 12:13:50,746] {processor.py:161} INFO - Processing /home/airflow/.local/lib/python3.7/site-packages/airflow/example_dags/example_python_operator.py took 0.118 seconds
[2022-05-24 12:14:21,311] {processor.py:153} INFO - Started process (PID=1232) to work on /home/airflow/.local/lib/python3.7/site-packages/airflow/example_dags/example_python_operator.py
[2022-05-24 12:14:21,313] {processor.py:641} INFO - Processing file /home/airflow/.local/lib/python3.7/site-packages/airflow/example_dags/example_python_operator.py for tasks to queue
[2022-05-24 12:14:21,315] {logging_mixin.py:115} INFO - [2022-05-24 12:14:21,314] {dagbag.py:507} INFO - Filling up the DagBag from /home/airflow/.local/lib/python3.7/site-packages/airflow/example_dags/example_python_operator.py
[2022-05-24 12:14:21,356] {processor.py:651} INFO - DAG(s) dict_keys(['example_python_operator']) retrieved from /home/airflow/.local/lib/python3.7/site-packages/airflow/example_dags/example_python_operator.py
[2022-05-24 12:14:21,412] {logging_mixin.py:115} INFO - [2022-05-24 12:14:21,411] {dag.py:2371} INFO - Sync 1 DAGs
[2022-05-24 12:14:21,447] {logging_mixin.py:115} INFO - [2022-05-24 12:14:21,447] {dag.py:2919} INFO - Setting next_dagrun for example_python_operator to None, run_after=None
[2022-05-24 12:14:21,478] {processor.py:161} INFO - Processing /home/airflow/.local/lib/python3.7/site-packages/airflow/example_dags/example_python_operator.py took 0.174 seconds
[2022-05-24 12:14:52,018] {processor.py:153} INFO - Started process (PID=1426) to work on /home/airflow/.local/lib/python3.7/site-packages/airflow/example_dags/example_python_operator.py
[2022-05-24 12:14:52,022] {processor.py:641} INFO - Processing file /home/airflow/.local/lib/python3.7/site-packages/airflow/example_dags/example_python_operator.py for tasks to queue
[2022-05-24 12:14:52,028] {logging_mixin.py:115} INFO - [2022-05-24 12:14:52,028] {dagbag.py:507} INFO - Filling up the DagBag from /home/airflow/.local/lib/python3.7/site-packages/airflow/example_dags/example_python_operator.py
[2022-05-24 12:14:52,053] {processor.py:651} INFO - DAG(s) dict_keys(['example_python_operator']) retrieved from /home/airflow/.local/lib/python3.7/site-packages/airflow/example_dags/example_python_operator.py
[2022-05-24 12:14:52,094] {logging_mixin.py:115} INFO - [2022-05-24 12:14:52,093] {dag.py:2371} INFO - Sync 1 DAGs
[2022-05-24 12:14:52,129] {logging_mixin.py:115} INFO - [2022-05-24 12:14:52,129] {dag.py:2919} INFO - Setting next_dagrun for example_python_operator to None, run_after=None
[2022-05-24 12:14:52,149] {processor.py:161} INFO - Processing /home/airflow/.local/lib/python3.7/site-packages/airflow/example_dags/example_python_operator.py took 0.135 seconds
[2022-05-24 12:15:22,762] {processor.py:153} INFO - Started process (PID=1631) to work on /home/airflow/.local/lib/python3.7/site-packages/airflow/example_dags/example_python_operator.py
[2022-05-24 12:15:22,761] {processor.py:641} INFO - Processing file /home/airflow/.local/lib/python3.7/site-packages/airflow/example_dags/example_python_operator.py for tasks to queue
[2022-05-24 12:15:22,766] {logging_mixin.py:115} INFO - [2022-05-24 12:15:22,765] {dagbag.py:507} INFO - Filling up the DagBag from /home/airflow/.local/lib/python3.7/site-packages/airflow/example_dags/example_python_operator.py
[2022-05-24 12:15:22,912] {processor.py:651} INFO - DAG(s) dict_keys(['example_python_operator']) retrieved from /home/airflow/.local/lib/python3.7/site-packages/airflow/example_dags/example_python_operator.py
[2022-05-24 12:15:23,084] {logging_mixin.py:115} INFO - [2022-05-24 12:15:23,084] {dag.py:2371} INFO - Sync 1 DAGs
[2022-05-24 12:15:23,185] {logging_mixin.py:115} INFO - [2022-05-24 12:15:23,185] {dag.py:2919} INFO - Setting next_dagrun for example_python_operator to None, run_after=None
[2022-05-24 12:15:23,238] {processor.py:161} INFO - Processing /home/airflow/.local/lib/python3.7/site-packages/airflow/example_dags/example_python_operator.py took 0.522 seconds
[2022-05-24 12:15:53,409] {processor.py:153} INFO - Started process (PID=1823) to work on /home/airflow/.local/lib/python3.7/site-packages/airflow/example_dags/example_python_operator.py
[2022-05-24 12:15:53,412] {processor.py:641} INFO - Processing file /home/airflow/.local/lib/python3.7/site-packages/airflow/example_dags/example_python_operator.py for tasks to queue
[2022-05-24 12:15:53,413] {logging_mixin.py:115} INFO - [2022-05-24 12:15:53,413] {dagbag.py:507} INFO - Filling up the DagBag from /home/airflow/.local/lib/python3.7/site-packages/airflow/example_dags/example_python_operator.py
[2022-05-24 12:15:53,436] {processor.py:651} INFO - DAG(s) dict_keys(['example_python_operator']) retrieved from /home/airflow/.local/lib/python3.7/site-packages/airflow/example_dags/example_python_operator.py
[2022-05-24 12:15:53,475] {logging_mixin.py:115} INFO - [2022-05-24 12:15:53,475] {dag.py:2371} INFO - Sync 1 DAGs
[2022-05-24 12:15:53,508] {logging_mixin.py:115} INFO - [2022-05-24 12:15:53,507] {dag.py:2919} INFO - Setting next_dagrun for example_python_operator to None, run_after=None
[2022-05-24 12:15:53,525] {processor.py:161} INFO - Processing /home/airflow/.local/lib/python3.7/site-packages/airflow/example_dags/example_python_operator.py took 0.120 seconds
[2022-05-24 12:16:23,920] {processor.py:153} INFO - Started process (PID=2030) to work on /home/airflow/.local/lib/python3.7/site-packages/airflow/example_dags/example_python_operator.py
[2022-05-24 12:16:23,924] {processor.py:641} INFO - Processing file /home/airflow/.local/lib/python3.7/site-packages/airflow/example_dags/example_python_operator.py for tasks to queue
[2022-05-24 12:16:23,926] {logging_mixin.py:115} INFO - [2022-05-24 12:16:23,925] {dagbag.py:507} INFO - Filling up the DagBag from /home/airflow/.local/lib/python3.7/site-packages/airflow/example_dags/example_python_operator.py
[2022-05-24 12:16:23,953] {processor.py:651} INFO - DAG(s) dict_keys(['example_python_operator']) retrieved from /home/airflow/.local/lib/python3.7/site-packages/airflow/example_dags/example_python_operator.py
[2022-05-24 12:16:23,992] {logging_mixin.py:115} INFO - [2022-05-24 12:16:23,992] {dag.py:2371} INFO - Sync 1 DAGs
[2022-05-24 12:16:24,030] {logging_mixin.py:115} INFO - [2022-05-24 12:16:24,030] {dag.py:2919} INFO - Setting next_dagrun for example_python_operator to None, run_after=None
[2022-05-24 12:16:24,049] {processor.py:161} INFO - Processing /home/airflow/.local/lib/python3.7/site-packages/airflow/example_dags/example_python_operator.py took 0.133 seconds
[2022-05-24 12:16:54,639] {processor.py:153} INFO - Started process (PID=2232) to work on /home/airflow/.local/lib/python3.7/site-packages/airflow/example_dags/example_python_operator.py
[2022-05-24 12:16:54,641] {processor.py:641} INFO - Processing file /home/airflow/.local/lib/python3.7/site-packages/airflow/example_dags/example_python_operator.py for tasks to queue
[2022-05-24 12:16:54,643] {logging_mixin.py:115} INFO - [2022-05-24 12:16:54,643] {dagbag.py:507} INFO - Filling up the DagBag from /home/airflow/.local/lib/python3.7/site-packages/airflow/example_dags/example_python_operator.py
[2022-05-24 12:16:54,702] {processor.py:651} INFO - DAG(s) dict_keys(['example_python_operator']) retrieved from /home/airflow/.local/lib/python3.7/site-packages/airflow/example_dags/example_python_operator.py
[2022-05-24 12:16:54,769] {logging_mixin.py:115} INFO - [2022-05-24 12:16:54,769] {dag.py:2371} INFO - Sync 1 DAGs
[2022-05-24 12:16:54,838] {logging_mixin.py:115} INFO - [2022-05-24 12:16:54,838] {dag.py:2919} INFO - Setting next_dagrun for example_python_operator to None, run_after=None
[2022-05-24 12:16:54,886] {processor.py:161} INFO - Processing /home/airflow/.local/lib/python3.7/site-packages/airflow/example_dags/example_python_operator.py took 0.251 seconds
[2022-05-24 12:17:25,356] {processor.py:153} INFO - Started process (PID=2426) to work on /home/airflow/.local/lib/python3.7/site-packages/airflow/example_dags/example_python_operator.py
[2022-05-24 12:17:25,359] {processor.py:641} INFO - Processing file /home/airflow/.local/lib/python3.7/site-packages/airflow/example_dags/example_python_operator.py for tasks to queue
[2022-05-24 12:17:25,363] {logging_mixin.py:115} INFO - [2022-05-24 12:17:25,363] {dagbag.py:507} INFO - Filling up the DagBag from /home/airflow/.local/lib/python3.7/site-packages/airflow/example_dags/example_python_operator.py
[2022-05-24 12:17:25,410] {processor.py:651} INFO - DAG(s) dict_keys(['example_python_operator']) retrieved from /home/airflow/.local/lib/python3.7/site-packages/airflow/example_dags/example_python_operator.py
[2022-05-24 12:17:25,474] {logging_mixin.py:115} INFO - [2022-05-24 12:17:25,473] {dag.py:2371} INFO - Sync 1 DAGs
[2022-05-24 12:17:25,510] {logging_mixin.py:115} INFO - [2022-05-24 12:17:25,510] {dag.py:2919} INFO - Setting next_dagrun for example_python_operator to None, run_after=None
[2022-05-24 12:17:25,533] {processor.py:161} INFO - Processing /home/airflow/.local/lib/python3.7/site-packages/airflow/example_dags/example_python_operator.py took 0.185 seconds
[2022-05-24 12:17:56,208] {processor.py:153} INFO - Started process (PID=2632) to work on /home/airflow/.local/lib/python3.7/site-packages/airflow/example_dags/example_python_operator.py
[2022-05-24 12:17:56,211] {processor.py:641} INFO - Processing file /home/airflow/.local/lib/python3.7/site-packages/airflow/example_dags/example_python_operator.py for tasks to queue
[2022-05-24 12:17:56,213] {logging_mixin.py:115} INFO - [2022-05-24 12:17:56,213] {dagbag.py:507} INFO - Filling up the DagBag from /home/airflow/.local/lib/python3.7/site-packages/airflow/example_dags/example_python_operator.py
[2022-05-24 12:17:56,244] {processor.py:651} INFO - DAG(s) dict_keys(['example_python_operator']) retrieved from /home/airflow/.local/lib/python3.7/site-packages/airflow/example_dags/example_python_operator.py
[2022-05-24 12:17:56,284] {logging_mixin.py:115} INFO - [2022-05-24 12:17:56,284] {dag.py:2371} INFO - Sync 1 DAGs
[2022-05-24 12:17:56,321] {logging_mixin.py:115} INFO - [2022-05-24 12:17:56,321] {dag.py:2919} INFO - Setting next_dagrun for example_python_operator to None, run_after=None
[2022-05-24 12:17:56,342] {processor.py:161} INFO - Processing /home/airflow/.local/lib/python3.7/site-packages/airflow/example_dags/example_python_operator.py took 0.140 seconds
[2022-05-24 12:18:28,462] {processor.py:153} INFO - Started process (PID=2831) to work on /home/airflow/.local/lib/python3.7/site-packages/airflow/example_dags/example_python_operator.py
[2022-05-24 12:18:28,471] {processor.py:641} INFO - Processing file /home/airflow/.local/lib/python3.7/site-packages/airflow/example_dags/example_python_operator.py for tasks to queue
[2022-05-24 12:18:28,473] {logging_mixin.py:115} INFO - [2022-05-24 12:18:28,473] {dagbag.py:507} INFO - Filling up the DagBag from /home/airflow/.local/lib/python3.7/site-packages/airflow/example_dags/example_python_operator.py
[2022-05-24 12:18:28,534] {processor.py:651} INFO - DAG(s) dict_keys(['example_python_operator']) retrieved from /home/airflow/.local/lib/python3.7/site-packages/airflow/example_dags/example_python_operator.py
[2022-05-24 12:18:28,694] {logging_mixin.py:115} INFO - [2022-05-24 12:18:28,694] {dag.py:2371} INFO - Sync 1 DAGs
[2022-05-24 12:18:28,746] {logging_mixin.py:115} INFO - [2022-05-24 12:18:28,746] {dag.py:2919} INFO - Setting next_dagrun for example_python_operator to None, run_after=None
[2022-05-24 12:18:28,765] {processor.py:161} INFO - Processing /home/airflow/.local/lib/python3.7/site-packages/airflow/example_dags/example_python_operator.py took 0.309 seconds
[2022-05-24 12:18:59,759] {processor.py:153} INFO - Started process (PID=3029) to work on /home/airflow/.local/lib/python3.7/site-packages/airflow/example_dags/example_python_operator.py
[2022-05-24 12:18:59,761] {processor.py:641} INFO - Processing file /home/airflow/.local/lib/python3.7/site-packages/airflow/example_dags/example_python_operator.py for tasks to queue
[2022-05-24 12:18:59,763] {logging_mixin.py:115} INFO - [2022-05-24 12:18:59,763] {dagbag.py:507} INFO - Filling up the DagBag from /home/airflow/.local/lib/python3.7/site-packages/airflow/example_dags/example_python_operator.py
[2022-05-24 12:18:59,792] {processor.py:651} INFO - DAG(s) dict_keys(['example_python_operator']) retrieved from /home/airflow/.local/lib/python3.7/site-packages/airflow/example_dags/example_python_operator.py
[2022-05-24 12:18:59,842] {logging_mixin.py:115} INFO - [2022-05-24 12:18:59,842] {dag.py:2371} INFO - Sync 1 DAGs
[2022-05-24 12:18:59,893] {logging_mixin.py:115} INFO - [2022-05-24 12:18:59,893] {dag.py:2919} INFO - Setting next_dagrun for example_python_operator to None, run_after=None
[2022-05-24 12:18:59,919] {processor.py:161} INFO - Processing /home/airflow/.local/lib/python3.7/site-packages/airflow/example_dags/example_python_operator.py took 0.166 seconds
[2022-05-24 12:19:30,521] {processor.py:153} INFO - Started process (PID=3233) to work on /home/airflow/.local/lib/python3.7/site-packages/airflow/example_dags/example_python_operator.py
[2022-05-24 12:19:30,524] {processor.py:641} INFO - Processing file /home/airflow/.local/lib/python3.7/site-packages/airflow/example_dags/example_python_operator.py for tasks to queue
[2022-05-24 12:19:30,526] {logging_mixin.py:115} INFO - [2022-05-24 12:19:30,525] {dagbag.py:507} INFO - Filling up the DagBag from /home/airflow/.local/lib/python3.7/site-packages/airflow/example_dags/example_python_operator.py
[2022-05-24 12:19:30,588] {processor.py:651} INFO - DAG(s) dict_keys(['example_python_operator']) retrieved from /home/airflow/.local/lib/python3.7/site-packages/airflow/example_dags/example_python_operator.py
[2022-05-24 12:19:30,681] {logging_mixin.py:115} INFO - [2022-05-24 12:19:30,681] {dag.py:2371} INFO - Sync 1 DAGs
[2022-05-24 12:19:30,780] {logging_mixin.py:115} INFO - [2022-05-24 12:19:30,780] {dag.py:2919} INFO - Setting next_dagrun for example_python_operator to None, run_after=None
[2022-05-24 12:19:30,839] {processor.py:161} INFO - Processing /home/airflow/.local/lib/python3.7/site-packages/airflow/example_dags/example_python_operator.py took 0.324 seconds
[2022-05-24 12:20:01,675] {processor.py:153} INFO - Started process (PID=3428) to work on /home/airflow/.local/lib/python3.7/site-packages/airflow/example_dags/example_python_operator.py
[2022-05-24 12:20:01,677] {processor.py:641} INFO - Processing file /home/airflow/.local/lib/python3.7/site-packages/airflow/example_dags/example_python_operator.py for tasks to queue
[2022-05-24 12:20:01,679] {logging_mixin.py:115} INFO - [2022-05-24 12:20:01,679] {dagbag.py:507} INFO - Filling up the DagBag from /home/airflow/.local/lib/python3.7/site-packages/airflow/example_dags/example_python_operator.py
[2022-05-24 12:20:01,706] {processor.py:651} INFO - DAG(s) dict_keys(['example_python_operator']) retrieved from /home/airflow/.local/lib/python3.7/site-packages/airflow/example_dags/example_python_operator.py
[2022-05-24 12:20:01,751] {logging_mixin.py:115} INFO - [2022-05-24 12:20:01,750] {dag.py:2371} INFO - Sync 1 DAGs
[2022-05-24 12:20:01,788] {logging_mixin.py:115} INFO - [2022-05-24 12:20:01,788] {dag.py:2919} INFO - Setting next_dagrun for example_python_operator to None, run_after=None
[2022-05-24 12:20:01,808] {processor.py:161} INFO - Processing /home/airflow/.local/lib/python3.7/site-packages/airflow/example_dags/example_python_operator.py took 0.138 seconds
[2022-05-24 12:20:32,157] {processor.py:153} INFO - Started process (PID=3631) to work on /home/airflow/.local/lib/python3.7/site-packages/airflow/example_dags/example_python_operator.py
[2022-05-24 12:20:32,162] {processor.py:641} INFO - Processing file /home/airflow/.local/lib/python3.7/site-packages/airflow/example_dags/example_python_operator.py for tasks to queue
[2022-05-24 12:20:32,166] {logging_mixin.py:115} INFO - [2022-05-24 12:20:32,166] {dagbag.py:507} INFO - Filling up the DagBag from /home/airflow/.local/lib/python3.7/site-packages/airflow/example_dags/example_python_operator.py
[2022-05-24 12:20:32,248] {processor.py:651} INFO - DAG(s) dict_keys(['example_python_operator']) retrieved from /home/airflow/.local/lib/python3.7/site-packages/airflow/example_dags/example_python_operator.py
[2022-05-24 12:20:32,354] {logging_mixin.py:115} INFO - [2022-05-24 12:20:32,354] {dag.py:2371} INFO - Sync 1 DAGs
[2022-05-24 12:20:32,438] {logging_mixin.py:115} INFO - [2022-05-24 12:20:32,438] {dag.py:2919} INFO - Setting next_dagrun for example_python_operator to None, run_after=None
[2022-05-24 12:20:32,477] {processor.py:161} INFO - Processing /home/airflow/.local/lib/python3.7/site-packages/airflow/example_dags/example_python_operator.py took 0.336 seconds
[2022-05-24 12:21:03,254] {processor.py:153} INFO - Started process (PID=3825) to work on /home/airflow/.local/lib/python3.7/site-packages/airflow/example_dags/example_python_operator.py
[2022-05-24 12:21:03,255] {processor.py:641} INFO - Processing file /home/airflow/.local/lib/python3.7/site-packages/airflow/example_dags/example_python_operator.py for tasks to queue
[2022-05-24 12:21:03,258] {logging_mixin.py:115} INFO - [2022-05-24 12:21:03,258] {dagbag.py:507} INFO - Filling up the DagBag from /home/airflow/.local/lib/python3.7/site-packages/airflow/example_dags/example_python_operator.py
[2022-05-24 12:21:03,294] {processor.py:651} INFO - DAG(s) dict_keys(['example_python_operator']) retrieved from /home/airflow/.local/lib/python3.7/site-packages/airflow/example_dags/example_python_operator.py
[2022-05-24 12:21:03,342] {logging_mixin.py:115} INFO - [2022-05-24 12:21:03,342] {dag.py:2371} INFO - Sync 1 DAGs
[2022-05-24 12:21:03,398] {logging_mixin.py:115} INFO - [2022-05-24 12:21:03,398] {dag.py:2919} INFO - Setting next_dagrun for example_python_operator to None, run_after=None
[2022-05-24 12:21:03,437] {processor.py:161} INFO - Processing /home/airflow/.local/lib/python3.7/site-packages/airflow/example_dags/example_python_operator.py took 0.191 seconds
[2022-05-24 12:21:33,960] {processor.py:153} INFO - Started process (PID=4029) to work on /home/airflow/.local/lib/python3.7/site-packages/airflow/example_dags/example_python_operator.py
[2022-05-24 12:21:33,965] {processor.py:641} INFO - Processing file /home/airflow/.local/lib/python3.7/site-packages/airflow/example_dags/example_python_operator.py for tasks to queue
[2022-05-24 12:21:33,973] {logging_mixin.py:115} INFO - [2022-05-24 12:21:33,973] {dagbag.py:507} INFO - Filling up the DagBag from /home/airflow/.local/lib/python3.7/site-packages/airflow/example_dags/example_python_operator.py
[2022-05-24 12:21:34,002] {processor.py:651} INFO - DAG(s) dict_keys(['example_python_operator']) retrieved from /home/airflow/.local/lib/python3.7/site-packages/airflow/example_dags/example_python_operator.py
[2022-05-24 12:21:34,051] {logging_mixin.py:115} INFO - [2022-05-24 12:21:34,051] {dag.py:2371} INFO - Sync 1 DAGs
[2022-05-24 12:21:34,084] {logging_mixin.py:115} INFO - [2022-05-24 12:21:34,084] {dag.py:2919} INFO - Setting next_dagrun for example_python_operator to None, run_after=None
[2022-05-24 12:21:34,110] {processor.py:161} INFO - Processing /home/airflow/.local/lib/python3.7/site-packages/airflow/example_dags/example_python_operator.py took 0.170 seconds
[2022-05-24 12:22:04,231] {processor.py:153} INFO - Started process (PID=4224) to work on /home/airflow/.local/lib/python3.7/site-packages/airflow/example_dags/example_python_operator.py
[2022-05-24 12:22:04,232] {processor.py:641} INFO - Processing file /home/airflow/.local/lib/python3.7/site-packages/airflow/example_dags/example_python_operator.py for tasks to queue
[2022-05-24 12:22:04,237] {logging_mixin.py:115} INFO - [2022-05-24 12:22:04,237] {dagbag.py:507} INFO - Filling up the DagBag from /home/airflow/.local/lib/python3.7/site-packages/airflow/example_dags/example_python_operator.py
[2022-05-24 12:22:04,283] {processor.py:651} INFO - DAG(s) dict_keys(['example_python_operator']) retrieved from /home/airflow/.local/lib/python3.7/site-packages/airflow/example_dags/example_python_operator.py
[2022-05-24 12:22:04,323] {logging_mixin.py:115} INFO - [2022-05-24 12:22:04,323] {dag.py:2371} INFO - Sync 1 DAGs
[2022-05-24 12:22:04,363] {logging_mixin.py:115} INFO - [2022-05-24 12:22:04,363] {dag.py:2919} INFO - Setting next_dagrun for example_python_operator to None, run_after=None
[2022-05-24 12:22:04,387] {processor.py:161} INFO - Processing /home/airflow/.local/lib/python3.7/site-packages/airflow/example_dags/example_python_operator.py took 0.164 seconds
[2022-05-24 12:22:34,887] {processor.py:153} INFO - Started process (PID=4424) to work on /home/airflow/.local/lib/python3.7/site-packages/airflow/example_dags/example_python_operator.py
[2022-05-24 12:22:34,901] {processor.py:641} INFO - Processing file /home/airflow/.local/lib/python3.7/site-packages/airflow/example_dags/example_python_operator.py for tasks to queue
[2022-05-24 12:22:34,903] {logging_mixin.py:115} INFO - [2022-05-24 12:22:34,903] {dagbag.py:507} INFO - Filling up the DagBag from /home/airflow/.local/lib/python3.7/site-packages/airflow/example_dags/example_python_operator.py
[2022-05-24 12:22:34,951] {processor.py:651} INFO - DAG(s) dict_keys(['example_python_operator']) retrieved from /home/airflow/.local/lib/python3.7/site-packages/airflow/example_dags/example_python_operator.py
[2022-05-24 12:22:35,007] {logging_mixin.py:115} INFO - [2022-05-24 12:22:35,007] {dag.py:2371} INFO - Sync 1 DAGs
[2022-05-24 12:22:35,079] {logging_mixin.py:115} INFO - [2022-05-24 12:22:35,079] {dag.py:2919} INFO - Setting next_dagrun for example_python_operator to None, run_after=None
[2022-05-24 12:22:35,110] {processor.py:161} INFO - Processing /home/airflow/.local/lib/python3.7/site-packages/airflow/example_dags/example_python_operator.py took 0.232 seconds
[2022-05-24 12:23:05,341] {processor.py:153} INFO - Started process (PID=4625) to work on /home/airflow/.local/lib/python3.7/site-packages/airflow/example_dags/example_python_operator.py
[2022-05-24 12:23:05,349] {processor.py:641} INFO - Processing file /home/airflow/.local/lib/python3.7/site-packages/airflow/example_dags/example_python_operator.py for tasks to queue
[2022-05-24 12:23:05,353] {logging_mixin.py:115} INFO - [2022-05-24 12:23:05,353] {dagbag.py:507} INFO - Filling up the DagBag from /home/airflow/.local/lib/python3.7/site-packages/airflow/example_dags/example_python_operator.py
[2022-05-24 12:23:05,450] {processor.py:651} INFO - DAG(s) dict_keys(['example_python_operator']) retrieved from /home/airflow/.local/lib/python3.7/site-packages/airflow/example_dags/example_python_operator.py
[2022-05-24 12:23:05,530] {logging_mixin.py:115} INFO - [2022-05-24 12:23:05,526] {dag.py:2371} INFO - Sync 1 DAGs
[2022-05-24 12:23:05,626] {logging_mixin.py:115} INFO - [2022-05-24 12:23:05,625] {dag.py:2919} INFO - Setting next_dagrun for example_python_operator to None, run_after=None
[2022-05-24 12:23:05,667] {processor.py:161} INFO - Processing /home/airflow/.local/lib/python3.7/site-packages/airflow/example_dags/example_python_operator.py took 0.332 seconds
[2022-05-24 12:23:35,918] {processor.py:153} INFO - Started process (PID=4819) to work on /home/airflow/.local/lib/python3.7/site-packages/airflow/example_dags/example_python_operator.py
[2022-05-24 12:23:35,925] {processor.py:641} INFO - Processing file /home/airflow/.local/lib/python3.7/site-packages/airflow/example_dags/example_python_operator.py for tasks to queue
[2022-05-24 12:23:35,927] {logging_mixin.py:115} INFO - [2022-05-24 12:23:35,927] {dagbag.py:507} INFO - Filling up the DagBag from /home/airflow/.local/lib/python3.7/site-packages/airflow/example_dags/example_python_operator.py
[2022-05-24 12:23:36,025] {processor.py:651} INFO - DAG(s) dict_keys(['example_python_operator']) retrieved from /home/airflow/.local/lib/python3.7/site-packages/airflow/example_dags/example_python_operator.py
[2022-05-24 12:23:36,141] {logging_mixin.py:115} INFO - [2022-05-24 12:23:36,141] {dag.py:2371} INFO - Sync 1 DAGs
[2022-05-24 12:23:36,218] {logging_mixin.py:115} INFO - [2022-05-24 12:23:36,218] {dag.py:2919} INFO - Setting next_dagrun for example_python_operator to None, run_after=None
[2022-05-24 12:23:36,245] {processor.py:161} INFO - Processing /home/airflow/.local/lib/python3.7/site-packages/airflow/example_dags/example_python_operator.py took 0.336 seconds
[2022-05-24 12:24:06,574] {processor.py:153} INFO - Started process (PID=5012) to work on /home/airflow/.local/lib/python3.7/site-packages/airflow/example_dags/example_python_operator.py
[2022-05-24 12:24:06,577] {processor.py:641} INFO - Processing file /home/airflow/.local/lib/python3.7/site-packages/airflow/example_dags/example_python_operator.py for tasks to queue
[2022-05-24 12:24:06,578] {logging_mixin.py:115} INFO - [2022-05-24 12:24:06,578] {dagbag.py:507} INFO - Filling up the DagBag from /home/airflow/.local/lib/python3.7/site-packages/airflow/example_dags/example_python_operator.py
[2022-05-24 12:24:06,603] {processor.py:651} INFO - DAG(s) dict_keys(['example_python_operator']) retrieved from /home/airflow/.local/lib/python3.7/site-packages/airflow/example_dags/example_python_operator.py
[2022-05-24 12:24:06,640] {logging_mixin.py:115} INFO - [2022-05-24 12:24:06,639] {dag.py:2371} INFO - Sync 1 DAGs
[2022-05-24 12:24:06,674] {logging_mixin.py:115} INFO - [2022-05-24 12:24:06,674] {dag.py:2919} INFO - Setting next_dagrun for example_python_operator to None, run_after=None
[2022-05-24 12:24:06,693] {processor.py:161} INFO - Processing /home/airflow/.local/lib/python3.7/site-packages/airflow/example_dags/example_python_operator.py took 0.123 seconds
[2022-05-24 12:24:37,240] {processor.py:153} INFO - Started process (PID=5212) to work on /home/airflow/.local/lib/python3.7/site-packages/airflow/example_dags/example_python_operator.py
[2022-05-24 12:24:37,243] {processor.py:641} INFO - Processing file /home/airflow/.local/lib/python3.7/site-packages/airflow/example_dags/example_python_operator.py for tasks to queue
[2022-05-24 12:24:37,247] {logging_mixin.py:115} INFO - [2022-05-24 12:24:37,247] {dagbag.py:507} INFO - Filling up the DagBag from /home/airflow/.local/lib/python3.7/site-packages/airflow/example_dags/example_python_operator.py
[2022-05-24 12:24:37,307] {processor.py:651} INFO - DAG(s) dict_keys(['example_python_operator']) retrieved from /home/airflow/.local/lib/python3.7/site-packages/airflow/example_dags/example_python_operator.py
[2022-05-24 12:24:37,360] {logging_mixin.py:115} INFO - [2022-05-24 12:24:37,360] {dag.py:2371} INFO - Sync 1 DAGs
[2022-05-24 12:24:37,395] {logging_mixin.py:115} INFO - [2022-05-24 12:24:37,395] {dag.py:2919} INFO - Setting next_dagrun for example_python_operator to None, run_after=None
[2022-05-24 12:24:37,432] {processor.py:161} INFO - Processing /home/airflow/.local/lib/python3.7/site-packages/airflow/example_dags/example_python_operator.py took 0.196 seconds
[2022-05-24 12:25:07,754] {processor.py:153} INFO - Started process (PID=5406) to work on /home/airflow/.local/lib/python3.7/site-packages/airflow/example_dags/example_python_operator.py
[2022-05-24 12:25:07,757] {processor.py:641} INFO - Processing file /home/airflow/.local/lib/python3.7/site-packages/airflow/example_dags/example_python_operator.py for tasks to queue
[2022-05-24 12:25:07,761] {logging_mixin.py:115} INFO - [2022-05-24 12:25:07,760] {dagbag.py:507} INFO - Filling up the DagBag from /home/airflow/.local/lib/python3.7/site-packages/airflow/example_dags/example_python_operator.py
[2022-05-24 12:25:07,800] {processor.py:651} INFO - DAG(s) dict_keys(['example_python_operator']) retrieved from /home/airflow/.local/lib/python3.7/site-packages/airflow/example_dags/example_python_operator.py
[2022-05-24 12:25:07,849] {logging_mixin.py:115} INFO - [2022-05-24 12:25:07,849] {dag.py:2371} INFO - Sync 1 DAGs
[2022-05-24 12:25:07,886] {logging_mixin.py:115} INFO - [2022-05-24 12:25:07,886] {dag.py:2919} INFO - Setting next_dagrun for example_python_operator to None, run_after=None
[2022-05-24 12:25:07,907] {processor.py:161} INFO - Processing /home/airflow/.local/lib/python3.7/site-packages/airflow/example_dags/example_python_operator.py took 0.162 seconds
[2022-05-24 12:25:38,790] {processor.py:153} INFO - Started process (PID=5602) to work on /home/airflow/.local/lib/python3.7/site-packages/airflow/example_dags/example_python_operator.py
[2022-05-24 12:25:38,803] {processor.py:641} INFO - Processing file /home/airflow/.local/lib/python3.7/site-packages/airflow/example_dags/example_python_operator.py for tasks to queue
[2022-05-24 12:25:38,823] {logging_mixin.py:115} INFO - [2022-05-24 12:25:38,822] {dagbag.py:507} INFO - Filling up the DagBag from /home/airflow/.local/lib/python3.7/site-packages/airflow/example_dags/example_python_operator.py
[2022-05-24 12:25:38,876] {processor.py:651} INFO - DAG(s) dict_keys(['example_python_operator']) retrieved from /home/airflow/.local/lib/python3.7/site-packages/airflow/example_dags/example_python_operator.py
[2022-05-24 12:25:38,927] {logging_mixin.py:115} INFO - [2022-05-24 12:25:38,927] {dag.py:2371} INFO - Sync 1 DAGs
[2022-05-24 12:25:38,966] {logging_mixin.py:115} INFO - [2022-05-24 12:25:38,966] {dag.py:2919} INFO - Setting next_dagrun for example_python_operator to None, run_after=None
[2022-05-24 12:25:38,992] {processor.py:161} INFO - Processing /home/airflow/.local/lib/python3.7/site-packages/airflow/example_dags/example_python_operator.py took 0.227 seconds
[2022-05-24 12:26:09,116] {processor.py:153} INFO - Started process (PID=5807) to work on /home/airflow/.local/lib/python3.7/site-packages/airflow/example_dags/example_python_operator.py
[2022-05-24 12:26:09,118] {processor.py:641} INFO - Processing file /home/airflow/.local/lib/python3.7/site-packages/airflow/example_dags/example_python_operator.py for tasks to queue
[2022-05-24 12:26:09,120] {logging_mixin.py:115} INFO - [2022-05-24 12:26:09,120] {dagbag.py:507} INFO - Filling up the DagBag from /home/airflow/.local/lib/python3.7/site-packages/airflow/example_dags/example_python_operator.py
[2022-05-24 12:26:09,146] {processor.py:651} INFO - DAG(s) dict_keys(['example_python_operator']) retrieved from /home/airflow/.local/lib/python3.7/site-packages/airflow/example_dags/example_python_operator.py
[2022-05-24 12:26:09,227] {logging_mixin.py:115} INFO - [2022-05-24 12:26:09,226] {dag.py:2371} INFO - Sync 1 DAGs
[2022-05-24 12:26:09,344] {logging_mixin.py:115} INFO - [2022-05-24 12:26:09,344] {dag.py:2919} INFO - Setting next_dagrun for example_python_operator to None, run_after=None
[2022-05-24 12:26:09,404] {processor.py:161} INFO - Processing /home/airflow/.local/lib/python3.7/site-packages/airflow/example_dags/example_python_operator.py took 0.297 seconds
[2022-05-24 12:26:40,603] {processor.py:153} INFO - Started process (PID=6003) to work on /home/airflow/.local/lib/python3.7/site-packages/airflow/example_dags/example_python_operator.py
[2022-05-24 12:26:40,607] {processor.py:641} INFO - Processing file /home/airflow/.local/lib/python3.7/site-packages/airflow/example_dags/example_python_operator.py for tasks to queue
[2022-05-24 12:26:40,610] {logging_mixin.py:115} INFO - [2022-05-24 12:26:40,609] {dagbag.py:507} INFO - Filling up the DagBag from /home/airflow/.local/lib/python3.7/site-packages/airflow/example_dags/example_python_operator.py
[2022-05-24 12:26:40,643] {processor.py:651} INFO - DAG(s) dict_keys(['example_python_operator']) retrieved from /home/airflow/.local/lib/python3.7/site-packages/airflow/example_dags/example_python_operator.py
[2022-05-24 12:26:40,690] {logging_mixin.py:115} INFO - [2022-05-24 12:26:40,689] {dag.py:2371} INFO - Sync 1 DAGs
[2022-05-24 12:26:40,728] {logging_mixin.py:115} INFO - [2022-05-24 12:26:40,728] {dag.py:2919} INFO - Setting next_dagrun for example_python_operator to None, run_after=None
[2022-05-24 12:26:40,752] {processor.py:161} INFO - Processing /home/airflow/.local/lib/python3.7/site-packages/airflow/example_dags/example_python_operator.py took 0.152 seconds
[2022-05-24 12:27:11,696] {processor.py:153} INFO - Started process (PID=6196) to work on /home/airflow/.local/lib/python3.7/site-packages/airflow/example_dags/example_python_operator.py
[2022-05-24 12:27:11,700] {processor.py:641} INFO - Processing file /home/airflow/.local/lib/python3.7/site-packages/airflow/example_dags/example_python_operator.py for tasks to queue
[2022-05-24 12:27:11,702] {logging_mixin.py:115} INFO - [2022-05-24 12:27:11,702] {dagbag.py:507} INFO - Filling up the DagBag from /home/airflow/.local/lib/python3.7/site-packages/airflow/example_dags/example_python_operator.py
[2022-05-24 12:27:11,728] {processor.py:651} INFO - DAG(s) dict_keys(['example_python_operator']) retrieved from /home/airflow/.local/lib/python3.7/site-packages/airflow/example_dags/example_python_operator.py
[2022-05-24 12:27:11,770] {logging_mixin.py:115} INFO - [2022-05-24 12:27:11,770] {dag.py:2371} INFO - Sync 1 DAGs
[2022-05-24 12:27:11,805] {logging_mixin.py:115} INFO - [2022-05-24 12:27:11,805] {dag.py:2919} INFO - Setting next_dagrun for example_python_operator to None, run_after=None
[2022-05-24 12:27:11,825] {processor.py:161} INFO - Processing /home/airflow/.local/lib/python3.7/site-packages/airflow/example_dags/example_python_operator.py took 0.133 seconds
[2022-05-24 12:27:42,224] {processor.py:153} INFO - Started process (PID=6399) to work on /home/airflow/.local/lib/python3.7/site-packages/airflow/example_dags/example_python_operator.py
[2022-05-24 12:27:42,238] {processor.py:641} INFO - Processing file /home/airflow/.local/lib/python3.7/site-packages/airflow/example_dags/example_python_operator.py for tasks to queue
[2022-05-24 12:27:42,240] {logging_mixin.py:115} INFO - [2022-05-24 12:27:42,240] {dagbag.py:507} INFO - Filling up the DagBag from /home/airflow/.local/lib/python3.7/site-packages/airflow/example_dags/example_python_operator.py
[2022-05-24 12:27:42,314] {processor.py:651} INFO - DAG(s) dict_keys(['example_python_operator']) retrieved from /home/airflow/.local/lib/python3.7/site-packages/airflow/example_dags/example_python_operator.py
[2022-05-24 12:27:42,400] {logging_mixin.py:115} INFO - [2022-05-24 12:27:42,400] {dag.py:2371} INFO - Sync 1 DAGs
[2022-05-24 12:27:42,445] {logging_mixin.py:115} INFO - [2022-05-24 12:27:42,445] {dag.py:2919} INFO - Setting next_dagrun for example_python_operator to None, run_after=None
[2022-05-24 12:27:42,475] {processor.py:161} INFO - Processing /home/airflow/.local/lib/python3.7/site-packages/airflow/example_dags/example_python_operator.py took 0.275 seconds
[2022-05-24 12:28:13,010] {processor.py:153} INFO - Started process (PID=6596) to work on /home/airflow/.local/lib/python3.7/site-packages/airflow/example_dags/example_python_operator.py
[2022-05-24 12:28:13,013] {processor.py:641} INFO - Processing file /home/airflow/.local/lib/python3.7/site-packages/airflow/example_dags/example_python_operator.py for tasks to queue
[2022-05-24 12:28:13,019] {logging_mixin.py:115} INFO - [2022-05-24 12:28:13,019] {dagbag.py:507} INFO - Filling up the DagBag from /home/airflow/.local/lib/python3.7/site-packages/airflow/example_dags/example_python_operator.py
[2022-05-24 12:28:13,075] {processor.py:651} INFO - DAG(s) dict_keys(['example_python_operator']) retrieved from /home/airflow/.local/lib/python3.7/site-packages/airflow/example_dags/example_python_operator.py
[2022-05-24 12:28:13,142] {logging_mixin.py:115} INFO - [2022-05-24 12:28:13,141] {dag.py:2371} INFO - Sync 1 DAGs
[2022-05-24 12:28:13,336] {logging_mixin.py:115} INFO - [2022-05-24 12:28:13,335] {dag.py:2919} INFO - Setting next_dagrun for example_python_operator to None, run_after=None
[2022-05-24 12:28:13,377] {processor.py:161} INFO - Processing /home/airflow/.local/lib/python3.7/site-packages/airflow/example_dags/example_python_operator.py took 0.376 seconds
[2022-05-24 12:28:43,921] {processor.py:153} INFO - Started process (PID=6787) to work on /home/airflow/.local/lib/python3.7/site-packages/airflow/example_dags/example_python_operator.py
[2022-05-24 12:28:43,924] {processor.py:641} INFO - Processing file /home/airflow/.local/lib/python3.7/site-packages/airflow/example_dags/example_python_operator.py for tasks to queue
[2022-05-24 12:28:43,926] {logging_mixin.py:115} INFO - [2022-05-24 12:28:43,925] {dagbag.py:507} INFO - Filling up the DagBag from /home/airflow/.local/lib/python3.7/site-packages/airflow/example_dags/example_python_operator.py
[2022-05-24 12:28:43,955] {processor.py:651} INFO - DAG(s) dict_keys(['example_python_operator']) retrieved from /home/airflow/.local/lib/python3.7/site-packages/airflow/example_dags/example_python_operator.py
[2022-05-24 12:28:43,995] {logging_mixin.py:115} INFO - [2022-05-24 12:28:43,995] {dag.py:2371} INFO - Sync 1 DAGs
[2022-05-24 12:28:44,029] {logging_mixin.py:115} INFO - [2022-05-24 12:28:44,029] {dag.py:2919} INFO - Setting next_dagrun for example_python_operator to None, run_after=None
[2022-05-24 12:28:44,052] {processor.py:161} INFO - Processing /home/airflow/.local/lib/python3.7/site-packages/airflow/example_dags/example_python_operator.py took 0.139 seconds
[2022-05-24 12:29:14,496] {processor.py:153} INFO - Started process (PID=6993) to work on /home/airflow/.local/lib/python3.7/site-packages/airflow/example_dags/example_python_operator.py
[2022-05-24 12:29:14,497] {processor.py:641} INFO - Processing file /home/airflow/.local/lib/python3.7/site-packages/airflow/example_dags/example_python_operator.py for tasks to queue
[2022-05-24 12:29:14,501] {logging_mixin.py:115} INFO - [2022-05-24 12:29:14,501] {dagbag.py:507} INFO - Filling up the DagBag from /home/airflow/.local/lib/python3.7/site-packages/airflow/example_dags/example_python_operator.py
[2022-05-24 12:29:14,529] {processor.py:651} INFO - DAG(s) dict_keys(['example_python_operator']) retrieved from /home/airflow/.local/lib/python3.7/site-packages/airflow/example_dags/example_python_operator.py
[2022-05-24 12:29:14,570] {logging_mixin.py:115} INFO - [2022-05-24 12:29:14,570] {dag.py:2371} INFO - Sync 1 DAGs
[2022-05-24 12:29:14,605] {logging_mixin.py:115} INFO - [2022-05-24 12:29:14,605] {dag.py:2919} INFO - Setting next_dagrun for example_python_operator to None, run_after=None
[2022-05-24 12:29:14,627] {processor.py:161} INFO - Processing /home/airflow/.local/lib/python3.7/site-packages/airflow/example_dags/example_python_operator.py took 0.138 seconds
[2022-05-24 12:29:45,428] {processor.py:153} INFO - Started process (PID=7187) to work on /home/airflow/.local/lib/python3.7/site-packages/airflow/example_dags/example_python_operator.py
[2022-05-24 12:29:45,431] {processor.py:641} INFO - Processing file /home/airflow/.local/lib/python3.7/site-packages/airflow/example_dags/example_python_operator.py for tasks to queue
[2022-05-24 12:29:45,434] {logging_mixin.py:115} INFO - [2022-05-24 12:29:45,434] {dagbag.py:507} INFO - Filling up the DagBag from /home/airflow/.local/lib/python3.7/site-packages/airflow/example_dags/example_python_operator.py
[2022-05-24 12:29:45,474] {processor.py:651} INFO - DAG(s) dict_keys(['example_python_operator']) retrieved from /home/airflow/.local/lib/python3.7/site-packages/airflow/example_dags/example_python_operator.py
[2022-05-24 12:29:45,520] {logging_mixin.py:115} INFO - [2022-05-24 12:29:45,520] {dag.py:2371} INFO - Sync 1 DAGs
[2022-05-24 12:29:45,557] {logging_mixin.py:115} INFO - [2022-05-24 12:29:45,557] {dag.py:2919} INFO - Setting next_dagrun for example_python_operator to None, run_after=None
[2022-05-24 12:29:45,581] {processor.py:161} INFO - Processing /home/airflow/.local/lib/python3.7/site-packages/airflow/example_dags/example_python_operator.py took 0.163 seconds
