[2022-05-24 12:11:55,108] {processor.py:153} INFO - Started process (PID=276) to work on /home/airflow/.local/lib/python3.7/site-packages/airflow/example_dags/tutorial.py
[2022-05-24 12:11:55,118] {processor.py:641} INFO - Processing file /home/airflow/.local/lib/python3.7/site-packages/airflow/example_dags/tutorial.py for tasks to queue
[2022-05-24 12:11:55,121] {logging_mixin.py:115} INFO - [2022-05-24 12:11:55,120] {dagbag.py:507} INFO - Filling up the DagBag from /home/airflow/.local/lib/python3.7/site-packages/airflow/example_dags/tutorial.py
[2022-05-24 12:11:55,155] {processor.py:651} INFO - DAG(s) dict_keys(['tutorial']) retrieved from /home/airflow/.local/lib/python3.7/site-packages/airflow/example_dags/tutorial.py
[2022-05-24 12:11:55,808] {logging_mixin.py:115} INFO - [2022-05-24 12:11:55,808] {manager.py:508} INFO - Created Permission View: can delete on DAG:tutorial
[2022-05-24 12:11:55,878] {logging_mixin.py:115} INFO - [2022-05-24 12:11:55,878] {manager.py:508} INFO - Created Permission View: can edit on DAG:tutorial
[2022-05-24 12:11:55,909] {logging_mixin.py:115} INFO - [2022-05-24 12:11:55,909] {manager.py:508} INFO - Created Permission View: can read on DAG:tutorial
[2022-05-24 12:11:55,913] {logging_mixin.py:115} INFO - [2022-05-24 12:11:55,913] {dag.py:2371} INFO - Sync 1 DAGs
[2022-05-24 12:11:55,976] {logging_mixin.py:115} INFO - [2022-05-24 12:11:55,976] {dag.py:2390} INFO - Creating ORM DAG for tutorial
[2022-05-24 12:11:56,074] {logging_mixin.py:115} INFO - [2022-05-24 12:11:56,073] {dag.py:2919} INFO - Setting next_dagrun for tutorial to 2022-05-23T12:11:56.073163+00:00, run_after=2022-05-24T12:11:56.073163+00:00
[2022-05-24 12:11:56,211] {processor.py:161} INFO - Processing /home/airflow/.local/lib/python3.7/site-packages/airflow/example_dags/tutorial.py took 1.107 seconds
[2022-05-24 12:12:26,384] {processor.py:153} INFO - Started process (PID=472) to work on /home/airflow/.local/lib/python3.7/site-packages/airflow/example_dags/tutorial.py
[2022-05-24 12:12:26,389] {processor.py:641} INFO - Processing file /home/airflow/.local/lib/python3.7/site-packages/airflow/example_dags/tutorial.py for tasks to queue
[2022-05-24 12:12:26,397] {logging_mixin.py:115} INFO - [2022-05-24 12:12:26,397] {dagbag.py:507} INFO - Filling up the DagBag from /home/airflow/.local/lib/python3.7/site-packages/airflow/example_dags/tutorial.py
[2022-05-24 12:12:26,414] {processor.py:651} INFO - DAG(s) dict_keys(['tutorial']) retrieved from /home/airflow/.local/lib/python3.7/site-packages/airflow/example_dags/tutorial.py
[2022-05-24 12:12:26,474] {logging_mixin.py:115} INFO - [2022-05-24 12:12:26,474] {dag.py:2371} INFO - Sync 1 DAGs
[2022-05-24 12:12:26,541] {logging_mixin.py:115} INFO - [2022-05-24 12:12:26,540] {dag.py:2919} INFO - Setting next_dagrun for tutorial to 2022-05-23T12:12:26.539657+00:00, run_after=2022-05-24T12:12:26.539657+00:00
[2022-05-24 12:12:26,637] {processor.py:161} INFO - Processing /home/airflow/.local/lib/python3.7/site-packages/airflow/example_dags/tutorial.py took 0.261 seconds
[2022-05-24 12:12:56,907] {processor.py:153} INFO - Started process (PID=674) to work on /home/airflow/.local/lib/python3.7/site-packages/airflow/example_dags/tutorial.py
[2022-05-24 12:12:56,920] {processor.py:641} INFO - Processing file /home/airflow/.local/lib/python3.7/site-packages/airflow/example_dags/tutorial.py for tasks to queue
[2022-05-24 12:12:56,925] {logging_mixin.py:115} INFO - [2022-05-24 12:12:56,924] {dagbag.py:507} INFO - Filling up the DagBag from /home/airflow/.local/lib/python3.7/site-packages/airflow/example_dags/tutorial.py
[2022-05-24 12:12:56,961] {processor.py:651} INFO - DAG(s) dict_keys(['tutorial']) retrieved from /home/airflow/.local/lib/python3.7/site-packages/airflow/example_dags/tutorial.py
[2022-05-24 12:12:57,031] {logging_mixin.py:115} INFO - [2022-05-24 12:12:57,031] {dag.py:2371} INFO - Sync 1 DAGs
[2022-05-24 12:12:57,079] {logging_mixin.py:115} INFO - [2022-05-24 12:12:57,079] {dag.py:2919} INFO - Setting next_dagrun for tutorial to 2022-05-23T12:12:57.079392+00:00, run_after=2022-05-24T12:12:57.079392+00:00
[2022-05-24 12:12:57,119] {processor.py:161} INFO - Processing /home/airflow/.local/lib/python3.7/site-packages/airflow/example_dags/tutorial.py took 0.235 seconds
[2022-05-24 12:13:27,832] {processor.py:153} INFO - Started process (PID=881) to work on /home/airflow/.local/lib/python3.7/site-packages/airflow/example_dags/tutorial.py
[2022-05-24 12:13:27,837] {processor.py:641} INFO - Processing file /home/airflow/.local/lib/python3.7/site-packages/airflow/example_dags/tutorial.py for tasks to queue
[2022-05-24 12:13:27,840] {logging_mixin.py:115} INFO - [2022-05-24 12:13:27,839] {dagbag.py:507} INFO - Filling up the DagBag from /home/airflow/.local/lib/python3.7/site-packages/airflow/example_dags/tutorial.py
[2022-05-24 12:13:27,860] {processor.py:651} INFO - DAG(s) dict_keys(['tutorial']) retrieved from /home/airflow/.local/lib/python3.7/site-packages/airflow/example_dags/tutorial.py
[2022-05-24 12:13:27,953] {logging_mixin.py:115} INFO - [2022-05-24 12:13:27,953] {dag.py:2371} INFO - Sync 1 DAGs
[2022-05-24 12:13:27,988] {logging_mixin.py:115} INFO - [2022-05-24 12:13:27,988] {dag.py:2919} INFO - Setting next_dagrun for tutorial to 2022-05-23T12:13:27.988355+00:00, run_after=2022-05-24T12:13:27.988355+00:00
[2022-05-24 12:13:28,007] {processor.py:161} INFO - Processing /home/airflow/.local/lib/python3.7/site-packages/airflow/example_dags/tutorial.py took 0.184 seconds
[2022-05-24 12:13:58,903] {processor.py:153} INFO - Started process (PID=1085) to work on /home/airflow/.local/lib/python3.7/site-packages/airflow/example_dags/tutorial.py
[2022-05-24 12:13:58,906] {processor.py:641} INFO - Processing file /home/airflow/.local/lib/python3.7/site-packages/airflow/example_dags/tutorial.py for tasks to queue
[2022-05-24 12:13:58,907] {logging_mixin.py:115} INFO - [2022-05-24 12:13:58,907] {dagbag.py:507} INFO - Filling up the DagBag from /home/airflow/.local/lib/python3.7/site-packages/airflow/example_dags/tutorial.py
[2022-05-24 12:13:58,921] {processor.py:651} INFO - DAG(s) dict_keys(['tutorial']) retrieved from /home/airflow/.local/lib/python3.7/site-packages/airflow/example_dags/tutorial.py
[2022-05-24 12:13:58,983] {logging_mixin.py:115} INFO - [2022-05-24 12:13:58,983] {dag.py:2371} INFO - Sync 1 DAGs
[2022-05-24 12:13:59,026] {logging_mixin.py:115} INFO - [2022-05-24 12:13:59,026] {dag.py:2919} INFO - Setting next_dagrun for tutorial to 2022-05-23T12:13:59.025726+00:00, run_after=2022-05-24T12:13:59.025726+00:00
[2022-05-24 12:13:59,049] {processor.py:161} INFO - Processing /home/airflow/.local/lib/python3.7/site-packages/airflow/example_dags/tutorial.py took 0.151 seconds
[2022-05-24 12:14:29,579] {processor.py:153} INFO - Started process (PID=1282) to work on /home/airflow/.local/lib/python3.7/site-packages/airflow/example_dags/tutorial.py
[2022-05-24 12:14:29,583] {processor.py:641} INFO - Processing file /home/airflow/.local/lib/python3.7/site-packages/airflow/example_dags/tutorial.py for tasks to queue
[2022-05-24 12:14:29,585] {logging_mixin.py:115} INFO - [2022-05-24 12:14:29,585] {dagbag.py:507} INFO - Filling up the DagBag from /home/airflow/.local/lib/python3.7/site-packages/airflow/example_dags/tutorial.py
[2022-05-24 12:14:29,599] {processor.py:651} INFO - DAG(s) dict_keys(['tutorial']) retrieved from /home/airflow/.local/lib/python3.7/site-packages/airflow/example_dags/tutorial.py
[2022-05-24 12:14:29,654] {logging_mixin.py:115} INFO - [2022-05-24 12:14:29,654] {dag.py:2371} INFO - Sync 1 DAGs
[2022-05-24 12:14:29,686] {logging_mixin.py:115} INFO - [2022-05-24 12:14:29,686] {dag.py:2919} INFO - Setting next_dagrun for tutorial to 2022-05-23T12:14:29.686415+00:00, run_after=2022-05-24T12:14:29.686415+00:00
[2022-05-24 12:14:29,706] {processor.py:161} INFO - Processing /home/airflow/.local/lib/python3.7/site-packages/airflow/example_dags/tutorial.py took 0.134 seconds
[2022-05-24 12:15:00,501] {processor.py:153} INFO - Started process (PID=1486) to work on /home/airflow/.local/lib/python3.7/site-packages/airflow/example_dags/tutorial.py
[2022-05-24 12:15:00,505] {processor.py:641} INFO - Processing file /home/airflow/.local/lib/python3.7/site-packages/airflow/example_dags/tutorial.py for tasks to queue
[2022-05-24 12:15:00,508] {logging_mixin.py:115} INFO - [2022-05-24 12:15:00,508] {dagbag.py:507} INFO - Filling up the DagBag from /home/airflow/.local/lib/python3.7/site-packages/airflow/example_dags/tutorial.py
[2022-05-24 12:15:00,519] {processor.py:651} INFO - DAG(s) dict_keys(['tutorial']) retrieved from /home/airflow/.local/lib/python3.7/site-packages/airflow/example_dags/tutorial.py
[2022-05-24 12:15:00,567] {logging_mixin.py:115} INFO - [2022-05-24 12:15:00,567] {dag.py:2371} INFO - Sync 1 DAGs
[2022-05-24 12:15:00,600] {logging_mixin.py:115} INFO - [2022-05-24 12:15:00,600] {dag.py:2919} INFO - Setting next_dagrun for tutorial to 2022-05-23T12:15:00.599807+00:00, run_after=2022-05-24T12:15:00.599807+00:00
[2022-05-24 12:15:00,624] {processor.py:161} INFO - Processing /home/airflow/.local/lib/python3.7/site-packages/airflow/example_dags/tutorial.py took 0.142 seconds
[2022-05-24 12:15:30,689] {processor.py:153} INFO - Started process (PID=1681) to work on /home/airflow/.local/lib/python3.7/site-packages/airflow/example_dags/tutorial.py
[2022-05-24 12:15:30,692] {processor.py:641} INFO - Processing file /home/airflow/.local/lib/python3.7/site-packages/airflow/example_dags/tutorial.py for tasks to queue
[2022-05-24 12:15:30,694] {logging_mixin.py:115} INFO - [2022-05-24 12:15:30,694] {dagbag.py:507} INFO - Filling up the DagBag from /home/airflow/.local/lib/python3.7/site-packages/airflow/example_dags/tutorial.py
[2022-05-24 12:15:30,703] {processor.py:651} INFO - DAG(s) dict_keys(['tutorial']) retrieved from /home/airflow/.local/lib/python3.7/site-packages/airflow/example_dags/tutorial.py
[2022-05-24 12:15:30,749] {logging_mixin.py:115} INFO - [2022-05-24 12:15:30,748] {dag.py:2371} INFO - Sync 1 DAGs
[2022-05-24 12:15:30,789] {logging_mixin.py:115} INFO - [2022-05-24 12:15:30,789] {dag.py:2919} INFO - Setting next_dagrun for tutorial to 2022-05-23T12:15:30.788848+00:00, run_after=2022-05-24T12:15:30.788848+00:00
[2022-05-24 12:15:30,832] {processor.py:161} INFO - Processing /home/airflow/.local/lib/python3.7/site-packages/airflow/example_dags/tutorial.py took 0.149 seconds
[2022-05-24 12:16:01,375] {processor.py:153} INFO - Started process (PID=1886) to work on /home/airflow/.local/lib/python3.7/site-packages/airflow/example_dags/tutorial.py
[2022-05-24 12:16:01,378] {processor.py:641} INFO - Processing file /home/airflow/.local/lib/python3.7/site-packages/airflow/example_dags/tutorial.py for tasks to queue
[2022-05-24 12:16:01,380] {logging_mixin.py:115} INFO - [2022-05-24 12:16:01,380] {dagbag.py:507} INFO - Filling up the DagBag from /home/airflow/.local/lib/python3.7/site-packages/airflow/example_dags/tutorial.py
[2022-05-24 12:16:01,394] {processor.py:651} INFO - DAG(s) dict_keys(['tutorial']) retrieved from /home/airflow/.local/lib/python3.7/site-packages/airflow/example_dags/tutorial.py
[2022-05-24 12:16:01,438] {logging_mixin.py:115} INFO - [2022-05-24 12:16:01,438] {dag.py:2371} INFO - Sync 1 DAGs
[2022-05-24 12:16:01,469] {logging_mixin.py:115} INFO - [2022-05-24 12:16:01,469] {dag.py:2919} INFO - Setting next_dagrun for tutorial to 2022-05-23T12:16:01.469128+00:00, run_after=2022-05-24T12:16:01.469128+00:00
[2022-05-24 12:16:01,489] {processor.py:161} INFO - Processing /home/airflow/.local/lib/python3.7/site-packages/airflow/example_dags/tutorial.py took 0.118 seconds
[2022-05-24 12:16:32,269] {processor.py:153} INFO - Started process (PID=2088) to work on /home/airflow/.local/lib/python3.7/site-packages/airflow/example_dags/tutorial.py
[2022-05-24 12:16:32,273] {processor.py:641} INFO - Processing file /home/airflow/.local/lib/python3.7/site-packages/airflow/example_dags/tutorial.py for tasks to queue
[2022-05-24 12:16:32,275] {logging_mixin.py:115} INFO - [2022-05-24 12:16:32,275] {dagbag.py:507} INFO - Filling up the DagBag from /home/airflow/.local/lib/python3.7/site-packages/airflow/example_dags/tutorial.py
[2022-05-24 12:16:32,288] {processor.py:651} INFO - DAG(s) dict_keys(['tutorial']) retrieved from /home/airflow/.local/lib/python3.7/site-packages/airflow/example_dags/tutorial.py
[2022-05-24 12:16:32,338] {logging_mixin.py:115} INFO - [2022-05-24 12:16:32,338] {dag.py:2371} INFO - Sync 1 DAGs
[2022-05-24 12:16:32,371] {logging_mixin.py:115} INFO - [2022-05-24 12:16:32,370] {dag.py:2919} INFO - Setting next_dagrun for tutorial to 2022-05-23T12:16:32.370641+00:00, run_after=2022-05-24T12:16:32.370641+00:00
[2022-05-24 12:16:32,390] {processor.py:161} INFO - Processing /home/airflow/.local/lib/python3.7/site-packages/airflow/example_dags/tutorial.py took 0.128 seconds
[2022-05-24 12:17:03,024] {processor.py:153} INFO - Started process (PID=2282) to work on /home/airflow/.local/lib/python3.7/site-packages/airflow/example_dags/tutorial.py
[2022-05-24 12:17:03,026] {processor.py:641} INFO - Processing file /home/airflow/.local/lib/python3.7/site-packages/airflow/example_dags/tutorial.py for tasks to queue
[2022-05-24 12:17:03,028] {logging_mixin.py:115} INFO - [2022-05-24 12:17:03,028] {dagbag.py:507} INFO - Filling up the DagBag from /home/airflow/.local/lib/python3.7/site-packages/airflow/example_dags/tutorial.py
[2022-05-24 12:17:03,039] {processor.py:651} INFO - DAG(s) dict_keys(['tutorial']) retrieved from /home/airflow/.local/lib/python3.7/site-packages/airflow/example_dags/tutorial.py
[2022-05-24 12:17:03,084] {logging_mixin.py:115} INFO - [2022-05-24 12:17:03,084] {dag.py:2371} INFO - Sync 1 DAGs
[2022-05-24 12:17:03,116] {logging_mixin.py:115} INFO - [2022-05-24 12:17:03,116] {dag.py:2919} INFO - Setting next_dagrun for tutorial to 2022-05-23T12:17:03.115856+00:00, run_after=2022-05-24T12:17:03.115856+00:00
[2022-05-24 12:17:03,139] {processor.py:161} INFO - Processing /home/airflow/.local/lib/python3.7/site-packages/airflow/example_dags/tutorial.py took 0.123 seconds
[2022-05-24 12:17:34,286] {processor.py:153} INFO - Started process (PID=2487) to work on /home/airflow/.local/lib/python3.7/site-packages/airflow/example_dags/tutorial.py
[2022-05-24 12:17:34,295] {processor.py:641} INFO - Processing file /home/airflow/.local/lib/python3.7/site-packages/airflow/example_dags/tutorial.py for tasks to queue
[2022-05-24 12:17:34,300] {logging_mixin.py:115} INFO - [2022-05-24 12:17:34,300] {dagbag.py:507} INFO - Filling up the DagBag from /home/airflow/.local/lib/python3.7/site-packages/airflow/example_dags/tutorial.py
[2022-05-24 12:17:34,310] {processor.py:651} INFO - DAG(s) dict_keys(['tutorial']) retrieved from /home/airflow/.local/lib/python3.7/site-packages/airflow/example_dags/tutorial.py
[2022-05-24 12:17:34,403] {logging_mixin.py:115} INFO - [2022-05-24 12:17:34,402] {dag.py:2371} INFO - Sync 1 DAGs
[2022-05-24 12:17:34,476] {logging_mixin.py:115} INFO - [2022-05-24 12:17:34,476] {dag.py:2919} INFO - Setting next_dagrun for tutorial to 2022-05-23T12:17:34.475830+00:00, run_after=2022-05-24T12:17:34.475830+00:00
[2022-05-24 12:17:34,511] {processor.py:161} INFO - Processing /home/airflow/.local/lib/python3.7/site-packages/airflow/example_dags/tutorial.py took 0.251 seconds
[2022-05-24 12:18:04,826] {processor.py:153} INFO - Started process (PID=2684) to work on /home/airflow/.local/lib/python3.7/site-packages/airflow/example_dags/tutorial.py
[2022-05-24 12:18:04,829] {processor.py:641} INFO - Processing file /home/airflow/.local/lib/python3.7/site-packages/airflow/example_dags/tutorial.py for tasks to queue
[2022-05-24 12:18:04,834] {logging_mixin.py:115} INFO - [2022-05-24 12:18:04,834] {dagbag.py:507} INFO - Filling up the DagBag from /home/airflow/.local/lib/python3.7/site-packages/airflow/example_dags/tutorial.py
[2022-05-24 12:18:04,853] {processor.py:651} INFO - DAG(s) dict_keys(['tutorial']) retrieved from /home/airflow/.local/lib/python3.7/site-packages/airflow/example_dags/tutorial.py
[2022-05-24 12:18:04,905] {logging_mixin.py:115} INFO - [2022-05-24 12:18:04,904] {dag.py:2371} INFO - Sync 1 DAGs
[2022-05-24 12:18:04,968] {logging_mixin.py:115} INFO - [2022-05-24 12:18:04,968] {dag.py:2919} INFO - Setting next_dagrun for tutorial to 2022-05-23T12:18:04.968536+00:00, run_after=2022-05-24T12:18:04.968536+00:00
[2022-05-24 12:18:04,993] {processor.py:161} INFO - Processing /home/airflow/.local/lib/python3.7/site-packages/airflow/example_dags/tutorial.py took 0.179 seconds
[2022-05-24 12:18:35,537] {processor.py:153} INFO - Started process (PID=2881) to work on /home/airflow/.local/lib/python3.7/site-packages/airflow/example_dags/tutorial.py
[2022-05-24 12:18:35,541] {processor.py:641} INFO - Processing file /home/airflow/.local/lib/python3.7/site-packages/airflow/example_dags/tutorial.py for tasks to queue
[2022-05-24 12:18:35,543] {logging_mixin.py:115} INFO - [2022-05-24 12:18:35,543] {dagbag.py:507} INFO - Filling up the DagBag from /home/airflow/.local/lib/python3.7/site-packages/airflow/example_dags/tutorial.py
[2022-05-24 12:18:35,560] {processor.py:651} INFO - DAG(s) dict_keys(['tutorial']) retrieved from /home/airflow/.local/lib/python3.7/site-packages/airflow/example_dags/tutorial.py
[2022-05-24 12:18:35,612] {logging_mixin.py:115} INFO - [2022-05-24 12:18:35,612] {dag.py:2371} INFO - Sync 1 DAGs
[2022-05-24 12:18:35,661] {logging_mixin.py:115} INFO - [2022-05-24 12:18:35,661] {dag.py:2919} INFO - Setting next_dagrun for tutorial to 2022-05-23T12:18:35.660715+00:00, run_after=2022-05-24T12:18:35.660715+00:00
[2022-05-24 12:18:35,690] {processor.py:161} INFO - Processing /home/airflow/.local/lib/python3.7/site-packages/airflow/example_dags/tutorial.py took 0.162 seconds
[2022-05-24 12:19:06,537] {processor.py:153} INFO - Started process (PID=3090) to work on /home/airflow/.local/lib/python3.7/site-packages/airflow/example_dags/tutorial.py
[2022-05-24 12:19:06,543] {processor.py:641} INFO - Processing file /home/airflow/.local/lib/python3.7/site-packages/airflow/example_dags/tutorial.py for tasks to queue
[2022-05-24 12:19:06,553] {logging_mixin.py:115} INFO - [2022-05-24 12:19:06,549] {dagbag.py:507} INFO - Filling up the DagBag from /home/airflow/.local/lib/python3.7/site-packages/airflow/example_dags/tutorial.py
[2022-05-24 12:19:06,579] {processor.py:651} INFO - DAG(s) dict_keys(['tutorial']) retrieved from /home/airflow/.local/lib/python3.7/site-packages/airflow/example_dags/tutorial.py
[2022-05-24 12:19:06,758] {logging_mixin.py:115} INFO - [2022-05-24 12:19:06,758] {dag.py:2371} INFO - Sync 1 DAGs
[2022-05-24 12:19:06,866] {logging_mixin.py:115} INFO - [2022-05-24 12:19:06,866] {dag.py:2919} INFO - Setting next_dagrun for tutorial to 2022-05-23T12:19:06.865295+00:00, run_after=2022-05-24T12:19:06.865295+00:00
[2022-05-24 12:19:06,913] {processor.py:161} INFO - Processing /home/airflow/.local/lib/python3.7/site-packages/airflow/example_dags/tutorial.py took 0.393 seconds
[2022-05-24 12:19:37,352] {processor.py:153} INFO - Started process (PID=3284) to work on /home/airflow/.local/lib/python3.7/site-packages/airflow/example_dags/tutorial.py
[2022-05-24 12:19:37,355] {processor.py:641} INFO - Processing file /home/airflow/.local/lib/python3.7/site-packages/airflow/example_dags/tutorial.py for tasks to queue
[2022-05-24 12:19:37,358] {logging_mixin.py:115} INFO - [2022-05-24 12:19:37,357] {dagbag.py:507} INFO - Filling up the DagBag from /home/airflow/.local/lib/python3.7/site-packages/airflow/example_dags/tutorial.py
[2022-05-24 12:19:37,375] {processor.py:651} INFO - DAG(s) dict_keys(['tutorial']) retrieved from /home/airflow/.local/lib/python3.7/site-packages/airflow/example_dags/tutorial.py
[2022-05-24 12:19:37,435] {logging_mixin.py:115} INFO - [2022-05-24 12:19:37,435] {dag.py:2371} INFO - Sync 1 DAGs
[2022-05-24 12:19:37,479] {logging_mixin.py:115} INFO - [2022-05-24 12:19:37,479] {dag.py:2919} INFO - Setting next_dagrun for tutorial to 2022-05-23T12:19:37.479478+00:00, run_after=2022-05-24T12:19:37.479478+00:00
[2022-05-24 12:19:37,503] {processor.py:161} INFO - Processing /home/airflow/.local/lib/python3.7/site-packages/airflow/example_dags/tutorial.py took 0.160 seconds
[2022-05-24 12:20:08,239] {processor.py:153} INFO - Started process (PID=3489) to work on /home/airflow/.local/lib/python3.7/site-packages/airflow/example_dags/tutorial.py
[2022-05-24 12:20:08,242] {processor.py:641} INFO - Processing file /home/airflow/.local/lib/python3.7/site-packages/airflow/example_dags/tutorial.py for tasks to queue
[2022-05-24 12:20:08,249] {logging_mixin.py:115} INFO - [2022-05-24 12:20:08,249] {dagbag.py:507} INFO - Filling up the DagBag from /home/airflow/.local/lib/python3.7/site-packages/airflow/example_dags/tutorial.py
[2022-05-24 12:20:08,270] {processor.py:651} INFO - DAG(s) dict_keys(['tutorial']) retrieved from /home/airflow/.local/lib/python3.7/site-packages/airflow/example_dags/tutorial.py
[2022-05-24 12:20:08,372] {logging_mixin.py:115} INFO - [2022-05-24 12:20:08,372] {dag.py:2371} INFO - Sync 1 DAGs
[2022-05-24 12:20:08,465] {logging_mixin.py:115} INFO - [2022-05-24 12:20:08,465] {dag.py:2919} INFO - Setting next_dagrun for tutorial to 2022-05-23T12:20:08.465412+00:00, run_after=2022-05-24T12:20:08.465412+00:00
[2022-05-24 12:20:08,517] {processor.py:161} INFO - Processing /home/airflow/.local/lib/python3.7/site-packages/airflow/example_dags/tutorial.py took 0.300 seconds
[2022-05-24 12:20:38,724] {processor.py:153} INFO - Started process (PID=3681) to work on /home/airflow/.local/lib/python3.7/site-packages/airflow/example_dags/tutorial.py
[2022-05-24 12:20:38,726] {processor.py:641} INFO - Processing file /home/airflow/.local/lib/python3.7/site-packages/airflow/example_dags/tutorial.py for tasks to queue
[2022-05-24 12:20:38,728] {logging_mixin.py:115} INFO - [2022-05-24 12:20:38,728] {dagbag.py:507} INFO - Filling up the DagBag from /home/airflow/.local/lib/python3.7/site-packages/airflow/example_dags/tutorial.py
[2022-05-24 12:20:38,736] {processor.py:651} INFO - DAG(s) dict_keys(['tutorial']) retrieved from /home/airflow/.local/lib/python3.7/site-packages/airflow/example_dags/tutorial.py
[2022-05-24 12:20:38,772] {logging_mixin.py:115} INFO - [2022-05-24 12:20:38,772] {dag.py:2371} INFO - Sync 1 DAGs
[2022-05-24 12:20:38,807] {logging_mixin.py:115} INFO - [2022-05-24 12:20:38,807] {dag.py:2919} INFO - Setting next_dagrun for tutorial to 2022-05-23T12:20:38.806720+00:00, run_after=2022-05-24T12:20:38.806720+00:00
[2022-05-24 12:20:38,840] {processor.py:161} INFO - Processing /home/airflow/.local/lib/python3.7/site-packages/airflow/example_dags/tutorial.py took 0.120 seconds
[2022-05-24 12:21:09,496] {processor.py:153} INFO - Started process (PID=3886) to work on /home/airflow/.local/lib/python3.7/site-packages/airflow/example_dags/tutorial.py
[2022-05-24 12:21:09,505] {processor.py:641} INFO - Processing file /home/airflow/.local/lib/python3.7/site-packages/airflow/example_dags/tutorial.py for tasks to queue
[2022-05-24 12:21:09,512] {logging_mixin.py:115} INFO - [2022-05-24 12:21:09,510] {dagbag.py:507} INFO - Filling up the DagBag from /home/airflow/.local/lib/python3.7/site-packages/airflow/example_dags/tutorial.py
[2022-05-24 12:21:09,543] {processor.py:651} INFO - DAG(s) dict_keys(['tutorial']) retrieved from /home/airflow/.local/lib/python3.7/site-packages/airflow/example_dags/tutorial.py
[2022-05-24 12:21:09,653] {logging_mixin.py:115} INFO - [2022-05-24 12:21:09,652] {dag.py:2371} INFO - Sync 1 DAGs
[2022-05-24 12:21:09,736] {logging_mixin.py:115} INFO - [2022-05-24 12:21:09,736] {dag.py:2919} INFO - Setting next_dagrun for tutorial to 2022-05-23T12:21:09.735622+00:00, run_after=2022-05-24T12:21:09.735622+00:00
[2022-05-24 12:21:09,774] {processor.py:161} INFO - Processing /home/airflow/.local/lib/python3.7/site-packages/airflow/example_dags/tutorial.py took 0.285 seconds
[2022-05-24 12:21:40,214] {processor.py:153} INFO - Started process (PID=4080) to work on /home/airflow/.local/lib/python3.7/site-packages/airflow/example_dags/tutorial.py
[2022-05-24 12:21:40,217] {processor.py:641} INFO - Processing file /home/airflow/.local/lib/python3.7/site-packages/airflow/example_dags/tutorial.py for tasks to queue
[2022-05-24 12:21:40,221] {logging_mixin.py:115} INFO - [2022-05-24 12:21:40,221] {dagbag.py:507} INFO - Filling up the DagBag from /home/airflow/.local/lib/python3.7/site-packages/airflow/example_dags/tutorial.py
[2022-05-24 12:21:40,235] {processor.py:651} INFO - DAG(s) dict_keys(['tutorial']) retrieved from /home/airflow/.local/lib/python3.7/site-packages/airflow/example_dags/tutorial.py
[2022-05-24 12:21:40,286] {logging_mixin.py:115} INFO - [2022-05-24 12:21:40,286] {dag.py:2371} INFO - Sync 1 DAGs
[2022-05-24 12:21:40,322] {logging_mixin.py:115} INFO - [2022-05-24 12:21:40,322] {dag.py:2919} INFO - Setting next_dagrun for tutorial to 2022-05-23T12:21:40.321910+00:00, run_after=2022-05-24T12:21:40.321910+00:00
[2022-05-24 12:21:40,340] {processor.py:161} INFO - Processing /home/airflow/.local/lib/python3.7/site-packages/airflow/example_dags/tutorial.py took 0.131 seconds
[2022-05-24 12:22:12,480] {processor.py:153} INFO - Started process (PID=4288) to work on /home/airflow/.local/lib/python3.7/site-packages/airflow/example_dags/tutorial.py
[2022-05-24 12:22:12,499] {processor.py:641} INFO - Processing file /home/airflow/.local/lib/python3.7/site-packages/airflow/example_dags/tutorial.py for tasks to queue
[2022-05-24 12:22:12,635] {logging_mixin.py:115} INFO - [2022-05-24 12:22:12,635] {dagbag.py:507} INFO - Filling up the DagBag from /home/airflow/.local/lib/python3.7/site-packages/airflow/example_dags/tutorial.py
[2022-05-24 12:22:12,720] {processor.py:651} INFO - DAG(s) dict_keys(['tutorial']) retrieved from /home/airflow/.local/lib/python3.7/site-packages/airflow/example_dags/tutorial.py
[2022-05-24 12:22:13,013] {logging_mixin.py:115} INFO - [2022-05-24 12:22:13,012] {dag.py:2371} INFO - Sync 1 DAGs
[2022-05-24 12:22:13,231] {logging_mixin.py:115} INFO - [2022-05-24 12:22:13,231] {dag.py:2919} INFO - Setting next_dagrun for tutorial to 2022-05-23T12:22:13.231300+00:00, run_after=2022-05-24T12:22:13.231300+00:00
[2022-05-24 12:22:13,376] {processor.py:161} INFO - Processing /home/airflow/.local/lib/python3.7/site-packages/airflow/example_dags/tutorial.py took 0.962 seconds
[2022-05-24 12:22:43,611] {processor.py:153} INFO - Started process (PID=4483) to work on /home/airflow/.local/lib/python3.7/site-packages/airflow/example_dags/tutorial.py
[2022-05-24 12:22:43,614] {processor.py:641} INFO - Processing file /home/airflow/.local/lib/python3.7/site-packages/airflow/example_dags/tutorial.py for tasks to queue
[2022-05-24 12:22:43,616] {logging_mixin.py:115} INFO - [2022-05-24 12:22:43,616] {dagbag.py:507} INFO - Filling up the DagBag from /home/airflow/.local/lib/python3.7/site-packages/airflow/example_dags/tutorial.py
[2022-05-24 12:22:43,624] {processor.py:651} INFO - DAG(s) dict_keys(['tutorial']) retrieved from /home/airflow/.local/lib/python3.7/site-packages/airflow/example_dags/tutorial.py
[2022-05-24 12:22:43,665] {logging_mixin.py:115} INFO - [2022-05-24 12:22:43,665] {dag.py:2371} INFO - Sync 1 DAGs
[2022-05-24 12:22:43,711] {logging_mixin.py:115} INFO - [2022-05-24 12:22:43,711] {dag.py:2919} INFO - Setting next_dagrun for tutorial to 2022-05-23T12:22:43.710930+00:00, run_after=2022-05-24T12:22:43.710930+00:00
[2022-05-24 12:22:43,734] {processor.py:161} INFO - Processing /home/airflow/.local/lib/python3.7/site-packages/airflow/example_dags/tutorial.py took 0.127 seconds
[2022-05-24 12:23:13,787] {processor.py:153} INFO - Started process (PID=4675) to work on /home/airflow/.local/lib/python3.7/site-packages/airflow/example_dags/tutorial.py
[2022-05-24 12:23:13,790] {processor.py:641} INFO - Processing file /home/airflow/.local/lib/python3.7/site-packages/airflow/example_dags/tutorial.py for tasks to queue
[2022-05-24 12:23:13,791] {logging_mixin.py:115} INFO - [2022-05-24 12:23:13,791] {dagbag.py:507} INFO - Filling up the DagBag from /home/airflow/.local/lib/python3.7/site-packages/airflow/example_dags/tutorial.py
[2022-05-24 12:23:13,800] {processor.py:651} INFO - DAG(s) dict_keys(['tutorial']) retrieved from /home/airflow/.local/lib/python3.7/site-packages/airflow/example_dags/tutorial.py
[2022-05-24 12:23:13,845] {logging_mixin.py:115} INFO - [2022-05-24 12:23:13,844] {dag.py:2371} INFO - Sync 1 DAGs
[2022-05-24 12:23:13,882] {logging_mixin.py:115} INFO - [2022-05-24 12:23:13,882] {dag.py:2919} INFO - Setting next_dagrun for tutorial to 2022-05-23T12:23:13.882164+00:00, run_after=2022-05-24T12:23:13.882164+00:00
[2022-05-24 12:23:13,905] {processor.py:161} INFO - Processing /home/airflow/.local/lib/python3.7/site-packages/airflow/example_dags/tutorial.py took 0.124 seconds
[2022-05-24 12:23:44,079] {processor.py:153} INFO - Started process (PID=4869) to work on /home/airflow/.local/lib/python3.7/site-packages/airflow/example_dags/tutorial.py
[2022-05-24 12:23:44,085] {processor.py:641} INFO - Processing file /home/airflow/.local/lib/python3.7/site-packages/airflow/example_dags/tutorial.py for tasks to queue
[2022-05-24 12:23:44,088] {logging_mixin.py:115} INFO - [2022-05-24 12:23:44,088] {dagbag.py:507} INFO - Filling up the DagBag from /home/airflow/.local/lib/python3.7/site-packages/airflow/example_dags/tutorial.py
[2022-05-24 12:23:44,105] {processor.py:651} INFO - DAG(s) dict_keys(['tutorial']) retrieved from /home/airflow/.local/lib/python3.7/site-packages/airflow/example_dags/tutorial.py
[2022-05-24 12:23:44,177] {logging_mixin.py:115} INFO - [2022-05-24 12:23:44,177] {dag.py:2371} INFO - Sync 1 DAGs
[2022-05-24 12:23:44,257] {logging_mixin.py:115} INFO - [2022-05-24 12:23:44,257] {dag.py:2919} INFO - Setting next_dagrun for tutorial to 2022-05-23T12:23:44.257512+00:00, run_after=2022-05-24T12:23:44.257512+00:00
[2022-05-24 12:23:44,291] {processor.py:161} INFO - Processing /home/airflow/.local/lib/python3.7/site-packages/airflow/example_dags/tutorial.py took 0.220 seconds
[2022-05-24 12:24:15,048] {processor.py:153} INFO - Started process (PID=5074) to work on /home/airflow/.local/lib/python3.7/site-packages/airflow/example_dags/tutorial.py
[2022-05-24 12:24:15,059] {processor.py:641} INFO - Processing file /home/airflow/.local/lib/python3.7/site-packages/airflow/example_dags/tutorial.py for tasks to queue
[2022-05-24 12:24:15,068] {logging_mixin.py:115} INFO - [2022-05-24 12:24:15,068] {dagbag.py:507} INFO - Filling up the DagBag from /home/airflow/.local/lib/python3.7/site-packages/airflow/example_dags/tutorial.py
[2022-05-24 12:24:15,098] {processor.py:651} INFO - DAG(s) dict_keys(['tutorial']) retrieved from /home/airflow/.local/lib/python3.7/site-packages/airflow/example_dags/tutorial.py
[2022-05-24 12:24:15,164] {logging_mixin.py:115} INFO - [2022-05-24 12:24:15,164] {dag.py:2371} INFO - Sync 1 DAGs
[2022-05-24 12:24:15,220] {logging_mixin.py:115} INFO - [2022-05-24 12:24:15,219] {dag.py:2919} INFO - Setting next_dagrun for tutorial to 2022-05-23T12:24:15.219474+00:00, run_after=2022-05-24T12:24:15.219474+00:00
[2022-05-24 12:24:15,265] {processor.py:161} INFO - Processing /home/airflow/.local/lib/python3.7/site-packages/airflow/example_dags/tutorial.py took 0.226 seconds
[2022-05-24 12:24:45,404] {processor.py:153} INFO - Started process (PID=5264) to work on /home/airflow/.local/lib/python3.7/site-packages/airflow/example_dags/tutorial.py
[2022-05-24 12:24:45,406] {processor.py:641} INFO - Processing file /home/airflow/.local/lib/python3.7/site-packages/airflow/example_dags/tutorial.py for tasks to queue
[2022-05-24 12:24:45,408] {logging_mixin.py:115} INFO - [2022-05-24 12:24:45,408] {dagbag.py:507} INFO - Filling up the DagBag from /home/airflow/.local/lib/python3.7/site-packages/airflow/example_dags/tutorial.py
[2022-05-24 12:24:45,418] {processor.py:651} INFO - DAG(s) dict_keys(['tutorial']) retrieved from /home/airflow/.local/lib/python3.7/site-packages/airflow/example_dags/tutorial.py
[2022-05-24 12:24:45,455] {logging_mixin.py:115} INFO - [2022-05-24 12:24:45,455] {dag.py:2371} INFO - Sync 1 DAGs
[2022-05-24 12:24:45,485] {logging_mixin.py:115} INFO - [2022-05-24 12:24:45,485] {dag.py:2919} INFO - Setting next_dagrun for tutorial to 2022-05-23T12:24:45.485174+00:00, run_after=2022-05-24T12:24:45.485174+00:00
[2022-05-24 12:24:45,504] {processor.py:161} INFO - Processing /home/airflow/.local/lib/python3.7/site-packages/airflow/example_dags/tutorial.py took 0.104 seconds
[2022-05-24 12:25:16,276] {processor.py:153} INFO - Started process (PID=5470) to work on /home/airflow/.local/lib/python3.7/site-packages/airflow/example_dags/tutorial.py
[2022-05-24 12:25:16,280] {processor.py:641} INFO - Processing file /home/airflow/.local/lib/python3.7/site-packages/airflow/example_dags/tutorial.py for tasks to queue
[2022-05-24 12:25:16,286] {logging_mixin.py:115} INFO - [2022-05-24 12:25:16,286] {dagbag.py:507} INFO - Filling up the DagBag from /home/airflow/.local/lib/python3.7/site-packages/airflow/example_dags/tutorial.py
[2022-05-24 12:25:16,310] {processor.py:651} INFO - DAG(s) dict_keys(['tutorial']) retrieved from /home/airflow/.local/lib/python3.7/site-packages/airflow/example_dags/tutorial.py
[2022-05-24 12:25:16,392] {logging_mixin.py:115} INFO - [2022-05-24 12:25:16,392] {dag.py:2371} INFO - Sync 1 DAGs
[2022-05-24 12:25:16,477] {logging_mixin.py:115} INFO - [2022-05-24 12:25:16,477] {dag.py:2919} INFO - Setting next_dagrun for tutorial to 2022-05-23T12:25:16.476725+00:00, run_after=2022-05-24T12:25:16.476725+00:00
[2022-05-24 12:25:16,515] {processor.py:161} INFO - Processing /home/airflow/.local/lib/python3.7/site-packages/airflow/example_dags/tutorial.py took 0.265 seconds
[2022-05-24 12:25:47,181] {processor.py:153} INFO - Started process (PID=5666) to work on /home/airflow/.local/lib/python3.7/site-packages/airflow/example_dags/tutorial.py
[2022-05-24 12:25:47,184] {processor.py:641} INFO - Processing file /home/airflow/.local/lib/python3.7/site-packages/airflow/example_dags/tutorial.py for tasks to queue
[2022-05-24 12:25:47,186] {logging_mixin.py:115} INFO - [2022-05-24 12:25:47,186] {dagbag.py:507} INFO - Filling up the DagBag from /home/airflow/.local/lib/python3.7/site-packages/airflow/example_dags/tutorial.py
[2022-05-24 12:25:47,206] {processor.py:651} INFO - DAG(s) dict_keys(['tutorial']) retrieved from /home/airflow/.local/lib/python3.7/site-packages/airflow/example_dags/tutorial.py
[2022-05-24 12:25:47,263] {logging_mixin.py:115} INFO - [2022-05-24 12:25:47,263] {dag.py:2371} INFO - Sync 1 DAGs
[2022-05-24 12:25:47,309] {logging_mixin.py:115} INFO - [2022-05-24 12:25:47,309] {dag.py:2919} INFO - Setting next_dagrun for tutorial to 2022-05-23T12:25:47.309088+00:00, run_after=2022-05-24T12:25:47.309088+00:00
[2022-05-24 12:25:47,341] {processor.py:161} INFO - Processing /home/airflow/.local/lib/python3.7/site-packages/airflow/example_dags/tutorial.py took 0.167 seconds
[2022-05-24 12:26:17,619] {processor.py:153} INFO - Started process (PID=5870) to work on /home/airflow/.local/lib/python3.7/site-packages/airflow/example_dags/tutorial.py
[2022-05-24 12:26:17,624] {processor.py:641} INFO - Processing file /home/airflow/.local/lib/python3.7/site-packages/airflow/example_dags/tutorial.py for tasks to queue
[2022-05-24 12:26:17,627] {logging_mixin.py:115} INFO - [2022-05-24 12:26:17,627] {dagbag.py:507} INFO - Filling up the DagBag from /home/airflow/.local/lib/python3.7/site-packages/airflow/example_dags/tutorial.py
[2022-05-24 12:26:17,643] {processor.py:651} INFO - DAG(s) dict_keys(['tutorial']) retrieved from /home/airflow/.local/lib/python3.7/site-packages/airflow/example_dags/tutorial.py
[2022-05-24 12:26:17,729] {logging_mixin.py:115} INFO - [2022-05-24 12:26:17,729] {dag.py:2371} INFO - Sync 1 DAGs
[2022-05-24 12:26:17,784] {logging_mixin.py:115} INFO - [2022-05-24 12:26:17,783] {dag.py:2919} INFO - Setting next_dagrun for tutorial to 2022-05-23T12:26:17.783615+00:00, run_after=2022-05-24T12:26:17.783615+00:00
[2022-05-24 12:26:17,806] {processor.py:161} INFO - Processing /home/airflow/.local/lib/python3.7/site-packages/airflow/example_dags/tutorial.py took 0.193 seconds
[2022-05-24 12:26:48,673] {processor.py:153} INFO - Started process (PID=6064) to work on /home/airflow/.local/lib/python3.7/site-packages/airflow/example_dags/tutorial.py
[2022-05-24 12:26:48,678] {processor.py:641} INFO - Processing file /home/airflow/.local/lib/python3.7/site-packages/airflow/example_dags/tutorial.py for tasks to queue
[2022-05-24 12:26:48,687] {logging_mixin.py:115} INFO - [2022-05-24 12:26:48,685] {dagbag.py:507} INFO - Filling up the DagBag from /home/airflow/.local/lib/python3.7/site-packages/airflow/example_dags/tutorial.py
[2022-05-24 12:26:48,713] {processor.py:651} INFO - DAG(s) dict_keys(['tutorial']) retrieved from /home/airflow/.local/lib/python3.7/site-packages/airflow/example_dags/tutorial.py
[2022-05-24 12:26:48,790] {logging_mixin.py:115} INFO - [2022-05-24 12:26:48,790] {dag.py:2371} INFO - Sync 1 DAGs
[2022-05-24 12:26:48,906] {logging_mixin.py:115} INFO - [2022-05-24 12:26:48,905] {dag.py:2919} INFO - Setting next_dagrun for tutorial to 2022-05-23T12:26:48.905607+00:00, run_after=2022-05-24T12:26:48.905607+00:00
[2022-05-24 12:26:48,961] {processor.py:161} INFO - Processing /home/airflow/.local/lib/python3.7/site-packages/airflow/example_dags/tutorial.py took 0.306 seconds
[2022-05-24 12:27:19,098] {processor.py:153} INFO - Started process (PID=6256) to work on /home/airflow/.local/lib/python3.7/site-packages/airflow/example_dags/tutorial.py
[2022-05-24 12:27:19,100] {processor.py:641} INFO - Processing file /home/airflow/.local/lib/python3.7/site-packages/airflow/example_dags/tutorial.py for tasks to queue
[2022-05-24 12:27:19,102] {logging_mixin.py:115} INFO - [2022-05-24 12:27:19,102] {dagbag.py:507} INFO - Filling up the DagBag from /home/airflow/.local/lib/python3.7/site-packages/airflow/example_dags/tutorial.py
[2022-05-24 12:27:19,111] {processor.py:651} INFO - DAG(s) dict_keys(['tutorial']) retrieved from /home/airflow/.local/lib/python3.7/site-packages/airflow/example_dags/tutorial.py
[2022-05-24 12:27:19,151] {logging_mixin.py:115} INFO - [2022-05-24 12:27:19,151] {dag.py:2371} INFO - Sync 1 DAGs
[2022-05-24 12:27:19,183] {logging_mixin.py:115} INFO - [2022-05-24 12:27:19,183] {dag.py:2919} INFO - Setting next_dagrun for tutorial to 2022-05-23T12:27:19.183310+00:00, run_after=2022-05-24T12:27:19.183310+00:00
[2022-05-24 12:27:19,204] {processor.py:161} INFO - Processing /home/airflow/.local/lib/python3.7/site-packages/airflow/example_dags/tutorial.py took 0.111 seconds
[2022-05-24 12:27:49,677] {processor.py:153} INFO - Started process (PID=6451) to work on /home/airflow/.local/lib/python3.7/site-packages/airflow/example_dags/tutorial.py
[2022-05-24 12:27:49,679] {processor.py:641} INFO - Processing file /home/airflow/.local/lib/python3.7/site-packages/airflow/example_dags/tutorial.py for tasks to queue
[2022-05-24 12:27:49,681] {logging_mixin.py:115} INFO - [2022-05-24 12:27:49,681] {dagbag.py:507} INFO - Filling up the DagBag from /home/airflow/.local/lib/python3.7/site-packages/airflow/example_dags/tutorial.py
[2022-05-24 12:27:49,691] {processor.py:651} INFO - DAG(s) dict_keys(['tutorial']) retrieved from /home/airflow/.local/lib/python3.7/site-packages/airflow/example_dags/tutorial.py
[2022-05-24 12:27:49,733] {logging_mixin.py:115} INFO - [2022-05-24 12:27:49,733] {dag.py:2371} INFO - Sync 1 DAGs
[2022-05-24 12:27:49,768] {logging_mixin.py:115} INFO - [2022-05-24 12:27:49,768] {dag.py:2919} INFO - Setting next_dagrun for tutorial to 2022-05-23T12:27:49.768395+00:00, run_after=2022-05-24T12:27:49.768395+00:00
[2022-05-24 12:27:49,792] {processor.py:161} INFO - Processing /home/airflow/.local/lib/python3.7/site-packages/airflow/example_dags/tutorial.py took 0.120 seconds
[2022-05-24 12:28:20,710] {processor.py:153} INFO - Started process (PID=6646) to work on /home/airflow/.local/lib/python3.7/site-packages/airflow/example_dags/tutorial.py
[2022-05-24 12:28:20,715] {processor.py:641} INFO - Processing file /home/airflow/.local/lib/python3.7/site-packages/airflow/example_dags/tutorial.py for tasks to queue
[2022-05-24 12:28:20,720] {logging_mixin.py:115} INFO - [2022-05-24 12:28:20,720] {dagbag.py:507} INFO - Filling up the DagBag from /home/airflow/.local/lib/python3.7/site-packages/airflow/example_dags/tutorial.py
[2022-05-24 12:28:20,747] {processor.py:651} INFO - DAG(s) dict_keys(['tutorial']) retrieved from /home/airflow/.local/lib/python3.7/site-packages/airflow/example_dags/tutorial.py
[2022-05-24 12:28:20,874] {logging_mixin.py:115} INFO - [2022-05-24 12:28:20,873] {dag.py:2371} INFO - Sync 1 DAGs
[2022-05-24 12:28:20,932] {logging_mixin.py:115} INFO - [2022-05-24 12:28:20,932] {dag.py:2919} INFO - Setting next_dagrun for tutorial to 2022-05-23T12:28:20.931995+00:00, run_after=2022-05-24T12:28:20.931995+00:00
[2022-05-24 12:28:21,020] {processor.py:161} INFO - Processing /home/airflow/.local/lib/python3.7/site-packages/airflow/example_dags/tutorial.py took 0.322 seconds
[2022-05-24 12:28:51,194] {processor.py:153} INFO - Started process (PID=6849) to work on /home/airflow/.local/lib/python3.7/site-packages/airflow/example_dags/tutorial.py
[2022-05-24 12:28:51,197] {processor.py:641} INFO - Processing file /home/airflow/.local/lib/python3.7/site-packages/airflow/example_dags/tutorial.py for tasks to queue
[2022-05-24 12:28:51,199] {logging_mixin.py:115} INFO - [2022-05-24 12:28:51,199] {dagbag.py:507} INFO - Filling up the DagBag from /home/airflow/.local/lib/python3.7/site-packages/airflow/example_dags/tutorial.py
[2022-05-24 12:28:51,207] {processor.py:651} INFO - DAG(s) dict_keys(['tutorial']) retrieved from /home/airflow/.local/lib/python3.7/site-packages/airflow/example_dags/tutorial.py
[2022-05-24 12:28:51,245] {logging_mixin.py:115} INFO - [2022-05-24 12:28:51,245] {dag.py:2371} INFO - Sync 1 DAGs
[2022-05-24 12:28:51,277] {logging_mixin.py:115} INFO - [2022-05-24 12:28:51,277] {dag.py:2919} INFO - Setting next_dagrun for tutorial to 2022-05-23T12:28:51.277112+00:00, run_after=2022-05-24T12:28:51.277112+00:00
[2022-05-24 12:28:51,299] {processor.py:161} INFO - Processing /home/airflow/.local/lib/python3.7/site-packages/airflow/example_dags/tutorial.py took 0.112 seconds
[2022-05-24 12:29:21,577] {processor.py:153} INFO - Started process (PID=7043) to work on /home/airflow/.local/lib/python3.7/site-packages/airflow/example_dags/tutorial.py
[2022-05-24 12:29:21,579] {processor.py:641} INFO - Processing file /home/airflow/.local/lib/python3.7/site-packages/airflow/example_dags/tutorial.py for tasks to queue
[2022-05-24 12:29:21,582] {logging_mixin.py:115} INFO - [2022-05-24 12:29:21,582] {dagbag.py:507} INFO - Filling up the DagBag from /home/airflow/.local/lib/python3.7/site-packages/airflow/example_dags/tutorial.py
[2022-05-24 12:29:21,591] {processor.py:651} INFO - DAG(s) dict_keys(['tutorial']) retrieved from /home/airflow/.local/lib/python3.7/site-packages/airflow/example_dags/tutorial.py
[2022-05-24 12:29:21,636] {logging_mixin.py:115} INFO - [2022-05-24 12:29:21,636] {dag.py:2371} INFO - Sync 1 DAGs
[2022-05-24 12:29:21,676] {logging_mixin.py:115} INFO - [2022-05-24 12:29:21,676] {dag.py:2919} INFO - Setting next_dagrun for tutorial to 2022-05-23T12:29:21.675932+00:00, run_after=2022-05-24T12:29:21.675932+00:00
[2022-05-24 12:29:21,703] {processor.py:161} INFO - Processing /home/airflow/.local/lib/python3.7/site-packages/airflow/example_dags/tutorial.py took 0.130 seconds
[2022-05-24 12:29:52,017] {processor.py:153} INFO - Started process (PID=7247) to work on /home/airflow/.local/lib/python3.7/site-packages/airflow/example_dags/tutorial.py
[2022-05-24 12:29:52,020] {processor.py:641} INFO - Processing file /home/airflow/.local/lib/python3.7/site-packages/airflow/example_dags/tutorial.py for tasks to queue
[2022-05-24 12:29:52,022] {logging_mixin.py:115} INFO - [2022-05-24 12:29:52,022] {dagbag.py:507} INFO - Filling up the DagBag from /home/airflow/.local/lib/python3.7/site-packages/airflow/example_dags/tutorial.py
[2022-05-24 12:29:52,031] {processor.py:651} INFO - DAG(s) dict_keys(['tutorial']) retrieved from /home/airflow/.local/lib/python3.7/site-packages/airflow/example_dags/tutorial.py
[2022-05-24 12:29:52,076] {logging_mixin.py:115} INFO - [2022-05-24 12:29:52,076] {dag.py:2371} INFO - Sync 1 DAGs
[2022-05-24 12:29:52,107] {logging_mixin.py:115} INFO - [2022-05-24 12:29:52,107] {dag.py:2919} INFO - Setting next_dagrun for tutorial to 2022-05-23T12:29:52.107343+00:00, run_after=2022-05-24T12:29:52.107343+00:00
[2022-05-24 12:29:52,127] {processor.py:161} INFO - Processing /home/airflow/.local/lib/python3.7/site-packages/airflow/example_dags/tutorial.py took 0.116 seconds
