[2022-05-24 12:12:03,294] {processor.py:153} INFO - Started process (PID=350) to work on /home/airflow/.local/lib/python3.7/site-packages/airflow/example_dags/tutorial_taskflow_api_etl_virtualenv.py
[2022-05-24 12:12:03,297] {processor.py:641} INFO - Processing file /home/airflow/.local/lib/python3.7/site-packages/airflow/example_dags/tutorial_taskflow_api_etl_virtualenv.py for tasks to queue
[2022-05-24 12:12:03,303] {logging_mixin.py:115} INFO - [2022-05-24 12:12:03,303] {dagbag.py:507} INFO - Filling up the DagBag from /home/airflow/.local/lib/python3.7/site-packages/airflow/example_dags/tutorial_taskflow_api_etl_virtualenv.py
[2022-05-24 12:12:03,422] {processor.py:651} INFO - DAG(s) dict_keys(['tutorial_taskflow_api_etl_virtualenv']) retrieved from /home/airflow/.local/lib/python3.7/site-packages/airflow/example_dags/tutorial_taskflow_api_etl_virtualenv.py
[2022-05-24 12:12:03,868] {logging_mixin.py:115} INFO - [2022-05-24 12:12:03,868] {manager.py:508} INFO - Created Permission View: can delete on DAG:tutorial_taskflow_api_etl_virtualenv
[2022-05-24 12:12:03,934] {logging_mixin.py:115} INFO - [2022-05-24 12:12:03,934] {manager.py:508} INFO - Created Permission View: can edit on DAG:tutorial_taskflow_api_etl_virtualenv
[2022-05-24 12:12:03,986] {logging_mixin.py:115} INFO - [2022-05-24 12:12:03,985] {manager.py:508} INFO - Created Permission View: can read on DAG:tutorial_taskflow_api_etl_virtualenv
[2022-05-24 12:12:03,990] {logging_mixin.py:115} INFO - [2022-05-24 12:12:03,990] {dag.py:2371} INFO - Sync 1 DAGs
[2022-05-24 12:12:04,036] {logging_mixin.py:115} INFO - [2022-05-24 12:12:04,036] {dag.py:2390} INFO - Creating ORM DAG for tutorial_taskflow_api_etl_virtualenv
[2022-05-24 12:12:04,145] {logging_mixin.py:115} INFO - [2022-05-24 12:12:04,145] {dag.py:2919} INFO - Setting next_dagrun for tutorial_taskflow_api_etl_virtualenv to None, run_after=None
[2022-05-24 12:12:04,284] {processor.py:161} INFO - Processing /home/airflow/.local/lib/python3.7/site-packages/airflow/example_dags/tutorial_taskflow_api_etl_virtualenv.py took 1.017 seconds
[2022-05-24 12:12:35,400] {processor.py:153} INFO - Started process (PID=551) to work on /home/airflow/.local/lib/python3.7/site-packages/airflow/example_dags/tutorial_taskflow_api_etl_virtualenv.py
[2022-05-24 12:12:35,405] {processor.py:641} INFO - Processing file /home/airflow/.local/lib/python3.7/site-packages/airflow/example_dags/tutorial_taskflow_api_etl_virtualenv.py for tasks to queue
[2022-05-24 12:12:35,422] {logging_mixin.py:115} INFO - [2022-05-24 12:12:35,420] {dagbag.py:507} INFO - Filling up the DagBag from /home/airflow/.local/lib/python3.7/site-packages/airflow/example_dags/tutorial_taskflow_api_etl_virtualenv.py
[2022-05-24 12:12:35,477] {processor.py:651} INFO - DAG(s) dict_keys(['tutorial_taskflow_api_etl_virtualenv']) retrieved from /home/airflow/.local/lib/python3.7/site-packages/airflow/example_dags/tutorial_taskflow_api_etl_virtualenv.py
[2022-05-24 12:12:35,585] {logging_mixin.py:115} INFO - [2022-05-24 12:12:35,585] {dag.py:2371} INFO - Sync 1 DAGs
[2022-05-24 12:12:35,616] {logging_mixin.py:115} INFO - [2022-05-24 12:12:35,615] {dag.py:2919} INFO - Setting next_dagrun for tutorial_taskflow_api_etl_virtualenv to None, run_after=None
[2022-05-24 12:12:35,638] {processor.py:161} INFO - Processing /home/airflow/.local/lib/python3.7/site-packages/airflow/example_dags/tutorial_taskflow_api_etl_virtualenv.py took 0.246 seconds
[2022-05-24 12:13:05,792] {processor.py:153} INFO - Started process (PID=746) to work on /home/airflow/.local/lib/python3.7/site-packages/airflow/example_dags/tutorial_taskflow_api_etl_virtualenv.py
[2022-05-24 12:13:05,796] {processor.py:641} INFO - Processing file /home/airflow/.local/lib/python3.7/site-packages/airflow/example_dags/tutorial_taskflow_api_etl_virtualenv.py for tasks to queue
[2022-05-24 12:13:05,798] {logging_mixin.py:115} INFO - [2022-05-24 12:13:05,797] {dagbag.py:507} INFO - Filling up the DagBag from /home/airflow/.local/lib/python3.7/site-packages/airflow/example_dags/tutorial_taskflow_api_etl_virtualenv.py
[2022-05-24 12:13:05,846] {processor.py:651} INFO - DAG(s) dict_keys(['tutorial_taskflow_api_etl_virtualenv']) retrieved from /home/airflow/.local/lib/python3.7/site-packages/airflow/example_dags/tutorial_taskflow_api_etl_virtualenv.py
[2022-05-24 12:13:06,164] {logging_mixin.py:115} INFO - [2022-05-24 12:13:06,164] {dag.py:2371} INFO - Sync 1 DAGs
[2022-05-24 12:13:06,224] {logging_mixin.py:115} INFO - [2022-05-24 12:13:06,223] {dag.py:2919} INFO - Setting next_dagrun for tutorial_taskflow_api_etl_virtualenv to None, run_after=None
[2022-05-24 12:13:06,269] {processor.py:161} INFO - Processing /home/airflow/.local/lib/python3.7/site-packages/airflow/example_dags/tutorial_taskflow_api_etl_virtualenv.py took 0.491 seconds
[2022-05-24 12:13:36,439] {processor.py:153} INFO - Started process (PID=963) to work on /home/airflow/.local/lib/python3.7/site-packages/airflow/example_dags/tutorial_taskflow_api_etl_virtualenv.py
[2022-05-24 12:13:36,449] {processor.py:641} INFO - Processing file /home/airflow/.local/lib/python3.7/site-packages/airflow/example_dags/tutorial_taskflow_api_etl_virtualenv.py for tasks to queue
[2022-05-24 12:13:36,454] {logging_mixin.py:115} INFO - [2022-05-24 12:13:36,452] {dagbag.py:507} INFO - Filling up the DagBag from /home/airflow/.local/lib/python3.7/site-packages/airflow/example_dags/tutorial_taskflow_api_etl_virtualenv.py
[2022-05-24 12:13:36,529] {processor.py:651} INFO - DAG(s) dict_keys(['tutorial_taskflow_api_etl_virtualenv']) retrieved from /home/airflow/.local/lib/python3.7/site-packages/airflow/example_dags/tutorial_taskflow_api_etl_virtualenv.py
[2022-05-24 12:13:36,648] {logging_mixin.py:115} INFO - [2022-05-24 12:13:36,647] {dag.py:2371} INFO - Sync 1 DAGs
[2022-05-24 12:13:36,680] {logging_mixin.py:115} INFO - [2022-05-24 12:13:36,680] {dag.py:2919} INFO - Setting next_dagrun for tutorial_taskflow_api_etl_virtualenv to None, run_after=None
[2022-05-24 12:13:36,711] {processor.py:161} INFO - Processing /home/airflow/.local/lib/python3.7/site-packages/airflow/example_dags/tutorial_taskflow_api_etl_virtualenv.py took 0.282 seconds
[2022-05-24 12:14:07,192] {processor.py:153} INFO - Started process (PID=1157) to work on /home/airflow/.local/lib/python3.7/site-packages/airflow/example_dags/tutorial_taskflow_api_etl_virtualenv.py
[2022-05-24 12:14:07,195] {processor.py:641} INFO - Processing file /home/airflow/.local/lib/python3.7/site-packages/airflow/example_dags/tutorial_taskflow_api_etl_virtualenv.py for tasks to queue
[2022-05-24 12:14:07,199] {logging_mixin.py:115} INFO - [2022-05-24 12:14:07,198] {dagbag.py:507} INFO - Filling up the DagBag from /home/airflow/.local/lib/python3.7/site-packages/airflow/example_dags/tutorial_taskflow_api_etl_virtualenv.py
[2022-05-24 12:14:07,231] {processor.py:651} INFO - DAG(s) dict_keys(['tutorial_taskflow_api_etl_virtualenv']) retrieved from /home/airflow/.local/lib/python3.7/site-packages/airflow/example_dags/tutorial_taskflow_api_etl_virtualenv.py
[2022-05-24 12:14:07,332] {logging_mixin.py:115} INFO - [2022-05-24 12:14:07,332] {dag.py:2371} INFO - Sync 1 DAGs
[2022-05-24 12:14:07,369] {logging_mixin.py:115} INFO - [2022-05-24 12:14:07,369] {dag.py:2919} INFO - Setting next_dagrun for tutorial_taskflow_api_etl_virtualenv to None, run_after=None
[2022-05-24 12:14:07,399] {processor.py:161} INFO - Processing /home/airflow/.local/lib/python3.7/site-packages/airflow/example_dags/tutorial_taskflow_api_etl_virtualenv.py took 0.218 seconds
[2022-05-24 12:14:38,055] {processor.py:153} INFO - Started process (PID=1363) to work on /home/airflow/.local/lib/python3.7/site-packages/airflow/example_dags/tutorial_taskflow_api_etl_virtualenv.py
[2022-05-24 12:14:38,058] {processor.py:641} INFO - Processing file /home/airflow/.local/lib/python3.7/site-packages/airflow/example_dags/tutorial_taskflow_api_etl_virtualenv.py for tasks to queue
[2022-05-24 12:14:38,060] {logging_mixin.py:115} INFO - [2022-05-24 12:14:38,060] {dagbag.py:507} INFO - Filling up the DagBag from /home/airflow/.local/lib/python3.7/site-packages/airflow/example_dags/tutorial_taskflow_api_etl_virtualenv.py
[2022-05-24 12:14:38,139] {processor.py:651} INFO - DAG(s) dict_keys(['tutorial_taskflow_api_etl_virtualenv']) retrieved from /home/airflow/.local/lib/python3.7/site-packages/airflow/example_dags/tutorial_taskflow_api_etl_virtualenv.py
[2022-05-24 12:14:38,236] {logging_mixin.py:115} INFO - [2022-05-24 12:14:38,235] {dag.py:2371} INFO - Sync 1 DAGs
[2022-05-24 12:14:38,270] {logging_mixin.py:115} INFO - [2022-05-24 12:14:38,270] {dag.py:2919} INFO - Setting next_dagrun for tutorial_taskflow_api_etl_virtualenv to None, run_after=None
[2022-05-24 12:14:38,294] {processor.py:161} INFO - Processing /home/airflow/.local/lib/python3.7/site-packages/airflow/example_dags/tutorial_taskflow_api_etl_virtualenv.py took 0.243 seconds
[2022-05-24 12:15:08,929] {processor.py:153} INFO - Started process (PID=1567) to work on /home/airflow/.local/lib/python3.7/site-packages/airflow/example_dags/tutorial_taskflow_api_etl_virtualenv.py
[2022-05-24 12:15:08,932] {processor.py:641} INFO - Processing file /home/airflow/.local/lib/python3.7/site-packages/airflow/example_dags/tutorial_taskflow_api_etl_virtualenv.py for tasks to queue
[2022-05-24 12:15:08,935] {logging_mixin.py:115} INFO - [2022-05-24 12:15:08,934] {dagbag.py:507} INFO - Filling up the DagBag from /home/airflow/.local/lib/python3.7/site-packages/airflow/example_dags/tutorial_taskflow_api_etl_virtualenv.py
[2022-05-24 12:15:08,973] {processor.py:651} INFO - DAG(s) dict_keys(['tutorial_taskflow_api_etl_virtualenv']) retrieved from /home/airflow/.local/lib/python3.7/site-packages/airflow/example_dags/tutorial_taskflow_api_etl_virtualenv.py
[2022-05-24 12:15:09,084] {logging_mixin.py:115} INFO - [2022-05-24 12:15:09,084] {dag.py:2371} INFO - Sync 1 DAGs
[2022-05-24 12:15:09,116] {logging_mixin.py:115} INFO - [2022-05-24 12:15:09,116] {dag.py:2919} INFO - Setting next_dagrun for tutorial_taskflow_api_etl_virtualenv to None, run_after=None
[2022-05-24 12:15:09,140] {processor.py:161} INFO - Processing /home/airflow/.local/lib/python3.7/site-packages/airflow/example_dags/tutorial_taskflow_api_etl_virtualenv.py took 0.218 seconds
[2022-05-24 12:15:39,397] {processor.py:153} INFO - Started process (PID=1762) to work on /home/airflow/.local/lib/python3.7/site-packages/airflow/example_dags/tutorial_taskflow_api_etl_virtualenv.py
[2022-05-24 12:15:39,400] {processor.py:641} INFO - Processing file /home/airflow/.local/lib/python3.7/site-packages/airflow/example_dags/tutorial_taskflow_api_etl_virtualenv.py for tasks to queue
[2022-05-24 12:15:39,402] {logging_mixin.py:115} INFO - [2022-05-24 12:15:39,402] {dagbag.py:507} INFO - Filling up the DagBag from /home/airflow/.local/lib/python3.7/site-packages/airflow/example_dags/tutorial_taskflow_api_etl_virtualenv.py
[2022-05-24 12:15:39,451] {processor.py:651} INFO - DAG(s) dict_keys(['tutorial_taskflow_api_etl_virtualenv']) retrieved from /home/airflow/.local/lib/python3.7/site-packages/airflow/example_dags/tutorial_taskflow_api_etl_virtualenv.py
[2022-05-24 12:15:39,493] {logging_mixin.py:115} INFO - [2022-05-24 12:15:39,493] {dag.py:2371} INFO - Sync 1 DAGs
[2022-05-24 12:15:39,526] {logging_mixin.py:115} INFO - [2022-05-24 12:15:39,526] {dag.py:2919} INFO - Setting next_dagrun for tutorial_taskflow_api_etl_virtualenv to None, run_after=None
[2022-05-24 12:15:39,546] {processor.py:161} INFO - Processing /home/airflow/.local/lib/python3.7/site-packages/airflow/example_dags/tutorial_taskflow_api_etl_virtualenv.py took 0.161 seconds
[2022-05-24 12:16:09,759] {processor.py:153} INFO - Started process (PID=1968) to work on /home/airflow/.local/lib/python3.7/site-packages/airflow/example_dags/tutorial_taskflow_api_etl_virtualenv.py
[2022-05-24 12:16:09,762] {processor.py:641} INFO - Processing file /home/airflow/.local/lib/python3.7/site-packages/airflow/example_dags/tutorial_taskflow_api_etl_virtualenv.py for tasks to queue
[2022-05-24 12:16:09,764] {logging_mixin.py:115} INFO - [2022-05-24 12:16:09,764] {dagbag.py:507} INFO - Filling up the DagBag from /home/airflow/.local/lib/python3.7/site-packages/airflow/example_dags/tutorial_taskflow_api_etl_virtualenv.py
[2022-05-24 12:16:09,792] {processor.py:651} INFO - DAG(s) dict_keys(['tutorial_taskflow_api_etl_virtualenv']) retrieved from /home/airflow/.local/lib/python3.7/site-packages/airflow/example_dags/tutorial_taskflow_api_etl_virtualenv.py
[2022-05-24 12:16:09,891] {logging_mixin.py:115} INFO - [2022-05-24 12:16:09,891] {dag.py:2371} INFO - Sync 1 DAGs
[2022-05-24 12:16:09,924] {logging_mixin.py:115} INFO - [2022-05-24 12:16:09,924] {dag.py:2919} INFO - Setting next_dagrun for tutorial_taskflow_api_etl_virtualenv to None, run_after=None
[2022-05-24 12:16:09,951] {processor.py:161} INFO - Processing /home/airflow/.local/lib/python3.7/site-packages/airflow/example_dags/tutorial_taskflow_api_etl_virtualenv.py took 0.196 seconds
[2022-05-24 12:16:40,660] {processor.py:153} INFO - Started process (PID=2160) to work on /home/airflow/.local/lib/python3.7/site-packages/airflow/example_dags/tutorial_taskflow_api_etl_virtualenv.py
[2022-05-24 12:16:40,665] {processor.py:641} INFO - Processing file /home/airflow/.local/lib/python3.7/site-packages/airflow/example_dags/tutorial_taskflow_api_etl_virtualenv.py for tasks to queue
[2022-05-24 12:16:40,667] {logging_mixin.py:115} INFO - [2022-05-24 12:16:40,667] {dagbag.py:507} INFO - Filling up the DagBag from /home/airflow/.local/lib/python3.7/site-packages/airflow/example_dags/tutorial_taskflow_api_etl_virtualenv.py
[2022-05-24 12:16:40,713] {processor.py:651} INFO - DAG(s) dict_keys(['tutorial_taskflow_api_etl_virtualenv']) retrieved from /home/airflow/.local/lib/python3.7/site-packages/airflow/example_dags/tutorial_taskflow_api_etl_virtualenv.py
[2022-05-24 12:16:40,810] {logging_mixin.py:115} INFO - [2022-05-24 12:16:40,810] {dag.py:2371} INFO - Sync 1 DAGs
[2022-05-24 12:16:40,841] {logging_mixin.py:115} INFO - [2022-05-24 12:16:40,841] {dag.py:2919} INFO - Setting next_dagrun for tutorial_taskflow_api_etl_virtualenv to None, run_after=None
[2022-05-24 12:16:40,861] {processor.py:161} INFO - Processing /home/airflow/.local/lib/python3.7/site-packages/airflow/example_dags/tutorial_taskflow_api_etl_virtualenv.py took 0.208 seconds
[2022-05-24 12:17:11,457] {processor.py:153} INFO - Started process (PID=2363) to work on /home/airflow/.local/lib/python3.7/site-packages/airflow/example_dags/tutorial_taskflow_api_etl_virtualenv.py
[2022-05-24 12:17:11,460] {processor.py:641} INFO - Processing file /home/airflow/.local/lib/python3.7/site-packages/airflow/example_dags/tutorial_taskflow_api_etl_virtualenv.py for tasks to queue
[2022-05-24 12:17:11,462] {logging_mixin.py:115} INFO - [2022-05-24 12:17:11,462] {dagbag.py:507} INFO - Filling up the DagBag from /home/airflow/.local/lib/python3.7/site-packages/airflow/example_dags/tutorial_taskflow_api_etl_virtualenv.py
[2022-05-24 12:17:11,496] {processor.py:651} INFO - DAG(s) dict_keys(['tutorial_taskflow_api_etl_virtualenv']) retrieved from /home/airflow/.local/lib/python3.7/site-packages/airflow/example_dags/tutorial_taskflow_api_etl_virtualenv.py
[2022-05-24 12:17:11,600] {logging_mixin.py:115} INFO - [2022-05-24 12:17:11,599] {dag.py:2371} INFO - Sync 1 DAGs
[2022-05-24 12:17:11,633] {logging_mixin.py:115} INFO - [2022-05-24 12:17:11,633] {dag.py:2919} INFO - Setting next_dagrun for tutorial_taskflow_api_etl_virtualenv to None, run_after=None
[2022-05-24 12:17:11,656] {processor.py:161} INFO - Processing /home/airflow/.local/lib/python3.7/site-packages/airflow/example_dags/tutorial_taskflow_api_etl_virtualenv.py took 0.203 seconds
[2022-05-24 12:17:41,927] {processor.py:153} INFO - Started process (PID=2570) to work on /home/airflow/.local/lib/python3.7/site-packages/airflow/example_dags/tutorial_taskflow_api_etl_virtualenv.py
[2022-05-24 12:17:41,935] {processor.py:641} INFO - Processing file /home/airflow/.local/lib/python3.7/site-packages/airflow/example_dags/tutorial_taskflow_api_etl_virtualenv.py for tasks to queue
[2022-05-24 12:17:41,940] {logging_mixin.py:115} INFO - [2022-05-24 12:17:41,940] {dagbag.py:507} INFO - Filling up the DagBag from /home/airflow/.local/lib/python3.7/site-packages/airflow/example_dags/tutorial_taskflow_api_etl_virtualenv.py
[2022-05-24 12:17:42,014] {processor.py:651} INFO - DAG(s) dict_keys(['tutorial_taskflow_api_etl_virtualenv']) retrieved from /home/airflow/.local/lib/python3.7/site-packages/airflow/example_dags/tutorial_taskflow_api_etl_virtualenv.py
[2022-05-24 12:17:42,220] {logging_mixin.py:115} INFO - [2022-05-24 12:17:42,220] {dag.py:2371} INFO - Sync 1 DAGs
[2022-05-24 12:17:42,290] {logging_mixin.py:115} INFO - [2022-05-24 12:17:42,290] {dag.py:2919} INFO - Setting next_dagrun for tutorial_taskflow_api_etl_virtualenv to None, run_after=None
[2022-05-24 12:17:42,339] {processor.py:161} INFO - Processing /home/airflow/.local/lib/python3.7/site-packages/airflow/example_dags/tutorial_taskflow_api_etl_virtualenv.py took 0.455 seconds
[2022-05-24 12:18:13,302] {processor.py:153} INFO - Started process (PID=2772) to work on /home/airflow/.local/lib/python3.7/site-packages/airflow/example_dags/tutorial_taskflow_api_etl_virtualenv.py
[2022-05-24 12:18:13,309] {processor.py:641} INFO - Processing file /home/airflow/.local/lib/python3.7/site-packages/airflow/example_dags/tutorial_taskflow_api_etl_virtualenv.py for tasks to queue
[2022-05-24 12:18:13,326] {logging_mixin.py:115} INFO - [2022-05-24 12:18:13,326] {dagbag.py:507} INFO - Filling up the DagBag from /home/airflow/.local/lib/python3.7/site-packages/airflow/example_dags/tutorial_taskflow_api_etl_virtualenv.py
[2022-05-24 12:18:13,514] {processor.py:651} INFO - DAG(s) dict_keys(['tutorial_taskflow_api_etl_virtualenv']) retrieved from /home/airflow/.local/lib/python3.7/site-packages/airflow/example_dags/tutorial_taskflow_api_etl_virtualenv.py
[2022-05-24 12:18:14,674] {logging_mixin.py:115} INFO - [2022-05-24 12:18:14,674] {dag.py:2371} INFO - Sync 1 DAGs
[2022-05-24 12:18:14,929] {logging_mixin.py:115} INFO - [2022-05-24 12:18:14,929] {dag.py:2919} INFO - Setting next_dagrun for tutorial_taskflow_api_etl_virtualenv to None, run_after=None
[2022-05-24 12:18:15,170] {processor.py:161} INFO - Processing /home/airflow/.local/lib/python3.7/site-packages/airflow/example_dags/tutorial_taskflow_api_etl_virtualenv.py took 1.897 seconds
[2022-05-24 12:18:45,644] {processor.py:153} INFO - Started process (PID=2969) to work on /home/airflow/.local/lib/python3.7/site-packages/airflow/example_dags/tutorial_taskflow_api_etl_virtualenv.py
[2022-05-24 12:18:45,646] {processor.py:641} INFO - Processing file /home/airflow/.local/lib/python3.7/site-packages/airflow/example_dags/tutorial_taskflow_api_etl_virtualenv.py for tasks to queue
[2022-05-24 12:18:45,647] {logging_mixin.py:115} INFO - [2022-05-24 12:18:45,647] {dagbag.py:507} INFO - Filling up the DagBag from /home/airflow/.local/lib/python3.7/site-packages/airflow/example_dags/tutorial_taskflow_api_etl_virtualenv.py
[2022-05-24 12:18:45,672] {processor.py:651} INFO - DAG(s) dict_keys(['tutorial_taskflow_api_etl_virtualenv']) retrieved from /home/airflow/.local/lib/python3.7/site-packages/airflow/example_dags/tutorial_taskflow_api_etl_virtualenv.py
[2022-05-24 12:18:45,764] {logging_mixin.py:115} INFO - [2022-05-24 12:18:45,763] {dag.py:2371} INFO - Sync 1 DAGs
[2022-05-24 12:18:45,800] {logging_mixin.py:115} INFO - [2022-05-24 12:18:45,799] {dag.py:2919} INFO - Setting next_dagrun for tutorial_taskflow_api_etl_virtualenv to None, run_after=None
[2022-05-24 12:18:45,825] {processor.py:161} INFO - Processing /home/airflow/.local/lib/python3.7/site-packages/airflow/example_dags/tutorial_taskflow_api_etl_virtualenv.py took 0.185 seconds
[2022-05-24 12:19:16,053] {processor.py:153} INFO - Started process (PID=3175) to work on /home/airflow/.local/lib/python3.7/site-packages/airflow/example_dags/tutorial_taskflow_api_etl_virtualenv.py
[2022-05-24 12:19:16,057] {processor.py:641} INFO - Processing file /home/airflow/.local/lib/python3.7/site-packages/airflow/example_dags/tutorial_taskflow_api_etl_virtualenv.py for tasks to queue
[2022-05-24 12:19:16,058] {logging_mixin.py:115} INFO - [2022-05-24 12:19:16,058] {dagbag.py:507} INFO - Filling up the DagBag from /home/airflow/.local/lib/python3.7/site-packages/airflow/example_dags/tutorial_taskflow_api_etl_virtualenv.py
[2022-05-24 12:19:16,090] {processor.py:651} INFO - DAG(s) dict_keys(['tutorial_taskflow_api_etl_virtualenv']) retrieved from /home/airflow/.local/lib/python3.7/site-packages/airflow/example_dags/tutorial_taskflow_api_etl_virtualenv.py
[2022-05-24 12:19:16,202] {logging_mixin.py:115} INFO - [2022-05-24 12:19:16,202] {dag.py:2371} INFO - Sync 1 DAGs
[2022-05-24 12:19:16,242] {logging_mixin.py:115} INFO - [2022-05-24 12:19:16,242] {dag.py:2919} INFO - Setting next_dagrun for tutorial_taskflow_api_etl_virtualenv to None, run_after=None
[2022-05-24 12:19:16,270] {processor.py:161} INFO - Processing /home/airflow/.local/lib/python3.7/site-packages/airflow/example_dags/tutorial_taskflow_api_etl_virtualenv.py took 0.222 seconds
[2022-05-24 12:19:46,736] {processor.py:153} INFO - Started process (PID=3370) to work on /home/airflow/.local/lib/python3.7/site-packages/airflow/example_dags/tutorial_taskflow_api_etl_virtualenv.py
[2022-05-24 12:19:46,738] {processor.py:641} INFO - Processing file /home/airflow/.local/lib/python3.7/site-packages/airflow/example_dags/tutorial_taskflow_api_etl_virtualenv.py for tasks to queue
[2022-05-24 12:19:46,740] {logging_mixin.py:115} INFO - [2022-05-24 12:19:46,739] {dagbag.py:507} INFO - Filling up the DagBag from /home/airflow/.local/lib/python3.7/site-packages/airflow/example_dags/tutorial_taskflow_api_etl_virtualenv.py
[2022-05-24 12:19:46,766] {processor.py:651} INFO - DAG(s) dict_keys(['tutorial_taskflow_api_etl_virtualenv']) retrieved from /home/airflow/.local/lib/python3.7/site-packages/airflow/example_dags/tutorial_taskflow_api_etl_virtualenv.py
[2022-05-24 12:19:46,863] {logging_mixin.py:115} INFO - [2022-05-24 12:19:46,863] {dag.py:2371} INFO - Sync 1 DAGs
[2022-05-24 12:19:46,895] {logging_mixin.py:115} INFO - [2022-05-24 12:19:46,895] {dag.py:2919} INFO - Setting next_dagrun for tutorial_taskflow_api_etl_virtualenv to None, run_after=None
[2022-05-24 12:19:46,918] {processor.py:161} INFO - Processing /home/airflow/.local/lib/python3.7/site-packages/airflow/example_dags/tutorial_taskflow_api_etl_virtualenv.py took 0.189 seconds
[2022-05-24 12:20:17,749] {processor.py:153} INFO - Started process (PID=3564) to work on /home/airflow/.local/lib/python3.7/site-packages/airflow/example_dags/tutorial_taskflow_api_etl_virtualenv.py
[2022-05-24 12:20:17,751] {processor.py:641} INFO - Processing file /home/airflow/.local/lib/python3.7/site-packages/airflow/example_dags/tutorial_taskflow_api_etl_virtualenv.py for tasks to queue
[2022-05-24 12:20:17,753] {logging_mixin.py:115} INFO - [2022-05-24 12:20:17,753] {dagbag.py:507} INFO - Filling up the DagBag from /home/airflow/.local/lib/python3.7/site-packages/airflow/example_dags/tutorial_taskflow_api_etl_virtualenv.py
[2022-05-24 12:20:17,780] {processor.py:651} INFO - DAG(s) dict_keys(['tutorial_taskflow_api_etl_virtualenv']) retrieved from /home/airflow/.local/lib/python3.7/site-packages/airflow/example_dags/tutorial_taskflow_api_etl_virtualenv.py
[2022-05-24 12:20:17,874] {logging_mixin.py:115} INFO - [2022-05-24 12:20:17,874] {dag.py:2371} INFO - Sync 1 DAGs
[2022-05-24 12:20:17,904] {logging_mixin.py:115} INFO - [2022-05-24 12:20:17,904] {dag.py:2919} INFO - Setting next_dagrun for tutorial_taskflow_api_etl_virtualenv to None, run_after=None
[2022-05-24 12:20:17,926] {processor.py:161} INFO - Processing /home/airflow/.local/lib/python3.7/site-packages/airflow/example_dags/tutorial_taskflow_api_etl_virtualenv.py took 0.181 seconds
[2022-05-24 12:20:48,409] {processor.py:153} INFO - Started process (PID=3767) to work on /home/airflow/.local/lib/python3.7/site-packages/airflow/example_dags/tutorial_taskflow_api_etl_virtualenv.py
[2022-05-24 12:20:48,410] {processor.py:641} INFO - Processing file /home/airflow/.local/lib/python3.7/site-packages/airflow/example_dags/tutorial_taskflow_api_etl_virtualenv.py for tasks to queue
[2022-05-24 12:20:48,412] {logging_mixin.py:115} INFO - [2022-05-24 12:20:48,412] {dagbag.py:507} INFO - Filling up the DagBag from /home/airflow/.local/lib/python3.7/site-packages/airflow/example_dags/tutorial_taskflow_api_etl_virtualenv.py
[2022-05-24 12:20:48,438] {processor.py:651} INFO - DAG(s) dict_keys(['tutorial_taskflow_api_etl_virtualenv']) retrieved from /home/airflow/.local/lib/python3.7/site-packages/airflow/example_dags/tutorial_taskflow_api_etl_virtualenv.py
[2022-05-24 12:20:48,528] {logging_mixin.py:115} INFO - [2022-05-24 12:20:48,528] {dag.py:2371} INFO - Sync 1 DAGs
[2022-05-24 12:20:48,562] {logging_mixin.py:115} INFO - [2022-05-24 12:20:48,562] {dag.py:2919} INFO - Setting next_dagrun for tutorial_taskflow_api_etl_virtualenv to None, run_after=None
[2022-05-24 12:20:48,583] {processor.py:161} INFO - Processing /home/airflow/.local/lib/python3.7/site-packages/airflow/example_dags/tutorial_taskflow_api_etl_virtualenv.py took 0.178 seconds
[2022-05-24 12:21:18,860] {processor.py:153} INFO - Started process (PID=3963) to work on /home/airflow/.local/lib/python3.7/site-packages/airflow/example_dags/tutorial_taskflow_api_etl_virtualenv.py
[2022-05-24 12:21:18,862] {processor.py:641} INFO - Processing file /home/airflow/.local/lib/python3.7/site-packages/airflow/example_dags/tutorial_taskflow_api_etl_virtualenv.py for tasks to queue
[2022-05-24 12:21:18,863] {logging_mixin.py:115} INFO - [2022-05-24 12:21:18,863] {dagbag.py:507} INFO - Filling up the DagBag from /home/airflow/.local/lib/python3.7/site-packages/airflow/example_dags/tutorial_taskflow_api_etl_virtualenv.py
[2022-05-24 12:21:18,890] {processor.py:651} INFO - DAG(s) dict_keys(['tutorial_taskflow_api_etl_virtualenv']) retrieved from /home/airflow/.local/lib/python3.7/site-packages/airflow/example_dags/tutorial_taskflow_api_etl_virtualenv.py
[2022-05-24 12:21:19,001] {logging_mixin.py:115} INFO - [2022-05-24 12:21:19,001] {dag.py:2371} INFO - Sync 1 DAGs
[2022-05-24 12:21:19,035] {logging_mixin.py:115} INFO - [2022-05-24 12:21:19,035] {dag.py:2919} INFO - Setting next_dagrun for tutorial_taskflow_api_etl_virtualenv to None, run_after=None
[2022-05-24 12:21:19,058] {processor.py:161} INFO - Processing /home/airflow/.local/lib/python3.7/site-packages/airflow/example_dags/tutorial_taskflow_api_etl_virtualenv.py took 0.204 seconds
[2022-05-24 12:21:49,785] {processor.py:153} INFO - Started process (PID=4167) to work on /home/airflow/.local/lib/python3.7/site-packages/airflow/example_dags/tutorial_taskflow_api_etl_virtualenv.py
[2022-05-24 12:21:49,787] {processor.py:641} INFO - Processing file /home/airflow/.local/lib/python3.7/site-packages/airflow/example_dags/tutorial_taskflow_api_etl_virtualenv.py for tasks to queue
[2022-05-24 12:21:49,789] {logging_mixin.py:115} INFO - [2022-05-24 12:21:49,789] {dagbag.py:507} INFO - Filling up the DagBag from /home/airflow/.local/lib/python3.7/site-packages/airflow/example_dags/tutorial_taskflow_api_etl_virtualenv.py
[2022-05-24 12:21:49,813] {processor.py:651} INFO - DAG(s) dict_keys(['tutorial_taskflow_api_etl_virtualenv']) retrieved from /home/airflow/.local/lib/python3.7/site-packages/airflow/example_dags/tutorial_taskflow_api_etl_virtualenv.py
[2022-05-24 12:21:49,965] {logging_mixin.py:115} INFO - [2022-05-24 12:21:49,965] {dag.py:2371} INFO - Sync 1 DAGs
[2022-05-24 12:21:50,005] {logging_mixin.py:115} INFO - [2022-05-24 12:21:50,005] {dag.py:2919} INFO - Setting next_dagrun for tutorial_taskflow_api_etl_virtualenv to None, run_after=None
[2022-05-24 12:21:50,029] {processor.py:161} INFO - Processing /home/airflow/.local/lib/python3.7/site-packages/airflow/example_dags/tutorial_taskflow_api_etl_virtualenv.py took 0.248 seconds
[2022-05-24 12:22:20,323] {processor.py:153} INFO - Started process (PID=4365) to work on /home/airflow/.local/lib/python3.7/site-packages/airflow/example_dags/tutorial_taskflow_api_etl_virtualenv.py
[2022-05-24 12:22:20,328] {processor.py:641} INFO - Processing file /home/airflow/.local/lib/python3.7/site-packages/airflow/example_dags/tutorial_taskflow_api_etl_virtualenv.py for tasks to queue
[2022-05-24 12:22:20,343] {logging_mixin.py:115} INFO - [2022-05-24 12:22:20,342] {dagbag.py:507} INFO - Filling up the DagBag from /home/airflow/.local/lib/python3.7/site-packages/airflow/example_dags/tutorial_taskflow_api_etl_virtualenv.py
[2022-05-24 12:22:20,402] {processor.py:651} INFO - DAG(s) dict_keys(['tutorial_taskflow_api_etl_virtualenv']) retrieved from /home/airflow/.local/lib/python3.7/site-packages/airflow/example_dags/tutorial_taskflow_api_etl_virtualenv.py
[2022-05-24 12:22:20,506] {logging_mixin.py:115} INFO - [2022-05-24 12:22:20,506] {dag.py:2371} INFO - Sync 1 DAGs
[2022-05-24 12:22:20,534] {logging_mixin.py:115} INFO - [2022-05-24 12:22:20,533] {dag.py:2919} INFO - Setting next_dagrun for tutorial_taskflow_api_etl_virtualenv to None, run_after=None
[2022-05-24 12:22:20,555] {processor.py:161} INFO - Processing /home/airflow/.local/lib/python3.7/site-packages/airflow/example_dags/tutorial_taskflow_api_etl_virtualenv.py took 0.236 seconds
[2022-05-24 12:22:51,406] {processor.py:153} INFO - Started process (PID=4560) to work on /home/airflow/.local/lib/python3.7/site-packages/airflow/example_dags/tutorial_taskflow_api_etl_virtualenv.py
[2022-05-24 12:22:51,408] {processor.py:641} INFO - Processing file /home/airflow/.local/lib/python3.7/site-packages/airflow/example_dags/tutorial_taskflow_api_etl_virtualenv.py for tasks to queue
[2022-05-24 12:22:51,410] {logging_mixin.py:115} INFO - [2022-05-24 12:22:51,410] {dagbag.py:507} INFO - Filling up the DagBag from /home/airflow/.local/lib/python3.7/site-packages/airflow/example_dags/tutorial_taskflow_api_etl_virtualenv.py
[2022-05-24 12:22:51,462] {processor.py:651} INFO - DAG(s) dict_keys(['tutorial_taskflow_api_etl_virtualenv']) retrieved from /home/airflow/.local/lib/python3.7/site-packages/airflow/example_dags/tutorial_taskflow_api_etl_virtualenv.py
[2022-05-24 12:22:51,500] {logging_mixin.py:115} INFO - [2022-05-24 12:22:51,499] {dag.py:2371} INFO - Sync 1 DAGs
[2022-05-24 12:22:51,538] {logging_mixin.py:115} INFO - [2022-05-24 12:22:51,538] {dag.py:2919} INFO - Setting next_dagrun for tutorial_taskflow_api_etl_virtualenv to None, run_after=None
[2022-05-24 12:22:51,564] {processor.py:161} INFO - Processing /home/airflow/.local/lib/python3.7/site-packages/airflow/example_dags/tutorial_taskflow_api_etl_virtualenv.py took 0.166 seconds
[2022-05-24 12:23:21,784] {processor.py:153} INFO - Started process (PID=4764) to work on /home/airflow/.local/lib/python3.7/site-packages/airflow/example_dags/tutorial_taskflow_api_etl_virtualenv.py
[2022-05-24 12:23:21,788] {processor.py:641} INFO - Processing file /home/airflow/.local/lib/python3.7/site-packages/airflow/example_dags/tutorial_taskflow_api_etl_virtualenv.py for tasks to queue
[2022-05-24 12:23:21,790] {logging_mixin.py:115} INFO - [2022-05-24 12:23:21,790] {dagbag.py:507} INFO - Filling up the DagBag from /home/airflow/.local/lib/python3.7/site-packages/airflow/example_dags/tutorial_taskflow_api_etl_virtualenv.py
[2022-05-24 12:23:21,817] {processor.py:651} INFO - DAG(s) dict_keys(['tutorial_taskflow_api_etl_virtualenv']) retrieved from /home/airflow/.local/lib/python3.7/site-packages/airflow/example_dags/tutorial_taskflow_api_etl_virtualenv.py
[2022-05-24 12:23:21,854] {logging_mixin.py:115} INFO - [2022-05-24 12:23:21,854] {dag.py:2371} INFO - Sync 1 DAGs
[2022-05-24 12:23:21,886] {logging_mixin.py:115} INFO - [2022-05-24 12:23:21,886] {dag.py:2919} INFO - Setting next_dagrun for tutorial_taskflow_api_etl_virtualenv to None, run_after=None
[2022-05-24 12:23:21,905] {processor.py:161} INFO - Processing /home/airflow/.local/lib/python3.7/site-packages/airflow/example_dags/tutorial_taskflow_api_etl_virtualenv.py took 0.128 seconds
[2022-05-24 12:23:52,428] {processor.py:153} INFO - Started process (PID=4955) to work on /home/airflow/.local/lib/python3.7/site-packages/airflow/example_dags/tutorial_taskflow_api_etl_virtualenv.py
[2022-05-24 12:23:52,432] {processor.py:641} INFO - Processing file /home/airflow/.local/lib/python3.7/site-packages/airflow/example_dags/tutorial_taskflow_api_etl_virtualenv.py for tasks to queue
[2022-05-24 12:23:52,436] {logging_mixin.py:115} INFO - [2022-05-24 12:23:52,436] {dagbag.py:507} INFO - Filling up the DagBag from /home/airflow/.local/lib/python3.7/site-packages/airflow/example_dags/tutorial_taskflow_api_etl_virtualenv.py
[2022-05-24 12:23:52,485] {processor.py:651} INFO - DAG(s) dict_keys(['tutorial_taskflow_api_etl_virtualenv']) retrieved from /home/airflow/.local/lib/python3.7/site-packages/airflow/example_dags/tutorial_taskflow_api_etl_virtualenv.py
[2022-05-24 12:23:52,602] {logging_mixin.py:115} INFO - [2022-05-24 12:23:52,601] {dag.py:2371} INFO - Sync 1 DAGs
[2022-05-24 12:23:52,662] {logging_mixin.py:115} INFO - [2022-05-24 12:23:52,662] {dag.py:2919} INFO - Setting next_dagrun for tutorial_taskflow_api_etl_virtualenv to None, run_after=None
[2022-05-24 12:23:52,708] {processor.py:161} INFO - Processing /home/airflow/.local/lib/python3.7/site-packages/airflow/example_dags/tutorial_taskflow_api_etl_virtualenv.py took 0.290 seconds
[2022-05-24 12:24:24,587] {processor.py:153} INFO - Started process (PID=5155) to work on /home/airflow/.local/lib/python3.7/site-packages/airflow/example_dags/tutorial_taskflow_api_etl_virtualenv.py
[2022-05-24 12:24:24,590] {processor.py:641} INFO - Processing file /home/airflow/.local/lib/python3.7/site-packages/airflow/example_dags/tutorial_taskflow_api_etl_virtualenv.py for tasks to queue
[2022-05-24 12:24:24,593] {logging_mixin.py:115} INFO - [2022-05-24 12:24:24,592] {dagbag.py:507} INFO - Filling up the DagBag from /home/airflow/.local/lib/python3.7/site-packages/airflow/example_dags/tutorial_taskflow_api_etl_virtualenv.py
[2022-05-24 12:24:24,670] {processor.py:651} INFO - DAG(s) dict_keys(['tutorial_taskflow_api_etl_virtualenv']) retrieved from /home/airflow/.local/lib/python3.7/site-packages/airflow/example_dags/tutorial_taskflow_api_etl_virtualenv.py
[2022-05-24 12:24:24,827] {logging_mixin.py:115} INFO - [2022-05-24 12:24:24,827] {dag.py:2371} INFO - Sync 1 DAGs
[2022-05-24 12:24:24,886] {logging_mixin.py:115} INFO - [2022-05-24 12:24:24,886] {dag.py:2919} INFO - Setting next_dagrun for tutorial_taskflow_api_etl_virtualenv to None, run_after=None
[2022-05-24 12:24:24,949] {processor.py:161} INFO - Processing /home/airflow/.local/lib/python3.7/site-packages/airflow/example_dags/tutorial_taskflow_api_etl_virtualenv.py took 0.370 seconds
[2022-05-24 12:24:55,155] {processor.py:153} INFO - Started process (PID=5347) to work on /home/airflow/.local/lib/python3.7/site-packages/airflow/example_dags/tutorial_taskflow_api_etl_virtualenv.py
[2022-05-24 12:24:55,159] {processor.py:641} INFO - Processing file /home/airflow/.local/lib/python3.7/site-packages/airflow/example_dags/tutorial_taskflow_api_etl_virtualenv.py for tasks to queue
[2022-05-24 12:24:55,162] {logging_mixin.py:115} INFO - [2022-05-24 12:24:55,162] {dagbag.py:507} INFO - Filling up the DagBag from /home/airflow/.local/lib/python3.7/site-packages/airflow/example_dags/tutorial_taskflow_api_etl_virtualenv.py
[2022-05-24 12:24:55,204] {processor.py:651} INFO - DAG(s) dict_keys(['tutorial_taskflow_api_etl_virtualenv']) retrieved from /home/airflow/.local/lib/python3.7/site-packages/airflow/example_dags/tutorial_taskflow_api_etl_virtualenv.py
[2022-05-24 12:24:55,332] {logging_mixin.py:115} INFO - [2022-05-24 12:24:55,332] {dag.py:2371} INFO - Sync 1 DAGs
[2022-05-24 12:24:55,364] {logging_mixin.py:115} INFO - [2022-05-24 12:24:55,364] {dag.py:2919} INFO - Setting next_dagrun for tutorial_taskflow_api_etl_virtualenv to None, run_after=None
[2022-05-24 12:24:55,386] {processor.py:161} INFO - Processing /home/airflow/.local/lib/python3.7/site-packages/airflow/example_dags/tutorial_taskflow_api_etl_virtualenv.py took 0.240 seconds
[2022-05-24 12:25:26,124] {processor.py:153} INFO - Started process (PID=5537) to work on /home/airflow/.local/lib/python3.7/site-packages/airflow/example_dags/tutorial_taskflow_api_etl_virtualenv.py
[2022-05-24 12:25:26,131] {processor.py:641} INFO - Processing file /home/airflow/.local/lib/python3.7/site-packages/airflow/example_dags/tutorial_taskflow_api_etl_virtualenv.py for tasks to queue
[2022-05-24 12:25:26,135] {logging_mixin.py:115} INFO - [2022-05-24 12:25:26,135] {dagbag.py:507} INFO - Filling up the DagBag from /home/airflow/.local/lib/python3.7/site-packages/airflow/example_dags/tutorial_taskflow_api_etl_virtualenv.py
[2022-05-24 12:25:26,172] {processor.py:651} INFO - DAG(s) dict_keys(['tutorial_taskflow_api_etl_virtualenv']) retrieved from /home/airflow/.local/lib/python3.7/site-packages/airflow/example_dags/tutorial_taskflow_api_etl_virtualenv.py
[2022-05-24 12:25:26,302] {logging_mixin.py:115} INFO - [2022-05-24 12:25:26,302] {dag.py:2371} INFO - Sync 1 DAGs
[2022-05-24 12:25:26,350] {logging_mixin.py:115} INFO - [2022-05-24 12:25:26,350] {dag.py:2919} INFO - Setting next_dagrun for tutorial_taskflow_api_etl_virtualenv to None, run_after=None
[2022-05-24 12:25:26,375] {processor.py:161} INFO - Processing /home/airflow/.local/lib/python3.7/site-packages/airflow/example_dags/tutorial_taskflow_api_etl_virtualenv.py took 0.262 seconds
[2022-05-24 12:25:56,638] {processor.py:153} INFO - Started process (PID=5742) to work on /home/airflow/.local/lib/python3.7/site-packages/airflow/example_dags/tutorial_taskflow_api_etl_virtualenv.py
[2022-05-24 12:25:56,641] {processor.py:641} INFO - Processing file /home/airflow/.local/lib/python3.7/site-packages/airflow/example_dags/tutorial_taskflow_api_etl_virtualenv.py for tasks to queue
[2022-05-24 12:25:56,644] {logging_mixin.py:115} INFO - [2022-05-24 12:25:56,644] {dagbag.py:507} INFO - Filling up the DagBag from /home/airflow/.local/lib/python3.7/site-packages/airflow/example_dags/tutorial_taskflow_api_etl_virtualenv.py
[2022-05-24 12:25:56,688] {processor.py:651} INFO - DAG(s) dict_keys(['tutorial_taskflow_api_etl_virtualenv']) retrieved from /home/airflow/.local/lib/python3.7/site-packages/airflow/example_dags/tutorial_taskflow_api_etl_virtualenv.py
[2022-05-24 12:25:56,760] {logging_mixin.py:115} INFO - [2022-05-24 12:25:56,759] {dag.py:2371} INFO - Sync 1 DAGs
[2022-05-24 12:25:56,807] {logging_mixin.py:115} INFO - [2022-05-24 12:25:56,806] {dag.py:2919} INFO - Setting next_dagrun for tutorial_taskflow_api_etl_virtualenv to None, run_after=None
[2022-05-24 12:25:56,832] {processor.py:161} INFO - Processing /home/airflow/.local/lib/python3.7/site-packages/airflow/example_dags/tutorial_taskflow_api_etl_virtualenv.py took 0.199 seconds
[2022-05-24 12:26:26,963] {processor.py:153} INFO - Started process (PID=5937) to work on /home/airflow/.local/lib/python3.7/site-packages/airflow/example_dags/tutorial_taskflow_api_etl_virtualenv.py
[2022-05-24 12:26:26,965] {processor.py:641} INFO - Processing file /home/airflow/.local/lib/python3.7/site-packages/airflow/example_dags/tutorial_taskflow_api_etl_virtualenv.py for tasks to queue
[2022-05-24 12:26:26,967] {logging_mixin.py:115} INFO - [2022-05-24 12:26:26,967] {dagbag.py:507} INFO - Filling up the DagBag from /home/airflow/.local/lib/python3.7/site-packages/airflow/example_dags/tutorial_taskflow_api_etl_virtualenv.py
[2022-05-24 12:26:27,004] {processor.py:651} INFO - DAG(s) dict_keys(['tutorial_taskflow_api_etl_virtualenv']) retrieved from /home/airflow/.local/lib/python3.7/site-packages/airflow/example_dags/tutorial_taskflow_api_etl_virtualenv.py
[2022-05-24 12:26:27,113] {logging_mixin.py:115} INFO - [2022-05-24 12:26:27,113] {dag.py:2371} INFO - Sync 1 DAGs
[2022-05-24 12:26:27,153] {logging_mixin.py:115} INFO - [2022-05-24 12:26:27,153] {dag.py:2919} INFO - Setting next_dagrun for tutorial_taskflow_api_etl_virtualenv to None, run_after=None
[2022-05-24 12:26:27,186] {processor.py:161} INFO - Processing /home/airflow/.local/lib/python3.7/site-packages/airflow/example_dags/tutorial_taskflow_api_etl_virtualenv.py took 0.228 seconds
[2022-05-24 12:26:57,935] {processor.py:153} INFO - Started process (PID=6130) to work on /home/airflow/.local/lib/python3.7/site-packages/airflow/example_dags/tutorial_taskflow_api_etl_virtualenv.py
[2022-05-24 12:26:57,937] {processor.py:641} INFO - Processing file /home/airflow/.local/lib/python3.7/site-packages/airflow/example_dags/tutorial_taskflow_api_etl_virtualenv.py for tasks to queue
[2022-05-24 12:26:57,944] {logging_mixin.py:115} INFO - [2022-05-24 12:26:57,944] {dagbag.py:507} INFO - Filling up the DagBag from /home/airflow/.local/lib/python3.7/site-packages/airflow/example_dags/tutorial_taskflow_api_etl_virtualenv.py
[2022-05-24 12:26:57,988] {processor.py:651} INFO - DAG(s) dict_keys(['tutorial_taskflow_api_etl_virtualenv']) retrieved from /home/airflow/.local/lib/python3.7/site-packages/airflow/example_dags/tutorial_taskflow_api_etl_virtualenv.py
[2022-05-24 12:26:58,211] {logging_mixin.py:115} INFO - [2022-05-24 12:26:58,211] {dag.py:2371} INFO - Sync 1 DAGs
[2022-05-24 12:26:58,250] {logging_mixin.py:115} INFO - [2022-05-24 12:26:58,250] {dag.py:2919} INFO - Setting next_dagrun for tutorial_taskflow_api_etl_virtualenv to None, run_after=None
[2022-05-24 12:26:58,273] {processor.py:161} INFO - Processing /home/airflow/.local/lib/python3.7/site-packages/airflow/example_dags/tutorial_taskflow_api_etl_virtualenv.py took 0.346 seconds
[2022-05-24 12:27:29,013] {processor.py:153} INFO - Started process (PID=6334) to work on /home/airflow/.local/lib/python3.7/site-packages/airflow/example_dags/tutorial_taskflow_api_etl_virtualenv.py
[2022-05-24 12:27:29,016] {processor.py:641} INFO - Processing file /home/airflow/.local/lib/python3.7/site-packages/airflow/example_dags/tutorial_taskflow_api_etl_virtualenv.py for tasks to queue
[2022-05-24 12:27:29,018] {logging_mixin.py:115} INFO - [2022-05-24 12:27:29,018] {dagbag.py:507} INFO - Filling up the DagBag from /home/airflow/.local/lib/python3.7/site-packages/airflow/example_dags/tutorial_taskflow_api_etl_virtualenv.py
[2022-05-24 12:27:29,070] {processor.py:651} INFO - DAG(s) dict_keys(['tutorial_taskflow_api_etl_virtualenv']) retrieved from /home/airflow/.local/lib/python3.7/site-packages/airflow/example_dags/tutorial_taskflow_api_etl_virtualenv.py
[2022-05-24 12:27:29,207] {logging_mixin.py:115} INFO - [2022-05-24 12:27:29,206] {dag.py:2371} INFO - Sync 1 DAGs
[2022-05-24 12:27:29,293] {logging_mixin.py:115} INFO - [2022-05-24 12:27:29,293] {dag.py:2919} INFO - Setting next_dagrun for tutorial_taskflow_api_etl_virtualenv to None, run_after=None
[2022-05-24 12:27:29,328] {processor.py:161} INFO - Processing /home/airflow/.local/lib/python3.7/site-packages/airflow/example_dags/tutorial_taskflow_api_etl_virtualenv.py took 0.319 seconds
[2022-05-24 12:28:00,369] {processor.py:153} INFO - Started process (PID=6528) to work on /home/airflow/.local/lib/python3.7/site-packages/airflow/example_dags/tutorial_taskflow_api_etl_virtualenv.py
[2022-05-24 12:28:00,372] {processor.py:641} INFO - Processing file /home/airflow/.local/lib/python3.7/site-packages/airflow/example_dags/tutorial_taskflow_api_etl_virtualenv.py for tasks to queue
[2022-05-24 12:28:00,376] {logging_mixin.py:115} INFO - [2022-05-24 12:28:00,375] {dagbag.py:507} INFO - Filling up the DagBag from /home/airflow/.local/lib/python3.7/site-packages/airflow/example_dags/tutorial_taskflow_api_etl_virtualenv.py
[2022-05-24 12:28:00,452] {processor.py:651} INFO - DAG(s) dict_keys(['tutorial_taskflow_api_etl_virtualenv']) retrieved from /home/airflow/.local/lib/python3.7/site-packages/airflow/example_dags/tutorial_taskflow_api_etl_virtualenv.py
[2022-05-24 12:28:00,738] {logging_mixin.py:115} INFO - [2022-05-24 12:28:00,738] {dag.py:2371} INFO - Sync 1 DAGs
[2022-05-24 12:28:01,137] {logging_mixin.py:115} INFO - [2022-05-24 12:28:01,137] {dag.py:2919} INFO - Setting next_dagrun for tutorial_taskflow_api_etl_virtualenv to None, run_after=None
[2022-05-24 12:28:01,210] {processor.py:161} INFO - Processing /home/airflow/.local/lib/python3.7/site-packages/airflow/example_dags/tutorial_taskflow_api_etl_virtualenv.py took 0.856 seconds
[2022-05-24 12:28:31,920] {processor.py:153} INFO - Started process (PID=6727) to work on /home/airflow/.local/lib/python3.7/site-packages/airflow/example_dags/tutorial_taskflow_api_etl_virtualenv.py
[2022-05-24 12:28:31,926] {processor.py:641} INFO - Processing file /home/airflow/.local/lib/python3.7/site-packages/airflow/example_dags/tutorial_taskflow_api_etl_virtualenv.py for tasks to queue
[2022-05-24 12:28:31,932] {logging_mixin.py:115} INFO - [2022-05-24 12:28:31,932] {dagbag.py:507} INFO - Filling up the DagBag from /home/airflow/.local/lib/python3.7/site-packages/airflow/example_dags/tutorial_taskflow_api_etl_virtualenv.py
[2022-05-24 12:28:31,961] {processor.py:651} INFO - DAG(s) dict_keys(['tutorial_taskflow_api_etl_virtualenv']) retrieved from /home/airflow/.local/lib/python3.7/site-packages/airflow/example_dags/tutorial_taskflow_api_etl_virtualenv.py
[2022-05-24 12:28:32,089] {logging_mixin.py:115} INFO - [2022-05-24 12:28:32,089] {dag.py:2371} INFO - Sync 1 DAGs
[2022-05-24 12:28:32,123] {logging_mixin.py:115} INFO - [2022-05-24 12:28:32,123] {dag.py:2919} INFO - Setting next_dagrun for tutorial_taskflow_api_etl_virtualenv to None, run_after=None
[2022-05-24 12:28:32,147] {processor.py:161} INFO - Processing /home/airflow/.local/lib/python3.7/site-packages/airflow/example_dags/tutorial_taskflow_api_etl_virtualenv.py took 0.231 seconds
[2022-05-24 12:29:02,473] {processor.py:153} INFO - Started process (PID=6932) to work on /home/airflow/.local/lib/python3.7/site-packages/airflow/example_dags/tutorial_taskflow_api_etl_virtualenv.py
[2022-05-24 12:29:02,476] {processor.py:641} INFO - Processing file /home/airflow/.local/lib/python3.7/site-packages/airflow/example_dags/tutorial_taskflow_api_etl_virtualenv.py for tasks to queue
[2022-05-24 12:29:02,479] {logging_mixin.py:115} INFO - [2022-05-24 12:29:02,479] {dagbag.py:507} INFO - Filling up the DagBag from /home/airflow/.local/lib/python3.7/site-packages/airflow/example_dags/tutorial_taskflow_api_etl_virtualenv.py
[2022-05-24 12:29:02,504] {processor.py:651} INFO - DAG(s) dict_keys(['tutorial_taskflow_api_etl_virtualenv']) retrieved from /home/airflow/.local/lib/python3.7/site-packages/airflow/example_dags/tutorial_taskflow_api_etl_virtualenv.py
[2022-05-24 12:29:02,609] {logging_mixin.py:115} INFO - [2022-05-24 12:29:02,609] {dag.py:2371} INFO - Sync 1 DAGs
[2022-05-24 12:29:02,655] {logging_mixin.py:115} INFO - [2022-05-24 12:29:02,655] {dag.py:2919} INFO - Setting next_dagrun for tutorial_taskflow_api_etl_virtualenv to None, run_after=None
[2022-05-24 12:29:02,677] {processor.py:161} INFO - Processing /home/airflow/.local/lib/python3.7/site-packages/airflow/example_dags/tutorial_taskflow_api_etl_virtualenv.py took 0.209 seconds
[2022-05-24 12:29:33,152] {processor.py:153} INFO - Started process (PID=7128) to work on /home/airflow/.local/lib/python3.7/site-packages/airflow/example_dags/tutorial_taskflow_api_etl_virtualenv.py
[2022-05-24 12:29:33,154] {processor.py:641} INFO - Processing file /home/airflow/.local/lib/python3.7/site-packages/airflow/example_dags/tutorial_taskflow_api_etl_virtualenv.py for tasks to queue
[2022-05-24 12:29:33,156] {logging_mixin.py:115} INFO - [2022-05-24 12:29:33,156] {dagbag.py:507} INFO - Filling up the DagBag from /home/airflow/.local/lib/python3.7/site-packages/airflow/example_dags/tutorial_taskflow_api_etl_virtualenv.py
[2022-05-24 12:29:33,192] {processor.py:651} INFO - DAG(s) dict_keys(['tutorial_taskflow_api_etl_virtualenv']) retrieved from /home/airflow/.local/lib/python3.7/site-packages/airflow/example_dags/tutorial_taskflow_api_etl_virtualenv.py
[2022-05-24 12:29:33,235] {logging_mixin.py:115} INFO - [2022-05-24 12:29:33,235] {dag.py:2371} INFO - Sync 1 DAGs
[2022-05-24 12:29:33,298] {logging_mixin.py:115} INFO - [2022-05-24 12:29:33,298] {dag.py:2919} INFO - Setting next_dagrun for tutorial_taskflow_api_etl_virtualenv to None, run_after=None
[2022-05-24 12:29:33,337] {processor.py:161} INFO - Processing /home/airflow/.local/lib/python3.7/site-packages/airflow/example_dags/tutorial_taskflow_api_etl_virtualenv.py took 0.189 seconds
