[2022-05-24 11:24:19,880] {scheduler_job.py:182} INFO - Started process (PID=54) to work on /home/airflow/.local/lib/python3.8/site-packages/airflow/example_dags/example_subdag_operator.py
[2022-05-24 11:24:19,883] {scheduler_job.py:633} INFO - Processing file /home/airflow/.local/lib/python3.8/site-packages/airflow/example_dags/example_subdag_operator.py for tasks to queue
[2022-05-24 11:24:19,893] {logging_mixin.py:104} INFO - [2022-05-24 11:24:19,893] {dagbag.py:496} INFO - Filling up the DagBag from /home/airflow/.local/lib/python3.8/site-packages/airflow/example_dags/example_subdag_operator.py
[2022-05-24 11:24:19,970] {scheduler_job.py:643} INFO - DAG(s) dict_keys(['example_subdag_operator.section-1', 'example_subdag_operator.section-2', 'example_subdag_operator']) retrieved from /home/airflow/.local/lib/python3.8/site-packages/airflow/example_dags/example_subdag_operator.py
[2022-05-24 11:24:20,586] {logging_mixin.py:104} INFO - [2022-05-24 11:24:20,586] {dag.py:1833} INFO - Sync 3 DAGs
[2022-05-24 11:24:20,632] {logging_mixin.py:104} INFO - [2022-05-24 11:24:20,632] {dag.py:2306} INFO - Setting next_dagrun for example_subdag_operator to 2022-05-22 00:00:00+00:00
[2022-05-24 11:24:20,636] {logging_mixin.py:104} INFO - [2022-05-24 11:24:20,636] {dag.py:2306} INFO - Setting next_dagrun for example_subdag_operator.section-1 to None
[2022-05-24 11:24:20,639] {logging_mixin.py:104} INFO - [2022-05-24 11:24:20,638] {dag.py:2306} INFO - Setting next_dagrun for example_subdag_operator.section-2 to None
[2022-05-24 11:24:20,723] {logging_mixin.py:104} INFO - [2022-05-24 11:24:20,722] {dag.py:1833} INFO - Sync 2 DAGs
[2022-05-24 11:24:20,768] {logging_mixin.py:104} INFO - [2022-05-24 11:24:20,768] {dag.py:2306} INFO - Setting next_dagrun for example_subdag_operator.section-1 to None
[2022-05-24 11:24:20,770] {logging_mixin.py:104} INFO - [2022-05-24 11:24:20,770] {dag.py:2306} INFO - Setting next_dagrun for example_subdag_operator.section-2 to None
[2022-05-24 11:24:20,838] {scheduler_job.py:190} INFO - Processing /home/airflow/.local/lib/python3.8/site-packages/airflow/example_dags/example_subdag_operator.py took 0.962 seconds
[2022-05-24 11:25:20,199] {scheduler_job.py:182} INFO - Started process (PID=87) to work on /home/airflow/.local/lib/python3.8/site-packages/airflow/example_dags/example_subdag_operator.py
[2022-05-24 11:25:20,219] {scheduler_job.py:633} INFO - Processing file /home/airflow/.local/lib/python3.8/site-packages/airflow/example_dags/example_subdag_operator.py for tasks to queue
[2022-05-24 11:25:20,224] {logging_mixin.py:104} INFO - [2022-05-24 11:25:20,223] {dagbag.py:496} INFO - Filling up the DagBag from /home/airflow/.local/lib/python3.8/site-packages/airflow/example_dags/example_subdag_operator.py
[2022-05-24 11:25:20,350] {scheduler_job.py:643} INFO - DAG(s) dict_keys(['example_subdag_operator.section-1', 'example_subdag_operator.section-2', 'example_subdag_operator']) retrieved from /home/airflow/.local/lib/python3.8/site-packages/airflow/example_dags/example_subdag_operator.py
[2022-05-24 11:25:20,416] {logging_mixin.py:104} INFO - [2022-05-24 11:25:20,415] {dag.py:1833} INFO - Sync 3 DAGs
[2022-05-24 11:25:20,480] {logging_mixin.py:104} INFO - [2022-05-24 11:25:20,479] {dag.py:2306} INFO - Setting next_dagrun for example_subdag_operator to 2022-05-22 00:00:00+00:00
[2022-05-24 11:25:20,487] {logging_mixin.py:104} INFO - [2022-05-24 11:25:20,486] {dag.py:2306} INFO - Setting next_dagrun for example_subdag_operator.section-1 to None
[2022-05-24 11:25:20,489] {logging_mixin.py:104} INFO - [2022-05-24 11:25:20,489] {dag.py:2306} INFO - Setting next_dagrun for example_subdag_operator.section-2 to None
[2022-05-24 11:25:20,562] {logging_mixin.py:104} INFO - [2022-05-24 11:25:20,561] {dag.py:1833} INFO - Sync 2 DAGs
[2022-05-24 11:25:20,624] {logging_mixin.py:104} INFO - [2022-05-24 11:25:20,624] {dag.py:2306} INFO - Setting next_dagrun for example_subdag_operator.section-1 to None
[2022-05-24 11:25:20,627] {logging_mixin.py:104} INFO - [2022-05-24 11:25:20,627] {dag.py:2306} INFO - Setting next_dagrun for example_subdag_operator.section-2 to None
[2022-05-24 11:25:20,709] {scheduler_job.py:190} INFO - Processing /home/airflow/.local/lib/python3.8/site-packages/airflow/example_dags/example_subdag_operator.py took 0.514 seconds
