[2022-05-23 21:04:19,766] {scheduler_job.py:182} INFO - Started process (PID=72) to work on /home/airflow/.local/lib/python3.8/site-packages/airflow/example_dags/example_branch_labels.py
[2022-05-23 21:04:19,770] {scheduler_job.py:633} INFO - Processing file /home/airflow/.local/lib/python3.8/site-packages/airflow/example_dags/example_branch_labels.py for tasks to queue
[2022-05-23 21:04:19,777] {logging_mixin.py:104} INFO - [2022-05-23 21:04:19,776] {dagbag.py:496} INFO - Filling up the DagBag from /home/airflow/.local/lib/python3.8/site-packages/airflow/example_dags/example_branch_labels.py
[2022-05-23 21:04:19,864] {scheduler_job.py:643} INFO - DAG(s) dict_keys(['example_branch_labels']) retrieved from /home/airflow/.local/lib/python3.8/site-packages/airflow/example_dags/example_branch_labels.py
[2022-05-23 21:04:25,139] {logging_mixin.py:104} INFO - [2022-05-23 21:04:25,138] {dag.py:1833} INFO - Sync 1 DAGs
[2022-05-23 21:04:26,985] {logging_mixin.py:104} INFO - [2022-05-23 21:04:26,984] {dag.py:2306} INFO - Setting next_dagrun for example_branch_labels to 2022-05-21 00:00:00+00:00
[2022-05-23 21:04:28,386] {scheduler_job.py:190} INFO - Processing /home/airflow/.local/lib/python3.8/site-packages/airflow/example_dags/example_branch_labels.py took 8.649 seconds
[2022-05-23 21:08:32,063] {scheduler_job.py:182} INFO - Started process (PID=105) to work on /home/airflow/.local/lib/python3.8/site-packages/airflow/example_dags/example_branch_labels.py
[2022-05-23 21:08:32,090] {scheduler_job.py:633} INFO - Processing file /home/airflow/.local/lib/python3.8/site-packages/airflow/example_dags/example_branch_labels.py for tasks to queue
[2022-05-23 21:08:32,123] {logging_mixin.py:104} INFO - [2022-05-23 21:08:32,123] {dagbag.py:496} INFO - Filling up the DagBag from /home/airflow/.local/lib/python3.8/site-packages/airflow/example_dags/example_branch_labels.py
[2022-05-23 21:08:32,827] {scheduler_job.py:643} INFO - DAG(s) dict_keys(['example_branch_labels']) retrieved from /home/airflow/.local/lib/python3.8/site-packages/airflow/example_dags/example_branch_labels.py
[2022-05-23 21:08:33,600] {logging_mixin.py:104} INFO - [2022-05-23 21:08:33,597] {dag.py:1833} INFO - Sync 1 DAGs
[2022-05-23 21:08:44,541] {logging_mixin.py:104} INFO - [2022-05-23 21:08:44,127] {dag.py:2306} INFO - Setting next_dagrun for example_branch_labels to 2022-05-21 00:00:00+00:00
[2022-05-23 21:09:25,121] {scheduler_job.py:190} INFO - Processing /home/airflow/.local/lib/python3.8/site-packages/airflow/example_dags/example_branch_labels.py took 53.473 seconds
[2022-05-23 21:16:26,285] {scheduler_job.py:182} INFO - Started process (PID=157) to work on /home/airflow/.local/lib/python3.8/site-packages/airflow/example_dags/example_branch_labels.py
[2022-05-23 21:16:26,303] {scheduler_job.py:633} INFO - Processing file /home/airflow/.local/lib/python3.8/site-packages/airflow/example_dags/example_branch_labels.py for tasks to queue
[2022-05-23 21:16:26,308] {logging_mixin.py:104} INFO - [2022-05-23 21:16:26,307] {dagbag.py:496} INFO - Filling up the DagBag from /home/airflow/.local/lib/python3.8/site-packages/airflow/example_dags/example_branch_labels.py
[2022-05-23 21:16:26,370] {scheduler_job.py:643} INFO - DAG(s) dict_keys(['example_branch_labels']) retrieved from /home/airflow/.local/lib/python3.8/site-packages/airflow/example_dags/example_branch_labels.py
[2022-05-23 21:16:26,524] {logging_mixin.py:104} INFO - [2022-05-23 21:16:26,524] {dag.py:1833} INFO - Sync 1 DAGs
[2022-05-23 21:16:26,648] {logging_mixin.py:104} INFO - [2022-05-23 21:16:26,648] {dag.py:2306} INFO - Setting next_dagrun for example_branch_labels to 2022-05-21 00:00:00+00:00
[2022-05-23 21:16:26,849] {scheduler_job.py:190} INFO - Processing /home/airflow/.local/lib/python3.8/site-packages/airflow/example_dags/example_branch_labels.py took 0.595 seconds
[2022-05-23 21:21:41,251] {scheduler_job.py:182} INFO - Started process (PID=206) to work on /home/airflow/.local/lib/python3.8/site-packages/airflow/example_dags/example_branch_labels.py
[2022-05-23 21:21:41,325] {scheduler_job.py:633} INFO - Processing file /home/airflow/.local/lib/python3.8/site-packages/airflow/example_dags/example_branch_labels.py for tasks to queue
[2022-05-23 21:21:41,354] {logging_mixin.py:104} INFO - [2022-05-23 21:21:41,354] {dagbag.py:496} INFO - Filling up the DagBag from /home/airflow/.local/lib/python3.8/site-packages/airflow/example_dags/example_branch_labels.py
[2022-05-23 21:21:41,633] {scheduler_job.py:643} INFO - DAG(s) dict_keys(['example_branch_labels']) retrieved from /home/airflow/.local/lib/python3.8/site-packages/airflow/example_dags/example_branch_labels.py
[2022-05-23 21:21:42,081] {logging_mixin.py:104} INFO - [2022-05-23 21:21:42,081] {dag.py:1833} INFO - Sync 1 DAGs
[2022-05-23 21:21:42,235] {logging_mixin.py:104} INFO - [2022-05-23 21:21:42,235] {dag.py:2306} INFO - Setting next_dagrun for example_branch_labels to 2022-05-21 00:00:00+00:00
[2022-05-23 21:21:42,327] {scheduler_job.py:190} INFO - Processing /home/airflow/.local/lib/python3.8/site-packages/airflow/example_dags/example_branch_labels.py took 1.139 seconds
[2022-05-23 21:36:16,999] {scheduler_job.py:182} INFO - Started process (PID=46) to work on /home/airflow/.local/lib/python3.8/site-packages/airflow/example_dags/example_branch_labels.py
[2022-05-23 21:36:17,006] {scheduler_job.py:633} INFO - Processing file /home/airflow/.local/lib/python3.8/site-packages/airflow/example_dags/example_branch_labels.py for tasks to queue
[2022-05-23 21:36:17,010] {logging_mixin.py:104} INFO - [2022-05-23 21:36:17,010] {dagbag.py:496} INFO - Filling up the DagBag from /home/airflow/.local/lib/python3.8/site-packages/airflow/example_dags/example_branch_labels.py
[2022-05-23 21:36:17,079] {scheduler_job.py:643} INFO - DAG(s) dict_keys(['example_branch_labels']) retrieved from /home/airflow/.local/lib/python3.8/site-packages/airflow/example_dags/example_branch_labels.py
[2022-05-23 21:36:17,393] {logging_mixin.py:104} INFO - [2022-05-23 21:36:17,393] {dag.py:1833} INFO - Sync 1 DAGs
[2022-05-23 21:36:17,627] {logging_mixin.py:104} INFO - [2022-05-23 21:36:17,627] {dag.py:2306} INFO - Setting next_dagrun for example_branch_labels to 2022-05-21 00:00:00+00:00
[2022-05-23 21:36:17,817] {scheduler_job.py:190} INFO - Processing /home/airflow/.local/lib/python3.8/site-packages/airflow/example_dags/example_branch_labels.py took 0.862 seconds
[2022-05-23 21:39:14,298] {scheduler_job.py:182} INFO - Started process (PID=93) to work on /home/airflow/.local/lib/python3.8/site-packages/airflow/example_dags/example_branch_labels.py
[2022-05-23 21:39:14,314] {scheduler_job.py:633} INFO - Processing file /home/airflow/.local/lib/python3.8/site-packages/airflow/example_dags/example_branch_labels.py for tasks to queue
[2022-05-23 21:39:14,333] {logging_mixin.py:104} INFO - [2022-05-23 21:39:14,332] {dagbag.py:496} INFO - Filling up the DagBag from /home/airflow/.local/lib/python3.8/site-packages/airflow/example_dags/example_branch_labels.py
[2022-05-23 21:39:14,478] {scheduler_job.py:643} INFO - DAG(s) dict_keys(['example_branch_labels']) retrieved from /home/airflow/.local/lib/python3.8/site-packages/airflow/example_dags/example_branch_labels.py
[2022-05-23 21:39:14,606] {logging_mixin.py:104} INFO - [2022-05-23 21:39:14,605] {dag.py:1833} INFO - Sync 1 DAGs
[2022-05-23 21:39:14,793] {logging_mixin.py:104} INFO - [2022-05-23 21:39:14,793] {dag.py:2306} INFO - Setting next_dagrun for example_branch_labels to 2022-05-21 00:00:00+00:00
[2022-05-23 21:39:14,929] {scheduler_job.py:190} INFO - Processing /home/airflow/.local/lib/python3.8/site-packages/airflow/example_dags/example_branch_labels.py took 0.658 seconds
[2022-05-23 21:42:29,580] {scheduler_job.py:182} INFO - Started process (PID=136) to work on /home/airflow/.local/lib/python3.8/site-packages/airflow/example_dags/example_branch_labels.py
[2022-05-23 21:42:29,602] {scheduler_job.py:633} INFO - Processing file /home/airflow/.local/lib/python3.8/site-packages/airflow/example_dags/example_branch_labels.py for tasks to queue
[2022-05-23 21:42:29,606] {logging_mixin.py:104} INFO - [2022-05-23 21:42:29,606] {dagbag.py:496} INFO - Filling up the DagBag from /home/airflow/.local/lib/python3.8/site-packages/airflow/example_dags/example_branch_labels.py
[2022-05-23 21:42:29,733] {scheduler_job.py:643} INFO - DAG(s) dict_keys(['example_branch_labels']) retrieved from /home/airflow/.local/lib/python3.8/site-packages/airflow/example_dags/example_branch_labels.py
[2022-05-23 21:42:29,798] {logging_mixin.py:104} INFO - [2022-05-23 21:42:29,798] {dag.py:1833} INFO - Sync 1 DAGs
[2022-05-23 21:42:29,932] {logging_mixin.py:104} INFO - [2022-05-23 21:42:29,932] {dag.py:2306} INFO - Setting next_dagrun for example_branch_labels to 2022-05-21 00:00:00+00:00
[2022-05-23 21:42:30,052] {scheduler_job.py:190} INFO - Processing /home/airflow/.local/lib/python3.8/site-packages/airflow/example_dags/example_branch_labels.py took 0.491 seconds
[2022-05-23 21:44:44,935] {scheduler_job.py:182} INFO - Started process (PID=169) to work on /home/airflow/.local/lib/python3.8/site-packages/airflow/example_dags/example_branch_labels.py
[2022-05-23 21:44:44,958] {scheduler_job.py:633} INFO - Processing file /home/airflow/.local/lib/python3.8/site-packages/airflow/example_dags/example_branch_labels.py for tasks to queue
[2022-05-23 21:44:44,977] {logging_mixin.py:104} INFO - [2022-05-23 21:44:44,975] {dagbag.py:496} INFO - Filling up the DagBag from /home/airflow/.local/lib/python3.8/site-packages/airflow/example_dags/example_branch_labels.py
[2022-05-23 21:44:45,553] {scheduler_job.py:643} INFO - DAG(s) dict_keys(['example_branch_labels']) retrieved from /home/airflow/.local/lib/python3.8/site-packages/airflow/example_dags/example_branch_labels.py
[2022-05-23 21:44:45,679] {logging_mixin.py:104} INFO - [2022-05-23 21:44:45,679] {dag.py:1833} INFO - Sync 1 DAGs
[2022-05-23 21:44:45,889] {logging_mixin.py:104} INFO - [2022-05-23 21:44:45,889] {dag.py:2306} INFO - Setting next_dagrun for example_branch_labels to 2022-05-21 00:00:00+00:00
[2022-05-23 21:44:46,358] {scheduler_job.py:190} INFO - Processing /home/airflow/.local/lib/python3.8/site-packages/airflow/example_dags/example_branch_labels.py took 1.456 seconds
[2022-05-23 21:59:14,334] {scheduler_job.py:182} INFO - Started process (PID=46) to work on /home/airflow/.local/lib/python3.8/site-packages/airflow/example_dags/example_branch_labels.py
[2022-05-23 21:59:14,347] {scheduler_job.py:633} INFO - Processing file /home/airflow/.local/lib/python3.8/site-packages/airflow/example_dags/example_branch_labels.py for tasks to queue
[2022-05-23 21:59:14,357] {logging_mixin.py:104} INFO - [2022-05-23 21:59:14,357] {dagbag.py:496} INFO - Filling up the DagBag from /home/airflow/.local/lib/python3.8/site-packages/airflow/example_dags/example_branch_labels.py
[2022-05-23 21:59:14,421] {scheduler_job.py:643} INFO - DAG(s) dict_keys(['example_branch_labels']) retrieved from /home/airflow/.local/lib/python3.8/site-packages/airflow/example_dags/example_branch_labels.py
[2022-05-23 21:59:14,555] {logging_mixin.py:104} INFO - [2022-05-23 21:59:14,554] {dag.py:1833} INFO - Sync 1 DAGs
[2022-05-23 21:59:14,653] {logging_mixin.py:104} INFO - [2022-05-23 21:59:14,653] {dag.py:2306} INFO - Setting next_dagrun for example_branch_labels to 2022-05-21 00:00:00+00:00
[2022-05-23 21:59:14,777] {scheduler_job.py:190} INFO - Processing /home/airflow/.local/lib/python3.8/site-packages/airflow/example_dags/example_branch_labels.py took 0.456 seconds
[2022-05-23 22:02:12,789] {scheduler_job.py:182} INFO - Started process (PID=91) to work on /home/airflow/.local/lib/python3.8/site-packages/airflow/example_dags/example_branch_labels.py
[2022-05-23 22:02:12,811] {scheduler_job.py:633} INFO - Processing file /home/airflow/.local/lib/python3.8/site-packages/airflow/example_dags/example_branch_labels.py for tasks to queue
[2022-05-23 22:02:12,821] {logging_mixin.py:104} INFO - [2022-05-23 22:02:12,821] {dagbag.py:496} INFO - Filling up the DagBag from /home/airflow/.local/lib/python3.8/site-packages/airflow/example_dags/example_branch_labels.py
[2022-05-23 22:02:13,116] {scheduler_job.py:643} INFO - DAG(s) dict_keys(['example_branch_labels']) retrieved from /home/airflow/.local/lib/python3.8/site-packages/airflow/example_dags/example_branch_labels.py
[2022-05-23 22:02:13,200] {logging_mixin.py:104} INFO - [2022-05-23 22:02:13,199] {dag.py:1833} INFO - Sync 1 DAGs
[2022-05-23 22:02:13,326] {logging_mixin.py:104} INFO - [2022-05-23 22:02:13,325] {dag.py:2306} INFO - Setting next_dagrun for example_branch_labels to 2022-05-21 00:00:00+00:00
[2022-05-23 22:02:13,643] {scheduler_job.py:190} INFO - Processing /home/airflow/.local/lib/python3.8/site-packages/airflow/example_dags/example_branch_labels.py took 0.876 seconds
[2022-05-23 22:08:55,670] {scheduler_job.py:182} INFO - Started process (PID=124) to work on /home/airflow/.local/lib/python3.8/site-packages/airflow/example_dags/example_branch_labels.py
[2022-05-23 22:08:55,755] {scheduler_job.py:633} INFO - Processing file /home/airflow/.local/lib/python3.8/site-packages/airflow/example_dags/example_branch_labels.py for tasks to queue
[2022-05-23 22:08:55,785] {logging_mixin.py:104} INFO - [2022-05-23 22:08:55,785] {dagbag.py:496} INFO - Filling up the DagBag from /home/airflow/.local/lib/python3.8/site-packages/airflow/example_dags/example_branch_labels.py
[2022-05-23 22:08:55,881] {scheduler_job.py:643} INFO - DAG(s) dict_keys(['example_branch_labels']) retrieved from /home/airflow/.local/lib/python3.8/site-packages/airflow/example_dags/example_branch_labels.py
[2022-05-23 22:08:56,631] {logging_mixin.py:104} INFO - [2022-05-23 22:08:56,631] {dag.py:1833} INFO - Sync 1 DAGs
[2022-05-23 22:08:57,391] {logging_mixin.py:104} INFO - [2022-05-23 22:08:57,391] {dag.py:2306} INFO - Setting next_dagrun for example_branch_labels to 2022-05-21 00:00:00+00:00
[2022-05-23 22:08:57,615] {scheduler_job.py:190} INFO - Processing /home/airflow/.local/lib/python3.8/site-packages/airflow/example_dags/example_branch_labels.py took 1.954 seconds
[2022-05-23 22:17:32,457] {scheduler_job.py:182} INFO - Started process (PID=46) to work on /home/airflow/.local/lib/python3.8/site-packages/airflow/example_dags/example_branch_labels.py
[2022-05-23 22:17:32,572] {scheduler_job.py:633} INFO - Processing file /home/airflow/.local/lib/python3.8/site-packages/airflow/example_dags/example_branch_labels.py for tasks to queue
[2022-05-23 22:17:32,577] {logging_mixin.py:104} INFO - [2022-05-23 22:17:32,577] {dagbag.py:496} INFO - Filling up the DagBag from /home/airflow/.local/lib/python3.8/site-packages/airflow/example_dags/example_branch_labels.py
[2022-05-23 22:17:33,439] {scheduler_job.py:643} INFO - DAG(s) dict_keys(['example_branch_labels']) retrieved from /home/airflow/.local/lib/python3.8/site-packages/airflow/example_dags/example_branch_labels.py
[2022-05-23 22:17:34,485] {logging_mixin.py:104} INFO - [2022-05-23 22:17:34,484] {dag.py:1833} INFO - Sync 1 DAGs
[2022-05-23 22:17:35,112] {logging_mixin.py:104} INFO - [2022-05-23 22:17:35,112] {dag.py:2306} INFO - Setting next_dagrun for example_branch_labels to 2022-05-21 00:00:00+00:00
[2022-05-23 22:17:35,315] {scheduler_job.py:190} INFO - Processing /home/airflow/.local/lib/python3.8/site-packages/airflow/example_dags/example_branch_labels.py took 2.925 seconds
