[2022-05-23 21:02:16,556] {scheduler_job.py:182} INFO - Started process (PID=57) to work on /home/airflow/.local/lib/python3.8/site-packages/airflow/example_dags/example_python_operator.py
[2022-05-23 21:02:16,568] {scheduler_job.py:633} INFO - Processing file /home/airflow/.local/lib/python3.8/site-packages/airflow/example_dags/example_python_operator.py for tasks to queue
[2022-05-23 21:02:16,588] {logging_mixin.py:104} INFO - [2022-05-23 21:02:16,574] {dagbag.py:496} INFO - Filling up the DagBag from /home/airflow/.local/lib/python3.8/site-packages/airflow/example_dags/example_python_operator.py
[2022-05-23 21:02:16,682] {scheduler_job.py:643} INFO - DAG(s) dict_keys(['example_python_operator']) retrieved from /home/airflow/.local/lib/python3.8/site-packages/airflow/example_dags/example_python_operator.py
[2022-05-23 21:02:20,342] {logging_mixin.py:104} INFO - [2022-05-23 21:02:20,342] {dag.py:1833} INFO - Sync 1 DAGs
[2022-05-23 21:02:20,545] {logging_mixin.py:104} INFO - [2022-05-23 21:02:20,545] {dag.py:2306} INFO - Setting next_dagrun for example_python_operator to None
[2022-05-23 21:02:20,707] {scheduler_job.py:190} INFO - Processing /home/airflow/.local/lib/python3.8/site-packages/airflow/example_dags/example_python_operator.py took 4.174 seconds
[2022-05-23 21:06:23,011] {scheduler_job.py:182} INFO - Started process (PID=90) to work on /home/airflow/.local/lib/python3.8/site-packages/airflow/example_dags/example_python_operator.py
[2022-05-23 21:06:23,038] {scheduler_job.py:633} INFO - Processing file /home/airflow/.local/lib/python3.8/site-packages/airflow/example_dags/example_python_operator.py for tasks to queue
[2022-05-23 21:06:23,053] {logging_mixin.py:104} INFO - [2022-05-23 21:06:23,047] {dagbag.py:496} INFO - Filling up the DagBag from /home/airflow/.local/lib/python3.8/site-packages/airflow/example_dags/example_python_operator.py
[2022-05-23 21:06:23,128] {scheduler_job.py:643} INFO - DAG(s) dict_keys(['example_python_operator']) retrieved from /home/airflow/.local/lib/python3.8/site-packages/airflow/example_dags/example_python_operator.py
[2022-05-23 21:06:23,282] {logging_mixin.py:104} INFO - [2022-05-23 21:06:23,277] {dag.py:1833} INFO - Sync 1 DAGs
[2022-05-23 21:06:23,392] {logging_mixin.py:104} INFO - [2022-05-23 21:06:23,392] {dag.py:2306} INFO - Setting next_dagrun for example_python_operator to None
[2022-05-23 21:06:23,520] {scheduler_job.py:190} INFO - Processing /home/airflow/.local/lib/python3.8/site-packages/airflow/example_dags/example_python_operator.py took 0.521 seconds
[2022-05-23 21:10:25,153] {scheduler_job.py:182} INFO - Started process (PID=118) to work on /home/airflow/.local/lib/python3.8/site-packages/airflow/example_dags/example_python_operator.py
[2022-05-23 21:10:25,165] {scheduler_job.py:633} INFO - Processing file /home/airflow/.local/lib/python3.8/site-packages/airflow/example_dags/example_python_operator.py for tasks to queue
[2022-05-23 21:10:25,171] {logging_mixin.py:104} INFO - [2022-05-23 21:10:25,170] {dagbag.py:496} INFO - Filling up the DagBag from /home/airflow/.local/lib/python3.8/site-packages/airflow/example_dags/example_python_operator.py
[2022-05-23 21:10:25,349] {scheduler_job.py:643} INFO - DAG(s) dict_keys(['example_python_operator']) retrieved from /home/airflow/.local/lib/python3.8/site-packages/airflow/example_dags/example_python_operator.py
[2022-05-23 21:10:25,499] {logging_mixin.py:104} INFO - [2022-05-23 21:10:25,499] {dag.py:1833} INFO - Sync 1 DAGs
[2022-05-23 21:10:25,651] {logging_mixin.py:104} INFO - [2022-05-23 21:10:25,651] {dag.py:2306} INFO - Setting next_dagrun for example_python_operator to None
[2022-05-23 21:10:25,856] {scheduler_job.py:190} INFO - Processing /home/airflow/.local/lib/python3.8/site-packages/airflow/example_dags/example_python_operator.py took 0.718 seconds
[2022-05-23 21:14:38,809] {scheduler_job.py:182} INFO - Started process (PID=147) to work on /home/airflow/.local/lib/python3.8/site-packages/airflow/example_dags/example_python_operator.py
[2022-05-23 21:14:38,818] {scheduler_job.py:633} INFO - Processing file /home/airflow/.local/lib/python3.8/site-packages/airflow/example_dags/example_python_operator.py for tasks to queue
[2022-05-23 21:14:38,830] {logging_mixin.py:104} INFO - [2022-05-23 21:14:38,829] {dagbag.py:496} INFO - Filling up the DagBag from /home/airflow/.local/lib/python3.8/site-packages/airflow/example_dags/example_python_operator.py
[2022-05-23 21:14:38,987] {scheduler_job.py:643} INFO - DAG(s) dict_keys(['example_python_operator']) retrieved from /home/airflow/.local/lib/python3.8/site-packages/airflow/example_dags/example_python_operator.py
[2022-05-23 21:14:39,113] {logging_mixin.py:104} INFO - [2022-05-23 21:14:39,113] {dag.py:1833} INFO - Sync 1 DAGs
[2022-05-23 21:14:39,251] {logging_mixin.py:104} INFO - [2022-05-23 21:14:39,250] {dag.py:2306} INFO - Setting next_dagrun for example_python_operator to None
[2022-05-23 21:14:39,397] {scheduler_job.py:190} INFO - Processing /home/airflow/.local/lib/python3.8/site-packages/airflow/example_dags/example_python_operator.py took 0.644 seconds
[2022-05-23 21:17:18,727] {scheduler_job.py:182} INFO - Started process (PID=170) to work on /home/airflow/.local/lib/python3.8/site-packages/airflow/example_dags/example_python_operator.py
[2022-05-23 21:17:18,756] {scheduler_job.py:633} INFO - Processing file /home/airflow/.local/lib/python3.8/site-packages/airflow/example_dags/example_python_operator.py for tasks to queue
[2022-05-23 21:17:18,768] {logging_mixin.py:104} INFO - [2022-05-23 21:17:18,768] {dagbag.py:496} INFO - Filling up the DagBag from /home/airflow/.local/lib/python3.8/site-packages/airflow/example_dags/example_python_operator.py
[2022-05-23 21:17:18,862] {scheduler_job.py:643} INFO - DAG(s) dict_keys(['example_python_operator']) retrieved from /home/airflow/.local/lib/python3.8/site-packages/airflow/example_dags/example_python_operator.py
[2022-05-23 21:17:19,174] {logging_mixin.py:104} INFO - [2022-05-23 21:17:19,173] {dag.py:1833} INFO - Sync 1 DAGs
[2022-05-23 21:17:19,453] {logging_mixin.py:104} INFO - [2022-05-23 21:17:19,443] {dag.py:2306} INFO - Setting next_dagrun for example_python_operator to None
[2022-05-23 21:17:19,597] {scheduler_job.py:190} INFO - Processing /home/airflow/.local/lib/python3.8/site-packages/airflow/example_dags/example_python_operator.py took 0.946 seconds
[2022-05-23 21:20:51,278] {scheduler_job.py:182} INFO - Started process (PID=195) to work on /home/airflow/.local/lib/python3.8/site-packages/airflow/example_dags/example_python_operator.py
[2022-05-23 21:20:51,292] {scheduler_job.py:633} INFO - Processing file /home/airflow/.local/lib/python3.8/site-packages/airflow/example_dags/example_python_operator.py for tasks to queue
[2022-05-23 21:20:51,320] {logging_mixin.py:104} INFO - [2022-05-23 21:20:51,318] {dagbag.py:496} INFO - Filling up the DagBag from /home/airflow/.local/lib/python3.8/site-packages/airflow/example_dags/example_python_operator.py
[2022-05-23 21:20:51,449] {scheduler_job.py:643} INFO - DAG(s) dict_keys(['example_python_operator']) retrieved from /home/airflow/.local/lib/python3.8/site-packages/airflow/example_dags/example_python_operator.py
[2022-05-23 21:20:51,846] {logging_mixin.py:104} INFO - [2022-05-23 21:20:51,844] {dag.py:1833} INFO - Sync 1 DAGs
[2022-05-23 21:20:52,120] {logging_mixin.py:104} INFO - [2022-05-23 21:20:52,119] {dag.py:2306} INFO - Setting next_dagrun for example_python_operator to None
[2022-05-23 21:20:52,394] {scheduler_job.py:190} INFO - Processing /home/airflow/.local/lib/python3.8/site-packages/airflow/example_dags/example_python_operator.py took 1.139 seconds
[2022-05-23 21:27:36,286] {scheduler_job.py:182} INFO - Started process (PID=219) to work on /home/airflow/.local/lib/python3.8/site-packages/airflow/example_dags/example_python_operator.py
[2022-05-23 21:27:36,386] {scheduler_job.py:633} INFO - Processing file /home/airflow/.local/lib/python3.8/site-packages/airflow/example_dags/example_python_operator.py for tasks to queue
[2022-05-23 21:27:36,453] {logging_mixin.py:104} INFO - [2022-05-23 21:27:36,451] {dagbag.py:496} INFO - Filling up the DagBag from /home/airflow/.local/lib/python3.8/site-packages/airflow/example_dags/example_python_operator.py
[2022-05-23 21:27:37,204] {scheduler_job.py:643} INFO - DAG(s) dict_keys(['example_python_operator']) retrieved from /home/airflow/.local/lib/python3.8/site-packages/airflow/example_dags/example_python_operator.py
[2022-05-23 21:27:37,689] {logging_mixin.py:104} INFO - [2022-05-23 21:27:37,689] {dag.py:1833} INFO - Sync 1 DAGs
[2022-05-23 21:27:38,146] {logging_mixin.py:104} INFO - [2022-05-23 21:27:38,145] {dag.py:2306} INFO - Setting next_dagrun for example_python_operator to None
[2022-05-23 21:27:38,389] {scheduler_job.py:190} INFO - Processing /home/airflow/.local/lib/python3.8/site-packages/airflow/example_dags/example_python_operator.py took 2.207 seconds
[2022-05-23 21:35:21,133] {scheduler_job.py:182} INFO - Started process (PID=31) to work on /home/airflow/.local/lib/python3.8/site-packages/airflow/example_dags/example_python_operator.py
[2022-05-23 21:35:21,277] {scheduler_job.py:633} INFO - Processing file /home/airflow/.local/lib/python3.8/site-packages/airflow/example_dags/example_python_operator.py for tasks to queue
[2022-05-23 21:35:21,282] {logging_mixin.py:104} INFO - [2022-05-23 21:35:21,282] {dagbag.py:496} INFO - Filling up the DagBag from /home/airflow/.local/lib/python3.8/site-packages/airflow/example_dags/example_python_operator.py
[2022-05-23 21:35:21,891] {scheduler_job.py:643} INFO - DAG(s) dict_keys(['example_python_operator']) retrieved from /home/airflow/.local/lib/python3.8/site-packages/airflow/example_dags/example_python_operator.py
[2022-05-23 21:35:22,244] {logging_mixin.py:104} INFO - [2022-05-23 21:35:22,240] {dag.py:1833} INFO - Sync 1 DAGs
[2022-05-23 21:35:22,536] {logging_mixin.py:104} INFO - [2022-05-23 21:35:22,535] {dag.py:2306} INFO - Setting next_dagrun for example_python_operator to None
[2022-05-23 21:35:22,736] {scheduler_job.py:190} INFO - Processing /home/airflow/.local/lib/python3.8/site-packages/airflow/example_dags/example_python_operator.py took 1.754 seconds
[2022-05-23 21:37:15,106] {scheduler_job.py:182} INFO - Started process (PID=64) to work on /home/airflow/.local/lib/python3.8/site-packages/airflow/example_dags/example_python_operator.py
[2022-05-23 21:37:15,155] {scheduler_job.py:633} INFO - Processing file /home/airflow/.local/lib/python3.8/site-packages/airflow/example_dags/example_python_operator.py for tasks to queue
[2022-05-23 21:37:15,177] {logging_mixin.py:104} INFO - [2022-05-23 21:37:15,176] {dagbag.py:496} INFO - Filling up the DagBag from /home/airflow/.local/lib/python3.8/site-packages/airflow/example_dags/example_python_operator.py
[2022-05-23 21:37:15,271] {scheduler_job.py:643} INFO - DAG(s) dict_keys(['example_python_operator']) retrieved from /home/airflow/.local/lib/python3.8/site-packages/airflow/example_dags/example_python_operator.py
[2022-05-23 21:37:15,531] {logging_mixin.py:104} INFO - [2022-05-23 21:37:15,531] {dag.py:1833} INFO - Sync 1 DAGs
[2022-05-23 21:37:15,754] {logging_mixin.py:104} INFO - [2022-05-23 21:37:15,754] {dag.py:2306} INFO - Setting next_dagrun for example_python_operator to None
[2022-05-23 21:37:16,003] {scheduler_job.py:190} INFO - Processing /home/airflow/.local/lib/python3.8/site-packages/airflow/example_dags/example_python_operator.py took 0.937 seconds
[2022-05-23 21:39:00,652] {scheduler_job.py:182} INFO - Started process (PID=87) to work on /home/airflow/.local/lib/python3.8/site-packages/airflow/example_dags/example_python_operator.py
[2022-05-23 21:39:00,659] {scheduler_job.py:633} INFO - Processing file /home/airflow/.local/lib/python3.8/site-packages/airflow/example_dags/example_python_operator.py for tasks to queue
[2022-05-23 21:39:00,684] {logging_mixin.py:104} INFO - [2022-05-23 21:39:00,684] {dagbag.py:496} INFO - Filling up the DagBag from /home/airflow/.local/lib/python3.8/site-packages/airflow/example_dags/example_python_operator.py
[2022-05-23 21:39:00,905] {scheduler_job.py:643} INFO - DAG(s) dict_keys(['example_python_operator']) retrieved from /home/airflow/.local/lib/python3.8/site-packages/airflow/example_dags/example_python_operator.py
[2022-05-23 21:39:01,073] {logging_mixin.py:104} INFO - [2022-05-23 21:39:01,067] {dag.py:1833} INFO - Sync 1 DAGs
[2022-05-23 21:39:01,292] {logging_mixin.py:104} INFO - [2022-05-23 21:39:01,292] {dag.py:2306} INFO - Setting next_dagrun for example_python_operator to None
[2022-05-23 21:39:01,491] {scheduler_job.py:190} INFO - Processing /home/airflow/.local/lib/python3.8/site-packages/airflow/example_dags/example_python_operator.py took 0.871 seconds
[2022-05-23 21:40:02,727] {scheduler_job.py:182} INFO - Started process (PID=111) to work on /home/airflow/.local/lib/python3.8/site-packages/airflow/example_dags/example_python_operator.py
[2022-05-23 21:40:02,737] {scheduler_job.py:633} INFO - Processing file /home/airflow/.local/lib/python3.8/site-packages/airflow/example_dags/example_python_operator.py for tasks to queue
[2022-05-23 21:40:02,782] {logging_mixin.py:104} INFO - [2022-05-23 21:40:02,774] {dagbag.py:496} INFO - Filling up the DagBag from /home/airflow/.local/lib/python3.8/site-packages/airflow/example_dags/example_python_operator.py
[2022-05-23 21:40:02,919] {scheduler_job.py:643} INFO - DAG(s) dict_keys(['example_python_operator']) retrieved from /home/airflow/.local/lib/python3.8/site-packages/airflow/example_dags/example_python_operator.py
[2022-05-23 21:40:03,102] {logging_mixin.py:104} INFO - [2022-05-23 21:40:03,100] {dag.py:1833} INFO - Sync 1 DAGs
[2022-05-23 21:40:03,345] {logging_mixin.py:104} INFO - [2022-05-23 21:40:03,333] {dag.py:2306} INFO - Setting next_dagrun for example_python_operator to None
[2022-05-23 21:40:03,462] {scheduler_job.py:190} INFO - Processing /home/airflow/.local/lib/python3.8/site-packages/airflow/example_dags/example_python_operator.py took 0.792 seconds
[2022-05-23 21:41:44,372] {scheduler_job.py:182} INFO - Started process (PID=130) to work on /home/airflow/.local/lib/python3.8/site-packages/airflow/example_dags/example_python_operator.py
[2022-05-23 21:41:44,467] {scheduler_job.py:633} INFO - Processing file /home/airflow/.local/lib/python3.8/site-packages/airflow/example_dags/example_python_operator.py for tasks to queue
[2022-05-23 21:41:44,529] {logging_mixin.py:104} INFO - [2022-05-23 21:41:44,528] {dagbag.py:496} INFO - Filling up the DagBag from /home/airflow/.local/lib/python3.8/site-packages/airflow/example_dags/example_python_operator.py
[2022-05-23 21:41:45,662] {scheduler_job.py:643} INFO - DAG(s) dict_keys(['example_python_operator']) retrieved from /home/airflow/.local/lib/python3.8/site-packages/airflow/example_dags/example_python_operator.py
[2022-05-23 21:41:47,950] {logging_mixin.py:104} INFO - [2022-05-23 21:41:47,949] {dag.py:1833} INFO - Sync 1 DAGs
[2022-05-23 21:41:48,671] {logging_mixin.py:104} INFO - [2022-05-23 21:41:48,671] {dag.py:2306} INFO - Setting next_dagrun for example_python_operator to None
[2022-05-23 21:41:51,907] {scheduler_job.py:190} INFO - Processing /home/airflow/.local/lib/python3.8/site-packages/airflow/example_dags/example_python_operator.py took 7.636 seconds
[2022-05-23 21:43:47,241] {scheduler_job.py:182} INFO - Started process (PID=154) to work on /home/airflow/.local/lib/python3.8/site-packages/airflow/example_dags/example_python_operator.py
[2022-05-23 21:43:47,256] {scheduler_job.py:633} INFO - Processing file /home/airflow/.local/lib/python3.8/site-packages/airflow/example_dags/example_python_operator.py for tasks to queue
[2022-05-23 21:43:47,288] {logging_mixin.py:104} INFO - [2022-05-23 21:43:47,285] {dagbag.py:496} INFO - Filling up the DagBag from /home/airflow/.local/lib/python3.8/site-packages/airflow/example_dags/example_python_operator.py
[2022-05-23 21:43:47,441] {scheduler_job.py:643} INFO - DAG(s) dict_keys(['example_python_operator']) retrieved from /home/airflow/.local/lib/python3.8/site-packages/airflow/example_dags/example_python_operator.py
[2022-05-23 21:43:47,614] {logging_mixin.py:104} INFO - [2022-05-23 21:43:47,614] {dag.py:1833} INFO - Sync 1 DAGs
[2022-05-23 21:43:47,771] {logging_mixin.py:104} INFO - [2022-05-23 21:43:47,771] {dag.py:2306} INFO - Setting next_dagrun for example_python_operator to None
[2022-05-23 21:43:47,962] {scheduler_job.py:190} INFO - Processing /home/airflow/.local/lib/python3.8/site-packages/airflow/example_dags/example_python_operator.py took 0.763 seconds
[2022-05-23 21:45:48,125] {scheduler_job.py:182} INFO - Started process (PID=180) to work on /home/airflow/.local/lib/python3.8/site-packages/airflow/example_dags/example_python_operator.py
[2022-05-23 21:45:48,213] {scheduler_job.py:633} INFO - Processing file /home/airflow/.local/lib/python3.8/site-packages/airflow/example_dags/example_python_operator.py for tasks to queue
[2022-05-23 21:45:48,219] {logging_mixin.py:104} INFO - [2022-05-23 21:45:48,216] {dagbag.py:496} INFO - Filling up the DagBag from /home/airflow/.local/lib/python3.8/site-packages/airflow/example_dags/example_python_operator.py
[2022-05-23 21:45:48,353] {scheduler_job.py:643} INFO - DAG(s) dict_keys(['example_python_operator']) retrieved from /home/airflow/.local/lib/python3.8/site-packages/airflow/example_dags/example_python_operator.py
[2022-05-23 21:45:48,901] {logging_mixin.py:104} INFO - [2022-05-23 21:45:48,900] {dag.py:1833} INFO - Sync 1 DAGs
[2022-05-23 21:45:49,119] {logging_mixin.py:104} INFO - [2022-05-23 21:45:49,119] {dag.py:2306} INFO - Setting next_dagrun for example_python_operator to None
[2022-05-23 21:45:49,305] {scheduler_job.py:190} INFO - Processing /home/airflow/.local/lib/python3.8/site-packages/airflow/example_dags/example_python_operator.py took 1.244 seconds
[2022-05-23 21:52:36,984] {scheduler_job.py:182} INFO - Started process (PID=204) to work on /home/airflow/.local/lib/python3.8/site-packages/airflow/example_dags/example_python_operator.py
[2022-05-23 21:52:37,044] {scheduler_job.py:633} INFO - Processing file /home/airflow/.local/lib/python3.8/site-packages/airflow/example_dags/example_python_operator.py for tasks to queue
[2022-05-23 21:52:37,136] {logging_mixin.py:104} INFO - [2022-05-23 21:52:37,134] {dagbag.py:496} INFO - Filling up the DagBag from /home/airflow/.local/lib/python3.8/site-packages/airflow/example_dags/example_python_operator.py
[2022-05-23 21:52:37,616] {scheduler_job.py:643} INFO - DAG(s) dict_keys(['example_python_operator']) retrieved from /home/airflow/.local/lib/python3.8/site-packages/airflow/example_dags/example_python_operator.py
[2022-05-23 21:52:38,817] {logging_mixin.py:104} INFO - [2022-05-23 21:52:38,817] {dag.py:1833} INFO - Sync 1 DAGs
[2022-05-23 21:52:39,518] {logging_mixin.py:104} INFO - [2022-05-23 21:52:39,518] {dag.py:2306} INFO - Setting next_dagrun for example_python_operator to None
[2022-05-23 21:52:40,038] {scheduler_job.py:190} INFO - Processing /home/airflow/.local/lib/python3.8/site-packages/airflow/example_dags/example_python_operator.py took 3.150 seconds
[2022-05-23 21:58:05,817] {scheduler_job.py:182} INFO - Started process (PID=31) to work on /home/airflow/.local/lib/python3.8/site-packages/airflow/example_dags/example_python_operator.py
[2022-05-23 21:58:05,831] {scheduler_job.py:633} INFO - Processing file /home/airflow/.local/lib/python3.8/site-packages/airflow/example_dags/example_python_operator.py for tasks to queue
[2022-05-23 21:58:05,849] {logging_mixin.py:104} INFO - [2022-05-23 21:58:05,841] {dagbag.py:496} INFO - Filling up the DagBag from /home/airflow/.local/lib/python3.8/site-packages/airflow/example_dags/example_python_operator.py
[2022-05-23 21:58:05,991] {scheduler_job.py:643} INFO - DAG(s) dict_keys(['example_python_operator']) retrieved from /home/airflow/.local/lib/python3.8/site-packages/airflow/example_dags/example_python_operator.py
[2022-05-23 21:58:06,166] {logging_mixin.py:104} INFO - [2022-05-23 21:58:06,166] {dag.py:1833} INFO - Sync 1 DAGs
[2022-05-23 21:58:06,333] {logging_mixin.py:104} INFO - [2022-05-23 21:58:06,332] {dag.py:2306} INFO - Setting next_dagrun for example_python_operator to None
[2022-05-23 21:58:06,527] {scheduler_job.py:190} INFO - Processing /home/airflow/.local/lib/python3.8/site-packages/airflow/example_dags/example_python_operator.py took 0.740 seconds
[2022-05-23 22:00:07,209] {scheduler_job.py:182} INFO - Started process (PID=64) to work on /home/airflow/.local/lib/python3.8/site-packages/airflow/example_dags/example_python_operator.py
[2022-05-23 22:00:07,231] {scheduler_job.py:633} INFO - Processing file /home/airflow/.local/lib/python3.8/site-packages/airflow/example_dags/example_python_operator.py for tasks to queue
[2022-05-23 22:00:07,233] {logging_mixin.py:104} INFO - [2022-05-23 22:00:07,233] {dagbag.py:496} INFO - Filling up the DagBag from /home/airflow/.local/lib/python3.8/site-packages/airflow/example_dags/example_python_operator.py
[2022-05-23 22:00:07,521] {scheduler_job.py:643} INFO - DAG(s) dict_keys(['example_python_operator']) retrieved from /home/airflow/.local/lib/python3.8/site-packages/airflow/example_dags/example_python_operator.py
[2022-05-23 22:00:07,748] {logging_mixin.py:104} INFO - [2022-05-23 22:00:07,743] {dag.py:1833} INFO - Sync 1 DAGs
[2022-05-23 22:00:07,946] {logging_mixin.py:104} INFO - [2022-05-23 22:00:07,939] {dag.py:2306} INFO - Setting next_dagrun for example_python_operator to None
[2022-05-23 22:00:08,268] {scheduler_job.py:190} INFO - Processing /home/airflow/.local/lib/python3.8/site-packages/airflow/example_dags/example_python_operator.py took 1.063 seconds
[2022-05-23 22:01:46,495] {scheduler_job.py:182} INFO - Started process (PID=83) to work on /home/airflow/.local/lib/python3.8/site-packages/airflow/example_dags/example_python_operator.py
[2022-05-23 22:01:46,506] {scheduler_job.py:633} INFO - Processing file /home/airflow/.local/lib/python3.8/site-packages/airflow/example_dags/example_python_operator.py for tasks to queue
[2022-05-23 22:01:46,536] {logging_mixin.py:104} INFO - [2022-05-23 22:01:46,536] {dagbag.py:496} INFO - Filling up the DagBag from /home/airflow/.local/lib/python3.8/site-packages/airflow/example_dags/example_python_operator.py
[2022-05-23 22:01:47,037] {scheduler_job.py:643} INFO - DAG(s) dict_keys(['example_python_operator']) retrieved from /home/airflow/.local/lib/python3.8/site-packages/airflow/example_dags/example_python_operator.py
[2022-05-23 22:01:47,135] {logging_mixin.py:104} INFO - [2022-05-23 22:01:47,135] {dag.py:1833} INFO - Sync 1 DAGs
[2022-05-23 22:01:47,367] {logging_mixin.py:104} INFO - [2022-05-23 22:01:47,367] {dag.py:2306} INFO - Setting next_dagrun for example_python_operator to None
[2022-05-23 22:01:47,564] {scheduler_job.py:190} INFO - Processing /home/airflow/.local/lib/python3.8/site-packages/airflow/example_dags/example_python_operator.py took 1.255 seconds
[2022-05-23 22:06:15,632] {scheduler_job.py:182} INFO - Started process (PID=109) to work on /home/airflow/.local/lib/python3.8/site-packages/airflow/example_dags/example_python_operator.py
[2022-05-23 22:06:15,659] {scheduler_job.py:633} INFO - Processing file /home/airflow/.local/lib/python3.8/site-packages/airflow/example_dags/example_python_operator.py for tasks to queue
[2022-05-23 22:06:15,678] {logging_mixin.py:104} INFO - [2022-05-23 22:06:15,676] {dagbag.py:496} INFO - Filling up the DagBag from /home/airflow/.local/lib/python3.8/site-packages/airflow/example_dags/example_python_operator.py
[2022-05-23 22:06:15,988] {scheduler_job.py:643} INFO - DAG(s) dict_keys(['example_python_operator']) retrieved from /home/airflow/.local/lib/python3.8/site-packages/airflow/example_dags/example_python_operator.py
[2022-05-23 22:06:16,405] {logging_mixin.py:104} INFO - [2022-05-23 22:06:16,405] {dag.py:1833} INFO - Sync 1 DAGs
[2022-05-23 22:06:16,903] {logging_mixin.py:104} INFO - [2022-05-23 22:06:16,896] {dag.py:2306} INFO - Setting next_dagrun for example_python_operator to None
[2022-05-23 22:06:17,863] {scheduler_job.py:190} INFO - Processing /home/airflow/.local/lib/python3.8/site-packages/airflow/example_dags/example_python_operator.py took 2.299 seconds
[2022-05-23 22:11:13,251] {scheduler_job.py:182} INFO - Started process (PID=139) to work on /home/airflow/.local/lib/python3.8/site-packages/airflow/example_dags/example_python_operator.py
[2022-05-23 22:11:13,286] {scheduler_job.py:633} INFO - Processing file /home/airflow/.local/lib/python3.8/site-packages/airflow/example_dags/example_python_operator.py for tasks to queue
[2022-05-23 22:11:13,311] {logging_mixin.py:104} INFO - [2022-05-23 22:11:13,307] {dagbag.py:496} INFO - Filling up the DagBag from /home/airflow/.local/lib/python3.8/site-packages/airflow/example_dags/example_python_operator.py
[2022-05-23 22:11:15,203] {scheduler_job.py:643} INFO - DAG(s) dict_keys(['example_python_operator']) retrieved from /home/airflow/.local/lib/python3.8/site-packages/airflow/example_dags/example_python_operator.py
[2022-05-23 22:11:19,546] {logging_mixin.py:104} INFO - [2022-05-23 22:11:19,402] {dag.py:1833} INFO - Sync 1 DAGs
[2022-05-23 22:11:23,903] {logging_mixin.py:104} INFO - [2022-05-23 22:11:23,900] {dag.py:2306} INFO - Setting next_dagrun for example_python_operator to None
[2022-05-23 22:11:26,136] {scheduler_job.py:190} INFO - Processing /home/airflow/.local/lib/python3.8/site-packages/airflow/example_dags/example_python_operator.py took 13.069 seconds
[2022-05-23 22:16:37,950] {scheduler_job.py:182} INFO - Started process (PID=31) to work on /home/airflow/.local/lib/python3.8/site-packages/airflow/example_dags/example_python_operator.py
[2022-05-23 22:16:37,975] {scheduler_job.py:633} INFO - Processing file /home/airflow/.local/lib/python3.8/site-packages/airflow/example_dags/example_python_operator.py for tasks to queue
[2022-05-23 22:16:37,987] {logging_mixin.py:104} INFO - [2022-05-23 22:16:37,987] {dagbag.py:496} INFO - Filling up the DagBag from /home/airflow/.local/lib/python3.8/site-packages/airflow/example_dags/example_python_operator.py
[2022-05-23 22:16:38,354] {scheduler_job.py:643} INFO - DAG(s) dict_keys(['example_python_operator']) retrieved from /home/airflow/.local/lib/python3.8/site-packages/airflow/example_dags/example_python_operator.py
[2022-05-23 22:16:38,584] {logging_mixin.py:104} INFO - [2022-05-23 22:16:38,584] {dag.py:1833} INFO - Sync 1 DAGs
[2022-05-23 22:16:38,827] {logging_mixin.py:104} INFO - [2022-05-23 22:16:38,827] {dag.py:2306} INFO - Setting next_dagrun for example_python_operator to None
[2022-05-23 22:16:39,167] {scheduler_job.py:190} INFO - Processing /home/airflow/.local/lib/python3.8/site-packages/airflow/example_dags/example_python_operator.py took 1.267 seconds
[2022-05-23 22:18:54,544] {scheduler_job.py:182} INFO - Started process (PID=64) to work on /home/airflow/.local/lib/python3.8/site-packages/airflow/example_dags/example_python_operator.py
[2022-05-23 22:18:54,563] {scheduler_job.py:633} INFO - Processing file /home/airflow/.local/lib/python3.8/site-packages/airflow/example_dags/example_python_operator.py for tasks to queue
[2022-05-23 22:18:54,579] {logging_mixin.py:104} INFO - [2022-05-23 22:18:54,578] {dagbag.py:496} INFO - Filling up the DagBag from /home/airflow/.local/lib/python3.8/site-packages/airflow/example_dags/example_python_operator.py
[2022-05-23 22:18:54,865] {scheduler_job.py:643} INFO - DAG(s) dict_keys(['example_python_operator']) retrieved from /home/airflow/.local/lib/python3.8/site-packages/airflow/example_dags/example_python_operator.py
[2022-05-23 22:18:55,186] {logging_mixin.py:104} INFO - [2022-05-23 22:18:55,186] {dag.py:1833} INFO - Sync 1 DAGs
[2022-05-23 22:18:55,457] {logging_mixin.py:104} INFO - [2022-05-23 22:18:55,456] {dag.py:2306} INFO - Setting next_dagrun for example_python_operator to None
[2022-05-23 22:18:55,984] {scheduler_job.py:190} INFO - Processing /home/airflow/.local/lib/python3.8/site-packages/airflow/example_dags/example_python_operator.py took 1.494 seconds
