[2022-05-23 21:03:14,695] {scheduler_job.py:182} INFO - Started process (PID=65) to work on /home/airflow/.local/lib/python3.8/site-packages/airflow/example_dags/example_xcom.py
[2022-05-23 21:03:14,726] {scheduler_job.py:633} INFO - Processing file /home/airflow/.local/lib/python3.8/site-packages/airflow/example_dags/example_xcom.py for tasks to queue
[2022-05-23 21:03:14,741] {logging_mixin.py:104} INFO - [2022-05-23 21:03:14,741] {dagbag.py:496} INFO - Filling up the DagBag from /home/airflow/.local/lib/python3.8/site-packages/airflow/example_dags/example_xcom.py
[2022-05-23 21:03:14,837] {scheduler_job.py:643} INFO - DAG(s) dict_keys(['example_xcom']) retrieved from /home/airflow/.local/lib/python3.8/site-packages/airflow/example_dags/example_xcom.py
[2022-05-23 21:03:20,673] {logging_mixin.py:104} INFO - [2022-05-23 21:03:20,673] {dag.py:1833} INFO - Sync 1 DAGs
[2022-05-23 21:03:21,216] {logging_mixin.py:104} INFO - [2022-05-23 21:03:21,216] {dag.py:2306} INFO - Setting next_dagrun for example_xcom to 2022-05-21 00:00:00+00:00
[2022-05-23 21:03:22,126] {scheduler_job.py:190} INFO - Processing /home/airflow/.local/lib/python3.8/site-packages/airflow/example_dags/example_xcom.py took 7.529 seconds
[2022-05-23 21:06:56,755] {scheduler_job.py:182} INFO - Started process (PID=98) to work on /home/airflow/.local/lib/python3.8/site-packages/airflow/example_dags/example_xcom.py
[2022-05-23 21:06:56,759] {scheduler_job.py:633} INFO - Processing file /home/airflow/.local/lib/python3.8/site-packages/airflow/example_dags/example_xcom.py for tasks to queue
[2022-05-23 21:06:56,760] {logging_mixin.py:104} INFO - [2022-05-23 21:06:56,760] {dagbag.py:496} INFO - Filling up the DagBag from /home/airflow/.local/lib/python3.8/site-packages/airflow/example_dags/example_xcom.py
[2022-05-23 21:06:56,834] {scheduler_job.py:643} INFO - DAG(s) dict_keys(['example_xcom']) retrieved from /home/airflow/.local/lib/python3.8/site-packages/airflow/example_dags/example_xcom.py
[2022-05-23 21:06:56,969] {logging_mixin.py:104} INFO - [2022-05-23 21:06:56,969] {dag.py:1833} INFO - Sync 1 DAGs
[2022-05-23 21:06:57,066] {logging_mixin.py:104} INFO - [2022-05-23 21:06:57,066] {dag.py:2306} INFO - Setting next_dagrun for example_xcom to 2022-05-21 00:00:00+00:00
[2022-05-23 21:06:57,249] {scheduler_job.py:190} INFO - Processing /home/airflow/.local/lib/python3.8/site-packages/airflow/example_dags/example_xcom.py took 0.516 seconds
[2022-05-23 21:13:15,582] {scheduler_job.py:182} INFO - Started process (PID=126) to work on /home/airflow/.local/lib/python3.8/site-packages/airflow/example_dags/example_xcom.py
[2022-05-23 21:13:15,618] {scheduler_job.py:633} INFO - Processing file /home/airflow/.local/lib/python3.8/site-packages/airflow/example_dags/example_xcom.py for tasks to queue
[2022-05-23 21:13:15,631] {logging_mixin.py:104} INFO - [2022-05-23 21:13:15,630] {dagbag.py:496} INFO - Filling up the DagBag from /home/airflow/.local/lib/python3.8/site-packages/airflow/example_dags/example_xcom.py
[2022-05-23 21:13:15,870] {scheduler_job.py:643} INFO - DAG(s) dict_keys(['example_xcom']) retrieved from /home/airflow/.local/lib/python3.8/site-packages/airflow/example_dags/example_xcom.py
[2022-05-23 21:13:16,187] {logging_mixin.py:104} INFO - [2022-05-23 21:13:16,186] {dag.py:1833} INFO - Sync 1 DAGs
[2022-05-23 21:13:16,449] {logging_mixin.py:104} INFO - [2022-05-23 21:13:16,449] {dag.py:2306} INFO - Setting next_dagrun for example_xcom to 2022-05-21 00:00:00+00:00
[2022-05-23 21:13:16,642] {scheduler_job.py:190} INFO - Processing /home/airflow/.local/lib/python3.8/site-packages/airflow/example_dags/example_xcom.py took 1.100 seconds
[2022-05-23 21:16:21,944] {scheduler_job.py:182} INFO - Started process (PID=155) to work on /home/airflow/.local/lib/python3.8/site-packages/airflow/example_dags/example_xcom.py
[2022-05-23 21:16:21,995] {scheduler_job.py:633} INFO - Processing file /home/airflow/.local/lib/python3.8/site-packages/airflow/example_dags/example_xcom.py for tasks to queue
[2022-05-23 21:16:22,027] {logging_mixin.py:104} INFO - [2022-05-23 21:16:22,026] {dagbag.py:496} INFO - Filling up the DagBag from /home/airflow/.local/lib/python3.8/site-packages/airflow/example_dags/example_xcom.py
[2022-05-23 21:16:22,169] {scheduler_job.py:643} INFO - DAG(s) dict_keys(['example_xcom']) retrieved from /home/airflow/.local/lib/python3.8/site-packages/airflow/example_dags/example_xcom.py
[2022-05-23 21:16:22,415] {logging_mixin.py:104} INFO - [2022-05-23 21:16:22,414] {dag.py:1833} INFO - Sync 1 DAGs
[2022-05-23 21:16:22,609] {logging_mixin.py:104} INFO - [2022-05-23 21:16:22,609] {dag.py:2306} INFO - Setting next_dagrun for example_xcom to 2022-05-21 00:00:00+00:00
[2022-05-23 21:16:22,884] {scheduler_job.py:190} INFO - Processing /home/airflow/.local/lib/python3.8/site-packages/airflow/example_dags/example_xcom.py took 0.961 seconds
[2022-05-23 21:21:32,536] {scheduler_job.py:182} INFO - Started process (PID=203) to work on /home/airflow/.local/lib/python3.8/site-packages/airflow/example_dags/example_xcom.py
[2022-05-23 21:21:32,691] {scheduler_job.py:633} INFO - Processing file /home/airflow/.local/lib/python3.8/site-packages/airflow/example_dags/example_xcom.py for tasks to queue
[2022-05-23 21:21:32,707] {logging_mixin.py:104} INFO - [2022-05-23 21:21:32,707] {dagbag.py:496} INFO - Filling up the DagBag from /home/airflow/.local/lib/python3.8/site-packages/airflow/example_dags/example_xcom.py
[2022-05-23 21:21:32,830] {scheduler_job.py:643} INFO - DAG(s) dict_keys(['example_xcom']) retrieved from /home/airflow/.local/lib/python3.8/site-packages/airflow/example_dags/example_xcom.py
[2022-05-23 21:21:33,172] {logging_mixin.py:104} INFO - [2022-05-23 21:21:33,170] {dag.py:1833} INFO - Sync 1 DAGs
[2022-05-23 21:21:34,236] {logging_mixin.py:104} INFO - [2022-05-23 21:21:34,228] {dag.py:2306} INFO - Setting next_dagrun for example_xcom to 2022-05-21 00:00:00+00:00
[2022-05-23 21:21:35,072] {scheduler_job.py:190} INFO - Processing /home/airflow/.local/lib/python3.8/site-packages/airflow/example_dags/example_xcom.py took 2.651 seconds
[2022-05-23 21:35:55,442] {scheduler_job.py:182} INFO - Started process (PID=39) to work on /home/airflow/.local/lib/python3.8/site-packages/airflow/example_dags/example_xcom.py
[2022-05-23 21:35:55,453] {scheduler_job.py:633} INFO - Processing file /home/airflow/.local/lib/python3.8/site-packages/airflow/example_dags/example_xcom.py for tasks to queue
[2022-05-23 21:35:55,459] {logging_mixin.py:104} INFO - [2022-05-23 21:35:55,459] {dagbag.py:496} INFO - Filling up the DagBag from /home/airflow/.local/lib/python3.8/site-packages/airflow/example_dags/example_xcom.py
[2022-05-23 21:35:55,546] {scheduler_job.py:643} INFO - DAG(s) dict_keys(['example_xcom']) retrieved from /home/airflow/.local/lib/python3.8/site-packages/airflow/example_dags/example_xcom.py
[2022-05-23 21:35:55,732] {logging_mixin.py:104} INFO - [2022-05-23 21:35:55,731] {dag.py:1833} INFO - Sync 1 DAGs
[2022-05-23 21:35:55,856] {logging_mixin.py:104} INFO - [2022-05-23 21:35:55,849] {dag.py:2306} INFO - Setting next_dagrun for example_xcom to 2022-05-21 00:00:00+00:00
[2022-05-23 21:35:56,146] {scheduler_job.py:190} INFO - Processing /home/airflow/.local/lib/python3.8/site-packages/airflow/example_dags/example_xcom.py took 0.708 seconds
[2022-05-23 21:38:16,407] {scheduler_job.py:182} INFO - Started process (PID=72) to work on /home/airflow/.local/lib/python3.8/site-packages/airflow/example_dags/example_xcom.py
[2022-05-23 21:38:16,420] {scheduler_job.py:633} INFO - Processing file /home/airflow/.local/lib/python3.8/site-packages/airflow/example_dags/example_xcom.py for tasks to queue
[2022-05-23 21:38:16,438] {logging_mixin.py:104} INFO - [2022-05-23 21:38:16,438] {dagbag.py:496} INFO - Filling up the DagBag from /home/airflow/.local/lib/python3.8/site-packages/airflow/example_dags/example_xcom.py
[2022-05-23 21:38:16,557] {scheduler_job.py:643} INFO - DAG(s) dict_keys(['example_xcom']) retrieved from /home/airflow/.local/lib/python3.8/site-packages/airflow/example_dags/example_xcom.py
[2022-05-23 21:38:16,776] {logging_mixin.py:104} INFO - [2022-05-23 21:38:16,775] {dag.py:1833} INFO - Sync 1 DAGs
[2022-05-23 21:38:17,098] {logging_mixin.py:104} INFO - [2022-05-23 21:38:17,097] {dag.py:2306} INFO - Setting next_dagrun for example_xcom to 2022-05-21 00:00:00+00:00
[2022-05-23 21:38:17,275] {scheduler_job.py:190} INFO - Processing /home/airflow/.local/lib/python3.8/site-packages/airflow/example_dags/example_xcom.py took 0.873 seconds
[2022-05-23 21:40:21,208] {scheduler_job.py:182} INFO - Started process (PID=115) to work on /home/airflow/.local/lib/python3.8/site-packages/airflow/example_dags/example_xcom.py
[2022-05-23 21:40:21,212] {scheduler_job.py:633} INFO - Processing file /home/airflow/.local/lib/python3.8/site-packages/airflow/example_dags/example_xcom.py for tasks to queue
[2022-05-23 21:40:21,215] {logging_mixin.py:104} INFO - [2022-05-23 21:40:21,215] {dagbag.py:496} INFO - Filling up the DagBag from /home/airflow/.local/lib/python3.8/site-packages/airflow/example_dags/example_xcom.py
[2022-05-23 21:40:21,257] {scheduler_job.py:643} INFO - DAG(s) dict_keys(['example_xcom']) retrieved from /home/airflow/.local/lib/python3.8/site-packages/airflow/example_dags/example_xcom.py
[2022-05-23 21:40:21,444] {logging_mixin.py:104} INFO - [2022-05-23 21:40:21,444] {dag.py:1833} INFO - Sync 1 DAGs
[2022-05-23 21:40:21,560] {logging_mixin.py:104} INFO - [2022-05-23 21:40:21,559] {dag.py:2306} INFO - Setting next_dagrun for example_xcom to 2022-05-21 00:00:00+00:00
[2022-05-23 21:40:21,688] {scheduler_job.py:190} INFO - Processing /home/airflow/.local/lib/python3.8/site-packages/airflow/example_dags/example_xcom.py took 0.494 seconds
[2022-05-23 21:44:20,721] {scheduler_job.py:182} INFO - Started process (PID=162) to work on /home/airflow/.local/lib/python3.8/site-packages/airflow/example_dags/example_xcom.py
[2022-05-23 21:44:20,744] {scheduler_job.py:633} INFO - Processing file /home/airflow/.local/lib/python3.8/site-packages/airflow/example_dags/example_xcom.py for tasks to queue
[2022-05-23 21:44:20,760] {logging_mixin.py:104} INFO - [2022-05-23 21:44:20,758] {dagbag.py:496} INFO - Filling up the DagBag from /home/airflow/.local/lib/python3.8/site-packages/airflow/example_dags/example_xcom.py
[2022-05-23 21:44:21,291] {scheduler_job.py:643} INFO - DAG(s) dict_keys(['example_xcom']) retrieved from /home/airflow/.local/lib/python3.8/site-packages/airflow/example_dags/example_xcom.py
[2022-05-23 21:44:21,410] {logging_mixin.py:104} INFO - [2022-05-23 21:44:21,409] {dag.py:1833} INFO - Sync 1 DAGs
[2022-05-23 21:44:21,583] {logging_mixin.py:104} INFO - [2022-05-23 21:44:21,582] {dag.py:2306} INFO - Setting next_dagrun for example_xcom to 2022-05-21 00:00:00+00:00
[2022-05-23 21:44:21,715] {scheduler_job.py:190} INFO - Processing /home/airflow/.local/lib/python3.8/site-packages/airflow/example_dags/example_xcom.py took 1.123 seconds
[2022-05-23 21:58:57,825] {scheduler_job.py:182} INFO - Started process (PID=39) to work on /home/airflow/.local/lib/python3.8/site-packages/airflow/example_dags/example_xcom.py
[2022-05-23 21:58:57,831] {scheduler_job.py:633} INFO - Processing file /home/airflow/.local/lib/python3.8/site-packages/airflow/example_dags/example_xcom.py for tasks to queue
[2022-05-23 21:58:57,849] {logging_mixin.py:104} INFO - [2022-05-23 21:58:57,840] {dagbag.py:496} INFO - Filling up the DagBag from /home/airflow/.local/lib/python3.8/site-packages/airflow/example_dags/example_xcom.py
[2022-05-23 21:58:57,979] {scheduler_job.py:643} INFO - DAG(s) dict_keys(['example_xcom']) retrieved from /home/airflow/.local/lib/python3.8/site-packages/airflow/example_dags/example_xcom.py
[2022-05-23 21:58:58,196] {logging_mixin.py:104} INFO - [2022-05-23 21:58:58,196] {dag.py:1833} INFO - Sync 1 DAGs
[2022-05-23 21:58:58,368] {logging_mixin.py:104} INFO - [2022-05-23 21:58:58,368] {dag.py:2306} INFO - Setting next_dagrun for example_xcom to 2022-05-21 00:00:00+00:00
[2022-05-23 21:58:58,553] {scheduler_job.py:190} INFO - Processing /home/airflow/.local/lib/python3.8/site-packages/airflow/example_dags/example_xcom.py took 0.789 seconds
[2022-05-23 22:00:43,039] {scheduler_job.py:182} INFO - Started process (PID=72) to work on /home/airflow/.local/lib/python3.8/site-packages/airflow/example_dags/example_xcom.py
[2022-05-23 22:00:43,061] {scheduler_job.py:633} INFO - Processing file /home/airflow/.local/lib/python3.8/site-packages/airflow/example_dags/example_xcom.py for tasks to queue
[2022-05-23 22:00:43,071] {logging_mixin.py:104} INFO - [2022-05-23 22:00:43,071] {dagbag.py:496} INFO - Filling up the DagBag from /home/airflow/.local/lib/python3.8/site-packages/airflow/example_dags/example_xcom.py
[2022-05-23 22:00:43,504] {scheduler_job.py:643} INFO - DAG(s) dict_keys(['example_xcom']) retrieved from /home/airflow/.local/lib/python3.8/site-packages/airflow/example_dags/example_xcom.py
[2022-05-23 22:00:43,720] {logging_mixin.py:104} INFO - [2022-05-23 22:00:43,718] {dag.py:1833} INFO - Sync 1 DAGs
[2022-05-23 22:00:44,064] {logging_mixin.py:104} INFO - [2022-05-23 22:00:44,060] {dag.py:2306} INFO - Setting next_dagrun for example_xcom to 2022-05-21 00:00:00+00:00
[2022-05-23 22:00:44,522] {scheduler_job.py:190} INFO - Processing /home/airflow/.local/lib/python3.8/site-packages/airflow/example_dags/example_xcom.py took 1.515 seconds
[2022-05-23 22:08:35,318] {scheduler_job.py:182} INFO - Started process (PID=117) to work on /home/airflow/.local/lib/python3.8/site-packages/airflow/example_dags/example_xcom.py
[2022-05-23 22:08:35,342] {scheduler_job.py:633} INFO - Processing file /home/airflow/.local/lib/python3.8/site-packages/airflow/example_dags/example_xcom.py for tasks to queue
[2022-05-23 22:08:35,358] {logging_mixin.py:104} INFO - [2022-05-23 22:08:35,358] {dagbag.py:496} INFO - Filling up the DagBag from /home/airflow/.local/lib/python3.8/site-packages/airflow/example_dags/example_xcom.py
[2022-05-23 22:08:35,548] {scheduler_job.py:643} INFO - DAG(s) dict_keys(['example_xcom']) retrieved from /home/airflow/.local/lib/python3.8/site-packages/airflow/example_dags/example_xcom.py
[2022-05-23 22:08:35,662] {logging_mixin.py:104} INFO - [2022-05-23 22:08:35,662] {dag.py:1833} INFO - Sync 1 DAGs
[2022-05-23 22:08:35,716] {logging_mixin.py:104} INFO - [2022-05-23 22:08:35,715] {dag.py:2306} INFO - Setting next_dagrun for example_xcom to 2022-05-21 00:00:00+00:00
[2022-05-23 22:08:35,895] {scheduler_job.py:190} INFO - Processing /home/airflow/.local/lib/python3.8/site-packages/airflow/example_dags/example_xcom.py took 0.650 seconds
[2022-05-23 22:13:30,352] {scheduler_job.py:182} INFO - Started process (PID=147) to work on /home/airflow/.local/lib/python3.8/site-packages/airflow/example_dags/example_xcom.py
[2022-05-23 22:13:30,364] {scheduler_job.py:633} INFO - Processing file /home/airflow/.local/lib/python3.8/site-packages/airflow/example_dags/example_xcom.py for tasks to queue
[2022-05-23 22:13:30,377] {logging_mixin.py:104} INFO - [2022-05-23 22:13:30,377] {dagbag.py:496} INFO - Filling up the DagBag from /home/airflow/.local/lib/python3.8/site-packages/airflow/example_dags/example_xcom.py
[2022-05-23 22:13:30,608] {scheduler_job.py:643} INFO - DAG(s) dict_keys(['example_xcom']) retrieved from /home/airflow/.local/lib/python3.8/site-packages/airflow/example_dags/example_xcom.py
[2022-05-23 22:13:30,740] {logging_mixin.py:104} INFO - [2022-05-23 22:13:30,740] {dag.py:1833} INFO - Sync 1 DAGs
[2022-05-23 22:13:30,917] {logging_mixin.py:104} INFO - [2022-05-23 22:13:30,916] {dag.py:2306} INFO - Setting next_dagrun for example_xcom to 2022-05-21 00:00:00+00:00
[2022-05-23 22:13:31,353] {scheduler_job.py:190} INFO - Processing /home/airflow/.local/lib/python3.8/site-packages/airflow/example_dags/example_xcom.py took 1.053 seconds
[2022-05-23 22:17:09,497] {scheduler_job.py:182} INFO - Started process (PID=39) to work on /home/airflow/.local/lib/python3.8/site-packages/airflow/example_dags/example_xcom.py
[2022-05-23 22:17:09,510] {scheduler_job.py:633} INFO - Processing file /home/airflow/.local/lib/python3.8/site-packages/airflow/example_dags/example_xcom.py for tasks to queue
[2022-05-23 22:17:09,519] {logging_mixin.py:104} INFO - [2022-05-23 22:17:09,517] {dagbag.py:496} INFO - Filling up the DagBag from /home/airflow/.local/lib/python3.8/site-packages/airflow/example_dags/example_xcom.py
[2022-05-23 22:17:09,627] {scheduler_job.py:643} INFO - DAG(s) dict_keys(['example_xcom']) retrieved from /home/airflow/.local/lib/python3.8/site-packages/airflow/example_dags/example_xcom.py
[2022-05-23 22:17:09,851] {logging_mixin.py:104} INFO - [2022-05-23 22:17:09,850] {dag.py:1833} INFO - Sync 1 DAGs
[2022-05-23 22:17:09,994] {logging_mixin.py:104} INFO - [2022-05-23 22:17:09,988] {dag.py:2306} INFO - Setting next_dagrun for example_xcom to 2022-05-21 00:00:00+00:00
[2022-05-23 22:17:10,264] {scheduler_job.py:190} INFO - Processing /home/airflow/.local/lib/python3.8/site-packages/airflow/example_dags/example_xcom.py took 0.845 seconds
