[2022-05-23 20:57:45,160] {scheduler_job.py:182} INFO - Started process (PID=28) to work on /home/airflow/.local/lib/python3.8/site-packages/airflow/example_dags/example_trigger_controller_dag.py
[2022-05-23 20:57:45,166] {scheduler_job.py:633} INFO - Processing file /home/airflow/.local/lib/python3.8/site-packages/airflow/example_dags/example_trigger_controller_dag.py for tasks to queue
[2022-05-23 20:57:45,177] {logging_mixin.py:104} INFO - [2022-05-23 20:57:45,176] {dagbag.py:496} INFO - Filling up the DagBag from /home/airflow/.local/lib/python3.8/site-packages/airflow/example_dags/example_trigger_controller_dag.py
[2022-05-23 20:57:45,267] {scheduler_job.py:643} INFO - DAG(s) dict_keys(['example_trigger_controller_dag']) retrieved from /home/airflow/.local/lib/python3.8/site-packages/airflow/example_dags/example_trigger_controller_dag.py
[2022-05-23 20:57:47,507] {logging_mixin.py:104} INFO - [2022-05-23 20:57:47,506] {dag.py:1833} INFO - Sync 1 DAGs
[2022-05-23 20:57:47,618] {logging_mixin.py:104} INFO - [2022-05-23 20:57:47,618] {dag.py:2306} INFO - Setting next_dagrun for example_trigger_controller_dag to 2022-05-21 00:00:00+00:00
[2022-05-23 20:57:47,767] {scheduler_job.py:190} INFO - Processing /home/airflow/.local/lib/python3.8/site-packages/airflow/example_dags/example_trigger_controller_dag.py took 2.640 seconds
[2022-05-23 21:01:08,837] {scheduler_job.py:182} INFO - Started process (PID=50) to work on /home/airflow/.local/lib/python3.8/site-packages/airflow/example_dags/example_trigger_controller_dag.py
[2022-05-23 21:01:08,850] {scheduler_job.py:633} INFO - Processing file /home/airflow/.local/lib/python3.8/site-packages/airflow/example_dags/example_trigger_controller_dag.py for tasks to queue
[2022-05-23 21:01:08,866] {logging_mixin.py:104} INFO - [2022-05-23 21:01:08,864] {dagbag.py:496} INFO - Filling up the DagBag from /home/airflow/.local/lib/python3.8/site-packages/airflow/example_dags/example_trigger_controller_dag.py
[2022-05-23 21:01:10,548] {scheduler_job.py:643} INFO - DAG(s) dict_keys(['example_trigger_controller_dag']) retrieved from /home/airflow/.local/lib/python3.8/site-packages/airflow/example_dags/example_trigger_controller_dag.py
[2022-05-23 21:01:12,840] {logging_mixin.py:104} INFO - [2022-05-23 21:01:12,839] {dag.py:1833} INFO - Sync 1 DAGs
[2022-05-23 21:01:13,111] {logging_mixin.py:104} INFO - [2022-05-23 21:01:13,111] {dag.py:2306} INFO - Setting next_dagrun for example_trigger_controller_dag to 2022-05-21 00:00:00+00:00
[2022-05-23 21:01:13,480] {scheduler_job.py:190} INFO - Processing /home/airflow/.local/lib/python3.8/site-packages/airflow/example_dags/example_trigger_controller_dag.py took 4.661 seconds
[2022-05-23 21:05:38,236] {scheduler_job.py:182} INFO - Started process (PID=83) to work on /home/airflow/.local/lib/python3.8/site-packages/airflow/example_dags/example_trigger_controller_dag.py
[2022-05-23 21:05:38,272] {scheduler_job.py:633} INFO - Processing file /home/airflow/.local/lib/python3.8/site-packages/airflow/example_dags/example_trigger_controller_dag.py for tasks to queue
[2022-05-23 21:05:38,304] {logging_mixin.py:104} INFO - [2022-05-23 21:05:38,303] {dagbag.py:496} INFO - Filling up the DagBag from /home/airflow/.local/lib/python3.8/site-packages/airflow/example_dags/example_trigger_controller_dag.py
[2022-05-23 21:05:38,418] {scheduler_job.py:643} INFO - DAG(s) dict_keys(['example_trigger_controller_dag']) retrieved from /home/airflow/.local/lib/python3.8/site-packages/airflow/example_dags/example_trigger_controller_dag.py
[2022-05-23 21:05:38,659] {logging_mixin.py:104} INFO - [2022-05-23 21:05:38,655] {dag.py:1833} INFO - Sync 1 DAGs
[2022-05-23 21:05:38,866] {logging_mixin.py:104} INFO - [2022-05-23 21:05:38,860] {dag.py:2306} INFO - Setting next_dagrun for example_trigger_controller_dag to 2022-05-21 00:00:00+00:00
[2022-05-23 21:05:39,084] {scheduler_job.py:190} INFO - Processing /home/airflow/.local/lib/python3.8/site-packages/airflow/example_dags/example_trigger_controller_dag.py took 0.904 seconds
[2022-05-23 21:09:45,923] {scheduler_job.py:182} INFO - Started process (PID=111) to work on /home/airflow/.local/lib/python3.8/site-packages/airflow/example_dags/example_trigger_controller_dag.py
[2022-05-23 21:09:45,937] {scheduler_job.py:633} INFO - Processing file /home/airflow/.local/lib/python3.8/site-packages/airflow/example_dags/example_trigger_controller_dag.py for tasks to queue
[2022-05-23 21:09:45,943] {logging_mixin.py:104} INFO - [2022-05-23 21:09:45,941] {dagbag.py:496} INFO - Filling up the DagBag from /home/airflow/.local/lib/python3.8/site-packages/airflow/example_dags/example_trigger_controller_dag.py
[2022-05-23 21:09:46,007] {scheduler_job.py:643} INFO - DAG(s) dict_keys(['example_trigger_controller_dag']) retrieved from /home/airflow/.local/lib/python3.8/site-packages/airflow/example_dags/example_trigger_controller_dag.py
[2022-05-23 21:09:46,222] {logging_mixin.py:104} INFO - [2022-05-23 21:09:46,216] {dag.py:1833} INFO - Sync 1 DAGs
[2022-05-23 21:09:46,544] {logging_mixin.py:104} INFO - [2022-05-23 21:09:46,534] {dag.py:2306} INFO - Setting next_dagrun for example_trigger_controller_dag to 2022-05-21 00:00:00+00:00
[2022-05-23 21:09:46,775] {scheduler_job.py:190} INFO - Processing /home/airflow/.local/lib/python3.8/site-packages/airflow/example_dags/example_trigger_controller_dag.py took 0.872 seconds
[2022-05-23 21:14:00,741] {scheduler_job.py:182} INFO - Started process (PID=140) to work on /home/airflow/.local/lib/python3.8/site-packages/airflow/example_dags/example_trigger_controller_dag.py
[2022-05-23 21:14:00,745] {scheduler_job.py:633} INFO - Processing file /home/airflow/.local/lib/python3.8/site-packages/airflow/example_dags/example_trigger_controller_dag.py for tasks to queue
[2022-05-23 21:14:00,752] {logging_mixin.py:104} INFO - [2022-05-23 21:14:00,747] {dagbag.py:496} INFO - Filling up the DagBag from /home/airflow/.local/lib/python3.8/site-packages/airflow/example_dags/example_trigger_controller_dag.py
[2022-05-23 21:14:00,794] {scheduler_job.py:643} INFO - DAG(s) dict_keys(['example_trigger_controller_dag']) retrieved from /home/airflow/.local/lib/python3.8/site-packages/airflow/example_dags/example_trigger_controller_dag.py
[2022-05-23 21:14:00,868] {logging_mixin.py:104} INFO - [2022-05-23 21:14:00,868] {dag.py:1833} INFO - Sync 1 DAGs
[2022-05-23 21:14:00,912] {logging_mixin.py:104} INFO - [2022-05-23 21:14:00,912] {dag.py:2306} INFO - Setting next_dagrun for example_trigger_controller_dag to 2022-05-21 00:00:00+00:00
[2022-05-23 21:14:00,984] {scheduler_job.py:190} INFO - Processing /home/airflow/.local/lib/python3.8/site-packages/airflow/example_dags/example_trigger_controller_dag.py took 0.258 seconds
[2022-05-23 21:16:43,273] {scheduler_job.py:182} INFO - Started process (PID=163) to work on /home/airflow/.local/lib/python3.8/site-packages/airflow/example_dags/example_trigger_controller_dag.py
[2022-05-23 21:16:43,301] {scheduler_job.py:633} INFO - Processing file /home/airflow/.local/lib/python3.8/site-packages/airflow/example_dags/example_trigger_controller_dag.py for tasks to queue
[2022-05-23 21:16:43,341] {logging_mixin.py:104} INFO - [2022-05-23 21:16:43,336] {dagbag.py:496} INFO - Filling up the DagBag from /home/airflow/.local/lib/python3.8/site-packages/airflow/example_dags/example_trigger_controller_dag.py
[2022-05-23 21:16:43,465] {scheduler_job.py:643} INFO - DAG(s) dict_keys(['example_trigger_controller_dag']) retrieved from /home/airflow/.local/lib/python3.8/site-packages/airflow/example_dags/example_trigger_controller_dag.py
[2022-05-23 21:16:43,565] {logging_mixin.py:104} INFO - [2022-05-23 21:16:43,565] {dag.py:1833} INFO - Sync 1 DAGs
[2022-05-23 21:16:43,636] {logging_mixin.py:104} INFO - [2022-05-23 21:16:43,635] {dag.py:2306} INFO - Setting next_dagrun for example_trigger_controller_dag to 2022-05-21 00:00:00+00:00
[2022-05-23 21:16:43,828] {scheduler_job.py:190} INFO - Processing /home/airflow/.local/lib/python3.8/site-packages/airflow/example_dags/example_trigger_controller_dag.py took 0.585 seconds
[2022-05-23 21:20:19,251] {scheduler_job.py:182} INFO - Started process (PID=188) to work on /home/airflow/.local/lib/python3.8/site-packages/airflow/example_dags/example_trigger_controller_dag.py
[2022-05-23 21:20:19,275] {scheduler_job.py:633} INFO - Processing file /home/airflow/.local/lib/python3.8/site-packages/airflow/example_dags/example_trigger_controller_dag.py for tasks to queue
[2022-05-23 21:20:19,295] {logging_mixin.py:104} INFO - [2022-05-23 21:20:19,295] {dagbag.py:496} INFO - Filling up the DagBag from /home/airflow/.local/lib/python3.8/site-packages/airflow/example_dags/example_trigger_controller_dag.py
[2022-05-23 21:20:19,494] {scheduler_job.py:643} INFO - DAG(s) dict_keys(['example_trigger_controller_dag']) retrieved from /home/airflow/.local/lib/python3.8/site-packages/airflow/example_dags/example_trigger_controller_dag.py
[2022-05-23 21:20:21,542] {logging_mixin.py:104} INFO - [2022-05-23 21:20:21,540] {dag.py:1833} INFO - Sync 1 DAGs
[2022-05-23 21:20:21,760] {logging_mixin.py:104} INFO - [2022-05-23 21:20:21,758] {dag.py:2306} INFO - Setting next_dagrun for example_trigger_controller_dag to 2022-05-21 00:00:00+00:00
[2022-05-23 21:20:22,016] {scheduler_job.py:190} INFO - Processing /home/airflow/.local/lib/python3.8/site-packages/airflow/example_dags/example_trigger_controller_dag.py took 2.808 seconds
[2022-05-23 21:23:55,282] {scheduler_job.py:182} INFO - Started process (PID=212) to work on /home/airflow/.local/lib/python3.8/site-packages/airflow/example_dags/example_trigger_controller_dag.py
[2022-05-23 21:23:55,310] {scheduler_job.py:633} INFO - Processing file /home/airflow/.local/lib/python3.8/site-packages/airflow/example_dags/example_trigger_controller_dag.py for tasks to queue
[2022-05-23 21:23:55,340] {logging_mixin.py:104} INFO - [2022-05-23 21:23:55,337] {dagbag.py:496} INFO - Filling up the DagBag from /home/airflow/.local/lib/python3.8/site-packages/airflow/example_dags/example_trigger_controller_dag.py
[2022-05-23 21:23:55,692] {scheduler_job.py:643} INFO - DAG(s) dict_keys(['example_trigger_controller_dag']) retrieved from /home/airflow/.local/lib/python3.8/site-packages/airflow/example_dags/example_trigger_controller_dag.py
[2022-05-23 21:23:56,073] {logging_mixin.py:104} INFO - [2022-05-23 21:23:56,073] {dag.py:1833} INFO - Sync 1 DAGs
[2022-05-23 21:23:56,213] {logging_mixin.py:104} INFO - [2022-05-23 21:23:56,212] {dag.py:2306} INFO - Setting next_dagrun for example_trigger_controller_dag to 2022-05-21 00:00:00+00:00
[2022-05-23 21:23:56,353] {scheduler_job.py:190} INFO - Processing /home/airflow/.local/lib/python3.8/site-packages/airflow/example_dags/example_trigger_controller_dag.py took 1.220 seconds
[2022-05-23 21:34:40,636] {scheduler_job.py:182} INFO - Started process (PID=24) to work on /home/airflow/.local/lib/python3.8/site-packages/airflow/example_dags/example_trigger_controller_dag.py
[2022-05-23 21:34:40,652] {scheduler_job.py:633} INFO - Processing file /home/airflow/.local/lib/python3.8/site-packages/airflow/example_dags/example_trigger_controller_dag.py for tasks to queue
[2022-05-23 21:34:40,662] {logging_mixin.py:104} INFO - [2022-05-23 21:34:40,661] {dagbag.py:496} INFO - Filling up the DagBag from /home/airflow/.local/lib/python3.8/site-packages/airflow/example_dags/example_trigger_controller_dag.py
[2022-05-23 21:34:40,816] {scheduler_job.py:643} INFO - DAG(s) dict_keys(['example_trigger_controller_dag']) retrieved from /home/airflow/.local/lib/python3.8/site-packages/airflow/example_dags/example_trigger_controller_dag.py
[2022-05-23 21:34:41,185] {logging_mixin.py:104} INFO - [2022-05-23 21:34:41,185] {dag.py:1833} INFO - Sync 1 DAGs
[2022-05-23 21:34:41,283] {logging_mixin.py:104} INFO - [2022-05-23 21:34:41,282] {dag.py:2306} INFO - Setting next_dagrun for example_trigger_controller_dag to 2022-05-21 00:00:00+00:00
[2022-05-23 21:34:41,491] {scheduler_job.py:190} INFO - Processing /home/airflow/.local/lib/python3.8/site-packages/airflow/example_dags/example_trigger_controller_dag.py took 0.878 seconds
[2022-05-23 21:36:51,169] {scheduler_job.py:182} INFO - Started process (PID=57) to work on /home/airflow/.local/lib/python3.8/site-packages/airflow/example_dags/example_trigger_controller_dag.py
[2022-05-23 21:36:51,187] {scheduler_job.py:633} INFO - Processing file /home/airflow/.local/lib/python3.8/site-packages/airflow/example_dags/example_trigger_controller_dag.py for tasks to queue
[2022-05-23 21:36:51,198] {logging_mixin.py:104} INFO - [2022-05-23 21:36:51,198] {dagbag.py:496} INFO - Filling up the DagBag from /home/airflow/.local/lib/python3.8/site-packages/airflow/example_dags/example_trigger_controller_dag.py
[2022-05-23 21:36:51,308] {scheduler_job.py:643} INFO - DAG(s) dict_keys(['example_trigger_controller_dag']) retrieved from /home/airflow/.local/lib/python3.8/site-packages/airflow/example_dags/example_trigger_controller_dag.py
[2022-05-23 21:36:51,455] {logging_mixin.py:104} INFO - [2022-05-23 21:36:51,455] {dag.py:1833} INFO - Sync 1 DAGs
[2022-05-23 21:36:51,579] {logging_mixin.py:104} INFO - [2022-05-23 21:36:51,579] {dag.py:2306} INFO - Setting next_dagrun for example_trigger_controller_dag to 2022-05-21 00:00:00+00:00
[2022-05-23 21:36:51,734] {scheduler_job.py:190} INFO - Processing /home/airflow/.local/lib/python3.8/site-packages/airflow/example_dags/example_trigger_controller_dag.py took 0.570 seconds
[2022-05-23 21:38:32,725] {scheduler_job.py:182} INFO - Started process (PID=80) to work on /home/airflow/.local/lib/python3.8/site-packages/airflow/example_dags/example_trigger_controller_dag.py
[2022-05-23 21:38:32,737] {scheduler_job.py:633} INFO - Processing file /home/airflow/.local/lib/python3.8/site-packages/airflow/example_dags/example_trigger_controller_dag.py for tasks to queue
[2022-05-23 21:38:32,760] {logging_mixin.py:104} INFO - [2022-05-23 21:38:32,757] {dagbag.py:496} INFO - Filling up the DagBag from /home/airflow/.local/lib/python3.8/site-packages/airflow/example_dags/example_trigger_controller_dag.py
[2022-05-23 21:38:33,046] {scheduler_job.py:643} INFO - DAG(s) dict_keys(['example_trigger_controller_dag']) retrieved from /home/airflow/.local/lib/python3.8/site-packages/airflow/example_dags/example_trigger_controller_dag.py
[2022-05-23 21:38:33,305] {logging_mixin.py:104} INFO - [2022-05-23 21:38:33,305] {dag.py:1833} INFO - Sync 1 DAGs
[2022-05-23 21:38:33,467] {logging_mixin.py:104} INFO - [2022-05-23 21:38:33,467] {dag.py:2306} INFO - Setting next_dagrun for example_trigger_controller_dag to 2022-05-21 00:00:00+00:00
[2022-05-23 21:38:33,589] {scheduler_job.py:190} INFO - Processing /home/airflow/.local/lib/python3.8/site-packages/airflow/example_dags/example_trigger_controller_dag.py took 0.882 seconds
[2022-05-23 21:39:42,040] {scheduler_job.py:182} INFO - Started process (PID=104) to work on /home/airflow/.local/lib/python3.8/site-packages/airflow/example_dags/example_trigger_controller_dag.py
[2022-05-23 21:39:42,062] {scheduler_job.py:633} INFO - Processing file /home/airflow/.local/lib/python3.8/site-packages/airflow/example_dags/example_trigger_controller_dag.py for tasks to queue
[2022-05-23 21:39:42,069] {logging_mixin.py:104} INFO - [2022-05-23 21:39:42,069] {dagbag.py:496} INFO - Filling up the DagBag from /home/airflow/.local/lib/python3.8/site-packages/airflow/example_dags/example_trigger_controller_dag.py
[2022-05-23 21:39:42,230] {scheduler_job.py:643} INFO - DAG(s) dict_keys(['example_trigger_controller_dag']) retrieved from /home/airflow/.local/lib/python3.8/site-packages/airflow/example_dags/example_trigger_controller_dag.py
[2022-05-23 21:39:42,508] {logging_mixin.py:104} INFO - [2022-05-23 21:39:42,507] {dag.py:1833} INFO - Sync 1 DAGs
[2022-05-23 21:39:42,754] {logging_mixin.py:104} INFO - [2022-05-23 21:39:42,752] {dag.py:2306} INFO - Setting next_dagrun for example_trigger_controller_dag to 2022-05-21 00:00:00+00:00
[2022-05-23 21:39:42,900] {scheduler_job.py:190} INFO - Processing /home/airflow/.local/lib/python3.8/site-packages/airflow/example_dags/example_trigger_controller_dag.py took 0.870 seconds
[2022-05-23 21:40:56,215] {scheduler_job.py:182} INFO - Started process (PID=123) to work on /home/airflow/.local/lib/python3.8/site-packages/airflow/example_dags/example_trigger_controller_dag.py
[2022-05-23 21:40:56,223] {scheduler_job.py:633} INFO - Processing file /home/airflow/.local/lib/python3.8/site-packages/airflow/example_dags/example_trigger_controller_dag.py for tasks to queue
[2022-05-23 21:40:56,240] {logging_mixin.py:104} INFO - [2022-05-23 21:40:56,238] {dagbag.py:496} INFO - Filling up the DagBag from /home/airflow/.local/lib/python3.8/site-packages/airflow/example_dags/example_trigger_controller_dag.py
[2022-05-23 21:40:56,459] {scheduler_job.py:643} INFO - DAG(s) dict_keys(['example_trigger_controller_dag']) retrieved from /home/airflow/.local/lib/python3.8/site-packages/airflow/example_dags/example_trigger_controller_dag.py
[2022-05-23 21:40:56,546] {logging_mixin.py:104} INFO - [2022-05-23 21:40:56,546] {dag.py:1833} INFO - Sync 1 DAGs
[2022-05-23 21:40:56,663] {logging_mixin.py:104} INFO - [2022-05-23 21:40:56,663] {dag.py:2306} INFO - Setting next_dagrun for example_trigger_controller_dag to 2022-05-21 00:00:00+00:00
[2022-05-23 21:40:57,325] {scheduler_job.py:190} INFO - Processing /home/airflow/.local/lib/python3.8/site-packages/airflow/example_dags/example_trigger_controller_dag.py took 1.152 seconds
[2022-05-23 21:43:18,521] {scheduler_job.py:182} INFO - Started process (PID=147) to work on /home/airflow/.local/lib/python3.8/site-packages/airflow/example_dags/example_trigger_controller_dag.py
[2022-05-23 21:43:18,545] {scheduler_job.py:633} INFO - Processing file /home/airflow/.local/lib/python3.8/site-packages/airflow/example_dags/example_trigger_controller_dag.py for tasks to queue
[2022-05-23 21:43:18,550] {logging_mixin.py:104} INFO - [2022-05-23 21:43:18,549] {dagbag.py:496} INFO - Filling up the DagBag from /home/airflow/.local/lib/python3.8/site-packages/airflow/example_dags/example_trigger_controller_dag.py
[2022-05-23 21:43:18,771] {scheduler_job.py:643} INFO - DAG(s) dict_keys(['example_trigger_controller_dag']) retrieved from /home/airflow/.local/lib/python3.8/site-packages/airflow/example_dags/example_trigger_controller_dag.py
[2022-05-23 21:43:19,196] {logging_mixin.py:104} INFO - [2022-05-23 21:43:19,195] {dag.py:1833} INFO - Sync 1 DAGs
[2022-05-23 21:43:19,369] {logging_mixin.py:104} INFO - [2022-05-23 21:43:19,368] {dag.py:2306} INFO - Setting next_dagrun for example_trigger_controller_dag to 2022-05-21 00:00:00+00:00
[2022-05-23 21:43:19,611] {scheduler_job.py:190} INFO - Processing /home/airflow/.local/lib/python3.8/site-packages/airflow/example_dags/example_trigger_controller_dag.py took 1.094 seconds
[2022-05-23 21:45:13,488] {scheduler_job.py:182} INFO - Started process (PID=173) to work on /home/airflow/.local/lib/python3.8/site-packages/airflow/example_dags/example_trigger_controller_dag.py
[2022-05-23 21:45:13,500] {scheduler_job.py:633} INFO - Processing file /home/airflow/.local/lib/python3.8/site-packages/airflow/example_dags/example_trigger_controller_dag.py for tasks to queue
[2022-05-23 21:45:13,506] {logging_mixin.py:104} INFO - [2022-05-23 21:45:13,505] {dagbag.py:496} INFO - Filling up the DagBag from /home/airflow/.local/lib/python3.8/site-packages/airflow/example_dags/example_trigger_controller_dag.py
[2022-05-23 21:45:13,876] {scheduler_job.py:643} INFO - DAG(s) dict_keys(['example_trigger_controller_dag']) retrieved from /home/airflow/.local/lib/python3.8/site-packages/airflow/example_dags/example_trigger_controller_dag.py
[2022-05-23 21:45:14,072] {logging_mixin.py:104} INFO - [2022-05-23 21:45:14,056] {dag.py:1833} INFO - Sync 1 DAGs
[2022-05-23 21:45:14,364] {logging_mixin.py:104} INFO - [2022-05-23 21:45:14,364] {dag.py:2306} INFO - Setting next_dagrun for example_trigger_controller_dag to 2022-05-21 00:00:00+00:00
[2022-05-23 21:45:14,753] {scheduler_job.py:190} INFO - Processing /home/airflow/.local/lib/python3.8/site-packages/airflow/example_dags/example_trigger_controller_dag.py took 1.273 seconds
[2022-05-23 21:50:47,821] {scheduler_job.py:182} INFO - Started process (PID=197) to work on /home/airflow/.local/lib/python3.8/site-packages/airflow/example_dags/example_trigger_controller_dag.py
[2022-05-23 21:50:47,845] {scheduler_job.py:633} INFO - Processing file /home/airflow/.local/lib/python3.8/site-packages/airflow/example_dags/example_trigger_controller_dag.py for tasks to queue
[2022-05-23 21:50:47,853] {logging_mixin.py:104} INFO - [2022-05-23 21:50:47,853] {dagbag.py:496} INFO - Filling up the DagBag from /home/airflow/.local/lib/python3.8/site-packages/airflow/example_dags/example_trigger_controller_dag.py
[2022-05-23 21:50:48,048] {scheduler_job.py:643} INFO - DAG(s) dict_keys(['example_trigger_controller_dag']) retrieved from /home/airflow/.local/lib/python3.8/site-packages/airflow/example_dags/example_trigger_controller_dag.py
[2022-05-23 21:50:48,227] {logging_mixin.py:104} INFO - [2022-05-23 21:50:48,227] {dag.py:1833} INFO - Sync 1 DAGs
[2022-05-23 21:50:48,429] {logging_mixin.py:104} INFO - [2022-05-23 21:50:48,429] {dag.py:2306} INFO - Setting next_dagrun for example_trigger_controller_dag to 2022-05-21 00:00:00+00:00
[2022-05-23 21:50:48,592] {scheduler_job.py:190} INFO - Processing /home/airflow/.local/lib/python3.8/site-packages/airflow/example_dags/example_trigger_controller_dag.py took 0.808 seconds
[2022-05-23 21:57:36,117] {scheduler_job.py:182} INFO - Started process (PID=24) to work on /home/airflow/.local/lib/python3.8/site-packages/airflow/example_dags/example_trigger_controller_dag.py
[2022-05-23 21:57:36,146] {scheduler_job.py:633} INFO - Processing file /home/airflow/.local/lib/python3.8/site-packages/airflow/example_dags/example_trigger_controller_dag.py for tasks to queue
[2022-05-23 21:57:36,159] {logging_mixin.py:104} INFO - [2022-05-23 21:57:36,159] {dagbag.py:496} INFO - Filling up the DagBag from /home/airflow/.local/lib/python3.8/site-packages/airflow/example_dags/example_trigger_controller_dag.py
[2022-05-23 21:57:36,387] {scheduler_job.py:643} INFO - DAG(s) dict_keys(['example_trigger_controller_dag']) retrieved from /home/airflow/.local/lib/python3.8/site-packages/airflow/example_dags/example_trigger_controller_dag.py
[2022-05-23 21:57:36,689] {logging_mixin.py:104} INFO - [2022-05-23 21:57:36,687] {dag.py:1833} INFO - Sync 1 DAGs
[2022-05-23 21:57:36,836] {logging_mixin.py:104} INFO - [2022-05-23 21:57:36,825] {dag.py:2306} INFO - Setting next_dagrun for example_trigger_controller_dag to 2022-05-21 00:00:00+00:00
[2022-05-23 21:57:37,050] {scheduler_job.py:190} INFO - Processing /home/airflow/.local/lib/python3.8/site-packages/airflow/example_dags/example_trigger_controller_dag.py took 0.936 seconds
[2022-05-23 21:59:38,887] {scheduler_job.py:182} INFO - Started process (PID=57) to work on /home/airflow/.local/lib/python3.8/site-packages/airflow/example_dags/example_trigger_controller_dag.py
[2022-05-23 21:59:38,894] {scheduler_job.py:633} INFO - Processing file /home/airflow/.local/lib/python3.8/site-packages/airflow/example_dags/example_trigger_controller_dag.py for tasks to queue
[2022-05-23 21:59:38,904] {logging_mixin.py:104} INFO - [2022-05-23 21:59:38,903] {dagbag.py:496} INFO - Filling up the DagBag from /home/airflow/.local/lib/python3.8/site-packages/airflow/example_dags/example_trigger_controller_dag.py
[2022-05-23 21:59:39,094] {scheduler_job.py:643} INFO - DAG(s) dict_keys(['example_trigger_controller_dag']) retrieved from /home/airflow/.local/lib/python3.8/site-packages/airflow/example_dags/example_trigger_controller_dag.py
[2022-05-23 21:59:39,293] {logging_mixin.py:104} INFO - [2022-05-23 21:59:39,293] {dag.py:1833} INFO - Sync 1 DAGs
[2022-05-23 21:59:39,421] {logging_mixin.py:104} INFO - [2022-05-23 21:59:39,417] {dag.py:2306} INFO - Setting next_dagrun for example_trigger_controller_dag to 2022-05-21 00:00:00+00:00
[2022-05-23 21:59:39,651] {scheduler_job.py:190} INFO - Processing /home/airflow/.local/lib/python3.8/site-packages/airflow/example_dags/example_trigger_controller_dag.py took 0.797 seconds
[2022-05-23 22:01:08,146] {scheduler_job.py:182} INFO - Started process (PID=76) to work on /home/airflow/.local/lib/python3.8/site-packages/airflow/example_dags/example_trigger_controller_dag.py
[2022-05-23 22:01:08,309] {scheduler_job.py:633} INFO - Processing file /home/airflow/.local/lib/python3.8/site-packages/airflow/example_dags/example_trigger_controller_dag.py for tasks to queue
[2022-05-23 22:01:08,398] {logging_mixin.py:104} INFO - [2022-05-23 22:01:08,398] {dagbag.py:496} INFO - Filling up the DagBag from /home/airflow/.local/lib/python3.8/site-packages/airflow/example_dags/example_trigger_controller_dag.py
[2022-05-23 22:01:09,012] {scheduler_job.py:643} INFO - DAG(s) dict_keys(['example_trigger_controller_dag']) retrieved from /home/airflow/.local/lib/python3.8/site-packages/airflow/example_dags/example_trigger_controller_dag.py
[2022-05-23 22:01:09,442] {logging_mixin.py:104} INFO - [2022-05-23 22:01:09,442] {dag.py:1833} INFO - Sync 1 DAGs
[2022-05-23 22:01:09,882] {logging_mixin.py:104} INFO - [2022-05-23 22:01:09,882] {dag.py:2306} INFO - Setting next_dagrun for example_trigger_controller_dag to 2022-05-21 00:00:00+00:00
[2022-05-23 22:01:10,214] {scheduler_job.py:190} INFO - Processing /home/airflow/.local/lib/python3.8/site-packages/airflow/example_dags/example_trigger_controller_dag.py took 2.120 seconds
[2022-05-23 22:03:45,866] {scheduler_job.py:182} INFO - Started process (PID=102) to work on /home/airflow/.local/lib/python3.8/site-packages/airflow/example_dags/example_trigger_controller_dag.py
[2022-05-23 22:03:45,928] {scheduler_job.py:633} INFO - Processing file /home/airflow/.local/lib/python3.8/site-packages/airflow/example_dags/example_trigger_controller_dag.py for tasks to queue
[2022-05-23 22:03:46,021] {logging_mixin.py:104} INFO - [2022-05-23 22:03:46,021] {dagbag.py:496} INFO - Filling up the DagBag from /home/airflow/.local/lib/python3.8/site-packages/airflow/example_dags/example_trigger_controller_dag.py
[2022-05-23 22:03:46,864] {scheduler_job.py:643} INFO - DAG(s) dict_keys(['example_trigger_controller_dag']) retrieved from /home/airflow/.local/lib/python3.8/site-packages/airflow/example_dags/example_trigger_controller_dag.py
[2022-05-23 22:03:50,119] {logging_mixin.py:104} INFO - [2022-05-23 22:03:50,118] {dag.py:1833} INFO - Sync 1 DAGs
[2022-05-23 22:03:52,048] {logging_mixin.py:104} INFO - [2022-05-23 22:03:52,011] {dag.py:2306} INFO - Setting next_dagrun for example_trigger_controller_dag to 2022-05-21 00:00:00+00:00
[2022-05-23 22:03:52,636] {scheduler_job.py:190} INFO - Processing /home/airflow/.local/lib/python3.8/site-packages/airflow/example_dags/example_trigger_controller_dag.py took 7.086 seconds
[2022-05-23 22:09:34,297] {scheduler_job.py:182} INFO - Started process (PID=132) to work on /home/airflow/.local/lib/python3.8/site-packages/airflow/example_dags/example_trigger_controller_dag.py
[2022-05-23 22:09:34,325] {scheduler_job.py:633} INFO - Processing file /home/airflow/.local/lib/python3.8/site-packages/airflow/example_dags/example_trigger_controller_dag.py for tasks to queue
[2022-05-23 22:09:34,353] {logging_mixin.py:104} INFO - [2022-05-23 22:09:34,351] {dagbag.py:496} INFO - Filling up the DagBag from /home/airflow/.local/lib/python3.8/site-packages/airflow/example_dags/example_trigger_controller_dag.py
[2022-05-23 22:09:35,288] {scheduler_job.py:643} INFO - DAG(s) dict_keys(['example_trigger_controller_dag']) retrieved from /home/airflow/.local/lib/python3.8/site-packages/airflow/example_dags/example_trigger_controller_dag.py
[2022-05-23 22:09:35,685] {logging_mixin.py:104} INFO - [2022-05-23 22:09:35,684] {dag.py:1833} INFO - Sync 1 DAGs
[2022-05-23 22:09:35,799] {logging_mixin.py:104} INFO - [2022-05-23 22:09:35,799] {dag.py:2306} INFO - Setting next_dagrun for example_trigger_controller_dag to 2022-05-21 00:00:00+00:00
[2022-05-23 22:09:35,941] {scheduler_job.py:190} INFO - Processing /home/airflow/.local/lib/python3.8/site-packages/airflow/example_dags/example_trigger_controller_dag.py took 1.692 seconds
[2022-05-23 22:16:13,183] {scheduler_job.py:182} INFO - Started process (PID=24) to work on /home/airflow/.local/lib/python3.8/site-packages/airflow/example_dags/example_trigger_controller_dag.py
[2022-05-23 22:16:13,201] {scheduler_job.py:633} INFO - Processing file /home/airflow/.local/lib/python3.8/site-packages/airflow/example_dags/example_trigger_controller_dag.py for tasks to queue
[2022-05-23 22:16:13,216] {logging_mixin.py:104} INFO - [2022-05-23 22:16:13,215] {dagbag.py:496} INFO - Filling up the DagBag from /home/airflow/.local/lib/python3.8/site-packages/airflow/example_dags/example_trigger_controller_dag.py
[2022-05-23 22:16:13,292] {scheduler_job.py:643} INFO - DAG(s) dict_keys(['example_trigger_controller_dag']) retrieved from /home/airflow/.local/lib/python3.8/site-packages/airflow/example_dags/example_trigger_controller_dag.py
[2022-05-23 22:16:13,509] {logging_mixin.py:104} INFO - [2022-05-23 22:16:13,508] {dag.py:1833} INFO - Sync 1 DAGs
[2022-05-23 22:16:13,896] {logging_mixin.py:104} INFO - [2022-05-23 22:16:13,894] {dag.py:2306} INFO - Setting next_dagrun for example_trigger_controller_dag to 2022-05-21 00:00:00+00:00
[2022-05-23 22:16:14,212] {scheduler_job.py:190} INFO - Processing /home/airflow/.local/lib/python3.8/site-packages/airflow/example_dags/example_trigger_controller_dag.py took 1.039 seconds
[2022-05-23 22:18:15,577] {scheduler_job.py:182} INFO - Started process (PID=57) to work on /home/airflow/.local/lib/python3.8/site-packages/airflow/example_dags/example_trigger_controller_dag.py
[2022-05-23 22:18:15,620] {scheduler_job.py:633} INFO - Processing file /home/airflow/.local/lib/python3.8/site-packages/airflow/example_dags/example_trigger_controller_dag.py for tasks to queue
[2022-05-23 22:18:15,641] {logging_mixin.py:104} INFO - [2022-05-23 22:18:15,641] {dagbag.py:496} INFO - Filling up the DagBag from /home/airflow/.local/lib/python3.8/site-packages/airflow/example_dags/example_trigger_controller_dag.py
[2022-05-23 22:18:15,801] {scheduler_job.py:643} INFO - DAG(s) dict_keys(['example_trigger_controller_dag']) retrieved from /home/airflow/.local/lib/python3.8/site-packages/airflow/example_dags/example_trigger_controller_dag.py
[2022-05-23 22:18:15,976] {logging_mixin.py:104} INFO - [2022-05-23 22:18:15,975] {dag.py:1833} INFO - Sync 1 DAGs
[2022-05-23 22:18:16,260] {logging_mixin.py:104} INFO - [2022-05-23 22:18:16,254] {dag.py:2306} INFO - Setting next_dagrun for example_trigger_controller_dag to 2022-05-21 00:00:00+00:00
[2022-05-23 22:18:16,483] {scheduler_job.py:190} INFO - Processing /home/airflow/.local/lib/python3.8/site-packages/airflow/example_dags/example_trigger_controller_dag.py took 0.928 seconds
