[2022-05-23 21:02:22,812] {scheduler_job.py:182} INFO - Started process (PID=58) to work on /home/airflow/.local/lib/python3.8/site-packages/airflow/example_dags/example_external_task_marker_dag.py
[2022-05-23 21:02:22,828] {scheduler_job.py:633} INFO - Processing file /home/airflow/.local/lib/python3.8/site-packages/airflow/example_dags/example_external_task_marker_dag.py for tasks to queue
[2022-05-23 21:02:22,832] {logging_mixin.py:104} INFO - [2022-05-23 21:02:22,831] {dagbag.py:496} INFO - Filling up the DagBag from /home/airflow/.local/lib/python3.8/site-packages/airflow/example_dags/example_external_task_marker_dag.py
[2022-05-23 21:02:22,875] {scheduler_job.py:643} INFO - DAG(s) dict_keys(['example_external_task_marker_parent', 'example_external_task_marker_child']) retrieved from /home/airflow/.local/lib/python3.8/site-packages/airflow/example_dags/example_external_task_marker_dag.py
[2022-05-23 21:02:26,518] {logging_mixin.py:104} INFO - [2022-05-23 21:02:26,518] {dag.py:1833} INFO - Sync 2 DAGs
[2022-05-23 21:02:26,691] {logging_mixin.py:104} INFO - [2022-05-23 21:02:26,691] {dag.py:2306} INFO - Setting next_dagrun for example_external_task_marker_child to None
[2022-05-23 21:02:26,745] {logging_mixin.py:104} INFO - [2022-05-23 21:02:26,732] {dag.py:2306} INFO - Setting next_dagrun for example_external_task_marker_parent to None
[2022-05-23 21:02:26,968] {scheduler_job.py:190} INFO - Processing /home/airflow/.local/lib/python3.8/site-packages/airflow/example_dags/example_external_task_marker_dag.py took 4.160 seconds
[2022-05-23 21:06:25,170] {scheduler_job.py:182} INFO - Started process (PID=91) to work on /home/airflow/.local/lib/python3.8/site-packages/airflow/example_dags/example_external_task_marker_dag.py
[2022-05-23 21:06:25,237] {scheduler_job.py:633} INFO - Processing file /home/airflow/.local/lib/python3.8/site-packages/airflow/example_dags/example_external_task_marker_dag.py for tasks to queue
[2022-05-23 21:06:25,282] {logging_mixin.py:104} INFO - [2022-05-23 21:06:25,282] {dagbag.py:496} INFO - Filling up the DagBag from /home/airflow/.local/lib/python3.8/site-packages/airflow/example_dags/example_external_task_marker_dag.py
[2022-05-23 21:06:25,389] {scheduler_job.py:643} INFO - DAG(s) dict_keys(['example_external_task_marker_parent', 'example_external_task_marker_child']) retrieved from /home/airflow/.local/lib/python3.8/site-packages/airflow/example_dags/example_external_task_marker_dag.py
[2022-05-23 21:06:25,800] {logging_mixin.py:104} INFO - [2022-05-23 21:06:25,799] {dag.py:1833} INFO - Sync 2 DAGs
[2022-05-23 21:06:25,920] {logging_mixin.py:104} INFO - [2022-05-23 21:06:25,920] {dag.py:2306} INFO - Setting next_dagrun for example_external_task_marker_child to None
[2022-05-23 21:06:25,928] {logging_mixin.py:104} INFO - [2022-05-23 21:06:25,927] {dag.py:2306} INFO - Setting next_dagrun for example_external_task_marker_parent to None
[2022-05-23 21:06:26,125] {scheduler_job.py:190} INFO - Processing /home/airflow/.local/lib/python3.8/site-packages/airflow/example_dags/example_external_task_marker_dag.py took 0.999 seconds
[2022-05-23 21:10:27,836] {scheduler_job.py:182} INFO - Started process (PID=119) to work on /home/airflow/.local/lib/python3.8/site-packages/airflow/example_dags/example_external_task_marker_dag.py
[2022-05-23 21:10:27,865] {scheduler_job.py:633} INFO - Processing file /home/airflow/.local/lib/python3.8/site-packages/airflow/example_dags/example_external_task_marker_dag.py for tasks to queue
[2022-05-23 21:10:27,872] {logging_mixin.py:104} INFO - [2022-05-23 21:10:27,871] {dagbag.py:496} INFO - Filling up the DagBag from /home/airflow/.local/lib/python3.8/site-packages/airflow/example_dags/example_external_task_marker_dag.py
[2022-05-23 21:10:27,944] {scheduler_job.py:643} INFO - DAG(s) dict_keys(['example_external_task_marker_parent', 'example_external_task_marker_child']) retrieved from /home/airflow/.local/lib/python3.8/site-packages/airflow/example_dags/example_external_task_marker_dag.py
[2022-05-23 21:10:28,164] {logging_mixin.py:104} INFO - [2022-05-23 21:10:28,164] {dag.py:1833} INFO - Sync 2 DAGs
[2022-05-23 21:10:28,353] {logging_mixin.py:104} INFO - [2022-05-23 21:10:28,352] {dag.py:2306} INFO - Setting next_dagrun for example_external_task_marker_child to None
[2022-05-23 21:10:28,383] {logging_mixin.py:104} INFO - [2022-05-23 21:10:28,383] {dag.py:2306} INFO - Setting next_dagrun for example_external_task_marker_parent to None
[2022-05-23 21:10:28,811] {scheduler_job.py:190} INFO - Processing /home/airflow/.local/lib/python3.8/site-packages/airflow/example_dags/example_external_task_marker_dag.py took 0.996 seconds
[2022-05-23 21:14:41,760] {scheduler_job.py:182} INFO - Started process (PID=148) to work on /home/airflow/.local/lib/python3.8/site-packages/airflow/example_dags/example_external_task_marker_dag.py
[2022-05-23 21:14:41,787] {scheduler_job.py:633} INFO - Processing file /home/airflow/.local/lib/python3.8/site-packages/airflow/example_dags/example_external_task_marker_dag.py for tasks to queue
[2022-05-23 21:14:41,804] {logging_mixin.py:104} INFO - [2022-05-23 21:14:41,804] {dagbag.py:496} INFO - Filling up the DagBag from /home/airflow/.local/lib/python3.8/site-packages/airflow/example_dags/example_external_task_marker_dag.py
[2022-05-23 21:14:52,320] {scheduler_job.py:643} INFO - DAG(s) dict_keys(['example_external_task_marker_parent', 'example_external_task_marker_child']) retrieved from /home/airflow/.local/lib/python3.8/site-packages/airflow/example_dags/example_external_task_marker_dag.py
[2022-05-23 21:14:58,169] {logging_mixin.py:104} INFO - [2022-05-23 21:14:58,169] {dag.py:1833} INFO - Sync 2 DAGs
[2022-05-23 21:14:58,255] {logging_mixin.py:104} INFO - [2022-05-23 21:14:58,255] {dag.py:2306} INFO - Setting next_dagrun for example_external_task_marker_child to None
[2022-05-23 21:14:58,272] {logging_mixin.py:104} INFO - [2022-05-23 21:14:58,272] {dag.py:2306} INFO - Setting next_dagrun for example_external_task_marker_parent to None
[2022-05-23 21:14:58,396] {scheduler_job.py:190} INFO - Processing /home/airflow/.local/lib/python3.8/site-packages/airflow/example_dags/example_external_task_marker_dag.py took 16.887 seconds
[2022-05-23 21:17:21,203] {scheduler_job.py:182} INFO - Started process (PID=171) to work on /home/airflow/.local/lib/python3.8/site-packages/airflow/example_dags/example_external_task_marker_dag.py
[2022-05-23 21:17:21,241] {scheduler_job.py:633} INFO - Processing file /home/airflow/.local/lib/python3.8/site-packages/airflow/example_dags/example_external_task_marker_dag.py for tasks to queue
[2022-05-23 21:17:21,286] {logging_mixin.py:104} INFO - [2022-05-23 21:17:21,286] {dagbag.py:496} INFO - Filling up the DagBag from /home/airflow/.local/lib/python3.8/site-packages/airflow/example_dags/example_external_task_marker_dag.py
[2022-05-23 21:17:21,519] {scheduler_job.py:643} INFO - DAG(s) dict_keys(['example_external_task_marker_parent', 'example_external_task_marker_child']) retrieved from /home/airflow/.local/lib/python3.8/site-packages/airflow/example_dags/example_external_task_marker_dag.py
[2022-05-23 21:17:22,255] {logging_mixin.py:104} INFO - [2022-05-23 21:17:22,252] {dag.py:1833} INFO - Sync 2 DAGs
[2022-05-23 21:17:22,384] {logging_mixin.py:104} INFO - [2022-05-23 21:17:22,383] {dag.py:2306} INFO - Setting next_dagrun for example_external_task_marker_child to None
[2022-05-23 21:17:22,395] {logging_mixin.py:104} INFO - [2022-05-23 21:17:22,395] {dag.py:2306} INFO - Setting next_dagrun for example_external_task_marker_parent to None
[2022-05-23 21:17:22,603] {scheduler_job.py:190} INFO - Processing /home/airflow/.local/lib/python3.8/site-packages/airflow/example_dags/example_external_task_marker_dag.py took 1.525 seconds
[2022-05-23 21:20:54,002] {scheduler_job.py:182} INFO - Started process (PID=196) to work on /home/airflow/.local/lib/python3.8/site-packages/airflow/example_dags/example_external_task_marker_dag.py
[2022-05-23 21:20:54,036] {scheduler_job.py:633} INFO - Processing file /home/airflow/.local/lib/python3.8/site-packages/airflow/example_dags/example_external_task_marker_dag.py for tasks to queue
[2022-05-23 21:20:54,049] {logging_mixin.py:104} INFO - [2022-05-23 21:20:54,048] {dagbag.py:496} INFO - Filling up the DagBag from /home/airflow/.local/lib/python3.8/site-packages/airflow/example_dags/example_external_task_marker_dag.py
[2022-05-23 21:20:54,150] {scheduler_job.py:643} INFO - DAG(s) dict_keys(['example_external_task_marker_parent', 'example_external_task_marker_child']) retrieved from /home/airflow/.local/lib/python3.8/site-packages/airflow/example_dags/example_external_task_marker_dag.py
[2022-05-23 21:20:54,529] {logging_mixin.py:104} INFO - [2022-05-23 21:20:54,528] {dag.py:1833} INFO - Sync 2 DAGs
[2022-05-23 21:20:54,651] {logging_mixin.py:104} INFO - [2022-05-23 21:20:54,651] {dag.py:2306} INFO - Setting next_dagrun for example_external_task_marker_child to None
[2022-05-23 21:20:54,653] {logging_mixin.py:104} INFO - [2022-05-23 21:20:54,653] {dag.py:2306} INFO - Setting next_dagrun for example_external_task_marker_parent to None
[2022-05-23 21:20:54,763] {scheduler_job.py:190} INFO - Processing /home/airflow/.local/lib/python3.8/site-packages/airflow/example_dags/example_external_task_marker_dag.py took 0.802 seconds
[2022-05-23 21:27:40,087] {scheduler_job.py:182} INFO - Started process (PID=220) to work on /home/airflow/.local/lib/python3.8/site-packages/airflow/example_dags/example_external_task_marker_dag.py
[2022-05-23 21:27:40,124] {scheduler_job.py:633} INFO - Processing file /home/airflow/.local/lib/python3.8/site-packages/airflow/example_dags/example_external_task_marker_dag.py for tasks to queue
[2022-05-23 21:27:40,129] {logging_mixin.py:104} INFO - [2022-05-23 21:27:40,128] {dagbag.py:496} INFO - Filling up the DagBag from /home/airflow/.local/lib/python3.8/site-packages/airflow/example_dags/example_external_task_marker_dag.py
[2022-05-23 21:27:40,190] {scheduler_job.py:643} INFO - DAG(s) dict_keys(['example_external_task_marker_parent', 'example_external_task_marker_child']) retrieved from /home/airflow/.local/lib/python3.8/site-packages/airflow/example_dags/example_external_task_marker_dag.py
[2022-05-23 21:27:40,432] {logging_mixin.py:104} INFO - [2022-05-23 21:27:40,432] {dag.py:1833} INFO - Sync 2 DAGs
[2022-05-23 21:27:40,547] {logging_mixin.py:104} INFO - [2022-05-23 21:27:40,547] {dag.py:2306} INFO - Setting next_dagrun for example_external_task_marker_child to None
[2022-05-23 21:27:40,561] {logging_mixin.py:104} INFO - [2022-05-23 21:27:40,561] {dag.py:2306} INFO - Setting next_dagrun for example_external_task_marker_parent to None
[2022-05-23 21:27:40,720] {scheduler_job.py:190} INFO - Processing /home/airflow/.local/lib/python3.8/site-packages/airflow/example_dags/example_external_task_marker_dag.py took 0.674 seconds
[2022-05-23 21:35:24,299] {scheduler_job.py:182} INFO - Started process (PID=32) to work on /home/airflow/.local/lib/python3.8/site-packages/airflow/example_dags/example_external_task_marker_dag.py
[2022-05-23 21:35:24,303] {scheduler_job.py:633} INFO - Processing file /home/airflow/.local/lib/python3.8/site-packages/airflow/example_dags/example_external_task_marker_dag.py for tasks to queue
[2022-05-23 21:35:24,311] {logging_mixin.py:104} INFO - [2022-05-23 21:35:24,310] {dagbag.py:496} INFO - Filling up the DagBag from /home/airflow/.local/lib/python3.8/site-packages/airflow/example_dags/example_external_task_marker_dag.py
[2022-05-23 21:35:24,468] {scheduler_job.py:643} INFO - DAG(s) dict_keys(['example_external_task_marker_parent', 'example_external_task_marker_child']) retrieved from /home/airflow/.local/lib/python3.8/site-packages/airflow/example_dags/example_external_task_marker_dag.py
[2022-05-23 21:35:29,001] {logging_mixin.py:104} INFO - [2022-05-23 21:35:29,001] {dag.py:1833} INFO - Sync 2 DAGs
[2022-05-23 21:35:29,076] {logging_mixin.py:104} INFO - [2022-05-23 21:35:29,075] {dag.py:2306} INFO - Setting next_dagrun for example_external_task_marker_child to None
[2022-05-23 21:35:29,078] {logging_mixin.py:104} INFO - [2022-05-23 21:35:29,078] {dag.py:2306} INFO - Setting next_dagrun for example_external_task_marker_parent to None
[2022-05-23 21:35:29,367] {scheduler_job.py:190} INFO - Processing /home/airflow/.local/lib/python3.8/site-packages/airflow/example_dags/example_external_task_marker_dag.py took 5.090 seconds
[2022-05-23 21:37:18,095] {scheduler_job.py:182} INFO - Started process (PID=65) to work on /home/airflow/.local/lib/python3.8/site-packages/airflow/example_dags/example_external_task_marker_dag.py
[2022-05-23 21:37:18,140] {scheduler_job.py:633} INFO - Processing file /home/airflow/.local/lib/python3.8/site-packages/airflow/example_dags/example_external_task_marker_dag.py for tasks to queue
[2022-05-23 21:37:18,176] {logging_mixin.py:104} INFO - [2022-05-23 21:37:18,156] {dagbag.py:496} INFO - Filling up the DagBag from /home/airflow/.local/lib/python3.8/site-packages/airflow/example_dags/example_external_task_marker_dag.py
[2022-05-23 21:37:18,507] {scheduler_job.py:643} INFO - DAG(s) dict_keys(['example_external_task_marker_parent', 'example_external_task_marker_child']) retrieved from /home/airflow/.local/lib/python3.8/site-packages/airflow/example_dags/example_external_task_marker_dag.py
[2022-05-23 21:37:22,826] {logging_mixin.py:104} INFO - [2022-05-23 21:37:22,826] {dag.py:1833} INFO - Sync 2 DAGs
[2022-05-23 21:37:23,007] {logging_mixin.py:104} INFO - [2022-05-23 21:37:23,007] {dag.py:2306} INFO - Setting next_dagrun for example_external_task_marker_child to None
[2022-05-23 21:37:23,016] {logging_mixin.py:104} INFO - [2022-05-23 21:37:23,016] {dag.py:2306} INFO - Setting next_dagrun for example_external_task_marker_parent to None
[2022-05-23 21:37:23,340] {scheduler_job.py:190} INFO - Processing /home/airflow/.local/lib/python3.8/site-packages/airflow/example_dags/example_external_task_marker_dag.py took 5.343 seconds
[2022-05-23 21:39:03,027] {scheduler_job.py:182} INFO - Started process (PID=88) to work on /home/airflow/.local/lib/python3.8/site-packages/airflow/example_dags/example_external_task_marker_dag.py
[2022-05-23 21:39:03,047] {scheduler_job.py:633} INFO - Processing file /home/airflow/.local/lib/python3.8/site-packages/airflow/example_dags/example_external_task_marker_dag.py for tasks to queue
[2022-05-23 21:39:03,056] {logging_mixin.py:104} INFO - [2022-05-23 21:39:03,055] {dagbag.py:496} INFO - Filling up the DagBag from /home/airflow/.local/lib/python3.8/site-packages/airflow/example_dags/example_external_task_marker_dag.py
[2022-05-23 21:39:03,421] {scheduler_job.py:643} INFO - DAG(s) dict_keys(['example_external_task_marker_parent', 'example_external_task_marker_child']) retrieved from /home/airflow/.local/lib/python3.8/site-packages/airflow/example_dags/example_external_task_marker_dag.py
[2022-05-23 21:39:03,677] {logging_mixin.py:104} INFO - [2022-05-23 21:39:03,676] {dag.py:1833} INFO - Sync 2 DAGs
[2022-05-23 21:39:03,767] {logging_mixin.py:104} INFO - [2022-05-23 21:39:03,766] {dag.py:2306} INFO - Setting next_dagrun for example_external_task_marker_child to None
[2022-05-23 21:39:03,774] {logging_mixin.py:104} INFO - [2022-05-23 21:39:03,774] {dag.py:2306} INFO - Setting next_dagrun for example_external_task_marker_parent to None
[2022-05-23 21:39:03,991] {scheduler_job.py:190} INFO - Processing /home/airflow/.local/lib/python3.8/site-packages/airflow/example_dags/example_external_task_marker_dag.py took 1.020 seconds
[2022-05-23 21:41:57,298] {scheduler_job.py:182} INFO - Started process (PID=131) to work on /home/airflow/.local/lib/python3.8/site-packages/airflow/example_dags/example_external_task_marker_dag.py
[2022-05-23 21:41:57,347] {scheduler_job.py:633} INFO - Processing file /home/airflow/.local/lib/python3.8/site-packages/airflow/example_dags/example_external_task_marker_dag.py for tasks to queue
[2022-05-23 21:41:57,370] {logging_mixin.py:104} INFO - [2022-05-23 21:41:57,370] {dagbag.py:496} INFO - Filling up the DagBag from /home/airflow/.local/lib/python3.8/site-packages/airflow/example_dags/example_external_task_marker_dag.py
[2022-05-23 21:41:57,748] {scheduler_job.py:643} INFO - DAG(s) dict_keys(['example_external_task_marker_parent', 'example_external_task_marker_child']) retrieved from /home/airflow/.local/lib/python3.8/site-packages/airflow/example_dags/example_external_task_marker_dag.py
[2022-05-23 21:41:58,975] {logging_mixin.py:104} INFO - [2022-05-23 21:41:58,974] {dag.py:1833} INFO - Sync 2 DAGs
[2022-05-23 21:41:59,264] {logging_mixin.py:104} INFO - [2022-05-23 21:41:59,264] {dag.py:2306} INFO - Setting next_dagrun for example_external_task_marker_child to None
[2022-05-23 21:41:59,290] {logging_mixin.py:104} INFO - [2022-05-23 21:41:59,290] {dag.py:2306} INFO - Setting next_dagrun for example_external_task_marker_parent to None
[2022-05-23 21:42:00,123] {scheduler_job.py:190} INFO - Processing /home/airflow/.local/lib/python3.8/site-packages/airflow/example_dags/example_external_task_marker_dag.py took 2.970 seconds
[2022-05-23 21:43:49,711] {scheduler_job.py:182} INFO - Started process (PID=155) to work on /home/airflow/.local/lib/python3.8/site-packages/airflow/example_dags/example_external_task_marker_dag.py
[2022-05-23 21:43:49,758] {scheduler_job.py:633} INFO - Processing file /home/airflow/.local/lib/python3.8/site-packages/airflow/example_dags/example_external_task_marker_dag.py for tasks to queue
[2022-05-23 21:43:49,760] {logging_mixin.py:104} INFO - [2022-05-23 21:43:49,760] {dagbag.py:496} INFO - Filling up the DagBag from /home/airflow/.local/lib/python3.8/site-packages/airflow/example_dags/example_external_task_marker_dag.py
[2022-05-23 21:43:49,868] {scheduler_job.py:643} INFO - DAG(s) dict_keys(['example_external_task_marker_parent', 'example_external_task_marker_child']) retrieved from /home/airflow/.local/lib/python3.8/site-packages/airflow/example_dags/example_external_task_marker_dag.py
[2022-05-23 21:43:50,055] {logging_mixin.py:104} INFO - [2022-05-23 21:43:50,054] {dag.py:1833} INFO - Sync 2 DAGs
[2022-05-23 21:43:50,204] {logging_mixin.py:104} INFO - [2022-05-23 21:43:50,203] {dag.py:2306} INFO - Setting next_dagrun for example_external_task_marker_child to None
[2022-05-23 21:43:50,220] {logging_mixin.py:104} INFO - [2022-05-23 21:43:50,220] {dag.py:2306} INFO - Setting next_dagrun for example_external_task_marker_parent to None
[2022-05-23 21:43:50,668] {scheduler_job.py:190} INFO - Processing /home/airflow/.local/lib/python3.8/site-packages/airflow/example_dags/example_external_task_marker_dag.py took 0.974 seconds
[2022-05-23 21:45:51,198] {scheduler_job.py:182} INFO - Started process (PID=181) to work on /home/airflow/.local/lib/python3.8/site-packages/airflow/example_dags/example_external_task_marker_dag.py
[2022-05-23 21:45:51,265] {scheduler_job.py:633} INFO - Processing file /home/airflow/.local/lib/python3.8/site-packages/airflow/example_dags/example_external_task_marker_dag.py for tasks to queue
[2022-05-23 21:45:51,279] {logging_mixin.py:104} INFO - [2022-05-23 21:45:51,279] {dagbag.py:496} INFO - Filling up the DagBag from /home/airflow/.local/lib/python3.8/site-packages/airflow/example_dags/example_external_task_marker_dag.py
[2022-05-23 21:45:51,479] {scheduler_job.py:643} INFO - DAG(s) dict_keys(['example_external_task_marker_parent', 'example_external_task_marker_child']) retrieved from /home/airflow/.local/lib/python3.8/site-packages/airflow/example_dags/example_external_task_marker_dag.py
[2022-05-23 21:45:51,941] {logging_mixin.py:104} INFO - [2022-05-23 21:45:51,940] {dag.py:1833} INFO - Sync 2 DAGs
[2022-05-23 21:45:52,093] {logging_mixin.py:104} INFO - [2022-05-23 21:45:52,093] {dag.py:2306} INFO - Setting next_dagrun for example_external_task_marker_child to None
[2022-05-23 21:45:52,102] {logging_mixin.py:104} INFO - [2022-05-23 21:45:52,102] {dag.py:2306} INFO - Setting next_dagrun for example_external_task_marker_parent to None
[2022-05-23 21:45:52,470] {scheduler_job.py:190} INFO - Processing /home/airflow/.local/lib/python3.8/site-packages/airflow/example_dags/example_external_task_marker_dag.py took 1.348 seconds
[2022-05-23 21:52:42,281] {scheduler_job.py:182} INFO - Started process (PID=205) to work on /home/airflow/.local/lib/python3.8/site-packages/airflow/example_dags/example_external_task_marker_dag.py
[2022-05-23 21:52:42,337] {scheduler_job.py:633} INFO - Processing file /home/airflow/.local/lib/python3.8/site-packages/airflow/example_dags/example_external_task_marker_dag.py for tasks to queue
[2022-05-23 21:52:42,357] {logging_mixin.py:104} INFO - [2022-05-23 21:52:42,351] {dagbag.py:496} INFO - Filling up the DagBag from /home/airflow/.local/lib/python3.8/site-packages/airflow/example_dags/example_external_task_marker_dag.py
[2022-05-23 21:52:42,536] {scheduler_job.py:643} INFO - DAG(s) dict_keys(['example_external_task_marker_parent', 'example_external_task_marker_child']) retrieved from /home/airflow/.local/lib/python3.8/site-packages/airflow/example_dags/example_external_task_marker_dag.py
[2022-05-23 21:52:43,022] {logging_mixin.py:104} INFO - [2022-05-23 21:52:43,022] {dag.py:1833} INFO - Sync 2 DAGs
[2022-05-23 21:52:43,232] {logging_mixin.py:104} INFO - [2022-05-23 21:52:43,232] {dag.py:2306} INFO - Setting next_dagrun for example_external_task_marker_child to None
[2022-05-23 21:52:43,248] {logging_mixin.py:104} INFO - [2022-05-23 21:52:43,248] {dag.py:2306} INFO - Setting next_dagrun for example_external_task_marker_parent to None
[2022-05-23 21:52:43,490] {scheduler_job.py:190} INFO - Processing /home/airflow/.local/lib/python3.8/site-packages/airflow/example_dags/example_external_task_marker_dag.py took 1.279 seconds
[2022-05-23 21:58:08,280] {scheduler_job.py:182} INFO - Started process (PID=32) to work on /home/airflow/.local/lib/python3.8/site-packages/airflow/example_dags/example_external_task_marker_dag.py
[2022-05-23 21:58:08,328] {scheduler_job.py:633} INFO - Processing file /home/airflow/.local/lib/python3.8/site-packages/airflow/example_dags/example_external_task_marker_dag.py for tasks to queue
[2022-05-23 21:58:08,338] {logging_mixin.py:104} INFO - [2022-05-23 21:58:08,337] {dagbag.py:496} INFO - Filling up the DagBag from /home/airflow/.local/lib/python3.8/site-packages/airflow/example_dags/example_external_task_marker_dag.py
[2022-05-23 21:58:08,524] {scheduler_job.py:643} INFO - DAG(s) dict_keys(['example_external_task_marker_parent', 'example_external_task_marker_child']) retrieved from /home/airflow/.local/lib/python3.8/site-packages/airflow/example_dags/example_external_task_marker_dag.py
[2022-05-23 21:58:12,802] {logging_mixin.py:104} INFO - [2022-05-23 21:58:12,801] {dag.py:1833} INFO - Sync 2 DAGs
[2022-05-23 21:58:12,994] {logging_mixin.py:104} INFO - [2022-05-23 21:58:12,994] {dag.py:2306} INFO - Setting next_dagrun for example_external_task_marker_child to None
[2022-05-23 21:58:13,003] {logging_mixin.py:104} INFO - [2022-05-23 21:58:13,002] {dag.py:2306} INFO - Setting next_dagrun for example_external_task_marker_parent to None
[2022-05-23 21:58:13,262] {scheduler_job.py:190} INFO - Processing /home/airflow/.local/lib/python3.8/site-packages/airflow/example_dags/example_external_task_marker_dag.py took 4.998 seconds
[2022-05-23 22:00:10,054] {scheduler_job.py:182} INFO - Started process (PID=65) to work on /home/airflow/.local/lib/python3.8/site-packages/airflow/example_dags/example_external_task_marker_dag.py
[2022-05-23 22:00:10,113] {scheduler_job.py:633} INFO - Processing file /home/airflow/.local/lib/python3.8/site-packages/airflow/example_dags/example_external_task_marker_dag.py for tasks to queue
[2022-05-23 22:00:10,122] {logging_mixin.py:104} INFO - [2022-05-23 22:00:10,122] {dagbag.py:496} INFO - Filling up the DagBag from /home/airflow/.local/lib/python3.8/site-packages/airflow/example_dags/example_external_task_marker_dag.py
[2022-05-23 22:00:10,316] {scheduler_job.py:643} INFO - DAG(s) dict_keys(['example_external_task_marker_parent', 'example_external_task_marker_child']) retrieved from /home/airflow/.local/lib/python3.8/site-packages/airflow/example_dags/example_external_task_marker_dag.py
[2022-05-23 22:00:10,562] {logging_mixin.py:104} INFO - [2022-05-23 22:00:10,562] {dag.py:1833} INFO - Sync 2 DAGs
[2022-05-23 22:00:11,172] {logging_mixin.py:104} INFO - [2022-05-23 22:00:11,169] {dag.py:2306} INFO - Setting next_dagrun for example_external_task_marker_child to None
[2022-05-23 22:00:11,190] {logging_mixin.py:104} INFO - [2022-05-23 22:00:11,190] {dag.py:2306} INFO - Setting next_dagrun for example_external_task_marker_parent to None
[2022-05-23 22:00:11,607] {scheduler_job.py:190} INFO - Processing /home/airflow/.local/lib/python3.8/site-packages/airflow/example_dags/example_external_task_marker_dag.py took 1.595 seconds
[2022-05-23 22:01:49,075] {scheduler_job.py:182} INFO - Started process (PID=84) to work on /home/airflow/.local/lib/python3.8/site-packages/airflow/example_dags/example_external_task_marker_dag.py
[2022-05-23 22:01:49,093] {scheduler_job.py:633} INFO - Processing file /home/airflow/.local/lib/python3.8/site-packages/airflow/example_dags/example_external_task_marker_dag.py for tasks to queue
[2022-05-23 22:01:49,111] {logging_mixin.py:104} INFO - [2022-05-23 22:01:49,111] {dagbag.py:496} INFO - Filling up the DagBag from /home/airflow/.local/lib/python3.8/site-packages/airflow/example_dags/example_external_task_marker_dag.py
[2022-05-23 22:01:49,493] {scheduler_job.py:643} INFO - DAG(s) dict_keys(['example_external_task_marker_parent', 'example_external_task_marker_child']) retrieved from /home/airflow/.local/lib/python3.8/site-packages/airflow/example_dags/example_external_task_marker_dag.py
[2022-05-23 22:01:50,003] {logging_mixin.py:104} INFO - [2022-05-23 22:01:50,003] {dag.py:1833} INFO - Sync 2 DAGs
[2022-05-23 22:01:50,339] {logging_mixin.py:104} INFO - [2022-05-23 22:01:50,339] {dag.py:2306} INFO - Setting next_dagrun for example_external_task_marker_child to None
[2022-05-23 22:01:50,392] {logging_mixin.py:104} INFO - [2022-05-23 22:01:50,391] {dag.py:2306} INFO - Setting next_dagrun for example_external_task_marker_parent to None
[2022-05-23 22:01:50,634] {scheduler_job.py:190} INFO - Processing /home/airflow/.local/lib/python3.8/site-packages/airflow/example_dags/example_external_task_marker_dag.py took 1.563 seconds
[2022-05-23 22:06:19,161] {scheduler_job.py:182} INFO - Started process (PID=110) to work on /home/airflow/.local/lib/python3.8/site-packages/airflow/example_dags/example_external_task_marker_dag.py
[2022-05-23 22:06:19,177] {scheduler_job.py:633} INFO - Processing file /home/airflow/.local/lib/python3.8/site-packages/airflow/example_dags/example_external_task_marker_dag.py for tasks to queue
[2022-05-23 22:06:19,182] {logging_mixin.py:104} INFO - [2022-05-23 22:06:19,181] {dagbag.py:496} INFO - Filling up the DagBag from /home/airflow/.local/lib/python3.8/site-packages/airflow/example_dags/example_external_task_marker_dag.py
[2022-05-23 22:06:19,341] {scheduler_job.py:643} INFO - DAG(s) dict_keys(['example_external_task_marker_parent', 'example_external_task_marker_child']) retrieved from /home/airflow/.local/lib/python3.8/site-packages/airflow/example_dags/example_external_task_marker_dag.py
[2022-05-23 22:06:23,061] {logging_mixin.py:104} INFO - [2022-05-23 22:06:23,060] {dag.py:1833} INFO - Sync 2 DAGs
[2022-05-23 22:06:23,207] {logging_mixin.py:104} INFO - [2022-05-23 22:06:23,204] {dag.py:2306} INFO - Setting next_dagrun for example_external_task_marker_child to None
[2022-05-23 22:06:23,225] {logging_mixin.py:104} INFO - [2022-05-23 22:06:23,225] {dag.py:2306} INFO - Setting next_dagrun for example_external_task_marker_parent to None
[2022-05-23 22:06:23,458] {scheduler_job.py:190} INFO - Processing /home/airflow/.local/lib/python3.8/site-packages/airflow/example_dags/example_external_task_marker_dag.py took 4.334 seconds
[2022-05-23 22:11:49,937] {scheduler_job.py:182} INFO - Started process (PID=140) to work on /home/airflow/.local/lib/python3.8/site-packages/airflow/example_dags/example_external_task_marker_dag.py
[2022-05-23 22:11:49,963] {scheduler_job.py:633} INFO - Processing file /home/airflow/.local/lib/python3.8/site-packages/airflow/example_dags/example_external_task_marker_dag.py for tasks to queue
[2022-05-23 22:11:50,005] {logging_mixin.py:104} INFO - [2022-05-23 22:11:50,001] {dagbag.py:496} INFO - Filling up the DagBag from /home/airflow/.local/lib/python3.8/site-packages/airflow/example_dags/example_external_task_marker_dag.py
[2022-05-23 22:11:51,511] {scheduler_job.py:643} INFO - DAG(s) dict_keys(['example_external_task_marker_parent', 'example_external_task_marker_child']) retrieved from /home/airflow/.local/lib/python3.8/site-packages/airflow/example_dags/example_external_task_marker_dag.py
[2022-05-23 22:11:56,197] {logging_mixin.py:104} INFO - [2022-05-23 22:11:56,197] {dag.py:1833} INFO - Sync 2 DAGs
[2022-05-23 22:11:56,293] {logging_mixin.py:104} INFO - [2022-05-23 22:11:56,293] {dag.py:2306} INFO - Setting next_dagrun for example_external_task_marker_child to None
[2022-05-23 22:11:56,303] {logging_mixin.py:104} INFO - [2022-05-23 22:11:56,302] {dag.py:2306} INFO - Setting next_dagrun for example_external_task_marker_parent to None
[2022-05-23 22:12:03,914] {scheduler_job.py:190} INFO - Processing /home/airflow/.local/lib/python3.8/site-packages/airflow/example_dags/example_external_task_marker_dag.py took 14.395 seconds
[2022-05-23 22:16:40,747] {scheduler_job.py:182} INFO - Started process (PID=32) to work on /home/airflow/.local/lib/python3.8/site-packages/airflow/example_dags/example_external_task_marker_dag.py
[2022-05-23 22:16:40,795] {scheduler_job.py:633} INFO - Processing file /home/airflow/.local/lib/python3.8/site-packages/airflow/example_dags/example_external_task_marker_dag.py for tasks to queue
[2022-05-23 22:16:40,808] {logging_mixin.py:104} INFO - [2022-05-23 22:16:40,808] {dagbag.py:496} INFO - Filling up the DagBag from /home/airflow/.local/lib/python3.8/site-packages/airflow/example_dags/example_external_task_marker_dag.py
[2022-05-23 22:16:41,061] {scheduler_job.py:643} INFO - DAG(s) dict_keys(['example_external_task_marker_parent', 'example_external_task_marker_child']) retrieved from /home/airflow/.local/lib/python3.8/site-packages/airflow/example_dags/example_external_task_marker_dag.py
[2022-05-23 22:16:46,575] {logging_mixin.py:104} INFO - [2022-05-23 22:16:46,571] {dag.py:1833} INFO - Sync 2 DAGs
[2022-05-23 22:16:46,907] {logging_mixin.py:104} INFO - [2022-05-23 22:16:46,906] {dag.py:2306} INFO - Setting next_dagrun for example_external_task_marker_child to None
[2022-05-23 22:16:46,910] {logging_mixin.py:104} INFO - [2022-05-23 22:16:46,910] {dag.py:2306} INFO - Setting next_dagrun for example_external_task_marker_parent to None
[2022-05-23 22:16:47,145] {scheduler_job.py:190} INFO - Processing /home/airflow/.local/lib/python3.8/site-packages/airflow/example_dags/example_external_task_marker_dag.py took 6.415 seconds
[2022-05-23 22:18:58,016] {scheduler_job.py:182} INFO - Started process (PID=65) to work on /home/airflow/.local/lib/python3.8/site-packages/airflow/example_dags/example_external_task_marker_dag.py
[2022-05-23 22:18:58,031] {scheduler_job.py:633} INFO - Processing file /home/airflow/.local/lib/python3.8/site-packages/airflow/example_dags/example_external_task_marker_dag.py for tasks to queue
[2022-05-23 22:18:58,048] {logging_mixin.py:104} INFO - [2022-05-23 22:18:58,044] {dagbag.py:496} INFO - Filling up the DagBag from /home/airflow/.local/lib/python3.8/site-packages/airflow/example_dags/example_external_task_marker_dag.py
[2022-05-23 22:18:58,286] {scheduler_job.py:643} INFO - DAG(s) dict_keys(['example_external_task_marker_parent', 'example_external_task_marker_child']) retrieved from /home/airflow/.local/lib/python3.8/site-packages/airflow/example_dags/example_external_task_marker_dag.py
[2022-05-23 22:18:58,501] {logging_mixin.py:104} INFO - [2022-05-23 22:18:58,495] {dag.py:1833} INFO - Sync 2 DAGs
[2022-05-23 22:18:58,800] {logging_mixin.py:104} INFO - [2022-05-23 22:18:58,800] {dag.py:2306} INFO - Setting next_dagrun for example_external_task_marker_child to None
[2022-05-23 22:18:58,828] {logging_mixin.py:104} INFO - [2022-05-23 22:18:58,821] {dag.py:2306} INFO - Setting next_dagrun for example_external_task_marker_parent to None
[2022-05-23 22:18:58,987] {scheduler_job.py:190} INFO - Processing /home/airflow/.local/lib/python3.8/site-packages/airflow/example_dags/example_external_task_marker_dag.py took 1.007 seconds
