[2022-05-23 21:04:46,963] {scheduler_job.py:182} INFO - Started process (PID=75) to work on /home/airflow/.local/lib/python3.8/site-packages/airflow/example_dags/example_branch_datetime_operator.py
[2022-05-23 21:04:46,971] {scheduler_job.py:633} INFO - Processing file /home/airflow/.local/lib/python3.8/site-packages/airflow/example_dags/example_branch_datetime_operator.py for tasks to queue
[2022-05-23 21:04:46,980] {logging_mixin.py:104} INFO - [2022-05-23 21:04:46,980] {dagbag.py:496} INFO - Filling up the DagBag from /home/airflow/.local/lib/python3.8/site-packages/airflow/example_dags/example_branch_datetime_operator.py
[2022-05-23 21:04:47,157] {scheduler_job.py:643} INFO - DAG(s) dict_keys(['example_branch_datetime_operator_2']) retrieved from /home/airflow/.local/lib/python3.8/site-packages/airflow/example_dags/example_branch_datetime_operator.py
[2022-05-23 21:04:50,777] {logging_mixin.py:104} INFO - [2022-05-23 21:04:50,773] {dag.py:1833} INFO - Sync 1 DAGs
[2022-05-23 21:04:50,910] {logging_mixin.py:104} INFO - [2022-05-23 21:04:50,909] {dag.py:2306} INFO - Setting next_dagrun for example_branch_datetime_operator_2 to 2022-05-21 00:00:00+00:00
[2022-05-23 21:04:51,160] {scheduler_job.py:190} INFO - Processing /home/airflow/.local/lib/python3.8/site-packages/airflow/example_dags/example_branch_datetime_operator.py took 4.218 seconds
[2022-05-23 21:09:32,588] {scheduler_job.py:182} INFO - Started process (PID=108) to work on /home/airflow/.local/lib/python3.8/site-packages/airflow/example_dags/example_branch_datetime_operator.py
[2022-05-23 21:09:32,640] {scheduler_job.py:633} INFO - Processing file /home/airflow/.local/lib/python3.8/site-packages/airflow/example_dags/example_branch_datetime_operator.py for tasks to queue
[2022-05-23 21:09:32,649] {logging_mixin.py:104} INFO - [2022-05-23 21:09:32,649] {dagbag.py:496} INFO - Filling up the DagBag from /home/airflow/.local/lib/python3.8/site-packages/airflow/example_dags/example_branch_datetime_operator.py
[2022-05-23 21:09:32,792] {scheduler_job.py:643} INFO - DAG(s) dict_keys(['example_branch_datetime_operator_2']) retrieved from /home/airflow/.local/lib/python3.8/site-packages/airflow/example_dags/example_branch_datetime_operator.py
[2022-05-23 21:09:32,855] {logging_mixin.py:104} INFO - [2022-05-23 21:09:32,855] {dag.py:1833} INFO - Sync 1 DAGs
[2022-05-23 21:09:32,906] {logging_mixin.py:104} INFO - [2022-05-23 21:09:32,905] {dag.py:2306} INFO - Setting next_dagrun for example_branch_datetime_operator_2 to 2022-05-21 00:00:00+00:00
[2022-05-23 21:09:33,151] {scheduler_job.py:190} INFO - Processing /home/airflow/.local/lib/python3.8/site-packages/airflow/example_dags/example_branch_datetime_operator.py took 0.568 seconds
[2022-05-23 21:16:32,755] {scheduler_job.py:182} INFO - Started process (PID=160) to work on /home/airflow/.local/lib/python3.8/site-packages/airflow/example_dags/example_branch_datetime_operator.py
[2022-05-23 21:16:32,761] {scheduler_job.py:633} INFO - Processing file /home/airflow/.local/lib/python3.8/site-packages/airflow/example_dags/example_branch_datetime_operator.py for tasks to queue
[2022-05-23 21:16:32,763] {logging_mixin.py:104} INFO - [2022-05-23 21:16:32,763] {dagbag.py:496} INFO - Filling up the DagBag from /home/airflow/.local/lib/python3.8/site-packages/airflow/example_dags/example_branch_datetime_operator.py
[2022-05-23 21:16:32,861] {scheduler_job.py:643} INFO - DAG(s) dict_keys(['example_branch_datetime_operator_2']) retrieved from /home/airflow/.local/lib/python3.8/site-packages/airflow/example_dags/example_branch_datetime_operator.py
[2022-05-23 21:16:32,944] {logging_mixin.py:104} INFO - [2022-05-23 21:16:32,944] {dag.py:1833} INFO - Sync 1 DAGs
[2022-05-23 21:16:33,102] {logging_mixin.py:104} INFO - [2022-05-23 21:16:33,102] {dag.py:2306} INFO - Setting next_dagrun for example_branch_datetime_operator_2 to 2022-05-21 00:00:00+00:00
[2022-05-23 21:16:33,257] {scheduler_job.py:190} INFO - Processing /home/airflow/.local/lib/python3.8/site-packages/airflow/example_dags/example_branch_datetime_operator.py took 0.533 seconds
[2022-05-23 21:21:50,678] {scheduler_job.py:182} INFO - Started process (PID=209) to work on /home/airflow/.local/lib/python3.8/site-packages/airflow/example_dags/example_branch_datetime_operator.py
[2022-05-23 21:21:50,723] {scheduler_job.py:633} INFO - Processing file /home/airflow/.local/lib/python3.8/site-packages/airflow/example_dags/example_branch_datetime_operator.py for tasks to queue
[2022-05-23 21:21:50,738] {logging_mixin.py:104} INFO - [2022-05-23 21:21:50,733] {dagbag.py:496} INFO - Filling up the DagBag from /home/airflow/.local/lib/python3.8/site-packages/airflow/example_dags/example_branch_datetime_operator.py
[2022-05-23 21:21:50,894] {scheduler_job.py:643} INFO - DAG(s) dict_keys(['example_branch_datetime_operator_2']) retrieved from /home/airflow/.local/lib/python3.8/site-packages/airflow/example_dags/example_branch_datetime_operator.py
[2022-05-23 21:21:51,127] {logging_mixin.py:104} INFO - [2022-05-23 21:21:51,126] {dag.py:1833} INFO - Sync 1 DAGs
[2022-05-23 21:21:51,420] {logging_mixin.py:104} INFO - [2022-05-23 21:21:51,420] {dag.py:2306} INFO - Setting next_dagrun for example_branch_datetime_operator_2 to 2022-05-21 00:00:00+00:00
[2022-05-23 21:21:51,568] {scheduler_job.py:190} INFO - Processing /home/airflow/.local/lib/python3.8/site-packages/airflow/example_dags/example_branch_datetime_operator.py took 0.933 seconds
[2022-05-23 21:36:24,084] {scheduler_job.py:182} INFO - Started process (PID=49) to work on /home/airflow/.local/lib/python3.8/site-packages/airflow/example_dags/example_branch_datetime_operator.py
[2022-05-23 21:36:24,105] {scheduler_job.py:633} INFO - Processing file /home/airflow/.local/lib/python3.8/site-packages/airflow/example_dags/example_branch_datetime_operator.py for tasks to queue
[2022-05-23 21:36:24,111] {logging_mixin.py:104} INFO - [2022-05-23 21:36:24,111] {dagbag.py:496} INFO - Filling up the DagBag from /home/airflow/.local/lib/python3.8/site-packages/airflow/example_dags/example_branch_datetime_operator.py
[2022-05-23 21:36:24,207] {scheduler_job.py:643} INFO - DAG(s) dict_keys(['example_branch_datetime_operator_2']) retrieved from /home/airflow/.local/lib/python3.8/site-packages/airflow/example_dags/example_branch_datetime_operator.py
[2022-05-23 21:36:24,421] {logging_mixin.py:104} INFO - [2022-05-23 21:36:24,421] {dag.py:1833} INFO - Sync 1 DAGs
[2022-05-23 21:36:24,900] {logging_mixin.py:104} INFO - [2022-05-23 21:36:24,900] {dag.py:2306} INFO - Setting next_dagrun for example_branch_datetime_operator_2 to 2022-05-21 00:00:00+00:00
[2022-05-23 21:36:25,168] {scheduler_job.py:190} INFO - Processing /home/airflow/.local/lib/python3.8/site-packages/airflow/example_dags/example_branch_datetime_operator.py took 1.123 seconds
[2022-05-23 21:39:20,884] {scheduler_job.py:182} INFO - Started process (PID=96) to work on /home/airflow/.local/lib/python3.8/site-packages/airflow/example_dags/example_branch_datetime_operator.py
[2022-05-23 21:39:20,898] {scheduler_job.py:633} INFO - Processing file /home/airflow/.local/lib/python3.8/site-packages/airflow/example_dags/example_branch_datetime_operator.py for tasks to queue
[2022-05-23 21:39:20,948] {logging_mixin.py:104} INFO - [2022-05-23 21:39:20,948] {dagbag.py:496} INFO - Filling up the DagBag from /home/airflow/.local/lib/python3.8/site-packages/airflow/example_dags/example_branch_datetime_operator.py
[2022-05-23 21:39:21,632] {scheduler_job.py:643} INFO - DAG(s) dict_keys(['example_branch_datetime_operator_2']) retrieved from /home/airflow/.local/lib/python3.8/site-packages/airflow/example_dags/example_branch_datetime_operator.py
[2022-05-23 21:39:21,985] {logging_mixin.py:104} INFO - [2022-05-23 21:39:21,978] {dag.py:1833} INFO - Sync 1 DAGs
[2022-05-23 21:39:22,300] {logging_mixin.py:104} INFO - [2022-05-23 21:39:22,300] {dag.py:2306} INFO - Setting next_dagrun for example_branch_datetime_operator_2 to 2022-05-21 00:00:00+00:00
[2022-05-23 21:39:23,214] {scheduler_job.py:190} INFO - Processing /home/airflow/.local/lib/python3.8/site-packages/airflow/example_dags/example_branch_datetime_operator.py took 2.408 seconds
[2022-05-23 21:42:36,838] {scheduler_job.py:182} INFO - Started process (PID=139) to work on /home/airflow/.local/lib/python3.8/site-packages/airflow/example_dags/example_branch_datetime_operator.py
[2022-05-23 21:42:36,844] {scheduler_job.py:633} INFO - Processing file /home/airflow/.local/lib/python3.8/site-packages/airflow/example_dags/example_branch_datetime_operator.py for tasks to queue
[2022-05-23 21:42:36,849] {logging_mixin.py:104} INFO - [2022-05-23 21:42:36,848] {dagbag.py:496} INFO - Filling up the DagBag from /home/airflow/.local/lib/python3.8/site-packages/airflow/example_dags/example_branch_datetime_operator.py
[2022-05-23 21:42:36,917] {scheduler_job.py:643} INFO - DAG(s) dict_keys(['example_branch_datetime_operator_2']) retrieved from /home/airflow/.local/lib/python3.8/site-packages/airflow/example_dags/example_branch_datetime_operator.py
[2022-05-23 21:42:37,039] {logging_mixin.py:104} INFO - [2022-05-23 21:42:37,039] {dag.py:1833} INFO - Sync 1 DAGs
[2022-05-23 21:42:37,172] {logging_mixin.py:104} INFO - [2022-05-23 21:42:37,172] {dag.py:2306} INFO - Setting next_dagrun for example_branch_datetime_operator_2 to 2022-05-21 00:00:00+00:00
[2022-05-23 21:42:38,030] {scheduler_job.py:190} INFO - Processing /home/airflow/.local/lib/python3.8/site-packages/airflow/example_dags/example_branch_datetime_operator.py took 1.234 seconds
[2022-05-23 21:46:40,270] {scheduler_job.py:182} INFO - Started process (PID=189) to work on /home/airflow/.local/lib/python3.8/site-packages/airflow/example_dags/example_branch_datetime_operator.py
[2022-05-23 21:46:40,291] {scheduler_job.py:633} INFO - Processing file /home/airflow/.local/lib/python3.8/site-packages/airflow/example_dags/example_branch_datetime_operator.py for tasks to queue
[2022-05-23 21:46:40,296] {logging_mixin.py:104} INFO - [2022-05-23 21:46:40,296] {dagbag.py:496} INFO - Filling up the DagBag from /home/airflow/.local/lib/python3.8/site-packages/airflow/example_dags/example_branch_datetime_operator.py
[2022-05-23 21:46:40,975] {scheduler_job.py:643} INFO - DAG(s) dict_keys(['example_branch_datetime_operator_2']) retrieved from /home/airflow/.local/lib/python3.8/site-packages/airflow/example_dags/example_branch_datetime_operator.py
[2022-05-23 21:46:41,321] {logging_mixin.py:104} INFO - [2022-05-23 21:46:41,321] {dag.py:1833} INFO - Sync 1 DAGs
[2022-05-23 21:46:41,713] {logging_mixin.py:104} INFO - [2022-05-23 21:46:41,704] {dag.py:2306} INFO - Setting next_dagrun for example_branch_datetime_operator_2 to 2022-05-21 00:00:00+00:00
[2022-05-23 21:46:42,169] {scheduler_job.py:190} INFO - Processing /home/airflow/.local/lib/python3.8/site-packages/airflow/example_dags/example_branch_datetime_operator.py took 1.942 seconds
[2022-05-23 21:59:20,249] {scheduler_job.py:182} INFO - Started process (PID=49) to work on /home/airflow/.local/lib/python3.8/site-packages/airflow/example_dags/example_branch_datetime_operator.py
[2022-05-23 21:59:20,265] {scheduler_job.py:633} INFO - Processing file /home/airflow/.local/lib/python3.8/site-packages/airflow/example_dags/example_branch_datetime_operator.py for tasks to queue
[2022-05-23 21:59:20,269] {logging_mixin.py:104} INFO - [2022-05-23 21:59:20,269] {dagbag.py:496} INFO - Filling up the DagBag from /home/airflow/.local/lib/python3.8/site-packages/airflow/example_dags/example_branch_datetime_operator.py
[2022-05-23 21:59:20,345] {scheduler_job.py:643} INFO - DAG(s) dict_keys(['example_branch_datetime_operator_2']) retrieved from /home/airflow/.local/lib/python3.8/site-packages/airflow/example_dags/example_branch_datetime_operator.py
[2022-05-23 21:59:20,457] {logging_mixin.py:104} INFO - [2022-05-23 21:59:20,456] {dag.py:1833} INFO - Sync 1 DAGs
[2022-05-23 21:59:20,588] {logging_mixin.py:104} INFO - [2022-05-23 21:59:20,588] {dag.py:2306} INFO - Setting next_dagrun for example_branch_datetime_operator_2 to 2022-05-21 00:00:00+00:00
[2022-05-23 21:59:20,758] {scheduler_job.py:190} INFO - Processing /home/airflow/.local/lib/python3.8/site-packages/airflow/example_dags/example_branch_datetime_operator.py took 0.525 seconds
[2022-05-23 22:02:25,429] {scheduler_job.py:182} INFO - Started process (PID=94) to work on /home/airflow/.local/lib/python3.8/site-packages/airflow/example_dags/example_branch_datetime_operator.py
[2022-05-23 22:02:25,459] {scheduler_job.py:633} INFO - Processing file /home/airflow/.local/lib/python3.8/site-packages/airflow/example_dags/example_branch_datetime_operator.py for tasks to queue
[2022-05-23 22:02:25,466] {logging_mixin.py:104} INFO - [2022-05-23 22:02:25,466] {dagbag.py:496} INFO - Filling up the DagBag from /home/airflow/.local/lib/python3.8/site-packages/airflow/example_dags/example_branch_datetime_operator.py
[2022-05-23 22:02:26,223] {scheduler_job.py:643} INFO - DAG(s) dict_keys(['example_branch_datetime_operator_2']) retrieved from /home/airflow/.local/lib/python3.8/site-packages/airflow/example_dags/example_branch_datetime_operator.py
[2022-05-23 22:02:26,363] {logging_mixin.py:104} INFO - [2022-05-23 22:02:26,363] {dag.py:1833} INFO - Sync 1 DAGs
[2022-05-23 22:02:26,651] {logging_mixin.py:104} INFO - [2022-05-23 22:02:26,651] {dag.py:2306} INFO - Setting next_dagrun for example_branch_datetime_operator_2 to 2022-05-21 00:00:00+00:00
[2022-05-23 22:02:27,534] {scheduler_job.py:190} INFO - Processing /home/airflow/.local/lib/python3.8/site-packages/airflow/example_dags/example_branch_datetime_operator.py took 2.162 seconds
[2022-05-23 22:09:06,140] {scheduler_job.py:182} INFO - Started process (PID=127) to work on /home/airflow/.local/lib/python3.8/site-packages/airflow/example_dags/example_branch_datetime_operator.py
[2022-05-23 22:09:06,175] {scheduler_job.py:633} INFO - Processing file /home/airflow/.local/lib/python3.8/site-packages/airflow/example_dags/example_branch_datetime_operator.py for tasks to queue
[2022-05-23 22:09:06,213] {logging_mixin.py:104} INFO - [2022-05-23 22:09:06,196] {dagbag.py:496} INFO - Filling up the DagBag from /home/airflow/.local/lib/python3.8/site-packages/airflow/example_dags/example_branch_datetime_operator.py
[2022-05-23 22:09:06,637] {scheduler_job.py:643} INFO - DAG(s) dict_keys(['example_branch_datetime_operator_2']) retrieved from /home/airflow/.local/lib/python3.8/site-packages/airflow/example_dags/example_branch_datetime_operator.py
[2022-05-23 22:09:06,896] {logging_mixin.py:104} INFO - [2022-05-23 22:09:06,884] {dag.py:1833} INFO - Sync 1 DAGs
[2022-05-23 22:09:07,130] {logging_mixin.py:104} INFO - [2022-05-23 22:09:07,130] {dag.py:2306} INFO - Setting next_dagrun for example_branch_datetime_operator_2 to 2022-05-21 00:00:00+00:00
[2022-05-23 22:09:07,440] {scheduler_job.py:190} INFO - Processing /home/airflow/.local/lib/python3.8/site-packages/airflow/example_dags/example_branch_datetime_operator.py took 1.322 seconds
[2022-05-23 22:17:44,275] {scheduler_job.py:182} INFO - Started process (PID=49) to work on /home/airflow/.local/lib/python3.8/site-packages/airflow/example_dags/example_branch_datetime_operator.py
[2022-05-23 22:17:44,293] {scheduler_job.py:633} INFO - Processing file /home/airflow/.local/lib/python3.8/site-packages/airflow/example_dags/example_branch_datetime_operator.py for tasks to queue
[2022-05-23 22:17:44,310] {logging_mixin.py:104} INFO - [2022-05-23 22:17:44,310] {dagbag.py:496} INFO - Filling up the DagBag from /home/airflow/.local/lib/python3.8/site-packages/airflow/example_dags/example_branch_datetime_operator.py
[2022-05-23 22:17:44,500] {scheduler_job.py:643} INFO - DAG(s) dict_keys(['example_branch_datetime_operator_2']) retrieved from /home/airflow/.local/lib/python3.8/site-packages/airflow/example_dags/example_branch_datetime_operator.py
[2022-05-23 22:17:44,603] {logging_mixin.py:104} INFO - [2022-05-23 22:17:44,603] {dag.py:1833} INFO - Sync 1 DAGs
[2022-05-23 22:17:44,961] {logging_mixin.py:104} INFO - [2022-05-23 22:17:44,961] {dag.py:2306} INFO - Setting next_dagrun for example_branch_datetime_operator_2 to 2022-05-21 00:00:00+00:00
[2022-05-23 22:17:45,106] {scheduler_job.py:190} INFO - Processing /home/airflow/.local/lib/python3.8/site-packages/airflow/example_dags/example_branch_datetime_operator.py took 0.855 seconds
