[2022-05-23 21:02:43,101] {scheduler_job.py:182} INFO - Started process (PID=61) to work on /home/airflow/.local/lib/python3.8/site-packages/airflow/example_dags/example_subdag_operator.py
[2022-05-23 21:02:43,149] {scheduler_job.py:633} INFO - Processing file /home/airflow/.local/lib/python3.8/site-packages/airflow/example_dags/example_subdag_operator.py for tasks to queue
[2022-05-23 21:02:43,224] {logging_mixin.py:104} INFO - [2022-05-23 21:02:43,223] {dagbag.py:496} INFO - Filling up the DagBag from /home/airflow/.local/lib/python3.8/site-packages/airflow/example_dags/example_subdag_operator.py
[2022-05-23 21:02:43,528] {scheduler_job.py:643} INFO - DAG(s) dict_keys(['example_subdag_operator.section-1', 'example_subdag_operator.section-2', 'example_subdag_operator']) retrieved from /home/airflow/.local/lib/python3.8/site-packages/airflow/example_dags/example_subdag_operator.py
[2022-05-23 21:02:47,606] {logging_mixin.py:104} INFO - [2022-05-23 21:02:47,605] {dag.py:1833} INFO - Sync 3 DAGs
[2022-05-23 21:02:47,683] {logging_mixin.py:104} INFO - [2022-05-23 21:02:47,683] {dag.py:2306} INFO - Setting next_dagrun for example_subdag_operator to 2022-05-21 00:00:00+00:00
[2022-05-23 21:02:47,686] {logging_mixin.py:104} INFO - [2022-05-23 21:02:47,686] {dag.py:2306} INFO - Setting next_dagrun for example_subdag_operator.section-1 to None
[2022-05-23 21:02:47,690] {logging_mixin.py:104} INFO - [2022-05-23 21:02:47,690] {dag.py:2306} INFO - Setting next_dagrun for example_subdag_operator.section-2 to None
[2022-05-23 21:02:47,939] {logging_mixin.py:104} INFO - [2022-05-23 21:02:47,938] {dag.py:1833} INFO - Sync 2 DAGs
[2022-05-23 21:02:48,095] {logging_mixin.py:104} INFO - [2022-05-23 21:02:48,095] {dag.py:2306} INFO - Setting next_dagrun for example_subdag_operator.section-1 to None
[2022-05-23 21:02:48,097] {logging_mixin.py:104} INFO - [2022-05-23 21:02:48,097] {dag.py:2306} INFO - Setting next_dagrun for example_subdag_operator.section-2 to None
[2022-05-23 21:02:48,197] {scheduler_job.py:190} INFO - Processing /home/airflow/.local/lib/python3.8/site-packages/airflow/example_dags/example_subdag_operator.py took 5.101 seconds
[2022-05-23 21:06:35,585] {scheduler_job.py:182} INFO - Started process (PID=94) to work on /home/airflow/.local/lib/python3.8/site-packages/airflow/example_dags/example_subdag_operator.py
[2022-05-23 21:06:35,664] {scheduler_job.py:633} INFO - Processing file /home/airflow/.local/lib/python3.8/site-packages/airflow/example_dags/example_subdag_operator.py for tasks to queue
[2022-05-23 21:06:35,708] {logging_mixin.py:104} INFO - [2022-05-23 21:06:35,708] {dagbag.py:496} INFO - Filling up the DagBag from /home/airflow/.local/lib/python3.8/site-packages/airflow/example_dags/example_subdag_operator.py
[2022-05-23 21:06:36,614] {scheduler_job.py:643} INFO - DAG(s) dict_keys(['example_subdag_operator.section-1', 'example_subdag_operator.section-2', 'example_subdag_operator']) retrieved from /home/airflow/.local/lib/python3.8/site-packages/airflow/example_dags/example_subdag_operator.py
[2022-05-23 21:06:36,769] {logging_mixin.py:104} INFO - [2022-05-23 21:06:36,768] {dag.py:1833} INFO - Sync 3 DAGs
[2022-05-23 21:06:36,823] {logging_mixin.py:104} INFO - [2022-05-23 21:06:36,822] {dag.py:2306} INFO - Setting next_dagrun for example_subdag_operator to 2022-05-21 00:00:00+00:00
[2022-05-23 21:06:36,826] {logging_mixin.py:104} INFO - [2022-05-23 21:06:36,826] {dag.py:2306} INFO - Setting next_dagrun for example_subdag_operator.section-1 to None
[2022-05-23 21:06:36,828] {logging_mixin.py:104} INFO - [2022-05-23 21:06:36,828] {dag.py:2306} INFO - Setting next_dagrun for example_subdag_operator.section-2 to None
[2022-05-23 21:06:36,910] {logging_mixin.py:104} INFO - [2022-05-23 21:06:36,910] {dag.py:1833} INFO - Sync 2 DAGs
[2022-05-23 21:06:36,961] {logging_mixin.py:104} INFO - [2022-05-23 21:06:36,961] {dag.py:2306} INFO - Setting next_dagrun for example_subdag_operator.section-1 to None
[2022-05-23 21:06:36,969] {logging_mixin.py:104} INFO - [2022-05-23 21:06:36,968] {dag.py:2306} INFO - Setting next_dagrun for example_subdag_operator.section-2 to None
[2022-05-23 21:06:37,313] {scheduler_job.py:190} INFO - Processing /home/airflow/.local/lib/python3.8/site-packages/airflow/example_dags/example_subdag_operator.py took 1.773 seconds
[2022-05-23 21:10:34,245] {scheduler_job.py:182} INFO - Started process (PID=122) to work on /home/airflow/.local/lib/python3.8/site-packages/airflow/example_dags/example_subdag_operator.py
[2022-05-23 21:10:34,297] {scheduler_job.py:633} INFO - Processing file /home/airflow/.local/lib/python3.8/site-packages/airflow/example_dags/example_subdag_operator.py for tasks to queue
[2022-05-23 21:10:34,335] {logging_mixin.py:104} INFO - [2022-05-23 21:10:34,332] {dagbag.py:496} INFO - Filling up the DagBag from /home/airflow/.local/lib/python3.8/site-packages/airflow/example_dags/example_subdag_operator.py
[2022-05-23 21:10:34,604] {scheduler_job.py:643} INFO - DAG(s) dict_keys(['example_subdag_operator.section-1', 'example_subdag_operator.section-2', 'example_subdag_operator']) retrieved from /home/airflow/.local/lib/python3.8/site-packages/airflow/example_dags/example_subdag_operator.py
[2022-05-23 21:10:34,743] {logging_mixin.py:104} INFO - [2022-05-23 21:10:34,742] {dag.py:1833} INFO - Sync 3 DAGs
[2022-05-23 21:10:34,932] {logging_mixin.py:104} INFO - [2022-05-23 21:10:34,931] {dag.py:2306} INFO - Setting next_dagrun for example_subdag_operator to 2022-05-21 00:00:00+00:00
[2022-05-23 21:10:34,954] {logging_mixin.py:104} INFO - [2022-05-23 21:10:34,953] {dag.py:2306} INFO - Setting next_dagrun for example_subdag_operator.section-1 to None
[2022-05-23 21:10:34,961] {logging_mixin.py:104} INFO - [2022-05-23 21:10:34,959] {dag.py:2306} INFO - Setting next_dagrun for example_subdag_operator.section-2 to None
[2022-05-23 21:10:35,085] {logging_mixin.py:104} INFO - [2022-05-23 21:10:35,084] {dag.py:1833} INFO - Sync 2 DAGs
[2022-05-23 21:10:35,132] {logging_mixin.py:104} INFO - [2022-05-23 21:10:35,132] {dag.py:2306} INFO - Setting next_dagrun for example_subdag_operator.section-1 to None
[2022-05-23 21:10:35,134] {logging_mixin.py:104} INFO - [2022-05-23 21:10:35,134] {dag.py:2306} INFO - Setting next_dagrun for example_subdag_operator.section-2 to None
[2022-05-23 21:10:35,455] {scheduler_job.py:190} INFO - Processing /home/airflow/.local/lib/python3.8/site-packages/airflow/example_dags/example_subdag_operator.py took 1.225 seconds
[2022-05-23 21:15:06,071] {scheduler_job.py:182} INFO - Started process (PID=151) to work on /home/airflow/.local/lib/python3.8/site-packages/airflow/example_dags/example_subdag_operator.py
[2022-05-23 21:15:06,092] {scheduler_job.py:633} INFO - Processing file /home/airflow/.local/lib/python3.8/site-packages/airflow/example_dags/example_subdag_operator.py for tasks to queue
[2022-05-23 21:15:06,099] {logging_mixin.py:104} INFO - [2022-05-23 21:15:06,099] {dagbag.py:496} INFO - Filling up the DagBag from /home/airflow/.local/lib/python3.8/site-packages/airflow/example_dags/example_subdag_operator.py
[2022-05-23 21:15:06,398] {scheduler_job.py:643} INFO - DAG(s) dict_keys(['example_subdag_operator.section-1', 'example_subdag_operator.section-2', 'example_subdag_operator']) retrieved from /home/airflow/.local/lib/python3.8/site-packages/airflow/example_dags/example_subdag_operator.py
[2022-05-23 21:15:06,593] {logging_mixin.py:104} INFO - [2022-05-23 21:15:06,593] {dag.py:1833} INFO - Sync 3 DAGs
[2022-05-23 21:15:06,732] {logging_mixin.py:104} INFO - [2022-05-23 21:15:06,732] {dag.py:2306} INFO - Setting next_dagrun for example_subdag_operator to 2022-05-21 00:00:00+00:00
[2022-05-23 21:15:06,758] {logging_mixin.py:104} INFO - [2022-05-23 21:15:06,758] {dag.py:2306} INFO - Setting next_dagrun for example_subdag_operator.section-1 to None
[2022-05-23 21:15:06,767] {logging_mixin.py:104} INFO - [2022-05-23 21:15:06,765] {dag.py:2306} INFO - Setting next_dagrun for example_subdag_operator.section-2 to None
[2022-05-23 21:15:06,872] {logging_mixin.py:104} INFO - [2022-05-23 21:15:06,871] {dag.py:1833} INFO - Sync 2 DAGs
[2022-05-23 21:15:06,969] {logging_mixin.py:104} INFO - [2022-05-23 21:15:06,968] {dag.py:2306} INFO - Setting next_dagrun for example_subdag_operator.section-1 to None
[2022-05-23 21:15:06,975] {logging_mixin.py:104} INFO - [2022-05-23 21:15:06,974] {dag.py:2306} INFO - Setting next_dagrun for example_subdag_operator.section-2 to None
[2022-05-23 21:15:07,111] {scheduler_job.py:190} INFO - Processing /home/airflow/.local/lib/python3.8/site-packages/airflow/example_dags/example_subdag_operator.py took 1.082 seconds
[2022-05-23 21:17:40,839] {scheduler_job.py:182} INFO - Started process (PID=174) to work on /home/airflow/.local/lib/python3.8/site-packages/airflow/example_dags/example_subdag_operator.py
[2022-05-23 21:17:40,851] {scheduler_job.py:633} INFO - Processing file /home/airflow/.local/lib/python3.8/site-packages/airflow/example_dags/example_subdag_operator.py for tasks to queue
[2022-05-23 21:17:40,871] {logging_mixin.py:104} INFO - [2022-05-23 21:17:40,871] {dagbag.py:496} INFO - Filling up the DagBag from /home/airflow/.local/lib/python3.8/site-packages/airflow/example_dags/example_subdag_operator.py
[2022-05-23 21:17:41,852] {scheduler_job.py:643} INFO - DAG(s) dict_keys(['example_subdag_operator.section-1', 'example_subdag_operator.section-2', 'example_subdag_operator']) retrieved from /home/airflow/.local/lib/python3.8/site-packages/airflow/example_dags/example_subdag_operator.py
[2022-05-23 21:17:42,016] {logging_mixin.py:104} INFO - [2022-05-23 21:17:42,016] {dag.py:1833} INFO - Sync 3 DAGs
[2022-05-23 21:17:42,351] {logging_mixin.py:104} INFO - [2022-05-23 21:17:42,351] {dag.py:2306} INFO - Setting next_dagrun for example_subdag_operator to 2022-05-21 00:00:00+00:00
[2022-05-23 21:17:42,406] {logging_mixin.py:104} INFO - [2022-05-23 21:17:42,405] {dag.py:2306} INFO - Setting next_dagrun for example_subdag_operator.section-1 to None
[2022-05-23 21:17:42,416] {logging_mixin.py:104} INFO - [2022-05-23 21:17:42,412] {dag.py:2306} INFO - Setting next_dagrun for example_subdag_operator.section-2 to None
[2022-05-23 21:17:42,730] {logging_mixin.py:104} INFO - [2022-05-23 21:17:42,726] {dag.py:1833} INFO - Sync 2 DAGs
[2022-05-23 21:17:43,248] {logging_mixin.py:104} INFO - [2022-05-23 21:17:43,248] {dag.py:2306} INFO - Setting next_dagrun for example_subdag_operator.section-1 to None
[2022-05-23 21:17:43,261] {logging_mixin.py:104} INFO - [2022-05-23 21:17:43,261] {dag.py:2306} INFO - Setting next_dagrun for example_subdag_operator.section-2 to None
[2022-05-23 21:17:43,561] {scheduler_job.py:190} INFO - Processing /home/airflow/.local/lib/python3.8/site-packages/airflow/example_dags/example_subdag_operator.py took 2.790 seconds
[2022-05-23 21:21:02,794] {scheduler_job.py:182} INFO - Started process (PID=199) to work on /home/airflow/.local/lib/python3.8/site-packages/airflow/example_dags/example_subdag_operator.py
[2022-05-23 21:21:02,807] {scheduler_job.py:633} INFO - Processing file /home/airflow/.local/lib/python3.8/site-packages/airflow/example_dags/example_subdag_operator.py for tasks to queue
[2022-05-23 21:21:02,821] {logging_mixin.py:104} INFO - [2022-05-23 21:21:02,820] {dagbag.py:496} INFO - Filling up the DagBag from /home/airflow/.local/lib/python3.8/site-packages/airflow/example_dags/example_subdag_operator.py
[2022-05-23 21:21:02,916] {scheduler_job.py:643} INFO - DAG(s) dict_keys(['example_subdag_operator.section-1', 'example_subdag_operator.section-2', 'example_subdag_operator']) retrieved from /home/airflow/.local/lib/python3.8/site-packages/airflow/example_dags/example_subdag_operator.py
[2022-05-23 21:21:03,032] {logging_mixin.py:104} INFO - [2022-05-23 21:21:03,032] {dag.py:1833} INFO - Sync 3 DAGs
[2022-05-23 21:21:03,165] {logging_mixin.py:104} INFO - [2022-05-23 21:21:03,163] {dag.py:2306} INFO - Setting next_dagrun for example_subdag_operator to 2022-05-21 00:00:00+00:00
[2022-05-23 21:21:03,223] {logging_mixin.py:104} INFO - [2022-05-23 21:21:03,181] {dag.py:2306} INFO - Setting next_dagrun for example_subdag_operator.section-1 to None
[2022-05-23 21:21:03,245] {logging_mixin.py:104} INFO - [2022-05-23 21:21:03,245] {dag.py:2306} INFO - Setting next_dagrun for example_subdag_operator.section-2 to None
[2022-05-23 21:21:03,374] {logging_mixin.py:104} INFO - [2022-05-23 21:21:03,373] {dag.py:1833} INFO - Sync 2 DAGs
[2022-05-23 21:21:03,442] {logging_mixin.py:104} INFO - [2022-05-23 21:21:03,442] {dag.py:2306} INFO - Setting next_dagrun for example_subdag_operator.section-1 to None
[2022-05-23 21:21:03,444] {logging_mixin.py:104} INFO - [2022-05-23 21:21:03,444] {dag.py:2306} INFO - Setting next_dagrun for example_subdag_operator.section-2 to None
[2022-05-23 21:21:03,539] {scheduler_job.py:190} INFO - Processing /home/airflow/.local/lib/python3.8/site-packages/airflow/example_dags/example_subdag_operator.py took 0.829 seconds
[2022-05-23 21:27:47,330] {scheduler_job.py:182} INFO - Started process (PID=223) to work on /home/airflow/.local/lib/python3.8/site-packages/airflow/example_dags/example_subdag_operator.py
[2022-05-23 21:27:47,595] {scheduler_job.py:633} INFO - Processing file /home/airflow/.local/lib/python3.8/site-packages/airflow/example_dags/example_subdag_operator.py for tasks to queue
[2022-05-23 21:27:47,621] {logging_mixin.py:104} INFO - [2022-05-23 21:27:47,621] {dagbag.py:496} INFO - Filling up the DagBag from /home/airflow/.local/lib/python3.8/site-packages/airflow/example_dags/example_subdag_operator.py
[2022-05-23 21:27:49,677] {scheduler_job.py:643} INFO - DAG(s) dict_keys(['example_subdag_operator.section-1', 'example_subdag_operator.section-2', 'example_subdag_operator']) retrieved from /home/airflow/.local/lib/python3.8/site-packages/airflow/example_dags/example_subdag_operator.py
[2022-05-23 21:27:50,234] {logging_mixin.py:104} INFO - [2022-05-23 21:27:50,231] {dag.py:1833} INFO - Sync 3 DAGs
[2022-05-23 21:27:50,684] {logging_mixin.py:104} INFO - [2022-05-23 21:27:50,684] {dag.py:2306} INFO - Setting next_dagrun for example_subdag_operator to 2022-05-21 00:00:00+00:00
[2022-05-23 21:27:50,740] {logging_mixin.py:104} INFO - [2022-05-23 21:27:50,740] {dag.py:2306} INFO - Setting next_dagrun for example_subdag_operator.section-1 to None
[2022-05-23 21:27:50,799] {logging_mixin.py:104} INFO - [2022-05-23 21:27:50,798] {dag.py:2306} INFO - Setting next_dagrun for example_subdag_operator.section-2 to None
[2022-05-23 21:27:51,021] {logging_mixin.py:104} INFO - [2022-05-23 21:27:51,020] {dag.py:1833} INFO - Sync 2 DAGs
[2022-05-23 21:27:51,444] {logging_mixin.py:104} INFO - [2022-05-23 21:27:51,441] {dag.py:2306} INFO - Setting next_dagrun for example_subdag_operator.section-1 to None
[2022-05-23 21:27:51,453] {logging_mixin.py:104} INFO - [2022-05-23 21:27:51,452] {dag.py:2306} INFO - Setting next_dagrun for example_subdag_operator.section-2 to None
[2022-05-23 21:27:52,011] {scheduler_job.py:190} INFO - Processing /home/airflow/.local/lib/python3.8/site-packages/airflow/example_dags/example_subdag_operator.py took 4.859 seconds
[2022-05-23 21:35:37,600] {scheduler_job.py:182} INFO - Started process (PID=35) to work on /home/airflow/.local/lib/python3.8/site-packages/airflow/example_dags/example_subdag_operator.py
[2022-05-23 21:35:37,612] {scheduler_job.py:633} INFO - Processing file /home/airflow/.local/lib/python3.8/site-packages/airflow/example_dags/example_subdag_operator.py for tasks to queue
[2022-05-23 21:35:37,615] {logging_mixin.py:104} INFO - [2022-05-23 21:35:37,615] {dagbag.py:496} INFO - Filling up the DagBag from /home/airflow/.local/lib/python3.8/site-packages/airflow/example_dags/example_subdag_operator.py
[2022-05-23 21:35:37,882] {scheduler_job.py:643} INFO - DAG(s) dict_keys(['example_subdag_operator.section-1', 'example_subdag_operator.section-2', 'example_subdag_operator']) retrieved from /home/airflow/.local/lib/python3.8/site-packages/airflow/example_dags/example_subdag_operator.py
[2022-05-23 21:35:38,005] {logging_mixin.py:104} INFO - [2022-05-23 21:35:38,005] {dag.py:1833} INFO - Sync 3 DAGs
[2022-05-23 21:35:38,176] {logging_mixin.py:104} INFO - [2022-05-23 21:35:38,175] {dag.py:2306} INFO - Setting next_dagrun for example_subdag_operator to 2022-05-21 00:00:00+00:00
[2022-05-23 21:35:38,178] {logging_mixin.py:104} INFO - [2022-05-23 21:35:38,178] {dag.py:2306} INFO - Setting next_dagrun for example_subdag_operator.section-1 to None
[2022-05-23 21:35:38,187] {logging_mixin.py:104} INFO - [2022-05-23 21:35:38,186] {dag.py:2306} INFO - Setting next_dagrun for example_subdag_operator.section-2 to None
[2022-05-23 21:35:38,344] {logging_mixin.py:104} INFO - [2022-05-23 21:35:38,341] {dag.py:1833} INFO - Sync 2 DAGs
[2022-05-23 21:35:38,468] {logging_mixin.py:104} INFO - [2022-05-23 21:35:38,467] {dag.py:2306} INFO - Setting next_dagrun for example_subdag_operator.section-1 to None
[2022-05-23 21:35:38,469] {logging_mixin.py:104} INFO - [2022-05-23 21:35:38,469] {dag.py:2306} INFO - Setting next_dagrun for example_subdag_operator.section-2 to None
[2022-05-23 21:35:38,586] {scheduler_job.py:190} INFO - Processing /home/airflow/.local/lib/python3.8/site-packages/airflow/example_dags/example_subdag_operator.py took 1.061 seconds
[2022-05-23 21:37:34,755] {scheduler_job.py:182} INFO - Started process (PID=68) to work on /home/airflow/.local/lib/python3.8/site-packages/airflow/example_dags/example_subdag_operator.py
[2022-05-23 21:37:34,795] {scheduler_job.py:633} INFO - Processing file /home/airflow/.local/lib/python3.8/site-packages/airflow/example_dags/example_subdag_operator.py for tasks to queue
[2022-05-23 21:37:34,840] {logging_mixin.py:104} INFO - [2022-05-23 21:37:34,839] {dagbag.py:496} INFO - Filling up the DagBag from /home/airflow/.local/lib/python3.8/site-packages/airflow/example_dags/example_subdag_operator.py
[2022-05-23 21:37:36,843] {scheduler_job.py:643} INFO - DAG(s) dict_keys(['example_subdag_operator.section-1', 'example_subdag_operator.section-2', 'example_subdag_operator']) retrieved from /home/airflow/.local/lib/python3.8/site-packages/airflow/example_dags/example_subdag_operator.py
[2022-05-23 21:37:37,465] {logging_mixin.py:104} INFO - [2022-05-23 21:37:37,465] {dag.py:1833} INFO - Sync 3 DAGs
[2022-05-23 21:37:37,725] {logging_mixin.py:104} INFO - [2022-05-23 21:37:37,725] {dag.py:2306} INFO - Setting next_dagrun for example_subdag_operator to 2022-05-21 00:00:00+00:00
[2022-05-23 21:37:37,731] {logging_mixin.py:104} INFO - [2022-05-23 21:37:37,731] {dag.py:2306} INFO - Setting next_dagrun for example_subdag_operator.section-1 to None
[2022-05-23 21:37:37,745] {logging_mixin.py:104} INFO - [2022-05-23 21:37:37,745] {dag.py:2306} INFO - Setting next_dagrun for example_subdag_operator.section-2 to None
[2022-05-23 21:37:38,366] {logging_mixin.py:104} INFO - [2022-05-23 21:37:38,366] {dag.py:1833} INFO - Sync 2 DAGs
[2022-05-23 21:37:39,166] {logging_mixin.py:104} INFO - [2022-05-23 21:37:39,165] {dag.py:2306} INFO - Setting next_dagrun for example_subdag_operator.section-1 to None
[2022-05-23 21:37:39,171] {logging_mixin.py:104} INFO - [2022-05-23 21:37:39,170] {dag.py:2306} INFO - Setting next_dagrun for example_subdag_operator.section-2 to None
[2022-05-23 21:37:39,794] {scheduler_job.py:190} INFO - Processing /home/airflow/.local/lib/python3.8/site-packages/airflow/example_dags/example_subdag_operator.py took 5.165 seconds
[2022-05-23 21:39:09,874] {scheduler_job.py:182} INFO - Started process (PID=91) to work on /home/airflow/.local/lib/python3.8/site-packages/airflow/example_dags/example_subdag_operator.py
[2022-05-23 21:39:09,891] {scheduler_job.py:633} INFO - Processing file /home/airflow/.local/lib/python3.8/site-packages/airflow/example_dags/example_subdag_operator.py for tasks to queue
[2022-05-23 21:39:09,924] {logging_mixin.py:104} INFO - [2022-05-23 21:39:09,924] {dagbag.py:496} INFO - Filling up the DagBag from /home/airflow/.local/lib/python3.8/site-packages/airflow/example_dags/example_subdag_operator.py
[2022-05-23 21:39:10,330] {scheduler_job.py:643} INFO - DAG(s) dict_keys(['example_subdag_operator.section-1', 'example_subdag_operator.section-2', 'example_subdag_operator']) retrieved from /home/airflow/.local/lib/python3.8/site-packages/airflow/example_dags/example_subdag_operator.py
[2022-05-23 21:39:10,467] {logging_mixin.py:104} INFO - [2022-05-23 21:39:10,462] {dag.py:1833} INFO - Sync 3 DAGs
[2022-05-23 21:39:10,646] {logging_mixin.py:104} INFO - [2022-05-23 21:39:10,646] {dag.py:2306} INFO - Setting next_dagrun for example_subdag_operator to 2022-05-21 00:00:00+00:00
[2022-05-23 21:39:10,667] {logging_mixin.py:104} INFO - [2022-05-23 21:39:10,667] {dag.py:2306} INFO - Setting next_dagrun for example_subdag_operator.section-1 to None
[2022-05-23 21:39:10,675] {logging_mixin.py:104} INFO - [2022-05-23 21:39:10,673] {dag.py:2306} INFO - Setting next_dagrun for example_subdag_operator.section-2 to None
[2022-05-23 21:39:10,765] {logging_mixin.py:104} INFO - [2022-05-23 21:39:10,762] {dag.py:1833} INFO - Sync 2 DAGs
[2022-05-23 21:39:10,899] {logging_mixin.py:104} INFO - [2022-05-23 21:39:10,896] {dag.py:2306} INFO - Setting next_dagrun for example_subdag_operator.section-1 to None
[2022-05-23 21:39:10,909] {logging_mixin.py:104} INFO - [2022-05-23 21:39:10,907] {dag.py:2306} INFO - Setting next_dagrun for example_subdag_operator.section-2 to None
[2022-05-23 21:39:11,096] {scheduler_job.py:190} INFO - Processing /home/airflow/.local/lib/python3.8/site-packages/airflow/example_dags/example_subdag_operator.py took 1.246 seconds
[2022-05-23 21:42:20,042] {scheduler_job.py:182} INFO - Started process (PID=134) to work on /home/airflow/.local/lib/python3.8/site-packages/airflow/example_dags/example_subdag_operator.py
[2022-05-23 21:42:20,114] {scheduler_job.py:633} INFO - Processing file /home/airflow/.local/lib/python3.8/site-packages/airflow/example_dags/example_subdag_operator.py for tasks to queue
[2022-05-23 21:42:20,183] {logging_mixin.py:104} INFO - [2022-05-23 21:42:20,169] {dagbag.py:496} INFO - Filling up the DagBag from /home/airflow/.local/lib/python3.8/site-packages/airflow/example_dags/example_subdag_operator.py
[2022-05-23 21:42:21,030] {scheduler_job.py:643} INFO - DAG(s) dict_keys(['example_subdag_operator.section-1', 'example_subdag_operator.section-2', 'example_subdag_operator']) retrieved from /home/airflow/.local/lib/python3.8/site-packages/airflow/example_dags/example_subdag_operator.py
[2022-05-23 21:42:21,358] {logging_mixin.py:104} INFO - [2022-05-23 21:42:21,358] {dag.py:1833} INFO - Sync 3 DAGs
[2022-05-23 21:42:23,272] {logging_mixin.py:104} INFO - [2022-05-23 21:42:23,272] {dag.py:2306} INFO - Setting next_dagrun for example_subdag_operator to 2022-05-21 00:00:00+00:00
[2022-05-23 21:42:23,293] {logging_mixin.py:104} INFO - [2022-05-23 21:42:23,293] {dag.py:2306} INFO - Setting next_dagrun for example_subdag_operator.section-1 to None
[2022-05-23 21:42:23,303] {logging_mixin.py:104} INFO - [2022-05-23 21:42:23,302] {dag.py:2306} INFO - Setting next_dagrun for example_subdag_operator.section-2 to None
[2022-05-23 21:42:23,420] {logging_mixin.py:104} INFO - [2022-05-23 21:42:23,419] {dag.py:1833} INFO - Sync 2 DAGs
[2022-05-23 21:42:23,629] {logging_mixin.py:104} INFO - [2022-05-23 21:42:23,628] {dag.py:2306} INFO - Setting next_dagrun for example_subdag_operator.section-1 to None
[2022-05-23 21:42:23,632] {logging_mixin.py:104} INFO - [2022-05-23 21:42:23,632] {dag.py:2306} INFO - Setting next_dagrun for example_subdag_operator.section-2 to None
[2022-05-23 21:42:23,888] {scheduler_job.py:190} INFO - Processing /home/airflow/.local/lib/python3.8/site-packages/airflow/example_dags/example_subdag_operator.py took 4.053 seconds
[2022-05-23 21:43:56,518] {scheduler_job.py:182} INFO - Started process (PID=158) to work on /home/airflow/.local/lib/python3.8/site-packages/airflow/example_dags/example_subdag_operator.py
[2022-05-23 21:43:56,557] {scheduler_job.py:633} INFO - Processing file /home/airflow/.local/lib/python3.8/site-packages/airflow/example_dags/example_subdag_operator.py for tasks to queue
[2022-05-23 21:43:56,613] {logging_mixin.py:104} INFO - [2022-05-23 21:43:56,575] {dagbag.py:496} INFO - Filling up the DagBag from /home/airflow/.local/lib/python3.8/site-packages/airflow/example_dags/example_subdag_operator.py
[2022-05-23 21:43:57,098] {scheduler_job.py:643} INFO - DAG(s) dict_keys(['example_subdag_operator.section-1', 'example_subdag_operator.section-2', 'example_subdag_operator']) retrieved from /home/airflow/.local/lib/python3.8/site-packages/airflow/example_dags/example_subdag_operator.py
[2022-05-23 21:43:57,311] {logging_mixin.py:104} INFO - [2022-05-23 21:43:57,311] {dag.py:1833} INFO - Sync 3 DAGs
[2022-05-23 21:43:57,472] {logging_mixin.py:104} INFO - [2022-05-23 21:43:57,469] {dag.py:2306} INFO - Setting next_dagrun for example_subdag_operator to 2022-05-21 00:00:00+00:00
[2022-05-23 21:43:57,500] {logging_mixin.py:104} INFO - [2022-05-23 21:43:57,499] {dag.py:2306} INFO - Setting next_dagrun for example_subdag_operator.section-1 to None
[2022-05-23 21:43:57,510] {logging_mixin.py:104} INFO - [2022-05-23 21:43:57,510] {dag.py:2306} INFO - Setting next_dagrun for example_subdag_operator.section-2 to None
[2022-05-23 21:43:57,647] {logging_mixin.py:104} INFO - [2022-05-23 21:43:57,647] {dag.py:1833} INFO - Sync 2 DAGs
[2022-05-23 21:43:57,779] {logging_mixin.py:104} INFO - [2022-05-23 21:43:57,779] {dag.py:2306} INFO - Setting next_dagrun for example_subdag_operator.section-1 to None
[2022-05-23 21:43:57,783] {logging_mixin.py:104} INFO - [2022-05-23 21:43:57,783] {dag.py:2306} INFO - Setting next_dagrun for example_subdag_operator.section-2 to None
[2022-05-23 21:43:58,006] {scheduler_job.py:190} INFO - Processing /home/airflow/.local/lib/python3.8/site-packages/airflow/example_dags/example_subdag_operator.py took 1.513 seconds
[2022-05-23 21:46:04,720] {scheduler_job.py:182} INFO - Started process (PID=184) to work on /home/airflow/.local/lib/python3.8/site-packages/airflow/example_dags/example_subdag_operator.py
[2022-05-23 21:46:04,757] {scheduler_job.py:633} INFO - Processing file /home/airflow/.local/lib/python3.8/site-packages/airflow/example_dags/example_subdag_operator.py for tasks to queue
[2022-05-23 21:46:04,768] {logging_mixin.py:104} INFO - [2022-05-23 21:46:04,767] {dagbag.py:496} INFO - Filling up the DagBag from /home/airflow/.local/lib/python3.8/site-packages/airflow/example_dags/example_subdag_operator.py
[2022-05-23 21:46:05,070] {scheduler_job.py:643} INFO - DAG(s) dict_keys(['example_subdag_operator.section-1', 'example_subdag_operator.section-2', 'example_subdag_operator']) retrieved from /home/airflow/.local/lib/python3.8/site-packages/airflow/example_dags/example_subdag_operator.py
[2022-05-23 21:46:05,236] {logging_mixin.py:104} INFO - [2022-05-23 21:46:05,227] {dag.py:1833} INFO - Sync 3 DAGs
[2022-05-23 21:46:05,408] {logging_mixin.py:104} INFO - [2022-05-23 21:46:05,408] {dag.py:2306} INFO - Setting next_dagrun for example_subdag_operator to 2022-05-21 00:00:00+00:00
[2022-05-23 21:46:05,420] {logging_mixin.py:104} INFO - [2022-05-23 21:46:05,420] {dag.py:2306} INFO - Setting next_dagrun for example_subdag_operator.section-1 to None
[2022-05-23 21:46:05,424] {logging_mixin.py:104} INFO - [2022-05-23 21:46:05,424] {dag.py:2306} INFO - Setting next_dagrun for example_subdag_operator.section-2 to None
[2022-05-23 21:46:05,560] {logging_mixin.py:104} INFO - [2022-05-23 21:46:05,560] {dag.py:1833} INFO - Sync 2 DAGs
[2022-05-23 21:46:05,646] {logging_mixin.py:104} INFO - [2022-05-23 21:46:05,646] {dag.py:2306} INFO - Setting next_dagrun for example_subdag_operator.section-1 to None
[2022-05-23 21:46:05,651] {logging_mixin.py:104} INFO - [2022-05-23 21:46:05,651] {dag.py:2306} INFO - Setting next_dagrun for example_subdag_operator.section-2 to None
[2022-05-23 21:46:05,820] {scheduler_job.py:190} INFO - Processing /home/airflow/.local/lib/python3.8/site-packages/airflow/example_dags/example_subdag_operator.py took 1.118 seconds
[2022-05-23 21:58:30,192] {scheduler_job.py:182} INFO - Started process (PID=35) to work on /home/airflow/.local/lib/python3.8/site-packages/airflow/example_dags/example_subdag_operator.py
[2022-05-23 21:58:30,212] {scheduler_job.py:633} INFO - Processing file /home/airflow/.local/lib/python3.8/site-packages/airflow/example_dags/example_subdag_operator.py for tasks to queue
[2022-05-23 21:58:30,237] {logging_mixin.py:104} INFO - [2022-05-23 21:58:30,236] {dagbag.py:496} INFO - Filling up the DagBag from /home/airflow/.local/lib/python3.8/site-packages/airflow/example_dags/example_subdag_operator.py
[2022-05-23 21:58:30,709] {scheduler_job.py:643} INFO - DAG(s) dict_keys(['example_subdag_operator.section-1', 'example_subdag_operator.section-2', 'example_subdag_operator']) retrieved from /home/airflow/.local/lib/python3.8/site-packages/airflow/example_dags/example_subdag_operator.py
[2022-05-23 21:58:31,522] {logging_mixin.py:104} INFO - [2022-05-23 21:58:31,521] {dag.py:1833} INFO - Sync 3 DAGs
[2022-05-23 21:58:32,197] {logging_mixin.py:104} INFO - [2022-05-23 21:58:32,186] {dag.py:2306} INFO - Setting next_dagrun for example_subdag_operator to 2022-05-21 00:00:00+00:00
[2022-05-23 21:58:32,235] {logging_mixin.py:104} INFO - [2022-05-23 21:58:32,235] {dag.py:2306} INFO - Setting next_dagrun for example_subdag_operator.section-1 to None
[2022-05-23 21:58:32,246] {logging_mixin.py:104} INFO - [2022-05-23 21:58:32,246] {dag.py:2306} INFO - Setting next_dagrun for example_subdag_operator.section-2 to None
[2022-05-23 21:58:32,597] {logging_mixin.py:104} INFO - [2022-05-23 21:58:32,570] {dag.py:1833} INFO - Sync 2 DAGs
[2022-05-23 21:58:32,749] {logging_mixin.py:104} INFO - [2022-05-23 21:58:32,749] {dag.py:2306} INFO - Setting next_dagrun for example_subdag_operator.section-1 to None
[2022-05-23 21:58:32,756] {logging_mixin.py:104} INFO - [2022-05-23 21:58:32,756] {dag.py:2306} INFO - Setting next_dagrun for example_subdag_operator.section-2 to None
[2022-05-23 21:58:32,958] {scheduler_job.py:190} INFO - Processing /home/airflow/.local/lib/python3.8/site-packages/airflow/example_dags/example_subdag_operator.py took 2.771 seconds
[2022-05-23 22:00:21,001] {scheduler_job.py:182} INFO - Started process (PID=68) to work on /home/airflow/.local/lib/python3.8/site-packages/airflow/example_dags/example_subdag_operator.py
[2022-05-23 22:00:21,059] {scheduler_job.py:633} INFO - Processing file /home/airflow/.local/lib/python3.8/site-packages/airflow/example_dags/example_subdag_operator.py for tasks to queue
[2022-05-23 22:00:21,077] {logging_mixin.py:104} INFO - [2022-05-23 22:00:21,077] {dagbag.py:496} INFO - Filling up the DagBag from /home/airflow/.local/lib/python3.8/site-packages/airflow/example_dags/example_subdag_operator.py
[2022-05-23 22:00:21,578] {scheduler_job.py:643} INFO - DAG(s) dict_keys(['example_subdag_operator.section-1', 'example_subdag_operator.section-2', 'example_subdag_operator']) retrieved from /home/airflow/.local/lib/python3.8/site-packages/airflow/example_dags/example_subdag_operator.py
[2022-05-23 22:00:21,728] {logging_mixin.py:104} INFO - [2022-05-23 22:00:21,728] {dag.py:1833} INFO - Sync 3 DAGs
[2022-05-23 22:00:22,106] {logging_mixin.py:104} INFO - [2022-05-23 22:00:22,106] {dag.py:2306} INFO - Setting next_dagrun for example_subdag_operator to 2022-05-21 00:00:00+00:00
[2022-05-23 22:00:22,128] {logging_mixin.py:104} INFO - [2022-05-23 22:00:22,128] {dag.py:2306} INFO - Setting next_dagrun for example_subdag_operator.section-1 to None
[2022-05-23 22:00:22,131] {logging_mixin.py:104} INFO - [2022-05-23 22:00:22,130] {dag.py:2306} INFO - Setting next_dagrun for example_subdag_operator.section-2 to None
[2022-05-23 22:00:22,192] {logging_mixin.py:104} INFO - [2022-05-23 22:00:22,188] {dag.py:1833} INFO - Sync 2 DAGs
[2022-05-23 22:00:22,300] {logging_mixin.py:104} INFO - [2022-05-23 22:00:22,299] {dag.py:2306} INFO - Setting next_dagrun for example_subdag_operator.section-1 to None
[2022-05-23 22:00:22,368] {logging_mixin.py:104} INFO - [2022-05-23 22:00:22,362] {dag.py:2306} INFO - Setting next_dagrun for example_subdag_operator.section-2 to None
[2022-05-23 22:00:22,640] {scheduler_job.py:190} INFO - Processing /home/airflow/.local/lib/python3.8/site-packages/airflow/example_dags/example_subdag_operator.py took 1.799 seconds
[2022-05-23 22:06:33,443] {scheduler_job.py:182} INFO - Started process (PID=113) to work on /home/airflow/.local/lib/python3.8/site-packages/airflow/example_dags/example_subdag_operator.py
[2022-05-23 22:06:33,454] {scheduler_job.py:633} INFO - Processing file /home/airflow/.local/lib/python3.8/site-packages/airflow/example_dags/example_subdag_operator.py for tasks to queue
[2022-05-23 22:06:33,458] {logging_mixin.py:104} INFO - [2022-05-23 22:06:33,458] {dagbag.py:496} INFO - Filling up the DagBag from /home/airflow/.local/lib/python3.8/site-packages/airflow/example_dags/example_subdag_operator.py
[2022-05-23 22:06:33,953] {scheduler_job.py:643} INFO - DAG(s) dict_keys(['example_subdag_operator.section-1', 'example_subdag_operator.section-2', 'example_subdag_operator']) retrieved from /home/airflow/.local/lib/python3.8/site-packages/airflow/example_dags/example_subdag_operator.py
[2022-05-23 22:06:34,011] {logging_mixin.py:104} INFO - [2022-05-23 22:06:34,011] {dag.py:1833} INFO - Sync 3 DAGs
[2022-05-23 22:06:34,502] {logging_mixin.py:104} INFO - [2022-05-23 22:06:34,501] {dag.py:2306} INFO - Setting next_dagrun for example_subdag_operator to 2022-05-21 00:00:00+00:00
[2022-05-23 22:06:34,511] {logging_mixin.py:104} INFO - [2022-05-23 22:06:34,511] {dag.py:2306} INFO - Setting next_dagrun for example_subdag_operator.section-1 to None
[2022-05-23 22:06:34,513] {logging_mixin.py:104} INFO - [2022-05-23 22:06:34,513] {dag.py:2306} INFO - Setting next_dagrun for example_subdag_operator.section-2 to None
[2022-05-23 22:06:34,731] {logging_mixin.py:104} INFO - [2022-05-23 22:06:34,731] {dag.py:1833} INFO - Sync 2 DAGs
[2022-05-23 22:06:34,894] {logging_mixin.py:104} INFO - [2022-05-23 22:06:34,894] {dag.py:2306} INFO - Setting next_dagrun for example_subdag_operator.section-1 to None
[2022-05-23 22:06:34,902] {logging_mixin.py:104} INFO - [2022-05-23 22:06:34,898] {dag.py:2306} INFO - Setting next_dagrun for example_subdag_operator.section-2 to None
[2022-05-23 22:06:35,075] {scheduler_job.py:190} INFO - Processing /home/airflow/.local/lib/python3.8/site-packages/airflow/example_dags/example_subdag_operator.py took 1.661 seconds
[2022-05-23 22:12:11,307] {scheduler_job.py:182} INFO - Started process (PID=143) to work on /home/airflow/.local/lib/python3.8/site-packages/airflow/example_dags/example_subdag_operator.py
[2022-05-23 22:12:11,344] {scheduler_job.py:633} INFO - Processing file /home/airflow/.local/lib/python3.8/site-packages/airflow/example_dags/example_subdag_operator.py for tasks to queue
[2022-05-23 22:12:11,370] {logging_mixin.py:104} INFO - [2022-05-23 22:12:11,359] {dagbag.py:496} INFO - Filling up the DagBag from /home/airflow/.local/lib/python3.8/site-packages/airflow/example_dags/example_subdag_operator.py
[2022-05-23 22:12:12,032] {scheduler_job.py:643} INFO - DAG(s) dict_keys(['example_subdag_operator.section-1', 'example_subdag_operator.section-2', 'example_subdag_operator']) retrieved from /home/airflow/.local/lib/python3.8/site-packages/airflow/example_dags/example_subdag_operator.py
[2022-05-23 22:12:12,127] {logging_mixin.py:104} INFO - [2022-05-23 22:12:12,127] {dag.py:1833} INFO - Sync 3 DAGs
[2022-05-23 22:12:12,363] {logging_mixin.py:104} INFO - [2022-05-23 22:12:12,363] {dag.py:2306} INFO - Setting next_dagrun for example_subdag_operator to 2022-05-21 00:00:00+00:00
[2022-05-23 22:12:12,399] {logging_mixin.py:104} INFO - [2022-05-23 22:12:12,398] {dag.py:2306} INFO - Setting next_dagrun for example_subdag_operator.section-1 to None
[2022-05-23 22:12:12,406] {logging_mixin.py:104} INFO - [2022-05-23 22:12:12,404] {dag.py:2306} INFO - Setting next_dagrun for example_subdag_operator.section-2 to None
[2022-05-23 22:12:12,772] {logging_mixin.py:104} INFO - [2022-05-23 22:12:12,767] {dag.py:1833} INFO - Sync 2 DAGs
[2022-05-23 22:12:12,905] {logging_mixin.py:104} INFO - [2022-05-23 22:12:12,904] {dag.py:2306} INFO - Setting next_dagrun for example_subdag_operator.section-1 to None
[2022-05-23 22:12:12,909] {logging_mixin.py:104} INFO - [2022-05-23 22:12:12,908] {dag.py:2306} INFO - Setting next_dagrun for example_subdag_operator.section-2 to None
[2022-05-23 22:12:13,022] {scheduler_job.py:190} INFO - Processing /home/airflow/.local/lib/python3.8/site-packages/airflow/example_dags/example_subdag_operator.py took 1.738 seconds
[2022-05-23 22:16:53,004] {scheduler_job.py:182} INFO - Started process (PID=35) to work on /home/airflow/.local/lib/python3.8/site-packages/airflow/example_dags/example_subdag_operator.py
[2022-05-23 22:16:53,018] {scheduler_job.py:633} INFO - Processing file /home/airflow/.local/lib/python3.8/site-packages/airflow/example_dags/example_subdag_operator.py for tasks to queue
[2022-05-23 22:16:53,023] {logging_mixin.py:104} INFO - [2022-05-23 22:16:53,023] {dagbag.py:496} INFO - Filling up the DagBag from /home/airflow/.local/lib/python3.8/site-packages/airflow/example_dags/example_subdag_operator.py
[2022-05-23 22:16:53,343] {scheduler_job.py:643} INFO - DAG(s) dict_keys(['example_subdag_operator.section-1', 'example_subdag_operator.section-2', 'example_subdag_operator']) retrieved from /home/airflow/.local/lib/python3.8/site-packages/airflow/example_dags/example_subdag_operator.py
[2022-05-23 22:16:53,469] {logging_mixin.py:104} INFO - [2022-05-23 22:16:53,469] {dag.py:1833} INFO - Sync 3 DAGs
[2022-05-23 22:16:53,601] {logging_mixin.py:104} INFO - [2022-05-23 22:16:53,601] {dag.py:2306} INFO - Setting next_dagrun for example_subdag_operator to 2022-05-21 00:00:00+00:00
[2022-05-23 22:16:53,614] {logging_mixin.py:104} INFO - [2022-05-23 22:16:53,604] {dag.py:2306} INFO - Setting next_dagrun for example_subdag_operator.section-1 to None
[2022-05-23 22:16:53,616] {logging_mixin.py:104} INFO - [2022-05-23 22:16:53,616] {dag.py:2306} INFO - Setting next_dagrun for example_subdag_operator.section-2 to None
[2022-05-23 22:16:53,703] {logging_mixin.py:104} INFO - [2022-05-23 22:16:53,701] {dag.py:1833} INFO - Sync 2 DAGs
[2022-05-23 22:16:53,788] {logging_mixin.py:104} INFO - [2022-05-23 22:16:53,788] {dag.py:2306} INFO - Setting next_dagrun for example_subdag_operator.section-1 to None
[2022-05-23 22:16:53,793] {logging_mixin.py:104} INFO - [2022-05-23 22:16:53,793] {dag.py:2306} INFO - Setting next_dagrun for example_subdag_operator.section-2 to None
[2022-05-23 22:16:53,956] {scheduler_job.py:190} INFO - Processing /home/airflow/.local/lib/python3.8/site-packages/airflow/example_dags/example_subdag_operator.py took 0.970 seconds
[2022-05-23 22:19:06,904] {scheduler_job.py:182} INFO - Started process (PID=68) to work on /home/airflow/.local/lib/python3.8/site-packages/airflow/example_dags/example_subdag_operator.py
[2022-05-23 22:19:06,915] {scheduler_job.py:633} INFO - Processing file /home/airflow/.local/lib/python3.8/site-packages/airflow/example_dags/example_subdag_operator.py for tasks to queue
[2022-05-23 22:19:06,918] {logging_mixin.py:104} INFO - [2022-05-23 22:19:06,917] {dagbag.py:496} INFO - Filling up the DagBag from /home/airflow/.local/lib/python3.8/site-packages/airflow/example_dags/example_subdag_operator.py
[2022-05-23 22:19:07,302] {scheduler_job.py:643} INFO - DAG(s) dict_keys(['example_subdag_operator.section-1', 'example_subdag_operator.section-2', 'example_subdag_operator']) retrieved from /home/airflow/.local/lib/python3.8/site-packages/airflow/example_dags/example_subdag_operator.py
[2022-05-23 22:19:07,510] {logging_mixin.py:104} INFO - [2022-05-23 22:19:07,509] {dag.py:1833} INFO - Sync 3 DAGs
[2022-05-23 22:19:07,971] {logging_mixin.py:104} INFO - [2022-05-23 22:19:07,971] {dag.py:2306} INFO - Setting next_dagrun for example_subdag_operator to 2022-05-21 00:00:00+00:00
[2022-05-23 22:19:08,050] {logging_mixin.py:104} INFO - [2022-05-23 22:19:08,050] {dag.py:2306} INFO - Setting next_dagrun for example_subdag_operator.section-1 to None
[2022-05-23 22:19:08,059] {logging_mixin.py:104} INFO - [2022-05-23 22:19:08,058] {dag.py:2306} INFO - Setting next_dagrun for example_subdag_operator.section-2 to None
[2022-05-23 22:19:08,280] {logging_mixin.py:104} INFO - [2022-05-23 22:19:08,280] {dag.py:1833} INFO - Sync 2 DAGs
[2022-05-23 22:19:08,470] {logging_mixin.py:104} INFO - [2022-05-23 22:19:08,470] {dag.py:2306} INFO - Setting next_dagrun for example_subdag_operator.section-1 to None
[2022-05-23 22:19:08,473] {logging_mixin.py:104} INFO - [2022-05-23 22:19:08,473] {dag.py:2306} INFO - Setting next_dagrun for example_subdag_operator.section-2 to None
[2022-05-23 22:19:08,766] {scheduler_job.py:190} INFO - Processing /home/airflow/.local/lib/python3.8/site-packages/airflow/example_dags/example_subdag_operator.py took 1.873 seconds
