[2022-05-23 21:02:02,675] {scheduler_job.py:182} INFO - Started process (PID=55) to work on /home/airflow/.local/lib/python3.8/site-packages/airflow/example_dags/example_kubernetes_executor_config.py
[2022-05-23 21:02:02,735] {scheduler_job.py:633} INFO - Processing file /home/airflow/.local/lib/python3.8/site-packages/airflow/example_dags/example_kubernetes_executor_config.py for tasks to queue
[2022-05-23 21:02:02,754] {logging_mixin.py:104} INFO - [2022-05-23 21:02:02,754] {dagbag.py:496} INFO - Filling up the DagBag from /home/airflow/.local/lib/python3.8/site-packages/airflow/example_dags/example_kubernetes_executor_config.py
[2022-05-23 21:02:02,922] {scheduler_job.py:643} INFO - DAG(s) dict_keys(['example_kubernetes_executor_config']) retrieved from /home/airflow/.local/lib/python3.8/site-packages/airflow/example_dags/example_kubernetes_executor_config.py
[2022-05-23 21:02:06,824] {logging_mixin.py:104} INFO - [2022-05-23 21:02:06,824] {dag.py:1833} INFO - Sync 1 DAGs
[2022-05-23 21:02:06,908] {logging_mixin.py:104} INFO - [2022-05-23 21:02:06,907] {dag.py:2306} INFO - Setting next_dagrun for example_kubernetes_executor_config to None
[2022-05-23 21:02:07,167] {scheduler_job.py:190} INFO - Processing /home/airflow/.local/lib/python3.8/site-packages/airflow/example_dags/example_kubernetes_executor_config.py took 4.551 seconds
[2022-05-23 21:06:14,428] {scheduler_job.py:182} INFO - Started process (PID=88) to work on /home/airflow/.local/lib/python3.8/site-packages/airflow/example_dags/example_kubernetes_executor_config.py
[2022-05-23 21:06:14,452] {scheduler_job.py:633} INFO - Processing file /home/airflow/.local/lib/python3.8/site-packages/airflow/example_dags/example_kubernetes_executor_config.py for tasks to queue
[2022-05-23 21:06:14,474] {logging_mixin.py:104} INFO - [2022-05-23 21:06:14,473] {dagbag.py:496} INFO - Filling up the DagBag from /home/airflow/.local/lib/python3.8/site-packages/airflow/example_dags/example_kubernetes_executor_config.py
[2022-05-23 21:06:14,628] {scheduler_job.py:643} INFO - DAG(s) dict_keys(['example_kubernetes_executor_config']) retrieved from /home/airflow/.local/lib/python3.8/site-packages/airflow/example_dags/example_kubernetes_executor_config.py
[2022-05-23 21:06:14,934] {logging_mixin.py:104} INFO - [2022-05-23 21:06:14,934] {dag.py:1833} INFO - Sync 1 DAGs
[2022-05-23 21:06:15,198] {logging_mixin.py:104} INFO - [2022-05-23 21:06:15,197] {dag.py:2306} INFO - Setting next_dagrun for example_kubernetes_executor_config to None
[2022-05-23 21:06:15,275] {scheduler_job.py:190} INFO - Processing /home/airflow/.local/lib/python3.8/site-packages/airflow/example_dags/example_kubernetes_executor_config.py took 0.929 seconds
[2022-05-23 21:10:11,354] {scheduler_job.py:182} INFO - Started process (PID=116) to work on /home/airflow/.local/lib/python3.8/site-packages/airflow/example_dags/example_kubernetes_executor_config.py
[2022-05-23 21:10:11,377] {scheduler_job.py:633} INFO - Processing file /home/airflow/.local/lib/python3.8/site-packages/airflow/example_dags/example_kubernetes_executor_config.py for tasks to queue
[2022-05-23 21:10:11,383] {logging_mixin.py:104} INFO - [2022-05-23 21:10:11,383] {dagbag.py:496} INFO - Filling up the DagBag from /home/airflow/.local/lib/python3.8/site-packages/airflow/example_dags/example_kubernetes_executor_config.py
[2022-05-23 21:10:11,749] {scheduler_job.py:643} INFO - DAG(s) dict_keys(['example_kubernetes_executor_config']) retrieved from /home/airflow/.local/lib/python3.8/site-packages/airflow/example_dags/example_kubernetes_executor_config.py
[2022-05-23 21:10:13,189] {logging_mixin.py:104} INFO - [2022-05-23 21:10:13,188] {dag.py:1833} INFO - Sync 1 DAGs
[2022-05-23 21:10:13,367] {logging_mixin.py:104} INFO - [2022-05-23 21:10:13,354] {dag.py:2306} INFO - Setting next_dagrun for example_kubernetes_executor_config to None
[2022-05-23 21:10:13,489] {scheduler_job.py:190} INFO - Processing /home/airflow/.local/lib/python3.8/site-packages/airflow/example_dags/example_kubernetes_executor_config.py took 2.173 seconds
[2022-05-23 21:14:17,973] {scheduler_job.py:182} INFO - Started process (PID=145) to work on /home/airflow/.local/lib/python3.8/site-packages/airflow/example_dags/example_kubernetes_executor_config.py
[2022-05-23 21:14:18,021] {scheduler_job.py:633} INFO - Processing file /home/airflow/.local/lib/python3.8/site-packages/airflow/example_dags/example_kubernetes_executor_config.py for tasks to queue
[2022-05-23 21:14:18,033] {logging_mixin.py:104} INFO - [2022-05-23 21:14:18,032] {dagbag.py:496} INFO - Filling up the DagBag from /home/airflow/.local/lib/python3.8/site-packages/airflow/example_dags/example_kubernetes_executor_config.py
[2022-05-23 21:14:18,621] {scheduler_job.py:643} INFO - DAG(s) dict_keys(['example_kubernetes_executor_config']) retrieved from /home/airflow/.local/lib/python3.8/site-packages/airflow/example_dags/example_kubernetes_executor_config.py
[2022-05-23 21:14:19,208] {logging_mixin.py:104} INFO - [2022-05-23 21:14:19,208] {dag.py:1833} INFO - Sync 1 DAGs
[2022-05-23 21:14:19,411] {logging_mixin.py:104} INFO - [2022-05-23 21:14:19,410] {dag.py:2306} INFO - Setting next_dagrun for example_kubernetes_executor_config to None
[2022-05-23 21:14:19,691] {scheduler_job.py:190} INFO - Processing /home/airflow/.local/lib/python3.8/site-packages/airflow/example_dags/example_kubernetes_executor_config.py took 1.777 seconds
[2022-05-23 21:17:07,088] {scheduler_job.py:182} INFO - Started process (PID=168) to work on /home/airflow/.local/lib/python3.8/site-packages/airflow/example_dags/example_kubernetes_executor_config.py
[2022-05-23 21:17:07,137] {scheduler_job.py:633} INFO - Processing file /home/airflow/.local/lib/python3.8/site-packages/airflow/example_dags/example_kubernetes_executor_config.py for tasks to queue
[2022-05-23 21:17:07,149] {logging_mixin.py:104} INFO - [2022-05-23 21:17:07,147] {dagbag.py:496} INFO - Filling up the DagBag from /home/airflow/.local/lib/python3.8/site-packages/airflow/example_dags/example_kubernetes_executor_config.py
[2022-05-23 21:17:07,443] {scheduler_job.py:643} INFO - DAG(s) dict_keys(['example_kubernetes_executor_config']) retrieved from /home/airflow/.local/lib/python3.8/site-packages/airflow/example_dags/example_kubernetes_executor_config.py
[2022-05-23 21:17:07,632] {logging_mixin.py:104} INFO - [2022-05-23 21:17:07,632] {dag.py:1833} INFO - Sync 1 DAGs
[2022-05-23 21:17:08,016] {logging_mixin.py:104} INFO - [2022-05-23 21:17:08,016] {dag.py:2306} INFO - Setting next_dagrun for example_kubernetes_executor_config to None
[2022-05-23 21:17:08,237] {scheduler_job.py:190} INFO - Processing /home/airflow/.local/lib/python3.8/site-packages/airflow/example_dags/example_kubernetes_executor_config.py took 1.162 seconds
[2022-05-23 21:20:39,944] {scheduler_job.py:182} INFO - Started process (PID=193) to work on /home/airflow/.local/lib/python3.8/site-packages/airflow/example_dags/example_kubernetes_executor_config.py
[2022-05-23 21:20:39,963] {scheduler_job.py:633} INFO - Processing file /home/airflow/.local/lib/python3.8/site-packages/airflow/example_dags/example_kubernetes_executor_config.py for tasks to queue
[2022-05-23 21:20:40,067] {logging_mixin.py:104} INFO - [2022-05-23 21:20:39,971] {dagbag.py:496} INFO - Filling up the DagBag from /home/airflow/.local/lib/python3.8/site-packages/airflow/example_dags/example_kubernetes_executor_config.py
[2022-05-23 21:20:40,262] {scheduler_job.py:643} INFO - DAG(s) dict_keys(['example_kubernetes_executor_config']) retrieved from /home/airflow/.local/lib/python3.8/site-packages/airflow/example_dags/example_kubernetes_executor_config.py
[2022-05-23 21:20:40,425] {logging_mixin.py:104} INFO - [2022-05-23 21:20:40,425] {dag.py:1833} INFO - Sync 1 DAGs
[2022-05-23 21:20:40,645] {logging_mixin.py:104} INFO - [2022-05-23 21:20:40,644] {dag.py:2306} INFO - Setting next_dagrun for example_kubernetes_executor_config to None
[2022-05-23 21:20:40,882] {scheduler_job.py:190} INFO - Processing /home/airflow/.local/lib/python3.8/site-packages/airflow/example_dags/example_kubernetes_executor_config.py took 0.966 seconds
[2022-05-23 21:25:32,140] {scheduler_job.py:182} INFO - Started process (PID=217) to work on /home/airflow/.local/lib/python3.8/site-packages/airflow/example_dags/example_kubernetes_executor_config.py
[2022-05-23 21:25:32,158] {scheduler_job.py:633} INFO - Processing file /home/airflow/.local/lib/python3.8/site-packages/airflow/example_dags/example_kubernetes_executor_config.py for tasks to queue
[2022-05-23 21:25:32,161] {logging_mixin.py:104} INFO - [2022-05-23 21:25:32,160] {dagbag.py:496} INFO - Filling up the DagBag from /home/airflow/.local/lib/python3.8/site-packages/airflow/example_dags/example_kubernetes_executor_config.py
[2022-05-23 21:25:32,289] {scheduler_job.py:643} INFO - DAG(s) dict_keys(['example_kubernetes_executor_config']) retrieved from /home/airflow/.local/lib/python3.8/site-packages/airflow/example_dags/example_kubernetes_executor_config.py
[2022-05-23 21:25:32,460] {logging_mixin.py:104} INFO - [2022-05-23 21:25:32,460] {dag.py:1833} INFO - Sync 1 DAGs
[2022-05-23 21:25:32,844] {logging_mixin.py:104} INFO - [2022-05-23 21:25:32,843] {dag.py:2306} INFO - Setting next_dagrun for example_kubernetes_executor_config to None
[2022-05-23 21:25:32,971] {scheduler_job.py:190} INFO - Processing /home/airflow/.local/lib/python3.8/site-packages/airflow/example_dags/example_kubernetes_executor_config.py took 0.852 seconds
[2022-05-23 21:34:59,234] {scheduler_job.py:182} INFO - Started process (PID=29) to work on /home/airflow/.local/lib/python3.8/site-packages/airflow/example_dags/example_kubernetes_executor_config.py
[2022-05-23 21:34:59,298] {scheduler_job.py:633} INFO - Processing file /home/airflow/.local/lib/python3.8/site-packages/airflow/example_dags/example_kubernetes_executor_config.py for tasks to queue
[2022-05-23 21:34:59,312] {logging_mixin.py:104} INFO - [2022-05-23 21:34:59,304] {dagbag.py:496} INFO - Filling up the DagBag from /home/airflow/.local/lib/python3.8/site-packages/airflow/example_dags/example_kubernetes_executor_config.py
[2022-05-23 21:34:59,416] {scheduler_job.py:643} INFO - DAG(s) dict_keys(['example_kubernetes_executor_config']) retrieved from /home/airflow/.local/lib/python3.8/site-packages/airflow/example_dags/example_kubernetes_executor_config.py
[2022-05-23 21:34:59,649] {logging_mixin.py:104} INFO - [2022-05-23 21:34:59,649] {dag.py:1833} INFO - Sync 1 DAGs
[2022-05-23 21:34:59,886] {logging_mixin.py:104} INFO - [2022-05-23 21:34:59,883] {dag.py:2306} INFO - Setting next_dagrun for example_kubernetes_executor_config to None
[2022-05-23 21:35:00,140] {scheduler_job.py:190} INFO - Processing /home/airflow/.local/lib/python3.8/site-packages/airflow/example_dags/example_kubernetes_executor_config.py took 0.951 seconds
[2022-05-23 21:37:09,293] {scheduler_job.py:182} INFO - Started process (PID=62) to work on /home/airflow/.local/lib/python3.8/site-packages/airflow/example_dags/example_kubernetes_executor_config.py
[2022-05-23 21:37:09,298] {scheduler_job.py:633} INFO - Processing file /home/airflow/.local/lib/python3.8/site-packages/airflow/example_dags/example_kubernetes_executor_config.py for tasks to queue
[2022-05-23 21:37:09,308] {logging_mixin.py:104} INFO - [2022-05-23 21:37:09,308] {dagbag.py:496} INFO - Filling up the DagBag from /home/airflow/.local/lib/python3.8/site-packages/airflow/example_dags/example_kubernetes_executor_config.py
[2022-05-23 21:37:09,465] {scheduler_job.py:643} INFO - DAG(s) dict_keys(['example_kubernetes_executor_config']) retrieved from /home/airflow/.local/lib/python3.8/site-packages/airflow/example_dags/example_kubernetes_executor_config.py
[2022-05-23 21:37:09,624] {logging_mixin.py:104} INFO - [2022-05-23 21:37:09,624] {dag.py:1833} INFO - Sync 1 DAGs
[2022-05-23 21:37:09,702] {logging_mixin.py:104} INFO - [2022-05-23 21:37:09,702] {dag.py:2306} INFO - Setting next_dagrun for example_kubernetes_executor_config to None
[2022-05-23 21:37:09,785] {scheduler_job.py:190} INFO - Processing /home/airflow/.local/lib/python3.8/site-packages/airflow/example_dags/example_kubernetes_executor_config.py took 0.495 seconds
[2022-05-23 21:38:47,665] {scheduler_job.py:182} INFO - Started process (PID=85) to work on /home/airflow/.local/lib/python3.8/site-packages/airflow/example_dags/example_kubernetes_executor_config.py
[2022-05-23 21:38:47,683] {scheduler_job.py:633} INFO - Processing file /home/airflow/.local/lib/python3.8/site-packages/airflow/example_dags/example_kubernetes_executor_config.py for tasks to queue
[2022-05-23 21:38:47,692] {logging_mixin.py:104} INFO - [2022-05-23 21:38:47,692] {dagbag.py:496} INFO - Filling up the DagBag from /home/airflow/.local/lib/python3.8/site-packages/airflow/example_dags/example_kubernetes_executor_config.py
[2022-05-23 21:38:47,885] {scheduler_job.py:643} INFO - DAG(s) dict_keys(['example_kubernetes_executor_config']) retrieved from /home/airflow/.local/lib/python3.8/site-packages/airflow/example_dags/example_kubernetes_executor_config.py
[2022-05-23 21:38:48,021] {logging_mixin.py:104} INFO - [2022-05-23 21:38:48,017] {dag.py:1833} INFO - Sync 1 DAGs
[2022-05-23 21:38:48,177] {logging_mixin.py:104} INFO - [2022-05-23 21:38:48,177] {dag.py:2306} INFO - Setting next_dagrun for example_kubernetes_executor_config to None
[2022-05-23 21:38:48,391] {scheduler_job.py:190} INFO - Processing /home/airflow/.local/lib/python3.8/site-packages/airflow/example_dags/example_kubernetes_executor_config.py took 0.758 seconds
[2022-05-23 21:39:55,205] {scheduler_job.py:182} INFO - Started process (PID=109) to work on /home/airflow/.local/lib/python3.8/site-packages/airflow/example_dags/example_kubernetes_executor_config.py
[2022-05-23 21:39:55,249] {scheduler_job.py:633} INFO - Processing file /home/airflow/.local/lib/python3.8/site-packages/airflow/example_dags/example_kubernetes_executor_config.py for tasks to queue
[2022-05-23 21:39:55,272] {logging_mixin.py:104} INFO - [2022-05-23 21:39:55,271] {dagbag.py:496} INFO - Filling up the DagBag from /home/airflow/.local/lib/python3.8/site-packages/airflow/example_dags/example_kubernetes_executor_config.py
[2022-05-23 21:39:55,359] {scheduler_job.py:643} INFO - DAG(s) dict_keys(['example_kubernetes_executor_config']) retrieved from /home/airflow/.local/lib/python3.8/site-packages/airflow/example_dags/example_kubernetes_executor_config.py
[2022-05-23 21:39:55,433] {logging_mixin.py:104} INFO - [2022-05-23 21:39:55,433] {dag.py:1833} INFO - Sync 1 DAGs
[2022-05-23 21:39:55,506] {logging_mixin.py:104} INFO - [2022-05-23 21:39:55,506] {dag.py:2306} INFO - Setting next_dagrun for example_kubernetes_executor_config to None
[2022-05-23 21:39:55,650] {scheduler_job.py:190} INFO - Processing /home/airflow/.local/lib/python3.8/site-packages/airflow/example_dags/example_kubernetes_executor_config.py took 0.450 seconds
[2022-05-23 21:41:09,365] {scheduler_job.py:182} INFO - Started process (PID=128) to work on /home/airflow/.local/lib/python3.8/site-packages/airflow/example_dags/example_kubernetes_executor_config.py
[2022-05-23 21:41:09,390] {scheduler_job.py:633} INFO - Processing file /home/airflow/.local/lib/python3.8/site-packages/airflow/example_dags/example_kubernetes_executor_config.py for tasks to queue
[2022-05-23 21:41:09,399] {logging_mixin.py:104} INFO - [2022-05-23 21:41:09,397] {dagbag.py:496} INFO - Filling up the DagBag from /home/airflow/.local/lib/python3.8/site-packages/airflow/example_dags/example_kubernetes_executor_config.py
[2022-05-23 21:41:09,535] {scheduler_job.py:643} INFO - DAG(s) dict_keys(['example_kubernetes_executor_config']) retrieved from /home/airflow/.local/lib/python3.8/site-packages/airflow/example_dags/example_kubernetes_executor_config.py
[2022-05-23 21:41:09,733] {logging_mixin.py:104} INFO - [2022-05-23 21:41:09,733] {dag.py:1833} INFO - Sync 1 DAGs
[2022-05-23 21:41:09,867] {logging_mixin.py:104} INFO - [2022-05-23 21:41:09,866] {dag.py:2306} INFO - Setting next_dagrun for example_kubernetes_executor_config to None
[2022-05-23 21:41:10,119] {scheduler_job.py:190} INFO - Processing /home/airflow/.local/lib/python3.8/site-packages/airflow/example_dags/example_kubernetes_executor_config.py took 0.766 seconds
[2022-05-23 21:43:34,628] {scheduler_job.py:182} INFO - Started process (PID=152) to work on /home/airflow/.local/lib/python3.8/site-packages/airflow/example_dags/example_kubernetes_executor_config.py
[2022-05-23 21:43:34,673] {scheduler_job.py:633} INFO - Processing file /home/airflow/.local/lib/python3.8/site-packages/airflow/example_dags/example_kubernetes_executor_config.py for tasks to queue
[2022-05-23 21:43:34,680] {logging_mixin.py:104} INFO - [2022-05-23 21:43:34,680] {dagbag.py:496} INFO - Filling up the DagBag from /home/airflow/.local/lib/python3.8/site-packages/airflow/example_dags/example_kubernetes_executor_config.py
[2022-05-23 21:43:34,829] {scheduler_job.py:643} INFO - DAG(s) dict_keys(['example_kubernetes_executor_config']) retrieved from /home/airflow/.local/lib/python3.8/site-packages/airflow/example_dags/example_kubernetes_executor_config.py
[2022-05-23 21:43:35,147] {logging_mixin.py:104} INFO - [2022-05-23 21:43:35,147] {dag.py:1833} INFO - Sync 1 DAGs
[2022-05-23 21:43:35,594] {logging_mixin.py:104} INFO - [2022-05-23 21:43:35,594] {dag.py:2306} INFO - Setting next_dagrun for example_kubernetes_executor_config to None
[2022-05-23 21:43:36,363] {scheduler_job.py:190} INFO - Processing /home/airflow/.local/lib/python3.8/site-packages/airflow/example_dags/example_kubernetes_executor_config.py took 1.815 seconds
[2022-05-23 21:45:34,182] {scheduler_job.py:182} INFO - Started process (PID=178) to work on /home/airflow/.local/lib/python3.8/site-packages/airflow/example_dags/example_kubernetes_executor_config.py
[2022-05-23 21:45:34,293] {scheduler_job.py:633} INFO - Processing file /home/airflow/.local/lib/python3.8/site-packages/airflow/example_dags/example_kubernetes_executor_config.py for tasks to queue
[2022-05-23 21:45:34,299] {logging_mixin.py:104} INFO - [2022-05-23 21:45:34,298] {dagbag.py:496} INFO - Filling up the DagBag from /home/airflow/.local/lib/python3.8/site-packages/airflow/example_dags/example_kubernetes_executor_config.py
[2022-05-23 21:45:34,444] {scheduler_job.py:643} INFO - DAG(s) dict_keys(['example_kubernetes_executor_config']) retrieved from /home/airflow/.local/lib/python3.8/site-packages/airflow/example_dags/example_kubernetes_executor_config.py
[2022-05-23 21:45:34,731] {logging_mixin.py:104} INFO - [2022-05-23 21:45:34,726] {dag.py:1833} INFO - Sync 1 DAGs
[2022-05-23 21:45:34,952] {logging_mixin.py:104} INFO - [2022-05-23 21:45:34,950] {dag.py:2306} INFO - Setting next_dagrun for example_kubernetes_executor_config to None
[2022-05-23 21:45:35,464] {scheduler_job.py:190} INFO - Processing /home/airflow/.local/lib/python3.8/site-packages/airflow/example_dags/example_kubernetes_executor_config.py took 1.349 seconds
[2022-05-23 21:51:18,998] {scheduler_job.py:182} INFO - Started process (PID=202) to work on /home/airflow/.local/lib/python3.8/site-packages/airflow/example_dags/example_kubernetes_executor_config.py
[2022-05-23 21:51:19,132] {scheduler_job.py:633} INFO - Processing file /home/airflow/.local/lib/python3.8/site-packages/airflow/example_dags/example_kubernetes_executor_config.py for tasks to queue
[2022-05-23 21:51:19,169] {logging_mixin.py:104} INFO - [2022-05-23 21:51:19,168] {dagbag.py:496} INFO - Filling up the DagBag from /home/airflow/.local/lib/python3.8/site-packages/airflow/example_dags/example_kubernetes_executor_config.py
[2022-05-23 21:51:19,500] {scheduler_job.py:643} INFO - DAG(s) dict_keys(['example_kubernetes_executor_config']) retrieved from /home/airflow/.local/lib/python3.8/site-packages/airflow/example_dags/example_kubernetes_executor_config.py
[2022-05-23 21:51:20,646] {logging_mixin.py:104} INFO - [2022-05-23 21:51:20,645] {dag.py:1833} INFO - Sync 1 DAGs
[2022-05-23 21:51:21,243] {logging_mixin.py:104} INFO - [2022-05-23 21:51:21,243] {dag.py:2306} INFO - Setting next_dagrun for example_kubernetes_executor_config to None
[2022-05-23 21:51:22,150] {scheduler_job.py:190} INFO - Processing /home/airflow/.local/lib/python3.8/site-packages/airflow/example_dags/example_kubernetes_executor_config.py took 3.286 seconds
[2022-05-23 21:57:55,947] {scheduler_job.py:182} INFO - Started process (PID=29) to work on /home/airflow/.local/lib/python3.8/site-packages/airflow/example_dags/example_kubernetes_executor_config.py
[2022-05-23 21:57:56,178] {scheduler_job.py:633} INFO - Processing file /home/airflow/.local/lib/python3.8/site-packages/airflow/example_dags/example_kubernetes_executor_config.py for tasks to queue
[2022-05-23 21:57:56,184] {logging_mixin.py:104} INFO - [2022-05-23 21:57:56,184] {dagbag.py:496} INFO - Filling up the DagBag from /home/airflow/.local/lib/python3.8/site-packages/airflow/example_dags/example_kubernetes_executor_config.py
[2022-05-23 21:57:56,377] {scheduler_job.py:643} INFO - DAG(s) dict_keys(['example_kubernetes_executor_config']) retrieved from /home/airflow/.local/lib/python3.8/site-packages/airflow/example_dags/example_kubernetes_executor_config.py
[2022-05-23 21:57:56,545] {logging_mixin.py:104} INFO - [2022-05-23 21:57:56,545] {dag.py:1833} INFO - Sync 1 DAGs
[2022-05-23 21:57:56,780] {logging_mixin.py:104} INFO - [2022-05-23 21:57:56,779] {dag.py:2306} INFO - Setting next_dagrun for example_kubernetes_executor_config to None
[2022-05-23 21:57:57,077] {scheduler_job.py:190} INFO - Processing /home/airflow/.local/lib/python3.8/site-packages/airflow/example_dags/example_kubernetes_executor_config.py took 1.177 seconds
[2022-05-23 21:59:49,032] {scheduler_job.py:182} INFO - Started process (PID=62) to work on /home/airflow/.local/lib/python3.8/site-packages/airflow/example_dags/example_kubernetes_executor_config.py
[2022-05-23 21:59:49,052] {scheduler_job.py:633} INFO - Processing file /home/airflow/.local/lib/python3.8/site-packages/airflow/example_dags/example_kubernetes_executor_config.py for tasks to queue
[2022-05-23 21:59:49,069] {logging_mixin.py:104} INFO - [2022-05-23 21:59:49,069] {dagbag.py:496} INFO - Filling up the DagBag from /home/airflow/.local/lib/python3.8/site-packages/airflow/example_dags/example_kubernetes_executor_config.py
[2022-05-23 21:59:49,576] {scheduler_job.py:643} INFO - DAG(s) dict_keys(['example_kubernetes_executor_config']) retrieved from /home/airflow/.local/lib/python3.8/site-packages/airflow/example_dags/example_kubernetes_executor_config.py
[2022-05-23 21:59:50,025] {logging_mixin.py:104} INFO - [2022-05-23 21:59:50,025] {dag.py:1833} INFO - Sync 1 DAGs
[2022-05-23 21:59:50,143] {logging_mixin.py:104} INFO - [2022-05-23 21:59:50,142] {dag.py:2306} INFO - Setting next_dagrun for example_kubernetes_executor_config to None
[2022-05-23 21:59:50,259] {scheduler_job.py:190} INFO - Processing /home/airflow/.local/lib/python3.8/site-packages/airflow/example_dags/example_kubernetes_executor_config.py took 1.233 seconds
[2022-05-23 22:01:30,247] {scheduler_job.py:182} INFO - Started process (PID=81) to work on /home/airflow/.local/lib/python3.8/site-packages/airflow/example_dags/example_kubernetes_executor_config.py
[2022-05-23 22:01:30,262] {scheduler_job.py:633} INFO - Processing file /home/airflow/.local/lib/python3.8/site-packages/airflow/example_dags/example_kubernetes_executor_config.py for tasks to queue
[2022-05-23 22:01:30,270] {logging_mixin.py:104} INFO - [2022-05-23 22:01:30,269] {dagbag.py:496} INFO - Filling up the DagBag from /home/airflow/.local/lib/python3.8/site-packages/airflow/example_dags/example_kubernetes_executor_config.py
[2022-05-23 22:01:30,433] {scheduler_job.py:643} INFO - DAG(s) dict_keys(['example_kubernetes_executor_config']) retrieved from /home/airflow/.local/lib/python3.8/site-packages/airflow/example_dags/example_kubernetes_executor_config.py
[2022-05-23 22:01:30,689] {logging_mixin.py:104} INFO - [2022-05-23 22:01:30,689] {dag.py:1833} INFO - Sync 1 DAGs
[2022-05-23 22:01:30,807] {logging_mixin.py:104} INFO - [2022-05-23 22:01:30,807] {dag.py:2306} INFO - Setting next_dagrun for example_kubernetes_executor_config to None
[2022-05-23 22:01:30,916] {scheduler_job.py:190} INFO - Processing /home/airflow/.local/lib/python3.8/site-packages/airflow/example_dags/example_kubernetes_executor_config.py took 0.697 seconds
[2022-05-23 22:05:14,271] {scheduler_job.py:182} INFO - Started process (PID=107) to work on /home/airflow/.local/lib/python3.8/site-packages/airflow/example_dags/example_kubernetes_executor_config.py
[2022-05-23 22:05:14,293] {scheduler_job.py:633} INFO - Processing file /home/airflow/.local/lib/python3.8/site-packages/airflow/example_dags/example_kubernetes_executor_config.py for tasks to queue
[2022-05-23 22:05:14,299] {logging_mixin.py:104} INFO - [2022-05-23 22:05:14,299] {dagbag.py:496} INFO - Filling up the DagBag from /home/airflow/.local/lib/python3.8/site-packages/airflow/example_dags/example_kubernetes_executor_config.py
[2022-05-23 22:05:14,694] {scheduler_job.py:643} INFO - DAG(s) dict_keys(['example_kubernetes_executor_config']) retrieved from /home/airflow/.local/lib/python3.8/site-packages/airflow/example_dags/example_kubernetes_executor_config.py
[2022-05-23 22:05:15,062] {logging_mixin.py:104} INFO - [2022-05-23 22:05:15,062] {dag.py:1833} INFO - Sync 1 DAGs
[2022-05-23 22:05:15,152] {logging_mixin.py:104} INFO - [2022-05-23 22:05:15,151] {dag.py:2306} INFO - Setting next_dagrun for example_kubernetes_executor_config to None
[2022-05-23 22:05:15,314] {scheduler_job.py:190} INFO - Processing /home/airflow/.local/lib/python3.8/site-packages/airflow/example_dags/example_kubernetes_executor_config.py took 1.057 seconds
[2022-05-23 22:10:45,976] {scheduler_job.py:182} INFO - Started process (PID=137) to work on /home/airflow/.local/lib/python3.8/site-packages/airflow/example_dags/example_kubernetes_executor_config.py
[2022-05-23 22:10:46,008] {scheduler_job.py:633} INFO - Processing file /home/airflow/.local/lib/python3.8/site-packages/airflow/example_dags/example_kubernetes_executor_config.py for tasks to queue
[2022-05-23 22:10:46,019] {logging_mixin.py:104} INFO - [2022-05-23 22:10:46,018] {dagbag.py:496} INFO - Filling up the DagBag from /home/airflow/.local/lib/python3.8/site-packages/airflow/example_dags/example_kubernetes_executor_config.py
[2022-05-23 22:10:46,314] {scheduler_job.py:643} INFO - DAG(s) dict_keys(['example_kubernetes_executor_config']) retrieved from /home/airflow/.local/lib/python3.8/site-packages/airflow/example_dags/example_kubernetes_executor_config.py
[2022-05-23 22:10:46,504] {logging_mixin.py:104} INFO - [2022-05-23 22:10:46,504] {dag.py:1833} INFO - Sync 1 DAGs
[2022-05-23 22:10:46,610] {logging_mixin.py:104} INFO - [2022-05-23 22:10:46,610] {dag.py:2306} INFO - Setting next_dagrun for example_kubernetes_executor_config to None
[2022-05-23 22:10:46,751] {scheduler_job.py:190} INFO - Processing /home/airflow/.local/lib/python3.8/site-packages/airflow/example_dags/example_kubernetes_executor_config.py took 0.784 seconds
[2022-05-23 22:16:27,972] {scheduler_job.py:182} INFO - Started process (PID=29) to work on /home/airflow/.local/lib/python3.8/site-packages/airflow/example_dags/example_kubernetes_executor_config.py
[2022-05-23 22:16:27,980] {scheduler_job.py:633} INFO - Processing file /home/airflow/.local/lib/python3.8/site-packages/airflow/example_dags/example_kubernetes_executor_config.py for tasks to queue
[2022-05-23 22:16:28,003] {logging_mixin.py:104} INFO - [2022-05-23 22:16:28,003] {dagbag.py:496} INFO - Filling up the DagBag from /home/airflow/.local/lib/python3.8/site-packages/airflow/example_dags/example_kubernetes_executor_config.py
[2022-05-23 22:16:28,309] {scheduler_job.py:643} INFO - DAG(s) dict_keys(['example_kubernetes_executor_config']) retrieved from /home/airflow/.local/lib/python3.8/site-packages/airflow/example_dags/example_kubernetes_executor_config.py
[2022-05-23 22:16:28,598] {logging_mixin.py:104} INFO - [2022-05-23 22:16:28,597] {dag.py:1833} INFO - Sync 1 DAGs
[2022-05-23 22:16:28,860] {logging_mixin.py:104} INFO - [2022-05-23 22:16:28,860] {dag.py:2306} INFO - Setting next_dagrun for example_kubernetes_executor_config to None
[2022-05-23 22:16:29,247] {scheduler_job.py:190} INFO - Processing /home/airflow/.local/lib/python3.8/site-packages/airflow/example_dags/example_kubernetes_executor_config.py took 1.332 seconds
[2022-05-23 22:18:35,187] {scheduler_job.py:182} INFO - Started process (PID=62) to work on /home/airflow/.local/lib/python3.8/site-packages/airflow/example_dags/example_kubernetes_executor_config.py
[2022-05-23 22:18:35,214] {scheduler_job.py:633} INFO - Processing file /home/airflow/.local/lib/python3.8/site-packages/airflow/example_dags/example_kubernetes_executor_config.py for tasks to queue
[2022-05-23 22:18:35,225] {logging_mixin.py:104} INFO - [2022-05-23 22:18:35,224] {dagbag.py:496} INFO - Filling up the DagBag from /home/airflow/.local/lib/python3.8/site-packages/airflow/example_dags/example_kubernetes_executor_config.py
[2022-05-23 22:18:35,470] {scheduler_job.py:643} INFO - DAG(s) dict_keys(['example_kubernetes_executor_config']) retrieved from /home/airflow/.local/lib/python3.8/site-packages/airflow/example_dags/example_kubernetes_executor_config.py
[2022-05-23 22:18:35,842] {logging_mixin.py:104} INFO - [2022-05-23 22:18:35,835] {dag.py:1833} INFO - Sync 1 DAGs
[2022-05-23 22:18:36,064] {logging_mixin.py:104} INFO - [2022-05-23 22:18:36,064] {dag.py:2306} INFO - Setting next_dagrun for example_kubernetes_executor_config to None
[2022-05-23 22:18:36,229] {scheduler_job.py:190} INFO - Processing /home/airflow/.local/lib/python3.8/site-packages/airflow/example_dags/example_kubernetes_executor_config.py took 1.094 seconds
