[2022-05-23 21:03:50,691] {scheduler_job.py:182} INFO - Started process (PID=69) to work on /home/airflow/.local/lib/python3.8/site-packages/airflow/example_dags/example_task_group.py
[2022-05-23 21:03:50,716] {scheduler_job.py:633} INFO - Processing file /home/airflow/.local/lib/python3.8/site-packages/airflow/example_dags/example_task_group.py for tasks to queue
[2022-05-23 21:03:50,719] {logging_mixin.py:104} INFO - [2022-05-23 21:03:50,718] {dagbag.py:496} INFO - Filling up the DagBag from /home/airflow/.local/lib/python3.8/site-packages/airflow/example_dags/example_task_group.py
[2022-05-23 21:03:51,268] {scheduler_job.py:643} INFO - DAG(s) dict_keys(['example_task_group']) retrieved from /home/airflow/.local/lib/python3.8/site-packages/airflow/example_dags/example_task_group.py
[2022-05-23 21:04:02,880] {logging_mixin.py:104} INFO - [2022-05-23 21:04:02,880] {dag.py:1833} INFO - Sync 1 DAGs
[2022-05-23 21:04:02,929] {logging_mixin.py:104} INFO - [2022-05-23 21:04:02,929] {dag.py:2306} INFO - Setting next_dagrun for example_task_group to 2022-05-21 00:00:00+00:00
[2022-05-23 21:04:03,916] {scheduler_job.py:190} INFO - Processing /home/airflow/.local/lib/python3.8/site-packages/airflow/example_dags/example_task_group.py took 13.356 seconds
[2022-05-23 21:07:18,463] {scheduler_job.py:182} INFO - Started process (PID=102) to work on /home/airflow/.local/lib/python3.8/site-packages/airflow/example_dags/example_task_group.py
[2022-05-23 21:07:18,476] {scheduler_job.py:633} INFO - Processing file /home/airflow/.local/lib/python3.8/site-packages/airflow/example_dags/example_task_group.py for tasks to queue
[2022-05-23 21:07:18,498] {logging_mixin.py:104} INFO - [2022-05-23 21:07:18,498] {dagbag.py:496} INFO - Filling up the DagBag from /home/airflow/.local/lib/python3.8/site-packages/airflow/example_dags/example_task_group.py
[2022-05-23 21:07:18,583] {scheduler_job.py:643} INFO - DAG(s) dict_keys(['example_task_group']) retrieved from /home/airflow/.local/lib/python3.8/site-packages/airflow/example_dags/example_task_group.py
[2022-05-23 21:07:18,685] {logging_mixin.py:104} INFO - [2022-05-23 21:07:18,685] {dag.py:1833} INFO - Sync 1 DAGs
[2022-05-23 21:07:18,872] {logging_mixin.py:104} INFO - [2022-05-23 21:07:18,867] {dag.py:2306} INFO - Setting next_dagrun for example_task_group to 2022-05-21 00:00:00+00:00
[2022-05-23 21:07:19,222] {scheduler_job.py:190} INFO - Processing /home/airflow/.local/lib/python3.8/site-packages/airflow/example_dags/example_task_group.py took 0.804 seconds
[2022-05-23 21:13:24,516] {scheduler_job.py:182} INFO - Started process (PID=130) to work on /home/airflow/.local/lib/python3.8/site-packages/airflow/example_dags/example_task_group.py
[2022-05-23 21:13:24,523] {scheduler_job.py:633} INFO - Processing file /home/airflow/.local/lib/python3.8/site-packages/airflow/example_dags/example_task_group.py for tasks to queue
[2022-05-23 21:13:24,549] {logging_mixin.py:104} INFO - [2022-05-23 21:13:24,549] {dagbag.py:496} INFO - Filling up the DagBag from /home/airflow/.local/lib/python3.8/site-packages/airflow/example_dags/example_task_group.py
[2022-05-23 21:13:24,763] {scheduler_job.py:643} INFO - DAG(s) dict_keys(['example_task_group']) retrieved from /home/airflow/.local/lib/python3.8/site-packages/airflow/example_dags/example_task_group.py
[2022-05-23 21:13:24,886] {logging_mixin.py:104} INFO - [2022-05-23 21:13:24,885] {dag.py:1833} INFO - Sync 1 DAGs
[2022-05-23 21:13:25,235] {logging_mixin.py:104} INFO - [2022-05-23 21:13:25,235] {dag.py:2306} INFO - Setting next_dagrun for example_task_group to 2022-05-21 00:00:00+00:00
[2022-05-23 21:13:25,545] {scheduler_job.py:190} INFO - Processing /home/airflow/.local/lib/python3.8/site-packages/airflow/example_dags/example_task_group.py took 1.411 seconds
[2022-05-23 21:19:45,743] {scheduler_job.py:182} INFO - Started process (PID=178) to work on /home/airflow/.local/lib/python3.8/site-packages/airflow/example_dags/example_task_group.py
[2022-05-23 21:19:45,809] {scheduler_job.py:633} INFO - Processing file /home/airflow/.local/lib/python3.8/site-packages/airflow/example_dags/example_task_group.py for tasks to queue
[2022-05-23 21:19:45,822] {logging_mixin.py:104} INFO - [2022-05-23 21:19:45,822] {dagbag.py:496} INFO - Filling up the DagBag from /home/airflow/.local/lib/python3.8/site-packages/airflow/example_dags/example_task_group.py
[2022-05-23 21:19:46,007] {scheduler_job.py:643} INFO - DAG(s) dict_keys(['example_task_group']) retrieved from /home/airflow/.local/lib/python3.8/site-packages/airflow/example_dags/example_task_group.py
[2022-05-23 21:19:46,152] {logging_mixin.py:104} INFO - [2022-05-23 21:19:46,152] {dag.py:1833} INFO - Sync 1 DAGs
[2022-05-23 21:19:46,325] {logging_mixin.py:104} INFO - [2022-05-23 21:19:46,325] {dag.py:2306} INFO - Setting next_dagrun for example_task_group to 2022-05-21 00:00:00+00:00
[2022-05-23 21:19:47,282] {scheduler_job.py:190} INFO - Processing /home/airflow/.local/lib/python3.8/site-packages/airflow/example_dags/example_task_group.py took 1.564 seconds
[2022-05-23 21:28:30,081] {scheduler_job.py:182} INFO - Started process (PID=226) to work on /home/airflow/.local/lib/python3.8/site-packages/airflow/example_dags/example_task_group.py
[2022-05-23 21:28:30,089] {scheduler_job.py:633} INFO - Processing file /home/airflow/.local/lib/python3.8/site-packages/airflow/example_dags/example_task_group.py for tasks to queue
[2022-05-23 21:28:30,097] {logging_mixin.py:104} INFO - [2022-05-23 21:28:30,096] {dagbag.py:496} INFO - Filling up the DagBag from /home/airflow/.local/lib/python3.8/site-packages/airflow/example_dags/example_task_group.py
[2022-05-23 21:28:30,736] {scheduler_job.py:643} INFO - DAG(s) dict_keys(['example_task_group']) retrieved from /home/airflow/.local/lib/python3.8/site-packages/airflow/example_dags/example_task_group.py
[2022-05-23 21:28:32,467] {logging_mixin.py:104} INFO - [2022-05-23 21:28:32,463] {dag.py:1833} INFO - Sync 1 DAGs
[2022-05-23 21:28:32,666] {logging_mixin.py:104} INFO - [2022-05-23 21:28:32,666] {dag.py:2306} INFO - Setting next_dagrun for example_task_group to 2022-05-21 00:00:00+00:00
[2022-05-23 21:28:33,141] {scheduler_job.py:190} INFO - Processing /home/airflow/.local/lib/python3.8/site-packages/airflow/example_dags/example_task_group.py took 3.069 seconds
[2022-05-23 21:36:05,516] {scheduler_job.py:182} INFO - Started process (PID=43) to work on /home/airflow/.local/lib/python3.8/site-packages/airflow/example_dags/example_task_group.py
[2022-05-23 21:36:05,520] {scheduler_job.py:633} INFO - Processing file /home/airflow/.local/lib/python3.8/site-packages/airflow/example_dags/example_task_group.py for tasks to queue
[2022-05-23 21:36:05,523] {logging_mixin.py:104} INFO - [2022-05-23 21:36:05,523] {dagbag.py:496} INFO - Filling up the DagBag from /home/airflow/.local/lib/python3.8/site-packages/airflow/example_dags/example_task_group.py
[2022-05-23 21:36:05,689] {scheduler_job.py:643} INFO - DAG(s) dict_keys(['example_task_group']) retrieved from /home/airflow/.local/lib/python3.8/site-packages/airflow/example_dags/example_task_group.py
[2022-05-23 21:36:08,799] {logging_mixin.py:104} INFO - [2022-05-23 21:36:08,799] {dag.py:1833} INFO - Sync 1 DAGs
[2022-05-23 21:36:08,927] {logging_mixin.py:104} INFO - [2022-05-23 21:36:08,926] {dag.py:2306} INFO - Setting next_dagrun for example_task_group to 2022-05-21 00:00:00+00:00
[2022-05-23 21:36:09,140] {scheduler_job.py:190} INFO - Processing /home/airflow/.local/lib/python3.8/site-packages/airflow/example_dags/example_task_group.py took 3.652 seconds
[2022-05-23 21:38:24,382] {scheduler_job.py:182} INFO - Started process (PID=76) to work on /home/airflow/.local/lib/python3.8/site-packages/airflow/example_dags/example_task_group.py
[2022-05-23 21:38:24,391] {scheduler_job.py:633} INFO - Processing file /home/airflow/.local/lib/python3.8/site-packages/airflow/example_dags/example_task_group.py for tasks to queue
[2022-05-23 21:38:24,422] {logging_mixin.py:104} INFO - [2022-05-23 21:38:24,416] {dagbag.py:496} INFO - Filling up the DagBag from /home/airflow/.local/lib/python3.8/site-packages/airflow/example_dags/example_task_group.py
[2022-05-23 21:38:24,471] {scheduler_job.py:643} INFO - DAG(s) dict_keys(['example_task_group']) retrieved from /home/airflow/.local/lib/python3.8/site-packages/airflow/example_dags/example_task_group.py
[2022-05-23 21:38:24,528] {logging_mixin.py:104} INFO - [2022-05-23 21:38:24,528] {dag.py:1833} INFO - Sync 1 DAGs
[2022-05-23 21:38:24,694] {logging_mixin.py:104} INFO - [2022-05-23 21:38:24,694] {dag.py:2306} INFO - Setting next_dagrun for example_task_group to 2022-05-21 00:00:00+00:00
[2022-05-23 21:38:24,798] {scheduler_job.py:190} INFO - Processing /home/airflow/.local/lib/python3.8/site-packages/airflow/example_dags/example_task_group.py took 0.440 seconds
[2022-05-23 21:40:29,540] {scheduler_job.py:182} INFO - Started process (PID=119) to work on /home/airflow/.local/lib/python3.8/site-packages/airflow/example_dags/example_task_group.py
[2022-05-23 21:40:29,562] {scheduler_job.py:633} INFO - Processing file /home/airflow/.local/lib/python3.8/site-packages/airflow/example_dags/example_task_group.py for tasks to queue
[2022-05-23 21:40:29,572] {logging_mixin.py:104} INFO - [2022-05-23 21:40:29,572] {dagbag.py:496} INFO - Filling up the DagBag from /home/airflow/.local/lib/python3.8/site-packages/airflow/example_dags/example_task_group.py
[2022-05-23 21:40:29,864] {scheduler_job.py:643} INFO - DAG(s) dict_keys(['example_task_group']) retrieved from /home/airflow/.local/lib/python3.8/site-packages/airflow/example_dags/example_task_group.py
[2022-05-23 21:40:29,991] {logging_mixin.py:104} INFO - [2022-05-23 21:40:29,991] {dag.py:1833} INFO - Sync 1 DAGs
[2022-05-23 21:40:30,054] {logging_mixin.py:104} INFO - [2022-05-23 21:40:30,054] {dag.py:2306} INFO - Setting next_dagrun for example_task_group to 2022-05-21 00:00:00+00:00
[2022-05-23 21:40:30,136] {scheduler_job.py:190} INFO - Processing /home/airflow/.local/lib/python3.8/site-packages/airflow/example_dags/example_task_group.py took 0.664 seconds
[2022-05-23 21:44:33,177] {scheduler_job.py:182} INFO - Started process (PID=166) to work on /home/airflow/.local/lib/python3.8/site-packages/airflow/example_dags/example_task_group.py
[2022-05-23 21:44:33,183] {scheduler_job.py:633} INFO - Processing file /home/airflow/.local/lib/python3.8/site-packages/airflow/example_dags/example_task_group.py for tasks to queue
[2022-05-23 21:44:33,185] {logging_mixin.py:104} INFO - [2022-05-23 21:44:33,185] {dagbag.py:496} INFO - Filling up the DagBag from /home/airflow/.local/lib/python3.8/site-packages/airflow/example_dags/example_task_group.py
[2022-05-23 21:44:33,285] {scheduler_job.py:643} INFO - DAG(s) dict_keys(['example_task_group']) retrieved from /home/airflow/.local/lib/python3.8/site-packages/airflow/example_dags/example_task_group.py
[2022-05-23 21:44:33,456] {logging_mixin.py:104} INFO - [2022-05-23 21:44:33,456] {dag.py:1833} INFO - Sync 1 DAGs
[2022-05-23 21:44:33,621] {logging_mixin.py:104} INFO - [2022-05-23 21:44:33,620] {dag.py:2306} INFO - Setting next_dagrun for example_task_group to 2022-05-21 00:00:00+00:00
[2022-05-23 21:44:33,809] {scheduler_job.py:190} INFO - Processing /home/airflow/.local/lib/python3.8/site-packages/airflow/example_dags/example_task_group.py took 0.770 seconds
[2022-05-23 21:59:07,606] {scheduler_job.py:182} INFO - Started process (PID=43) to work on /home/airflow/.local/lib/python3.8/site-packages/airflow/example_dags/example_task_group.py
[2022-05-23 21:59:07,635] {scheduler_job.py:633} INFO - Processing file /home/airflow/.local/lib/python3.8/site-packages/airflow/example_dags/example_task_group.py for tasks to queue
[2022-05-23 21:59:07,641] {logging_mixin.py:104} INFO - [2022-05-23 21:59:07,641] {dagbag.py:496} INFO - Filling up the DagBag from /home/airflow/.local/lib/python3.8/site-packages/airflow/example_dags/example_task_group.py
[2022-05-23 21:59:07,752] {scheduler_job.py:643} INFO - DAG(s) dict_keys(['example_task_group']) retrieved from /home/airflow/.local/lib/python3.8/site-packages/airflow/example_dags/example_task_group.py
[2022-05-23 21:59:07,902] {logging_mixin.py:104} INFO - [2022-05-23 21:59:07,901] {dag.py:1833} INFO - Sync 1 DAGs
[2022-05-23 21:59:08,043] {logging_mixin.py:104} INFO - [2022-05-23 21:59:08,043] {dag.py:2306} INFO - Setting next_dagrun for example_task_group to 2022-05-21 00:00:00+00:00
[2022-05-23 21:59:08,159] {scheduler_job.py:190} INFO - Processing /home/airflow/.local/lib/python3.8/site-packages/airflow/example_dags/example_task_group.py took 0.606 seconds
[2022-05-23 22:02:05,931] {scheduler_job.py:182} INFO - Started process (PID=88) to work on /home/airflow/.local/lib/python3.8/site-packages/airflow/example_dags/example_task_group.py
[2022-05-23 22:02:05,957] {scheduler_job.py:633} INFO - Processing file /home/airflow/.local/lib/python3.8/site-packages/airflow/example_dags/example_task_group.py for tasks to queue
[2022-05-23 22:02:05,982] {logging_mixin.py:104} INFO - [2022-05-23 22:02:05,964] {dagbag.py:496} INFO - Filling up the DagBag from /home/airflow/.local/lib/python3.8/site-packages/airflow/example_dags/example_task_group.py
[2022-05-23 22:02:06,443] {scheduler_job.py:643} INFO - DAG(s) dict_keys(['example_task_group']) retrieved from /home/airflow/.local/lib/python3.8/site-packages/airflow/example_dags/example_task_group.py
[2022-05-23 22:02:06,604] {logging_mixin.py:104} INFO - [2022-05-23 22:02:06,604] {dag.py:1833} INFO - Sync 1 DAGs
[2022-05-23 22:02:06,772] {logging_mixin.py:104} INFO - [2022-05-23 22:02:06,771] {dag.py:2306} INFO - Setting next_dagrun for example_task_group to 2022-05-21 00:00:00+00:00
[2022-05-23 22:02:06,883] {scheduler_job.py:190} INFO - Processing /home/airflow/.local/lib/python3.8/site-packages/airflow/example_dags/example_task_group.py took 0.972 seconds
[2022-05-23 22:08:47,881] {scheduler_job.py:182} INFO - Started process (PID=121) to work on /home/airflow/.local/lib/python3.8/site-packages/airflow/example_dags/example_task_group.py
[2022-05-23 22:08:47,911] {scheduler_job.py:633} INFO - Processing file /home/airflow/.local/lib/python3.8/site-packages/airflow/example_dags/example_task_group.py for tasks to queue
[2022-05-23 22:08:47,953] {logging_mixin.py:104} INFO - [2022-05-23 22:08:47,953] {dagbag.py:496} INFO - Filling up the DagBag from /home/airflow/.local/lib/python3.8/site-packages/airflow/example_dags/example_task_group.py
[2022-05-23 22:08:48,154] {scheduler_job.py:643} INFO - DAG(s) dict_keys(['example_task_group']) retrieved from /home/airflow/.local/lib/python3.8/site-packages/airflow/example_dags/example_task_group.py
[2022-05-23 22:08:48,389] {logging_mixin.py:104} INFO - [2022-05-23 22:08:48,389] {dag.py:1833} INFO - Sync 1 DAGs
[2022-05-23 22:08:48,695] {logging_mixin.py:104} INFO - [2022-05-23 22:08:48,673] {dag.py:2306} INFO - Setting next_dagrun for example_task_group to 2022-05-21 00:00:00+00:00
[2022-05-23 22:08:48,956] {scheduler_job.py:190} INFO - Processing /home/airflow/.local/lib/python3.8/site-packages/airflow/example_dags/example_task_group.py took 1.087 seconds
[2022-05-23 22:17:19,520] {scheduler_job.py:182} INFO - Started process (PID=43) to work on /home/airflow/.local/lib/python3.8/site-packages/airflow/example_dags/example_task_group.py
[2022-05-23 22:17:19,574] {scheduler_job.py:633} INFO - Processing file /home/airflow/.local/lib/python3.8/site-packages/airflow/example_dags/example_task_group.py for tasks to queue
[2022-05-23 22:17:19,589] {logging_mixin.py:104} INFO - [2022-05-23 22:17:19,589] {dagbag.py:496} INFO - Filling up the DagBag from /home/airflow/.local/lib/python3.8/site-packages/airflow/example_dags/example_task_group.py
[2022-05-23 22:17:19,709] {scheduler_job.py:643} INFO - DAG(s) dict_keys(['example_task_group']) retrieved from /home/airflow/.local/lib/python3.8/site-packages/airflow/example_dags/example_task_group.py
[2022-05-23 22:17:23,486] {logging_mixin.py:104} INFO - [2022-05-23 22:17:23,486] {dag.py:1833} INFO - Sync 1 DAGs
[2022-05-23 22:17:23,588] {logging_mixin.py:104} INFO - [2022-05-23 22:17:23,587] {dag.py:2306} INFO - Setting next_dagrun for example_task_group to 2022-05-21 00:00:00+00:00
[2022-05-23 22:17:23,902] {scheduler_job.py:190} INFO - Processing /home/airflow/.local/lib/python3.8/site-packages/airflow/example_dags/example_task_group.py took 4.401 seconds
