[2022-05-23 21:02:50,704] {scheduler_job.py:182} INFO - Started process (PID=62) to work on /home/airflow/.local/lib/python3.8/site-packages/airflow/example_dags/example_xcomargs.py
[2022-05-23 21:02:50,736] {scheduler_job.py:633} INFO - Processing file /home/airflow/.local/lib/python3.8/site-packages/airflow/example_dags/example_xcomargs.py for tasks to queue
[2022-05-23 21:02:50,775] {logging_mixin.py:104} INFO - [2022-05-23 21:02:50,775] {dagbag.py:496} INFO - Filling up the DagBag from /home/airflow/.local/lib/python3.8/site-packages/airflow/example_dags/example_xcomargs.py
[2022-05-23 21:02:51,081] {scheduler_job.py:643} INFO - DAG(s) dict_keys(['example_xcom_args', 'example_xcom_args_with_operators']) retrieved from /home/airflow/.local/lib/python3.8/site-packages/airflow/example_dags/example_xcomargs.py
[2022-05-23 21:02:54,401] {logging_mixin.py:104} INFO - [2022-05-23 21:02:54,397] {dag.py:1833} INFO - Sync 2 DAGs
[2022-05-23 21:02:54,550] {logging_mixin.py:104} INFO - [2022-05-23 21:02:54,550] {dag.py:2306} INFO - Setting next_dagrun for example_xcom_args to None
[2022-05-23 21:02:54,583] {logging_mixin.py:104} INFO - [2022-05-23 21:02:54,580] {dag.py:2306} INFO - Setting next_dagrun for example_xcom_args_with_operators to None
[2022-05-23 21:02:55,066] {scheduler_job.py:190} INFO - Processing /home/airflow/.local/lib/python3.8/site-packages/airflow/example_dags/example_xcomargs.py took 4.392 seconds
[2022-05-23 21:06:39,314] {scheduler_job.py:182} INFO - Started process (PID=95) to work on /home/airflow/.local/lib/python3.8/site-packages/airflow/example_dags/example_xcomargs.py
[2022-05-23 21:06:39,329] {scheduler_job.py:633} INFO - Processing file /home/airflow/.local/lib/python3.8/site-packages/airflow/example_dags/example_xcomargs.py for tasks to queue
[2022-05-23 21:06:39,332] {logging_mixin.py:104} INFO - [2022-05-23 21:06:39,332] {dagbag.py:496} INFO - Filling up the DagBag from /home/airflow/.local/lib/python3.8/site-packages/airflow/example_dags/example_xcomargs.py
[2022-05-23 21:06:39,612] {scheduler_job.py:643} INFO - DAG(s) dict_keys(['example_xcom_args', 'example_xcom_args_with_operators']) retrieved from /home/airflow/.local/lib/python3.8/site-packages/airflow/example_dags/example_xcomargs.py
[2022-05-23 21:06:43,626] {logging_mixin.py:104} INFO - [2022-05-23 21:06:43,621] {dag.py:1833} INFO - Sync 2 DAGs
[2022-05-23 21:06:43,851] {logging_mixin.py:104} INFO - [2022-05-23 21:06:43,850] {dag.py:2306} INFO - Setting next_dagrun for example_xcom_args to None
[2022-05-23 21:06:43,863] {logging_mixin.py:104} INFO - [2022-05-23 21:06:43,862] {dag.py:2306} INFO - Setting next_dagrun for example_xcom_args_with_operators to None
[2022-05-23 21:06:44,065] {scheduler_job.py:190} INFO - Processing /home/airflow/.local/lib/python3.8/site-packages/airflow/example_dags/example_xcomargs.py took 6.007 seconds
[2022-05-23 21:10:37,009] {scheduler_job.py:182} INFO - Started process (PID=123) to work on /home/airflow/.local/lib/python3.8/site-packages/airflow/example_dags/example_xcomargs.py
[2022-05-23 21:10:37,047] {scheduler_job.py:633} INFO - Processing file /home/airflow/.local/lib/python3.8/site-packages/airflow/example_dags/example_xcomargs.py for tasks to queue
[2022-05-23 21:10:37,063] {logging_mixin.py:104} INFO - [2022-05-23 21:10:37,063] {dagbag.py:496} INFO - Filling up the DagBag from /home/airflow/.local/lib/python3.8/site-packages/airflow/example_dags/example_xcomargs.py
[2022-05-23 21:10:37,261] {scheduler_job.py:643} INFO - DAG(s) dict_keys(['example_xcom_args', 'example_xcom_args_with_operators']) retrieved from /home/airflow/.local/lib/python3.8/site-packages/airflow/example_dags/example_xcomargs.py
[2022-05-23 21:12:59,913] {logging_mixin.py:104} INFO - [2022-05-23 21:12:59,883] {dag.py:1833} INFO - Sync 2 DAGs
[2022-05-23 21:13:00,490] {logging_mixin.py:104} INFO - [2022-05-23 21:13:00,490] {dag.py:2306} INFO - Setting next_dagrun for example_xcom_args to None
[2022-05-23 21:13:00,515] {logging_mixin.py:104} INFO - [2022-05-23 21:13:00,515] {dag.py:2306} INFO - Setting next_dagrun for example_xcom_args_with_operators to None
[2022-05-23 21:13:01,080] {scheduler_job.py:190} INFO - Processing /home/airflow/.local/lib/python3.8/site-packages/airflow/example_dags/example_xcomargs.py took 144.261 seconds
[2022-05-23 21:15:08,577] {scheduler_job.py:182} INFO - Started process (PID=152) to work on /home/airflow/.local/lib/python3.8/site-packages/airflow/example_dags/example_xcomargs.py
[2022-05-23 21:15:08,586] {scheduler_job.py:633} INFO - Processing file /home/airflow/.local/lib/python3.8/site-packages/airflow/example_dags/example_xcomargs.py for tasks to queue
[2022-05-23 21:15:08,594] {logging_mixin.py:104} INFO - [2022-05-23 21:15:08,591] {dagbag.py:496} INFO - Filling up the DagBag from /home/airflow/.local/lib/python3.8/site-packages/airflow/example_dags/example_xcomargs.py
[2022-05-23 21:15:08,887] {scheduler_job.py:643} INFO - DAG(s) dict_keys(['example_xcom_args', 'example_xcom_args_with_operators']) retrieved from /home/airflow/.local/lib/python3.8/site-packages/airflow/example_dags/example_xcomargs.py
[2022-05-23 21:16:01,990] {logging_mixin.py:104} INFO - [2022-05-23 21:16:01,979] {dag.py:1833} INFO - Sync 2 DAGs
[2022-05-23 21:16:02,087] {logging_mixin.py:104} INFO - [2022-05-23 21:16:02,087] {dag.py:2306} INFO - Setting next_dagrun for example_xcom_args to None
[2022-05-23 21:16:02,094] {logging_mixin.py:104} INFO - [2022-05-23 21:16:02,094] {dag.py:2306} INFO - Setting next_dagrun for example_xcom_args_with_operators to None
[2022-05-23 21:16:02,299] {scheduler_job.py:190} INFO - Processing /home/airflow/.local/lib/python3.8/site-packages/airflow/example_dags/example_xcomargs.py took 53.834 seconds
[2022-05-23 21:17:47,255] {scheduler_job.py:182} INFO - Started process (PID=175) to work on /home/airflow/.local/lib/python3.8/site-packages/airflow/example_dags/example_xcomargs.py
[2022-05-23 21:17:47,273] {scheduler_job.py:633} INFO - Processing file /home/airflow/.local/lib/python3.8/site-packages/airflow/example_dags/example_xcomargs.py for tasks to queue
[2022-05-23 21:17:47,289] {logging_mixin.py:104} INFO - [2022-05-23 21:17:47,288] {dagbag.py:496} INFO - Filling up the DagBag from /home/airflow/.local/lib/python3.8/site-packages/airflow/example_dags/example_xcomargs.py
[2022-05-23 21:17:50,700] {scheduler_job.py:643} INFO - DAG(s) dict_keys(['example_xcom_args', 'example_xcom_args_with_operators']) retrieved from /home/airflow/.local/lib/python3.8/site-packages/airflow/example_dags/example_xcomargs.py
[2022-05-23 21:19:11,568] {logging_mixin.py:104} INFO - [2022-05-23 21:19:11,552] {dag.py:1833} INFO - Sync 2 DAGs
[2022-05-23 21:19:11,704] {logging_mixin.py:104} INFO - [2022-05-23 21:19:11,700] {dag.py:2306} INFO - Setting next_dagrun for example_xcom_args to None
[2022-05-23 21:19:11,722] {logging_mixin.py:104} INFO - [2022-05-23 21:19:11,722] {dag.py:2306} INFO - Setting next_dagrun for example_xcom_args_with_operators to None
[2022-05-23 21:19:11,907] {scheduler_job.py:190} INFO - Processing /home/airflow/.local/lib/python3.8/site-packages/airflow/example_dags/example_xcomargs.py took 84.769 seconds
[2022-05-23 21:21:04,495] {scheduler_job.py:182} INFO - Started process (PID=200) to work on /home/airflow/.local/lib/python3.8/site-packages/airflow/example_dags/example_xcomargs.py
[2022-05-23 21:21:04,500] {scheduler_job.py:633} INFO - Processing file /home/airflow/.local/lib/python3.8/site-packages/airflow/example_dags/example_xcomargs.py for tasks to queue
[2022-05-23 21:21:04,502] {logging_mixin.py:104} INFO - [2022-05-23 21:21:04,502] {dagbag.py:496} INFO - Filling up the DagBag from /home/airflow/.local/lib/python3.8/site-packages/airflow/example_dags/example_xcomargs.py
[2022-05-23 21:21:05,256] {scheduler_job.py:643} INFO - DAG(s) dict_keys(['example_xcom_args', 'example_xcom_args_with_operators']) retrieved from /home/airflow/.local/lib/python3.8/site-packages/airflow/example_dags/example_xcomargs.py
[2022-05-23 21:21:17,337] {logging_mixin.py:104} INFO - [2022-05-23 21:21:17,337] {dag.py:1833} INFO - Sync 2 DAGs
[2022-05-23 21:21:17,401] {logging_mixin.py:104} INFO - [2022-05-23 21:21:17,401] {dag.py:2306} INFO - Setting next_dagrun for example_xcom_args to None
[2022-05-23 21:21:17,406] {logging_mixin.py:104} INFO - [2022-05-23 21:21:17,406] {dag.py:2306} INFO - Setting next_dagrun for example_xcom_args_with_operators to None
[2022-05-23 21:21:17,568] {scheduler_job.py:190} INFO - Processing /home/airflow/.local/lib/python3.8/site-packages/airflow/example_dags/example_xcomargs.py took 13.080 seconds
[2022-05-23 21:27:55,137] {scheduler_job.py:182} INFO - Started process (PID=224) to work on /home/airflow/.local/lib/python3.8/site-packages/airflow/example_dags/example_xcomargs.py
[2022-05-23 21:27:55,143] {scheduler_job.py:633} INFO - Processing file /home/airflow/.local/lib/python3.8/site-packages/airflow/example_dags/example_xcomargs.py for tasks to queue
[2022-05-23 21:27:55,148] {logging_mixin.py:104} INFO - [2022-05-23 21:27:55,147] {dagbag.py:496} INFO - Filling up the DagBag from /home/airflow/.local/lib/python3.8/site-packages/airflow/example_dags/example_xcomargs.py
[2022-05-23 21:27:55,548] {scheduler_job.py:643} INFO - DAG(s) dict_keys(['example_xcom_args', 'example_xcom_args_with_operators']) retrieved from /home/airflow/.local/lib/python3.8/site-packages/airflow/example_dags/example_xcomargs.py
[2022-05-23 21:28:15,343] {logging_mixin.py:104} INFO - [2022-05-23 21:28:15,338] {dag.py:1833} INFO - Sync 2 DAGs
[2022-05-23 21:28:15,575] {logging_mixin.py:104} INFO - [2022-05-23 21:28:15,575] {dag.py:2306} INFO - Setting next_dagrun for example_xcom_args to None
[2022-05-23 21:28:15,581] {logging_mixin.py:104} INFO - [2022-05-23 21:28:15,581] {dag.py:2306} INFO - Setting next_dagrun for example_xcom_args_with_operators to None
[2022-05-23 21:28:15,916] {scheduler_job.py:190} INFO - Processing /home/airflow/.local/lib/python3.8/site-packages/airflow/example_dags/example_xcomargs.py took 20.836 seconds
[2022-05-23 21:35:40,567] {scheduler_job.py:182} INFO - Started process (PID=36) to work on /home/airflow/.local/lib/python3.8/site-packages/airflow/example_dags/example_xcomargs.py
[2022-05-23 21:35:40,577] {scheduler_job.py:633} INFO - Processing file /home/airflow/.local/lib/python3.8/site-packages/airflow/example_dags/example_xcomargs.py for tasks to queue
[2022-05-23 21:35:40,584] {logging_mixin.py:104} INFO - [2022-05-23 21:35:40,584] {dagbag.py:496} INFO - Filling up the DagBag from /home/airflow/.local/lib/python3.8/site-packages/airflow/example_dags/example_xcomargs.py
[2022-05-23 21:35:40,769] {scheduler_job.py:643} INFO - DAG(s) dict_keys(['example_xcom_args', 'example_xcom_args_with_operators']) retrieved from /home/airflow/.local/lib/python3.8/site-packages/airflow/example_dags/example_xcomargs.py
[2022-05-23 21:35:44,589] {logging_mixin.py:104} INFO - [2022-05-23 21:35:44,573] {dag.py:1833} INFO - Sync 2 DAGs
[2022-05-23 21:35:44,700] {logging_mixin.py:104} INFO - [2022-05-23 21:35:44,699] {dag.py:2306} INFO - Setting next_dagrun for example_xcom_args to None
[2022-05-23 21:35:44,710] {logging_mixin.py:104} INFO - [2022-05-23 21:35:44,710] {dag.py:2306} INFO - Setting next_dagrun for example_xcom_args_with_operators to None
[2022-05-23 21:35:44,910] {scheduler_job.py:190} INFO - Processing /home/airflow/.local/lib/python3.8/site-packages/airflow/example_dags/example_xcomargs.py took 4.371 seconds
[2022-05-23 21:37:42,539] {scheduler_job.py:182} INFO - Started process (PID=69) to work on /home/airflow/.local/lib/python3.8/site-packages/airflow/example_dags/example_xcomargs.py
[2022-05-23 21:37:42,564] {scheduler_job.py:633} INFO - Processing file /home/airflow/.local/lib/python3.8/site-packages/airflow/example_dags/example_xcomargs.py for tasks to queue
[2022-05-23 21:37:42,568] {logging_mixin.py:104} INFO - [2022-05-23 21:37:42,568] {dagbag.py:496} INFO - Filling up the DagBag from /home/airflow/.local/lib/python3.8/site-packages/airflow/example_dags/example_xcomargs.py
[2022-05-23 21:37:43,093] {scheduler_job.py:643} INFO - DAG(s) dict_keys(['example_xcom_args', 'example_xcom_args_with_operators']) retrieved from /home/airflow/.local/lib/python3.8/site-packages/airflow/example_dags/example_xcomargs.py
[2022-05-23 21:37:57,346] {logging_mixin.py:104} INFO - [2022-05-23 21:37:57,346] {dag.py:1833} INFO - Sync 2 DAGs
[2022-05-23 21:37:57,832] {logging_mixin.py:104} INFO - [2022-05-23 21:37:57,831] {dag.py:2306} INFO - Setting next_dagrun for example_xcom_args to None
[2022-05-23 21:37:57,899] {logging_mixin.py:104} INFO - [2022-05-23 21:37:57,898] {dag.py:2306} INFO - Setting next_dagrun for example_xcom_args_with_operators to None
[2022-05-23 21:37:59,304] {scheduler_job.py:190} INFO - Processing /home/airflow/.local/lib/python3.8/site-packages/airflow/example_dags/example_xcomargs.py took 16.777 seconds
[2022-05-23 21:40:05,016] {scheduler_job.py:182} INFO - Started process (PID=112) to work on /home/airflow/.local/lib/python3.8/site-packages/airflow/example_dags/example_xcomargs.py
[2022-05-23 21:40:05,023] {scheduler_job.py:633} INFO - Processing file /home/airflow/.local/lib/python3.8/site-packages/airflow/example_dags/example_xcomargs.py for tasks to queue
[2022-05-23 21:40:05,029] {logging_mixin.py:104} INFO - [2022-05-23 21:40:05,025] {dagbag.py:496} INFO - Filling up the DagBag from /home/airflow/.local/lib/python3.8/site-packages/airflow/example_dags/example_xcomargs.py
[2022-05-23 21:40:05,187] {scheduler_job.py:643} INFO - DAG(s) dict_keys(['example_xcom_args', 'example_xcom_args_with_operators']) retrieved from /home/airflow/.local/lib/python3.8/site-packages/airflow/example_dags/example_xcomargs.py
[2022-05-23 21:40:10,596] {logging_mixin.py:104} INFO - [2022-05-23 21:40:10,595] {dag.py:1833} INFO - Sync 2 DAGs
[2022-05-23 21:40:10,871] {logging_mixin.py:104} INFO - [2022-05-23 21:40:10,868] {dag.py:2306} INFO - Setting next_dagrun for example_xcom_args to None
[2022-05-23 21:40:10,899] {logging_mixin.py:104} INFO - [2022-05-23 21:40:10,887] {dag.py:2306} INFO - Setting next_dagrun for example_xcom_args_with_operators to None
[2022-05-23 21:40:11,103] {scheduler_job.py:190} INFO - Processing /home/airflow/.local/lib/python3.8/site-packages/airflow/example_dags/example_xcomargs.py took 6.128 seconds
[2022-05-23 21:43:59,810] {scheduler_job.py:182} INFO - Started process (PID=159) to work on /home/airflow/.local/lib/python3.8/site-packages/airflow/example_dags/example_xcomargs.py
[2022-05-23 21:43:59,839] {scheduler_job.py:633} INFO - Processing file /home/airflow/.local/lib/python3.8/site-packages/airflow/example_dags/example_xcomargs.py for tasks to queue
[2022-05-23 21:43:59,846] {logging_mixin.py:104} INFO - [2022-05-23 21:43:59,846] {dagbag.py:496} INFO - Filling up the DagBag from /home/airflow/.local/lib/python3.8/site-packages/airflow/example_dags/example_xcomargs.py
[2022-05-23 21:44:00,227] {scheduler_job.py:643} INFO - DAG(s) dict_keys(['example_xcom_args', 'example_xcom_args_with_operators']) retrieved from /home/airflow/.local/lib/python3.8/site-packages/airflow/example_dags/example_xcomargs.py
[2022-05-23 21:44:04,811] {logging_mixin.py:104} INFO - [2022-05-23 21:44:04,809] {dag.py:1833} INFO - Sync 2 DAGs
[2022-05-23 21:44:05,645] {logging_mixin.py:104} INFO - [2022-05-23 21:44:05,645] {dag.py:2306} INFO - Setting next_dagrun for example_xcom_args to None
[2022-05-23 21:44:05,652] {logging_mixin.py:104} INFO - [2022-05-23 21:44:05,651] {dag.py:2306} INFO - Setting next_dagrun for example_xcom_args_with_operators to None
[2022-05-23 21:44:05,842] {scheduler_job.py:190} INFO - Processing /home/airflow/.local/lib/python3.8/site-packages/airflow/example_dags/example_xcomargs.py took 6.057 seconds
[2022-05-23 21:46:07,404] {scheduler_job.py:182} INFO - Started process (PID=185) to work on /home/airflow/.local/lib/python3.8/site-packages/airflow/example_dags/example_xcomargs.py
[2022-05-23 21:46:07,427] {scheduler_job.py:633} INFO - Processing file /home/airflow/.local/lib/python3.8/site-packages/airflow/example_dags/example_xcomargs.py for tasks to queue
[2022-05-23 21:46:07,536] {logging_mixin.py:104} INFO - [2022-05-23 21:46:07,536] {dagbag.py:496} INFO - Filling up the DagBag from /home/airflow/.local/lib/python3.8/site-packages/airflow/example_dags/example_xcomargs.py
[2022-05-23 21:46:10,079] {scheduler_job.py:643} INFO - DAG(s) dict_keys(['example_xcom_args', 'example_xcom_args_with_operators']) retrieved from /home/airflow/.local/lib/python3.8/site-packages/airflow/example_dags/example_xcomargs.py
[2022-05-23 21:46:17,305] {logging_mixin.py:104} INFO - [2022-05-23 21:46:17,240] {dag.py:1833} INFO - Sync 2 DAGs
[2022-05-23 21:46:21,310] {logging_mixin.py:104} INFO - [2022-05-23 21:46:21,307] {dag.py:2306} INFO - Setting next_dagrun for example_xcom_args to None
[2022-05-23 21:46:21,314] {logging_mixin.py:104} INFO - [2022-05-23 21:46:21,314] {dag.py:2306} INFO - Setting next_dagrun for example_xcom_args_with_operators to None
[2022-05-23 21:46:21,576] {scheduler_job.py:190} INFO - Processing /home/airflow/.local/lib/python3.8/site-packages/airflow/example_dags/example_xcomargs.py took 14.207 seconds
[2022-05-23 21:58:35,574] {scheduler_job.py:182} INFO - Started process (PID=36) to work on /home/airflow/.local/lib/python3.8/site-packages/airflow/example_dags/example_xcomargs.py
[2022-05-23 21:58:35,644] {scheduler_job.py:633} INFO - Processing file /home/airflow/.local/lib/python3.8/site-packages/airflow/example_dags/example_xcomargs.py for tasks to queue
[2022-05-23 21:58:35,647] {logging_mixin.py:104} INFO - [2022-05-23 21:58:35,647] {dagbag.py:496} INFO - Filling up the DagBag from /home/airflow/.local/lib/python3.8/site-packages/airflow/example_dags/example_xcomargs.py
[2022-05-23 21:58:36,586] {scheduler_job.py:643} INFO - DAG(s) dict_keys(['example_xcom_args', 'example_xcom_args_with_operators']) retrieved from /home/airflow/.local/lib/python3.8/site-packages/airflow/example_dags/example_xcomargs.py
[2022-05-23 21:58:41,150] {logging_mixin.py:104} INFO - [2022-05-23 21:58:41,150] {dag.py:1833} INFO - Sync 2 DAGs
[2022-05-23 21:58:41,302] {logging_mixin.py:104} INFO - [2022-05-23 21:58:41,302] {dag.py:2306} INFO - Setting next_dagrun for example_xcom_args to None
[2022-05-23 21:58:41,313] {logging_mixin.py:104} INFO - [2022-05-23 21:58:41,313] {dag.py:2306} INFO - Setting next_dagrun for example_xcom_args_with_operators to None
[2022-05-23 21:58:41,465] {scheduler_job.py:190} INFO - Processing /home/airflow/.local/lib/python3.8/site-packages/airflow/example_dags/example_xcomargs.py took 5.937 seconds
[2022-05-23 22:00:24,785] {scheduler_job.py:182} INFO - Started process (PID=69) to work on /home/airflow/.local/lib/python3.8/site-packages/airflow/example_dags/example_xcomargs.py
[2022-05-23 22:00:24,791] {scheduler_job.py:633} INFO - Processing file /home/airflow/.local/lib/python3.8/site-packages/airflow/example_dags/example_xcomargs.py for tasks to queue
[2022-05-23 22:00:24,795] {logging_mixin.py:104} INFO - [2022-05-23 22:00:24,795] {dagbag.py:496} INFO - Filling up the DagBag from /home/airflow/.local/lib/python3.8/site-packages/airflow/example_dags/example_xcomargs.py
[2022-05-23 22:00:25,540] {scheduler_job.py:643} INFO - DAG(s) dict_keys(['example_xcom_args', 'example_xcom_args_with_operators']) retrieved from /home/airflow/.local/lib/python3.8/site-packages/airflow/example_dags/example_xcomargs.py
[2022-05-23 22:00:29,886] {logging_mixin.py:104} INFO - [2022-05-23 22:00:29,886] {dag.py:1833} INFO - Sync 2 DAGs
[2022-05-23 22:00:30,044] {logging_mixin.py:104} INFO - [2022-05-23 22:00:30,044] {dag.py:2306} INFO - Setting next_dagrun for example_xcom_args to None
[2022-05-23 22:00:30,060] {logging_mixin.py:104} INFO - [2022-05-23 22:00:30,059] {dag.py:2306} INFO - Setting next_dagrun for example_xcom_args_with_operators to None
[2022-05-23 22:00:30,293] {scheduler_job.py:190} INFO - Processing /home/airflow/.local/lib/python3.8/site-packages/airflow/example_dags/example_xcomargs.py took 6.118 seconds
[2022-05-23 22:06:38,190] {scheduler_job.py:182} INFO - Started process (PID=114) to work on /home/airflow/.local/lib/python3.8/site-packages/airflow/example_dags/example_xcomargs.py
[2022-05-23 22:06:38,310] {scheduler_job.py:633} INFO - Processing file /home/airflow/.local/lib/python3.8/site-packages/airflow/example_dags/example_xcomargs.py for tasks to queue
[2022-05-23 22:06:38,329] {logging_mixin.py:104} INFO - [2022-05-23 22:06:38,318] {dagbag.py:496} INFO - Filling up the DagBag from /home/airflow/.local/lib/python3.8/site-packages/airflow/example_dags/example_xcomargs.py
[2022-05-23 22:06:38,838] {scheduler_job.py:643} INFO - DAG(s) dict_keys(['example_xcom_args', 'example_xcom_args_with_operators']) retrieved from /home/airflow/.local/lib/python3.8/site-packages/airflow/example_dags/example_xcomargs.py
[2022-05-23 22:06:45,044] {logging_mixin.py:104} INFO - [2022-05-23 22:06:45,044] {dag.py:1833} INFO - Sync 2 DAGs
[2022-05-23 22:06:45,419] {logging_mixin.py:104} INFO - [2022-05-23 22:06:45,419] {dag.py:2306} INFO - Setting next_dagrun for example_xcom_args to None
[2022-05-23 22:06:45,440] {logging_mixin.py:104} INFO - [2022-05-23 22:06:45,439] {dag.py:2306} INFO - Setting next_dagrun for example_xcom_args_with_operators to None
[2022-05-23 22:06:49,966] {scheduler_job.py:190} INFO - Processing /home/airflow/.local/lib/python3.8/site-packages/airflow/example_dags/example_xcomargs.py took 11.917 seconds
[2022-05-23 22:12:15,396] {scheduler_job.py:182} INFO - Started process (PID=144) to work on /home/airflow/.local/lib/python3.8/site-packages/airflow/example_dags/example_xcomargs.py
[2022-05-23 22:12:15,426] {scheduler_job.py:633} INFO - Processing file /home/airflow/.local/lib/python3.8/site-packages/airflow/example_dags/example_xcomargs.py for tasks to queue
[2022-05-23 22:12:15,435] {logging_mixin.py:104} INFO - [2022-05-23 22:12:15,435] {dagbag.py:496} INFO - Filling up the DagBag from /home/airflow/.local/lib/python3.8/site-packages/airflow/example_dags/example_xcomargs.py
[2022-05-23 22:12:15,816] {scheduler_job.py:643} INFO - DAG(s) dict_keys(['example_xcom_args', 'example_xcom_args_with_operators']) retrieved from /home/airflow/.local/lib/python3.8/site-packages/airflow/example_dags/example_xcomargs.py
[2022-05-23 22:12:22,655] {logging_mixin.py:104} INFO - [2022-05-23 22:12:22,648] {dag.py:1833} INFO - Sync 2 DAGs
[2022-05-23 22:13:00,663] {logging_mixin.py:104} INFO - [2022-05-23 22:13:00,657] {dag.py:2306} INFO - Setting next_dagrun for example_xcom_args to None
[2022-05-23 22:13:00,679] {logging_mixin.py:104} INFO - [2022-05-23 22:13:00,679] {dag.py:2306} INFO - Setting next_dagrun for example_xcom_args_with_operators to None
[2022-05-23 22:13:01,222] {scheduler_job.py:190} INFO - Processing /home/airflow/.local/lib/python3.8/site-packages/airflow/example_dags/example_xcomargs.py took 45.804 seconds
[2022-05-23 22:16:55,261] {scheduler_job.py:182} INFO - Started process (PID=36) to work on /home/airflow/.local/lib/python3.8/site-packages/airflow/example_dags/example_xcomargs.py
[2022-05-23 22:16:55,274] {scheduler_job.py:633} INFO - Processing file /home/airflow/.local/lib/python3.8/site-packages/airflow/example_dags/example_xcomargs.py for tasks to queue
[2022-05-23 22:16:55,302] {logging_mixin.py:104} INFO - [2022-05-23 22:16:55,302] {dagbag.py:496} INFO - Filling up the DagBag from /home/airflow/.local/lib/python3.8/site-packages/airflow/example_dags/example_xcomargs.py
[2022-05-23 22:16:55,622] {scheduler_job.py:643} INFO - DAG(s) dict_keys(['example_xcom_args', 'example_xcom_args_with_operators']) retrieved from /home/airflow/.local/lib/python3.8/site-packages/airflow/example_dags/example_xcomargs.py
[2022-05-23 22:16:59,057] {logging_mixin.py:104} INFO - [2022-05-23 22:16:59,055] {dag.py:1833} INFO - Sync 2 DAGs
[2022-05-23 22:16:59,148] {logging_mixin.py:104} INFO - [2022-05-23 22:16:59,147] {dag.py:2306} INFO - Setting next_dagrun for example_xcom_args to None
[2022-05-23 22:16:59,153] {logging_mixin.py:104} INFO - [2022-05-23 22:16:59,153] {dag.py:2306} INFO - Setting next_dagrun for example_xcom_args_with_operators to None
[2022-05-23 22:16:59,357] {scheduler_job.py:190} INFO - Processing /home/airflow/.local/lib/python3.8/site-packages/airflow/example_dags/example_xcomargs.py took 4.127 seconds
[2022-05-23 22:19:12,433] {scheduler_job.py:182} INFO - Started process (PID=69) to work on /home/airflow/.local/lib/python3.8/site-packages/airflow/example_dags/example_xcomargs.py
[2022-05-23 22:19:12,594] {scheduler_job.py:633} INFO - Processing file /home/airflow/.local/lib/python3.8/site-packages/airflow/example_dags/example_xcomargs.py for tasks to queue
[2022-05-23 22:19:12,626] {logging_mixin.py:104} INFO - [2022-05-23 22:19:12,625] {dagbag.py:496} INFO - Filling up the DagBag from /home/airflow/.local/lib/python3.8/site-packages/airflow/example_dags/example_xcomargs.py
[2022-05-23 22:19:13,186] {scheduler_job.py:643} INFO - DAG(s) dict_keys(['example_xcom_args', 'example_xcom_args_with_operators']) retrieved from /home/airflow/.local/lib/python3.8/site-packages/airflow/example_dags/example_xcomargs.py
