[2022-05-23 21:02:29,103] {scheduler_job.py:182} INFO - Started process (PID=59) to work on /home/airflow/.local/lib/python3.8/site-packages/airflow/example_dags/example_skip_dag.py
[2022-05-23 21:02:29,112] {scheduler_job.py:633} INFO - Processing file /home/airflow/.local/lib/python3.8/site-packages/airflow/example_dags/example_skip_dag.py for tasks to queue
[2022-05-23 21:02:29,116] {logging_mixin.py:104} INFO - [2022-05-23 21:02:29,115] {dagbag.py:496} INFO - Filling up the DagBag from /home/airflow/.local/lib/python3.8/site-packages/airflow/example_dags/example_skip_dag.py
[2022-05-23 21:02:29,173] {scheduler_job.py:643} INFO - DAG(s) dict_keys(['example_skip_dag']) retrieved from /home/airflow/.local/lib/python3.8/site-packages/airflow/example_dags/example_skip_dag.py
[2022-05-23 21:02:33,278] {logging_mixin.py:104} INFO - [2022-05-23 21:02:33,278] {dag.py:1833} INFO - Sync 1 DAGs
[2022-05-23 21:02:33,395] {logging_mixin.py:104} INFO - [2022-05-23 21:02:33,395] {dag.py:2306} INFO - Setting next_dagrun for example_skip_dag to 2022-05-21 00:00:00+00:00
[2022-05-23 21:02:33,622] {scheduler_job.py:190} INFO - Processing /home/airflow/.local/lib/python3.8/site-packages/airflow/example_dags/example_skip_dag.py took 4.522 seconds
[2022-05-23 21:06:27,399] {scheduler_job.py:182} INFO - Started process (PID=92) to work on /home/airflow/.local/lib/python3.8/site-packages/airflow/example_dags/example_skip_dag.py
[2022-05-23 21:06:27,430] {scheduler_job.py:633} INFO - Processing file /home/airflow/.local/lib/python3.8/site-packages/airflow/example_dags/example_skip_dag.py for tasks to queue
[2022-05-23 21:06:27,439] {logging_mixin.py:104} INFO - [2022-05-23 21:06:27,438] {dagbag.py:496} INFO - Filling up the DagBag from /home/airflow/.local/lib/python3.8/site-packages/airflow/example_dags/example_skip_dag.py
[2022-05-23 21:06:27,555] {scheduler_job.py:643} INFO - DAG(s) dict_keys(['example_skip_dag']) retrieved from /home/airflow/.local/lib/python3.8/site-packages/airflow/example_dags/example_skip_dag.py
[2022-05-23 21:06:28,177] {logging_mixin.py:104} INFO - [2022-05-23 21:06:28,153] {dag.py:1833} INFO - Sync 1 DAGs
[2022-05-23 21:06:28,394] {logging_mixin.py:104} INFO - [2022-05-23 21:06:28,385] {dag.py:2306} INFO - Setting next_dagrun for example_skip_dag to 2022-05-21 00:00:00+00:00
[2022-05-23 21:06:28,533] {scheduler_job.py:190} INFO - Processing /home/airflow/.local/lib/python3.8/site-packages/airflow/example_dags/example_skip_dag.py took 1.230 seconds
[2022-05-23 21:10:30,249] {scheduler_job.py:182} INFO - Started process (PID=120) to work on /home/airflow/.local/lib/python3.8/site-packages/airflow/example_dags/example_skip_dag.py
[2022-05-23 21:10:30,277] {scheduler_job.py:633} INFO - Processing file /home/airflow/.local/lib/python3.8/site-packages/airflow/example_dags/example_skip_dag.py for tasks to queue
[2022-05-23 21:10:30,306] {logging_mixin.py:104} INFO - [2022-05-23 21:10:30,306] {dagbag.py:496} INFO - Filling up the DagBag from /home/airflow/.local/lib/python3.8/site-packages/airflow/example_dags/example_skip_dag.py
[2022-05-23 21:10:30,403] {scheduler_job.py:643} INFO - DAG(s) dict_keys(['example_skip_dag']) retrieved from /home/airflow/.local/lib/python3.8/site-packages/airflow/example_dags/example_skip_dag.py
[2022-05-23 21:10:30,971] {logging_mixin.py:104} INFO - [2022-05-23 21:10:30,970] {dag.py:1833} INFO - Sync 1 DAGs
[2022-05-23 21:10:31,143] {logging_mixin.py:104} INFO - [2022-05-23 21:10:31,142] {dag.py:2306} INFO - Setting next_dagrun for example_skip_dag to 2022-05-21 00:00:00+00:00
[2022-05-23 21:10:31,237] {scheduler_job.py:190} INFO - Processing /home/airflow/.local/lib/python3.8/site-packages/airflow/example_dags/example_skip_dag.py took 0.997 seconds
[2022-05-23 21:15:01,401] {scheduler_job.py:182} INFO - Started process (PID=149) to work on /home/airflow/.local/lib/python3.8/site-packages/airflow/example_dags/example_skip_dag.py
[2022-05-23 21:15:01,428] {scheduler_job.py:633} INFO - Processing file /home/airflow/.local/lib/python3.8/site-packages/airflow/example_dags/example_skip_dag.py for tasks to queue
[2022-05-23 21:15:01,439] {logging_mixin.py:104} INFO - [2022-05-23 21:15:01,435] {dagbag.py:496} INFO - Filling up the DagBag from /home/airflow/.local/lib/python3.8/site-packages/airflow/example_dags/example_skip_dag.py
[2022-05-23 21:15:01,600] {scheduler_job.py:643} INFO - DAG(s) dict_keys(['example_skip_dag']) retrieved from /home/airflow/.local/lib/python3.8/site-packages/airflow/example_dags/example_skip_dag.py
[2022-05-23 21:15:01,868] {logging_mixin.py:104} INFO - [2022-05-23 21:15:01,868] {dag.py:1833} INFO - Sync 1 DAGs
[2022-05-23 21:15:02,125] {logging_mixin.py:104} INFO - [2022-05-23 21:15:02,125] {dag.py:2306} INFO - Setting next_dagrun for example_skip_dag to 2022-05-21 00:00:00+00:00
[2022-05-23 21:15:02,326] {scheduler_job.py:190} INFO - Processing /home/airflow/.local/lib/python3.8/site-packages/airflow/example_dags/example_skip_dag.py took 0.937 seconds
[2022-05-23 21:17:28,796] {scheduler_job.py:182} INFO - Started process (PID=172) to work on /home/airflow/.local/lib/python3.8/site-packages/airflow/example_dags/example_skip_dag.py
[2022-05-23 21:17:30,499] {scheduler_job.py:633} INFO - Processing file /home/airflow/.local/lib/python3.8/site-packages/airflow/example_dags/example_skip_dag.py for tasks to queue
[2022-05-23 21:17:31,004] {logging_mixin.py:104} INFO - [2022-05-23 21:17:30,977] {dagbag.py:496} INFO - Filling up the DagBag from /home/airflow/.local/lib/python3.8/site-packages/airflow/example_dags/example_skip_dag.py
[2022-05-23 21:17:32,950] {scheduler_job.py:643} INFO - DAG(s) dict_keys(['example_skip_dag']) retrieved from /home/airflow/.local/lib/python3.8/site-packages/airflow/example_dags/example_skip_dag.py
[2022-05-23 21:17:34,093] {logging_mixin.py:104} INFO - [2022-05-23 21:17:34,093] {dag.py:1833} INFO - Sync 1 DAGs
[2022-05-23 21:17:34,813] {logging_mixin.py:104} INFO - [2022-05-23 21:17:34,812] {dag.py:2306} INFO - Setting next_dagrun for example_skip_dag to 2022-05-21 00:00:00+00:00
[2022-05-23 21:17:35,237] {scheduler_job.py:190} INFO - Processing /home/airflow/.local/lib/python3.8/site-packages/airflow/example_dags/example_skip_dag.py took 8.332 seconds
[2022-05-23 21:20:56,526] {scheduler_job.py:182} INFO - Started process (PID=197) to work on /home/airflow/.local/lib/python3.8/site-packages/airflow/example_dags/example_skip_dag.py
[2022-05-23 21:20:56,530] {scheduler_job.py:633} INFO - Processing file /home/airflow/.local/lib/python3.8/site-packages/airflow/example_dags/example_skip_dag.py for tasks to queue
[2022-05-23 21:20:56,532] {logging_mixin.py:104} INFO - [2022-05-23 21:20:56,532] {dagbag.py:496} INFO - Filling up the DagBag from /home/airflow/.local/lib/python3.8/site-packages/airflow/example_dags/example_skip_dag.py
[2022-05-23 21:20:56,555] {scheduler_job.py:643} INFO - DAG(s) dict_keys(['example_skip_dag']) retrieved from /home/airflow/.local/lib/python3.8/site-packages/airflow/example_dags/example_skip_dag.py
[2022-05-23 21:20:56,609] {logging_mixin.py:104} INFO - [2022-05-23 21:20:56,609] {dag.py:1833} INFO - Sync 1 DAGs
[2022-05-23 21:20:56,779] {logging_mixin.py:104} INFO - [2022-05-23 21:20:56,779] {dag.py:2306} INFO - Setting next_dagrun for example_skip_dag to 2022-05-21 00:00:00+00:00
[2022-05-23 21:20:57,340] {scheduler_job.py:190} INFO - Processing /home/airflow/.local/lib/python3.8/site-packages/airflow/example_dags/example_skip_dag.py took 0.820 seconds
[2022-05-23 21:27:42,165] {scheduler_job.py:182} INFO - Started process (PID=221) to work on /home/airflow/.local/lib/python3.8/site-packages/airflow/example_dags/example_skip_dag.py
[2022-05-23 21:27:42,183] {scheduler_job.py:633} INFO - Processing file /home/airflow/.local/lib/python3.8/site-packages/airflow/example_dags/example_skip_dag.py for tasks to queue
[2022-05-23 21:27:42,190] {logging_mixin.py:104} INFO - [2022-05-23 21:27:42,190] {dagbag.py:496} INFO - Filling up the DagBag from /home/airflow/.local/lib/python3.8/site-packages/airflow/example_dags/example_skip_dag.py
[2022-05-23 21:27:42,276] {scheduler_job.py:643} INFO - DAG(s) dict_keys(['example_skip_dag']) retrieved from /home/airflow/.local/lib/python3.8/site-packages/airflow/example_dags/example_skip_dag.py
[2022-05-23 21:27:42,381] {logging_mixin.py:104} INFO - [2022-05-23 21:27:42,381] {dag.py:1833} INFO - Sync 1 DAGs
[2022-05-23 21:27:42,701] {logging_mixin.py:104} INFO - [2022-05-23 21:27:42,696] {dag.py:2306} INFO - Setting next_dagrun for example_skip_dag to 2022-05-21 00:00:00+00:00
[2022-05-23 21:27:43,169] {scheduler_job.py:190} INFO - Processing /home/airflow/.local/lib/python3.8/site-packages/airflow/example_dags/example_skip_dag.py took 1.045 seconds
[2022-05-23 21:35:31,602] {scheduler_job.py:182} INFO - Started process (PID=33) to work on /home/airflow/.local/lib/python3.8/site-packages/airflow/example_dags/example_skip_dag.py
[2022-05-23 21:35:31,624] {scheduler_job.py:633} INFO - Processing file /home/airflow/.local/lib/python3.8/site-packages/airflow/example_dags/example_skip_dag.py for tasks to queue
[2022-05-23 21:35:31,626] {logging_mixin.py:104} INFO - [2022-05-23 21:35:31,626] {dagbag.py:496} INFO - Filling up the DagBag from /home/airflow/.local/lib/python3.8/site-packages/airflow/example_dags/example_skip_dag.py
[2022-05-23 21:35:31,958] {scheduler_job.py:643} INFO - DAG(s) dict_keys(['example_skip_dag']) retrieved from /home/airflow/.local/lib/python3.8/site-packages/airflow/example_dags/example_skip_dag.py
[2022-05-23 21:35:32,148] {logging_mixin.py:104} INFO - [2022-05-23 21:35:32,147] {dag.py:1833} INFO - Sync 1 DAGs
[2022-05-23 21:35:32,597] {logging_mixin.py:104} INFO - [2022-05-23 21:35:32,597] {dag.py:2306} INFO - Setting next_dagrun for example_skip_dag to 2022-05-21 00:00:00+00:00
[2022-05-23 21:35:32,781] {scheduler_job.py:190} INFO - Processing /home/airflow/.local/lib/python3.8/site-packages/airflow/example_dags/example_skip_dag.py took 1.210 seconds
[2022-05-23 21:37:26,083] {scheduler_job.py:182} INFO - Started process (PID=66) to work on /home/airflow/.local/lib/python3.8/site-packages/airflow/example_dags/example_skip_dag.py
[2022-05-23 21:37:26,141] {scheduler_job.py:633} INFO - Processing file /home/airflow/.local/lib/python3.8/site-packages/airflow/example_dags/example_skip_dag.py for tasks to queue
[2022-05-23 21:37:26,155] {logging_mixin.py:104} INFO - [2022-05-23 21:37:26,155] {dagbag.py:496} INFO - Filling up the DagBag from /home/airflow/.local/lib/python3.8/site-packages/airflow/example_dags/example_skip_dag.py
[2022-05-23 21:37:26,421] {scheduler_job.py:643} INFO - DAG(s) dict_keys(['example_skip_dag']) retrieved from /home/airflow/.local/lib/python3.8/site-packages/airflow/example_dags/example_skip_dag.py
[2022-05-23 21:37:26,600] {logging_mixin.py:104} INFO - [2022-05-23 21:37:26,600] {dag.py:1833} INFO - Sync 1 DAGs
[2022-05-23 21:37:26,905] {logging_mixin.py:104} INFO - [2022-05-23 21:37:26,905] {dag.py:2306} INFO - Setting next_dagrun for example_skip_dag to 2022-05-21 00:00:00+00:00
[2022-05-23 21:37:27,141] {scheduler_job.py:190} INFO - Processing /home/airflow/.local/lib/python3.8/site-packages/airflow/example_dags/example_skip_dag.py took 1.091 seconds
[2022-05-23 21:39:05,849] {scheduler_job.py:182} INFO - Started process (PID=89) to work on /home/airflow/.local/lib/python3.8/site-packages/airflow/example_dags/example_skip_dag.py
[2022-05-23 21:39:05,870] {scheduler_job.py:633} INFO - Processing file /home/airflow/.local/lib/python3.8/site-packages/airflow/example_dags/example_skip_dag.py for tasks to queue
[2022-05-23 21:39:05,877] {logging_mixin.py:104} INFO - [2022-05-23 21:39:05,875] {dagbag.py:496} INFO - Filling up the DagBag from /home/airflow/.local/lib/python3.8/site-packages/airflow/example_dags/example_skip_dag.py
[2022-05-23 21:39:05,923] {scheduler_job.py:643} INFO - DAG(s) dict_keys(['example_skip_dag']) retrieved from /home/airflow/.local/lib/python3.8/site-packages/airflow/example_dags/example_skip_dag.py
[2022-05-23 21:39:05,983] {logging_mixin.py:104} INFO - [2022-05-23 21:39:05,983] {dag.py:1833} INFO - Sync 1 DAGs
[2022-05-23 21:39:06,218] {logging_mixin.py:104} INFO - [2022-05-23 21:39:06,218] {dag.py:2306} INFO - Setting next_dagrun for example_skip_dag to 2022-05-21 00:00:00+00:00
[2022-05-23 21:39:06,417] {scheduler_job.py:190} INFO - Processing /home/airflow/.local/lib/python3.8/site-packages/airflow/example_dags/example_skip_dag.py took 0.598 seconds
[2022-05-23 21:42:03,815] {scheduler_job.py:182} INFO - Started process (PID=132) to work on /home/airflow/.local/lib/python3.8/site-packages/airflow/example_dags/example_skip_dag.py
[2022-05-23 21:42:03,828] {scheduler_job.py:633} INFO - Processing file /home/airflow/.local/lib/python3.8/site-packages/airflow/example_dags/example_skip_dag.py for tasks to queue
[2022-05-23 21:42:03,834] {logging_mixin.py:104} INFO - [2022-05-23 21:42:03,834] {dagbag.py:496} INFO - Filling up the DagBag from /home/airflow/.local/lib/python3.8/site-packages/airflow/example_dags/example_skip_dag.py
[2022-05-23 21:42:04,073] {scheduler_job.py:643} INFO - DAG(s) dict_keys(['example_skip_dag']) retrieved from /home/airflow/.local/lib/python3.8/site-packages/airflow/example_dags/example_skip_dag.py
[2022-05-23 21:42:04,969] {logging_mixin.py:104} INFO - [2022-05-23 21:42:04,969] {dag.py:1833} INFO - Sync 1 DAGs
[2022-05-23 21:42:06,324] {logging_mixin.py:104} INFO - [2022-05-23 21:42:06,323] {dag.py:2306} INFO - Setting next_dagrun for example_skip_dag to 2022-05-21 00:00:00+00:00
[2022-05-23 21:42:06,909] {scheduler_job.py:190} INFO - Processing /home/airflow/.local/lib/python3.8/site-packages/airflow/example_dags/example_skip_dag.py took 3.134 seconds
[2022-05-23 21:43:52,425] {scheduler_job.py:182} INFO - Started process (PID=156) to work on /home/airflow/.local/lib/python3.8/site-packages/airflow/example_dags/example_skip_dag.py
[2022-05-23 21:43:52,435] {scheduler_job.py:633} INFO - Processing file /home/airflow/.local/lib/python3.8/site-packages/airflow/example_dags/example_skip_dag.py for tasks to queue
[2022-05-23 21:43:52,442] {logging_mixin.py:104} INFO - [2022-05-23 21:43:52,440] {dagbag.py:496} INFO - Filling up the DagBag from /home/airflow/.local/lib/python3.8/site-packages/airflow/example_dags/example_skip_dag.py
[2022-05-23 21:43:52,530] {scheduler_job.py:643} INFO - DAG(s) dict_keys(['example_skip_dag']) retrieved from /home/airflow/.local/lib/python3.8/site-packages/airflow/example_dags/example_skip_dag.py
[2022-05-23 21:43:52,653] {logging_mixin.py:104} INFO - [2022-05-23 21:43:52,651] {dag.py:1833} INFO - Sync 1 DAGs
[2022-05-23 21:43:52,834] {logging_mixin.py:104} INFO - [2022-05-23 21:43:52,833] {dag.py:2306} INFO - Setting next_dagrun for example_skip_dag to 2022-05-21 00:00:00+00:00
[2022-05-23 21:43:52,987] {scheduler_job.py:190} INFO - Processing /home/airflow/.local/lib/python3.8/site-packages/airflow/example_dags/example_skip_dag.py took 0.578 seconds
[2022-05-23 21:45:54,652] {scheduler_job.py:182} INFO - Started process (PID=182) to work on /home/airflow/.local/lib/python3.8/site-packages/airflow/example_dags/example_skip_dag.py
[2022-05-23 21:45:54,676] {scheduler_job.py:633} INFO - Processing file /home/airflow/.local/lib/python3.8/site-packages/airflow/example_dags/example_skip_dag.py for tasks to queue
[2022-05-23 21:45:54,679] {logging_mixin.py:104} INFO - [2022-05-23 21:45:54,678] {dagbag.py:496} INFO - Filling up the DagBag from /home/airflow/.local/lib/python3.8/site-packages/airflow/example_dags/example_skip_dag.py
[2022-05-23 21:45:55,251] {scheduler_job.py:643} INFO - DAG(s) dict_keys(['example_skip_dag']) retrieved from /home/airflow/.local/lib/python3.8/site-packages/airflow/example_dags/example_skip_dag.py
[2022-05-23 21:45:55,648] {logging_mixin.py:104} INFO - [2022-05-23 21:45:55,648] {dag.py:1833} INFO - Sync 1 DAGs
[2022-05-23 21:45:56,096] {logging_mixin.py:104} INFO - [2022-05-23 21:45:56,096] {dag.py:2306} INFO - Setting next_dagrun for example_skip_dag to 2022-05-21 00:00:00+00:00
[2022-05-23 21:45:56,799] {scheduler_job.py:190} INFO - Processing /home/airflow/.local/lib/python3.8/site-packages/airflow/example_dags/example_skip_dag.py took 2.187 seconds
[2022-05-23 21:52:45,060] {scheduler_job.py:182} INFO - Started process (PID=206) to work on /home/airflow/.local/lib/python3.8/site-packages/airflow/example_dags/example_skip_dag.py
[2022-05-23 21:52:45,128] {scheduler_job.py:633} INFO - Processing file /home/airflow/.local/lib/python3.8/site-packages/airflow/example_dags/example_skip_dag.py for tasks to queue
[2022-05-23 21:52:45,165] {logging_mixin.py:104} INFO - [2022-05-23 21:52:45,165] {dagbag.py:496} INFO - Filling up the DagBag from /home/airflow/.local/lib/python3.8/site-packages/airflow/example_dags/example_skip_dag.py
[2022-05-23 21:52:45,452] {scheduler_job.py:643} INFO - DAG(s) dict_keys(['example_skip_dag']) retrieved from /home/airflow/.local/lib/python3.8/site-packages/airflow/example_dags/example_skip_dag.py
[2022-05-23 21:52:45,672] {logging_mixin.py:104} INFO - [2022-05-23 21:52:45,667] {dag.py:1833} INFO - Sync 1 DAGs
[2022-05-23 21:52:46,587] {logging_mixin.py:104} INFO - [2022-05-23 21:52:46,564] {dag.py:2306} INFO - Setting next_dagrun for example_skip_dag to 2022-05-21 00:00:00+00:00
[2022-05-23 21:52:46,740] {scheduler_job.py:190} INFO - Processing /home/airflow/.local/lib/python3.8/site-packages/airflow/example_dags/example_skip_dag.py took 1.806 seconds
[2022-05-23 21:58:15,706] {scheduler_job.py:182} INFO - Started process (PID=33) to work on /home/airflow/.local/lib/python3.8/site-packages/airflow/example_dags/example_skip_dag.py
[2022-05-23 21:58:15,775] {scheduler_job.py:633} INFO - Processing file /home/airflow/.local/lib/python3.8/site-packages/airflow/example_dags/example_skip_dag.py for tasks to queue
[2022-05-23 21:58:15,810] {logging_mixin.py:104} INFO - [2022-05-23 21:58:15,808] {dagbag.py:496} INFO - Filling up the DagBag from /home/airflow/.local/lib/python3.8/site-packages/airflow/example_dags/example_skip_dag.py
[2022-05-23 21:58:15,922] {scheduler_job.py:643} INFO - DAG(s) dict_keys(['example_skip_dag']) retrieved from /home/airflow/.local/lib/python3.8/site-packages/airflow/example_dags/example_skip_dag.py
[2022-05-23 21:58:16,311] {logging_mixin.py:104} INFO - [2022-05-23 21:58:16,311] {dag.py:1833} INFO - Sync 1 DAGs
[2022-05-23 21:58:19,755] {logging_mixin.py:104} INFO - [2022-05-23 21:58:19,712] {dag.py:2306} INFO - Setting next_dagrun for example_skip_dag to 2022-05-21 00:00:00+00:00
[2022-05-23 21:58:22,299] {scheduler_job.py:190} INFO - Processing /home/airflow/.local/lib/python3.8/site-packages/airflow/example_dags/example_skip_dag.py took 6.612 seconds
[2022-05-23 22:00:14,098] {scheduler_job.py:182} INFO - Started process (PID=66) to work on /home/airflow/.local/lib/python3.8/site-packages/airflow/example_dags/example_skip_dag.py
[2022-05-23 22:00:14,127] {scheduler_job.py:633} INFO - Processing file /home/airflow/.local/lib/python3.8/site-packages/airflow/example_dags/example_skip_dag.py for tasks to queue
[2022-05-23 22:00:14,137] {logging_mixin.py:104} INFO - [2022-05-23 22:00:14,136] {dagbag.py:496} INFO - Filling up the DagBag from /home/airflow/.local/lib/python3.8/site-packages/airflow/example_dags/example_skip_dag.py
[2022-05-23 22:00:14,328] {scheduler_job.py:643} INFO - DAG(s) dict_keys(['example_skip_dag']) retrieved from /home/airflow/.local/lib/python3.8/site-packages/airflow/example_dags/example_skip_dag.py
[2022-05-23 22:00:15,046] {logging_mixin.py:104} INFO - [2022-05-23 22:00:15,046] {dag.py:1833} INFO - Sync 1 DAGs
[2022-05-23 22:00:15,550] {logging_mixin.py:104} INFO - [2022-05-23 22:00:15,550] {dag.py:2306} INFO - Setting next_dagrun for example_skip_dag to 2022-05-21 00:00:00+00:00
[2022-05-23 22:00:15,729] {scheduler_job.py:190} INFO - Processing /home/airflow/.local/lib/python3.8/site-packages/airflow/example_dags/example_skip_dag.py took 1.635 seconds
[2022-05-23 22:01:52,542] {scheduler_job.py:182} INFO - Started process (PID=85) to work on /home/airflow/.local/lib/python3.8/site-packages/airflow/example_dags/example_skip_dag.py
[2022-05-23 22:01:52,574] {scheduler_job.py:633} INFO - Processing file /home/airflow/.local/lib/python3.8/site-packages/airflow/example_dags/example_skip_dag.py for tasks to queue
[2022-05-23 22:01:52,611] {logging_mixin.py:104} INFO - [2022-05-23 22:01:52,610] {dagbag.py:496} INFO - Filling up the DagBag from /home/airflow/.local/lib/python3.8/site-packages/airflow/example_dags/example_skip_dag.py
[2022-05-23 22:01:52,800] {scheduler_job.py:643} INFO - DAG(s) dict_keys(['example_skip_dag']) retrieved from /home/airflow/.local/lib/python3.8/site-packages/airflow/example_dags/example_skip_dag.py
[2022-05-23 22:01:53,125] {logging_mixin.py:104} INFO - [2022-05-23 22:01:53,125] {dag.py:1833} INFO - Sync 1 DAGs
[2022-05-23 22:01:53,533] {logging_mixin.py:104} INFO - [2022-05-23 22:01:53,525] {dag.py:2306} INFO - Setting next_dagrun for example_skip_dag to 2022-05-21 00:00:00+00:00
[2022-05-23 22:01:53,840] {scheduler_job.py:190} INFO - Processing /home/airflow/.local/lib/python3.8/site-packages/airflow/example_dags/example_skip_dag.py took 1.386 seconds
[2022-05-23 22:06:25,647] {scheduler_job.py:182} INFO - Started process (PID=111) to work on /home/airflow/.local/lib/python3.8/site-packages/airflow/example_dags/example_skip_dag.py
[2022-05-23 22:06:25,654] {scheduler_job.py:633} INFO - Processing file /home/airflow/.local/lib/python3.8/site-packages/airflow/example_dags/example_skip_dag.py for tasks to queue
[2022-05-23 22:06:25,657] {logging_mixin.py:104} INFO - [2022-05-23 22:06:25,657] {dagbag.py:496} INFO - Filling up the DagBag from /home/airflow/.local/lib/python3.8/site-packages/airflow/example_dags/example_skip_dag.py
[2022-05-23 22:06:25,736] {scheduler_job.py:643} INFO - DAG(s) dict_keys(['example_skip_dag']) retrieved from /home/airflow/.local/lib/python3.8/site-packages/airflow/example_dags/example_skip_dag.py
[2022-05-23 22:06:26,009] {logging_mixin.py:104} INFO - [2022-05-23 22:06:26,009] {dag.py:1833} INFO - Sync 1 DAGs
[2022-05-23 22:06:26,124] {logging_mixin.py:104} INFO - [2022-05-23 22:06:26,124] {dag.py:2306} INFO - Setting next_dagrun for example_skip_dag to 2022-05-21 00:00:00+00:00
[2022-05-23 22:06:26,255] {scheduler_job.py:190} INFO - Processing /home/airflow/.local/lib/python3.8/site-packages/airflow/example_dags/example_skip_dag.py took 0.666 seconds
[2022-05-23 22:12:06,124] {scheduler_job.py:182} INFO - Started process (PID=141) to work on /home/airflow/.local/lib/python3.8/site-packages/airflow/example_dags/example_skip_dag.py
[2022-05-23 22:12:06,137] {scheduler_job.py:633} INFO - Processing file /home/airflow/.local/lib/python3.8/site-packages/airflow/example_dags/example_skip_dag.py for tasks to queue
[2022-05-23 22:12:06,179] {logging_mixin.py:104} INFO - [2022-05-23 22:12:06,171] {dagbag.py:496} INFO - Filling up the DagBag from /home/airflow/.local/lib/python3.8/site-packages/airflow/example_dags/example_skip_dag.py
[2022-05-23 22:12:06,406] {scheduler_job.py:643} INFO - DAG(s) dict_keys(['example_skip_dag']) retrieved from /home/airflow/.local/lib/python3.8/site-packages/airflow/example_dags/example_skip_dag.py
[2022-05-23 22:12:06,531] {logging_mixin.py:104} INFO - [2022-05-23 22:12:06,530] {dag.py:1833} INFO - Sync 1 DAGs
[2022-05-23 22:12:06,650] {logging_mixin.py:104} INFO - [2022-05-23 22:12:06,650] {dag.py:2306} INFO - Setting next_dagrun for example_skip_dag to 2022-05-21 00:00:00+00:00
[2022-05-23 22:12:06,773] {scheduler_job.py:190} INFO - Processing /home/airflow/.local/lib/python3.8/site-packages/airflow/example_dags/example_skip_dag.py took 0.732 seconds
[2022-05-23 22:16:49,143] {scheduler_job.py:182} INFO - Started process (PID=33) to work on /home/airflow/.local/lib/python3.8/site-packages/airflow/example_dags/example_skip_dag.py
[2022-05-23 22:16:49,207] {scheduler_job.py:633} INFO - Processing file /home/airflow/.local/lib/python3.8/site-packages/airflow/example_dags/example_skip_dag.py for tasks to queue
[2022-05-23 22:16:49,228] {logging_mixin.py:104} INFO - [2022-05-23 22:16:49,220] {dagbag.py:496} INFO - Filling up the DagBag from /home/airflow/.local/lib/python3.8/site-packages/airflow/example_dags/example_skip_dag.py
[2022-05-23 22:16:49,382] {scheduler_job.py:643} INFO - DAG(s) dict_keys(['example_skip_dag']) retrieved from /home/airflow/.local/lib/python3.8/site-packages/airflow/example_dags/example_skip_dag.py
[2022-05-23 22:16:49,712] {logging_mixin.py:104} INFO - [2022-05-23 22:16:49,711] {dag.py:1833} INFO - Sync 1 DAGs
[2022-05-23 22:16:49,869] {logging_mixin.py:104} INFO - [2022-05-23 22:16:49,868] {dag.py:2306} INFO - Setting next_dagrun for example_skip_dag to 2022-05-21 00:00:00+00:00
[2022-05-23 22:16:50,083] {scheduler_job.py:190} INFO - Processing /home/airflow/.local/lib/python3.8/site-packages/airflow/example_dags/example_skip_dag.py took 0.946 seconds
[2022-05-23 22:19:00,695] {scheduler_job.py:182} INFO - Started process (PID=66) to work on /home/airflow/.local/lib/python3.8/site-packages/airflow/example_dags/example_skip_dag.py
[2022-05-23 22:19:00,726] {scheduler_job.py:633} INFO - Processing file /home/airflow/.local/lib/python3.8/site-packages/airflow/example_dags/example_skip_dag.py for tasks to queue
[2022-05-23 22:19:00,731] {logging_mixin.py:104} INFO - [2022-05-23 22:19:00,731] {dagbag.py:496} INFO - Filling up the DagBag from /home/airflow/.local/lib/python3.8/site-packages/airflow/example_dags/example_skip_dag.py
[2022-05-23 22:19:00,792] {scheduler_job.py:643} INFO - DAG(s) dict_keys(['example_skip_dag']) retrieved from /home/airflow/.local/lib/python3.8/site-packages/airflow/example_dags/example_skip_dag.py
[2022-05-23 22:19:00,930] {logging_mixin.py:104} INFO - [2022-05-23 22:19:00,929] {dag.py:1833} INFO - Sync 1 DAGs
[2022-05-23 22:19:00,997] {logging_mixin.py:104} INFO - [2022-05-23 22:19:00,996] {dag.py:2306} INFO - Setting next_dagrun for example_skip_dag to 2022-05-21 00:00:00+00:00
[2022-05-23 22:19:01,359] {scheduler_job.py:190} INFO - Processing /home/airflow/.local/lib/python3.8/site-packages/airflow/example_dags/example_skip_dag.py took 0.725 seconds
