[2022-05-23 21:01:37,729] {scheduler_job.py:182} INFO - Started process (PID=53) to work on /home/airflow/.local/lib/python3.8/site-packages/airflow/example_dags/example_nested_branch_dag.py
[2022-05-23 21:01:37,744] {scheduler_job.py:633} INFO - Processing file /home/airflow/.local/lib/python3.8/site-packages/airflow/example_dags/example_nested_branch_dag.py for tasks to queue
[2022-05-23 21:01:37,754] {logging_mixin.py:104} INFO - [2022-05-23 21:01:37,753] {dagbag.py:496} INFO - Filling up the DagBag from /home/airflow/.local/lib/python3.8/site-packages/airflow/example_dags/example_nested_branch_dag.py
[2022-05-23 21:01:37,897] {scheduler_job.py:643} INFO - DAG(s) dict_keys(['example_nested_branch_dag']) retrieved from /home/airflow/.local/lib/python3.8/site-packages/airflow/example_dags/example_nested_branch_dag.py
[2022-05-23 21:01:45,465] {logging_mixin.py:104} INFO - [2022-05-23 21:01:45,465] {dag.py:1833} INFO - Sync 1 DAGs
[2022-05-23 21:01:45,548] {logging_mixin.py:104} INFO - [2022-05-23 21:01:45,547] {dag.py:2306} INFO - Setting next_dagrun for example_nested_branch_dag to 2022-05-21 00:00:00+00:00
[2022-05-23 21:01:45,878] {scheduler_job.py:190} INFO - Processing /home/airflow/.local/lib/python3.8/site-packages/airflow/example_dags/example_nested_branch_dag.py took 8.175 seconds
[2022-05-23 21:05:51,503] {scheduler_job.py:182} INFO - Started process (PID=86) to work on /home/airflow/.local/lib/python3.8/site-packages/airflow/example_dags/example_nested_branch_dag.py
[2022-05-23 21:05:51,528] {scheduler_job.py:633} INFO - Processing file /home/airflow/.local/lib/python3.8/site-packages/airflow/example_dags/example_nested_branch_dag.py for tasks to queue
[2022-05-23 21:05:51,545] {logging_mixin.py:104} INFO - [2022-05-23 21:05:51,545] {dagbag.py:496} INFO - Filling up the DagBag from /home/airflow/.local/lib/python3.8/site-packages/airflow/example_dags/example_nested_branch_dag.py
[2022-05-23 21:05:51,730] {scheduler_job.py:643} INFO - DAG(s) dict_keys(['example_nested_branch_dag']) retrieved from /home/airflow/.local/lib/python3.8/site-packages/airflow/example_dags/example_nested_branch_dag.py
[2022-05-23 21:05:52,555] {logging_mixin.py:104} INFO - [2022-05-23 21:05:52,531] {dag.py:1833} INFO - Sync 1 DAGs
[2022-05-23 21:05:53,723] {logging_mixin.py:104} INFO - [2022-05-23 21:05:53,585] {dag.py:2306} INFO - Setting next_dagrun for example_nested_branch_dag to 2022-05-21 00:00:00+00:00
[2022-05-23 21:05:54,581] {scheduler_job.py:190} INFO - Processing /home/airflow/.local/lib/python3.8/site-packages/airflow/example_dags/example_nested_branch_dag.py took 3.113 seconds
[2022-05-23 21:10:06,696] {scheduler_job.py:182} INFO - Started process (PID=114) to work on /home/airflow/.local/lib/python3.8/site-packages/airflow/example_dags/example_nested_branch_dag.py
[2022-05-23 21:10:06,719] {scheduler_job.py:633} INFO - Processing file /home/airflow/.local/lib/python3.8/site-packages/airflow/example_dags/example_nested_branch_dag.py for tasks to queue
[2022-05-23 21:10:06,736] {logging_mixin.py:104} INFO - [2022-05-23 21:10:06,736] {dagbag.py:496} INFO - Filling up the DagBag from /home/airflow/.local/lib/python3.8/site-packages/airflow/example_dags/example_nested_branch_dag.py
[2022-05-23 21:10:07,070] {scheduler_job.py:643} INFO - DAG(s) dict_keys(['example_nested_branch_dag']) retrieved from /home/airflow/.local/lib/python3.8/site-packages/airflow/example_dags/example_nested_branch_dag.py
[2022-05-23 21:10:07,280] {logging_mixin.py:104} INFO - [2022-05-23 21:10:07,269] {dag.py:1833} INFO - Sync 1 DAGs
[2022-05-23 21:10:07,533] {logging_mixin.py:104} INFO - [2022-05-23 21:10:07,533] {dag.py:2306} INFO - Setting next_dagrun for example_nested_branch_dag to 2022-05-21 00:00:00+00:00
[2022-05-23 21:10:07,692] {scheduler_job.py:190} INFO - Processing /home/airflow/.local/lib/python3.8/site-packages/airflow/example_dags/example_nested_branch_dag.py took 1.041 seconds
[2022-05-23 21:14:13,197] {scheduler_job.py:182} INFO - Started process (PID=143) to work on /home/airflow/.local/lib/python3.8/site-packages/airflow/example_dags/example_nested_branch_dag.py
[2022-05-23 21:14:13,205] {scheduler_job.py:633} INFO - Processing file /home/airflow/.local/lib/python3.8/site-packages/airflow/example_dags/example_nested_branch_dag.py for tasks to queue
[2022-05-23 21:14:13,209] {logging_mixin.py:104} INFO - [2022-05-23 21:14:13,209] {dagbag.py:496} INFO - Filling up the DagBag from /home/airflow/.local/lib/python3.8/site-packages/airflow/example_dags/example_nested_branch_dag.py
[2022-05-23 21:14:13,267] {scheduler_job.py:643} INFO - DAG(s) dict_keys(['example_nested_branch_dag']) retrieved from /home/airflow/.local/lib/python3.8/site-packages/airflow/example_dags/example_nested_branch_dag.py
[2022-05-23 21:14:13,496] {logging_mixin.py:104} INFO - [2022-05-23 21:14:13,495] {dag.py:1833} INFO - Sync 1 DAGs
[2022-05-23 21:14:13,586] {logging_mixin.py:104} INFO - [2022-05-23 21:14:13,586] {dag.py:2306} INFO - Setting next_dagrun for example_nested_branch_dag to 2022-05-21 00:00:00+00:00
[2022-05-23 21:14:13,711] {scheduler_job.py:190} INFO - Processing /home/airflow/.local/lib/python3.8/site-packages/airflow/example_dags/example_nested_branch_dag.py took 0.552 seconds
[2022-05-23 21:17:00,229] {scheduler_job.py:182} INFO - Started process (PID=166) to work on /home/airflow/.local/lib/python3.8/site-packages/airflow/example_dags/example_nested_branch_dag.py
[2022-05-23 21:17:00,250] {scheduler_job.py:633} INFO - Processing file /home/airflow/.local/lib/python3.8/site-packages/airflow/example_dags/example_nested_branch_dag.py for tasks to queue
[2022-05-23 21:17:00,379] {logging_mixin.py:104} INFO - [2022-05-23 21:17:00,373] {dagbag.py:496} INFO - Filling up the DagBag from /home/airflow/.local/lib/python3.8/site-packages/airflow/example_dags/example_nested_branch_dag.py
[2022-05-23 21:17:00,625] {scheduler_job.py:643} INFO - DAG(s) dict_keys(['example_nested_branch_dag']) retrieved from /home/airflow/.local/lib/python3.8/site-packages/airflow/example_dags/example_nested_branch_dag.py
[2022-05-23 21:17:00,916] {logging_mixin.py:104} INFO - [2022-05-23 21:17:00,915] {dag.py:1833} INFO - Sync 1 DAGs
[2022-05-23 21:17:01,031] {logging_mixin.py:104} INFO - [2022-05-23 21:17:01,031] {dag.py:2306} INFO - Setting next_dagrun for example_nested_branch_dag to 2022-05-21 00:00:00+00:00
[2022-05-23 21:17:02,425] {scheduler_job.py:190} INFO - Processing /home/airflow/.local/lib/python3.8/site-packages/airflow/example_dags/example_nested_branch_dag.py took 2.443 seconds
[2022-05-23 21:20:35,235] {scheduler_job.py:182} INFO - Started process (PID=191) to work on /home/airflow/.local/lib/python3.8/site-packages/airflow/example_dags/example_nested_branch_dag.py
[2022-05-23 21:20:35,262] {scheduler_job.py:633} INFO - Processing file /home/airflow/.local/lib/python3.8/site-packages/airflow/example_dags/example_nested_branch_dag.py for tasks to queue
[2022-05-23 21:20:35,314] {logging_mixin.py:104} INFO - [2022-05-23 21:20:35,313] {dagbag.py:496} INFO - Filling up the DagBag from /home/airflow/.local/lib/python3.8/site-packages/airflow/example_dags/example_nested_branch_dag.py
[2022-05-23 21:20:35,459] {scheduler_job.py:643} INFO - DAG(s) dict_keys(['example_nested_branch_dag']) retrieved from /home/airflow/.local/lib/python3.8/site-packages/airflow/example_dags/example_nested_branch_dag.py
[2022-05-23 21:20:35,729] {logging_mixin.py:104} INFO - [2022-05-23 21:20:35,726] {dag.py:1833} INFO - Sync 1 DAGs
[2022-05-23 21:20:35,892] {logging_mixin.py:104} INFO - [2022-05-23 21:20:35,892] {dag.py:2306} INFO - Setting next_dagrun for example_nested_branch_dag to 2022-05-21 00:00:00+00:00
[2022-05-23 21:20:36,004] {scheduler_job.py:190} INFO - Processing /home/airflow/.local/lib/python3.8/site-packages/airflow/example_dags/example_nested_branch_dag.py took 0.799 seconds
[2022-05-23 21:25:28,488] {scheduler_job.py:182} INFO - Started process (PID=215) to work on /home/airflow/.local/lib/python3.8/site-packages/airflow/example_dags/example_nested_branch_dag.py
[2022-05-23 21:25:28,511] {scheduler_job.py:633} INFO - Processing file /home/airflow/.local/lib/python3.8/site-packages/airflow/example_dags/example_nested_branch_dag.py for tasks to queue
[2022-05-23 21:25:28,527] {logging_mixin.py:104} INFO - [2022-05-23 21:25:28,527] {dagbag.py:496} INFO - Filling up the DagBag from /home/airflow/.local/lib/python3.8/site-packages/airflow/example_dags/example_nested_branch_dag.py
[2022-05-23 21:25:28,761] {scheduler_job.py:643} INFO - DAG(s) dict_keys(['example_nested_branch_dag']) retrieved from /home/airflow/.local/lib/python3.8/site-packages/airflow/example_dags/example_nested_branch_dag.py
[2022-05-23 21:25:29,030] {logging_mixin.py:104} INFO - [2022-05-23 21:25:29,029] {dag.py:1833} INFO - Sync 1 DAGs
[2022-05-23 21:25:29,231] {logging_mixin.py:104} INFO - [2022-05-23 21:25:29,231] {dag.py:2306} INFO - Setting next_dagrun for example_nested_branch_dag to 2022-05-21 00:00:00+00:00
[2022-05-23 21:25:29,352] {scheduler_job.py:190} INFO - Processing /home/airflow/.local/lib/python3.8/site-packages/airflow/example_dags/example_nested_branch_dag.py took 0.902 seconds
[2022-05-23 21:34:53,828] {scheduler_job.py:182} INFO - Started process (PID=27) to work on /home/airflow/.local/lib/python3.8/site-packages/airflow/example_dags/example_nested_branch_dag.py
[2022-05-23 21:34:53,845] {scheduler_job.py:633} INFO - Processing file /home/airflow/.local/lib/python3.8/site-packages/airflow/example_dags/example_nested_branch_dag.py for tasks to queue
[2022-05-23 21:34:53,876] {logging_mixin.py:104} INFO - [2022-05-23 21:34:53,873] {dagbag.py:496} INFO - Filling up the DagBag from /home/airflow/.local/lib/python3.8/site-packages/airflow/example_dags/example_nested_branch_dag.py
[2022-05-23 21:34:54,011] {scheduler_job.py:643} INFO - DAG(s) dict_keys(['example_nested_branch_dag']) retrieved from /home/airflow/.local/lib/python3.8/site-packages/airflow/example_dags/example_nested_branch_dag.py
[2022-05-23 21:34:54,252] {logging_mixin.py:104} INFO - [2022-05-23 21:34:54,251] {dag.py:1833} INFO - Sync 1 DAGs
[2022-05-23 21:34:54,456] {logging_mixin.py:104} INFO - [2022-05-23 21:34:54,456] {dag.py:2306} INFO - Setting next_dagrun for example_nested_branch_dag to 2022-05-21 00:00:00+00:00
[2022-05-23 21:34:54,699] {scheduler_job.py:190} INFO - Processing /home/airflow/.local/lib/python3.8/site-packages/airflow/example_dags/example_nested_branch_dag.py took 0.894 seconds
[2022-05-23 21:37:00,999] {scheduler_job.py:182} INFO - Started process (PID=60) to work on /home/airflow/.local/lib/python3.8/site-packages/airflow/example_dags/example_nested_branch_dag.py
[2022-05-23 21:37:01,021] {scheduler_job.py:633} INFO - Processing file /home/airflow/.local/lib/python3.8/site-packages/airflow/example_dags/example_nested_branch_dag.py for tasks to queue
[2022-05-23 21:37:01,026] {logging_mixin.py:104} INFO - [2022-05-23 21:37:01,026] {dagbag.py:496} INFO - Filling up the DagBag from /home/airflow/.local/lib/python3.8/site-packages/airflow/example_dags/example_nested_branch_dag.py
[2022-05-23 21:37:01,215] {scheduler_job.py:643} INFO - DAG(s) dict_keys(['example_nested_branch_dag']) retrieved from /home/airflow/.local/lib/python3.8/site-packages/airflow/example_dags/example_nested_branch_dag.py
[2022-05-23 21:37:01,471] {logging_mixin.py:104} INFO - [2022-05-23 21:37:01,471] {dag.py:1833} INFO - Sync 1 DAGs
[2022-05-23 21:37:01,654] {logging_mixin.py:104} INFO - [2022-05-23 21:37:01,654] {dag.py:2306} INFO - Setting next_dagrun for example_nested_branch_dag to 2022-05-21 00:00:00+00:00
[2022-05-23 21:37:01,913] {scheduler_job.py:190} INFO - Processing /home/airflow/.local/lib/python3.8/site-packages/airflow/example_dags/example_nested_branch_dag.py took 0.942 seconds
[2022-05-23 21:38:43,292] {scheduler_job.py:182} INFO - Started process (PID=83) to work on /home/airflow/.local/lib/python3.8/site-packages/airflow/example_dags/example_nested_branch_dag.py
[2022-05-23 21:38:43,300] {scheduler_job.py:633} INFO - Processing file /home/airflow/.local/lib/python3.8/site-packages/airflow/example_dags/example_nested_branch_dag.py for tasks to queue
[2022-05-23 21:38:43,308] {logging_mixin.py:104} INFO - [2022-05-23 21:38:43,307] {dagbag.py:496} INFO - Filling up the DagBag from /home/airflow/.local/lib/python3.8/site-packages/airflow/example_dags/example_nested_branch_dag.py
[2022-05-23 21:38:43,757] {scheduler_job.py:643} INFO - DAG(s) dict_keys(['example_nested_branch_dag']) retrieved from /home/airflow/.local/lib/python3.8/site-packages/airflow/example_dags/example_nested_branch_dag.py
[2022-05-23 21:38:43,946] {logging_mixin.py:104} INFO - [2022-05-23 21:38:43,946] {dag.py:1833} INFO - Sync 1 DAGs
[2022-05-23 21:38:44,141] {logging_mixin.py:104} INFO - [2022-05-23 21:38:44,141] {dag.py:2306} INFO - Setting next_dagrun for example_nested_branch_dag to 2022-05-21 00:00:00+00:00
[2022-05-23 21:38:44,348] {scheduler_job.py:190} INFO - Processing /home/airflow/.local/lib/python3.8/site-packages/airflow/example_dags/example_nested_branch_dag.py took 1.066 seconds
[2022-05-23 21:39:51,495] {scheduler_job.py:182} INFO - Started process (PID=107) to work on /home/airflow/.local/lib/python3.8/site-packages/airflow/example_dags/example_nested_branch_dag.py
[2022-05-23 21:39:51,500] {scheduler_job.py:633} INFO - Processing file /home/airflow/.local/lib/python3.8/site-packages/airflow/example_dags/example_nested_branch_dag.py for tasks to queue
[2022-05-23 21:39:51,505] {logging_mixin.py:104} INFO - [2022-05-23 21:39:51,504] {dagbag.py:496} INFO - Filling up the DagBag from /home/airflow/.local/lib/python3.8/site-packages/airflow/example_dags/example_nested_branch_dag.py
[2022-05-23 21:39:51,662] {scheduler_job.py:643} INFO - DAG(s) dict_keys(['example_nested_branch_dag']) retrieved from /home/airflow/.local/lib/python3.8/site-packages/airflow/example_dags/example_nested_branch_dag.py
[2022-05-23 21:39:51,785] {logging_mixin.py:104} INFO - [2022-05-23 21:39:51,785] {dag.py:1833} INFO - Sync 1 DAGs
[2022-05-23 21:39:51,922] {logging_mixin.py:104} INFO - [2022-05-23 21:39:51,922] {dag.py:2306} INFO - Setting next_dagrun for example_nested_branch_dag to 2022-05-21 00:00:00+00:00
[2022-05-23 21:39:52,044] {scheduler_job.py:190} INFO - Processing /home/airflow/.local/lib/python3.8/site-packages/airflow/example_dags/example_nested_branch_dag.py took 0.604 seconds
[2022-05-23 21:41:06,516] {scheduler_job.py:182} INFO - Started process (PID=126) to work on /home/airflow/.local/lib/python3.8/site-packages/airflow/example_dags/example_nested_branch_dag.py
[2022-05-23 21:41:06,522] {scheduler_job.py:633} INFO - Processing file /home/airflow/.local/lib/python3.8/site-packages/airflow/example_dags/example_nested_branch_dag.py for tasks to queue
[2022-05-23 21:41:06,527] {logging_mixin.py:104} INFO - [2022-05-23 21:41:06,527] {dagbag.py:496} INFO - Filling up the DagBag from /home/airflow/.local/lib/python3.8/site-packages/airflow/example_dags/example_nested_branch_dag.py
[2022-05-23 21:41:06,686] {scheduler_job.py:643} INFO - DAG(s) dict_keys(['example_nested_branch_dag']) retrieved from /home/airflow/.local/lib/python3.8/site-packages/airflow/example_dags/example_nested_branch_dag.py
[2022-05-23 21:41:06,776] {logging_mixin.py:104} INFO - [2022-05-23 21:41:06,776] {dag.py:1833} INFO - Sync 1 DAGs
[2022-05-23 21:41:06,888] {logging_mixin.py:104} INFO - [2022-05-23 21:41:06,887] {dag.py:2306} INFO - Setting next_dagrun for example_nested_branch_dag to 2022-05-21 00:00:00+00:00
[2022-05-23 21:41:06,991] {scheduler_job.py:190} INFO - Processing /home/airflow/.local/lib/python3.8/site-packages/airflow/example_dags/example_nested_branch_dag.py took 0.516 seconds
[2022-05-23 21:43:29,652] {scheduler_job.py:182} INFO - Started process (PID=150) to work on /home/airflow/.local/lib/python3.8/site-packages/airflow/example_dags/example_nested_branch_dag.py
[2022-05-23 21:43:29,669] {scheduler_job.py:633} INFO - Processing file /home/airflow/.local/lib/python3.8/site-packages/airflow/example_dags/example_nested_branch_dag.py for tasks to queue
[2022-05-23 21:43:29,684] {logging_mixin.py:104} INFO - [2022-05-23 21:43:29,684] {dagbag.py:496} INFO - Filling up the DagBag from /home/airflow/.local/lib/python3.8/site-packages/airflow/example_dags/example_nested_branch_dag.py
[2022-05-23 21:43:29,891] {scheduler_job.py:643} INFO - DAG(s) dict_keys(['example_nested_branch_dag']) retrieved from /home/airflow/.local/lib/python3.8/site-packages/airflow/example_dags/example_nested_branch_dag.py
[2022-05-23 21:43:30,096] {logging_mixin.py:104} INFO - [2022-05-23 21:43:30,090] {dag.py:1833} INFO - Sync 1 DAGs
[2022-05-23 21:43:30,308] {logging_mixin.py:104} INFO - [2022-05-23 21:43:30,303] {dag.py:2306} INFO - Setting next_dagrun for example_nested_branch_dag to 2022-05-21 00:00:00+00:00
[2022-05-23 21:43:30,403] {scheduler_job.py:190} INFO - Processing /home/airflow/.local/lib/python3.8/site-packages/airflow/example_dags/example_nested_branch_dag.py took 0.782 seconds
[2022-05-23 21:45:27,017] {scheduler_job.py:182} INFO - Started process (PID=176) to work on /home/airflow/.local/lib/python3.8/site-packages/airflow/example_dags/example_nested_branch_dag.py
[2022-05-23 21:45:27,027] {scheduler_job.py:633} INFO - Processing file /home/airflow/.local/lib/python3.8/site-packages/airflow/example_dags/example_nested_branch_dag.py for tasks to queue
[2022-05-23 21:45:27,029] {logging_mixin.py:104} INFO - [2022-05-23 21:45:27,029] {dagbag.py:496} INFO - Filling up the DagBag from /home/airflow/.local/lib/python3.8/site-packages/airflow/example_dags/example_nested_branch_dag.py
[2022-05-23 21:45:27,318] {scheduler_job.py:643} INFO - DAG(s) dict_keys(['example_nested_branch_dag']) retrieved from /home/airflow/.local/lib/python3.8/site-packages/airflow/example_dags/example_nested_branch_dag.py
[2022-05-23 21:45:28,035] {logging_mixin.py:104} INFO - [2022-05-23 21:45:28,034] {dag.py:1833} INFO - Sync 1 DAGs
[2022-05-23 21:45:29,079] {logging_mixin.py:104} INFO - [2022-05-23 21:45:29,079] {dag.py:2306} INFO - Setting next_dagrun for example_nested_branch_dag to 2022-05-21 00:00:00+00:00
[2022-05-23 21:45:29,227] {scheduler_job.py:190} INFO - Processing /home/airflow/.local/lib/python3.8/site-packages/airflow/example_dags/example_nested_branch_dag.py took 2.233 seconds
[2022-05-23 21:51:13,451] {scheduler_job.py:182} INFO - Started process (PID=200) to work on /home/airflow/.local/lib/python3.8/site-packages/airflow/example_dags/example_nested_branch_dag.py
[2022-05-23 21:51:13,464] {scheduler_job.py:633} INFO - Processing file /home/airflow/.local/lib/python3.8/site-packages/airflow/example_dags/example_nested_branch_dag.py for tasks to queue
[2022-05-23 21:51:13,523] {logging_mixin.py:104} INFO - [2022-05-23 21:51:13,523] {dagbag.py:496} INFO - Filling up the DagBag from /home/airflow/.local/lib/python3.8/site-packages/airflow/example_dags/example_nested_branch_dag.py
[2022-05-23 21:51:13,913] {scheduler_job.py:643} INFO - DAG(s) dict_keys(['example_nested_branch_dag']) retrieved from /home/airflow/.local/lib/python3.8/site-packages/airflow/example_dags/example_nested_branch_dag.py
[2022-05-23 21:51:14,325] {logging_mixin.py:104} INFO - [2022-05-23 21:51:14,325] {dag.py:1833} INFO - Sync 1 DAGs
[2022-05-23 21:51:14,752] {logging_mixin.py:104} INFO - [2022-05-23 21:51:14,744] {dag.py:2306} INFO - Setting next_dagrun for example_nested_branch_dag to 2022-05-21 00:00:00+00:00
[2022-05-23 21:51:15,750] {scheduler_job.py:190} INFO - Processing /home/airflow/.local/lib/python3.8/site-packages/airflow/example_dags/example_nested_branch_dag.py took 2.473 seconds
[2022-05-23 21:57:50,053] {scheduler_job.py:182} INFO - Started process (PID=27) to work on /home/airflow/.local/lib/python3.8/site-packages/airflow/example_dags/example_nested_branch_dag.py
[2022-05-23 21:57:50,074] {scheduler_job.py:633} INFO - Processing file /home/airflow/.local/lib/python3.8/site-packages/airflow/example_dags/example_nested_branch_dag.py for tasks to queue
[2022-05-23 21:57:50,082] {logging_mixin.py:104} INFO - [2022-05-23 21:57:50,082] {dagbag.py:496} INFO - Filling up the DagBag from /home/airflow/.local/lib/python3.8/site-packages/airflow/example_dags/example_nested_branch_dag.py
[2022-05-23 21:57:50,279] {scheduler_job.py:643} INFO - DAG(s) dict_keys(['example_nested_branch_dag']) retrieved from /home/airflow/.local/lib/python3.8/site-packages/airflow/example_dags/example_nested_branch_dag.py
[2022-05-23 21:57:50,555] {logging_mixin.py:104} INFO - [2022-05-23 21:57:50,553] {dag.py:1833} INFO - Sync 1 DAGs
[2022-05-23 21:57:50,966] {logging_mixin.py:104} INFO - [2022-05-23 21:57:50,965] {dag.py:2306} INFO - Setting next_dagrun for example_nested_branch_dag to 2022-05-21 00:00:00+00:00
[2022-05-23 21:57:51,297] {scheduler_job.py:190} INFO - Processing /home/airflow/.local/lib/python3.8/site-packages/airflow/example_dags/example_nested_branch_dag.py took 1.259 seconds
[2022-05-23 21:59:46,024] {scheduler_job.py:182} INFO - Started process (PID=60) to work on /home/airflow/.local/lib/python3.8/site-packages/airflow/example_dags/example_nested_branch_dag.py
[2022-05-23 21:59:46,080] {scheduler_job.py:633} INFO - Processing file /home/airflow/.local/lib/python3.8/site-packages/airflow/example_dags/example_nested_branch_dag.py for tasks to queue
[2022-05-23 21:59:46,085] {logging_mixin.py:104} INFO - [2022-05-23 21:59:46,084] {dagbag.py:496} INFO - Filling up the DagBag from /home/airflow/.local/lib/python3.8/site-packages/airflow/example_dags/example_nested_branch_dag.py
[2022-05-23 21:59:46,201] {scheduler_job.py:643} INFO - DAG(s) dict_keys(['example_nested_branch_dag']) retrieved from /home/airflow/.local/lib/python3.8/site-packages/airflow/example_dags/example_nested_branch_dag.py
[2022-05-23 21:59:46,314] {logging_mixin.py:104} INFO - [2022-05-23 21:59:46,313] {dag.py:1833} INFO - Sync 1 DAGs
[2022-05-23 21:59:46,427] {logging_mixin.py:104} INFO - [2022-05-23 21:59:46,427] {dag.py:2306} INFO - Setting next_dagrun for example_nested_branch_dag to 2022-05-21 00:00:00+00:00
[2022-05-23 21:59:46,517] {scheduler_job.py:190} INFO - Processing /home/airflow/.local/lib/python3.8/site-packages/airflow/example_dags/example_nested_branch_dag.py took 0.504 seconds
[2022-05-23 22:01:26,288] {scheduler_job.py:182} INFO - Started process (PID=79) to work on /home/airflow/.local/lib/python3.8/site-packages/airflow/example_dags/example_nested_branch_dag.py
[2022-05-23 22:01:26,297] {scheduler_job.py:633} INFO - Processing file /home/airflow/.local/lib/python3.8/site-packages/airflow/example_dags/example_nested_branch_dag.py for tasks to queue
[2022-05-23 22:01:26,306] {logging_mixin.py:104} INFO - [2022-05-23 22:01:26,304] {dagbag.py:496} INFO - Filling up the DagBag from /home/airflow/.local/lib/python3.8/site-packages/airflow/example_dags/example_nested_branch_dag.py
[2022-05-23 22:01:26,373] {scheduler_job.py:643} INFO - DAG(s) dict_keys(['example_nested_branch_dag']) retrieved from /home/airflow/.local/lib/python3.8/site-packages/airflow/example_dags/example_nested_branch_dag.py
[2022-05-23 22:01:26,444] {logging_mixin.py:104} INFO - [2022-05-23 22:01:26,443] {dag.py:1833} INFO - Sync 1 DAGs
[2022-05-23 22:01:26,532] {logging_mixin.py:104} INFO - [2022-05-23 22:01:26,532] {dag.py:2306} INFO - Setting next_dagrun for example_nested_branch_dag to 2022-05-21 00:00:00+00:00
[2022-05-23 22:01:26,665] {scheduler_job.py:190} INFO - Processing /home/airflow/.local/lib/python3.8/site-packages/airflow/example_dags/example_nested_branch_dag.py took 0.392 seconds
[2022-05-23 22:04:33,548] {scheduler_job.py:182} INFO - Started process (PID=105) to work on /home/airflow/.local/lib/python3.8/site-packages/airflow/example_dags/example_nested_branch_dag.py
[2022-05-23 22:04:33,626] {scheduler_job.py:633} INFO - Processing file /home/airflow/.local/lib/python3.8/site-packages/airflow/example_dags/example_nested_branch_dag.py for tasks to queue
[2022-05-23 22:04:33,895] {logging_mixin.py:104} INFO - [2022-05-23 22:04:33,893] {dagbag.py:496} INFO - Filling up the DagBag from /home/airflow/.local/lib/python3.8/site-packages/airflow/example_dags/example_nested_branch_dag.py
[2022-05-23 22:05:07,429] {logging_mixin.py:104} INFO - [2022-05-23 22:05:07,310] {timeout.py:36} ERROR - Process timed out, PID: 105
[2022-05-23 22:05:08,168] {logging_mixin.py:104} INFO - [2022-05-23 22:05:07,767] {dagbag.py:329} ERROR - Failed to import: /home/airflow/.local/lib/python3.8/site-packages/airflow/example_dags/example_nested_branch_dag.py
Traceback (most recent call last):
  File "/home/airflow/.local/lib/python3.8/site-packages/airflow/models/dagbag.py", line 326, in _load_modules_from_file
    loader.exec_module(new_module)
  File "<frozen importlib._bootstrap_external>", line 843, in exec_module
  File "<frozen importlib._bootstrap>", line 219, in _call_with_frames_removed
  File "/home/airflow/.local/lib/python3.8/site-packages/airflow/example_dags/example_nested_branch_dag.py", line 33, in <module>
    branch_1 = BranchPythonOperator(task_id="branch_1", python_callable=lambda: "true_1")
  File "/home/airflow/.local/lib/python3.8/site-packages/airflow/models/baseoperator.py", line 185, in apply_defaults
    result = func(self, *args, **kwargs)
  File "/home/airflow/.local/lib/python3.8/site-packages/airflow/models/baseoperator.py", line 185, in apply_defaults
    result = func(self, *args, **kwargs)
  File "/home/airflow/.local/lib/python3.8/site-packages/airflow/operators/python.py", line 134, in __init__
    super().__init__(**kwargs)
  File "/home/airflow/.local/lib/python3.8/site-packages/airflow/models/baseoperator.py", line 188, in apply_defaults
    self.set_xcomargs_dependencies()
  File "/home/airflow/.local/lib/python3.8/site-packages/airflow/models/baseoperator.py", line 850, in set_xcomargs_dependencies
    from airflow.models.xcom_arg import XComArg
  File "<frozen importlib._bootstrap>", line 991, in _find_and_load
  File "<frozen importlib._bootstrap>", line 971, in _find_and_load_unlocked
  File "<frozen importlib._bootstrap>", line 914, in _find_spec
  File "<frozen importlib._bootstrap_external>", line 1407, in find_spec
  File "<frozen importlib._bootstrap_external>", line 1379, in _get_spec
  File "<frozen importlib._bootstrap_external>", line 1506, in find_spec
  File "<frozen importlib._bootstrap_external>", line 142, in _path_stat
  File "/home/airflow/.local/lib/python3.8/site-packages/airflow/utils/timeout.py", line 37, in handle_timeout
    raise AirflowTaskTimeout(self.error_message)
airflow.exceptions.AirflowTaskTimeout: DagBag import timeout for /home/airflow/.local/lib/python3.8/site-packages/airflow/example_dags/example_nested_branch_dag.py after 30.0s, PID: 105
[2022-05-23 22:05:08,200] {scheduler_job.py:645} WARNING - No viable dags retrieved from /home/airflow/.local/lib/python3.8/site-packages/airflow/example_dags/example_nested_branch_dag.py
[2022-05-23 22:05:08,393] {scheduler_job.py:190} INFO - Processing /home/airflow/.local/lib/python3.8/site-packages/airflow/example_dags/example_nested_branch_dag.py took 35.513 seconds
[2022-05-23 22:10:40,167] {scheduler_job.py:182} INFO - Started process (PID=135) to work on /home/airflow/.local/lib/python3.8/site-packages/airflow/example_dags/example_nested_branch_dag.py
[2022-05-23 22:10:40,180] {scheduler_job.py:633} INFO - Processing file /home/airflow/.local/lib/python3.8/site-packages/airflow/example_dags/example_nested_branch_dag.py for tasks to queue
[2022-05-23 22:10:40,183] {logging_mixin.py:104} INFO - [2022-05-23 22:10:40,183] {dagbag.py:496} INFO - Filling up the DagBag from /home/airflow/.local/lib/python3.8/site-packages/airflow/example_dags/example_nested_branch_dag.py
[2022-05-23 22:10:40,440] {scheduler_job.py:643} INFO - DAG(s) dict_keys(['example_nested_branch_dag']) retrieved from /home/airflow/.local/lib/python3.8/site-packages/airflow/example_dags/example_nested_branch_dag.py
[2022-05-23 22:10:41,047] {logging_mixin.py:104} INFO - [2022-05-23 22:10:41,047] {dag.py:1833} INFO - Sync 1 DAGs
[2022-05-23 22:10:41,332] {logging_mixin.py:104} INFO - [2022-05-23 22:10:41,332] {dag.py:2306} INFO - Setting next_dagrun for example_nested_branch_dag to 2022-05-21 00:00:00+00:00
[2022-05-23 22:10:41,547] {scheduler_job.py:190} INFO - Processing /home/airflow/.local/lib/python3.8/site-packages/airflow/example_dags/example_nested_branch_dag.py took 1.410 seconds
[2022-05-23 22:16:23,252] {scheduler_job.py:182} INFO - Started process (PID=27) to work on /home/airflow/.local/lib/python3.8/site-packages/airflow/example_dags/example_nested_branch_dag.py
[2022-05-23 22:16:23,351] {scheduler_job.py:633} INFO - Processing file /home/airflow/.local/lib/python3.8/site-packages/airflow/example_dags/example_nested_branch_dag.py for tasks to queue
[2022-05-23 22:16:23,362] {logging_mixin.py:104} INFO - [2022-05-23 22:16:23,361] {dagbag.py:496} INFO - Filling up the DagBag from /home/airflow/.local/lib/python3.8/site-packages/airflow/example_dags/example_nested_branch_dag.py
[2022-05-23 22:16:23,619] {scheduler_job.py:643} INFO - DAG(s) dict_keys(['example_nested_branch_dag']) retrieved from /home/airflow/.local/lib/python3.8/site-packages/airflow/example_dags/example_nested_branch_dag.py
[2022-05-23 22:16:23,820] {logging_mixin.py:104} INFO - [2022-05-23 22:16:23,820] {dag.py:1833} INFO - Sync 1 DAGs
[2022-05-23 22:16:24,064] {logging_mixin.py:104} INFO - [2022-05-23 22:16:24,063] {dag.py:2306} INFO - Setting next_dagrun for example_nested_branch_dag to 2022-05-21 00:00:00+00:00
[2022-05-23 22:16:24,337] {scheduler_job.py:190} INFO - Processing /home/airflow/.local/lib/python3.8/site-packages/airflow/example_dags/example_nested_branch_dag.py took 1.109 seconds
[2022-05-23 22:18:28,489] {scheduler_job.py:182} INFO - Started process (PID=60) to work on /home/airflow/.local/lib/python3.8/site-packages/airflow/example_dags/example_nested_branch_dag.py
[2022-05-23 22:18:28,525] {scheduler_job.py:633} INFO - Processing file /home/airflow/.local/lib/python3.8/site-packages/airflow/example_dags/example_nested_branch_dag.py for tasks to queue
[2022-05-23 22:18:28,550] {logging_mixin.py:104} INFO - [2022-05-23 22:18:28,550] {dagbag.py:496} INFO - Filling up the DagBag from /home/airflow/.local/lib/python3.8/site-packages/airflow/example_dags/example_nested_branch_dag.py
[2022-05-23 22:18:28,914] {scheduler_job.py:643} INFO - DAG(s) dict_keys(['example_nested_branch_dag']) retrieved from /home/airflow/.local/lib/python3.8/site-packages/airflow/example_dags/example_nested_branch_dag.py
[2022-05-23 22:18:29,213] {logging_mixin.py:104} INFO - [2022-05-23 22:18:29,212] {dag.py:1833} INFO - Sync 1 DAGs
[2022-05-23 22:18:29,428] {logging_mixin.py:104} INFO - [2022-05-23 22:18:29,428] {dag.py:2306} INFO - Setting next_dagrun for example_nested_branch_dag to 2022-05-21 00:00:00+00:00
[2022-05-23 22:18:29,572] {scheduler_job.py:190} INFO - Processing /home/airflow/.local/lib/python3.8/site-packages/airflow/example_dags/example_nested_branch_dag.py took 1.164 seconds
