[2022-05-23 20:58:25,584] {scheduler_job.py:182} INFO - Started process (PID=33) to work on /home/airflow/.local/lib/python3.8/site-packages/airflow/example_dags/tutorial_taskflow_api_etl.py
[2022-05-23 20:58:25,588] {scheduler_job.py:633} INFO - Processing file /home/airflow/.local/lib/python3.8/site-packages/airflow/example_dags/tutorial_taskflow_api_etl.py for tasks to queue
[2022-05-23 20:58:25,592] {logging_mixin.py:104} INFO - [2022-05-23 20:58:25,592] {dagbag.py:496} INFO - Filling up the DagBag from /home/airflow/.local/lib/python3.8/site-packages/airflow/example_dags/tutorial_taskflow_api_etl.py
[2022-05-23 20:58:25,870] {scheduler_job.py:643} INFO - DAG(s) dict_keys(['tutorial_taskflow_api_etl']) retrieved from /home/airflow/.local/lib/python3.8/site-packages/airflow/example_dags/tutorial_taskflow_api_etl.py
[2022-05-23 20:58:27,712] {logging_mixin.py:104} INFO - [2022-05-23 20:58:27,712] {dag.py:1833} INFO - Sync 1 DAGs
[2022-05-23 20:58:27,904] {logging_mixin.py:104} INFO - [2022-05-23 20:58:27,901] {dag.py:2306} INFO - Setting next_dagrun for tutorial_taskflow_api_etl to None
[2022-05-23 20:58:28,143] {scheduler_job.py:190} INFO - Processing /home/airflow/.local/lib/python3.8/site-packages/airflow/example_dags/tutorial_taskflow_api_etl.py took 2.600 seconds
[2022-05-23 21:01:16,934] {scheduler_job.py:182} INFO - Started process (PID=51) to work on /home/airflow/.local/lib/python3.8/site-packages/airflow/example_dags/tutorial_taskflow_api_etl.py
[2022-05-23 21:01:16,963] {scheduler_job.py:633} INFO - Processing file /home/airflow/.local/lib/python3.8/site-packages/airflow/example_dags/tutorial_taskflow_api_etl.py for tasks to queue
[2022-05-23 21:01:16,982] {logging_mixin.py:104} INFO - [2022-05-23 21:01:16,982] {dagbag.py:496} INFO - Filling up the DagBag from /home/airflow/.local/lib/python3.8/site-packages/airflow/example_dags/tutorial_taskflow_api_etl.py
[2022-05-23 21:01:17,145] {scheduler_job.py:643} INFO - DAG(s) dict_keys(['tutorial_taskflow_api_etl']) retrieved from /home/airflow/.local/lib/python3.8/site-packages/airflow/example_dags/tutorial_taskflow_api_etl.py
[2022-05-23 21:01:29,582] {logging_mixin.py:104} INFO - [2022-05-23 21:01:29,575] {dag.py:1833} INFO - Sync 1 DAGs
[2022-05-23 21:01:29,666] {logging_mixin.py:104} INFO - [2022-05-23 21:01:29,665] {dag.py:2306} INFO - Setting next_dagrun for tutorial_taskflow_api_etl to None
[2022-05-23 21:01:29,914] {scheduler_job.py:190} INFO - Processing /home/airflow/.local/lib/python3.8/site-packages/airflow/example_dags/tutorial_taskflow_api_etl.py took 13.086 seconds
[2022-05-23 21:05:40,935] {scheduler_job.py:182} INFO - Started process (PID=84) to work on /home/airflow/.local/lib/python3.8/site-packages/airflow/example_dags/tutorial_taskflow_api_etl.py
[2022-05-23 21:05:40,960] {scheduler_job.py:633} INFO - Processing file /home/airflow/.local/lib/python3.8/site-packages/airflow/example_dags/tutorial_taskflow_api_etl.py for tasks to queue
[2022-05-23 21:05:40,963] {logging_mixin.py:104} INFO - [2022-05-23 21:05:40,962] {dagbag.py:496} INFO - Filling up the DagBag from /home/airflow/.local/lib/python3.8/site-packages/airflow/example_dags/tutorial_taskflow_api_etl.py
[2022-05-23 21:05:41,126] {scheduler_job.py:643} INFO - DAG(s) dict_keys(['tutorial_taskflow_api_etl']) retrieved from /home/airflow/.local/lib/python3.8/site-packages/airflow/example_dags/tutorial_taskflow_api_etl.py
[2022-05-23 21:05:46,437] {logging_mixin.py:104} INFO - [2022-05-23 21:05:46,433] {dag.py:1833} INFO - Sync 1 DAGs
[2022-05-23 21:05:46,505] {logging_mixin.py:104} INFO - [2022-05-23 21:05:46,505] {dag.py:2306} INFO - Setting next_dagrun for tutorial_taskflow_api_etl to None
[2022-05-23 21:05:46,858] {scheduler_job.py:190} INFO - Processing /home/airflow/.local/lib/python3.8/site-packages/airflow/example_dags/tutorial_taskflow_api_etl.py took 5.925 seconds
[2022-05-23 21:09:48,325] {scheduler_job.py:182} INFO - Started process (PID=112) to work on /home/airflow/.local/lib/python3.8/site-packages/airflow/example_dags/tutorial_taskflow_api_etl.py
[2022-05-23 21:09:48,365] {scheduler_job.py:633} INFO - Processing file /home/airflow/.local/lib/python3.8/site-packages/airflow/example_dags/tutorial_taskflow_api_etl.py for tasks to queue
[2022-05-23 21:09:48,382] {logging_mixin.py:104} INFO - [2022-05-23 21:09:48,376] {dagbag.py:496} INFO - Filling up the DagBag from /home/airflow/.local/lib/python3.8/site-packages/airflow/example_dags/tutorial_taskflow_api_etl.py
[2022-05-23 21:09:48,494] {scheduler_job.py:643} INFO - DAG(s) dict_keys(['tutorial_taskflow_api_etl']) retrieved from /home/airflow/.local/lib/python3.8/site-packages/airflow/example_dags/tutorial_taskflow_api_etl.py
[2022-05-23 21:10:01,515] {logging_mixin.py:104} INFO - [2022-05-23 21:10:01,513] {dag.py:1833} INFO - Sync 1 DAGs
[2022-05-23 21:10:01,590] {logging_mixin.py:104} INFO - [2022-05-23 21:10:01,589] {dag.py:2306} INFO - Setting next_dagrun for tutorial_taskflow_api_etl to None
[2022-05-23 21:10:01,819] {scheduler_job.py:190} INFO - Processing /home/airflow/.local/lib/python3.8/site-packages/airflow/example_dags/tutorial_taskflow_api_etl.py took 13.508 seconds
[2022-05-23 21:14:02,332] {scheduler_job.py:182} INFO - Started process (PID=141) to work on /home/airflow/.local/lib/python3.8/site-packages/airflow/example_dags/tutorial_taskflow_api_etl.py
[2022-05-23 21:14:02,344] {scheduler_job.py:633} INFO - Processing file /home/airflow/.local/lib/python3.8/site-packages/airflow/example_dags/tutorial_taskflow_api_etl.py for tasks to queue
[2022-05-23 21:14:02,347] {logging_mixin.py:104} INFO - [2022-05-23 21:14:02,346] {dagbag.py:496} INFO - Filling up the DagBag from /home/airflow/.local/lib/python3.8/site-packages/airflow/example_dags/tutorial_taskflow_api_etl.py
[2022-05-23 21:14:02,499] {scheduler_job.py:643} INFO - DAG(s) dict_keys(['tutorial_taskflow_api_etl']) retrieved from /home/airflow/.local/lib/python3.8/site-packages/airflow/example_dags/tutorial_taskflow_api_etl.py
[2022-05-23 21:14:08,756] {logging_mixin.py:104} INFO - [2022-05-23 21:14:08,745] {dag.py:1833} INFO - Sync 1 DAGs
[2022-05-23 21:14:08,879] {logging_mixin.py:104} INFO - [2022-05-23 21:14:08,877] {dag.py:2306} INFO - Setting next_dagrun for tutorial_taskflow_api_etl to None
[2022-05-23 21:14:09,050] {scheduler_job.py:190} INFO - Processing /home/airflow/.local/lib/python3.8/site-packages/airflow/example_dags/tutorial_taskflow_api_etl.py took 6.722 seconds
[2022-05-23 21:16:45,379] {scheduler_job.py:182} INFO - Started process (PID=164) to work on /home/airflow/.local/lib/python3.8/site-packages/airflow/example_dags/tutorial_taskflow_api_etl.py
[2022-05-23 21:16:45,394] {scheduler_job.py:633} INFO - Processing file /home/airflow/.local/lib/python3.8/site-packages/airflow/example_dags/tutorial_taskflow_api_etl.py for tasks to queue
[2022-05-23 21:16:45,401] {logging_mixin.py:104} INFO - [2022-05-23 21:16:45,401] {dagbag.py:496} INFO - Filling up the DagBag from /home/airflow/.local/lib/python3.8/site-packages/airflow/example_dags/tutorial_taskflow_api_etl.py
[2022-05-23 21:16:45,523] {scheduler_job.py:643} INFO - DAG(s) dict_keys(['tutorial_taskflow_api_etl']) retrieved from /home/airflow/.local/lib/python3.8/site-packages/airflow/example_dags/tutorial_taskflow_api_etl.py
[2022-05-23 21:16:54,102] {logging_mixin.py:104} INFO - [2022-05-23 21:16:54,102] {dag.py:1833} INFO - Sync 1 DAGs
[2022-05-23 21:16:54,290] {logging_mixin.py:104} INFO - [2022-05-23 21:16:54,290] {dag.py:2306} INFO - Setting next_dagrun for tutorial_taskflow_api_etl to None
[2022-05-23 21:16:54,881] {scheduler_job.py:190} INFO - Processing /home/airflow/.local/lib/python3.8/site-packages/airflow/example_dags/tutorial_taskflow_api_etl.py took 9.542 seconds
[2022-05-23 21:20:23,405] {scheduler_job.py:182} INFO - Started process (PID=189) to work on /home/airflow/.local/lib/python3.8/site-packages/airflow/example_dags/tutorial_taskflow_api_etl.py
[2022-05-23 21:20:23,483] {scheduler_job.py:633} INFO - Processing file /home/airflow/.local/lib/python3.8/site-packages/airflow/example_dags/tutorial_taskflow_api_etl.py for tasks to queue
[2022-05-23 21:20:23,502] {logging_mixin.py:104} INFO - [2022-05-23 21:20:23,502] {dagbag.py:496} INFO - Filling up the DagBag from /home/airflow/.local/lib/python3.8/site-packages/airflow/example_dags/tutorial_taskflow_api_etl.py
[2022-05-23 21:20:23,798] {scheduler_job.py:643} INFO - DAG(s) dict_keys(['tutorial_taskflow_api_etl']) retrieved from /home/airflow/.local/lib/python3.8/site-packages/airflow/example_dags/tutorial_taskflow_api_etl.py
[2022-05-23 21:20:29,791] {logging_mixin.py:104} INFO - [2022-05-23 21:20:29,791] {dag.py:1833} INFO - Sync 1 DAGs
[2022-05-23 21:20:29,841] {logging_mixin.py:104} INFO - [2022-05-23 21:20:29,840] {dag.py:2306} INFO - Setting next_dagrun for tutorial_taskflow_api_etl to None
[2022-05-23 21:20:30,025] {scheduler_job.py:190} INFO - Processing /home/airflow/.local/lib/python3.8/site-packages/airflow/example_dags/tutorial_taskflow_api_etl.py took 6.685 seconds
[2022-05-23 21:23:57,977] {scheduler_job.py:182} INFO - Started process (PID=213) to work on /home/airflow/.local/lib/python3.8/site-packages/airflow/example_dags/tutorial_taskflow_api_etl.py
[2022-05-23 21:23:58,071] {scheduler_job.py:633} INFO - Processing file /home/airflow/.local/lib/python3.8/site-packages/airflow/example_dags/tutorial_taskflow_api_etl.py for tasks to queue
[2022-05-23 21:23:58,249] {logging_mixin.py:104} INFO - [2022-05-23 21:23:58,249] {dagbag.py:496} INFO - Filling up the DagBag from /home/airflow/.local/lib/python3.8/site-packages/airflow/example_dags/tutorial_taskflow_api_etl.py
[2022-05-23 21:24:04,479] {scheduler_job.py:643} INFO - DAG(s) dict_keys(['tutorial_taskflow_api_etl']) retrieved from /home/airflow/.local/lib/python3.8/site-packages/airflow/example_dags/tutorial_taskflow_api_etl.py
[2022-05-23 21:25:15,897] {logging_mixin.py:104} INFO - [2022-05-23 21:25:15,896] {dag.py:1833} INFO - Sync 1 DAGs
[2022-05-23 21:25:15,947] {logging_mixin.py:104} INFO - [2022-05-23 21:25:15,947] {dag.py:2306} INFO - Setting next_dagrun for tutorial_taskflow_api_etl to None
[2022-05-23 21:25:16,033] {scheduler_job.py:190} INFO - Processing /home/airflow/.local/lib/python3.8/site-packages/airflow/example_dags/tutorial_taskflow_api_etl.py took 78.296 seconds
[2022-05-23 21:34:43,124] {scheduler_job.py:182} INFO - Started process (PID=25) to work on /home/airflow/.local/lib/python3.8/site-packages/airflow/example_dags/tutorial_taskflow_api_etl.py
[2022-05-23 21:34:43,149] {scheduler_job.py:633} INFO - Processing file /home/airflow/.local/lib/python3.8/site-packages/airflow/example_dags/tutorial_taskflow_api_etl.py for tasks to queue
[2022-05-23 21:34:43,158] {logging_mixin.py:104} INFO - [2022-05-23 21:34:43,157] {dagbag.py:496} INFO - Filling up the DagBag from /home/airflow/.local/lib/python3.8/site-packages/airflow/example_dags/tutorial_taskflow_api_etl.py
[2022-05-23 21:34:43,483] {scheduler_job.py:643} INFO - DAG(s) dict_keys(['tutorial_taskflow_api_etl']) retrieved from /home/airflow/.local/lib/python3.8/site-packages/airflow/example_dags/tutorial_taskflow_api_etl.py
[2022-05-23 21:34:48,712] {logging_mixin.py:104} INFO - [2022-05-23 21:34:48,710] {dag.py:1833} INFO - Sync 1 DAGs
[2022-05-23 21:34:48,818] {logging_mixin.py:104} INFO - [2022-05-23 21:34:48,816] {dag.py:2306} INFO - Setting next_dagrun for tutorial_taskflow_api_etl to None
[2022-05-23 21:34:49,226] {scheduler_job.py:190} INFO - Processing /home/airflow/.local/lib/python3.8/site-packages/airflow/example_dags/tutorial_taskflow_api_etl.py took 6.117 seconds
[2022-05-23 21:36:53,351] {scheduler_job.py:182} INFO - Started process (PID=58) to work on /home/airflow/.local/lib/python3.8/site-packages/airflow/example_dags/tutorial_taskflow_api_etl.py
[2022-05-23 21:36:53,360] {scheduler_job.py:633} INFO - Processing file /home/airflow/.local/lib/python3.8/site-packages/airflow/example_dags/tutorial_taskflow_api_etl.py for tasks to queue
[2022-05-23 21:36:53,378] {logging_mixin.py:104} INFO - [2022-05-23 21:36:53,378] {dagbag.py:496} INFO - Filling up the DagBag from /home/airflow/.local/lib/python3.8/site-packages/airflow/example_dags/tutorial_taskflow_api_etl.py
[2022-05-23 21:36:53,477] {scheduler_job.py:643} INFO - DAG(s) dict_keys(['tutorial_taskflow_api_etl']) retrieved from /home/airflow/.local/lib/python3.8/site-packages/airflow/example_dags/tutorial_taskflow_api_etl.py
[2022-05-23 21:36:55,979] {logging_mixin.py:104} INFO - [2022-05-23 21:36:55,948] {dag.py:1833} INFO - Sync 1 DAGs
[2022-05-23 21:36:56,069] {logging_mixin.py:104} INFO - [2022-05-23 21:36:56,069] {dag.py:2306} INFO - Setting next_dagrun for tutorial_taskflow_api_etl to None
[2022-05-23 21:36:56,338] {scheduler_job.py:190} INFO - Processing /home/airflow/.local/lib/python3.8/site-packages/airflow/example_dags/tutorial_taskflow_api_etl.py took 2.995 seconds
[2022-05-23 21:38:35,655] {scheduler_job.py:182} INFO - Started process (PID=81) to work on /home/airflow/.local/lib/python3.8/site-packages/airflow/example_dags/tutorial_taskflow_api_etl.py
[2022-05-23 21:38:35,662] {scheduler_job.py:633} INFO - Processing file /home/airflow/.local/lib/python3.8/site-packages/airflow/example_dags/tutorial_taskflow_api_etl.py for tasks to queue
[2022-05-23 21:38:35,672] {logging_mixin.py:104} INFO - [2022-05-23 21:38:35,672] {dagbag.py:496} INFO - Filling up the DagBag from /home/airflow/.local/lib/python3.8/site-packages/airflow/example_dags/tutorial_taskflow_api_etl.py
[2022-05-23 21:38:35,785] {scheduler_job.py:643} INFO - DAG(s) dict_keys(['tutorial_taskflow_api_etl']) retrieved from /home/airflow/.local/lib/python3.8/site-packages/airflow/example_dags/tutorial_taskflow_api_etl.py
[2022-05-23 21:38:39,089] {logging_mixin.py:104} INFO - [2022-05-23 21:38:39,086] {dag.py:1833} INFO - Sync 1 DAGs
[2022-05-23 21:38:39,297] {logging_mixin.py:104} INFO - [2022-05-23 21:38:39,297] {dag.py:2306} INFO - Setting next_dagrun for tutorial_taskflow_api_etl to None
[2022-05-23 21:38:39,544] {scheduler_job.py:190} INFO - Processing /home/airflow/.local/lib/python3.8/site-packages/airflow/example_dags/tutorial_taskflow_api_etl.py took 4.140 seconds
[2022-05-23 21:39:44,295] {scheduler_job.py:182} INFO - Started process (PID=105) to work on /home/airflow/.local/lib/python3.8/site-packages/airflow/example_dags/tutorial_taskflow_api_etl.py
[2022-05-23 21:39:44,308] {scheduler_job.py:633} INFO - Processing file /home/airflow/.local/lib/python3.8/site-packages/airflow/example_dags/tutorial_taskflow_api_etl.py for tasks to queue
[2022-05-23 21:39:44,314] {logging_mixin.py:104} INFO - [2022-05-23 21:39:44,314] {dagbag.py:496} INFO - Filling up the DagBag from /home/airflow/.local/lib/python3.8/site-packages/airflow/example_dags/tutorial_taskflow_api_etl.py
[2022-05-23 21:39:44,636] {scheduler_job.py:643} INFO - DAG(s) dict_keys(['tutorial_taskflow_api_etl']) retrieved from /home/airflow/.local/lib/python3.8/site-packages/airflow/example_dags/tutorial_taskflow_api_etl.py
[2022-05-23 21:39:47,079] {logging_mixin.py:104} INFO - [2022-05-23 21:39:47,076] {dag.py:1833} INFO - Sync 1 DAGs
[2022-05-23 21:39:47,170] {logging_mixin.py:104} INFO - [2022-05-23 21:39:47,170] {dag.py:2306} INFO - Setting next_dagrun for tutorial_taskflow_api_etl to None
[2022-05-23 21:39:47,345] {scheduler_job.py:190} INFO - Processing /home/airflow/.local/lib/python3.8/site-packages/airflow/example_dags/tutorial_taskflow_api_etl.py took 3.074 seconds
[2022-05-23 21:40:59,077] {scheduler_job.py:182} INFO - Started process (PID=124) to work on /home/airflow/.local/lib/python3.8/site-packages/airflow/example_dags/tutorial_taskflow_api_etl.py
[2022-05-23 21:40:59,082] {scheduler_job.py:633} INFO - Processing file /home/airflow/.local/lib/python3.8/site-packages/airflow/example_dags/tutorial_taskflow_api_etl.py for tasks to queue
[2022-05-23 21:40:59,095] {logging_mixin.py:104} INFO - [2022-05-23 21:40:59,094] {dagbag.py:496} INFO - Filling up the DagBag from /home/airflow/.local/lib/python3.8/site-packages/airflow/example_dags/tutorial_taskflow_api_etl.py
[2022-05-23 21:40:59,241] {scheduler_job.py:643} INFO - DAG(s) dict_keys(['tutorial_taskflow_api_etl']) retrieved from /home/airflow/.local/lib/python3.8/site-packages/airflow/example_dags/tutorial_taskflow_api_etl.py
[2022-05-23 21:41:02,689] {logging_mixin.py:104} INFO - [2022-05-23 21:41:02,689] {dag.py:1833} INFO - Sync 1 DAGs
[2022-05-23 21:41:02,763] {logging_mixin.py:104} INFO - [2022-05-23 21:41:02,762] {dag.py:2306} INFO - Setting next_dagrun for tutorial_taskflow_api_etl to None
[2022-05-23 21:41:02,956] {scheduler_job.py:190} INFO - Processing /home/airflow/.local/lib/python3.8/site-packages/airflow/example_dags/tutorial_taskflow_api_etl.py took 3.936 seconds
[2022-05-23 21:43:21,341] {scheduler_job.py:182} INFO - Started process (PID=148) to work on /home/airflow/.local/lib/python3.8/site-packages/airflow/example_dags/tutorial_taskflow_api_etl.py
[2022-05-23 21:43:21,368] {scheduler_job.py:633} INFO - Processing file /home/airflow/.local/lib/python3.8/site-packages/airflow/example_dags/tutorial_taskflow_api_etl.py for tasks to queue
[2022-05-23 21:43:21,371] {logging_mixin.py:104} INFO - [2022-05-23 21:43:21,371] {dagbag.py:496} INFO - Filling up the DagBag from /home/airflow/.local/lib/python3.8/site-packages/airflow/example_dags/tutorial_taskflow_api_etl.py
[2022-05-23 21:43:21,575] {scheduler_job.py:643} INFO - DAG(s) dict_keys(['tutorial_taskflow_api_etl']) retrieved from /home/airflow/.local/lib/python3.8/site-packages/airflow/example_dags/tutorial_taskflow_api_etl.py
[2022-05-23 21:43:24,120] {logging_mixin.py:104} INFO - [2022-05-23 21:43:24,119] {dag.py:1833} INFO - Sync 1 DAGs
[2022-05-23 21:43:24,224] {logging_mixin.py:104} INFO - [2022-05-23 21:43:24,224] {dag.py:2306} INFO - Setting next_dagrun for tutorial_taskflow_api_etl to None
[2022-05-23 21:43:25,216] {scheduler_job.py:190} INFO - Processing /home/airflow/.local/lib/python3.8/site-packages/airflow/example_dags/tutorial_taskflow_api_etl.py took 3.896 seconds
[2022-05-23 21:45:16,740] {scheduler_job.py:182} INFO - Started process (PID=174) to work on /home/airflow/.local/lib/python3.8/site-packages/airflow/example_dags/tutorial_taskflow_api_etl.py
[2022-05-23 21:45:16,751] {scheduler_job.py:633} INFO - Processing file /home/airflow/.local/lib/python3.8/site-packages/airflow/example_dags/tutorial_taskflow_api_etl.py for tasks to queue
[2022-05-23 21:45:16,755] {logging_mixin.py:104} INFO - [2022-05-23 21:45:16,755] {dagbag.py:496} INFO - Filling up the DagBag from /home/airflow/.local/lib/python3.8/site-packages/airflow/example_dags/tutorial_taskflow_api_etl.py
[2022-05-23 21:45:16,821] {scheduler_job.py:643} INFO - DAG(s) dict_keys(['tutorial_taskflow_api_etl']) retrieved from /home/airflow/.local/lib/python3.8/site-packages/airflow/example_dags/tutorial_taskflow_api_etl.py
[2022-05-23 21:45:20,781] {logging_mixin.py:104} INFO - [2022-05-23 21:45:20,774] {dag.py:1833} INFO - Sync 1 DAGs
[2022-05-23 21:45:22,652] {logging_mixin.py:104} INFO - [2022-05-23 21:45:22,651] {dag.py:2306} INFO - Setting next_dagrun for tutorial_taskflow_api_etl to None
[2022-05-23 21:45:22,889] {scheduler_job.py:190} INFO - Processing /home/airflow/.local/lib/python3.8/site-packages/airflow/example_dags/tutorial_taskflow_api_etl.py took 6.200 seconds
[2022-05-23 21:50:50,083] {scheduler_job.py:182} INFO - Started process (PID=198) to work on /home/airflow/.local/lib/python3.8/site-packages/airflow/example_dags/tutorial_taskflow_api_etl.py
[2022-05-23 21:50:50,093] {scheduler_job.py:633} INFO - Processing file /home/airflow/.local/lib/python3.8/site-packages/airflow/example_dags/tutorial_taskflow_api_etl.py for tasks to queue
[2022-05-23 21:50:50,107] {logging_mixin.py:104} INFO - [2022-05-23 21:50:50,106] {dagbag.py:496} INFO - Filling up the DagBag from /home/airflow/.local/lib/python3.8/site-packages/airflow/example_dags/tutorial_taskflow_api_etl.py
[2022-05-23 21:50:51,324] {scheduler_job.py:643} INFO - DAG(s) dict_keys(['tutorial_taskflow_api_etl']) retrieved from /home/airflow/.local/lib/python3.8/site-packages/airflow/example_dags/tutorial_taskflow_api_etl.py
[2022-05-23 21:50:57,959] {logging_mixin.py:104} INFO - [2022-05-23 21:50:57,959] {dag.py:1833} INFO - Sync 1 DAGs
[2022-05-23 21:51:01,806] {logging_mixin.py:104} INFO - [2022-05-23 21:51:01,805] {dag.py:2306} INFO - Setting next_dagrun for tutorial_taskflow_api_etl to None
[2022-05-23 21:51:02,200] {scheduler_job.py:190} INFO - Processing /home/airflow/.local/lib/python3.8/site-packages/airflow/example_dags/tutorial_taskflow_api_etl.py took 12.139 seconds
[2022-05-23 21:57:38,546] {scheduler_job.py:182} INFO - Started process (PID=25) to work on /home/airflow/.local/lib/python3.8/site-packages/airflow/example_dags/tutorial_taskflow_api_etl.py
[2022-05-23 21:57:38,592] {scheduler_job.py:633} INFO - Processing file /home/airflow/.local/lib/python3.8/site-packages/airflow/example_dags/tutorial_taskflow_api_etl.py for tasks to queue
[2022-05-23 21:57:38,604] {logging_mixin.py:104} INFO - [2022-05-23 21:57:38,604] {dagbag.py:496} INFO - Filling up the DagBag from /home/airflow/.local/lib/python3.8/site-packages/airflow/example_dags/tutorial_taskflow_api_etl.py
[2022-05-23 21:57:38,862] {scheduler_job.py:643} INFO - DAG(s) dict_keys(['tutorial_taskflow_api_etl']) retrieved from /home/airflow/.local/lib/python3.8/site-packages/airflow/example_dags/tutorial_taskflow_api_etl.py
[2022-05-23 21:57:43,629] {logging_mixin.py:104} INFO - [2022-05-23 21:57:43,629] {dag.py:1833} INFO - Sync 1 DAGs
[2022-05-23 21:57:43,877] {logging_mixin.py:104} INFO - [2022-05-23 21:57:43,874] {dag.py:2306} INFO - Setting next_dagrun for tutorial_taskflow_api_etl to None
[2022-05-23 21:57:44,197] {scheduler_job.py:190} INFO - Processing /home/airflow/.local/lib/python3.8/site-packages/airflow/example_dags/tutorial_taskflow_api_etl.py took 5.656 seconds
[2022-05-23 21:59:41,072] {scheduler_job.py:182} INFO - Started process (PID=58) to work on /home/airflow/.local/lib/python3.8/site-packages/airflow/example_dags/tutorial_taskflow_api_etl.py
[2022-05-23 21:59:41,079] {scheduler_job.py:633} INFO - Processing file /home/airflow/.local/lib/python3.8/site-packages/airflow/example_dags/tutorial_taskflow_api_etl.py for tasks to queue
[2022-05-23 21:59:41,088] {logging_mixin.py:104} INFO - [2022-05-23 21:59:41,088] {dagbag.py:496} INFO - Filling up the DagBag from /home/airflow/.local/lib/python3.8/site-packages/airflow/example_dags/tutorial_taskflow_api_etl.py
[2022-05-23 21:59:41,205] {scheduler_job.py:643} INFO - DAG(s) dict_keys(['tutorial_taskflow_api_etl']) retrieved from /home/airflow/.local/lib/python3.8/site-packages/airflow/example_dags/tutorial_taskflow_api_etl.py
[2022-05-23 21:59:43,094] {logging_mixin.py:104} INFO - [2022-05-23 21:59:43,094] {dag.py:1833} INFO - Sync 1 DAGs
[2022-05-23 21:59:43,135] {logging_mixin.py:104} INFO - [2022-05-23 21:59:43,134] {dag.py:2306} INFO - Setting next_dagrun for tutorial_taskflow_api_etl to None
[2022-05-23 21:59:43,273] {scheduler_job.py:190} INFO - Processing /home/airflow/.local/lib/python3.8/site-packages/airflow/example_dags/tutorial_taskflow_api_etl.py took 2.285 seconds
[2022-05-23 22:01:13,238] {scheduler_job.py:182} INFO - Started process (PID=77) to work on /home/airflow/.local/lib/python3.8/site-packages/airflow/example_dags/tutorial_taskflow_api_etl.py
[2022-05-23 22:01:13,246] {scheduler_job.py:633} INFO - Processing file /home/airflow/.local/lib/python3.8/site-packages/airflow/example_dags/tutorial_taskflow_api_etl.py for tasks to queue
[2022-05-23 22:01:13,267] {logging_mixin.py:104} INFO - [2022-05-23 22:01:13,267] {dagbag.py:496} INFO - Filling up the DagBag from /home/airflow/.local/lib/python3.8/site-packages/airflow/example_dags/tutorial_taskflow_api_etl.py
[2022-05-23 22:01:13,490] {scheduler_job.py:643} INFO - DAG(s) dict_keys(['tutorial_taskflow_api_etl']) retrieved from /home/airflow/.local/lib/python3.8/site-packages/airflow/example_dags/tutorial_taskflow_api_etl.py
[2022-05-23 22:01:22,087] {logging_mixin.py:104} INFO - [2022-05-23 22:01:22,086] {dag.py:1833} INFO - Sync 1 DAGs
[2022-05-23 22:01:22,167] {logging_mixin.py:104} INFO - [2022-05-23 22:01:22,167] {dag.py:2306} INFO - Setting next_dagrun for tutorial_taskflow_api_etl to None
[2022-05-23 22:01:22,312] {scheduler_job.py:190} INFO - Processing /home/airflow/.local/lib/python3.8/site-packages/airflow/example_dags/tutorial_taskflow_api_etl.py took 9.084 seconds
[2022-05-23 22:03:54,534] {scheduler_job.py:182} INFO - Started process (PID=103) to work on /home/airflow/.local/lib/python3.8/site-packages/airflow/example_dags/tutorial_taskflow_api_etl.py
[2022-05-23 22:03:54,587] {scheduler_job.py:633} INFO - Processing file /home/airflow/.local/lib/python3.8/site-packages/airflow/example_dags/tutorial_taskflow_api_etl.py for tasks to queue
[2022-05-23 22:03:54,600] {logging_mixin.py:104} INFO - [2022-05-23 22:03:54,600] {dagbag.py:496} INFO - Filling up the DagBag from /home/airflow/.local/lib/python3.8/site-packages/airflow/example_dags/tutorial_taskflow_api_etl.py
[2022-05-23 22:03:54,965] {scheduler_job.py:643} INFO - DAG(s) dict_keys(['tutorial_taskflow_api_etl']) retrieved from /home/airflow/.local/lib/python3.8/site-packages/airflow/example_dags/tutorial_taskflow_api_etl.py
[2022-05-23 22:04:06,614] {logging_mixin.py:104} INFO - [2022-05-23 22:04:06,607] {dag.py:1833} INFO - Sync 1 DAGs
[2022-05-23 22:04:07,038] {logging_mixin.py:104} INFO - [2022-05-23 22:04:07,036] {dag.py:2306} INFO - Setting next_dagrun for tutorial_taskflow_api_etl to None
[2022-05-23 22:04:13,167] {scheduler_job.py:190} INFO - Processing /home/airflow/.local/lib/python3.8/site-packages/airflow/example_dags/tutorial_taskflow_api_etl.py took 18.719 seconds
[2022-05-23 22:09:37,786] {scheduler_job.py:182} INFO - Started process (PID=133) to work on /home/airflow/.local/lib/python3.8/site-packages/airflow/example_dags/tutorial_taskflow_api_etl.py
[2022-05-23 22:09:37,825] {scheduler_job.py:633} INFO - Processing file /home/airflow/.local/lib/python3.8/site-packages/airflow/example_dags/tutorial_taskflow_api_etl.py for tasks to queue
[2022-05-23 22:09:37,878] {logging_mixin.py:104} INFO - [2022-05-23 22:09:37,854] {dagbag.py:496} INFO - Filling up the DagBag from /home/airflow/.local/lib/python3.8/site-packages/airflow/example_dags/tutorial_taskflow_api_etl.py
[2022-05-23 22:09:39,172] {scheduler_job.py:643} INFO - DAG(s) dict_keys(['tutorial_taskflow_api_etl']) retrieved from /home/airflow/.local/lib/python3.8/site-packages/airflow/example_dags/tutorial_taskflow_api_etl.py
[2022-05-23 22:10:25,945] {logging_mixin.py:104} INFO - [2022-05-23 22:10:25,926] {dag.py:1833} INFO - Sync 1 DAGs
[2022-05-23 22:10:33,332] {logging_mixin.py:104} INFO - [2022-05-23 22:10:33,332] {dag.py:2306} INFO - Setting next_dagrun for tutorial_taskflow_api_etl to None
[2022-05-23 22:10:34,615] {scheduler_job.py:190} INFO - Processing /home/airflow/.local/lib/python3.8/site-packages/airflow/example_dags/tutorial_taskflow_api_etl.py took 56.733 seconds
[2022-05-23 22:16:15,792] {scheduler_job.py:182} INFO - Started process (PID=25) to work on /home/airflow/.local/lib/python3.8/site-packages/airflow/example_dags/tutorial_taskflow_api_etl.py
[2022-05-23 22:16:15,817] {scheduler_job.py:633} INFO - Processing file /home/airflow/.local/lib/python3.8/site-packages/airflow/example_dags/tutorial_taskflow_api_etl.py for tasks to queue
[2022-05-23 22:16:15,827] {logging_mixin.py:104} INFO - [2022-05-23 22:16:15,827] {dagbag.py:496} INFO - Filling up the DagBag from /home/airflow/.local/lib/python3.8/site-packages/airflow/example_dags/tutorial_taskflow_api_etl.py
[2022-05-23 22:16:16,024] {scheduler_job.py:643} INFO - DAG(s) dict_keys(['tutorial_taskflow_api_etl']) retrieved from /home/airflow/.local/lib/python3.8/site-packages/airflow/example_dags/tutorial_taskflow_api_etl.py
[2022-05-23 22:16:19,143] {logging_mixin.py:104} INFO - [2022-05-23 22:16:19,143] {dag.py:1833} INFO - Sync 1 DAGs
[2022-05-23 22:16:19,285] {logging_mixin.py:104} INFO - [2022-05-23 22:16:19,284] {dag.py:2306} INFO - Setting next_dagrun for tutorial_taskflow_api_etl to None
[2022-05-23 22:16:19,468] {scheduler_job.py:190} INFO - Processing /home/airflow/.local/lib/python3.8/site-packages/airflow/example_dags/tutorial_taskflow_api_etl.py took 3.689 seconds
[2022-05-23 22:18:18,111] {scheduler_job.py:182} INFO - Started process (PID=58) to work on /home/airflow/.local/lib/python3.8/site-packages/airflow/example_dags/tutorial_taskflow_api_etl.py
[2022-05-23 22:18:18,117] {scheduler_job.py:633} INFO - Processing file /home/airflow/.local/lib/python3.8/site-packages/airflow/example_dags/tutorial_taskflow_api_etl.py for tasks to queue
[2022-05-23 22:18:18,131] {logging_mixin.py:104} INFO - [2022-05-23 22:18:18,128] {dagbag.py:496} INFO - Filling up the DagBag from /home/airflow/.local/lib/python3.8/site-packages/airflow/example_dags/tutorial_taskflow_api_etl.py
[2022-05-23 22:18:18,363] {scheduler_job.py:643} INFO - DAG(s) dict_keys(['tutorial_taskflow_api_etl']) retrieved from /home/airflow/.local/lib/python3.8/site-packages/airflow/example_dags/tutorial_taskflow_api_etl.py
[2022-05-23 22:18:21,931] {logging_mixin.py:104} INFO - [2022-05-23 22:18:21,931] {dag.py:1833} INFO - Sync 1 DAGs
[2022-05-23 22:18:22,140] {logging_mixin.py:104} INFO - [2022-05-23 22:18:22,138] {dag.py:2306} INFO - Setting next_dagrun for tutorial_taskflow_api_etl to None
[2022-05-23 22:18:22,487] {scheduler_job.py:190} INFO - Processing /home/airflow/.local/lib/python3.8/site-packages/airflow/example_dags/tutorial_taskflow_api_etl.py took 4.431 seconds
