[2022-05-23 21:03:28,854] {scheduler_job.py:182} INFO - Started process (PID=67) to work on /home/airflow/.local/lib/python3.8/site-packages/airflow/example_dags/tutorial.py
[2022-05-23 21:03:28,869] {scheduler_job.py:633} INFO - Processing file /home/airflow/.local/lib/python3.8/site-packages/airflow/example_dags/tutorial.py for tasks to queue
[2022-05-23 21:03:28,875] {logging_mixin.py:104} INFO - [2022-05-23 21:03:28,874] {dagbag.py:496} INFO - Filling up the DagBag from /home/airflow/.local/lib/python3.8/site-packages/airflow/example_dags/tutorial.py
[2022-05-23 21:03:28,941] {scheduler_job.py:643} INFO - DAG(s) dict_keys(['tutorial']) retrieved from /home/airflow/.local/lib/python3.8/site-packages/airflow/example_dags/tutorial.py
[2022-05-23 21:03:35,688] {logging_mixin.py:104} INFO - [2022-05-23 21:03:35,688] {dag.py:1833} INFO - Sync 1 DAGs
[2022-05-23 21:03:35,802] {logging_mixin.py:104} INFO - [2022-05-23 21:03:35,802] {dag.py:2306} INFO - Setting next_dagrun for tutorial to 2022-05-21 00:00:00+00:00
[2022-05-23 21:03:36,201] {scheduler_job.py:190} INFO - Processing /home/airflow/.local/lib/python3.8/site-packages/airflow/example_dags/tutorial.py took 7.372 seconds
[2022-05-23 21:07:01,809] {scheduler_job.py:182} INFO - Started process (PID=100) to work on /home/airflow/.local/lib/python3.8/site-packages/airflow/example_dags/tutorial.py
[2022-05-23 21:07:01,822] {scheduler_job.py:633} INFO - Processing file /home/airflow/.local/lib/python3.8/site-packages/airflow/example_dags/tutorial.py for tasks to queue
[2022-05-23 21:07:01,834] {logging_mixin.py:104} INFO - [2022-05-23 21:07:01,834] {dagbag.py:496} INFO - Filling up the DagBag from /home/airflow/.local/lib/python3.8/site-packages/airflow/example_dags/tutorial.py
[2022-05-23 21:07:01,978] {scheduler_job.py:643} INFO - DAG(s) dict_keys(['tutorial']) retrieved from /home/airflow/.local/lib/python3.8/site-packages/airflow/example_dags/tutorial.py
[2022-05-23 21:07:02,365] {logging_mixin.py:104} INFO - [2022-05-23 21:07:02,364] {dag.py:1833} INFO - Sync 1 DAGs
[2022-05-23 21:07:02,543] {logging_mixin.py:104} INFO - [2022-05-23 21:07:02,534] {dag.py:2306} INFO - Setting next_dagrun for tutorial to 2022-05-21 00:00:00+00:00
[2022-05-23 21:07:02,839] {scheduler_job.py:190} INFO - Processing /home/airflow/.local/lib/python3.8/site-packages/airflow/example_dags/tutorial.py took 1.044 seconds
[2022-05-23 21:13:19,985] {scheduler_job.py:182} INFO - Started process (PID=128) to work on /home/airflow/.local/lib/python3.8/site-packages/airflow/example_dags/tutorial.py
[2022-05-23 21:13:20,007] {scheduler_job.py:633} INFO - Processing file /home/airflow/.local/lib/python3.8/site-packages/airflow/example_dags/tutorial.py for tasks to queue
[2022-05-23 21:13:20,043] {logging_mixin.py:104} INFO - [2022-05-23 21:13:20,036] {dagbag.py:496} INFO - Filling up the DagBag from /home/airflow/.local/lib/python3.8/site-packages/airflow/example_dags/tutorial.py
[2022-05-23 21:13:20,198] {scheduler_job.py:643} INFO - DAG(s) dict_keys(['tutorial']) retrieved from /home/airflow/.local/lib/python3.8/site-packages/airflow/example_dags/tutorial.py
[2022-05-23 21:13:20,466] {logging_mixin.py:104} INFO - [2022-05-23 21:13:20,465] {dag.py:1833} INFO - Sync 1 DAGs
[2022-05-23 21:13:20,559] {logging_mixin.py:104} INFO - [2022-05-23 21:13:20,559] {dag.py:2306} INFO - Setting next_dagrun for tutorial to 2022-05-21 00:00:00+00:00
[2022-05-23 21:13:20,717] {scheduler_job.py:190} INFO - Processing /home/airflow/.local/lib/python3.8/site-packages/airflow/example_dags/tutorial.py took 0.803 seconds
[2022-05-23 21:19:16,809] {scheduler_job.py:182} INFO - Started process (PID=176) to work on /home/airflow/.local/lib/python3.8/site-packages/airflow/example_dags/tutorial.py
[2022-05-23 21:19:16,861] {scheduler_job.py:633} INFO - Processing file /home/airflow/.local/lib/python3.8/site-packages/airflow/example_dags/tutorial.py for tasks to queue
[2022-05-23 21:19:16,943] {logging_mixin.py:104} INFO - [2022-05-23 21:19:16,940] {dagbag.py:496} INFO - Filling up the DagBag from /home/airflow/.local/lib/python3.8/site-packages/airflow/example_dags/tutorial.py
[2022-05-23 21:19:28,826] {scheduler_job.py:643} INFO - DAG(s) dict_keys(['tutorial']) retrieved from /home/airflow/.local/lib/python3.8/site-packages/airflow/example_dags/tutorial.py
[2022-05-23 21:19:38,789] {logging_mixin.py:104} INFO - [2022-05-23 21:19:38,765] {dag.py:1833} INFO - Sync 1 DAGs
[2022-05-23 21:19:39,388] {logging_mixin.py:104} INFO - [2022-05-23 21:19:39,387] {dag.py:2306} INFO - Setting next_dagrun for tutorial to 2022-05-21 00:00:00+00:00
[2022-05-23 21:19:39,738] {scheduler_job.py:190} INFO - Processing /home/airflow/.local/lib/python3.8/site-packages/airflow/example_dags/tutorial.py took 23.498 seconds
[2022-05-23 21:21:39,430] {scheduler_job.py:182} INFO - Started process (PID=205) to work on /home/airflow/.local/lib/python3.8/site-packages/airflow/example_dags/tutorial.py
[2022-05-23 21:21:39,440] {scheduler_job.py:633} INFO - Processing file /home/airflow/.local/lib/python3.8/site-packages/airflow/example_dags/tutorial.py for tasks to queue
[2022-05-23 21:21:39,445] {logging_mixin.py:104} INFO - [2022-05-23 21:21:39,445] {dagbag.py:496} INFO - Filling up the DagBag from /home/airflow/.local/lib/python3.8/site-packages/airflow/example_dags/tutorial.py
[2022-05-23 21:21:39,571] {scheduler_job.py:643} INFO - DAG(s) dict_keys(['tutorial']) retrieved from /home/airflow/.local/lib/python3.8/site-packages/airflow/example_dags/tutorial.py
[2022-05-23 21:21:39,694] {logging_mixin.py:104} INFO - [2022-05-23 21:21:39,694] {dag.py:1833} INFO - Sync 1 DAGs
[2022-05-23 21:21:39,768] {logging_mixin.py:104} INFO - [2022-05-23 21:21:39,768] {dag.py:2306} INFO - Setting next_dagrun for tutorial to 2022-05-21 00:00:00+00:00
[2022-05-23 21:21:39,900] {scheduler_job.py:190} INFO - Processing /home/airflow/.local/lib/python3.8/site-packages/airflow/example_dags/tutorial.py took 0.503 seconds
[2022-05-23 21:36:00,604] {scheduler_job.py:182} INFO - Started process (PID=41) to work on /home/airflow/.local/lib/python3.8/site-packages/airflow/example_dags/tutorial.py
[2022-05-23 21:36:00,618] {scheduler_job.py:633} INFO - Processing file /home/airflow/.local/lib/python3.8/site-packages/airflow/example_dags/tutorial.py for tasks to queue
[2022-05-23 21:36:00,660] {logging_mixin.py:104} INFO - [2022-05-23 21:36:00,660] {dagbag.py:496} INFO - Filling up the DagBag from /home/airflow/.local/lib/python3.8/site-packages/airflow/example_dags/tutorial.py
[2022-05-23 21:36:00,787] {scheduler_job.py:643} INFO - DAG(s) dict_keys(['tutorial']) retrieved from /home/airflow/.local/lib/python3.8/site-packages/airflow/example_dags/tutorial.py
[2022-05-23 21:36:00,954] {logging_mixin.py:104} INFO - [2022-05-23 21:36:00,954] {dag.py:1833} INFO - Sync 1 DAGs
[2022-05-23 21:36:01,048] {logging_mixin.py:104} INFO - [2022-05-23 21:36:01,047] {dag.py:2306} INFO - Setting next_dagrun for tutorial to 2022-05-21 00:00:00+00:00
[2022-05-23 21:36:01,290] {scheduler_job.py:190} INFO - Processing /home/airflow/.local/lib/python3.8/site-packages/airflow/example_dags/tutorial.py took 0.719 seconds
[2022-05-23 21:38:20,626] {scheduler_job.py:182} INFO - Started process (PID=74) to work on /home/airflow/.local/lib/python3.8/site-packages/airflow/example_dags/tutorial.py
[2022-05-23 21:38:20,633] {scheduler_job.py:633} INFO - Processing file /home/airflow/.local/lib/python3.8/site-packages/airflow/example_dags/tutorial.py for tasks to queue
[2022-05-23 21:38:20,635] {logging_mixin.py:104} INFO - [2022-05-23 21:38:20,635] {dagbag.py:496} INFO - Filling up the DagBag from /home/airflow/.local/lib/python3.8/site-packages/airflow/example_dags/tutorial.py
[2022-05-23 21:38:20,688] {scheduler_job.py:643} INFO - DAG(s) dict_keys(['tutorial']) retrieved from /home/airflow/.local/lib/python3.8/site-packages/airflow/example_dags/tutorial.py
[2022-05-23 21:38:20,830] {logging_mixin.py:104} INFO - [2022-05-23 21:38:20,830] {dag.py:1833} INFO - Sync 1 DAGs
[2022-05-23 21:38:20,997] {logging_mixin.py:104} INFO - [2022-05-23 21:38:20,997] {dag.py:2306} INFO - Setting next_dagrun for tutorial to 2022-05-21 00:00:00+00:00
[2022-05-23 21:38:21,114] {scheduler_job.py:190} INFO - Processing /home/airflow/.local/lib/python3.8/site-packages/airflow/example_dags/tutorial.py took 0.491 seconds
[2022-05-23 21:40:25,939] {scheduler_job.py:182} INFO - Started process (PID=117) to work on /home/airflow/.local/lib/python3.8/site-packages/airflow/example_dags/tutorial.py
[2022-05-23 21:40:25,959] {scheduler_job.py:633} INFO - Processing file /home/airflow/.local/lib/python3.8/site-packages/airflow/example_dags/tutorial.py for tasks to queue
[2022-05-23 21:40:25,963] {logging_mixin.py:104} INFO - [2022-05-23 21:40:25,963] {dagbag.py:496} INFO - Filling up the DagBag from /home/airflow/.local/lib/python3.8/site-packages/airflow/example_dags/tutorial.py
[2022-05-23 21:40:26,034] {scheduler_job.py:643} INFO - DAG(s) dict_keys(['tutorial']) retrieved from /home/airflow/.local/lib/python3.8/site-packages/airflow/example_dags/tutorial.py
[2022-05-23 21:40:26,110] {logging_mixin.py:104} INFO - [2022-05-23 21:40:26,109] {dag.py:1833} INFO - Sync 1 DAGs
[2022-05-23 21:40:26,221] {logging_mixin.py:104} INFO - [2022-05-23 21:40:26,217] {dag.py:2306} INFO - Setting next_dagrun for tutorial to 2022-05-21 00:00:00+00:00
[2022-05-23 21:40:26,405] {scheduler_job.py:190} INFO - Processing /home/airflow/.local/lib/python3.8/site-packages/airflow/example_dags/tutorial.py took 0.519 seconds
[2022-05-23 21:44:26,965] {scheduler_job.py:182} INFO - Started process (PID=164) to work on /home/airflow/.local/lib/python3.8/site-packages/airflow/example_dags/tutorial.py
[2022-05-23 21:44:26,974] {scheduler_job.py:633} INFO - Processing file /home/airflow/.local/lib/python3.8/site-packages/airflow/example_dags/tutorial.py for tasks to queue
[2022-05-23 21:44:26,989] {logging_mixin.py:104} INFO - [2022-05-23 21:44:26,989] {dagbag.py:496} INFO - Filling up the DagBag from /home/airflow/.local/lib/python3.8/site-packages/airflow/example_dags/tutorial.py
[2022-05-23 21:44:27,194] {scheduler_job.py:643} INFO - DAG(s) dict_keys(['tutorial']) retrieved from /home/airflow/.local/lib/python3.8/site-packages/airflow/example_dags/tutorial.py
[2022-05-23 21:44:27,278] {logging_mixin.py:104} INFO - [2022-05-23 21:44:27,278] {dag.py:1833} INFO - Sync 1 DAGs
[2022-05-23 21:44:27,393] {logging_mixin.py:104} INFO - [2022-05-23 21:44:27,393] {dag.py:2306} INFO - Setting next_dagrun for tutorial to 2022-05-21 00:00:00+00:00
[2022-05-23 21:44:27,515] {scheduler_job.py:190} INFO - Processing /home/airflow/.local/lib/python3.8/site-packages/airflow/example_dags/tutorial.py took 0.584 seconds
[2022-05-23 21:59:03,859] {scheduler_job.py:182} INFO - Started process (PID=41) to work on /home/airflow/.local/lib/python3.8/site-packages/airflow/example_dags/tutorial.py
[2022-05-23 21:59:03,986] {scheduler_job.py:633} INFO - Processing file /home/airflow/.local/lib/python3.8/site-packages/airflow/example_dags/tutorial.py for tasks to queue
[2022-05-23 21:59:03,999] {logging_mixin.py:104} INFO - [2022-05-23 21:59:03,998] {dagbag.py:496} INFO - Filling up the DagBag from /home/airflow/.local/lib/python3.8/site-packages/airflow/example_dags/tutorial.py
[2022-05-23 21:59:04,135] {scheduler_job.py:643} INFO - DAG(s) dict_keys(['tutorial']) retrieved from /home/airflow/.local/lib/python3.8/site-packages/airflow/example_dags/tutorial.py
[2022-05-23 21:59:04,265] {logging_mixin.py:104} INFO - [2022-05-23 21:59:04,265] {dag.py:1833} INFO - Sync 1 DAGs
[2022-05-23 21:59:04,319] {logging_mixin.py:104} INFO - [2022-05-23 21:59:04,319] {dag.py:2306} INFO - Setting next_dagrun for tutorial to 2022-05-21 00:00:00+00:00
[2022-05-23 21:59:04,409] {scheduler_job.py:190} INFO - Processing /home/airflow/.local/lib/python3.8/site-packages/airflow/example_dags/tutorial.py took 0.609 seconds
[2022-05-23 22:01:55,723] {scheduler_job.py:182} INFO - Started process (PID=86) to work on /home/airflow/.local/lib/python3.8/site-packages/airflow/example_dags/tutorial.py
[2022-05-23 22:01:55,751] {scheduler_job.py:633} INFO - Processing file /home/airflow/.local/lib/python3.8/site-packages/airflow/example_dags/tutorial.py for tasks to queue
[2022-05-23 22:01:55,753] {logging_mixin.py:104} INFO - [2022-05-23 22:01:55,753] {dagbag.py:496} INFO - Filling up the DagBag from /home/airflow/.local/lib/python3.8/site-packages/airflow/example_dags/tutorial.py
[2022-05-23 22:01:56,143] {scheduler_job.py:643} INFO - DAG(s) dict_keys(['tutorial']) retrieved from /home/airflow/.local/lib/python3.8/site-packages/airflow/example_dags/tutorial.py
[2022-05-23 22:01:56,506] {logging_mixin.py:104} INFO - [2022-05-23 22:01:56,506] {dag.py:1833} INFO - Sync 1 DAGs
[2022-05-23 22:01:56,828] {logging_mixin.py:104} INFO - [2022-05-23 22:01:56,828] {dag.py:2306} INFO - Setting next_dagrun for tutorial to 2022-05-21 00:00:00+00:00
[2022-05-23 22:01:57,108] {scheduler_job.py:190} INFO - Processing /home/airflow/.local/lib/python3.8/site-packages/airflow/example_dags/tutorial.py took 1.524 seconds
[2022-05-23 22:08:39,060] {scheduler_job.py:182} INFO - Started process (PID=119) to work on /home/airflow/.local/lib/python3.8/site-packages/airflow/example_dags/tutorial.py
[2022-05-23 22:08:39,082] {scheduler_job.py:633} INFO - Processing file /home/airflow/.local/lib/python3.8/site-packages/airflow/example_dags/tutorial.py for tasks to queue
[2022-05-23 22:08:39,118] {logging_mixin.py:104} INFO - [2022-05-23 22:08:39,118] {dagbag.py:496} INFO - Filling up the DagBag from /home/airflow/.local/lib/python3.8/site-packages/airflow/example_dags/tutorial.py
[2022-05-23 22:08:39,382] {scheduler_job.py:643} INFO - DAG(s) dict_keys(['tutorial']) retrieved from /home/airflow/.local/lib/python3.8/site-packages/airflow/example_dags/tutorial.py
[2022-05-23 22:08:39,550] {logging_mixin.py:104} INFO - [2022-05-23 22:08:39,550] {dag.py:1833} INFO - Sync 1 DAGs
[2022-05-23 22:08:39,779] {logging_mixin.py:104} INFO - [2022-05-23 22:08:39,779] {dag.py:2306} INFO - Setting next_dagrun for tutorial to 2022-05-21 00:00:00+00:00
[2022-05-23 22:08:40,306] {scheduler_job.py:190} INFO - Processing /home/airflow/.local/lib/python3.8/site-packages/airflow/example_dags/tutorial.py took 1.300 seconds
[2022-05-23 22:17:14,947] {scheduler_job.py:182} INFO - Started process (PID=41) to work on /home/airflow/.local/lib/python3.8/site-packages/airflow/example_dags/tutorial.py
[2022-05-23 22:17:14,954] {scheduler_job.py:633} INFO - Processing file /home/airflow/.local/lib/python3.8/site-packages/airflow/example_dags/tutorial.py for tasks to queue
[2022-05-23 22:17:14,963] {logging_mixin.py:104} INFO - [2022-05-23 22:17:14,961] {dagbag.py:496} INFO - Filling up the DagBag from /home/airflow/.local/lib/python3.8/site-packages/airflow/example_dags/tutorial.py
[2022-05-23 22:17:15,095] {scheduler_job.py:643} INFO - DAG(s) dict_keys(['tutorial']) retrieved from /home/airflow/.local/lib/python3.8/site-packages/airflow/example_dags/tutorial.py
[2022-05-23 22:17:15,289] {logging_mixin.py:104} INFO - [2022-05-23 22:17:15,285] {dag.py:1833} INFO - Sync 1 DAGs
[2022-05-23 22:17:15,417] {logging_mixin.py:104} INFO - [2022-05-23 22:17:15,417] {dag.py:2306} INFO - Setting next_dagrun for tutorial to 2022-05-21 00:00:00+00:00
[2022-05-23 22:17:15,584] {scheduler_job.py:190} INFO - Processing /home/airflow/.local/lib/python3.8/site-packages/airflow/example_dags/tutorial.py took 0.713 seconds
