[2022-05-22 21:38:18,102] {taskinstance.py:896} INFO - Dependencies all met for <TaskInstance: book_db.store_books 2022-05-22T21:37:50.631574+00:00 [queued]>
[2022-05-22 21:38:18,126] {taskinstance.py:896} INFO - Dependencies all met for <TaskInstance: book_db.store_books 2022-05-22T21:37:50.631574+00:00 [queued]>
[2022-05-22 21:38:18,127] {taskinstance.py:1087} INFO - 
--------------------------------------------------------------------------------
[2022-05-22 21:38:18,128] {taskinstance.py:1088} INFO - Starting attempt 1 of 1
[2022-05-22 21:38:18,129] {taskinstance.py:1089} INFO - 
--------------------------------------------------------------------------------
[2022-05-22 21:38:18,188] {taskinstance.py:1107} INFO - Executing <Task(PythonOperator): store_books> on 2022-05-22T21:37:50.631574+00:00
[2022-05-22 21:38:18,192] {standard_task_runner.py:52} INFO - Started process 143 to run task
[2022-05-22 21:38:18,199] {standard_task_runner.py:76} INFO - Running: ['airflow', 'tasks', 'run', 'book_db', 'store_books', '2022-05-22T21:37:50.631574+00:00', '--job-id', '10', '--pool', 'default_pool', '--raw', '--subdir', 'DAGS_FOLDER/books_db.py', '--cfg-path', '/tmp/tmp6hhod12u', '--error-file', '/tmp/tmpcvedjimd']
[2022-05-22 21:38:18,203] {standard_task_runner.py:77} INFO - Job 10: Subtask store_books
[2022-05-22 21:38:19,367] {logging_mixin.py:104} INFO - Running <TaskInstance: book_db.store_books 2022-05-22T21:37:50.631574+00:00 [running]> on host 929b3ffb0527
[2022-05-22 21:38:19,641] {taskinstance.py:1300} INFO - Exporting the following env vars:
AIRFLOW_CTX_DAG_OWNER=airflow
AIRFLOW_CTX_DAG_ID=book_db
AIRFLOW_CTX_TASK_ID=store_books
AIRFLOW_CTX_EXECUTION_DATE=2022-05-22T21:37:50.631574+00:00
AIRFLOW_CTX_DAG_RUN_ID=manual__2022-05-22T21:37:50.631574+00:00
[2022-05-22 21:38:19,691] {python.py:151} INFO - Done. Returned value was: None
[2022-05-22 21:38:19,715] {taskinstance.py:1204} INFO - Marking task as SUCCESS. dag_id=book_db, task_id=store_books, execution_date=20220522T213750, start_date=20220522T213818, end_date=20220522T213819
[2022-05-22 21:38:19,813] {taskinstance.py:1265} INFO - 0 downstream tasks scheduled from follow-on schedule check
[2022-05-22 21:38:19,855] {local_task_job.py:151} INFO - Task exited with return code 0
