[2022-05-24 12:13:07,607] {taskinstance.py:1159} INFO - Dependencies all met for <TaskInstance: trigger_rule.task_1 scheduled__2022-05-23T00:00:00+00:00 [queued]>
[2022-05-24 12:13:07,625] {taskinstance.py:1159} INFO - Dependencies all met for <TaskInstance: trigger_rule.task_1 scheduled__2022-05-23T00:00:00+00:00 [queued]>
[2022-05-24 12:13:07,627] {taskinstance.py:1356} INFO - 
--------------------------------------------------------------------------------
[2022-05-24 12:13:07,628] {taskinstance.py:1357} INFO - Starting attempt 1 of 1
[2022-05-24 12:13:07,630] {taskinstance.py:1358} INFO - 
--------------------------------------------------------------------------------
[2022-05-24 12:13:07,661] {taskinstance.py:1377} INFO - Executing <Task(BashOperator): task_1> on 2022-05-23 00:00:00+00:00
[2022-05-24 12:13:07,667] {standard_task_runner.py:52} INFO - Started process 764 to run task
[2022-05-24 12:13:07,676] {standard_task_runner.py:79} INFO - Running: ['***', 'tasks', 'run', 'trigger_rule', 'task_1', 'scheduled__2022-05-23T00:00:00+00:00', '--job-id', '5', '--raw', '--subdir', 'DAGS_FOLDER/trigger_rule.py', '--cfg-path', '/tmp/tmp6i6numpq', '--error-file', '/tmp/tmp2xhcrikv']
[2022-05-24 12:13:07,679] {standard_task_runner.py:80} INFO - Job 5: Subtask task_1
[2022-05-24 12:13:07,769] {task_command.py:369} INFO - Running <TaskInstance: trigger_rule.task_1 scheduled__2022-05-23T00:00:00+00:00 [running]> on host 2fe522ea8532
[2022-05-24 12:13:08,254] {taskinstance.py:1571} INFO - Exporting the following env vars:
AIRFLOW_CTX_DAG_OWNER=***
AIRFLOW_CTX_DAG_ID=trigger_rule
AIRFLOW_CTX_TASK_ID=task_1
AIRFLOW_CTX_EXECUTION_DATE=2022-05-23T00:00:00+00:00
AIRFLOW_CTX_TRY_NUMBER=1
AIRFLOW_CTX_DAG_RUN_ID=scheduled__2022-05-23T00:00:00+00:00
[2022-05-24 12:13:08,257] {subprocess.py:62} INFO - Tmp dir root location: 
 /tmp
[2022-05-24 12:13:08,261] {subprocess.py:74} INFO - Running command: ['bash', '-c', 'exit 0']
[2022-05-24 12:13:08,281] {subprocess.py:85} INFO - Output:
[2022-05-24 12:13:08,292] {subprocess.py:96} INFO - Command exited with return code 0
[2022-05-24 12:13:08,577] {taskinstance.py:1400} INFO - Marking task as SUCCESS. dag_id=trigger_rule, task_id=task_1, execution_date=20220523T000000, start_date=20220524T121307, end_date=20220524T121308
[2022-05-24 12:13:08,661] {local_task_job.py:156} INFO - Task exited with return code 0
[2022-05-24 12:13:08,923] {local_task_job.py:273} INFO - 1 downstream tasks scheduled from follow-on schedule check
