[2022-05-26 21:01:11,276] {taskinstance.py:1159} INFO - Dependencies all met for <TaskInstance: trigger_rule.parallel_tasks1.task_2 scheduled__2022-05-24T00:00:00+00:00 [queued]>
[2022-05-26 21:01:11,585] {taskinstance.py:1159} INFO - Dependencies all met for <TaskInstance: trigger_rule.parallel_tasks1.task_2 scheduled__2022-05-24T00:00:00+00:00 [queued]>
[2022-05-26 21:01:11,608] {taskinstance.py:1356} INFO - 
--------------------------------------------------------------------------------
[2022-05-26 21:01:11,611] {taskinstance.py:1357} INFO - Starting attempt 1 of 1
[2022-05-26 21:01:11,614] {taskinstance.py:1358} INFO - 
--------------------------------------------------------------------------------
[2022-05-26 21:01:12,148] {taskinstance.py:1377} INFO - Executing <Task(BashOperator): parallel_tasks1.task_2> on 2022-05-24 00:00:00+00:00
[2022-05-26 21:01:12,278] {standard_task_runner.py:79} INFO - Running: ['***', 'tasks', 'run', 'trigger_rule', 'parallel_tasks1.task_2', 'scheduled__2022-05-24T00:00:00+00:00', '--job-id', '13', '--raw', '--subdir', 'DAGS_FOLDER/trigger_rule.py', '--cfg-path', '/tmp/tmp5yfh4t0l', '--error-file', '/tmp/tmpww0t8uce']
[2022-05-26 21:01:12,332] {standard_task_runner.py:80} INFO - Job 13: Subtask parallel_tasks1.task_2
[2022-05-26 21:01:12,272] {standard_task_runner.py:52} INFO - Started process 467 to run task
[2022-05-26 21:01:13,920] {task_command.py:369} INFO - Running <TaskInstance: trigger_rule.parallel_tasks1.task_2 scheduled__2022-05-24T00:00:00+00:00 [running]> on host 2fe522ea8532
[2022-05-26 21:01:16,443] {taskinstance.py:1571} INFO - Exporting the following env vars:
AIRFLOW_CTX_DAG_OWNER=***
AIRFLOW_CTX_DAG_ID=trigger_rule
AIRFLOW_CTX_TASK_ID=parallel_tasks1.task_2
AIRFLOW_CTX_EXECUTION_DATE=2022-05-24T00:00:00+00:00
AIRFLOW_CTX_TRY_NUMBER=1
AIRFLOW_CTX_DAG_RUN_ID=scheduled__2022-05-24T00:00:00+00:00
[2022-05-26 21:01:16,509] {subprocess.py:62} INFO - Tmp dir root location: 
 /tmp
[2022-05-26 21:01:16,511] {subprocess.py:74} INFO - Running command: ['bash', '-c', 'sleep 1']
[2022-05-26 21:01:16,912] {subprocess.py:85} INFO - Output:
[2022-05-26 21:01:18,065] {subprocess.py:96} INFO - Command exited with return code 0
[2022-05-26 21:01:19,247] {taskinstance.py:1400} INFO - Marking task as SUCCESS. dag_id=trigger_rule, task_id=parallel_tasks1.task_2, execution_date=20220524T000000, start_date=20220526T210111, end_date=20220526T210119
[2022-05-26 21:01:19,727] {local_task_job.py:156} INFO - Task exited with return code 0
[2022-05-26 21:01:20,486] {local_task_job.py:273} INFO - 0 downstream tasks scheduled from follow-on schedule check
