[2022-05-24 12:13:13,854] {taskinstance.py:1159} INFO - Dependencies all met for <TaskInstance: trigger_rule.task_7 scheduled__2022-05-23T00:00:00+00:00 [queued]>
[2022-05-24 12:13:13,877] {taskinstance.py:1159} INFO - Dependencies all met for <TaskInstance: trigger_rule.task_7 scheduled__2022-05-23T00:00:00+00:00 [queued]>
[2022-05-24 12:13:13,879] {taskinstance.py:1356} INFO - 
--------------------------------------------------------------------------------
[2022-05-24 12:13:13,881] {taskinstance.py:1357} INFO - Starting attempt 1 of 1
[2022-05-24 12:13:13,882] {taskinstance.py:1358} INFO - 
--------------------------------------------------------------------------------
[2022-05-24 12:13:13,919] {taskinstance.py:1377} INFO - Executing <Task(BashOperator): task_7> on 2022-05-23 00:00:00+00:00
[2022-05-24 12:13:13,939] {standard_task_runner.py:52} INFO - Started process 775 to run task
[2022-05-24 12:13:13,947] {standard_task_runner.py:79} INFO - Running: ['***', 'tasks', 'run', 'trigger_rule', 'task_7', 'scheduled__2022-05-23T00:00:00+00:00', '--job-id', '8', '--raw', '--subdir', 'DAGS_FOLDER/trigger_rule.py', '--cfg-path', '/tmp/tmp8j1enx40', '--error-file', '/tmp/tmphsaue8tc']
[2022-05-24 12:13:13,950] {standard_task_runner.py:80} INFO - Job 8: Subtask task_7
[2022-05-24 12:13:14,210] {task_command.py:369} INFO - Running <TaskInstance: trigger_rule.task_7 scheduled__2022-05-23T00:00:00+00:00 [running]> on host 2fe522ea8532
[2022-05-24 12:13:14,367] {taskinstance.py:1571} INFO - Exporting the following env vars:
AIRFLOW_CTX_DAG_OWNER=***
AIRFLOW_CTX_DAG_ID=trigger_rule
AIRFLOW_CTX_TASK_ID=task_7
AIRFLOW_CTX_EXECUTION_DATE=2022-05-23T00:00:00+00:00
AIRFLOW_CTX_TRY_NUMBER=1
AIRFLOW_CTX_DAG_RUN_ID=scheduled__2022-05-23T00:00:00+00:00
[2022-05-24 12:13:14,369] {subprocess.py:62} INFO - Tmp dir root location: 
 /tmp
[2022-05-24 12:13:14,372] {subprocess.py:74} INFO - Running command: ['bash', '-c', 'sleep 1']
[2022-05-24 12:13:14,388] {subprocess.py:85} INFO - Output:
[2022-05-24 12:13:15,396] {subprocess.py:96} INFO - Command exited with return code 0
[2022-05-24 12:13:15,436] {taskinstance.py:1400} INFO - Marking task as SUCCESS. dag_id=trigger_rule, task_id=task_7, execution_date=20220523T000000, start_date=20220524T121313, end_date=20220524T121315
[2022-05-24 12:13:15,512] {local_task_job.py:156} INFO - Task exited with return code 0
[2022-05-24 12:13:15,570] {local_task_job.py:273} INFO - 0 downstream tasks scheduled from follow-on schedule check
