[2022-05-22 22:04:23,522] {taskinstance.py:896} INFO - Dependencies all met for <TaskInstance: book_db.store_books 2022-05-22T22:03:52.975384+00:00 [queued]>
[2022-05-22 22:04:23,540] {taskinstance.py:896} INFO - Dependencies all met for <TaskInstance: book_db.store_books 2022-05-22T22:03:52.975384+00:00 [queued]>
[2022-05-22 22:04:23,541] {taskinstance.py:1087} INFO - 
--------------------------------------------------------------------------------
[2022-05-22 22:04:23,542] {taskinstance.py:1088} INFO - Starting attempt 1 of 1
[2022-05-22 22:04:23,542] {taskinstance.py:1089} INFO - 
--------------------------------------------------------------------------------
[2022-05-22 22:04:23,599] {taskinstance.py:1107} INFO - Executing <Task(PythonOperator): store_books> on 2022-05-22T22:03:52.975384+00:00
[2022-05-22 22:04:23,603] {standard_task_runner.py:52} INFO - Started process 130 to run task
[2022-05-22 22:04:23,609] {standard_task_runner.py:76} INFO - Running: ['airflow', 'tasks', 'run', 'book_db', 'store_books', '2022-05-22T22:03:52.975384+00:00', '--job-id', '7', '--pool', 'default_pool', '--raw', '--subdir', 'DAGS_FOLDER/books_db.py', '--cfg-path', '/tmp/tmpu3zm8fnt', '--error-file', '/tmp/tmpps7pk85_']
[2022-05-22 22:04:23,611] {standard_task_runner.py:77} INFO - Job 7: Subtask store_books
[2022-05-22 22:04:23,891] {logging_mixin.py:104} INFO - Running <TaskInstance: book_db.store_books 2022-05-22T22:03:52.975384+00:00 [running]> on host 929b3ffb0527
[2022-05-22 22:04:24,060] {taskinstance.py:1300} INFO - Exporting the following env vars:
AIRFLOW_CTX_DAG_OWNER=airflow
AIRFLOW_CTX_DAG_ID=book_db
AIRFLOW_CTX_TASK_ID=store_books
AIRFLOW_CTX_EXECUTION_DATE=2022-05-22T22:03:52.975384+00:00
AIRFLOW_CTX_DAG_RUN_ID=manual__2022-05-22T22:03:52.975384+00:00
[2022-05-22 22:04:24,101] {python.py:151} INFO - Done. Returned value was: None
[2022-05-22 22:04:24,122] {taskinstance.py:1204} INFO - Marking task as SUCCESS. dag_id=book_db, task_id=store_books, execution_date=20220522T220352, start_date=20220522T220423, end_date=20220522T220424
[2022-05-22 22:04:24,202] {taskinstance.py:1265} INFO - 0 downstream tasks scheduled from follow-on schedule check
[2022-05-22 22:04:24,247] {local_task_job.py:151} INFO - Task exited with return code 0
