[2022-05-24 12:42:50,851] {processor.py:153} INFO - Started process (PID=117) to work on /home/airflow/.local/lib/python3.7/site-packages/airflow/example_dags/example_trigger_target_dag.py
[2022-05-24 12:42:50,862] {processor.py:641} INFO - Processing file /home/airflow/.local/lib/python3.7/site-packages/airflow/example_dags/example_trigger_target_dag.py for tasks to queue
[2022-05-24 12:42:50,867] {logging_mixin.py:115} INFO - [2022-05-24 12:42:50,866] {dagbag.py:507} INFO - Filling up the DagBag from /home/airflow/.local/lib/python3.7/site-packages/airflow/example_dags/example_trigger_target_dag.py
[2022-05-24 12:42:50,992] {processor.py:651} INFO - DAG(s) dict_keys(['example_trigger_target_dag']) retrieved from /home/airflow/.local/lib/python3.7/site-packages/airflow/example_dags/example_trigger_target_dag.py
[2022-05-24 12:42:51,115] {logging_mixin.py:115} INFO - [2022-05-24 12:42:51,115] {dag.py:2371} INFO - Sync 1 DAGs
[2022-05-24 12:42:51,807] {logging_mixin.py:115} INFO - [2022-05-24 12:42:51,807] {dag.py:2919} INFO - Setting next_dagrun for example_trigger_target_dag to None, run_after=None
[2022-05-24 12:42:51,852] {processor.py:161} INFO - Processing /home/airflow/.local/lib/python3.7/site-packages/airflow/example_dags/example_trigger_target_dag.py took 1.008 seconds
[2022-05-24 12:43:22,023] {processor.py:153} INFO - Started process (PID=172) to work on /home/airflow/.local/lib/python3.7/site-packages/airflow/example_dags/example_trigger_target_dag.py
[2022-05-24 12:43:22,029] {processor.py:641} INFO - Processing file /home/airflow/.local/lib/python3.7/site-packages/airflow/example_dags/example_trigger_target_dag.py for tasks to queue
[2022-05-24 12:43:22,042] {logging_mixin.py:115} INFO - [2022-05-24 12:43:22,041] {dagbag.py:507} INFO - Filling up the DagBag from /home/airflow/.local/lib/python3.7/site-packages/airflow/example_dags/example_trigger_target_dag.py
[2022-05-24 12:43:22,075] {processor.py:651} INFO - DAG(s) dict_keys(['example_trigger_target_dag']) retrieved from /home/airflow/.local/lib/python3.7/site-packages/airflow/example_dags/example_trigger_target_dag.py
[2022-05-24 12:43:22,126] {logging_mixin.py:115} INFO - [2022-05-24 12:43:22,125] {dag.py:2371} INFO - Sync 1 DAGs
[2022-05-24 12:43:22,349] {logging_mixin.py:115} INFO - [2022-05-24 12:43:22,349] {dag.py:2919} INFO - Setting next_dagrun for example_trigger_target_dag to None, run_after=None
[2022-05-24 12:43:22,373] {processor.py:161} INFO - Processing /home/airflow/.local/lib/python3.7/site-packages/airflow/example_dags/example_trigger_target_dag.py took 0.362 seconds
[2022-05-24 12:43:52,719] {processor.py:153} INFO - Started process (PID=227) to work on /home/airflow/.local/lib/python3.7/site-packages/airflow/example_dags/example_trigger_target_dag.py
[2022-05-24 12:43:52,722] {processor.py:641} INFO - Processing file /home/airflow/.local/lib/python3.7/site-packages/airflow/example_dags/example_trigger_target_dag.py for tasks to queue
[2022-05-24 12:43:52,724] {logging_mixin.py:115} INFO - [2022-05-24 12:43:52,723] {dagbag.py:507} INFO - Filling up the DagBag from /home/airflow/.local/lib/python3.7/site-packages/airflow/example_dags/example_trigger_target_dag.py
[2022-05-24 12:43:52,751] {processor.py:651} INFO - DAG(s) dict_keys(['example_trigger_target_dag']) retrieved from /home/airflow/.local/lib/python3.7/site-packages/airflow/example_dags/example_trigger_target_dag.py
[2022-05-24 12:43:52,796] {logging_mixin.py:115} INFO - [2022-05-24 12:43:52,796] {dag.py:2371} INFO - Sync 1 DAGs
[2022-05-24 12:43:52,997] {logging_mixin.py:115} INFO - [2022-05-24 12:43:52,997] {dag.py:2919} INFO - Setting next_dagrun for example_trigger_target_dag to None, run_after=None
[2022-05-24 12:43:53,016] {processor.py:161} INFO - Processing /home/airflow/.local/lib/python3.7/site-packages/airflow/example_dags/example_trigger_target_dag.py took 0.302 seconds
[2022-05-24 12:44:23,461] {processor.py:153} INFO - Started process (PID=281) to work on /home/airflow/.local/lib/python3.7/site-packages/airflow/example_dags/example_trigger_target_dag.py
[2022-05-24 12:44:23,464] {processor.py:641} INFO - Processing file /home/airflow/.local/lib/python3.7/site-packages/airflow/example_dags/example_trigger_target_dag.py for tasks to queue
[2022-05-24 12:44:23,467] {logging_mixin.py:115} INFO - [2022-05-24 12:44:23,466] {dagbag.py:507} INFO - Filling up the DagBag from /home/airflow/.local/lib/python3.7/site-packages/airflow/example_dags/example_trigger_target_dag.py
[2022-05-24 12:44:23,488] {processor.py:651} INFO - DAG(s) dict_keys(['example_trigger_target_dag']) retrieved from /home/airflow/.local/lib/python3.7/site-packages/airflow/example_dags/example_trigger_target_dag.py
[2022-05-24 12:44:23,533] {logging_mixin.py:115} INFO - [2022-05-24 12:44:23,533] {dag.py:2371} INFO - Sync 1 DAGs
[2022-05-24 12:44:23,702] {logging_mixin.py:115} INFO - [2022-05-24 12:44:23,702] {dag.py:2919} INFO - Setting next_dagrun for example_trigger_target_dag to None, run_after=None
[2022-05-24 12:44:23,720] {processor.py:161} INFO - Processing /home/airflow/.local/lib/python3.7/site-packages/airflow/example_dags/example_trigger_target_dag.py took 0.263 seconds
[2022-05-24 12:44:54,061] {processor.py:153} INFO - Started process (PID=336) to work on /home/airflow/.local/lib/python3.7/site-packages/airflow/example_dags/example_trigger_target_dag.py
[2022-05-24 12:44:54,065] {processor.py:641} INFO - Processing file /home/airflow/.local/lib/python3.7/site-packages/airflow/example_dags/example_trigger_target_dag.py for tasks to queue
[2022-05-24 12:44:54,067] {logging_mixin.py:115} INFO - [2022-05-24 12:44:54,067] {dagbag.py:507} INFO - Filling up the DagBag from /home/airflow/.local/lib/python3.7/site-packages/airflow/example_dags/example_trigger_target_dag.py
[2022-05-24 12:44:54,102] {processor.py:651} INFO - DAG(s) dict_keys(['example_trigger_target_dag']) retrieved from /home/airflow/.local/lib/python3.7/site-packages/airflow/example_dags/example_trigger_target_dag.py
[2022-05-24 12:44:54,172] {logging_mixin.py:115} INFO - [2022-05-24 12:44:54,171] {dag.py:2371} INFO - Sync 1 DAGs
[2022-05-24 12:44:54,412] {logging_mixin.py:115} INFO - [2022-05-24 12:44:54,412] {dag.py:2919} INFO - Setting next_dagrun for example_trigger_target_dag to None, run_after=None
[2022-05-24 12:44:54,438] {processor.py:161} INFO - Processing /home/airflow/.local/lib/python3.7/site-packages/airflow/example_dags/example_trigger_target_dag.py took 0.388 seconds
[2022-05-24 12:45:24,846] {processor.py:153} INFO - Started process (PID=390) to work on /home/airflow/.local/lib/python3.7/site-packages/airflow/example_dags/example_trigger_target_dag.py
[2022-05-24 12:45:24,849] {processor.py:641} INFO - Processing file /home/airflow/.local/lib/python3.7/site-packages/airflow/example_dags/example_trigger_target_dag.py for tasks to queue
[2022-05-24 12:45:24,851] {logging_mixin.py:115} INFO - [2022-05-24 12:45:24,851] {dagbag.py:507} INFO - Filling up the DagBag from /home/airflow/.local/lib/python3.7/site-packages/airflow/example_dags/example_trigger_target_dag.py
[2022-05-24 12:45:24,881] {processor.py:651} INFO - DAG(s) dict_keys(['example_trigger_target_dag']) retrieved from /home/airflow/.local/lib/python3.7/site-packages/airflow/example_dags/example_trigger_target_dag.py
[2022-05-24 12:45:24,922] {logging_mixin.py:115} INFO - [2022-05-24 12:45:24,922] {dag.py:2371} INFO - Sync 1 DAGs
[2022-05-24 12:45:25,166] {logging_mixin.py:115} INFO - [2022-05-24 12:45:25,166] {dag.py:2919} INFO - Setting next_dagrun for example_trigger_target_dag to None, run_after=None
[2022-05-24 12:45:25,192] {processor.py:161} INFO - Processing /home/airflow/.local/lib/python3.7/site-packages/airflow/example_dags/example_trigger_target_dag.py took 0.354 seconds
[2022-05-24 12:45:55,498] {processor.py:153} INFO - Started process (PID=447) to work on /home/airflow/.local/lib/python3.7/site-packages/airflow/example_dags/example_trigger_target_dag.py
[2022-05-24 12:45:55,501] {processor.py:641} INFO - Processing file /home/airflow/.local/lib/python3.7/site-packages/airflow/example_dags/example_trigger_target_dag.py for tasks to queue
[2022-05-24 12:45:55,504] {logging_mixin.py:115} INFO - [2022-05-24 12:45:55,503] {dagbag.py:507} INFO - Filling up the DagBag from /home/airflow/.local/lib/python3.7/site-packages/airflow/example_dags/example_trigger_target_dag.py
[2022-05-24 12:45:55,538] {processor.py:651} INFO - DAG(s) dict_keys(['example_trigger_target_dag']) retrieved from /home/airflow/.local/lib/python3.7/site-packages/airflow/example_dags/example_trigger_target_dag.py
[2022-05-24 12:45:55,581] {logging_mixin.py:115} INFO - [2022-05-24 12:45:55,581] {dag.py:2371} INFO - Sync 1 DAGs
[2022-05-24 12:45:55,790] {logging_mixin.py:115} INFO - [2022-05-24 12:45:55,790] {dag.py:2919} INFO - Setting next_dagrun for example_trigger_target_dag to None, run_after=None
[2022-05-24 12:45:55,809] {processor.py:161} INFO - Processing /home/airflow/.local/lib/python3.7/site-packages/airflow/example_dags/example_trigger_target_dag.py took 0.315 seconds
[2022-05-24 12:46:27,223] {processor.py:153} INFO - Started process (PID=513) to work on /home/airflow/.local/lib/python3.7/site-packages/airflow/example_dags/example_trigger_target_dag.py
[2022-05-24 12:46:27,230] {processor.py:641} INFO - Processing file /home/airflow/.local/lib/python3.7/site-packages/airflow/example_dags/example_trigger_target_dag.py for tasks to queue
[2022-05-24 12:46:27,235] {logging_mixin.py:115} INFO - [2022-05-24 12:46:27,235] {dagbag.py:507} INFO - Filling up the DagBag from /home/airflow/.local/lib/python3.7/site-packages/airflow/example_dags/example_trigger_target_dag.py
[2022-05-24 12:46:27,279] {processor.py:651} INFO - DAG(s) dict_keys(['example_trigger_target_dag']) retrieved from /home/airflow/.local/lib/python3.7/site-packages/airflow/example_dags/example_trigger_target_dag.py
[2022-05-24 12:46:27,345] {logging_mixin.py:115} INFO - [2022-05-24 12:46:27,344] {dag.py:2371} INFO - Sync 1 DAGs
[2022-05-24 12:46:27,645] {logging_mixin.py:115} INFO - [2022-05-24 12:46:27,645] {dag.py:2919} INFO - Setting next_dagrun for example_trigger_target_dag to None, run_after=None
[2022-05-24 12:46:27,686] {processor.py:161} INFO - Processing /home/airflow/.local/lib/python3.7/site-packages/airflow/example_dags/example_trigger_target_dag.py took 0.491 seconds
[2022-05-24 12:47:02,782] {processor.py:153} INFO - Started process (PID=568) to work on /home/airflow/.local/lib/python3.7/site-packages/airflow/example_dags/example_trigger_target_dag.py
[2022-05-24 12:47:02,790] {processor.py:641} INFO - Processing file /home/airflow/.local/lib/python3.7/site-packages/airflow/example_dags/example_trigger_target_dag.py for tasks to queue
[2022-05-24 12:47:02,796] {logging_mixin.py:115} INFO - [2022-05-24 12:47:02,796] {dagbag.py:507} INFO - Filling up the DagBag from /home/airflow/.local/lib/python3.7/site-packages/airflow/example_dags/example_trigger_target_dag.py
[2022-05-24 12:47:02,876] {processor.py:651} INFO - DAG(s) dict_keys(['example_trigger_target_dag']) retrieved from /home/airflow/.local/lib/python3.7/site-packages/airflow/example_dags/example_trigger_target_dag.py
[2022-05-24 12:47:03,369] {logging_mixin.py:115} INFO - [2022-05-24 12:47:03,369] {dag.py:2371} INFO - Sync 1 DAGs
[2022-05-24 12:47:03,460] {logging_mixin.py:115} INFO - [2022-05-24 12:47:03,460] {dag.py:2919} INFO - Setting next_dagrun for example_trigger_target_dag to None, run_after=None
[2022-05-24 12:47:03,532] {processor.py:161} INFO - Processing /home/airflow/.local/lib/python3.7/site-packages/airflow/example_dags/example_trigger_target_dag.py took 0.782 seconds
[2022-05-24 12:47:33,866] {processor.py:153} INFO - Started process (PID=623) to work on /home/airflow/.local/lib/python3.7/site-packages/airflow/example_dags/example_trigger_target_dag.py
[2022-05-24 12:47:33,869] {processor.py:641} INFO - Processing file /home/airflow/.local/lib/python3.7/site-packages/airflow/example_dags/example_trigger_target_dag.py for tasks to queue
[2022-05-24 12:47:33,871] {logging_mixin.py:115} INFO - [2022-05-24 12:47:33,871] {dagbag.py:507} INFO - Filling up the DagBag from /home/airflow/.local/lib/python3.7/site-packages/airflow/example_dags/example_trigger_target_dag.py
[2022-05-24 12:47:33,915] {processor.py:651} INFO - DAG(s) dict_keys(['example_trigger_target_dag']) retrieved from /home/airflow/.local/lib/python3.7/site-packages/airflow/example_dags/example_trigger_target_dag.py
[2022-05-24 12:47:34,132] {logging_mixin.py:115} INFO - [2022-05-24 12:47:34,132] {dag.py:2371} INFO - Sync 1 DAGs
[2022-05-24 12:47:34,160] {logging_mixin.py:115} INFO - [2022-05-24 12:47:34,160] {dag.py:2919} INFO - Setting next_dagrun for example_trigger_target_dag to None, run_after=None
[2022-05-24 12:47:34,177] {processor.py:161} INFO - Processing /home/airflow/.local/lib/python3.7/site-packages/airflow/example_dags/example_trigger_target_dag.py took 0.316 seconds
[2022-05-24 12:48:04,296] {processor.py:153} INFO - Started process (PID=688) to work on /home/airflow/.local/lib/python3.7/site-packages/airflow/example_dags/example_trigger_target_dag.py
[2022-05-24 12:48:04,298] {processor.py:641} INFO - Processing file /home/airflow/.local/lib/python3.7/site-packages/airflow/example_dags/example_trigger_target_dag.py for tasks to queue
[2022-05-24 12:48:04,300] {logging_mixin.py:115} INFO - [2022-05-24 12:48:04,300] {dagbag.py:507} INFO - Filling up the DagBag from /home/airflow/.local/lib/python3.7/site-packages/airflow/example_dags/example_trigger_target_dag.py
[2022-05-24 12:48:04,328] {processor.py:651} INFO - DAG(s) dict_keys(['example_trigger_target_dag']) retrieved from /home/airflow/.local/lib/python3.7/site-packages/airflow/example_dags/example_trigger_target_dag.py
[2022-05-24 12:48:04,536] {logging_mixin.py:115} INFO - [2022-05-24 12:48:04,535] {dag.py:2371} INFO - Sync 1 DAGs
[2022-05-24 12:48:04,566] {logging_mixin.py:115} INFO - [2022-05-24 12:48:04,565] {dag.py:2919} INFO - Setting next_dagrun for example_trigger_target_dag to None, run_after=None
[2022-05-24 12:48:04,585] {processor.py:161} INFO - Processing /home/airflow/.local/lib/python3.7/site-packages/airflow/example_dags/example_trigger_target_dag.py took 0.294 seconds
[2022-05-24 12:48:34,746] {processor.py:153} INFO - Started process (PID=744) to work on /home/airflow/.local/lib/python3.7/site-packages/airflow/example_dags/example_trigger_target_dag.py
[2022-05-24 12:48:34,754] {processor.py:641} INFO - Processing file /home/airflow/.local/lib/python3.7/site-packages/airflow/example_dags/example_trigger_target_dag.py for tasks to queue
[2022-05-24 12:48:34,756] {logging_mixin.py:115} INFO - [2022-05-24 12:48:34,756] {dagbag.py:507} INFO - Filling up the DagBag from /home/airflow/.local/lib/python3.7/site-packages/airflow/example_dags/example_trigger_target_dag.py
[2022-05-24 12:48:34,841] {processor.py:651} INFO - DAG(s) dict_keys(['example_trigger_target_dag']) retrieved from /home/airflow/.local/lib/python3.7/site-packages/airflow/example_dags/example_trigger_target_dag.py
[2022-05-24 12:48:35,272] {logging_mixin.py:115} INFO - [2022-05-24 12:48:35,271] {dag.py:2371} INFO - Sync 1 DAGs
[2022-05-24 12:48:35,318] {logging_mixin.py:115} INFO - [2022-05-24 12:48:35,318] {dag.py:2919} INFO - Setting next_dagrun for example_trigger_target_dag to None, run_after=None
[2022-05-24 12:48:35,339] {processor.py:161} INFO - Processing /home/airflow/.local/lib/python3.7/site-packages/airflow/example_dags/example_trigger_target_dag.py took 0.597 seconds
[2022-05-24 12:49:06,074] {processor.py:153} INFO - Started process (PID=800) to work on /home/airflow/.local/lib/python3.7/site-packages/airflow/example_dags/example_trigger_target_dag.py
[2022-05-24 12:49:06,079] {processor.py:641} INFO - Processing file /home/airflow/.local/lib/python3.7/site-packages/airflow/example_dags/example_trigger_target_dag.py for tasks to queue
[2022-05-24 12:49:06,081] {logging_mixin.py:115} INFO - [2022-05-24 12:49:06,081] {dagbag.py:507} INFO - Filling up the DagBag from /home/airflow/.local/lib/python3.7/site-packages/airflow/example_dags/example_trigger_target_dag.py
[2022-05-24 12:49:06,165] {processor.py:651} INFO - DAG(s) dict_keys(['example_trigger_target_dag']) retrieved from /home/airflow/.local/lib/python3.7/site-packages/airflow/example_dags/example_trigger_target_dag.py
[2022-05-24 12:49:06,587] {logging_mixin.py:115} INFO - [2022-05-24 12:49:06,587] {dag.py:2371} INFO - Sync 1 DAGs
[2022-05-24 12:49:06,644] {logging_mixin.py:115} INFO - [2022-05-24 12:49:06,644] {dag.py:2919} INFO - Setting next_dagrun for example_trigger_target_dag to None, run_after=None
[2022-05-24 12:49:06,684] {processor.py:161} INFO - Processing /home/airflow/.local/lib/python3.7/site-packages/airflow/example_dags/example_trigger_target_dag.py took 0.616 seconds
[2022-05-24 12:49:36,983] {processor.py:153} INFO - Started process (PID=864) to work on /home/airflow/.local/lib/python3.7/site-packages/airflow/example_dags/example_trigger_target_dag.py
[2022-05-24 12:49:36,987] {processor.py:641} INFO - Processing file /home/airflow/.local/lib/python3.7/site-packages/airflow/example_dags/example_trigger_target_dag.py for tasks to queue
[2022-05-24 12:49:36,991] {logging_mixin.py:115} INFO - [2022-05-24 12:49:36,990] {dagbag.py:507} INFO - Filling up the DagBag from /home/airflow/.local/lib/python3.7/site-packages/airflow/example_dags/example_trigger_target_dag.py
[2022-05-24 12:49:37,077] {processor.py:651} INFO - DAG(s) dict_keys(['example_trigger_target_dag']) retrieved from /home/airflow/.local/lib/python3.7/site-packages/airflow/example_dags/example_trigger_target_dag.py
[2022-05-24 12:49:37,420] {logging_mixin.py:115} INFO - [2022-05-24 12:49:37,419] {dag.py:2371} INFO - Sync 1 DAGs
[2022-05-24 12:49:37,457] {logging_mixin.py:115} INFO - [2022-05-24 12:49:37,457] {dag.py:2919} INFO - Setting next_dagrun for example_trigger_target_dag to None, run_after=None
[2022-05-24 12:49:37,472] {processor.py:161} INFO - Processing /home/airflow/.local/lib/python3.7/site-packages/airflow/example_dags/example_trigger_target_dag.py took 0.500 seconds
[2022-05-24 12:50:07,910] {processor.py:153} INFO - Started process (PID=919) to work on /home/airflow/.local/lib/python3.7/site-packages/airflow/example_dags/example_trigger_target_dag.py
[2022-05-24 12:50:07,914] {processor.py:641} INFO - Processing file /home/airflow/.local/lib/python3.7/site-packages/airflow/example_dags/example_trigger_target_dag.py for tasks to queue
[2022-05-24 12:50:07,918] {logging_mixin.py:115} INFO - [2022-05-24 12:50:07,917] {dagbag.py:507} INFO - Filling up the DagBag from /home/airflow/.local/lib/python3.7/site-packages/airflow/example_dags/example_trigger_target_dag.py
[2022-05-24 12:50:07,949] {processor.py:651} INFO - DAG(s) dict_keys(['example_trigger_target_dag']) retrieved from /home/airflow/.local/lib/python3.7/site-packages/airflow/example_dags/example_trigger_target_dag.py
[2022-05-24 12:50:08,166] {logging_mixin.py:115} INFO - [2022-05-24 12:50:08,164] {dag.py:2371} INFO - Sync 1 DAGs
[2022-05-24 12:50:08,217] {logging_mixin.py:115} INFO - [2022-05-24 12:50:08,217] {dag.py:2919} INFO - Setting next_dagrun for example_trigger_target_dag to None, run_after=None
[2022-05-24 12:50:08,252] {processor.py:161} INFO - Processing /home/airflow/.local/lib/python3.7/site-packages/airflow/example_dags/example_trigger_target_dag.py took 0.350 seconds
[2022-05-24 12:50:38,698] {processor.py:153} INFO - Started process (PID=984) to work on /home/airflow/.local/lib/python3.7/site-packages/airflow/example_dags/example_trigger_target_dag.py
[2022-05-24 12:50:38,704] {processor.py:641} INFO - Processing file /home/airflow/.local/lib/python3.7/site-packages/airflow/example_dags/example_trigger_target_dag.py for tasks to queue
[2022-05-24 12:50:38,708] {logging_mixin.py:115} INFO - [2022-05-24 12:50:38,708] {dagbag.py:507} INFO - Filling up the DagBag from /home/airflow/.local/lib/python3.7/site-packages/airflow/example_dags/example_trigger_target_dag.py
[2022-05-24 12:50:38,848] {processor.py:651} INFO - DAG(s) dict_keys(['example_trigger_target_dag']) retrieved from /home/airflow/.local/lib/python3.7/site-packages/airflow/example_dags/example_trigger_target_dag.py
[2022-05-24 12:50:39,622] {logging_mixin.py:115} INFO - [2022-05-24 12:50:39,622] {dag.py:2371} INFO - Sync 1 DAGs
[2022-05-24 12:50:39,679] {logging_mixin.py:115} INFO - [2022-05-24 12:50:39,679] {dag.py:2919} INFO - Setting next_dagrun for example_trigger_target_dag to None, run_after=None
[2022-05-24 12:50:39,716] {processor.py:161} INFO - Processing /home/airflow/.local/lib/python3.7/site-packages/airflow/example_dags/example_trigger_target_dag.py took 1.023 seconds
[2022-05-24 12:51:09,924] {processor.py:153} INFO - Started process (PID=1042) to work on /home/airflow/.local/lib/python3.7/site-packages/airflow/example_dags/example_trigger_target_dag.py
[2022-05-24 12:51:09,926] {processor.py:641} INFO - Processing file /home/airflow/.local/lib/python3.7/site-packages/airflow/example_dags/example_trigger_target_dag.py for tasks to queue
[2022-05-24 12:51:09,928] {logging_mixin.py:115} INFO - [2022-05-24 12:51:09,928] {dagbag.py:507} INFO - Filling up the DagBag from /home/airflow/.local/lib/python3.7/site-packages/airflow/example_dags/example_trigger_target_dag.py
[2022-05-24 12:51:09,970] {processor.py:651} INFO - DAG(s) dict_keys(['example_trigger_target_dag']) retrieved from /home/airflow/.local/lib/python3.7/site-packages/airflow/example_dags/example_trigger_target_dag.py
[2022-05-24 12:51:10,191] {logging_mixin.py:115} INFO - [2022-05-24 12:51:10,191] {dag.py:2371} INFO - Sync 1 DAGs
[2022-05-24 12:51:10,246] {logging_mixin.py:115} INFO - [2022-05-24 12:51:10,246] {dag.py:2919} INFO - Setting next_dagrun for example_trigger_target_dag to None, run_after=None
[2022-05-24 12:51:10,311] {processor.py:161} INFO - Processing /home/airflow/.local/lib/python3.7/site-packages/airflow/example_dags/example_trigger_target_dag.py took 0.392 seconds
[2022-05-24 12:51:40,730] {processor.py:153} INFO - Started process (PID=1096) to work on /home/airflow/.local/lib/python3.7/site-packages/airflow/example_dags/example_trigger_target_dag.py
[2022-05-24 12:51:40,733] {processor.py:641} INFO - Processing file /home/airflow/.local/lib/python3.7/site-packages/airflow/example_dags/example_trigger_target_dag.py for tasks to queue
[2022-05-24 12:51:40,736] {logging_mixin.py:115} INFO - [2022-05-24 12:51:40,736] {dagbag.py:507} INFO - Filling up the DagBag from /home/airflow/.local/lib/python3.7/site-packages/airflow/example_dags/example_trigger_target_dag.py
[2022-05-24 12:51:40,828] {processor.py:651} INFO - DAG(s) dict_keys(['example_trigger_target_dag']) retrieved from /home/airflow/.local/lib/python3.7/site-packages/airflow/example_dags/example_trigger_target_dag.py
[2022-05-24 12:51:41,164] {logging_mixin.py:115} INFO - [2022-05-24 12:51:41,164] {dag.py:2371} INFO - Sync 1 DAGs
[2022-05-24 12:51:41,249] {logging_mixin.py:115} INFO - [2022-05-24 12:51:41,249] {dag.py:2919} INFO - Setting next_dagrun for example_trigger_target_dag to None, run_after=None
[2022-05-24 12:51:41,289] {processor.py:161} INFO - Processing /home/airflow/.local/lib/python3.7/site-packages/airflow/example_dags/example_trigger_target_dag.py took 0.577 seconds
[2022-05-24 12:52:12,109] {processor.py:153} INFO - Started process (PID=1161) to work on /home/airflow/.local/lib/python3.7/site-packages/airflow/example_dags/example_trigger_target_dag.py
[2022-05-24 12:52:12,110] {processor.py:641} INFO - Processing file /home/airflow/.local/lib/python3.7/site-packages/airflow/example_dags/example_trigger_target_dag.py for tasks to queue
[2022-05-24 12:52:12,113] {logging_mixin.py:115} INFO - [2022-05-24 12:52:12,112] {dagbag.py:507} INFO - Filling up the DagBag from /home/airflow/.local/lib/python3.7/site-packages/airflow/example_dags/example_trigger_target_dag.py
[2022-05-24 12:52:12,156] {processor.py:651} INFO - DAG(s) dict_keys(['example_trigger_target_dag']) retrieved from /home/airflow/.local/lib/python3.7/site-packages/airflow/example_dags/example_trigger_target_dag.py
[2022-05-24 12:52:12,228] {logging_mixin.py:115} INFO - [2022-05-24 12:52:12,228] {dag.py:2371} INFO - Sync 1 DAGs
[2022-05-24 12:52:12,266] {logging_mixin.py:115} INFO - [2022-05-24 12:52:12,266] {dag.py:2919} INFO - Setting next_dagrun for example_trigger_target_dag to None, run_after=None
[2022-05-24 12:52:12,294] {processor.py:161} INFO - Processing /home/airflow/.local/lib/python3.7/site-packages/airflow/example_dags/example_trigger_target_dag.py took 0.190 seconds
[2022-05-24 12:52:42,640] {processor.py:153} INFO - Started process (PID=1215) to work on /home/airflow/.local/lib/python3.7/site-packages/airflow/example_dags/example_trigger_target_dag.py
[2022-05-24 12:52:42,642] {processor.py:641} INFO - Processing file /home/airflow/.local/lib/python3.7/site-packages/airflow/example_dags/example_trigger_target_dag.py for tasks to queue
[2022-05-24 12:52:42,645] {logging_mixin.py:115} INFO - [2022-05-24 12:52:42,645] {dagbag.py:507} INFO - Filling up the DagBag from /home/airflow/.local/lib/python3.7/site-packages/airflow/example_dags/example_trigger_target_dag.py
[2022-05-24 12:52:42,697] {processor.py:651} INFO - DAG(s) dict_keys(['example_trigger_target_dag']) retrieved from /home/airflow/.local/lib/python3.7/site-packages/airflow/example_dags/example_trigger_target_dag.py
[2022-05-24 12:52:42,751] {logging_mixin.py:115} INFO - [2022-05-24 12:52:42,750] {dag.py:2371} INFO - Sync 1 DAGs
[2022-05-24 12:52:42,807] {logging_mixin.py:115} INFO - [2022-05-24 12:52:42,807] {dag.py:2919} INFO - Setting next_dagrun for example_trigger_target_dag to None, run_after=None
[2022-05-24 12:52:42,842] {processor.py:161} INFO - Processing /home/airflow/.local/lib/python3.7/site-packages/airflow/example_dags/example_trigger_target_dag.py took 0.211 seconds
[2022-05-24 12:53:13,286] {processor.py:153} INFO - Started process (PID=1269) to work on /home/airflow/.local/lib/python3.7/site-packages/airflow/example_dags/example_trigger_target_dag.py
[2022-05-24 12:53:13,293] {processor.py:641} INFO - Processing file /home/airflow/.local/lib/python3.7/site-packages/airflow/example_dags/example_trigger_target_dag.py for tasks to queue
[2022-05-24 12:53:13,300] {logging_mixin.py:115} INFO - [2022-05-24 12:53:13,299] {dagbag.py:507} INFO - Filling up the DagBag from /home/airflow/.local/lib/python3.7/site-packages/airflow/example_dags/example_trigger_target_dag.py
[2022-05-24 12:53:13,472] {processor.py:651} INFO - DAG(s) dict_keys(['example_trigger_target_dag']) retrieved from /home/airflow/.local/lib/python3.7/site-packages/airflow/example_dags/example_trigger_target_dag.py
[2022-05-24 12:53:13,634] {logging_mixin.py:115} INFO - [2022-05-24 12:53:13,634] {dag.py:2371} INFO - Sync 1 DAGs
[2022-05-24 12:53:13,708] {logging_mixin.py:115} INFO - [2022-05-24 12:53:13,708] {dag.py:2919} INFO - Setting next_dagrun for example_trigger_target_dag to None, run_after=None
[2022-05-24 12:53:13,759] {processor.py:161} INFO - Processing /home/airflow/.local/lib/python3.7/site-packages/airflow/example_dags/example_trigger_target_dag.py took 0.499 seconds
[2022-05-24 12:53:44,088] {processor.py:153} INFO - Started process (PID=1335) to work on /home/airflow/.local/lib/python3.7/site-packages/airflow/example_dags/example_trigger_target_dag.py
[2022-05-24 12:53:44,097] {processor.py:641} INFO - Processing file /home/airflow/.local/lib/python3.7/site-packages/airflow/example_dags/example_trigger_target_dag.py for tasks to queue
[2022-05-24 12:53:44,106] {logging_mixin.py:115} INFO - [2022-05-24 12:53:44,105] {dagbag.py:507} INFO - Filling up the DagBag from /home/airflow/.local/lib/python3.7/site-packages/airflow/example_dags/example_trigger_target_dag.py
[2022-05-24 12:53:44,219] {processor.py:651} INFO - DAG(s) dict_keys(['example_trigger_target_dag']) retrieved from /home/airflow/.local/lib/python3.7/site-packages/airflow/example_dags/example_trigger_target_dag.py
[2022-05-24 12:53:44,346] {logging_mixin.py:115} INFO - [2022-05-24 12:53:44,346] {dag.py:2371} INFO - Sync 1 DAGs
[2022-05-24 12:53:44,400] {logging_mixin.py:115} INFO - [2022-05-24 12:53:44,400] {dag.py:2919} INFO - Setting next_dagrun for example_trigger_target_dag to None, run_after=None
[2022-05-24 12:53:44,449] {processor.py:161} INFO - Processing /home/airflow/.local/lib/python3.7/site-packages/airflow/example_dags/example_trigger_target_dag.py took 0.381 seconds
[2022-05-24 12:54:14,933] {processor.py:153} INFO - Started process (PID=1392) to work on /home/airflow/.local/lib/python3.7/site-packages/airflow/example_dags/example_trigger_target_dag.py
[2022-05-24 12:54:14,939] {processor.py:641} INFO - Processing file /home/airflow/.local/lib/python3.7/site-packages/airflow/example_dags/example_trigger_target_dag.py for tasks to queue
[2022-05-24 12:54:14,942] {logging_mixin.py:115} INFO - [2022-05-24 12:54:14,941] {dagbag.py:507} INFO - Filling up the DagBag from /home/airflow/.local/lib/python3.7/site-packages/airflow/example_dags/example_trigger_target_dag.py
[2022-05-24 12:54:14,987] {processor.py:651} INFO - DAG(s) dict_keys(['example_trigger_target_dag']) retrieved from /home/airflow/.local/lib/python3.7/site-packages/airflow/example_dags/example_trigger_target_dag.py
[2022-05-24 12:54:15,071] {logging_mixin.py:115} INFO - [2022-05-24 12:54:15,071] {dag.py:2371} INFO - Sync 1 DAGs
[2022-05-24 12:54:15,207] {logging_mixin.py:115} INFO - [2022-05-24 12:54:15,207] {dag.py:2919} INFO - Setting next_dagrun for example_trigger_target_dag to None, run_after=None
[2022-05-24 12:54:15,238] {processor.py:161} INFO - Processing /home/airflow/.local/lib/python3.7/site-packages/airflow/example_dags/example_trigger_target_dag.py took 0.309 seconds
[2022-05-24 12:54:46,297] {processor.py:153} INFO - Started process (PID=1450) to work on /home/airflow/.local/lib/python3.7/site-packages/airflow/example_dags/example_trigger_target_dag.py
[2022-05-24 12:54:46,300] {processor.py:641} INFO - Processing file /home/airflow/.local/lib/python3.7/site-packages/airflow/example_dags/example_trigger_target_dag.py for tasks to queue
[2022-05-24 12:54:46,302] {logging_mixin.py:115} INFO - [2022-05-24 12:54:46,301] {dagbag.py:507} INFO - Filling up the DagBag from /home/airflow/.local/lib/python3.7/site-packages/airflow/example_dags/example_trigger_target_dag.py
[2022-05-24 12:54:46,375] {processor.py:651} INFO - DAG(s) dict_keys(['example_trigger_target_dag']) retrieved from /home/airflow/.local/lib/python3.7/site-packages/airflow/example_dags/example_trigger_target_dag.py
[2022-05-24 12:54:46,456] {logging_mixin.py:115} INFO - [2022-05-24 12:54:46,456] {dag.py:2371} INFO - Sync 1 DAGs
[2022-05-24 12:54:46,526] {logging_mixin.py:115} INFO - [2022-05-24 12:54:46,526] {dag.py:2919} INFO - Setting next_dagrun for example_trigger_target_dag to None, run_after=None
[2022-05-24 12:54:46,551] {processor.py:161} INFO - Processing /home/airflow/.local/lib/python3.7/site-packages/airflow/example_dags/example_trigger_target_dag.py took 0.270 seconds
[2022-05-24 12:55:17,859] {processor.py:153} INFO - Started process (PID=1517) to work on /home/airflow/.local/lib/python3.7/site-packages/airflow/example_dags/example_trigger_target_dag.py
[2022-05-24 12:55:17,862] {processor.py:641} INFO - Processing file /home/airflow/.local/lib/python3.7/site-packages/airflow/example_dags/example_trigger_target_dag.py for tasks to queue
[2022-05-24 12:55:17,865] {logging_mixin.py:115} INFO - [2022-05-24 12:55:17,864] {dagbag.py:507} INFO - Filling up the DagBag from /home/airflow/.local/lib/python3.7/site-packages/airflow/example_dags/example_trigger_target_dag.py
[2022-05-24 12:55:17,899] {processor.py:651} INFO - DAG(s) dict_keys(['example_trigger_target_dag']) retrieved from /home/airflow/.local/lib/python3.7/site-packages/airflow/example_dags/example_trigger_target_dag.py
[2022-05-24 12:55:17,978] {logging_mixin.py:115} INFO - [2022-05-24 12:55:17,978] {dag.py:2371} INFO - Sync 1 DAGs
[2022-05-24 12:55:18,060] {logging_mixin.py:115} INFO - [2022-05-24 12:55:18,059] {dag.py:2919} INFO - Setting next_dagrun for example_trigger_target_dag to None, run_after=None
[2022-05-24 12:55:18,099] {processor.py:161} INFO - Processing /home/airflow/.local/lib/python3.7/site-packages/airflow/example_dags/example_trigger_target_dag.py took 0.245 seconds
