[2022-05-24 12:42:05,281] {processor.py:153} INFO - Started process (PID=64) to work on /home/airflow/.local/lib/python3.7/site-packages/airflow/example_dags/example_nested_branch_dag.py
[2022-05-24 12:42:05,292] {processor.py:641} INFO - Processing file /home/airflow/.local/lib/python3.7/site-packages/airflow/example_dags/example_nested_branch_dag.py for tasks to queue
[2022-05-24 12:42:05,310] {logging_mixin.py:115} INFO - [2022-05-24 12:42:05,310] {dagbag.py:507} INFO - Filling up the DagBag from /home/airflow/.local/lib/python3.7/site-packages/airflow/example_dags/example_nested_branch_dag.py
[2022-05-24 12:42:05,414] {processor.py:651} INFO - DAG(s) dict_keys(['example_nested_branch_dag']) retrieved from /home/airflow/.local/lib/python3.7/site-packages/airflow/example_dags/example_nested_branch_dag.py
[2022-05-24 12:42:05,751] {logging_mixin.py:115} INFO - [2022-05-24 12:42:05,751] {dag.py:2371} INFO - Sync 1 DAGs
[2022-05-24 12:42:07,174] {logging_mixin.py:115} INFO - [2022-05-24 12:42:07,172] {dag.py:2919} INFO - Setting next_dagrun for example_nested_branch_dag to 2022-05-23T00:00:00+00:00, run_after=2022-05-24T00:00:00+00:00
[2022-05-24 12:42:07,361] {processor.py:161} INFO - Processing /home/airflow/.local/lib/python3.7/site-packages/airflow/example_dags/example_nested_branch_dag.py took 2.118 seconds
[2022-05-24 12:42:56,076] {processor.py:153} INFO - Started process (PID=129) to work on /home/airflow/.local/lib/python3.7/site-packages/airflow/example_dags/example_nested_branch_dag.py
[2022-05-24 12:42:56,079] {processor.py:641} INFO - Processing file /home/airflow/.local/lib/python3.7/site-packages/airflow/example_dags/example_nested_branch_dag.py for tasks to queue
[2022-05-24 12:42:56,082] {logging_mixin.py:115} INFO - [2022-05-24 12:42:56,082] {dagbag.py:507} INFO - Filling up the DagBag from /home/airflow/.local/lib/python3.7/site-packages/airflow/example_dags/example_nested_branch_dag.py
[2022-05-24 12:42:56,115] {processor.py:651} INFO - DAG(s) dict_keys(['example_nested_branch_dag']) retrieved from /home/airflow/.local/lib/python3.7/site-packages/airflow/example_dags/example_nested_branch_dag.py
[2022-05-24 12:42:56,159] {logging_mixin.py:115} INFO - [2022-05-24 12:42:56,159] {dag.py:2371} INFO - Sync 1 DAGs
[2022-05-24 12:42:56,409] {logging_mixin.py:115} INFO - [2022-05-24 12:42:56,408] {dag.py:2919} INFO - Setting next_dagrun for example_nested_branch_dag to 2022-05-23T00:00:00+00:00, run_after=2022-05-24T00:00:00+00:00
[2022-05-24 12:42:56,426] {processor.py:161} INFO - Processing /home/airflow/.local/lib/python3.7/site-packages/airflow/example_dags/example_nested_branch_dag.py took 0.355 seconds
[2022-05-24 12:43:27,082] {processor.py:153} INFO - Started process (PID=184) to work on /home/airflow/.local/lib/python3.7/site-packages/airflow/example_dags/example_nested_branch_dag.py
[2022-05-24 12:43:27,086] {processor.py:641} INFO - Processing file /home/airflow/.local/lib/python3.7/site-packages/airflow/example_dags/example_nested_branch_dag.py for tasks to queue
[2022-05-24 12:43:27,089] {logging_mixin.py:115} INFO - [2022-05-24 12:43:27,088] {dagbag.py:507} INFO - Filling up the DagBag from /home/airflow/.local/lib/python3.7/site-packages/airflow/example_dags/example_nested_branch_dag.py
[2022-05-24 12:43:27,109] {processor.py:651} INFO - DAG(s) dict_keys(['example_nested_branch_dag']) retrieved from /home/airflow/.local/lib/python3.7/site-packages/airflow/example_dags/example_nested_branch_dag.py
[2022-05-24 12:43:27,155] {logging_mixin.py:115} INFO - [2022-05-24 12:43:27,154] {dag.py:2371} INFO - Sync 1 DAGs
[2022-05-24 12:43:27,367] {logging_mixin.py:115} INFO - [2022-05-24 12:43:27,367] {dag.py:2919} INFO - Setting next_dagrun for example_nested_branch_dag to 2022-05-23T00:00:00+00:00, run_after=2022-05-24T00:00:00+00:00
[2022-05-24 12:43:27,383] {processor.py:161} INFO - Processing /home/airflow/.local/lib/python3.7/site-packages/airflow/example_dags/example_nested_branch_dag.py took 0.309 seconds
[2022-05-24 12:43:58,394] {processor.py:153} INFO - Started process (PID=239) to work on /home/airflow/.local/lib/python3.7/site-packages/airflow/example_dags/example_nested_branch_dag.py
[2022-05-24 12:43:58,397] {processor.py:641} INFO - Processing file /home/airflow/.local/lib/python3.7/site-packages/airflow/example_dags/example_nested_branch_dag.py for tasks to queue
[2022-05-24 12:43:58,399] {logging_mixin.py:115} INFO - [2022-05-24 12:43:58,399] {dagbag.py:507} INFO - Filling up the DagBag from /home/airflow/.local/lib/python3.7/site-packages/airflow/example_dags/example_nested_branch_dag.py
[2022-05-24 12:43:58,417] {processor.py:651} INFO - DAG(s) dict_keys(['example_nested_branch_dag']) retrieved from /home/airflow/.local/lib/python3.7/site-packages/airflow/example_dags/example_nested_branch_dag.py
[2022-05-24 12:43:58,460] {logging_mixin.py:115} INFO - [2022-05-24 12:43:58,460] {dag.py:2371} INFO - Sync 1 DAGs
[2022-05-24 12:43:58,816] {logging_mixin.py:115} INFO - [2022-05-24 12:43:58,816] {dag.py:2919} INFO - Setting next_dagrun for example_nested_branch_dag to 2022-05-23T00:00:00+00:00, run_after=2022-05-24T00:00:00+00:00
[2022-05-24 12:43:58,872] {processor.py:161} INFO - Processing /home/airflow/.local/lib/python3.7/site-packages/airflow/example_dags/example_nested_branch_dag.py took 0.483 seconds
[2022-05-24 12:44:34,124] {processor.py:153} INFO - Started process (PID=302) to work on /home/airflow/.local/lib/python3.7/site-packages/airflow/example_dags/example_nested_branch_dag.py
[2022-05-24 12:44:34,129] {processor.py:641} INFO - Processing file /home/airflow/.local/lib/python3.7/site-packages/airflow/example_dags/example_nested_branch_dag.py for tasks to queue
[2022-05-24 12:44:34,134] {logging_mixin.py:115} INFO - [2022-05-24 12:44:34,133] {dagbag.py:507} INFO - Filling up the DagBag from /home/airflow/.local/lib/python3.7/site-packages/airflow/example_dags/example_nested_branch_dag.py
[2022-05-24 12:44:34,176] {processor.py:651} INFO - DAG(s) dict_keys(['example_nested_branch_dag']) retrieved from /home/airflow/.local/lib/python3.7/site-packages/airflow/example_dags/example_nested_branch_dag.py
[2022-05-24 12:44:34,282] {logging_mixin.py:115} INFO - [2022-05-24 12:44:34,282] {dag.py:2371} INFO - Sync 1 DAGs
[2022-05-24 12:44:35,232] {logging_mixin.py:115} INFO - [2022-05-24 12:44:35,231] {dag.py:2919} INFO - Setting next_dagrun for example_nested_branch_dag to 2022-05-23T00:00:00+00:00, run_after=2022-05-24T00:00:00+00:00
[2022-05-24 12:44:35,284] {processor.py:161} INFO - Processing /home/airflow/.local/lib/python3.7/site-packages/airflow/example_dags/example_nested_branch_dag.py took 1.181 seconds
[2022-05-24 12:45:06,283] {processor.py:153} INFO - Started process (PID=357) to work on /home/airflow/.local/lib/python3.7/site-packages/airflow/example_dags/example_nested_branch_dag.py
[2022-05-24 12:45:06,286] {processor.py:641} INFO - Processing file /home/airflow/.local/lib/python3.7/site-packages/airflow/example_dags/example_nested_branch_dag.py for tasks to queue
[2022-05-24 12:45:06,288] {logging_mixin.py:115} INFO - [2022-05-24 12:45:06,288] {dagbag.py:507} INFO - Filling up the DagBag from /home/airflow/.local/lib/python3.7/site-packages/airflow/example_dags/example_nested_branch_dag.py
[2022-05-24 12:45:06,336] {processor.py:651} INFO - DAG(s) dict_keys(['example_nested_branch_dag']) retrieved from /home/airflow/.local/lib/python3.7/site-packages/airflow/example_dags/example_nested_branch_dag.py
[2022-05-24 12:45:06,413] {logging_mixin.py:115} INFO - [2022-05-24 12:45:06,413] {dag.py:2371} INFO - Sync 1 DAGs
[2022-05-24 12:45:06,684] {logging_mixin.py:115} INFO - [2022-05-24 12:45:06,684] {dag.py:2919} INFO - Setting next_dagrun for example_nested_branch_dag to 2022-05-23T00:00:00+00:00, run_after=2022-05-24T00:00:00+00:00
[2022-05-24 12:45:06,703] {processor.py:161} INFO - Processing /home/airflow/.local/lib/python3.7/site-packages/airflow/example_dags/example_nested_branch_dag.py took 0.425 seconds
[2022-05-24 12:45:37,132] {processor.py:153} INFO - Started process (PID=411) to work on /home/airflow/.local/lib/python3.7/site-packages/airflow/example_dags/example_nested_branch_dag.py
[2022-05-24 12:45:37,137] {processor.py:641} INFO - Processing file /home/airflow/.local/lib/python3.7/site-packages/airflow/example_dags/example_nested_branch_dag.py for tasks to queue
[2022-05-24 12:45:37,139] {logging_mixin.py:115} INFO - [2022-05-24 12:45:37,139] {dagbag.py:507} INFO - Filling up the DagBag from /home/airflow/.local/lib/python3.7/site-packages/airflow/example_dags/example_nested_branch_dag.py
[2022-05-24 12:45:37,166] {processor.py:651} INFO - DAG(s) dict_keys(['example_nested_branch_dag']) retrieved from /home/airflow/.local/lib/python3.7/site-packages/airflow/example_dags/example_nested_branch_dag.py
[2022-05-24 12:45:37,246] {logging_mixin.py:115} INFO - [2022-05-24 12:45:37,245] {dag.py:2371} INFO - Sync 1 DAGs
[2022-05-24 12:45:37,617] {logging_mixin.py:115} INFO - [2022-05-24 12:45:37,617] {dag.py:2919} INFO - Setting next_dagrun for example_nested_branch_dag to 2022-05-23T00:00:00+00:00, run_after=2022-05-24T00:00:00+00:00
[2022-05-24 12:45:37,639] {processor.py:161} INFO - Processing /home/airflow/.local/lib/python3.7/site-packages/airflow/example_dags/example_nested_branch_dag.py took 0.524 seconds
[2022-05-24 12:46:07,950] {processor.py:153} INFO - Started process (PID=467) to work on /home/airflow/.local/lib/python3.7/site-packages/airflow/example_dags/example_nested_branch_dag.py
[2022-05-24 12:46:07,952] {processor.py:641} INFO - Processing file /home/airflow/.local/lib/python3.7/site-packages/airflow/example_dags/example_nested_branch_dag.py for tasks to queue
[2022-05-24 12:46:07,954] {logging_mixin.py:115} INFO - [2022-05-24 12:46:07,954] {dagbag.py:507} INFO - Filling up the DagBag from /home/airflow/.local/lib/python3.7/site-packages/airflow/example_dags/example_nested_branch_dag.py
[2022-05-24 12:46:07,968] {processor.py:651} INFO - DAG(s) dict_keys(['example_nested_branch_dag']) retrieved from /home/airflow/.local/lib/python3.7/site-packages/airflow/example_dags/example_nested_branch_dag.py
[2022-05-24 12:46:08,005] {logging_mixin.py:115} INFO - [2022-05-24 12:46:08,005] {dag.py:2371} INFO - Sync 1 DAGs
[2022-05-24 12:46:08,199] {logging_mixin.py:115} INFO - [2022-05-24 12:46:08,199] {dag.py:2919} INFO - Setting next_dagrun for example_nested_branch_dag to 2022-05-23T00:00:00+00:00, run_after=2022-05-24T00:00:00+00:00
[2022-05-24 12:46:08,224] {processor.py:161} INFO - Processing /home/airflow/.local/lib/python3.7/site-packages/airflow/example_dags/example_nested_branch_dag.py took 0.279 seconds
[2022-05-24 12:46:38,688] {processor.py:153} INFO - Started process (PID=532) to work on /home/airflow/.local/lib/python3.7/site-packages/airflow/example_dags/example_nested_branch_dag.py
[2022-05-24 12:46:38,691] {processor.py:641} INFO - Processing file /home/airflow/.local/lib/python3.7/site-packages/airflow/example_dags/example_nested_branch_dag.py for tasks to queue
[2022-05-24 12:46:38,694] {logging_mixin.py:115} INFO - [2022-05-24 12:46:38,694] {dagbag.py:507} INFO - Filling up the DagBag from /home/airflow/.local/lib/python3.7/site-packages/airflow/example_dags/example_nested_branch_dag.py
[2022-05-24 12:46:38,715] {processor.py:651} INFO - DAG(s) dict_keys(['example_nested_branch_dag']) retrieved from /home/airflow/.local/lib/python3.7/site-packages/airflow/example_dags/example_nested_branch_dag.py
[2022-05-24 12:46:38,769] {logging_mixin.py:115} INFO - [2022-05-24 12:46:38,769] {dag.py:2371} INFO - Sync 1 DAGs
[2022-05-24 12:46:39,194] {logging_mixin.py:115} INFO - [2022-05-24 12:46:39,194] {dag.py:2919} INFO - Setting next_dagrun for example_nested_branch_dag to 2022-05-23T00:00:00+00:00, run_after=2022-05-24T00:00:00+00:00
[2022-05-24 12:46:39,250] {processor.py:161} INFO - Processing /home/airflow/.local/lib/python3.7/site-packages/airflow/example_dags/example_nested_branch_dag.py took 0.568 seconds
[2022-05-24 12:47:09,495] {processor.py:153} INFO - Started process (PID=587) to work on /home/airflow/.local/lib/python3.7/site-packages/airflow/example_dags/example_nested_branch_dag.py
[2022-05-24 12:47:09,499] {processor.py:641} INFO - Processing file /home/airflow/.local/lib/python3.7/site-packages/airflow/example_dags/example_nested_branch_dag.py for tasks to queue
[2022-05-24 12:47:09,504] {logging_mixin.py:115} INFO - [2022-05-24 12:47:09,504] {dagbag.py:507} INFO - Filling up the DagBag from /home/airflow/.local/lib/python3.7/site-packages/airflow/example_dags/example_nested_branch_dag.py
[2022-05-24 12:47:09,525] {processor.py:651} INFO - DAG(s) dict_keys(['example_nested_branch_dag']) retrieved from /home/airflow/.local/lib/python3.7/site-packages/airflow/example_dags/example_nested_branch_dag.py
[2022-05-24 12:47:09,589] {logging_mixin.py:115} INFO - [2022-05-24 12:47:09,589] {dag.py:2371} INFO - Sync 1 DAGs
[2022-05-24 12:47:10,535] {logging_mixin.py:115} INFO - [2022-05-24 12:47:10,535] {dag.py:2919} INFO - Setting next_dagrun for example_nested_branch_dag to 2022-05-23T00:00:00+00:00, run_after=2022-05-24T00:00:00+00:00
[2022-05-24 12:47:10,686] {processor.py:161} INFO - Processing /home/airflow/.local/lib/python3.7/site-packages/airflow/example_dags/example_nested_branch_dag.py took 1.207 seconds
[2022-05-24 12:47:41,004] {processor.py:153} INFO - Started process (PID=642) to work on /home/airflow/.local/lib/python3.7/site-packages/airflow/example_dags/example_nested_branch_dag.py
[2022-05-24 12:47:41,007] {processor.py:641} INFO - Processing file /home/airflow/.local/lib/python3.7/site-packages/airflow/example_dags/example_nested_branch_dag.py for tasks to queue
[2022-05-24 12:47:41,009] {logging_mixin.py:115} INFO - [2022-05-24 12:47:41,009] {dagbag.py:507} INFO - Filling up the DagBag from /home/airflow/.local/lib/python3.7/site-packages/airflow/example_dags/example_nested_branch_dag.py
[2022-05-24 12:47:41,027] {processor.py:651} INFO - DAG(s) dict_keys(['example_nested_branch_dag']) retrieved from /home/airflow/.local/lib/python3.7/site-packages/airflow/example_dags/example_nested_branch_dag.py
[2022-05-24 12:47:41,086] {logging_mixin.py:115} INFO - [2022-05-24 12:47:41,086] {dag.py:2371} INFO - Sync 1 DAGs
[2022-05-24 12:47:41,469] {logging_mixin.py:115} INFO - [2022-05-24 12:47:41,469] {dag.py:2919} INFO - Setting next_dagrun for example_nested_branch_dag to 2022-05-23T00:00:00+00:00, run_after=2022-05-24T00:00:00+00:00
[2022-05-24 12:47:41,506] {processor.py:161} INFO - Processing /home/airflow/.local/lib/python3.7/site-packages/airflow/example_dags/example_nested_branch_dag.py took 0.509 seconds
[2022-05-24 12:48:14,538] {processor.py:153} INFO - Started process (PID=705) to work on /home/airflow/.local/lib/python3.7/site-packages/airflow/example_dags/example_nested_branch_dag.py
[2022-05-24 12:48:14,553] {processor.py:641} INFO - Processing file /home/airflow/.local/lib/python3.7/site-packages/airflow/example_dags/example_nested_branch_dag.py for tasks to queue
[2022-05-24 12:48:14,556] {logging_mixin.py:115} INFO - [2022-05-24 12:48:14,556] {dagbag.py:507} INFO - Filling up the DagBag from /home/airflow/.local/lib/python3.7/site-packages/airflow/example_dags/example_nested_branch_dag.py
[2022-05-24 12:48:14,775] {processor.py:651} INFO - DAG(s) dict_keys(['example_nested_branch_dag']) retrieved from /home/airflow/.local/lib/python3.7/site-packages/airflow/example_dags/example_nested_branch_dag.py
[2022-05-24 12:48:15,522] {logging_mixin.py:115} INFO - [2022-05-24 12:48:15,522] {dag.py:2371} INFO - Sync 1 DAGs
[2022-05-24 12:48:18,543] {logging_mixin.py:115} INFO - [2022-05-24 12:48:18,543] {dag.py:2919} INFO - Setting next_dagrun for example_nested_branch_dag to 2022-05-23T00:00:00+00:00, run_after=2022-05-24T00:00:00+00:00
[2022-05-24 12:48:18,568] {processor.py:161} INFO - Processing /home/airflow/.local/lib/python3.7/site-packages/airflow/example_dags/example_nested_branch_dag.py took 4.066 seconds
[2022-05-24 12:48:48,706] {processor.py:153} INFO - Started process (PID=763) to work on /home/airflow/.local/lib/python3.7/site-packages/airflow/example_dags/example_nested_branch_dag.py
[2022-05-24 12:48:48,708] {processor.py:641} INFO - Processing file /home/airflow/.local/lib/python3.7/site-packages/airflow/example_dags/example_nested_branch_dag.py for tasks to queue
[2022-05-24 12:48:48,709] {logging_mixin.py:115} INFO - [2022-05-24 12:48:48,709] {dagbag.py:507} INFO - Filling up the DagBag from /home/airflow/.local/lib/python3.7/site-packages/airflow/example_dags/example_nested_branch_dag.py
[2022-05-24 12:48:48,730] {processor.py:651} INFO - DAG(s) dict_keys(['example_nested_branch_dag']) retrieved from /home/airflow/.local/lib/python3.7/site-packages/airflow/example_dags/example_nested_branch_dag.py
[2022-05-24 12:48:48,774] {logging_mixin.py:115} INFO - [2022-05-24 12:48:48,774] {dag.py:2371} INFO - Sync 1 DAGs
[2022-05-24 12:48:48,985] {logging_mixin.py:115} INFO - [2022-05-24 12:48:48,984] {dag.py:2919} INFO - Setting next_dagrun for example_nested_branch_dag to 2022-05-23T00:00:00+00:00, run_after=2022-05-24T00:00:00+00:00
[2022-05-24 12:48:49,001] {processor.py:161} INFO - Processing /home/airflow/.local/lib/python3.7/site-packages/airflow/example_dags/example_nested_branch_dag.py took 0.299 seconds
[2022-05-24 12:49:19,723] {processor.py:153} INFO - Started process (PID=819) to work on /home/airflow/.local/lib/python3.7/site-packages/airflow/example_dags/example_nested_branch_dag.py
[2022-05-24 12:49:19,725] {processor.py:641} INFO - Processing file /home/airflow/.local/lib/python3.7/site-packages/airflow/example_dags/example_nested_branch_dag.py for tasks to queue
[2022-05-24 12:49:19,735] {logging_mixin.py:115} INFO - [2022-05-24 12:49:19,731] {dagbag.py:507} INFO - Filling up the DagBag from /home/airflow/.local/lib/python3.7/site-packages/airflow/example_dags/example_nested_branch_dag.py
[2022-05-24 12:49:19,760] {processor.py:651} INFO - DAG(s) dict_keys(['example_nested_branch_dag']) retrieved from /home/airflow/.local/lib/python3.7/site-packages/airflow/example_dags/example_nested_branch_dag.py
[2022-05-24 12:49:19,863] {logging_mixin.py:115} INFO - [2022-05-24 12:49:19,863] {dag.py:2371} INFO - Sync 1 DAGs
[2022-05-24 12:49:20,086] {logging_mixin.py:115} INFO - [2022-05-24 12:49:20,086] {dag.py:2919} INFO - Setting next_dagrun for example_nested_branch_dag to 2022-05-23T00:00:00+00:00, run_after=2022-05-24T00:00:00+00:00
[2022-05-24 12:49:20,117] {processor.py:161} INFO - Processing /home/airflow/.local/lib/python3.7/site-packages/airflow/example_dags/example_nested_branch_dag.py took 0.399 seconds
[2022-05-24 12:49:50,911] {processor.py:153} INFO - Started process (PID=884) to work on /home/airflow/.local/lib/python3.7/site-packages/airflow/example_dags/example_nested_branch_dag.py
[2022-05-24 12:49:50,915] {processor.py:641} INFO - Processing file /home/airflow/.local/lib/python3.7/site-packages/airflow/example_dags/example_nested_branch_dag.py for tasks to queue
[2022-05-24 12:49:50,917] {logging_mixin.py:115} INFO - [2022-05-24 12:49:50,917] {dagbag.py:507} INFO - Filling up the DagBag from /home/airflow/.local/lib/python3.7/site-packages/airflow/example_dags/example_nested_branch_dag.py
[2022-05-24 12:49:50,939] {processor.py:651} INFO - DAG(s) dict_keys(['example_nested_branch_dag']) retrieved from /home/airflow/.local/lib/python3.7/site-packages/airflow/example_dags/example_nested_branch_dag.py
[2022-05-24 12:49:50,994] {logging_mixin.py:115} INFO - [2022-05-24 12:49:50,993] {dag.py:2371} INFO - Sync 1 DAGs
[2022-05-24 12:49:51,219] {logging_mixin.py:115} INFO - [2022-05-24 12:49:51,219] {dag.py:2919} INFO - Setting next_dagrun for example_nested_branch_dag to 2022-05-23T00:00:00+00:00, run_after=2022-05-24T00:00:00+00:00
[2022-05-24 12:49:51,244] {processor.py:161} INFO - Processing /home/airflow/.local/lib/python3.7/site-packages/airflow/example_dags/example_nested_branch_dag.py took 0.342 seconds
[2022-05-24 12:50:22,253] {processor.py:153} INFO - Started process (PID=948) to work on /home/airflow/.local/lib/python3.7/site-packages/airflow/example_dags/example_nested_branch_dag.py
[2022-05-24 12:50:22,258] {processor.py:641} INFO - Processing file /home/airflow/.local/lib/python3.7/site-packages/airflow/example_dags/example_nested_branch_dag.py for tasks to queue
[2022-05-24 12:50:22,260] {logging_mixin.py:115} INFO - [2022-05-24 12:50:22,260] {dagbag.py:507} INFO - Filling up the DagBag from /home/airflow/.local/lib/python3.7/site-packages/airflow/example_dags/example_nested_branch_dag.py
[2022-05-24 12:50:22,318] {processor.py:651} INFO - DAG(s) dict_keys(['example_nested_branch_dag']) retrieved from /home/airflow/.local/lib/python3.7/site-packages/airflow/example_dags/example_nested_branch_dag.py
[2022-05-24 12:50:22,488] {logging_mixin.py:115} INFO - [2022-05-24 12:50:22,487] {dag.py:2371} INFO - Sync 1 DAGs
[2022-05-24 12:50:23,111] {logging_mixin.py:115} INFO - [2022-05-24 12:50:23,111] {dag.py:2919} INFO - Setting next_dagrun for example_nested_branch_dag to 2022-05-23T00:00:00+00:00, run_after=2022-05-24T00:00:00+00:00
[2022-05-24 12:50:23,141] {processor.py:161} INFO - Processing /home/airflow/.local/lib/python3.7/site-packages/airflow/example_dags/example_nested_branch_dag.py took 0.894 seconds
[2022-05-24 12:50:53,776] {processor.py:153} INFO - Started process (PID=1006) to work on /home/airflow/.local/lib/python3.7/site-packages/airflow/example_dags/example_nested_branch_dag.py
[2022-05-24 12:50:53,779] {processor.py:641} INFO - Processing file /home/airflow/.local/lib/python3.7/site-packages/airflow/example_dags/example_nested_branch_dag.py for tasks to queue
[2022-05-24 12:50:53,791] {logging_mixin.py:115} INFO - [2022-05-24 12:50:53,791] {dagbag.py:507} INFO - Filling up the DagBag from /home/airflow/.local/lib/python3.7/site-packages/airflow/example_dags/example_nested_branch_dag.py
[2022-05-24 12:50:53,823] {processor.py:651} INFO - DAG(s) dict_keys(['example_nested_branch_dag']) retrieved from /home/airflow/.local/lib/python3.7/site-packages/airflow/example_dags/example_nested_branch_dag.py
[2022-05-24 12:50:53,867] {logging_mixin.py:115} INFO - [2022-05-24 12:50:53,867] {dag.py:2371} INFO - Sync 1 DAGs
[2022-05-24 12:50:54,092] {logging_mixin.py:115} INFO - [2022-05-24 12:50:54,092] {dag.py:2919} INFO - Setting next_dagrun for example_nested_branch_dag to 2022-05-23T00:00:00+00:00, run_after=2022-05-24T00:00:00+00:00
[2022-05-24 12:50:54,118] {processor.py:161} INFO - Processing /home/airflow/.local/lib/python3.7/site-packages/airflow/example_dags/example_nested_branch_dag.py took 0.353 seconds
[2022-05-24 12:51:24,459] {processor.py:153} INFO - Started process (PID=1061) to work on /home/airflow/.local/lib/python3.7/site-packages/airflow/example_dags/example_nested_branch_dag.py
[2022-05-24 12:51:24,464] {processor.py:641} INFO - Processing file /home/airflow/.local/lib/python3.7/site-packages/airflow/example_dags/example_nested_branch_dag.py for tasks to queue
[2022-05-24 12:51:24,470] {logging_mixin.py:115} INFO - [2022-05-24 12:51:24,470] {dagbag.py:507} INFO - Filling up the DagBag from /home/airflow/.local/lib/python3.7/site-packages/airflow/example_dags/example_nested_branch_dag.py
[2022-05-24 12:51:24,498] {processor.py:651} INFO - DAG(s) dict_keys(['example_nested_branch_dag']) retrieved from /home/airflow/.local/lib/python3.7/site-packages/airflow/example_dags/example_nested_branch_dag.py
[2022-05-24 12:51:24,654] {logging_mixin.py:115} INFO - [2022-05-24 12:51:24,654] {dag.py:2371} INFO - Sync 1 DAGs
[2022-05-24 12:51:25,121] {logging_mixin.py:115} INFO - [2022-05-24 12:51:25,120] {dag.py:2919} INFO - Setting next_dagrun for example_nested_branch_dag to 2022-05-23T00:00:00+00:00, run_after=2022-05-24T00:00:00+00:00
[2022-05-24 12:51:25,171] {processor.py:161} INFO - Processing /home/airflow/.local/lib/python3.7/site-packages/airflow/example_dags/example_nested_branch_dag.py took 0.716 seconds
[2022-05-24 12:51:55,521] {processor.py:153} INFO - Started process (PID=1116) to work on /home/airflow/.local/lib/python3.7/site-packages/airflow/example_dags/example_nested_branch_dag.py
[2022-05-24 12:51:55,525] {processor.py:641} INFO - Processing file /home/airflow/.local/lib/python3.7/site-packages/airflow/example_dags/example_nested_branch_dag.py for tasks to queue
[2022-05-24 12:51:55,527] {logging_mixin.py:115} INFO - [2022-05-24 12:51:55,527] {dagbag.py:507} INFO - Filling up the DagBag from /home/airflow/.local/lib/python3.7/site-packages/airflow/example_dags/example_nested_branch_dag.py
[2022-05-24 12:51:55,550] {processor.py:651} INFO - DAG(s) dict_keys(['example_nested_branch_dag']) retrieved from /home/airflow/.local/lib/python3.7/site-packages/airflow/example_dags/example_nested_branch_dag.py
[2022-05-24 12:51:55,607] {logging_mixin.py:115} INFO - [2022-05-24 12:51:55,607] {dag.py:2371} INFO - Sync 1 DAGs
[2022-05-24 12:51:55,912] {logging_mixin.py:115} INFO - [2022-05-24 12:51:55,912] {dag.py:2919} INFO - Setting next_dagrun for example_nested_branch_dag to 2022-05-23T00:00:00+00:00, run_after=2022-05-24T00:00:00+00:00
[2022-05-24 12:51:55,954] {processor.py:161} INFO - Processing /home/airflow/.local/lib/python3.7/site-packages/airflow/example_dags/example_nested_branch_dag.py took 0.447 seconds
[2022-05-24 12:52:26,219] {processor.py:153} INFO - Started process (PID=1180) to work on /home/airflow/.local/lib/python3.7/site-packages/airflow/example_dags/example_nested_branch_dag.py
[2022-05-24 12:52:26,222] {processor.py:641} INFO - Processing file /home/airflow/.local/lib/python3.7/site-packages/airflow/example_dags/example_nested_branch_dag.py for tasks to queue
[2022-05-24 12:52:26,223] {logging_mixin.py:115} INFO - [2022-05-24 12:52:26,223] {dagbag.py:507} INFO - Filling up the DagBag from /home/airflow/.local/lib/python3.7/site-packages/airflow/example_dags/example_nested_branch_dag.py
[2022-05-24 12:52:26,256] {processor.py:651} INFO - DAG(s) dict_keys(['example_nested_branch_dag']) retrieved from /home/airflow/.local/lib/python3.7/site-packages/airflow/example_dags/example_nested_branch_dag.py
[2022-05-24 12:52:26,299] {logging_mixin.py:115} INFO - [2022-05-24 12:52:26,299] {dag.py:2371} INFO - Sync 1 DAGs
[2022-05-24 12:52:26,359] {logging_mixin.py:115} INFO - [2022-05-24 12:52:26,359] {dag.py:2919} INFO - Setting next_dagrun for example_nested_branch_dag to 2022-05-23T00:00:00+00:00, run_after=2022-05-24T00:00:00+00:00
[2022-05-24 12:52:26,382] {processor.py:161} INFO - Processing /home/airflow/.local/lib/python3.7/site-packages/airflow/example_dags/example_nested_branch_dag.py took 0.169 seconds
[2022-05-24 12:52:56,795] {processor.py:153} INFO - Started process (PID=1234) to work on /home/airflow/.local/lib/python3.7/site-packages/airflow/example_dags/example_nested_branch_dag.py
[2022-05-24 12:52:56,805] {processor.py:641} INFO - Processing file /home/airflow/.local/lib/python3.7/site-packages/airflow/example_dags/example_nested_branch_dag.py for tasks to queue
[2022-05-24 12:52:56,829] {logging_mixin.py:115} INFO - [2022-05-24 12:52:56,829] {dagbag.py:507} INFO - Filling up the DagBag from /home/airflow/.local/lib/python3.7/site-packages/airflow/example_dags/example_nested_branch_dag.py
[2022-05-24 12:52:56,955] {processor.py:651} INFO - DAG(s) dict_keys(['example_nested_branch_dag']) retrieved from /home/airflow/.local/lib/python3.7/site-packages/airflow/example_dags/example_nested_branch_dag.py
[2022-05-24 12:52:57,077] {logging_mixin.py:115} INFO - [2022-05-24 12:52:57,077] {dag.py:2371} INFO - Sync 1 DAGs
[2022-05-24 12:52:57,198] {logging_mixin.py:115} INFO - [2022-05-24 12:52:57,198] {dag.py:2919} INFO - Setting next_dagrun for example_nested_branch_dag to 2022-05-23T00:00:00+00:00, run_after=2022-05-24T00:00:00+00:00
[2022-05-24 12:52:57,291] {processor.py:161} INFO - Processing /home/airflow/.local/lib/python3.7/site-packages/airflow/example_dags/example_nested_branch_dag.py took 0.527 seconds
[2022-05-24 12:53:27,445] {processor.py:153} INFO - Started process (PID=1290) to work on /home/airflow/.local/lib/python3.7/site-packages/airflow/example_dags/example_nested_branch_dag.py
[2022-05-24 12:53:27,462] {processor.py:641} INFO - Processing file /home/airflow/.local/lib/python3.7/site-packages/airflow/example_dags/example_nested_branch_dag.py for tasks to queue
[2022-05-24 12:53:27,469] {logging_mixin.py:115} INFO - [2022-05-24 12:53:27,469] {dagbag.py:507} INFO - Filling up the DagBag from /home/airflow/.local/lib/python3.7/site-packages/airflow/example_dags/example_nested_branch_dag.py
[2022-05-24 12:53:27,538] {processor.py:651} INFO - DAG(s) dict_keys(['example_nested_branch_dag']) retrieved from /home/airflow/.local/lib/python3.7/site-packages/airflow/example_dags/example_nested_branch_dag.py
[2022-05-24 12:53:27,636] {logging_mixin.py:115} INFO - [2022-05-24 12:53:27,636] {dag.py:2371} INFO - Sync 1 DAGs
[2022-05-24 12:53:27,936] {logging_mixin.py:115} INFO - [2022-05-24 12:53:27,936] {dag.py:2919} INFO - Setting next_dagrun for example_nested_branch_dag to 2022-05-23T00:00:00+00:00, run_after=2022-05-24T00:00:00+00:00
[2022-05-24 12:53:28,019] {processor.py:161} INFO - Processing /home/airflow/.local/lib/python3.7/site-packages/airflow/example_dags/example_nested_branch_dag.py took 0.593 seconds
[2022-05-24 12:53:58,159] {processor.py:153} INFO - Started process (PID=1355) to work on /home/airflow/.local/lib/python3.7/site-packages/airflow/example_dags/example_nested_branch_dag.py
[2022-05-24 12:53:58,162] {processor.py:641} INFO - Processing file /home/airflow/.local/lib/python3.7/site-packages/airflow/example_dags/example_nested_branch_dag.py for tasks to queue
[2022-05-24 12:53:58,165] {logging_mixin.py:115} INFO - [2022-05-24 12:53:58,164] {dagbag.py:507} INFO - Filling up the DagBag from /home/airflow/.local/lib/python3.7/site-packages/airflow/example_dags/example_nested_branch_dag.py
[2022-05-24 12:53:58,220] {processor.py:651} INFO - DAG(s) dict_keys(['example_nested_branch_dag']) retrieved from /home/airflow/.local/lib/python3.7/site-packages/airflow/example_dags/example_nested_branch_dag.py
[2022-05-24 12:53:58,304] {logging_mixin.py:115} INFO - [2022-05-24 12:53:58,302] {dag.py:2371} INFO - Sync 1 DAGs
[2022-05-24 12:53:58,362] {logging_mixin.py:115} INFO - [2022-05-24 12:53:58,362] {dag.py:2919} INFO - Setting next_dagrun for example_nested_branch_dag to 2022-05-23T00:00:00+00:00, run_after=2022-05-24T00:00:00+00:00
[2022-05-24 12:53:58,390] {processor.py:161} INFO - Processing /home/airflow/.local/lib/python3.7/site-packages/airflow/example_dags/example_nested_branch_dag.py took 0.239 seconds
[2022-05-24 12:54:28,620] {processor.py:153} INFO - Started process (PID=1413) to work on /home/airflow/.local/lib/python3.7/site-packages/airflow/example_dags/example_nested_branch_dag.py
[2022-05-24 12:54:28,637] {processor.py:641} INFO - Processing file /home/airflow/.local/lib/python3.7/site-packages/airflow/example_dags/example_nested_branch_dag.py for tasks to queue
[2022-05-24 12:54:28,662] {logging_mixin.py:115} INFO - [2022-05-24 12:54:28,662] {dagbag.py:507} INFO - Filling up the DagBag from /home/airflow/.local/lib/python3.7/site-packages/airflow/example_dags/example_nested_branch_dag.py
[2022-05-24 12:54:28,946] {processor.py:651} INFO - DAG(s) dict_keys(['example_nested_branch_dag']) retrieved from /home/airflow/.local/lib/python3.7/site-packages/airflow/example_dags/example_nested_branch_dag.py
[2022-05-24 12:54:30,145] {logging_mixin.py:115} INFO - [2022-05-24 12:54:30,144] {dag.py:2371} INFO - Sync 1 DAGs
[2022-05-24 12:54:30,313] {logging_mixin.py:115} INFO - [2022-05-24 12:54:30,313] {dag.py:2919} INFO - Setting next_dagrun for example_nested_branch_dag to 2022-05-23T00:00:00+00:00, run_after=2022-05-24T00:00:00+00:00
[2022-05-24 12:54:30,342] {processor.py:161} INFO - Processing /home/airflow/.local/lib/python3.7/site-packages/airflow/example_dags/example_nested_branch_dag.py took 1.754 seconds
[2022-05-24 12:55:00,706] {processor.py:153} INFO - Started process (PID=1471) to work on /home/airflow/.local/lib/python3.7/site-packages/airflow/example_dags/example_nested_branch_dag.py
[2022-05-24 12:55:00,709] {processor.py:641} INFO - Processing file /home/airflow/.local/lib/python3.7/site-packages/airflow/example_dags/example_nested_branch_dag.py for tasks to queue
[2022-05-24 12:55:00,711] {logging_mixin.py:115} INFO - [2022-05-24 12:55:00,711] {dagbag.py:507} INFO - Filling up the DagBag from /home/airflow/.local/lib/python3.7/site-packages/airflow/example_dags/example_nested_branch_dag.py
[2022-05-24 12:55:00,755] {processor.py:651} INFO - DAG(s) dict_keys(['example_nested_branch_dag']) retrieved from /home/airflow/.local/lib/python3.7/site-packages/airflow/example_dags/example_nested_branch_dag.py
[2022-05-24 12:55:00,806] {logging_mixin.py:115} INFO - [2022-05-24 12:55:00,806] {dag.py:2371} INFO - Sync 1 DAGs
[2022-05-24 12:55:00,843] {logging_mixin.py:115} INFO - [2022-05-24 12:55:00,843] {dag.py:2919} INFO - Setting next_dagrun for example_nested_branch_dag to 2022-05-23T00:00:00+00:00, run_after=2022-05-24T00:00:00+00:00
[2022-05-24 12:55:00,861] {processor.py:161} INFO - Processing /home/airflow/.local/lib/python3.7/site-packages/airflow/example_dags/example_nested_branch_dag.py took 0.158 seconds
[2022-05-24 12:55:31,892] {processor.py:153} INFO - Started process (PID=1536) to work on /home/airflow/.local/lib/python3.7/site-packages/airflow/example_dags/example_nested_branch_dag.py
[2022-05-24 12:55:31,897] {processor.py:641} INFO - Processing file /home/airflow/.local/lib/python3.7/site-packages/airflow/example_dags/example_nested_branch_dag.py for tasks to queue
[2022-05-24 12:55:31,900] {logging_mixin.py:115} INFO - [2022-05-24 12:55:31,900] {dagbag.py:507} INFO - Filling up the DagBag from /home/airflow/.local/lib/python3.7/site-packages/airflow/example_dags/example_nested_branch_dag.py
[2022-05-24 12:55:31,936] {processor.py:651} INFO - DAG(s) dict_keys(['example_nested_branch_dag']) retrieved from /home/airflow/.local/lib/python3.7/site-packages/airflow/example_dags/example_nested_branch_dag.py
[2022-05-24 12:55:32,009] {logging_mixin.py:115} INFO - [2022-05-24 12:55:32,009] {dag.py:2371} INFO - Sync 1 DAGs
[2022-05-24 12:55:32,079] {logging_mixin.py:115} INFO - [2022-05-24 12:55:32,079] {dag.py:2919} INFO - Setting next_dagrun for example_nested_branch_dag to 2022-05-23T00:00:00+00:00, run_after=2022-05-24T00:00:00+00:00
[2022-05-24 12:55:32,106] {processor.py:161} INFO - Processing /home/airflow/.local/lib/python3.7/site-packages/airflow/example_dags/example_nested_branch_dag.py took 0.225 seconds
