[2022-05-24 12:42:48,237] {processor.py:153} INFO - Started process (PID=113) to work on /home/airflow/.local/lib/python3.7/site-packages/airflow/example_dags/example_branch_datetime_operator.py
[2022-05-24 12:42:48,241] {processor.py:641} INFO - Processing file /home/airflow/.local/lib/python3.7/site-packages/airflow/example_dags/example_branch_datetime_operator.py for tasks to queue
[2022-05-24 12:42:48,256] {logging_mixin.py:115} INFO - [2022-05-24 12:42:48,243] {dagbag.py:507} INFO - Filling up the DagBag from /home/airflow/.local/lib/python3.7/site-packages/airflow/example_dags/example_branch_datetime_operator.py
[2022-05-24 12:42:48,373] {processor.py:651} INFO - DAG(s) dict_keys(['example_branch_datetime_operator_2']) retrieved from /home/airflow/.local/lib/python3.7/site-packages/airflow/example_dags/example_branch_datetime_operator.py
[2022-05-24 12:42:48,627] {logging_mixin.py:115} INFO - [2022-05-24 12:42:48,626] {dag.py:2371} INFO - Sync 1 DAGs
[2022-05-24 12:42:50,683] {logging_mixin.py:115} INFO - [2022-05-24 12:42:50,683] {dag.py:2919} INFO - Setting next_dagrun for example_branch_datetime_operator_2 to 2022-05-23T00:00:00+00:00, run_after=2022-05-24T00:00:00+00:00
[2022-05-24 12:42:50,726] {processor.py:161} INFO - Processing /home/airflow/.local/lib/python3.7/site-packages/airflow/example_dags/example_branch_datetime_operator.py took 2.510 seconds
[2022-05-24 12:43:20,942] {processor.py:153} INFO - Started process (PID=170) to work on /home/airflow/.local/lib/python3.7/site-packages/airflow/example_dags/example_branch_datetime_operator.py
[2022-05-24 12:43:20,946] {processor.py:641} INFO - Processing file /home/airflow/.local/lib/python3.7/site-packages/airflow/example_dags/example_branch_datetime_operator.py for tasks to queue
[2022-05-24 12:43:20,950] {logging_mixin.py:115} INFO - [2022-05-24 12:43:20,949] {dagbag.py:507} INFO - Filling up the DagBag from /home/airflow/.local/lib/python3.7/site-packages/airflow/example_dags/example_branch_datetime_operator.py
[2022-05-24 12:43:20,978] {processor.py:651} INFO - DAG(s) dict_keys(['example_branch_datetime_operator_2']) retrieved from /home/airflow/.local/lib/python3.7/site-packages/airflow/example_dags/example_branch_datetime_operator.py
[2022-05-24 12:43:21,063] {logging_mixin.py:115} INFO - [2022-05-24 12:43:21,063] {dag.py:2371} INFO - Sync 1 DAGs
[2022-05-24 12:43:21,416] {logging_mixin.py:115} INFO - [2022-05-24 12:43:21,416] {dag.py:2919} INFO - Setting next_dagrun for example_branch_datetime_operator_2 to 2022-05-23T00:00:00+00:00, run_after=2022-05-24T00:00:00+00:00
[2022-05-24 12:43:21,459] {processor.py:161} INFO - Processing /home/airflow/.local/lib/python3.7/site-packages/airflow/example_dags/example_branch_datetime_operator.py took 0.536 seconds
[2022-05-24 12:43:51,787] {processor.py:153} INFO - Started process (PID=225) to work on /home/airflow/.local/lib/python3.7/site-packages/airflow/example_dags/example_branch_datetime_operator.py
[2022-05-24 12:43:51,790] {processor.py:641} INFO - Processing file /home/airflow/.local/lib/python3.7/site-packages/airflow/example_dags/example_branch_datetime_operator.py for tasks to queue
[2022-05-24 12:43:51,793] {logging_mixin.py:115} INFO - [2022-05-24 12:43:51,793] {dagbag.py:507} INFO - Filling up the DagBag from /home/airflow/.local/lib/python3.7/site-packages/airflow/example_dags/example_branch_datetime_operator.py
[2022-05-24 12:43:51,810] {processor.py:651} INFO - DAG(s) dict_keys(['example_branch_datetime_operator_2']) retrieved from /home/airflow/.local/lib/python3.7/site-packages/airflow/example_dags/example_branch_datetime_operator.py
[2022-05-24 12:43:51,886] {logging_mixin.py:115} INFO - [2022-05-24 12:43:51,886] {dag.py:2371} INFO - Sync 1 DAGs
[2022-05-24 12:43:52,236] {logging_mixin.py:115} INFO - [2022-05-24 12:43:52,236] {dag.py:2919} INFO - Setting next_dagrun for example_branch_datetime_operator_2 to 2022-05-23T00:00:00+00:00, run_after=2022-05-24T00:00:00+00:00
[2022-05-24 12:43:52,277] {processor.py:161} INFO - Processing /home/airflow/.local/lib/python3.7/site-packages/airflow/example_dags/example_branch_datetime_operator.py took 0.518 seconds
[2022-05-24 12:44:22,763] {processor.py:153} INFO - Started process (PID=279) to work on /home/airflow/.local/lib/python3.7/site-packages/airflow/example_dags/example_branch_datetime_operator.py
[2022-05-24 12:44:22,772] {processor.py:641} INFO - Processing file /home/airflow/.local/lib/python3.7/site-packages/airflow/example_dags/example_branch_datetime_operator.py for tasks to queue
[2022-05-24 12:44:22,774] {logging_mixin.py:115} INFO - [2022-05-24 12:44:22,773] {dagbag.py:507} INFO - Filling up the DagBag from /home/airflow/.local/lib/python3.7/site-packages/airflow/example_dags/example_branch_datetime_operator.py
[2022-05-24 12:44:22,795] {processor.py:651} INFO - DAG(s) dict_keys(['example_branch_datetime_operator_2']) retrieved from /home/airflow/.local/lib/python3.7/site-packages/airflow/example_dags/example_branch_datetime_operator.py
[2022-05-24 12:44:22,862] {logging_mixin.py:115} INFO - [2022-05-24 12:44:22,862] {dag.py:2371} INFO - Sync 1 DAGs
[2022-05-24 12:44:23,081] {logging_mixin.py:115} INFO - [2022-05-24 12:44:23,081] {dag.py:2919} INFO - Setting next_dagrun for example_branch_datetime_operator_2 to 2022-05-23T00:00:00+00:00, run_after=2022-05-24T00:00:00+00:00
[2022-05-24 12:44:23,111] {processor.py:161} INFO - Processing /home/airflow/.local/lib/python3.7/site-packages/airflow/example_dags/example_branch_datetime_operator.py took 0.353 seconds
[2022-05-24 12:44:53,428] {processor.py:153} INFO - Started process (PID=334) to work on /home/airflow/.local/lib/python3.7/site-packages/airflow/example_dags/example_branch_datetime_operator.py
[2022-05-24 12:44:53,437] {processor.py:641} INFO - Processing file /home/airflow/.local/lib/python3.7/site-packages/airflow/example_dags/example_branch_datetime_operator.py for tasks to queue
[2022-05-24 12:44:53,440] {logging_mixin.py:115} INFO - [2022-05-24 12:44:53,440] {dagbag.py:507} INFO - Filling up the DagBag from /home/airflow/.local/lib/python3.7/site-packages/airflow/example_dags/example_branch_datetime_operator.py
[2022-05-24 12:44:53,468] {processor.py:651} INFO - DAG(s) dict_keys(['example_branch_datetime_operator_2']) retrieved from /home/airflow/.local/lib/python3.7/site-packages/airflow/example_dags/example_branch_datetime_operator.py
[2022-05-24 12:44:53,534] {logging_mixin.py:115} INFO - [2022-05-24 12:44:53,534] {dag.py:2371} INFO - Sync 1 DAGs
[2022-05-24 12:44:53,945] {logging_mixin.py:115} INFO - [2022-05-24 12:44:53,945] {dag.py:2919} INFO - Setting next_dagrun for example_branch_datetime_operator_2 to 2022-05-23T00:00:00+00:00, run_after=2022-05-24T00:00:00+00:00
[2022-05-24 12:44:53,975] {processor.py:161} INFO - Processing /home/airflow/.local/lib/python3.7/site-packages/airflow/example_dags/example_branch_datetime_operator.py took 0.573 seconds
[2022-05-24 12:45:24,393] {processor.py:153} INFO - Started process (PID=388) to work on /home/airflow/.local/lib/python3.7/site-packages/airflow/example_dags/example_branch_datetime_operator.py
[2022-05-24 12:45:24,396] {processor.py:641} INFO - Processing file /home/airflow/.local/lib/python3.7/site-packages/airflow/example_dags/example_branch_datetime_operator.py for tasks to queue
[2022-05-24 12:45:24,398] {logging_mixin.py:115} INFO - [2022-05-24 12:45:24,398] {dagbag.py:507} INFO - Filling up the DagBag from /home/airflow/.local/lib/python3.7/site-packages/airflow/example_dags/example_branch_datetime_operator.py
[2022-05-24 12:45:24,416] {processor.py:651} INFO - DAG(s) dict_keys(['example_branch_datetime_operator_2']) retrieved from /home/airflow/.local/lib/python3.7/site-packages/airflow/example_dags/example_branch_datetime_operator.py
[2022-05-24 12:45:24,459] {logging_mixin.py:115} INFO - [2022-05-24 12:45:24,459] {dag.py:2371} INFO - Sync 1 DAGs
[2022-05-24 12:45:24,707] {logging_mixin.py:115} INFO - [2022-05-24 12:45:24,707] {dag.py:2919} INFO - Setting next_dagrun for example_branch_datetime_operator_2 to 2022-05-23T00:00:00+00:00, run_after=2022-05-24T00:00:00+00:00
[2022-05-24 12:45:24,754] {processor.py:161} INFO - Processing /home/airflow/.local/lib/python3.7/site-packages/airflow/example_dags/example_branch_datetime_operator.py took 0.367 seconds
[2022-05-24 12:45:54,990] {processor.py:153} INFO - Started process (PID=445) to work on /home/airflow/.local/lib/python3.7/site-packages/airflow/example_dags/example_branch_datetime_operator.py
[2022-05-24 12:45:54,997] {processor.py:641} INFO - Processing file /home/airflow/.local/lib/python3.7/site-packages/airflow/example_dags/example_branch_datetime_operator.py for tasks to queue
[2022-05-24 12:45:55,002] {logging_mixin.py:115} INFO - [2022-05-24 12:45:55,001] {dagbag.py:507} INFO - Filling up the DagBag from /home/airflow/.local/lib/python3.7/site-packages/airflow/example_dags/example_branch_datetime_operator.py
[2022-05-24 12:45:55,041] {processor.py:651} INFO - DAG(s) dict_keys(['example_branch_datetime_operator_2']) retrieved from /home/airflow/.local/lib/python3.7/site-packages/airflow/example_dags/example_branch_datetime_operator.py
[2022-05-24 12:45:55,123] {logging_mixin.py:115} INFO - [2022-05-24 12:45:55,123] {dag.py:2371} INFO - Sync 1 DAGs
[2022-05-24 12:45:55,417] {logging_mixin.py:115} INFO - [2022-05-24 12:45:55,417] {dag.py:2919} INFO - Setting next_dagrun for example_branch_datetime_operator_2 to 2022-05-23T00:00:00+00:00, run_after=2022-05-24T00:00:00+00:00
[2022-05-24 12:45:55,434] {processor.py:161} INFO - Processing /home/airflow/.local/lib/python3.7/site-packages/airflow/example_dags/example_branch_datetime_operator.py took 0.449 seconds
[2022-05-24 12:46:25,642] {processor.py:153} INFO - Started process (PID=511) to work on /home/airflow/.local/lib/python3.7/site-packages/airflow/example_dags/example_branch_datetime_operator.py
[2022-05-24 12:46:25,653] {processor.py:641} INFO - Processing file /home/airflow/.local/lib/python3.7/site-packages/airflow/example_dags/example_branch_datetime_operator.py for tasks to queue
[2022-05-24 12:46:25,658] {logging_mixin.py:115} INFO - [2022-05-24 12:46:25,658] {dagbag.py:507} INFO - Filling up the DagBag from /home/airflow/.local/lib/python3.7/site-packages/airflow/example_dags/example_branch_datetime_operator.py
[2022-05-24 12:46:25,696] {processor.py:651} INFO - DAG(s) dict_keys(['example_branch_datetime_operator_2']) retrieved from /home/airflow/.local/lib/python3.7/site-packages/airflow/example_dags/example_branch_datetime_operator.py
[2022-05-24 12:46:25,845] {logging_mixin.py:115} INFO - [2022-05-24 12:46:25,845] {dag.py:2371} INFO - Sync 1 DAGs
[2022-05-24 12:46:26,268] {logging_mixin.py:115} INFO - [2022-05-24 12:46:26,268] {dag.py:2919} INFO - Setting next_dagrun for example_branch_datetime_operator_2 to 2022-05-23T00:00:00+00:00, run_after=2022-05-24T00:00:00+00:00
[2022-05-24 12:46:26,347] {processor.py:161} INFO - Processing /home/airflow/.local/lib/python3.7/site-packages/airflow/example_dags/example_branch_datetime_operator.py took 0.716 seconds
[2022-05-24 12:46:57,510] {processor.py:153} INFO - Started process (PID=565) to work on /home/airflow/.local/lib/python3.7/site-packages/airflow/example_dags/example_branch_datetime_operator.py
[2022-05-24 12:46:57,530] {processor.py:641} INFO - Processing file /home/airflow/.local/lib/python3.7/site-packages/airflow/example_dags/example_branch_datetime_operator.py for tasks to queue
[2022-05-24 12:46:57,569] {logging_mixin.py:115} INFO - [2022-05-24 12:46:57,555] {dagbag.py:507} INFO - Filling up the DagBag from /home/airflow/.local/lib/python3.7/site-packages/airflow/example_dags/example_branch_datetime_operator.py
[2022-05-24 12:46:57,783] {processor.py:651} INFO - DAG(s) dict_keys(['example_branch_datetime_operator_2']) retrieved from /home/airflow/.local/lib/python3.7/site-packages/airflow/example_dags/example_branch_datetime_operator.py
[2022-05-24 12:46:59,110] {logging_mixin.py:115} INFO - [2022-05-24 12:46:59,109] {dag.py:2371} INFO - Sync 1 DAGs
[2022-05-24 12:47:02,207] {logging_mixin.py:115} INFO - [2022-05-24 12:47:02,206] {dag.py:2919} INFO - Setting next_dagrun for example_branch_datetime_operator_2 to 2022-05-23T00:00:00+00:00, run_after=2022-05-24T00:00:00+00:00
[2022-05-24 12:47:02,294] {processor.py:161} INFO - Processing /home/airflow/.local/lib/python3.7/site-packages/airflow/example_dags/example_branch_datetime_operator.py took 4.857 seconds
[2022-05-24 12:47:32,529] {processor.py:153} INFO - Started process (PID=620) to work on /home/airflow/.local/lib/python3.7/site-packages/airflow/example_dags/example_branch_datetime_operator.py
[2022-05-24 12:47:32,532] {processor.py:641} INFO - Processing file /home/airflow/.local/lib/python3.7/site-packages/airflow/example_dags/example_branch_datetime_operator.py for tasks to queue
[2022-05-24 12:47:32,534] {logging_mixin.py:115} INFO - [2022-05-24 12:47:32,534] {dagbag.py:507} INFO - Filling up the DagBag from /home/airflow/.local/lib/python3.7/site-packages/airflow/example_dags/example_branch_datetime_operator.py
[2022-05-24 12:47:32,546] {processor.py:651} INFO - DAG(s) dict_keys(['example_branch_datetime_operator_2']) retrieved from /home/airflow/.local/lib/python3.7/site-packages/airflow/example_dags/example_branch_datetime_operator.py
[2022-05-24 12:47:32,592] {logging_mixin.py:115} INFO - [2022-05-24 12:47:32,592] {dag.py:2371} INFO - Sync 1 DAGs
[2022-05-24 12:47:32,768] {logging_mixin.py:115} INFO - [2022-05-24 12:47:32,768] {dag.py:2919} INFO - Setting next_dagrun for example_branch_datetime_operator_2 to 2022-05-23T00:00:00+00:00, run_after=2022-05-24T00:00:00+00:00
[2022-05-24 12:47:32,787] {processor.py:161} INFO - Processing /home/airflow/.local/lib/python3.7/site-packages/airflow/example_dags/example_branch_datetime_operator.py took 0.262 seconds
[2022-05-24 12:48:02,971] {processor.py:153} INFO - Started process (PID=685) to work on /home/airflow/.local/lib/python3.7/site-packages/airflow/example_dags/example_branch_datetime_operator.py
[2022-05-24 12:48:02,975] {processor.py:641} INFO - Processing file /home/airflow/.local/lib/python3.7/site-packages/airflow/example_dags/example_branch_datetime_operator.py for tasks to queue
[2022-05-24 12:48:02,978] {logging_mixin.py:115} INFO - [2022-05-24 12:48:02,978] {dagbag.py:507} INFO - Filling up the DagBag from /home/airflow/.local/lib/python3.7/site-packages/airflow/example_dags/example_branch_datetime_operator.py
[2022-05-24 12:48:02,992] {processor.py:651} INFO - DAG(s) dict_keys(['example_branch_datetime_operator_2']) retrieved from /home/airflow/.local/lib/python3.7/site-packages/airflow/example_dags/example_branch_datetime_operator.py
[2022-05-24 12:48:03,033] {logging_mixin.py:115} INFO - [2022-05-24 12:48:03,032] {dag.py:2371} INFO - Sync 1 DAGs
[2022-05-24 12:48:03,210] {logging_mixin.py:115} INFO - [2022-05-24 12:48:03,210] {dag.py:2919} INFO - Setting next_dagrun for example_branch_datetime_operator_2 to 2022-05-23T00:00:00+00:00, run_after=2022-05-24T00:00:00+00:00
[2022-05-24 12:48:03,230] {processor.py:161} INFO - Processing /home/airflow/.local/lib/python3.7/site-packages/airflow/example_dags/example_branch_datetime_operator.py took 0.264 seconds
[2022-05-24 12:48:33,318] {processor.py:153} INFO - Started process (PID=741) to work on /home/airflow/.local/lib/python3.7/site-packages/airflow/example_dags/example_branch_datetime_operator.py
[2022-05-24 12:48:33,321] {processor.py:641} INFO - Processing file /home/airflow/.local/lib/python3.7/site-packages/airflow/example_dags/example_branch_datetime_operator.py for tasks to queue
[2022-05-24 12:48:33,325] {logging_mixin.py:115} INFO - [2022-05-24 12:48:33,324] {dagbag.py:507} INFO - Filling up the DagBag from /home/airflow/.local/lib/python3.7/site-packages/airflow/example_dags/example_branch_datetime_operator.py
[2022-05-24 12:48:33,352] {processor.py:651} INFO - DAG(s) dict_keys(['example_branch_datetime_operator_2']) retrieved from /home/airflow/.local/lib/python3.7/site-packages/airflow/example_dags/example_branch_datetime_operator.py
[2022-05-24 12:48:33,421] {logging_mixin.py:115} INFO - [2022-05-24 12:48:33,420] {dag.py:2371} INFO - Sync 1 DAGs
[2022-05-24 12:48:33,646] {logging_mixin.py:115} INFO - [2022-05-24 12:48:33,646] {dag.py:2919} INFO - Setting next_dagrun for example_branch_datetime_operator_2 to 2022-05-23T00:00:00+00:00, run_after=2022-05-24T00:00:00+00:00
[2022-05-24 12:48:33,664] {processor.py:161} INFO - Processing /home/airflow/.local/lib/python3.7/site-packages/airflow/example_dags/example_branch_datetime_operator.py took 0.369 seconds
[2022-05-24 12:49:04,643] {processor.py:153} INFO - Started process (PID=798) to work on /home/airflow/.local/lib/python3.7/site-packages/airflow/example_dags/example_branch_datetime_operator.py
[2022-05-24 12:49:04,644] {processor.py:641} INFO - Processing file /home/airflow/.local/lib/python3.7/site-packages/airflow/example_dags/example_branch_datetime_operator.py for tasks to queue
[2022-05-24 12:49:04,646] {logging_mixin.py:115} INFO - [2022-05-24 12:49:04,646] {dagbag.py:507} INFO - Filling up the DagBag from /home/airflow/.local/lib/python3.7/site-packages/airflow/example_dags/example_branch_datetime_operator.py
[2022-05-24 12:49:04,658] {processor.py:651} INFO - DAG(s) dict_keys(['example_branch_datetime_operator_2']) retrieved from /home/airflow/.local/lib/python3.7/site-packages/airflow/example_dags/example_branch_datetime_operator.py
[2022-05-24 12:49:04,713] {logging_mixin.py:115} INFO - [2022-05-24 12:49:04,713] {dag.py:2371} INFO - Sync 1 DAGs
[2022-05-24 12:49:04,954] {logging_mixin.py:115} INFO - [2022-05-24 12:49:04,953] {dag.py:2919} INFO - Setting next_dagrun for example_branch_datetime_operator_2 to 2022-05-23T00:00:00+00:00, run_after=2022-05-24T00:00:00+00:00
[2022-05-24 12:49:04,969] {processor.py:161} INFO - Processing /home/airflow/.local/lib/python3.7/site-packages/airflow/example_dags/example_branch_datetime_operator.py took 0.333 seconds
[2022-05-24 12:49:35,481] {processor.py:153} INFO - Started process (PID=862) to work on /home/airflow/.local/lib/python3.7/site-packages/airflow/example_dags/example_branch_datetime_operator.py
[2022-05-24 12:49:35,485] {processor.py:641} INFO - Processing file /home/airflow/.local/lib/python3.7/site-packages/airflow/example_dags/example_branch_datetime_operator.py for tasks to queue
[2022-05-24 12:49:35,491] {logging_mixin.py:115} INFO - [2022-05-24 12:49:35,491] {dagbag.py:507} INFO - Filling up the DagBag from /home/airflow/.local/lib/python3.7/site-packages/airflow/example_dags/example_branch_datetime_operator.py
[2022-05-24 12:49:35,510] {processor.py:651} INFO - DAG(s) dict_keys(['example_branch_datetime_operator_2']) retrieved from /home/airflow/.local/lib/python3.7/site-packages/airflow/example_dags/example_branch_datetime_operator.py
[2022-05-24 12:49:35,584] {logging_mixin.py:115} INFO - [2022-05-24 12:49:35,584] {dag.py:2371} INFO - Sync 1 DAGs
[2022-05-24 12:49:35,835] {logging_mixin.py:115} INFO - [2022-05-24 12:49:35,835] {dag.py:2919} INFO - Setting next_dagrun for example_branch_datetime_operator_2 to 2022-05-23T00:00:00+00:00, run_after=2022-05-24T00:00:00+00:00
[2022-05-24 12:49:35,863] {processor.py:161} INFO - Processing /home/airflow/.local/lib/python3.7/site-packages/airflow/example_dags/example_branch_datetime_operator.py took 0.386 seconds
[2022-05-24 12:50:06,133] {processor.py:153} INFO - Started process (PID=917) to work on /home/airflow/.local/lib/python3.7/site-packages/airflow/example_dags/example_branch_datetime_operator.py
[2022-05-24 12:50:06,135] {processor.py:641} INFO - Processing file /home/airflow/.local/lib/python3.7/site-packages/airflow/example_dags/example_branch_datetime_operator.py for tasks to queue
[2022-05-24 12:50:06,137] {logging_mixin.py:115} INFO - [2022-05-24 12:50:06,136] {dagbag.py:507} INFO - Filling up the DagBag from /home/airflow/.local/lib/python3.7/site-packages/airflow/example_dags/example_branch_datetime_operator.py
[2022-05-24 12:50:06,152] {processor.py:651} INFO - DAG(s) dict_keys(['example_branch_datetime_operator_2']) retrieved from /home/airflow/.local/lib/python3.7/site-packages/airflow/example_dags/example_branch_datetime_operator.py
[2022-05-24 12:50:06,205] {logging_mixin.py:115} INFO - [2022-05-24 12:50:06,204] {dag.py:2371} INFO - Sync 1 DAGs
[2022-05-24 12:50:06,413] {logging_mixin.py:115} INFO - [2022-05-24 12:50:06,413] {dag.py:2919} INFO - Setting next_dagrun for example_branch_datetime_operator_2 to 2022-05-23T00:00:00+00:00, run_after=2022-05-24T00:00:00+00:00
[2022-05-24 12:50:06,433] {processor.py:161} INFO - Processing /home/airflow/.local/lib/python3.7/site-packages/airflow/example_dags/example_branch_datetime_operator.py took 0.304 seconds
[2022-05-24 12:50:37,042] {processor.py:153} INFO - Started process (PID=981) to work on /home/airflow/.local/lib/python3.7/site-packages/airflow/example_dags/example_branch_datetime_operator.py
[2022-05-24 12:50:37,046] {processor.py:641} INFO - Processing file /home/airflow/.local/lib/python3.7/site-packages/airflow/example_dags/example_branch_datetime_operator.py for tasks to queue
[2022-05-24 12:50:37,049] {logging_mixin.py:115} INFO - [2022-05-24 12:50:37,049] {dagbag.py:507} INFO - Filling up the DagBag from /home/airflow/.local/lib/python3.7/site-packages/airflow/example_dags/example_branch_datetime_operator.py
[2022-05-24 12:50:37,069] {processor.py:651} INFO - DAG(s) dict_keys(['example_branch_datetime_operator_2']) retrieved from /home/airflow/.local/lib/python3.7/site-packages/airflow/example_dags/example_branch_datetime_operator.py
[2022-05-24 12:50:37,140] {logging_mixin.py:115} INFO - [2022-05-24 12:50:37,139] {dag.py:2371} INFO - Sync 1 DAGs
[2022-05-24 12:50:38,308] {logging_mixin.py:115} INFO - [2022-05-24 12:50:38,308] {dag.py:2919} INFO - Setting next_dagrun for example_branch_datetime_operator_2 to 2022-05-23T00:00:00+00:00, run_after=2022-05-24T00:00:00+00:00
[2022-05-24 12:50:38,377] {processor.py:161} INFO - Processing /home/airflow/.local/lib/python3.7/site-packages/airflow/example_dags/example_branch_datetime_operator.py took 1.340 seconds
[2022-05-24 12:51:08,587] {processor.py:153} INFO - Started process (PID=1039) to work on /home/airflow/.local/lib/python3.7/site-packages/airflow/example_dags/example_branch_datetime_operator.py
[2022-05-24 12:51:08,588] {processor.py:641} INFO - Processing file /home/airflow/.local/lib/python3.7/site-packages/airflow/example_dags/example_branch_datetime_operator.py for tasks to queue
[2022-05-24 12:51:08,590] {logging_mixin.py:115} INFO - [2022-05-24 12:51:08,590] {dagbag.py:507} INFO - Filling up the DagBag from /home/airflow/.local/lib/python3.7/site-packages/airflow/example_dags/example_branch_datetime_operator.py
[2022-05-24 12:51:08,607] {processor.py:651} INFO - DAG(s) dict_keys(['example_branch_datetime_operator_2']) retrieved from /home/airflow/.local/lib/python3.7/site-packages/airflow/example_dags/example_branch_datetime_operator.py
[2022-05-24 12:51:08,656] {logging_mixin.py:115} INFO - [2022-05-24 12:51:08,656] {dag.py:2371} INFO - Sync 1 DAGs
[2022-05-24 12:51:08,831] {logging_mixin.py:115} INFO - [2022-05-24 12:51:08,831] {dag.py:2919} INFO - Setting next_dagrun for example_branch_datetime_operator_2 to 2022-05-23T00:00:00+00:00, run_after=2022-05-24T00:00:00+00:00
[2022-05-24 12:51:08,854] {processor.py:161} INFO - Processing /home/airflow/.local/lib/python3.7/site-packages/airflow/example_dags/example_branch_datetime_operator.py took 0.273 seconds
[2022-05-24 12:51:39,237] {processor.py:153} INFO - Started process (PID=1093) to work on /home/airflow/.local/lib/python3.7/site-packages/airflow/example_dags/example_branch_datetime_operator.py
[2022-05-24 12:51:39,241] {processor.py:641} INFO - Processing file /home/airflow/.local/lib/python3.7/site-packages/airflow/example_dags/example_branch_datetime_operator.py for tasks to queue
[2022-05-24 12:51:39,244] {logging_mixin.py:115} INFO - [2022-05-24 12:51:39,244] {dagbag.py:507} INFO - Filling up the DagBag from /home/airflow/.local/lib/python3.7/site-packages/airflow/example_dags/example_branch_datetime_operator.py
[2022-05-24 12:51:39,263] {processor.py:651} INFO - DAG(s) dict_keys(['example_branch_datetime_operator_2']) retrieved from /home/airflow/.local/lib/python3.7/site-packages/airflow/example_dags/example_branch_datetime_operator.py
[2022-05-24 12:51:39,330] {logging_mixin.py:115} INFO - [2022-05-24 12:51:39,330] {dag.py:2371} INFO - Sync 1 DAGs
[2022-05-24 12:51:39,584] {logging_mixin.py:115} INFO - [2022-05-24 12:51:39,584] {dag.py:2919} INFO - Setting next_dagrun for example_branch_datetime_operator_2 to 2022-05-23T00:00:00+00:00, run_after=2022-05-24T00:00:00+00:00
[2022-05-24 12:51:39,610] {processor.py:161} INFO - Processing /home/airflow/.local/lib/python3.7/site-packages/airflow/example_dags/example_branch_datetime_operator.py took 0.384 seconds
[2022-05-24 12:52:09,849] {processor.py:153} INFO - Started process (PID=1158) to work on /home/airflow/.local/lib/python3.7/site-packages/airflow/example_dags/example_branch_datetime_operator.py
[2022-05-24 12:52:09,852] {processor.py:641} INFO - Processing file /home/airflow/.local/lib/python3.7/site-packages/airflow/example_dags/example_branch_datetime_operator.py for tasks to queue
[2022-05-24 12:52:09,853] {logging_mixin.py:115} INFO - [2022-05-24 12:52:09,853] {dagbag.py:507} INFO - Filling up the DagBag from /home/airflow/.local/lib/python3.7/site-packages/airflow/example_dags/example_branch_datetime_operator.py
[2022-05-24 12:52:09,869] {processor.py:651} INFO - DAG(s) dict_keys(['example_branch_datetime_operator_2']) retrieved from /home/airflow/.local/lib/python3.7/site-packages/airflow/example_dags/example_branch_datetime_operator.py
[2022-05-24 12:52:09,955] {logging_mixin.py:115} INFO - [2022-05-24 12:52:09,955] {dag.py:2371} INFO - Sync 1 DAGs
[2022-05-24 12:52:10,016] {logging_mixin.py:115} INFO - [2022-05-24 12:52:10,016] {dag.py:2919} INFO - Setting next_dagrun for example_branch_datetime_operator_2 to 2022-05-23T00:00:00+00:00, run_after=2022-05-24T00:00:00+00:00
[2022-05-24 12:52:10,046] {processor.py:161} INFO - Processing /home/airflow/.local/lib/python3.7/site-packages/airflow/example_dags/example_branch_datetime_operator.py took 0.201 seconds
[2022-05-24 12:52:40,584] {processor.py:153} INFO - Started process (PID=1212) to work on /home/airflow/.local/lib/python3.7/site-packages/airflow/example_dags/example_branch_datetime_operator.py
[2022-05-24 12:52:40,586] {processor.py:641} INFO - Processing file /home/airflow/.local/lib/python3.7/site-packages/airflow/example_dags/example_branch_datetime_operator.py for tasks to queue
[2022-05-24 12:52:40,587] {logging_mixin.py:115} INFO - [2022-05-24 12:52:40,587] {dagbag.py:507} INFO - Filling up the DagBag from /home/airflow/.local/lib/python3.7/site-packages/airflow/example_dags/example_branch_datetime_operator.py
[2022-05-24 12:52:40,600] {processor.py:651} INFO - DAG(s) dict_keys(['example_branch_datetime_operator_2']) retrieved from /home/airflow/.local/lib/python3.7/site-packages/airflow/example_dags/example_branch_datetime_operator.py
[2022-05-24 12:52:40,650] {logging_mixin.py:115} INFO - [2022-05-24 12:52:40,650] {dag.py:2371} INFO - Sync 1 DAGs
[2022-05-24 12:52:40,692] {logging_mixin.py:115} INFO - [2022-05-24 12:52:40,691] {dag.py:2919} INFO - Setting next_dagrun for example_branch_datetime_operator_2 to 2022-05-23T00:00:00+00:00, run_after=2022-05-24T00:00:00+00:00
[2022-05-24 12:52:40,736] {processor.py:161} INFO - Processing /home/airflow/.local/lib/python3.7/site-packages/airflow/example_dags/example_branch_datetime_operator.py took 0.157 seconds
[2022-05-24 12:53:10,888] {processor.py:153} INFO - Started process (PID=1266) to work on /home/airflow/.local/lib/python3.7/site-packages/airflow/example_dags/example_branch_datetime_operator.py
[2022-05-24 12:53:10,891] {processor.py:641} INFO - Processing file /home/airflow/.local/lib/python3.7/site-packages/airflow/example_dags/example_branch_datetime_operator.py for tasks to queue
[2022-05-24 12:53:10,894] {logging_mixin.py:115} INFO - [2022-05-24 12:53:10,894] {dagbag.py:507} INFO - Filling up the DagBag from /home/airflow/.local/lib/python3.7/site-packages/airflow/example_dags/example_branch_datetime_operator.py
[2022-05-24 12:53:10,913] {processor.py:651} INFO - DAG(s) dict_keys(['example_branch_datetime_operator_2']) retrieved from /home/airflow/.local/lib/python3.7/site-packages/airflow/example_dags/example_branch_datetime_operator.py
[2022-05-24 12:53:10,954] {logging_mixin.py:115} INFO - [2022-05-24 12:53:10,954] {dag.py:2371} INFO - Sync 1 DAGs
[2022-05-24 12:53:11,006] {logging_mixin.py:115} INFO - [2022-05-24 12:53:11,006] {dag.py:2919} INFO - Setting next_dagrun for example_branch_datetime_operator_2 to 2022-05-23T00:00:00+00:00, run_after=2022-05-24T00:00:00+00:00
[2022-05-24 12:53:11,041] {processor.py:161} INFO - Processing /home/airflow/.local/lib/python3.7/site-packages/airflow/example_dags/example_branch_datetime_operator.py took 0.158 seconds
[2022-05-24 12:53:41,528] {processor.py:153} INFO - Started process (PID=1323) to work on /home/airflow/.local/lib/python3.7/site-packages/airflow/example_dags/example_branch_datetime_operator.py
[2022-05-24 12:53:41,531] {processor.py:641} INFO - Processing file /home/airflow/.local/lib/python3.7/site-packages/airflow/example_dags/example_branch_datetime_operator.py for tasks to queue
[2022-05-24 12:53:41,536] {logging_mixin.py:115} INFO - [2022-05-24 12:53:41,536] {dagbag.py:507} INFO - Filling up the DagBag from /home/airflow/.local/lib/python3.7/site-packages/airflow/example_dags/example_branch_datetime_operator.py
[2022-05-24 12:53:41,554] {processor.py:651} INFO - DAG(s) dict_keys(['example_branch_datetime_operator_2']) retrieved from /home/airflow/.local/lib/python3.7/site-packages/airflow/example_dags/example_branch_datetime_operator.py
[2022-05-24 12:53:41,614] {logging_mixin.py:115} INFO - [2022-05-24 12:53:41,613] {dag.py:2371} INFO - Sync 1 DAGs
[2022-05-24 12:53:41,673] {logging_mixin.py:115} INFO - [2022-05-24 12:53:41,673] {dag.py:2919} INFO - Setting next_dagrun for example_branch_datetime_operator_2 to 2022-05-23T00:00:00+00:00, run_after=2022-05-24T00:00:00+00:00
[2022-05-24 12:53:41,712] {processor.py:161} INFO - Processing /home/airflow/.local/lib/python3.7/site-packages/airflow/example_dags/example_branch_datetime_operator.py took 0.197 seconds
[2022-05-24 12:54:14,637] {processor.py:153} INFO - Started process (PID=1389) to work on /home/airflow/.local/lib/python3.7/site-packages/airflow/example_dags/example_branch_datetime_operator.py
[2022-05-24 12:54:14,640] {processor.py:641} INFO - Processing file /home/airflow/.local/lib/python3.7/site-packages/airflow/example_dags/example_branch_datetime_operator.py for tasks to queue
[2022-05-24 12:54:14,646] {logging_mixin.py:115} INFO - [2022-05-24 12:54:14,646] {dagbag.py:507} INFO - Filling up the DagBag from /home/airflow/.local/lib/python3.7/site-packages/airflow/example_dags/example_branch_datetime_operator.py
[2022-05-24 12:54:14,663] {processor.py:651} INFO - DAG(s) dict_keys(['example_branch_datetime_operator_2']) retrieved from /home/airflow/.local/lib/python3.7/site-packages/airflow/example_dags/example_branch_datetime_operator.py
[2022-05-24 12:54:14,721] {logging_mixin.py:115} INFO - [2022-05-24 12:54:14,721] {dag.py:2371} INFO - Sync 1 DAGs
[2022-05-24 12:54:14,782] {logging_mixin.py:115} INFO - [2022-05-24 12:54:14,782] {dag.py:2919} INFO - Setting next_dagrun for example_branch_datetime_operator_2 to 2022-05-23T00:00:00+00:00, run_after=2022-05-24T00:00:00+00:00
[2022-05-24 12:54:14,817] {processor.py:161} INFO - Processing /home/airflow/.local/lib/python3.7/site-packages/airflow/example_dags/example_branch_datetime_operator.py took 0.186 seconds
[2022-05-24 12:54:45,949] {processor.py:153} INFO - Started process (PID=1448) to work on /home/airflow/.local/lib/python3.7/site-packages/airflow/example_dags/example_branch_datetime_operator.py
[2022-05-24 12:54:45,954] {processor.py:641} INFO - Processing file /home/airflow/.local/lib/python3.7/site-packages/airflow/example_dags/example_branch_datetime_operator.py for tasks to queue
[2022-05-24 12:54:45,962] {logging_mixin.py:115} INFO - [2022-05-24 12:54:45,962] {dagbag.py:507} INFO - Filling up the DagBag from /home/airflow/.local/lib/python3.7/site-packages/airflow/example_dags/example_branch_datetime_operator.py
[2022-05-24 12:54:45,987] {processor.py:651} INFO - DAG(s) dict_keys(['example_branch_datetime_operator_2']) retrieved from /home/airflow/.local/lib/python3.7/site-packages/airflow/example_dags/example_branch_datetime_operator.py
[2022-05-24 12:54:46,051] {logging_mixin.py:115} INFO - [2022-05-24 12:54:46,051] {dag.py:2371} INFO - Sync 1 DAGs
[2022-05-24 12:54:46,100] {logging_mixin.py:115} INFO - [2022-05-24 12:54:46,100] {dag.py:2919} INFO - Setting next_dagrun for example_branch_datetime_operator_2 to 2022-05-23T00:00:00+00:00, run_after=2022-05-24T00:00:00+00:00
[2022-05-24 12:54:46,124] {processor.py:161} INFO - Processing /home/airflow/.local/lib/python3.7/site-packages/airflow/example_dags/example_branch_datetime_operator.py took 0.189 seconds
[2022-05-24 12:55:17,234] {processor.py:153} INFO - Started process (PID=1515) to work on /home/airflow/.local/lib/python3.7/site-packages/airflow/example_dags/example_branch_datetime_operator.py
[2022-05-24 12:55:17,237] {processor.py:641} INFO - Processing file /home/airflow/.local/lib/python3.7/site-packages/airflow/example_dags/example_branch_datetime_operator.py for tasks to queue
[2022-05-24 12:55:17,242] {logging_mixin.py:115} INFO - [2022-05-24 12:55:17,241] {dagbag.py:507} INFO - Filling up the DagBag from /home/airflow/.local/lib/python3.7/site-packages/airflow/example_dags/example_branch_datetime_operator.py
[2022-05-24 12:55:17,261] {processor.py:651} INFO - DAG(s) dict_keys(['example_branch_datetime_operator_2']) retrieved from /home/airflow/.local/lib/python3.7/site-packages/airflow/example_dags/example_branch_datetime_operator.py
[2022-05-24 12:55:17,340] {logging_mixin.py:115} INFO - [2022-05-24 12:55:17,339] {dag.py:2371} INFO - Sync 1 DAGs
[2022-05-24 12:55:17,416] {logging_mixin.py:115} INFO - [2022-05-24 12:55:17,416] {dag.py:2919} INFO - Setting next_dagrun for example_branch_datetime_operator_2 to 2022-05-23T00:00:00+00:00, run_after=2022-05-24T00:00:00+00:00
[2022-05-24 12:55:17,486] {processor.py:161} INFO - Processing /home/airflow/.local/lib/python3.7/site-packages/airflow/example_dags/example_branch_datetime_operator.py took 0.264 seconds
