[2022-05-24 12:42:14,785] {processor.py:153} INFO - Started process (PID=77) to work on /home/airflow/.local/lib/python3.7/site-packages/airflow/example_dags/example_python_operator.py
[2022-05-24 12:42:14,797] {processor.py:641} INFO - Processing file /home/airflow/.local/lib/python3.7/site-packages/airflow/example_dags/example_python_operator.py for tasks to queue
[2022-05-24 12:42:14,809] {logging_mixin.py:115} INFO - [2022-05-24 12:42:14,809] {dagbag.py:507} INFO - Filling up the DagBag from /home/airflow/.local/lib/python3.7/site-packages/airflow/example_dags/example_python_operator.py
[2022-05-24 12:42:15,083] {processor.py:651} INFO - DAG(s) dict_keys(['example_python_operator']) retrieved from /home/airflow/.local/lib/python3.7/site-packages/airflow/example_dags/example_python_operator.py
[2022-05-24 12:42:16,027] {logging_mixin.py:115} INFO - [2022-05-24 12:42:16,026] {dag.py:2371} INFO - Sync 1 DAGs
[2022-05-24 12:42:18,868] {logging_mixin.py:115} INFO - [2022-05-24 12:42:18,868] {dag.py:2919} INFO - Setting next_dagrun for example_python_operator to None, run_after=None
[2022-05-24 12:42:19,102] {processor.py:161} INFO - Processing /home/airflow/.local/lib/python3.7/site-packages/airflow/example_dags/example_python_operator.py took 4.342 seconds
[2022-05-24 12:42:56,880] {processor.py:153} INFO - Started process (PID=133) to work on /home/airflow/.local/lib/python3.7/site-packages/airflow/example_dags/example_python_operator.py
[2022-05-24 12:42:56,883] {processor.py:641} INFO - Processing file /home/airflow/.local/lib/python3.7/site-packages/airflow/example_dags/example_python_operator.py for tasks to queue
[2022-05-24 12:42:56,888] {logging_mixin.py:115} INFO - [2022-05-24 12:42:56,887] {dagbag.py:507} INFO - Filling up the DagBag from /home/airflow/.local/lib/python3.7/site-packages/airflow/example_dags/example_python_operator.py
[2022-05-24 12:42:56,966] {processor.py:651} INFO - DAG(s) dict_keys(['example_python_operator']) retrieved from /home/airflow/.local/lib/python3.7/site-packages/airflow/example_dags/example_python_operator.py
[2022-05-24 12:42:57,061] {logging_mixin.py:115} INFO - [2022-05-24 12:42:57,061] {dag.py:2371} INFO - Sync 1 DAGs
[2022-05-24 12:42:57,298] {logging_mixin.py:115} INFO - [2022-05-24 12:42:57,298] {dag.py:2919} INFO - Setting next_dagrun for example_python_operator to None, run_after=None
[2022-05-24 12:42:57,319] {processor.py:161} INFO - Processing /home/airflow/.local/lib/python3.7/site-packages/airflow/example_dags/example_python_operator.py took 0.447 seconds
[2022-05-24 12:43:27,902] {processor.py:153} INFO - Started process (PID=188) to work on /home/airflow/.local/lib/python3.7/site-packages/airflow/example_dags/example_python_operator.py
[2022-05-24 12:43:27,905] {processor.py:641} INFO - Processing file /home/airflow/.local/lib/python3.7/site-packages/airflow/example_dags/example_python_operator.py for tasks to queue
[2022-05-24 12:43:27,907] {logging_mixin.py:115} INFO - [2022-05-24 12:43:27,907] {dagbag.py:507} INFO - Filling up the DagBag from /home/airflow/.local/lib/python3.7/site-packages/airflow/example_dags/example_python_operator.py
[2022-05-24 12:43:27,952] {processor.py:651} INFO - DAG(s) dict_keys(['example_python_operator']) retrieved from /home/airflow/.local/lib/python3.7/site-packages/airflow/example_dags/example_python_operator.py
[2022-05-24 12:43:28,014] {logging_mixin.py:115} INFO - [2022-05-24 12:43:28,014] {dag.py:2371} INFO - Sync 1 DAGs
[2022-05-24 12:43:28,219] {logging_mixin.py:115} INFO - [2022-05-24 12:43:28,219] {dag.py:2919} INFO - Setting next_dagrun for example_python_operator to None, run_after=None
[2022-05-24 12:43:28,237] {processor.py:161} INFO - Processing /home/airflow/.local/lib/python3.7/site-packages/airflow/example_dags/example_python_operator.py took 0.343 seconds
[2022-05-24 12:44:00,371] {processor.py:153} INFO - Started process (PID=243) to work on /home/airflow/.local/lib/python3.7/site-packages/airflow/example_dags/example_python_operator.py
[2022-05-24 12:44:00,377] {processor.py:641} INFO - Processing file /home/airflow/.local/lib/python3.7/site-packages/airflow/example_dags/example_python_operator.py for tasks to queue
[2022-05-24 12:44:00,388] {logging_mixin.py:115} INFO - [2022-05-24 12:44:00,388] {dagbag.py:507} INFO - Filling up the DagBag from /home/airflow/.local/lib/python3.7/site-packages/airflow/example_dags/example_python_operator.py
[2022-05-24 12:44:00,458] {processor.py:651} INFO - DAG(s) dict_keys(['example_python_operator']) retrieved from /home/airflow/.local/lib/python3.7/site-packages/airflow/example_dags/example_python_operator.py
[2022-05-24 12:44:00,727] {logging_mixin.py:115} INFO - [2022-05-24 12:44:00,727] {dag.py:2371} INFO - Sync 1 DAGs
[2022-05-24 12:44:01,470] {logging_mixin.py:115} INFO - [2022-05-24 12:44:01,469] {dag.py:2919} INFO - Setting next_dagrun for example_python_operator to None, run_after=None
[2022-05-24 12:44:01,547] {processor.py:161} INFO - Processing /home/airflow/.local/lib/python3.7/site-packages/airflow/example_dags/example_python_operator.py took 1.208 seconds
[2022-05-24 12:44:37,934] {processor.py:153} INFO - Started process (PID=306) to work on /home/airflow/.local/lib/python3.7/site-packages/airflow/example_dags/example_python_operator.py
[2022-05-24 12:44:37,940] {processor.py:641} INFO - Processing file /home/airflow/.local/lib/python3.7/site-packages/airflow/example_dags/example_python_operator.py for tasks to queue
[2022-05-24 12:44:37,948] {logging_mixin.py:115} INFO - [2022-05-24 12:44:37,948] {dagbag.py:507} INFO - Filling up the DagBag from /home/airflow/.local/lib/python3.7/site-packages/airflow/example_dags/example_python_operator.py
[2022-05-24 12:44:38,053] {processor.py:651} INFO - DAG(s) dict_keys(['example_python_operator']) retrieved from /home/airflow/.local/lib/python3.7/site-packages/airflow/example_dags/example_python_operator.py
[2022-05-24 12:44:38,145] {logging_mixin.py:115} INFO - [2022-05-24 12:44:38,145] {dag.py:2371} INFO - Sync 1 DAGs
[2022-05-24 12:44:38,908] {logging_mixin.py:115} INFO - [2022-05-24 12:44:38,908] {dag.py:2919} INFO - Setting next_dagrun for example_python_operator to None, run_after=None
[2022-05-24 12:44:39,005] {processor.py:161} INFO - Processing /home/airflow/.local/lib/python3.7/site-packages/airflow/example_dags/example_python_operator.py took 1.173 seconds
[2022-05-24 12:45:09,245] {processor.py:153} INFO - Started process (PID=361) to work on /home/airflow/.local/lib/python3.7/site-packages/airflow/example_dags/example_python_operator.py
[2022-05-24 12:45:09,249] {processor.py:641} INFO - Processing file /home/airflow/.local/lib/python3.7/site-packages/airflow/example_dags/example_python_operator.py for tasks to queue
[2022-05-24 12:45:09,251] {logging_mixin.py:115} INFO - [2022-05-24 12:45:09,251] {dagbag.py:507} INFO - Filling up the DagBag from /home/airflow/.local/lib/python3.7/site-packages/airflow/example_dags/example_python_operator.py
[2022-05-24 12:45:09,287] {processor.py:651} INFO - DAG(s) dict_keys(['example_python_operator']) retrieved from /home/airflow/.local/lib/python3.7/site-packages/airflow/example_dags/example_python_operator.py
[2022-05-24 12:45:09,357] {logging_mixin.py:115} INFO - [2022-05-24 12:45:09,357] {dag.py:2371} INFO - Sync 1 DAGs
[2022-05-24 12:45:09,585] {logging_mixin.py:115} INFO - [2022-05-24 12:45:09,584] {dag.py:2919} INFO - Setting next_dagrun for example_python_operator to None, run_after=None
[2022-05-24 12:45:09,630] {processor.py:161} INFO - Processing /home/airflow/.local/lib/python3.7/site-packages/airflow/example_dags/example_python_operator.py took 0.395 seconds
[2022-05-24 12:45:39,750] {processor.py:153} INFO - Started process (PID=416) to work on /home/airflow/.local/lib/python3.7/site-packages/airflow/example_dags/example_python_operator.py
[2022-05-24 12:45:39,755] {processor.py:641} INFO - Processing file /home/airflow/.local/lib/python3.7/site-packages/airflow/example_dags/example_python_operator.py for tasks to queue
[2022-05-24 12:45:39,758] {logging_mixin.py:115} INFO - [2022-05-24 12:45:39,758] {dagbag.py:507} INFO - Filling up the DagBag from /home/airflow/.local/lib/python3.7/site-packages/airflow/example_dags/example_python_operator.py
[2022-05-24 12:45:39,801] {processor.py:651} INFO - DAG(s) dict_keys(['example_python_operator']) retrieved from /home/airflow/.local/lib/python3.7/site-packages/airflow/example_dags/example_python_operator.py
[2022-05-24 12:45:39,849] {logging_mixin.py:115} INFO - [2022-05-24 12:45:39,849] {dag.py:2371} INFO - Sync 1 DAGs
[2022-05-24 12:45:40,049] {logging_mixin.py:115} INFO - [2022-05-24 12:45:40,049] {dag.py:2919} INFO - Setting next_dagrun for example_python_operator to None, run_after=None
[2022-05-24 12:45:40,099] {processor.py:161} INFO - Processing /home/airflow/.local/lib/python3.7/site-packages/airflow/example_dags/example_python_operator.py took 0.357 seconds
[2022-05-24 12:46:10,227] {processor.py:153} INFO - Started process (PID=473) to work on /home/airflow/.local/lib/python3.7/site-packages/airflow/example_dags/example_python_operator.py
[2022-05-24 12:46:10,230] {processor.py:641} INFO - Processing file /home/airflow/.local/lib/python3.7/site-packages/airflow/example_dags/example_python_operator.py for tasks to queue
[2022-05-24 12:46:10,232] {logging_mixin.py:115} INFO - [2022-05-24 12:46:10,231] {dagbag.py:507} INFO - Filling up the DagBag from /home/airflow/.local/lib/python3.7/site-packages/airflow/example_dags/example_python_operator.py
[2022-05-24 12:46:10,284] {processor.py:651} INFO - DAG(s) dict_keys(['example_python_operator']) retrieved from /home/airflow/.local/lib/python3.7/site-packages/airflow/example_dags/example_python_operator.py
[2022-05-24 12:46:10,328] {logging_mixin.py:115} INFO - [2022-05-24 12:46:10,328] {dag.py:2371} INFO - Sync 1 DAGs
[2022-05-24 12:46:10,525] {logging_mixin.py:115} INFO - [2022-05-24 12:46:10,525] {dag.py:2919} INFO - Setting next_dagrun for example_python_operator to None, run_after=None
[2022-05-24 12:46:10,562] {processor.py:161} INFO - Processing /home/airflow/.local/lib/python3.7/site-packages/airflow/example_dags/example_python_operator.py took 0.342 seconds
[2022-05-24 12:46:41,162] {processor.py:153} INFO - Started process (PID=538) to work on /home/airflow/.local/lib/python3.7/site-packages/airflow/example_dags/example_python_operator.py
[2022-05-24 12:46:41,166] {processor.py:641} INFO - Processing file /home/airflow/.local/lib/python3.7/site-packages/airflow/example_dags/example_python_operator.py for tasks to queue
[2022-05-24 12:46:41,168] {logging_mixin.py:115} INFO - [2022-05-24 12:46:41,168] {dagbag.py:507} INFO - Filling up the DagBag from /home/airflow/.local/lib/python3.7/site-packages/airflow/example_dags/example_python_operator.py
[2022-05-24 12:46:41,234] {processor.py:651} INFO - DAG(s) dict_keys(['example_python_operator']) retrieved from /home/airflow/.local/lib/python3.7/site-packages/airflow/example_dags/example_python_operator.py
[2022-05-24 12:46:41,352] {logging_mixin.py:115} INFO - [2022-05-24 12:46:41,352] {dag.py:2371} INFO - Sync 1 DAGs
[2022-05-24 12:46:41,974] {logging_mixin.py:115} INFO - [2022-05-24 12:46:41,974] {dag.py:2919} INFO - Setting next_dagrun for example_python_operator to None, run_after=None
[2022-05-24 12:46:42,019] {processor.py:161} INFO - Processing /home/airflow/.local/lib/python3.7/site-packages/airflow/example_dags/example_python_operator.py took 0.871 seconds
[2022-05-24 12:47:13,569] {processor.py:153} INFO - Started process (PID=593) to work on /home/airflow/.local/lib/python3.7/site-packages/airflow/example_dags/example_python_operator.py
[2022-05-24 12:47:13,571] {processor.py:641} INFO - Processing file /home/airflow/.local/lib/python3.7/site-packages/airflow/example_dags/example_python_operator.py for tasks to queue
[2022-05-24 12:47:13,573] {logging_mixin.py:115} INFO - [2022-05-24 12:47:13,573] {dagbag.py:507} INFO - Filling up the DagBag from /home/airflow/.local/lib/python3.7/site-packages/airflow/example_dags/example_python_operator.py
[2022-05-24 12:47:13,607] {processor.py:651} INFO - DAG(s) dict_keys(['example_python_operator']) retrieved from /home/airflow/.local/lib/python3.7/site-packages/airflow/example_dags/example_python_operator.py
[2022-05-24 12:47:13,965] {logging_mixin.py:115} INFO - [2022-05-24 12:47:13,965] {dag.py:2371} INFO - Sync 1 DAGs
[2022-05-24 12:47:14,032] {logging_mixin.py:115} INFO - [2022-05-24 12:47:14,032] {dag.py:2919} INFO - Setting next_dagrun for example_python_operator to None, run_after=None
[2022-05-24 12:47:14,069] {processor.py:161} INFO - Processing /home/airflow/.local/lib/python3.7/site-packages/airflow/example_dags/example_python_operator.py took 0.504 seconds
[2022-05-24 12:47:44,990] {processor.py:153} INFO - Started process (PID=648) to work on /home/airflow/.local/lib/python3.7/site-packages/airflow/example_dags/example_python_operator.py
[2022-05-24 12:47:45,002] {processor.py:641} INFO - Processing file /home/airflow/.local/lib/python3.7/site-packages/airflow/example_dags/example_python_operator.py for tasks to queue
[2022-05-24 12:47:45,011] {logging_mixin.py:115} INFO - [2022-05-24 12:47:45,010] {dagbag.py:507} INFO - Filling up the DagBag from /home/airflow/.local/lib/python3.7/site-packages/airflow/example_dags/example_python_operator.py
[2022-05-24 12:47:45,057] {processor.py:651} INFO - DAG(s) dict_keys(['example_python_operator']) retrieved from /home/airflow/.local/lib/python3.7/site-packages/airflow/example_dags/example_python_operator.py
[2022-05-24 12:47:45,368] {logging_mixin.py:115} INFO - [2022-05-24 12:47:45,368] {dag.py:2371} INFO - Sync 1 DAGs
[2022-05-24 12:47:45,415] {logging_mixin.py:115} INFO - [2022-05-24 12:47:45,415] {dag.py:2919} INFO - Setting next_dagrun for example_python_operator to None, run_after=None
[2022-05-24 12:47:45,448] {processor.py:161} INFO - Processing /home/airflow/.local/lib/python3.7/site-packages/airflow/example_dags/example_python_operator.py took 0.473 seconds
[2022-05-24 12:48:20,761] {processor.py:153} INFO - Started process (PID=713) to work on /home/airflow/.local/lib/python3.7/site-packages/airflow/example_dags/example_python_operator.py
[2022-05-24 12:48:20,780] {processor.py:641} INFO - Processing file /home/airflow/.local/lib/python3.7/site-packages/airflow/example_dags/example_python_operator.py for tasks to queue
[2022-05-24 12:48:20,785] {logging_mixin.py:115} INFO - [2022-05-24 12:48:20,784] {dagbag.py:507} INFO - Filling up the DagBag from /home/airflow/.local/lib/python3.7/site-packages/airflow/example_dags/example_python_operator.py
[2022-05-24 12:48:20,942] {processor.py:651} INFO - DAG(s) dict_keys(['example_python_operator']) retrieved from /home/airflow/.local/lib/python3.7/site-packages/airflow/example_dags/example_python_operator.py
[2022-05-24 12:48:22,088] {logging_mixin.py:115} INFO - [2022-05-24 12:48:22,088] {dag.py:2371} INFO - Sync 1 DAGs
[2022-05-24 12:48:22,229] {logging_mixin.py:115} INFO - [2022-05-24 12:48:22,228] {dag.py:2919} INFO - Setting next_dagrun for example_python_operator to None, run_after=None
[2022-05-24 12:48:22,319] {processor.py:161} INFO - Processing /home/airflow/.local/lib/python3.7/site-packages/airflow/example_dags/example_python_operator.py took 1.590 seconds
[2022-05-24 12:48:52,540] {processor.py:153} INFO - Started process (PID=769) to work on /home/airflow/.local/lib/python3.7/site-packages/airflow/example_dags/example_python_operator.py
[2022-05-24 12:48:52,542] {processor.py:641} INFO - Processing file /home/airflow/.local/lib/python3.7/site-packages/airflow/example_dags/example_python_operator.py for tasks to queue
[2022-05-24 12:48:52,549] {logging_mixin.py:115} INFO - [2022-05-24 12:48:52,549] {dagbag.py:507} INFO - Filling up the DagBag from /home/airflow/.local/lib/python3.7/site-packages/airflow/example_dags/example_python_operator.py
[2022-05-24 12:48:52,631] {processor.py:651} INFO - DAG(s) dict_keys(['example_python_operator']) retrieved from /home/airflow/.local/lib/python3.7/site-packages/airflow/example_dags/example_python_operator.py
[2022-05-24 12:48:52,851] {logging_mixin.py:115} INFO - [2022-05-24 12:48:52,851] {dag.py:2371} INFO - Sync 1 DAGs
[2022-05-24 12:48:52,887] {logging_mixin.py:115} INFO - [2022-05-24 12:48:52,886] {dag.py:2919} INFO - Setting next_dagrun for example_python_operator to None, run_after=None
[2022-05-24 12:48:52,909] {processor.py:161} INFO - Processing /home/airflow/.local/lib/python3.7/site-packages/airflow/example_dags/example_python_operator.py took 0.375 seconds
[2022-05-24 12:49:23,280] {processor.py:153} INFO - Started process (PID=835) to work on /home/airflow/.local/lib/python3.7/site-packages/airflow/example_dags/example_python_operator.py
[2022-05-24 12:49:23,287] {processor.py:641} INFO - Processing file /home/airflow/.local/lib/python3.7/site-packages/airflow/example_dags/example_python_operator.py for tasks to queue
[2022-05-24 12:49:23,290] {logging_mixin.py:115} INFO - [2022-05-24 12:49:23,289] {dagbag.py:507} INFO - Filling up the DagBag from /home/airflow/.local/lib/python3.7/site-packages/airflow/example_dags/example_python_operator.py
[2022-05-24 12:49:23,386] {processor.py:651} INFO - DAG(s) dict_keys(['example_python_operator']) retrieved from /home/airflow/.local/lib/python3.7/site-packages/airflow/example_dags/example_python_operator.py
[2022-05-24 12:49:23,705] {logging_mixin.py:115} INFO - [2022-05-24 12:49:23,705] {dag.py:2371} INFO - Sync 1 DAGs
[2022-05-24 12:49:23,757] {logging_mixin.py:115} INFO - [2022-05-24 12:49:23,757] {dag.py:2919} INFO - Setting next_dagrun for example_python_operator to None, run_after=None
[2022-05-24 12:49:23,785] {processor.py:161} INFO - Processing /home/airflow/.local/lib/python3.7/site-packages/airflow/example_dags/example_python_operator.py took 0.511 seconds
[2022-05-24 12:49:53,958] {processor.py:153} INFO - Started process (PID=889) to work on /home/airflow/.local/lib/python3.7/site-packages/airflow/example_dags/example_python_operator.py
[2022-05-24 12:49:53,961] {processor.py:641} INFO - Processing file /home/airflow/.local/lib/python3.7/site-packages/airflow/example_dags/example_python_operator.py for tasks to queue
[2022-05-24 12:49:53,963] {logging_mixin.py:115} INFO - [2022-05-24 12:49:53,963] {dagbag.py:507} INFO - Filling up the DagBag from /home/airflow/.local/lib/python3.7/site-packages/airflow/example_dags/example_python_operator.py
[2022-05-24 12:49:53,994] {processor.py:651} INFO - DAG(s) dict_keys(['example_python_operator']) retrieved from /home/airflow/.local/lib/python3.7/site-packages/airflow/example_dags/example_python_operator.py
[2022-05-24 12:49:54,218] {logging_mixin.py:115} INFO - [2022-05-24 12:49:54,218] {dag.py:2371} INFO - Sync 1 DAGs
[2022-05-24 12:49:54,246] {logging_mixin.py:115} INFO - [2022-05-24 12:49:54,246] {dag.py:2919} INFO - Setting next_dagrun for example_python_operator to None, run_after=None
[2022-05-24 12:49:54,263] {processor.py:161} INFO - Processing /home/airflow/.local/lib/python3.7/site-packages/airflow/example_dags/example_python_operator.py took 0.314 seconds
[2022-05-24 12:50:24,818] {processor.py:153} INFO - Started process (PID=954) to work on /home/airflow/.local/lib/python3.7/site-packages/airflow/example_dags/example_python_operator.py
[2022-05-24 12:50:24,825] {processor.py:641} INFO - Processing file /home/airflow/.local/lib/python3.7/site-packages/airflow/example_dags/example_python_operator.py for tasks to queue
[2022-05-24 12:50:24,831] {logging_mixin.py:115} INFO - [2022-05-24 12:50:24,831] {dagbag.py:507} INFO - Filling up the DagBag from /home/airflow/.local/lib/python3.7/site-packages/airflow/example_dags/example_python_operator.py
[2022-05-24 12:50:25,009] {processor.py:651} INFO - DAG(s) dict_keys(['example_python_operator']) retrieved from /home/airflow/.local/lib/python3.7/site-packages/airflow/example_dags/example_python_operator.py
[2022-05-24 12:50:25,660] {logging_mixin.py:115} INFO - [2022-05-24 12:50:25,660] {dag.py:2371} INFO - Sync 1 DAGs
[2022-05-24 12:50:25,774] {logging_mixin.py:115} INFO - [2022-05-24 12:50:25,774] {dag.py:2919} INFO - Setting next_dagrun for example_python_operator to None, run_after=None
[2022-05-24 12:50:25,846] {processor.py:161} INFO - Processing /home/airflow/.local/lib/python3.7/site-packages/airflow/example_dags/example_python_operator.py took 1.060 seconds
[2022-05-24 12:50:56,523] {processor.py:153} INFO - Started process (PID=1010) to work on /home/airflow/.local/lib/python3.7/site-packages/airflow/example_dags/example_python_operator.py
[2022-05-24 12:50:56,525] {processor.py:641} INFO - Processing file /home/airflow/.local/lib/python3.7/site-packages/airflow/example_dags/example_python_operator.py for tasks to queue
[2022-05-24 12:50:56,527] {logging_mixin.py:115} INFO - [2022-05-24 12:50:56,526] {dagbag.py:507} INFO - Filling up the DagBag from /home/airflow/.local/lib/python3.7/site-packages/airflow/example_dags/example_python_operator.py
[2022-05-24 12:50:56,559] {processor.py:651} INFO - DAG(s) dict_keys(['example_python_operator']) retrieved from /home/airflow/.local/lib/python3.7/site-packages/airflow/example_dags/example_python_operator.py
[2022-05-24 12:50:56,774] {logging_mixin.py:115} INFO - [2022-05-24 12:50:56,774] {dag.py:2371} INFO - Sync 1 DAGs
[2022-05-24 12:50:56,806] {logging_mixin.py:115} INFO - [2022-05-24 12:50:56,806] {dag.py:2919} INFO - Setting next_dagrun for example_python_operator to None, run_after=None
[2022-05-24 12:50:56,828] {processor.py:161} INFO - Processing /home/airflow/.local/lib/python3.7/site-packages/airflow/example_dags/example_python_operator.py took 0.309 seconds
[2022-05-24 12:51:27,063] {processor.py:153} INFO - Started process (PID=1065) to work on /home/airflow/.local/lib/python3.7/site-packages/airflow/example_dags/example_python_operator.py
[2022-05-24 12:51:27,075] {processor.py:641} INFO - Processing file /home/airflow/.local/lib/python3.7/site-packages/airflow/example_dags/example_python_operator.py for tasks to queue
[2022-05-24 12:51:27,081] {logging_mixin.py:115} INFO - [2022-05-24 12:51:27,081] {dagbag.py:507} INFO - Filling up the DagBag from /home/airflow/.local/lib/python3.7/site-packages/airflow/example_dags/example_python_operator.py
[2022-05-24 12:51:27,274] {processor.py:651} INFO - DAG(s) dict_keys(['example_python_operator']) retrieved from /home/airflow/.local/lib/python3.7/site-packages/airflow/example_dags/example_python_operator.py
[2022-05-24 12:51:27,786] {logging_mixin.py:115} INFO - [2022-05-24 12:51:27,786] {dag.py:2371} INFO - Sync 1 DAGs
[2022-05-24 12:51:27,824] {logging_mixin.py:115} INFO - [2022-05-24 12:51:27,824] {dag.py:2919} INFO - Setting next_dagrun for example_python_operator to None, run_after=None
[2022-05-24 12:51:27,851] {processor.py:161} INFO - Processing /home/airflow/.local/lib/python3.7/site-packages/airflow/example_dags/example_python_operator.py took 0.796 seconds
[2022-05-24 12:51:58,041] {processor.py:153} INFO - Started process (PID=1129) to work on /home/airflow/.local/lib/python3.7/site-packages/airflow/example_dags/example_python_operator.py
[2022-05-24 12:51:58,048] {processor.py:641} INFO - Processing file /home/airflow/.local/lib/python3.7/site-packages/airflow/example_dags/example_python_operator.py for tasks to queue
[2022-05-24 12:51:58,052] {logging_mixin.py:115} INFO - [2022-05-24 12:51:58,051] {dagbag.py:507} INFO - Filling up the DagBag from /home/airflow/.local/lib/python3.7/site-packages/airflow/example_dags/example_python_operator.py
[2022-05-24 12:51:58,161] {processor.py:651} INFO - DAG(s) dict_keys(['example_python_operator']) retrieved from /home/airflow/.local/lib/python3.7/site-packages/airflow/example_dags/example_python_operator.py
[2022-05-24 12:51:58,612] {logging_mixin.py:115} INFO - [2022-05-24 12:51:58,612] {dag.py:2371} INFO - Sync 1 DAGs
[2022-05-24 12:51:58,655] {logging_mixin.py:115} INFO - [2022-05-24 12:51:58,655] {dag.py:2919} INFO - Setting next_dagrun for example_python_operator to None, run_after=None
[2022-05-24 12:51:58,691] {processor.py:161} INFO - Processing /home/airflow/.local/lib/python3.7/site-packages/airflow/example_dags/example_python_operator.py took 0.654 seconds
[2022-05-24 12:52:29,287] {processor.py:153} INFO - Started process (PID=1184) to work on /home/airflow/.local/lib/python3.7/site-packages/airflow/example_dags/example_python_operator.py
[2022-05-24 12:52:29,290] {processor.py:641} INFO - Processing file /home/airflow/.local/lib/python3.7/site-packages/airflow/example_dags/example_python_operator.py for tasks to queue
[2022-05-24 12:52:29,296] {logging_mixin.py:115} INFO - [2022-05-24 12:52:29,295] {dagbag.py:507} INFO - Filling up the DagBag from /home/airflow/.local/lib/python3.7/site-packages/airflow/example_dags/example_python_operator.py
[2022-05-24 12:52:29,341] {processor.py:651} INFO - DAG(s) dict_keys(['example_python_operator']) retrieved from /home/airflow/.local/lib/python3.7/site-packages/airflow/example_dags/example_python_operator.py
[2022-05-24 12:52:29,399] {logging_mixin.py:115} INFO - [2022-05-24 12:52:29,399] {dag.py:2371} INFO - Sync 1 DAGs
[2022-05-24 12:52:29,446] {logging_mixin.py:115} INFO - [2022-05-24 12:52:29,445] {dag.py:2919} INFO - Setting next_dagrun for example_python_operator to None, run_after=None
[2022-05-24 12:52:29,476] {processor.py:161} INFO - Processing /home/airflow/.local/lib/python3.7/site-packages/airflow/example_dags/example_python_operator.py took 0.198 seconds
[2022-05-24 12:52:59,636] {processor.py:153} INFO - Started process (PID=1238) to work on /home/airflow/.local/lib/python3.7/site-packages/airflow/example_dags/example_python_operator.py
[2022-05-24 12:52:59,651] {processor.py:641} INFO - Processing file /home/airflow/.local/lib/python3.7/site-packages/airflow/example_dags/example_python_operator.py for tasks to queue
[2022-05-24 12:52:59,655] {logging_mixin.py:115} INFO - [2022-05-24 12:52:59,655] {dagbag.py:507} INFO - Filling up the DagBag from /home/airflow/.local/lib/python3.7/site-packages/airflow/example_dags/example_python_operator.py
[2022-05-24 12:52:59,849] {processor.py:651} INFO - DAG(s) dict_keys(['example_python_operator']) retrieved from /home/airflow/.local/lib/python3.7/site-packages/airflow/example_dags/example_python_operator.py
[2022-05-24 12:53:00,022] {logging_mixin.py:115} INFO - [2022-05-24 12:53:00,022] {dag.py:2371} INFO - Sync 1 DAGs
[2022-05-24 12:53:00,195] {logging_mixin.py:115} INFO - [2022-05-24 12:53:00,194] {dag.py:2919} INFO - Setting next_dagrun for example_python_operator to None, run_after=None
[2022-05-24 12:53:00,268] {processor.py:161} INFO - Processing /home/airflow/.local/lib/python3.7/site-packages/airflow/example_dags/example_python_operator.py took 0.649 seconds
[2022-05-24 12:53:31,153] {processor.py:153} INFO - Started process (PID=1304) to work on /home/airflow/.local/lib/python3.7/site-packages/airflow/example_dags/example_python_operator.py
[2022-05-24 12:53:31,157] {processor.py:641} INFO - Processing file /home/airflow/.local/lib/python3.7/site-packages/airflow/example_dags/example_python_operator.py for tasks to queue
[2022-05-24 12:53:31,160] {logging_mixin.py:115} INFO - [2022-05-24 12:53:31,160] {dagbag.py:507} INFO - Filling up the DagBag from /home/airflow/.local/lib/python3.7/site-packages/airflow/example_dags/example_python_operator.py
[2022-05-24 12:53:31,253] {processor.py:651} INFO - DAG(s) dict_keys(['example_python_operator']) retrieved from /home/airflow/.local/lib/python3.7/site-packages/airflow/example_dags/example_python_operator.py
[2022-05-24 12:53:31,485] {logging_mixin.py:115} INFO - [2022-05-24 12:53:31,485] {dag.py:2371} INFO - Sync 1 DAGs
[2022-05-24 12:53:31,621] {logging_mixin.py:115} INFO - [2022-05-24 12:53:31,621] {dag.py:2919} INFO - Setting next_dagrun for example_python_operator to None, run_after=None
[2022-05-24 12:53:31,692] {processor.py:161} INFO - Processing /home/airflow/.local/lib/python3.7/site-packages/airflow/example_dags/example_python_operator.py took 0.556 seconds
[2022-05-24 12:54:02,668] {processor.py:153} INFO - Started process (PID=1359) to work on /home/airflow/.local/lib/python3.7/site-packages/airflow/example_dags/example_python_operator.py
[2022-05-24 12:54:02,670] {processor.py:641} INFO - Processing file /home/airflow/.local/lib/python3.7/site-packages/airflow/example_dags/example_python_operator.py for tasks to queue
[2022-05-24 12:54:02,673] {logging_mixin.py:115} INFO - [2022-05-24 12:54:02,673] {dagbag.py:507} INFO - Filling up the DagBag from /home/airflow/.local/lib/python3.7/site-packages/airflow/example_dags/example_python_operator.py
[2022-05-24 12:54:02,769] {processor.py:651} INFO - DAG(s) dict_keys(['example_python_operator']) retrieved from /home/airflow/.local/lib/python3.7/site-packages/airflow/example_dags/example_python_operator.py
[2022-05-24 12:54:02,947] {logging_mixin.py:115} INFO - [2022-05-24 12:54:02,947] {dag.py:2371} INFO - Sync 1 DAGs
[2022-05-24 12:54:03,008] {logging_mixin.py:115} INFO - [2022-05-24 12:54:03,008] {dag.py:2919} INFO - Setting next_dagrun for example_python_operator to None, run_after=None
[2022-05-24 12:54:03,072] {processor.py:161} INFO - Processing /home/airflow/.local/lib/python3.7/site-packages/airflow/example_dags/example_python_operator.py took 0.409 seconds
[2022-05-24 12:54:33,295] {processor.py:153} INFO - Started process (PID=1418) to work on /home/airflow/.local/lib/python3.7/site-packages/airflow/example_dags/example_python_operator.py
[2022-05-24 12:54:33,298] {processor.py:641} INFO - Processing file /home/airflow/.local/lib/python3.7/site-packages/airflow/example_dags/example_python_operator.py for tasks to queue
[2022-05-24 12:54:33,299] {logging_mixin.py:115} INFO - [2022-05-24 12:54:33,299] {dagbag.py:507} INFO - Filling up the DagBag from /home/airflow/.local/lib/python3.7/site-packages/airflow/example_dags/example_python_operator.py
[2022-05-24 12:54:33,341] {processor.py:651} INFO - DAG(s) dict_keys(['example_python_operator']) retrieved from /home/airflow/.local/lib/python3.7/site-packages/airflow/example_dags/example_python_operator.py
[2022-05-24 12:54:33,396] {logging_mixin.py:115} INFO - [2022-05-24 12:54:33,396] {dag.py:2371} INFO - Sync 1 DAGs
[2022-05-24 12:54:33,433] {logging_mixin.py:115} INFO - [2022-05-24 12:54:33,433] {dag.py:2919} INFO - Setting next_dagrun for example_python_operator to None, run_after=None
[2022-05-24 12:54:33,457] {processor.py:161} INFO - Processing /home/airflow/.local/lib/python3.7/site-packages/airflow/example_dags/example_python_operator.py took 0.171 seconds
[2022-05-24 12:55:03,646] {processor.py:153} INFO - Started process (PID=1485) to work on /home/airflow/.local/lib/python3.7/site-packages/airflow/example_dags/example_python_operator.py
[2022-05-24 12:55:03,648] {processor.py:641} INFO - Processing file /home/airflow/.local/lib/python3.7/site-packages/airflow/example_dags/example_python_operator.py for tasks to queue
[2022-05-24 12:55:03,652] {logging_mixin.py:115} INFO - [2022-05-24 12:55:03,652] {dagbag.py:507} INFO - Filling up the DagBag from /home/airflow/.local/lib/python3.7/site-packages/airflow/example_dags/example_python_operator.py
[2022-05-24 12:55:03,696] {processor.py:651} INFO - DAG(s) dict_keys(['example_python_operator']) retrieved from /home/airflow/.local/lib/python3.7/site-packages/airflow/example_dags/example_python_operator.py
[2022-05-24 12:55:03,732] {logging_mixin.py:115} INFO - [2022-05-24 12:55:03,732] {dag.py:2371} INFO - Sync 1 DAGs
[2022-05-24 12:55:03,763] {logging_mixin.py:115} INFO - [2022-05-24 12:55:03,763] {dag.py:2919} INFO - Setting next_dagrun for example_python_operator to None, run_after=None
[2022-05-24 12:55:03,786] {processor.py:161} INFO - Processing /home/airflow/.local/lib/python3.7/site-packages/airflow/example_dags/example_python_operator.py took 0.151 seconds
[2022-05-24 12:55:34,200] {processor.py:153} INFO - Started process (PID=1540) to work on /home/airflow/.local/lib/python3.7/site-packages/airflow/example_dags/example_python_operator.py
[2022-05-24 12:55:34,207] {processor.py:641} INFO - Processing file /home/airflow/.local/lib/python3.7/site-packages/airflow/example_dags/example_python_operator.py for tasks to queue
[2022-05-24 12:55:34,210] {logging_mixin.py:115} INFO - [2022-05-24 12:55:34,210] {dagbag.py:507} INFO - Filling up the DagBag from /home/airflow/.local/lib/python3.7/site-packages/airflow/example_dags/example_python_operator.py
[2022-05-24 12:55:34,309] {processor.py:651} INFO - DAG(s) dict_keys(['example_python_operator']) retrieved from /home/airflow/.local/lib/python3.7/site-packages/airflow/example_dags/example_python_operator.py
[2022-05-24 12:55:34,401] {logging_mixin.py:115} INFO - [2022-05-24 12:55:34,401] {dag.py:2371} INFO - Sync 1 DAGs
[2022-05-24 12:55:34,484] {logging_mixin.py:115} INFO - [2022-05-24 12:55:34,484] {dag.py:2919} INFO - Setting next_dagrun for example_python_operator to None, run_after=None
[2022-05-24 12:55:34,516] {processor.py:161} INFO - Processing /home/airflow/.local/lib/python3.7/site-packages/airflow/example_dags/example_python_operator.py took 0.334 seconds
