[2022-05-24 12:42:07,374] {processor.py:153} INFO - Started process (PID=65) to work on /home/airflow/.local/lib/python3.7/site-packages/airflow/example_dags/example_kubernetes_executor.py
[2022-05-24 12:42:07,386] {processor.py:641} INFO - Processing file /home/airflow/.local/lib/python3.7/site-packages/airflow/example_dags/example_kubernetes_executor.py for tasks to queue
[2022-05-24 12:42:07,411] {logging_mixin.py:115} INFO - [2022-05-24 12:42:07,410] {dagbag.py:507} INFO - Filling up the DagBag from /home/airflow/.local/lib/python3.7/site-packages/airflow/example_dags/example_kubernetes_executor.py
[2022-05-24 12:42:07,986] {processor.py:651} INFO - DAG(s) dict_keys(['example_kubernetes_executor']) retrieved from /home/airflow/.local/lib/python3.7/site-packages/airflow/example_dags/example_kubernetes_executor.py
[2022-05-24 12:42:13,471] {logging_mixin.py:115} INFO - [2022-05-24 12:42:13,471] {dag.py:2371} INFO - Sync 1 DAGs
[2022-05-24 12:42:13,723] {logging_mixin.py:115} INFO - [2022-05-24 12:42:13,723] {dag.py:2919} INFO - Setting next_dagrun for example_kubernetes_executor to None, run_after=None
[2022-05-24 12:42:14,226] {processor.py:161} INFO - Processing /home/airflow/.local/lib/python3.7/site-packages/airflow/example_dags/example_kubernetes_executor.py took 6.896 seconds
[2022-05-24 12:42:56,402] {processor.py:153} INFO - Started process (PID=130) to work on /home/airflow/.local/lib/python3.7/site-packages/airflow/example_dags/example_kubernetes_executor.py
[2022-05-24 12:42:56,405] {processor.py:641} INFO - Processing file /home/airflow/.local/lib/python3.7/site-packages/airflow/example_dags/example_kubernetes_executor.py for tasks to queue
[2022-05-24 12:42:56,407] {logging_mixin.py:115} INFO - [2022-05-24 12:42:56,407] {dagbag.py:507} INFO - Filling up the DagBag from /home/airflow/.local/lib/python3.7/site-packages/airflow/example_dags/example_kubernetes_executor.py
[2022-05-24 12:42:56,471] {processor.py:651} INFO - DAG(s) dict_keys(['example_kubernetes_executor']) retrieved from /home/airflow/.local/lib/python3.7/site-packages/airflow/example_dags/example_kubernetes_executor.py
[2022-05-24 12:42:56,697] {logging_mixin.py:115} INFO - [2022-05-24 12:42:56,697] {dag.py:2371} INFO - Sync 1 DAGs
[2022-05-24 12:42:56,731] {logging_mixin.py:115} INFO - [2022-05-24 12:42:56,731] {dag.py:2919} INFO - Setting next_dagrun for example_kubernetes_executor to None, run_after=None
[2022-05-24 12:42:56,752] {processor.py:161} INFO - Processing /home/airflow/.local/lib/python3.7/site-packages/airflow/example_dags/example_kubernetes_executor.py took 0.357 seconds
[2022-05-24 12:43:27,123] {processor.py:153} INFO - Started process (PID=185) to work on /home/airflow/.local/lib/python3.7/site-packages/airflow/example_dags/example_kubernetes_executor.py
[2022-05-24 12:43:27,127] {processor.py:641} INFO - Processing file /home/airflow/.local/lib/python3.7/site-packages/airflow/example_dags/example_kubernetes_executor.py for tasks to queue
[2022-05-24 12:43:27,131] {logging_mixin.py:115} INFO - [2022-05-24 12:43:27,130] {dagbag.py:507} INFO - Filling up the DagBag from /home/airflow/.local/lib/python3.7/site-packages/airflow/example_dags/example_kubernetes_executor.py
[2022-05-24 12:43:27,185] {processor.py:651} INFO - DAG(s) dict_keys(['example_kubernetes_executor']) retrieved from /home/airflow/.local/lib/python3.7/site-packages/airflow/example_dags/example_kubernetes_executor.py
[2022-05-24 12:43:27,403] {logging_mixin.py:115} INFO - [2022-05-24 12:43:27,403] {dag.py:2371} INFO - Sync 1 DAGs
[2022-05-24 12:43:27,451] {logging_mixin.py:115} INFO - [2022-05-24 12:43:27,451] {dag.py:2919} INFO - Setting next_dagrun for example_kubernetes_executor to None, run_after=None
[2022-05-24 12:43:27,470] {processor.py:161} INFO - Processing /home/airflow/.local/lib/python3.7/site-packages/airflow/example_dags/example_kubernetes_executor.py took 0.357 seconds
[2022-05-24 12:43:58,836] {processor.py:153} INFO - Started process (PID=240) to work on /home/airflow/.local/lib/python3.7/site-packages/airflow/example_dags/example_kubernetes_executor.py
[2022-05-24 12:43:58,852] {processor.py:641} INFO - Processing file /home/airflow/.local/lib/python3.7/site-packages/airflow/example_dags/example_kubernetes_executor.py for tasks to queue
[2022-05-24 12:43:58,856] {logging_mixin.py:115} INFO - [2022-05-24 12:43:58,855] {dagbag.py:507} INFO - Filling up the DagBag from /home/airflow/.local/lib/python3.7/site-packages/airflow/example_dags/example_kubernetes_executor.py
[2022-05-24 12:43:58,990] {processor.py:651} INFO - DAG(s) dict_keys(['example_kubernetes_executor']) retrieved from /home/airflow/.local/lib/python3.7/site-packages/airflow/example_dags/example_kubernetes_executor.py
[2022-05-24 12:43:59,547] {logging_mixin.py:115} INFO - [2022-05-24 12:43:59,547] {dag.py:2371} INFO - Sync 1 DAGs
[2022-05-24 12:43:59,600] {logging_mixin.py:115} INFO - [2022-05-24 12:43:59,600] {dag.py:2919} INFO - Setting next_dagrun for example_kubernetes_executor to None, run_after=None
[2022-05-24 12:43:59,634] {processor.py:161} INFO - Processing /home/airflow/.local/lib/python3.7/site-packages/airflow/example_dags/example_kubernetes_executor.py took 0.808 seconds
[2022-05-24 12:44:35,299] {processor.py:153} INFO - Started process (PID=303) to work on /home/airflow/.local/lib/python3.7/site-packages/airflow/example_dags/example_kubernetes_executor.py
[2022-05-24 12:44:35,302] {processor.py:641} INFO - Processing file /home/airflow/.local/lib/python3.7/site-packages/airflow/example_dags/example_kubernetes_executor.py for tasks to queue
[2022-05-24 12:44:35,304] {logging_mixin.py:115} INFO - [2022-05-24 12:44:35,303] {dagbag.py:507} INFO - Filling up the DagBag from /home/airflow/.local/lib/python3.7/site-packages/airflow/example_dags/example_kubernetes_executor.py
[2022-05-24 12:44:35,345] {processor.py:651} INFO - DAG(s) dict_keys(['example_kubernetes_executor']) retrieved from /home/airflow/.local/lib/python3.7/site-packages/airflow/example_dags/example_kubernetes_executor.py
[2022-05-24 12:44:36,120] {logging_mixin.py:115} INFO - [2022-05-24 12:44:36,120] {dag.py:2371} INFO - Sync 1 DAGs
[2022-05-24 12:44:36,243] {logging_mixin.py:115} INFO - [2022-05-24 12:44:36,243] {dag.py:2919} INFO - Setting next_dagrun for example_kubernetes_executor to None, run_after=None
[2022-05-24 12:44:36,314] {processor.py:161} INFO - Processing /home/airflow/.local/lib/python3.7/site-packages/airflow/example_dags/example_kubernetes_executor.py took 1.019 seconds
[2022-05-24 12:45:06,831] {processor.py:153} INFO - Started process (PID=358) to work on /home/airflow/.local/lib/python3.7/site-packages/airflow/example_dags/example_kubernetes_executor.py
[2022-05-24 12:45:06,834] {processor.py:641} INFO - Processing file /home/airflow/.local/lib/python3.7/site-packages/airflow/example_dags/example_kubernetes_executor.py for tasks to queue
[2022-05-24 12:45:06,837] {logging_mixin.py:115} INFO - [2022-05-24 12:45:06,836] {dagbag.py:507} INFO - Filling up the DagBag from /home/airflow/.local/lib/python3.7/site-packages/airflow/example_dags/example_kubernetes_executor.py
[2022-05-24 12:45:06,892] {processor.py:651} INFO - DAG(s) dict_keys(['example_kubernetes_executor']) retrieved from /home/airflow/.local/lib/python3.7/site-packages/airflow/example_dags/example_kubernetes_executor.py
[2022-05-24 12:45:07,124] {logging_mixin.py:115} INFO - [2022-05-24 12:45:07,124] {dag.py:2371} INFO - Sync 1 DAGs
[2022-05-24 12:45:07,150] {logging_mixin.py:115} INFO - [2022-05-24 12:45:07,150] {dag.py:2919} INFO - Setting next_dagrun for example_kubernetes_executor to None, run_after=None
[2022-05-24 12:45:07,169] {processor.py:161} INFO - Processing /home/airflow/.local/lib/python3.7/site-packages/airflow/example_dags/example_kubernetes_executor.py took 0.355 seconds
[2022-05-24 12:45:37,703] {processor.py:153} INFO - Started process (PID=413) to work on /home/airflow/.local/lib/python3.7/site-packages/airflow/example_dags/example_kubernetes_executor.py
[2022-05-24 12:45:37,707] {processor.py:641} INFO - Processing file /home/airflow/.local/lib/python3.7/site-packages/airflow/example_dags/example_kubernetes_executor.py for tasks to queue
[2022-05-24 12:45:37,712] {logging_mixin.py:115} INFO - [2022-05-24 12:45:37,712] {dagbag.py:507} INFO - Filling up the DagBag from /home/airflow/.local/lib/python3.7/site-packages/airflow/example_dags/example_kubernetes_executor.py
[2022-05-24 12:45:37,770] {processor.py:651} INFO - DAG(s) dict_keys(['example_kubernetes_executor']) retrieved from /home/airflow/.local/lib/python3.7/site-packages/airflow/example_dags/example_kubernetes_executor.py
[2022-05-24 12:45:38,086] {logging_mixin.py:115} INFO - [2022-05-24 12:45:38,086] {dag.py:2371} INFO - Sync 1 DAGs
[2022-05-24 12:45:38,124] {logging_mixin.py:115} INFO - [2022-05-24 12:45:38,123] {dag.py:2919} INFO - Setting next_dagrun for example_kubernetes_executor to None, run_after=None
[2022-05-24 12:45:38,144] {processor.py:161} INFO - Processing /home/airflow/.local/lib/python3.7/site-packages/airflow/example_dags/example_kubernetes_executor.py took 0.446 seconds
[2022-05-24 12:46:08,302] {processor.py:153} INFO - Started process (PID=469) to work on /home/airflow/.local/lib/python3.7/site-packages/airflow/example_dags/example_kubernetes_executor.py
[2022-05-24 12:46:08,306] {processor.py:641} INFO - Processing file /home/airflow/.local/lib/python3.7/site-packages/airflow/example_dags/example_kubernetes_executor.py for tasks to queue
[2022-05-24 12:46:08,308] {logging_mixin.py:115} INFO - [2022-05-24 12:46:08,308] {dagbag.py:507} INFO - Filling up the DagBag from /home/airflow/.local/lib/python3.7/site-packages/airflow/example_dags/example_kubernetes_executor.py
[2022-05-24 12:46:08,347] {processor.py:651} INFO - DAG(s) dict_keys(['example_kubernetes_executor']) retrieved from /home/airflow/.local/lib/python3.7/site-packages/airflow/example_dags/example_kubernetes_executor.py
[2022-05-24 12:46:08,581] {logging_mixin.py:115} INFO - [2022-05-24 12:46:08,581] {dag.py:2371} INFO - Sync 1 DAGs
[2022-05-24 12:46:08,613] {logging_mixin.py:115} INFO - [2022-05-24 12:46:08,613] {dag.py:2919} INFO - Setting next_dagrun for example_kubernetes_executor to None, run_after=None
[2022-05-24 12:46:08,632] {processor.py:161} INFO - Processing /home/airflow/.local/lib/python3.7/site-packages/airflow/example_dags/example_kubernetes_executor.py took 0.337 seconds
[2022-05-24 12:46:38,824] {processor.py:153} INFO - Started process (PID=533) to work on /home/airflow/.local/lib/python3.7/site-packages/airflow/example_dags/example_kubernetes_executor.py
[2022-05-24 12:46:38,831] {processor.py:641} INFO - Processing file /home/airflow/.local/lib/python3.7/site-packages/airflow/example_dags/example_kubernetes_executor.py for tasks to queue
[2022-05-24 12:46:38,834] {logging_mixin.py:115} INFO - [2022-05-24 12:46:38,834] {dagbag.py:507} INFO - Filling up the DagBag from /home/airflow/.local/lib/python3.7/site-packages/airflow/example_dags/example_kubernetes_executor.py
[2022-05-24 12:46:38,936] {processor.py:651} INFO - DAG(s) dict_keys(['example_kubernetes_executor']) retrieved from /home/airflow/.local/lib/python3.7/site-packages/airflow/example_dags/example_kubernetes_executor.py
[2022-05-24 12:46:39,396] {logging_mixin.py:115} INFO - [2022-05-24 12:46:39,395] {dag.py:2371} INFO - Sync 1 DAGs
[2022-05-24 12:46:39,441] {logging_mixin.py:115} INFO - [2022-05-24 12:46:39,441] {dag.py:2919} INFO - Setting next_dagrun for example_kubernetes_executor to None, run_after=None
[2022-05-24 12:46:39,472] {processor.py:161} INFO - Processing /home/airflow/.local/lib/python3.7/site-packages/airflow/example_dags/example_kubernetes_executor.py took 0.660 seconds
[2022-05-24 12:47:09,881] {processor.py:153} INFO - Started process (PID=588) to work on /home/airflow/.local/lib/python3.7/site-packages/airflow/example_dags/example_kubernetes_executor.py
[2022-05-24 12:47:09,890] {processor.py:641} INFO - Processing file /home/airflow/.local/lib/python3.7/site-packages/airflow/example_dags/example_kubernetes_executor.py for tasks to queue
[2022-05-24 12:47:09,907] {logging_mixin.py:115} INFO - [2022-05-24 12:47:09,907] {dagbag.py:507} INFO - Filling up the DagBag from /home/airflow/.local/lib/python3.7/site-packages/airflow/example_dags/example_kubernetes_executor.py
[2022-05-24 12:47:10,124] {processor.py:651} INFO - DAG(s) dict_keys(['example_kubernetes_executor']) retrieved from /home/airflow/.local/lib/python3.7/site-packages/airflow/example_dags/example_kubernetes_executor.py
[2022-05-24 12:47:11,341] {logging_mixin.py:115} INFO - [2022-05-24 12:47:11,341] {dag.py:2371} INFO - Sync 1 DAGs
[2022-05-24 12:47:11,675] {logging_mixin.py:115} INFO - [2022-05-24 12:47:11,675] {dag.py:2919} INFO - Setting next_dagrun for example_kubernetes_executor to None, run_after=None
[2022-05-24 12:47:11,733] {processor.py:161} INFO - Processing /home/airflow/.local/lib/python3.7/site-packages/airflow/example_dags/example_kubernetes_executor.py took 1.887 seconds
[2022-05-24 12:47:42,328] {processor.py:153} INFO - Started process (PID=643) to work on /home/airflow/.local/lib/python3.7/site-packages/airflow/example_dags/example_kubernetes_executor.py
[2022-05-24 12:47:42,334] {processor.py:641} INFO - Processing file /home/airflow/.local/lib/python3.7/site-packages/airflow/example_dags/example_kubernetes_executor.py for tasks to queue
[2022-05-24 12:47:42,338] {logging_mixin.py:115} INFO - [2022-05-24 12:47:42,337] {dagbag.py:507} INFO - Filling up the DagBag from /home/airflow/.local/lib/python3.7/site-packages/airflow/example_dags/example_kubernetes_executor.py
[2022-05-24 12:47:42,430] {processor.py:651} INFO - DAG(s) dict_keys(['example_kubernetes_executor']) retrieved from /home/airflow/.local/lib/python3.7/site-packages/airflow/example_dags/example_kubernetes_executor.py
[2022-05-24 12:47:43,298] {logging_mixin.py:115} INFO - [2022-05-24 12:47:43,298] {dag.py:2371} INFO - Sync 1 DAGs
[2022-05-24 12:47:43,386] {logging_mixin.py:115} INFO - [2022-05-24 12:47:43,386] {dag.py:2919} INFO - Setting next_dagrun for example_kubernetes_executor to None, run_after=None
[2022-05-24 12:47:43,436] {processor.py:161} INFO - Processing /home/airflow/.local/lib/python3.7/site-packages/airflow/example_dags/example_kubernetes_executor.py took 1.123 seconds
[2022-05-24 12:48:14,670] {processor.py:153} INFO - Started process (PID=706) to work on /home/airflow/.local/lib/python3.7/site-packages/airflow/example_dags/example_kubernetes_executor.py
[2022-05-24 12:48:14,676] {processor.py:641} INFO - Processing file /home/airflow/.local/lib/python3.7/site-packages/airflow/example_dags/example_kubernetes_executor.py for tasks to queue
[2022-05-24 12:48:14,681] {logging_mixin.py:115} INFO - [2022-05-24 12:48:14,680] {dagbag.py:507} INFO - Filling up the DagBag from /home/airflow/.local/lib/python3.7/site-packages/airflow/example_dags/example_kubernetes_executor.py
[2022-05-24 12:48:15,234] {processor.py:651} INFO - DAG(s) dict_keys(['example_kubernetes_executor']) retrieved from /home/airflow/.local/lib/python3.7/site-packages/airflow/example_dags/example_kubernetes_executor.py
[2022-05-24 12:48:18,518] {logging_mixin.py:115} INFO - [2022-05-24 12:48:18,518] {dag.py:2371} INFO - Sync 1 DAGs
[2022-05-24 12:48:18,614] {logging_mixin.py:115} INFO - [2022-05-24 12:48:18,614] {dag.py:2919} INFO - Setting next_dagrun for example_kubernetes_executor to None, run_after=None
[2022-05-24 12:48:18,641] {processor.py:161} INFO - Processing /home/airflow/.local/lib/python3.7/site-packages/airflow/example_dags/example_kubernetes_executor.py took 3.997 seconds
[2022-05-24 12:48:48,727] {processor.py:153} INFO - Started process (PID=764) to work on /home/airflow/.local/lib/python3.7/site-packages/airflow/example_dags/example_kubernetes_executor.py
[2022-05-24 12:48:48,728] {processor.py:641} INFO - Processing file /home/airflow/.local/lib/python3.7/site-packages/airflow/example_dags/example_kubernetes_executor.py for tasks to queue
[2022-05-24 12:48:48,731] {logging_mixin.py:115} INFO - [2022-05-24 12:48:48,730] {dagbag.py:507} INFO - Filling up the DagBag from /home/airflow/.local/lib/python3.7/site-packages/airflow/example_dags/example_kubernetes_executor.py
[2022-05-24 12:48:48,779] {processor.py:651} INFO - DAG(s) dict_keys(['example_kubernetes_executor']) retrieved from /home/airflow/.local/lib/python3.7/site-packages/airflow/example_dags/example_kubernetes_executor.py
[2022-05-24 12:48:48,995] {logging_mixin.py:115} INFO - [2022-05-24 12:48:48,995] {dag.py:2371} INFO - Sync 1 DAGs
[2022-05-24 12:48:49,034] {logging_mixin.py:115} INFO - [2022-05-24 12:48:49,034] {dag.py:2919} INFO - Setting next_dagrun for example_kubernetes_executor to None, run_after=None
[2022-05-24 12:48:49,053] {processor.py:161} INFO - Processing /home/airflow/.local/lib/python3.7/site-packages/airflow/example_dags/example_kubernetes_executor.py took 0.334 seconds
[2022-05-24 12:49:19,734] {processor.py:153} INFO - Started process (PID=820) to work on /home/airflow/.local/lib/python3.7/site-packages/airflow/example_dags/example_kubernetes_executor.py
[2022-05-24 12:49:19,736] {processor.py:641} INFO - Processing file /home/airflow/.local/lib/python3.7/site-packages/airflow/example_dags/example_kubernetes_executor.py for tasks to queue
[2022-05-24 12:49:19,742] {logging_mixin.py:115} INFO - [2022-05-24 12:49:19,742] {dagbag.py:507} INFO - Filling up the DagBag from /home/airflow/.local/lib/python3.7/site-packages/airflow/example_dags/example_kubernetes_executor.py
[2022-05-24 12:49:19,838] {processor.py:651} INFO - DAG(s) dict_keys(['example_kubernetes_executor']) retrieved from /home/airflow/.local/lib/python3.7/site-packages/airflow/example_dags/example_kubernetes_executor.py
[2022-05-24 12:49:20,128] {logging_mixin.py:115} INFO - [2022-05-24 12:49:20,128] {dag.py:2371} INFO - Sync 1 DAGs
[2022-05-24 12:49:20,163] {logging_mixin.py:115} INFO - [2022-05-24 12:49:20,162] {dag.py:2919} INFO - Setting next_dagrun for example_kubernetes_executor to None, run_after=None
[2022-05-24 12:49:20,182] {processor.py:161} INFO - Processing /home/airflow/.local/lib/python3.7/site-packages/airflow/example_dags/example_kubernetes_executor.py took 0.455 seconds
[2022-05-24 12:49:50,919] {processor.py:153} INFO - Started process (PID=885) to work on /home/airflow/.local/lib/python3.7/site-packages/airflow/example_dags/example_kubernetes_executor.py
[2022-05-24 12:49:50,921] {processor.py:641} INFO - Processing file /home/airflow/.local/lib/python3.7/site-packages/airflow/example_dags/example_kubernetes_executor.py for tasks to queue
[2022-05-24 12:49:50,923] {logging_mixin.py:115} INFO - [2022-05-24 12:49:50,923] {dagbag.py:507} INFO - Filling up the DagBag from /home/airflow/.local/lib/python3.7/site-packages/airflow/example_dags/example_kubernetes_executor.py
[2022-05-24 12:49:50,966] {processor.py:651} INFO - DAG(s) dict_keys(['example_kubernetes_executor']) retrieved from /home/airflow/.local/lib/python3.7/site-packages/airflow/example_dags/example_kubernetes_executor.py
[2022-05-24 12:49:51,171] {logging_mixin.py:115} INFO - [2022-05-24 12:49:51,171] {dag.py:2371} INFO - Sync 1 DAGs
[2022-05-24 12:49:51,198] {logging_mixin.py:115} INFO - [2022-05-24 12:49:51,198] {dag.py:2919} INFO - Setting next_dagrun for example_kubernetes_executor to None, run_after=None
[2022-05-24 12:49:51,214] {processor.py:161} INFO - Processing /home/airflow/.local/lib/python3.7/site-packages/airflow/example_dags/example_kubernetes_executor.py took 0.301 seconds
[2022-05-24 12:50:22,297] {processor.py:153} INFO - Started process (PID=949) to work on /home/airflow/.local/lib/python3.7/site-packages/airflow/example_dags/example_kubernetes_executor.py
[2022-05-24 12:50:22,308] {processor.py:641} INFO - Processing file /home/airflow/.local/lib/python3.7/site-packages/airflow/example_dags/example_kubernetes_executor.py for tasks to queue
[2022-05-24 12:50:22,310] {logging_mixin.py:115} INFO - [2022-05-24 12:50:22,310] {dagbag.py:507} INFO - Filling up the DagBag from /home/airflow/.local/lib/python3.7/site-packages/airflow/example_dags/example_kubernetes_executor.py
[2022-05-24 12:50:22,531] {processor.py:651} INFO - DAG(s) dict_keys(['example_kubernetes_executor']) retrieved from /home/airflow/.local/lib/python3.7/site-packages/airflow/example_dags/example_kubernetes_executor.py
[2022-05-24 12:50:23,078] {logging_mixin.py:115} INFO - [2022-05-24 12:50:23,078] {dag.py:2371} INFO - Sync 1 DAGs
[2022-05-24 12:50:23,114] {logging_mixin.py:115} INFO - [2022-05-24 12:50:23,114] {dag.py:2919} INFO - Setting next_dagrun for example_kubernetes_executor to None, run_after=None
[2022-05-24 12:50:23,139] {processor.py:161} INFO - Processing /home/airflow/.local/lib/python3.7/site-packages/airflow/example_dags/example_kubernetes_executor.py took 0.847 seconds
[2022-05-24 12:50:53,776] {processor.py:153} INFO - Started process (PID=1007) to work on /home/airflow/.local/lib/python3.7/site-packages/airflow/example_dags/example_kubernetes_executor.py
[2022-05-24 12:50:53,778] {processor.py:641} INFO - Processing file /home/airflow/.local/lib/python3.7/site-packages/airflow/example_dags/example_kubernetes_executor.py for tasks to queue
[2022-05-24 12:50:53,780] {logging_mixin.py:115} INFO - [2022-05-24 12:50:53,780] {dagbag.py:507} INFO - Filling up the DagBag from /home/airflow/.local/lib/python3.7/site-packages/airflow/example_dags/example_kubernetes_executor.py
[2022-05-24 12:50:53,820] {processor.py:651} INFO - DAG(s) dict_keys(['example_kubernetes_executor']) retrieved from /home/airflow/.local/lib/python3.7/site-packages/airflow/example_dags/example_kubernetes_executor.py
[2022-05-24 12:50:54,045] {logging_mixin.py:115} INFO - [2022-05-24 12:50:54,045] {dag.py:2371} INFO - Sync 1 DAGs
[2022-05-24 12:50:54,076] {logging_mixin.py:115} INFO - [2022-05-24 12:50:54,076] {dag.py:2919} INFO - Setting next_dagrun for example_kubernetes_executor to None, run_after=None
[2022-05-24 12:50:54,098] {processor.py:161} INFO - Processing /home/airflow/.local/lib/python3.7/site-packages/airflow/example_dags/example_kubernetes_executor.py took 0.326 seconds
[2022-05-24 12:51:24,510] {processor.py:153} INFO - Started process (PID=1062) to work on /home/airflow/.local/lib/python3.7/site-packages/airflow/example_dags/example_kubernetes_executor.py
[2022-05-24 12:51:24,513] {processor.py:641} INFO - Processing file /home/airflow/.local/lib/python3.7/site-packages/airflow/example_dags/example_kubernetes_executor.py for tasks to queue
[2022-05-24 12:51:24,518] {logging_mixin.py:115} INFO - [2022-05-24 12:51:24,516] {dagbag.py:507} INFO - Filling up the DagBag from /home/airflow/.local/lib/python3.7/site-packages/airflow/example_dags/example_kubernetes_executor.py
[2022-05-24 12:51:24,691] {processor.py:651} INFO - DAG(s) dict_keys(['example_kubernetes_executor']) retrieved from /home/airflow/.local/lib/python3.7/site-packages/airflow/example_dags/example_kubernetes_executor.py
[2022-05-24 12:51:25,261] {logging_mixin.py:115} INFO - [2022-05-24 12:51:25,261] {dag.py:2371} INFO - Sync 1 DAGs
[2022-05-24 12:51:25,328] {logging_mixin.py:115} INFO - [2022-05-24 12:51:25,328] {dag.py:2919} INFO - Setting next_dagrun for example_kubernetes_executor to None, run_after=None
[2022-05-24 12:51:25,366] {processor.py:161} INFO - Processing /home/airflow/.local/lib/python3.7/site-packages/airflow/example_dags/example_kubernetes_executor.py took 0.874 seconds
[2022-05-24 12:51:55,531] {processor.py:153} INFO - Started process (PID=1117) to work on /home/airflow/.local/lib/python3.7/site-packages/airflow/example_dags/example_kubernetes_executor.py
[2022-05-24 12:51:55,534] {processor.py:641} INFO - Processing file /home/airflow/.local/lib/python3.7/site-packages/airflow/example_dags/example_kubernetes_executor.py for tasks to queue
[2022-05-24 12:51:55,537] {logging_mixin.py:115} INFO - [2022-05-24 12:51:55,536] {dagbag.py:507} INFO - Filling up the DagBag from /home/airflow/.local/lib/python3.7/site-packages/airflow/example_dags/example_kubernetes_executor.py
[2022-05-24 12:51:55,597] {processor.py:651} INFO - DAG(s) dict_keys(['example_kubernetes_executor']) retrieved from /home/airflow/.local/lib/python3.7/site-packages/airflow/example_dags/example_kubernetes_executor.py
[2022-05-24 12:51:55,915] {logging_mixin.py:115} INFO - [2022-05-24 12:51:55,915] {dag.py:2371} INFO - Sync 1 DAGs
[2022-05-24 12:51:55,989] {logging_mixin.py:115} INFO - [2022-05-24 12:51:55,989] {dag.py:2919} INFO - Setting next_dagrun for example_kubernetes_executor to None, run_after=None
[2022-05-24 12:51:56,022] {processor.py:161} INFO - Processing /home/airflow/.local/lib/python3.7/site-packages/airflow/example_dags/example_kubernetes_executor.py took 0.503 seconds
[2022-05-24 12:52:26,240] {processor.py:153} INFO - Started process (PID=1181) to work on /home/airflow/.local/lib/python3.7/site-packages/airflow/example_dags/example_kubernetes_executor.py
[2022-05-24 12:52:26,245] {processor.py:641} INFO - Processing file /home/airflow/.local/lib/python3.7/site-packages/airflow/example_dags/example_kubernetes_executor.py for tasks to queue
[2022-05-24 12:52:26,248] {logging_mixin.py:115} INFO - [2022-05-24 12:52:26,247] {dagbag.py:507} INFO - Filling up the DagBag from /home/airflow/.local/lib/python3.7/site-packages/airflow/example_dags/example_kubernetes_executor.py
[2022-05-24 12:52:26,305] {processor.py:651} INFO - DAG(s) dict_keys(['example_kubernetes_executor']) retrieved from /home/airflow/.local/lib/python3.7/site-packages/airflow/example_dags/example_kubernetes_executor.py
[2022-05-24 12:52:26,374] {logging_mixin.py:115} INFO - [2022-05-24 12:52:26,373] {dag.py:2371} INFO - Sync 1 DAGs
[2022-05-24 12:52:26,420] {logging_mixin.py:115} INFO - [2022-05-24 12:52:26,420] {dag.py:2919} INFO - Setting next_dagrun for example_kubernetes_executor to None, run_after=None
[2022-05-24 12:52:26,450] {processor.py:161} INFO - Processing /home/airflow/.local/lib/python3.7/site-packages/airflow/example_dags/example_kubernetes_executor.py took 0.214 seconds
[2022-05-24 12:52:56,826] {processor.py:153} INFO - Started process (PID=1235) to work on /home/airflow/.local/lib/python3.7/site-packages/airflow/example_dags/example_kubernetes_executor.py
[2022-05-24 12:52:56,845] {processor.py:641} INFO - Processing file /home/airflow/.local/lib/python3.7/site-packages/airflow/example_dags/example_kubernetes_executor.py for tasks to queue
[2022-05-24 12:52:56,851] {logging_mixin.py:115} INFO - [2022-05-24 12:52:56,851] {dagbag.py:507} INFO - Filling up the DagBag from /home/airflow/.local/lib/python3.7/site-packages/airflow/example_dags/example_kubernetes_executor.py
[2022-05-24 12:52:57,056] {processor.py:651} INFO - DAG(s) dict_keys(['example_kubernetes_executor']) retrieved from /home/airflow/.local/lib/python3.7/site-packages/airflow/example_dags/example_kubernetes_executor.py
[2022-05-24 12:52:57,147] {logging_mixin.py:115} INFO - [2022-05-24 12:52:57,147] {dag.py:2371} INFO - Sync 1 DAGs
[2022-05-24 12:52:57,247] {logging_mixin.py:115} INFO - [2022-05-24 12:52:57,247] {dag.py:2919} INFO - Setting next_dagrun for example_kubernetes_executor to None, run_after=None
[2022-05-24 12:52:57,270] {processor.py:161} INFO - Processing /home/airflow/.local/lib/python3.7/site-packages/airflow/example_dags/example_kubernetes_executor.py took 0.450 seconds
[2022-05-24 12:53:27,507] {processor.py:153} INFO - Started process (PID=1291) to work on /home/airflow/.local/lib/python3.7/site-packages/airflow/example_dags/example_kubernetes_executor.py
[2022-05-24 12:53:27,509] {processor.py:641} INFO - Processing file /home/airflow/.local/lib/python3.7/site-packages/airflow/example_dags/example_kubernetes_executor.py for tasks to queue
[2022-05-24 12:53:27,513] {logging_mixin.py:115} INFO - [2022-05-24 12:53:27,513] {dagbag.py:507} INFO - Filling up the DagBag from /home/airflow/.local/lib/python3.7/site-packages/airflow/example_dags/example_kubernetes_executor.py
[2022-05-24 12:53:27,684] {processor.py:651} INFO - DAG(s) dict_keys(['example_kubernetes_executor']) retrieved from /home/airflow/.local/lib/python3.7/site-packages/airflow/example_dags/example_kubernetes_executor.py
[2022-05-24 12:53:27,917] {logging_mixin.py:115} INFO - [2022-05-24 12:53:27,917] {dag.py:2371} INFO - Sync 1 DAGs
[2022-05-24 12:53:27,961] {logging_mixin.py:115} INFO - [2022-05-24 12:53:27,961] {dag.py:2919} INFO - Setting next_dagrun for example_kubernetes_executor to None, run_after=None
[2022-05-24 12:53:27,983] {processor.py:161} INFO - Processing /home/airflow/.local/lib/python3.7/site-packages/airflow/example_dags/example_kubernetes_executor.py took 0.510 seconds
[2022-05-24 12:53:58,186] {processor.py:153} INFO - Started process (PID=1356) to work on /home/airflow/.local/lib/python3.7/site-packages/airflow/example_dags/example_kubernetes_executor.py
[2022-05-24 12:53:58,196] {processor.py:641} INFO - Processing file /home/airflow/.local/lib/python3.7/site-packages/airflow/example_dags/example_kubernetes_executor.py for tasks to queue
[2022-05-24 12:53:58,198] {logging_mixin.py:115} INFO - [2022-05-24 12:53:58,198] {dagbag.py:507} INFO - Filling up the DagBag from /home/airflow/.local/lib/python3.7/site-packages/airflow/example_dags/example_kubernetes_executor.py
[2022-05-24 12:53:58,286] {processor.py:651} INFO - DAG(s) dict_keys(['example_kubernetes_executor']) retrieved from /home/airflow/.local/lib/python3.7/site-packages/airflow/example_dags/example_kubernetes_executor.py
[2022-05-24 12:53:58,350] {logging_mixin.py:115} INFO - [2022-05-24 12:53:58,350] {dag.py:2371} INFO - Sync 1 DAGs
[2022-05-24 12:53:58,403] {logging_mixin.py:115} INFO - [2022-05-24 12:53:58,403] {dag.py:2919} INFO - Setting next_dagrun for example_kubernetes_executor to None, run_after=None
[2022-05-24 12:53:58,462] {processor.py:161} INFO - Processing /home/airflow/.local/lib/python3.7/site-packages/airflow/example_dags/example_kubernetes_executor.py took 0.281 seconds
[2022-05-24 12:54:28,661] {processor.py:153} INFO - Started process (PID=1414) to work on /home/airflow/.local/lib/python3.7/site-packages/airflow/example_dags/example_kubernetes_executor.py
[2022-05-24 12:54:28,720] {processor.py:641} INFO - Processing file /home/airflow/.local/lib/python3.7/site-packages/airflow/example_dags/example_kubernetes_executor.py for tasks to queue
[2022-05-24 12:54:28,729] {logging_mixin.py:115} INFO - [2022-05-24 12:54:28,728] {dagbag.py:507} INFO - Filling up the DagBag from /home/airflow/.local/lib/python3.7/site-packages/airflow/example_dags/example_kubernetes_executor.py
[2022-05-24 12:54:29,873] {processor.py:651} INFO - DAG(s) dict_keys(['example_kubernetes_executor']) retrieved from /home/airflow/.local/lib/python3.7/site-packages/airflow/example_dags/example_kubernetes_executor.py
[2022-05-24 12:54:30,212] {logging_mixin.py:115} INFO - [2022-05-24 12:54:30,212] {dag.py:2371} INFO - Sync 1 DAGs
[2022-05-24 12:54:30,369] {logging_mixin.py:115} INFO - [2022-05-24 12:54:30,369] {dag.py:2919} INFO - Setting next_dagrun for example_kubernetes_executor to None, run_after=None
[2022-05-24 12:54:30,411] {processor.py:161} INFO - Processing /home/airflow/.local/lib/python3.7/site-packages/airflow/example_dags/example_kubernetes_executor.py took 1.756 seconds
[2022-05-24 12:55:00,758] {processor.py:153} INFO - Started process (PID=1472) to work on /home/airflow/.local/lib/python3.7/site-packages/airflow/example_dags/example_kubernetes_executor.py
[2022-05-24 12:55:00,767] {processor.py:641} INFO - Processing file /home/airflow/.local/lib/python3.7/site-packages/airflow/example_dags/example_kubernetes_executor.py for tasks to queue
[2022-05-24 12:55:00,769] {logging_mixin.py:115} INFO - [2022-05-24 12:55:00,769] {dagbag.py:507} INFO - Filling up the DagBag from /home/airflow/.local/lib/python3.7/site-packages/airflow/example_dags/example_kubernetes_executor.py
[2022-05-24 12:55:00,818] {processor.py:651} INFO - DAG(s) dict_keys(['example_kubernetes_executor']) retrieved from /home/airflow/.local/lib/python3.7/site-packages/airflow/example_dags/example_kubernetes_executor.py
[2022-05-24 12:55:00,863] {logging_mixin.py:115} INFO - [2022-05-24 12:55:00,863] {dag.py:2371} INFO - Sync 1 DAGs
[2022-05-24 12:55:00,920] {logging_mixin.py:115} INFO - [2022-05-24 12:55:00,920] {dag.py:2919} INFO - Setting next_dagrun for example_kubernetes_executor to None, run_after=None
[2022-05-24 12:55:00,950] {processor.py:161} INFO - Processing /home/airflow/.local/lib/python3.7/site-packages/airflow/example_dags/example_kubernetes_executor.py took 0.205 seconds
[2022-05-24 12:55:31,904] {processor.py:153} INFO - Started process (PID=1537) to work on /home/airflow/.local/lib/python3.7/site-packages/airflow/example_dags/example_kubernetes_executor.py
[2022-05-24 12:55:31,909] {processor.py:641} INFO - Processing file /home/airflow/.local/lib/python3.7/site-packages/airflow/example_dags/example_kubernetes_executor.py for tasks to queue
[2022-05-24 12:55:31,915] {logging_mixin.py:115} INFO - [2022-05-24 12:55:31,914] {dagbag.py:507} INFO - Filling up the DagBag from /home/airflow/.local/lib/python3.7/site-packages/airflow/example_dags/example_kubernetes_executor.py
[2022-05-24 12:55:32,016] {processor.py:651} INFO - DAG(s) dict_keys(['example_kubernetes_executor']) retrieved from /home/airflow/.local/lib/python3.7/site-packages/airflow/example_dags/example_kubernetes_executor.py
[2022-05-24 12:55:32,074] {logging_mixin.py:115} INFO - [2022-05-24 12:55:32,074] {dag.py:2371} INFO - Sync 1 DAGs
[2022-05-24 12:55:32,120] {logging_mixin.py:115} INFO - [2022-05-24 12:55:32,119] {dag.py:2919} INFO - Setting next_dagrun for example_kubernetes_executor to None, run_after=None
[2022-05-24 12:55:32,146] {processor.py:161} INFO - Processing /home/airflow/.local/lib/python3.7/site-packages/airflow/example_dags/example_kubernetes_executor.py took 0.258 seconds
