[2022-05-24 12:42:24,046] {processor.py:153} INFO - Started process (PID=80) to work on /home/airflow/.local/lib/python3.7/site-packages/airflow/example_dags/example_short_circuit_operator.py
[2022-05-24 12:42:24,057] {processor.py:641} INFO - Processing file /home/airflow/.local/lib/python3.7/site-packages/airflow/example_dags/example_short_circuit_operator.py for tasks to queue
[2022-05-24 12:42:24,060] {logging_mixin.py:115} INFO - [2022-05-24 12:42:24,060] {dagbag.py:507} INFO - Filling up the DagBag from /home/airflow/.local/lib/python3.7/site-packages/airflow/example_dags/example_short_circuit_operator.py
[2022-05-24 12:42:24,276] {processor.py:651} INFO - DAG(s) dict_keys(['example_short_circuit_operator']) retrieved from /home/airflow/.local/lib/python3.7/site-packages/airflow/example_dags/example_short_circuit_operator.py
[2022-05-24 12:42:24,662] {logging_mixin.py:115} INFO - [2022-05-24 12:42:24,661] {dag.py:2371} INFO - Sync 1 DAGs
[2022-05-24 12:42:29,085] {logging_mixin.py:115} INFO - [2022-05-24 12:42:29,072] {dag.py:2919} INFO - Setting next_dagrun for example_short_circuit_operator to 2022-05-23T12:42:29.071849+00:00, run_after=2022-05-24T12:42:29.071849+00:00
[2022-05-24 12:42:29,326] {processor.py:161} INFO - Processing /home/airflow/.local/lib/python3.7/site-packages/airflow/example_dags/example_short_circuit_operator.py took 5.293 seconds
[2022-05-24 12:43:00,167] {processor.py:153} INFO - Started process (PID=136) to work on /home/airflow/.local/lib/python3.7/site-packages/airflow/example_dags/example_short_circuit_operator.py
[2022-05-24 12:43:00,197] {processor.py:641} INFO - Processing file /home/airflow/.local/lib/python3.7/site-packages/airflow/example_dags/example_short_circuit_operator.py for tasks to queue
[2022-05-24 12:43:00,218] {logging_mixin.py:115} INFO - [2022-05-24 12:43:00,217] {dagbag.py:507} INFO - Filling up the DagBag from /home/airflow/.local/lib/python3.7/site-packages/airflow/example_dags/example_short_circuit_operator.py
[2022-05-24 12:43:00,529] {processor.py:651} INFO - DAG(s) dict_keys(['example_short_circuit_operator']) retrieved from /home/airflow/.local/lib/python3.7/site-packages/airflow/example_dags/example_short_circuit_operator.py
[2022-05-24 12:43:01,086] {logging_mixin.py:115} INFO - [2022-05-24 12:43:01,086] {dag.py:2371} INFO - Sync 1 DAGs
[2022-05-24 12:43:02,784] {logging_mixin.py:115} INFO - [2022-05-24 12:43:02,780] {dag.py:2919} INFO - Setting next_dagrun for example_short_circuit_operator to 2022-05-23T12:43:02.650862+00:00, run_after=2022-05-24T12:43:02.650862+00:00
[2022-05-24 12:43:03,105] {processor.py:161} INFO - Processing /home/airflow/.local/lib/python3.7/site-packages/airflow/example_dags/example_short_circuit_operator.py took 3.068 seconds
[2022-05-24 12:43:34,207] {processor.py:153} INFO - Started process (PID=202) to work on /home/airflow/.local/lib/python3.7/site-packages/airflow/example_dags/example_short_circuit_operator.py
[2022-05-24 12:43:34,210] {processor.py:641} INFO - Processing file /home/airflow/.local/lib/python3.7/site-packages/airflow/example_dags/example_short_circuit_operator.py for tasks to queue
[2022-05-24 12:43:34,214] {logging_mixin.py:115} INFO - [2022-05-24 12:43:34,214] {dagbag.py:507} INFO - Filling up the DagBag from /home/airflow/.local/lib/python3.7/site-packages/airflow/example_dags/example_short_circuit_operator.py
[2022-05-24 12:43:34,265] {processor.py:651} INFO - DAG(s) dict_keys(['example_short_circuit_operator']) retrieved from /home/airflow/.local/lib/python3.7/site-packages/airflow/example_dags/example_short_circuit_operator.py
[2022-05-24 12:43:34,324] {logging_mixin.py:115} INFO - [2022-05-24 12:43:34,323] {dag.py:2371} INFO - Sync 1 DAGs
[2022-05-24 12:43:34,503] {logging_mixin.py:115} INFO - [2022-05-24 12:43:34,503] {dag.py:2919} INFO - Setting next_dagrun for example_short_circuit_operator to 2022-05-23T12:43:34.503534+00:00, run_after=2022-05-24T12:43:34.503534+00:00
[2022-05-24 12:43:34,520] {processor.py:161} INFO - Processing /home/airflow/.local/lib/python3.7/site-packages/airflow/example_dags/example_short_circuit_operator.py took 0.319 seconds
[2022-05-24 12:44:04,735] {processor.py:153} INFO - Started process (PID=255) to work on /home/airflow/.local/lib/python3.7/site-packages/airflow/example_dags/example_short_circuit_operator.py
[2022-05-24 12:44:04,738] {processor.py:641} INFO - Processing file /home/airflow/.local/lib/python3.7/site-packages/airflow/example_dags/example_short_circuit_operator.py for tasks to queue
[2022-05-24 12:44:04,740] {logging_mixin.py:115} INFO - [2022-05-24 12:44:04,739] {dagbag.py:507} INFO - Filling up the DagBag from /home/airflow/.local/lib/python3.7/site-packages/airflow/example_dags/example_short_circuit_operator.py
[2022-05-24 12:44:04,763] {processor.py:651} INFO - DAG(s) dict_keys(['example_short_circuit_operator']) retrieved from /home/airflow/.local/lib/python3.7/site-packages/airflow/example_dags/example_short_circuit_operator.py
[2022-05-24 12:44:04,964] {logging_mixin.py:115} INFO - [2022-05-24 12:44:04,964] {dag.py:2371} INFO - Sync 1 DAGs
[2022-05-24 12:44:05,502] {logging_mixin.py:115} INFO - [2022-05-24 12:44:05,501] {dag.py:2919} INFO - Setting next_dagrun for example_short_circuit_operator to 2022-05-23T12:44:05.501557+00:00, run_after=2022-05-24T12:44:05.501557+00:00
[2022-05-24 12:44:05,574] {processor.py:161} INFO - Processing /home/airflow/.local/lib/python3.7/site-packages/airflow/example_dags/example_short_circuit_operator.py took 0.850 seconds
[2022-05-24 12:44:41,331] {processor.py:153} INFO - Started process (PID=309) to work on /home/airflow/.local/lib/python3.7/site-packages/airflow/example_dags/example_short_circuit_operator.py
[2022-05-24 12:44:41,334] {processor.py:641} INFO - Processing file /home/airflow/.local/lib/python3.7/site-packages/airflow/example_dags/example_short_circuit_operator.py for tasks to queue
[2022-05-24 12:44:41,336] {logging_mixin.py:115} INFO - [2022-05-24 12:44:41,335] {dagbag.py:507} INFO - Filling up the DagBag from /home/airflow/.local/lib/python3.7/site-packages/airflow/example_dags/example_short_circuit_operator.py
[2022-05-24 12:44:41,350] {processor.py:651} INFO - DAG(s) dict_keys(['example_short_circuit_operator']) retrieved from /home/airflow/.local/lib/python3.7/site-packages/airflow/example_dags/example_short_circuit_operator.py
[2022-05-24 12:44:41,394] {logging_mixin.py:115} INFO - [2022-05-24 12:44:41,394] {dag.py:2371} INFO - Sync 1 DAGs
[2022-05-24 12:44:41,794] {logging_mixin.py:115} INFO - [2022-05-24 12:44:41,794] {dag.py:2919} INFO - Setting next_dagrun for example_short_circuit_operator to 2022-05-23T12:44:41.794377+00:00, run_after=2022-05-24T12:44:41.794377+00:00
[2022-05-24 12:44:41,818] {processor.py:161} INFO - Processing /home/airflow/.local/lib/python3.7/site-packages/airflow/example_dags/example_short_circuit_operator.py took 0.492 seconds
[2022-05-24 12:45:12,199] {processor.py:153} INFO - Started process (PID=364) to work on /home/airflow/.local/lib/python3.7/site-packages/airflow/example_dags/example_short_circuit_operator.py
[2022-05-24 12:45:12,203] {processor.py:641} INFO - Processing file /home/airflow/.local/lib/python3.7/site-packages/airflow/example_dags/example_short_circuit_operator.py for tasks to queue
[2022-05-24 12:45:12,206] {logging_mixin.py:115} INFO - [2022-05-24 12:45:12,206] {dagbag.py:507} INFO - Filling up the DagBag from /home/airflow/.local/lib/python3.7/site-packages/airflow/example_dags/example_short_circuit_operator.py
[2022-05-24 12:45:12,226] {processor.py:651} INFO - DAG(s) dict_keys(['example_short_circuit_operator']) retrieved from /home/airflow/.local/lib/python3.7/site-packages/airflow/example_dags/example_short_circuit_operator.py
[2022-05-24 12:45:12,297] {logging_mixin.py:115} INFO - [2022-05-24 12:45:12,297] {dag.py:2371} INFO - Sync 1 DAGs
[2022-05-24 12:45:12,640] {logging_mixin.py:115} INFO - [2022-05-24 12:45:12,639] {dag.py:2919} INFO - Setting next_dagrun for example_short_circuit_operator to 2022-05-23T12:45:12.639679+00:00, run_after=2022-05-24T12:45:12.639679+00:00
[2022-05-24 12:45:12,663] {processor.py:161} INFO - Processing /home/airflow/.local/lib/python3.7/site-packages/airflow/example_dags/example_short_circuit_operator.py took 0.470 seconds
[2022-05-24 12:45:43,356] {processor.py:153} INFO - Started process (PID=419) to work on /home/airflow/.local/lib/python3.7/site-packages/airflow/example_dags/example_short_circuit_operator.py
[2022-05-24 12:45:43,360] {processor.py:641} INFO - Processing file /home/airflow/.local/lib/python3.7/site-packages/airflow/example_dags/example_short_circuit_operator.py for tasks to queue
[2022-05-24 12:45:43,364] {logging_mixin.py:115} INFO - [2022-05-24 12:45:43,364] {dagbag.py:507} INFO - Filling up the DagBag from /home/airflow/.local/lib/python3.7/site-packages/airflow/example_dags/example_short_circuit_operator.py
[2022-05-24 12:45:43,390] {processor.py:651} INFO - DAG(s) dict_keys(['example_short_circuit_operator']) retrieved from /home/airflow/.local/lib/python3.7/site-packages/airflow/example_dags/example_short_circuit_operator.py
[2022-05-24 12:45:43,480] {logging_mixin.py:115} INFO - [2022-05-24 12:45:43,480] {dag.py:2371} INFO - Sync 1 DAGs
[2022-05-24 12:45:43,746] {logging_mixin.py:115} INFO - [2022-05-24 12:45:43,746] {dag.py:2919} INFO - Setting next_dagrun for example_short_circuit_operator to 2022-05-23T12:45:43.745838+00:00, run_after=2022-05-24T12:45:43.745838+00:00
[2022-05-24 12:45:43,778] {processor.py:161} INFO - Processing /home/airflow/.local/lib/python3.7/site-packages/airflow/example_dags/example_short_circuit_operator.py took 0.428 seconds
[2022-05-24 12:46:15,531] {processor.py:153} INFO - Started process (PID=486) to work on /home/airflow/.local/lib/python3.7/site-packages/airflow/example_dags/example_short_circuit_operator.py
[2022-05-24 12:46:15,534] {processor.py:641} INFO - Processing file /home/airflow/.local/lib/python3.7/site-packages/airflow/example_dags/example_short_circuit_operator.py for tasks to queue
[2022-05-24 12:46:15,537] {logging_mixin.py:115} INFO - [2022-05-24 12:46:15,536] {dagbag.py:507} INFO - Filling up the DagBag from /home/airflow/.local/lib/python3.7/site-packages/airflow/example_dags/example_short_circuit_operator.py
[2022-05-24 12:46:15,576] {processor.py:651} INFO - DAG(s) dict_keys(['example_short_circuit_operator']) retrieved from /home/airflow/.local/lib/python3.7/site-packages/airflow/example_dags/example_short_circuit_operator.py
[2022-05-24 12:46:15,655] {logging_mixin.py:115} INFO - [2022-05-24 12:46:15,654] {dag.py:2371} INFO - Sync 1 DAGs
[2022-05-24 12:46:16,470] {logging_mixin.py:115} INFO - [2022-05-24 12:46:16,469] {dag.py:2919} INFO - Setting next_dagrun for example_short_circuit_operator to 2022-05-23T12:46:16.469072+00:00, run_after=2022-05-24T12:46:16.469072+00:00
[2022-05-24 12:46:16,584] {processor.py:161} INFO - Processing /home/airflow/.local/lib/python3.7/site-packages/airflow/example_dags/example_short_circuit_operator.py took 1.066 seconds
[2022-05-24 12:46:46,856] {processor.py:153} INFO - Started process (PID=541) to work on /home/airflow/.local/lib/python3.7/site-packages/airflow/example_dags/example_short_circuit_operator.py
[2022-05-24 12:46:46,859] {processor.py:641} INFO - Processing file /home/airflow/.local/lib/python3.7/site-packages/airflow/example_dags/example_short_circuit_operator.py for tasks to queue
[2022-05-24 12:46:46,865] {logging_mixin.py:115} INFO - [2022-05-24 12:46:46,865] {dagbag.py:507} INFO - Filling up the DagBag from /home/airflow/.local/lib/python3.7/site-packages/airflow/example_dags/example_short_circuit_operator.py
[2022-05-24 12:46:46,888] {processor.py:651} INFO - DAG(s) dict_keys(['example_short_circuit_operator']) retrieved from /home/airflow/.local/lib/python3.7/site-packages/airflow/example_dags/example_short_circuit_operator.py
[2022-05-24 12:46:46,936] {logging_mixin.py:115} INFO - [2022-05-24 12:46:46,936] {dag.py:2371} INFO - Sync 1 DAGs
[2022-05-24 12:46:47,208] {logging_mixin.py:115} INFO - [2022-05-24 12:46:47,208] {dag.py:2919} INFO - Setting next_dagrun for example_short_circuit_operator to 2022-05-23T12:46:47.207751+00:00, run_after=2022-05-24T12:46:47.207751+00:00
[2022-05-24 12:46:47,238] {processor.py:161} INFO - Processing /home/airflow/.local/lib/python3.7/site-packages/airflow/example_dags/example_short_circuit_operator.py took 0.386 seconds
[2022-05-24 12:47:18,376] {processor.py:153} INFO - Started process (PID=596) to work on /home/airflow/.local/lib/python3.7/site-packages/airflow/example_dags/example_short_circuit_operator.py
[2022-05-24 12:47:18,384] {processor.py:641} INFO - Processing file /home/airflow/.local/lib/python3.7/site-packages/airflow/example_dags/example_short_circuit_operator.py for tasks to queue
[2022-05-24 12:47:18,388] {logging_mixin.py:115} INFO - [2022-05-24 12:47:18,388] {dagbag.py:507} INFO - Filling up the DagBag from /home/airflow/.local/lib/python3.7/site-packages/airflow/example_dags/example_short_circuit_operator.py
[2022-05-24 12:47:18,451] {processor.py:651} INFO - DAG(s) dict_keys(['example_short_circuit_operator']) retrieved from /home/airflow/.local/lib/python3.7/site-packages/airflow/example_dags/example_short_circuit_operator.py
[2022-05-24 12:47:18,621] {logging_mixin.py:115} INFO - [2022-05-24 12:47:18,621] {dag.py:2371} INFO - Sync 1 DAGs
[2022-05-24 12:47:19,176] {logging_mixin.py:115} INFO - [2022-05-24 12:47:19,176] {dag.py:2919} INFO - Setting next_dagrun for example_short_circuit_operator to 2022-05-23T12:47:19.175744+00:00, run_after=2022-05-24T12:47:19.175744+00:00
[2022-05-24 12:47:19,199] {processor.py:161} INFO - Processing /home/airflow/.local/lib/python3.7/site-packages/airflow/example_dags/example_short_circuit_operator.py took 0.846 seconds
[2022-05-24 12:47:49,892] {processor.py:153} INFO - Started process (PID=660) to work on /home/airflow/.local/lib/python3.7/site-packages/airflow/example_dags/example_short_circuit_operator.py
[2022-05-24 12:47:49,899] {processor.py:641} INFO - Processing file /home/airflow/.local/lib/python3.7/site-packages/airflow/example_dags/example_short_circuit_operator.py for tasks to queue
[2022-05-24 12:47:49,903] {logging_mixin.py:115} INFO - [2022-05-24 12:47:49,902] {dagbag.py:507} INFO - Filling up the DagBag from /home/airflow/.local/lib/python3.7/site-packages/airflow/example_dags/example_short_circuit_operator.py
[2022-05-24 12:47:49,923] {processor.py:651} INFO - DAG(s) dict_keys(['example_short_circuit_operator']) retrieved from /home/airflow/.local/lib/python3.7/site-packages/airflow/example_dags/example_short_circuit_operator.py
[2022-05-24 12:47:49,980] {logging_mixin.py:115} INFO - [2022-05-24 12:47:49,979] {dag.py:2371} INFO - Sync 1 DAGs
[2022-05-24 12:47:50,230] {logging_mixin.py:115} INFO - [2022-05-24 12:47:50,230] {dag.py:2919} INFO - Setting next_dagrun for example_short_circuit_operator to 2022-05-23T12:47:50.230280+00:00, run_after=2022-05-24T12:47:50.230280+00:00
[2022-05-24 12:47:50,268] {processor.py:161} INFO - Processing /home/airflow/.local/lib/python3.7/site-packages/airflow/example_dags/example_short_circuit_operator.py took 0.380 seconds
[2022-05-24 12:48:23,021] {processor.py:153} INFO - Started process (PID=716) to work on /home/airflow/.local/lib/python3.7/site-packages/airflow/example_dags/example_short_circuit_operator.py
[2022-05-24 12:48:23,029] {processor.py:641} INFO - Processing file /home/airflow/.local/lib/python3.7/site-packages/airflow/example_dags/example_short_circuit_operator.py for tasks to queue
[2022-05-24 12:48:23,033] {logging_mixin.py:115} INFO - [2022-05-24 12:48:23,033] {dagbag.py:507} INFO - Filling up the DagBag from /home/airflow/.local/lib/python3.7/site-packages/airflow/example_dags/example_short_circuit_operator.py
[2022-05-24 12:48:23,158] {processor.py:651} INFO - DAG(s) dict_keys(['example_short_circuit_operator']) retrieved from /home/airflow/.local/lib/python3.7/site-packages/airflow/example_dags/example_short_circuit_operator.py
[2022-05-24 12:48:23,278] {logging_mixin.py:115} INFO - [2022-05-24 12:48:23,278] {dag.py:2371} INFO - Sync 1 DAGs
[2022-05-24 12:48:23,900] {logging_mixin.py:115} INFO - [2022-05-24 12:48:23,900] {dag.py:2919} INFO - Setting next_dagrun for example_short_circuit_operator to 2022-05-23T12:48:23.900440+00:00, run_after=2022-05-24T12:48:23.900440+00:00
[2022-05-24 12:48:23,965] {processor.py:161} INFO - Processing /home/airflow/.local/lib/python3.7/site-packages/airflow/example_dags/example_short_circuit_operator.py took 0.976 seconds
[2022-05-24 12:48:54,994] {processor.py:153} INFO - Started process (PID=781) to work on /home/airflow/.local/lib/python3.7/site-packages/airflow/example_dags/example_short_circuit_operator.py
[2022-05-24 12:48:55,000] {processor.py:641} INFO - Processing file /home/airflow/.local/lib/python3.7/site-packages/airflow/example_dags/example_short_circuit_operator.py for tasks to queue
[2022-05-24 12:48:55,002] {logging_mixin.py:115} INFO - [2022-05-24 12:48:55,002] {dagbag.py:507} INFO - Filling up the DagBag from /home/airflow/.local/lib/python3.7/site-packages/airflow/example_dags/example_short_circuit_operator.py
[2022-05-24 12:48:55,040] {processor.py:651} INFO - DAG(s) dict_keys(['example_short_circuit_operator']) retrieved from /home/airflow/.local/lib/python3.7/site-packages/airflow/example_dags/example_short_circuit_operator.py
[2022-05-24 12:48:55,164] {logging_mixin.py:115} INFO - [2022-05-24 12:48:55,164] {dag.py:2371} INFO - Sync 1 DAGs
[2022-05-24 12:48:55,643] {logging_mixin.py:115} INFO - [2022-05-24 12:48:55,643] {dag.py:2919} INFO - Setting next_dagrun for example_short_circuit_operator to 2022-05-23T12:48:55.643521+00:00, run_after=2022-05-24T12:48:55.643521+00:00
[2022-05-24 12:48:55,701] {processor.py:161} INFO - Processing /home/airflow/.local/lib/python3.7/site-packages/airflow/example_dags/example_short_circuit_operator.py took 0.712 seconds
[2022-05-24 12:49:25,877] {processor.py:153} INFO - Started process (PID=838) to work on /home/airflow/.local/lib/python3.7/site-packages/airflow/example_dags/example_short_circuit_operator.py
[2022-05-24 12:49:25,880] {processor.py:641} INFO - Processing file /home/airflow/.local/lib/python3.7/site-packages/airflow/example_dags/example_short_circuit_operator.py for tasks to queue
[2022-05-24 12:49:25,883] {logging_mixin.py:115} INFO - [2022-05-24 12:49:25,882] {dagbag.py:507} INFO - Filling up the DagBag from /home/airflow/.local/lib/python3.7/site-packages/airflow/example_dags/example_short_circuit_operator.py
[2022-05-24 12:49:25,902] {processor.py:651} INFO - DAG(s) dict_keys(['example_short_circuit_operator']) retrieved from /home/airflow/.local/lib/python3.7/site-packages/airflow/example_dags/example_short_circuit_operator.py
[2022-05-24 12:49:25,954] {logging_mixin.py:115} INFO - [2022-05-24 12:49:25,954] {dag.py:2371} INFO - Sync 1 DAGs
[2022-05-24 12:49:26,168] {logging_mixin.py:115} INFO - [2022-05-24 12:49:26,168] {dag.py:2919} INFO - Setting next_dagrun for example_short_circuit_operator to 2022-05-23T12:49:26.168073+00:00, run_after=2022-05-24T12:49:26.168073+00:00
[2022-05-24 12:49:26,191] {processor.py:161} INFO - Processing /home/airflow/.local/lib/python3.7/site-packages/airflow/example_dags/example_short_circuit_operator.py took 0.318 seconds
[2022-05-24 12:49:56,727] {processor.py:153} INFO - Started process (PID=893) to work on /home/airflow/.local/lib/python3.7/site-packages/airflow/example_dags/example_short_circuit_operator.py
[2022-05-24 12:49:56,730] {processor.py:641} INFO - Processing file /home/airflow/.local/lib/python3.7/site-packages/airflow/example_dags/example_short_circuit_operator.py for tasks to queue
[2022-05-24 12:49:56,732] {logging_mixin.py:115} INFO - [2022-05-24 12:49:56,731] {dagbag.py:507} INFO - Filling up the DagBag from /home/airflow/.local/lib/python3.7/site-packages/airflow/example_dags/example_short_circuit_operator.py
[2022-05-24 12:49:56,774] {processor.py:651} INFO - DAG(s) dict_keys(['example_short_circuit_operator']) retrieved from /home/airflow/.local/lib/python3.7/site-packages/airflow/example_dags/example_short_circuit_operator.py
[2022-05-24 12:49:56,830] {logging_mixin.py:115} INFO - [2022-05-24 12:49:56,829] {dag.py:2371} INFO - Sync 1 DAGs
[2022-05-24 12:49:57,023] {logging_mixin.py:115} INFO - [2022-05-24 12:49:57,023] {dag.py:2919} INFO - Setting next_dagrun for example_short_circuit_operator to 2022-05-23T12:49:57.023429+00:00, run_after=2022-05-24T12:49:57.023429+00:00
[2022-05-24 12:49:57,054] {processor.py:161} INFO - Processing /home/airflow/.local/lib/python3.7/site-packages/airflow/example_dags/example_short_circuit_operator.py took 0.333 seconds
[2022-05-24 12:50:27,355] {processor.py:153} INFO - Started process (PID=959) to work on /home/airflow/.local/lib/python3.7/site-packages/airflow/example_dags/example_short_circuit_operator.py
[2022-05-24 12:50:27,358] {processor.py:641} INFO - Processing file /home/airflow/.local/lib/python3.7/site-packages/airflow/example_dags/example_short_circuit_operator.py for tasks to queue
[2022-05-24 12:50:27,359] {logging_mixin.py:115} INFO - [2022-05-24 12:50:27,359] {dagbag.py:507} INFO - Filling up the DagBag from /home/airflow/.local/lib/python3.7/site-packages/airflow/example_dags/example_short_circuit_operator.py
[2022-05-24 12:50:27,373] {processor.py:651} INFO - DAG(s) dict_keys(['example_short_circuit_operator']) retrieved from /home/airflow/.local/lib/python3.7/site-packages/airflow/example_dags/example_short_circuit_operator.py
[2022-05-24 12:50:27,446] {logging_mixin.py:115} INFO - [2022-05-24 12:50:27,446] {dag.py:2371} INFO - Sync 1 DAGs
[2022-05-24 12:50:27,701] {logging_mixin.py:115} INFO - [2022-05-24 12:50:27,701] {dag.py:2919} INFO - Setting next_dagrun for example_short_circuit_operator to 2022-05-23T12:50:27.700705+00:00, run_after=2022-05-24T12:50:27.700705+00:00
[2022-05-24 12:50:27,741] {processor.py:161} INFO - Processing /home/airflow/.local/lib/python3.7/site-packages/airflow/example_dags/example_short_circuit_operator.py took 0.387 seconds
[2022-05-24 12:50:58,577] {processor.py:153} INFO - Started process (PID=1015) to work on /home/airflow/.local/lib/python3.7/site-packages/airflow/example_dags/example_short_circuit_operator.py
[2022-05-24 12:50:58,584] {processor.py:641} INFO - Processing file /home/airflow/.local/lib/python3.7/site-packages/airflow/example_dags/example_short_circuit_operator.py for tasks to queue
[2022-05-24 12:50:58,590] {logging_mixin.py:115} INFO - [2022-05-24 12:50:58,588] {dagbag.py:507} INFO - Filling up the DagBag from /home/airflow/.local/lib/python3.7/site-packages/airflow/example_dags/example_short_circuit_operator.py
[2022-05-24 12:50:58,615] {processor.py:651} INFO - DAG(s) dict_keys(['example_short_circuit_operator']) retrieved from /home/airflow/.local/lib/python3.7/site-packages/airflow/example_dags/example_short_circuit_operator.py
[2022-05-24 12:50:58,717] {logging_mixin.py:115} INFO - [2022-05-24 12:50:58,717] {dag.py:2371} INFO - Sync 1 DAGs
[2022-05-24 12:50:59,211] {logging_mixin.py:115} INFO - [2022-05-24 12:50:59,211] {dag.py:2919} INFO - Setting next_dagrun for example_short_circuit_operator to 2022-05-23T12:50:59.210984+00:00, run_after=2022-05-24T12:50:59.210984+00:00
[2022-05-24 12:50:59,259] {processor.py:161} INFO - Processing /home/airflow/.local/lib/python3.7/site-packages/airflow/example_dags/example_short_circuit_operator.py took 0.697 seconds
[2022-05-24 12:51:29,531] {processor.py:153} INFO - Started process (PID=1068) to work on /home/airflow/.local/lib/python3.7/site-packages/airflow/example_dags/example_short_circuit_operator.py
[2022-05-24 12:51:29,539] {processor.py:641} INFO - Processing file /home/airflow/.local/lib/python3.7/site-packages/airflow/example_dags/example_short_circuit_operator.py for tasks to queue
[2022-05-24 12:51:29,547] {logging_mixin.py:115} INFO - [2022-05-24 12:51:29,547] {dagbag.py:507} INFO - Filling up the DagBag from /home/airflow/.local/lib/python3.7/site-packages/airflow/example_dags/example_short_circuit_operator.py
[2022-05-24 12:51:29,596] {processor.py:651} INFO - DAG(s) dict_keys(['example_short_circuit_operator']) retrieved from /home/airflow/.local/lib/python3.7/site-packages/airflow/example_dags/example_short_circuit_operator.py
[2022-05-24 12:51:29,734] {logging_mixin.py:115} INFO - [2022-05-24 12:51:29,734] {dag.py:2371} INFO - Sync 1 DAGs
[2022-05-24 12:51:30,240] {logging_mixin.py:115} INFO - [2022-05-24 12:51:30,240] {dag.py:2919} INFO - Setting next_dagrun for example_short_circuit_operator to 2022-05-23T12:51:30.239642+00:00, run_after=2022-05-24T12:51:30.239642+00:00
[2022-05-24 12:51:30,326] {processor.py:161} INFO - Processing /home/airflow/.local/lib/python3.7/site-packages/airflow/example_dags/example_short_circuit_operator.py took 0.807 seconds
[2022-05-24 12:52:00,785] {processor.py:153} INFO - Started process (PID=1132) to work on /home/airflow/.local/lib/python3.7/site-packages/airflow/example_dags/example_short_circuit_operator.py
[2022-05-24 12:52:00,789] {processor.py:641} INFO - Processing file /home/airflow/.local/lib/python3.7/site-packages/airflow/example_dags/example_short_circuit_operator.py for tasks to queue
[2022-05-24 12:52:00,797] {logging_mixin.py:115} INFO - [2022-05-24 12:52:00,796] {dagbag.py:507} INFO - Filling up the DagBag from /home/airflow/.local/lib/python3.7/site-packages/airflow/example_dags/example_short_circuit_operator.py
[2022-05-24 12:52:00,821] {processor.py:651} INFO - DAG(s) dict_keys(['example_short_circuit_operator']) retrieved from /home/airflow/.local/lib/python3.7/site-packages/airflow/example_dags/example_short_circuit_operator.py
[2022-05-24 12:52:00,862] {logging_mixin.py:115} INFO - [2022-05-24 12:52:00,862] {dag.py:2371} INFO - Sync 1 DAGs
[2022-05-24 12:52:00,899] {logging_mixin.py:115} INFO - [2022-05-24 12:52:00,899] {dag.py:2919} INFO - Setting next_dagrun for example_short_circuit_operator to 2022-05-23T12:52:00.898641+00:00, run_after=2022-05-24T12:52:00.898641+00:00
[2022-05-24 12:52:00,919] {processor.py:161} INFO - Processing /home/airflow/.local/lib/python3.7/site-packages/airflow/example_dags/example_short_circuit_operator.py took 0.139 seconds
[2022-05-24 12:52:31,579] {processor.py:153} INFO - Started process (PID=1187) to work on /home/airflow/.local/lib/python3.7/site-packages/airflow/example_dags/example_short_circuit_operator.py
[2022-05-24 12:52:31,586] {processor.py:641} INFO - Processing file /home/airflow/.local/lib/python3.7/site-packages/airflow/example_dags/example_short_circuit_operator.py for tasks to queue
[2022-05-24 12:52:31,590] {logging_mixin.py:115} INFO - [2022-05-24 12:52:31,590] {dagbag.py:507} INFO - Filling up the DagBag from /home/airflow/.local/lib/python3.7/site-packages/airflow/example_dags/example_short_circuit_operator.py
[2022-05-24 12:52:31,613] {processor.py:651} INFO - DAG(s) dict_keys(['example_short_circuit_operator']) retrieved from /home/airflow/.local/lib/python3.7/site-packages/airflow/example_dags/example_short_circuit_operator.py
[2022-05-24 12:52:31,661] {logging_mixin.py:115} INFO - [2022-05-24 12:52:31,661] {dag.py:2371} INFO - Sync 1 DAGs
[2022-05-24 12:52:31,705] {logging_mixin.py:115} INFO - [2022-05-24 12:52:31,705] {dag.py:2919} INFO - Setting next_dagrun for example_short_circuit_operator to 2022-05-23T12:52:31.704998+00:00, run_after=2022-05-24T12:52:31.704998+00:00
[2022-05-24 12:52:31,744] {processor.py:161} INFO - Processing /home/airflow/.local/lib/python3.7/site-packages/airflow/example_dags/example_short_circuit_operator.py took 0.170 seconds
[2022-05-24 12:53:02,609] {processor.py:153} INFO - Started process (PID=1248) to work on /home/airflow/.local/lib/python3.7/site-packages/airflow/example_dags/example_short_circuit_operator.py
[2022-05-24 12:53:02,618] {processor.py:641} INFO - Processing file /home/airflow/.local/lib/python3.7/site-packages/airflow/example_dags/example_short_circuit_operator.py for tasks to queue
[2022-05-24 12:53:02,622] {logging_mixin.py:115} INFO - [2022-05-24 12:53:02,622] {dagbag.py:507} INFO - Filling up the DagBag from /home/airflow/.local/lib/python3.7/site-packages/airflow/example_dags/example_short_circuit_operator.py
[2022-05-24 12:53:02,707] {processor.py:651} INFO - DAG(s) dict_keys(['example_short_circuit_operator']) retrieved from /home/airflow/.local/lib/python3.7/site-packages/airflow/example_dags/example_short_circuit_operator.py
[2022-05-24 12:53:02,935] {logging_mixin.py:115} INFO - [2022-05-24 12:53:02,934] {dag.py:2371} INFO - Sync 1 DAGs
[2022-05-24 12:53:03,008] {logging_mixin.py:115} INFO - [2022-05-24 12:53:03,008] {dag.py:2919} INFO - Setting next_dagrun for example_short_circuit_operator to 2022-05-23T12:53:03.007587+00:00, run_after=2022-05-24T12:53:03.007587+00:00
[2022-05-24 12:53:03,141] {processor.py:161} INFO - Processing /home/airflow/.local/lib/python3.7/site-packages/airflow/example_dags/example_short_circuit_operator.py took 0.558 seconds
[2022-05-24 12:53:33,809] {processor.py:153} INFO - Started process (PID=1307) to work on /home/airflow/.local/lib/python3.7/site-packages/airflow/example_dags/example_short_circuit_operator.py
[2022-05-24 12:53:33,812] {processor.py:641} INFO - Processing file /home/airflow/.local/lib/python3.7/site-packages/airflow/example_dags/example_short_circuit_operator.py for tasks to queue
[2022-05-24 12:53:33,817] {logging_mixin.py:115} INFO - [2022-05-24 12:53:33,816] {dagbag.py:507} INFO - Filling up the DagBag from /home/airflow/.local/lib/python3.7/site-packages/airflow/example_dags/example_short_circuit_operator.py
[2022-05-24 12:53:33,836] {processor.py:651} INFO - DAG(s) dict_keys(['example_short_circuit_operator']) retrieved from /home/airflow/.local/lib/python3.7/site-packages/airflow/example_dags/example_short_circuit_operator.py
[2022-05-24 12:53:33,879] {logging_mixin.py:115} INFO - [2022-05-24 12:53:33,879] {dag.py:2371} INFO - Sync 1 DAGs
[2022-05-24 12:53:33,918] {logging_mixin.py:115} INFO - [2022-05-24 12:53:33,918] {dag.py:2919} INFO - Setting next_dagrun for example_short_circuit_operator to 2022-05-23T12:53:33.917743+00:00, run_after=2022-05-24T12:53:33.917743+00:00
[2022-05-24 12:53:33,950] {processor.py:161} INFO - Processing /home/airflow/.local/lib/python3.7/site-packages/airflow/example_dags/example_short_circuit_operator.py took 0.146 seconds
[2022-05-24 12:54:04,203] {processor.py:153} INFO - Started process (PID=1362) to work on /home/airflow/.local/lib/python3.7/site-packages/airflow/example_dags/example_short_circuit_operator.py
[2022-05-24 12:54:04,210] {processor.py:641} INFO - Processing file /home/airflow/.local/lib/python3.7/site-packages/airflow/example_dags/example_short_circuit_operator.py for tasks to queue
[2022-05-24 12:54:04,246] {logging_mixin.py:115} INFO - [2022-05-24 12:54:04,245] {dagbag.py:507} INFO - Filling up the DagBag from /home/airflow/.local/lib/python3.7/site-packages/airflow/example_dags/example_short_circuit_operator.py
[2022-05-24 12:54:04,276] {processor.py:651} INFO - DAG(s) dict_keys(['example_short_circuit_operator']) retrieved from /home/airflow/.local/lib/python3.7/site-packages/airflow/example_dags/example_short_circuit_operator.py
[2022-05-24 12:54:04,344] {logging_mixin.py:115} INFO - [2022-05-24 12:54:04,343] {dag.py:2371} INFO - Sync 1 DAGs
[2022-05-24 12:54:04,395] {logging_mixin.py:115} INFO - [2022-05-24 12:54:04,395] {dag.py:2919} INFO - Setting next_dagrun for example_short_circuit_operator to 2022-05-23T12:54:04.395275+00:00, run_after=2022-05-24T12:54:04.395275+00:00
[2022-05-24 12:54:04,418] {processor.py:161} INFO - Processing /home/airflow/.local/lib/python3.7/site-packages/airflow/example_dags/example_short_circuit_operator.py took 0.231 seconds
[2022-05-24 12:54:34,501] {processor.py:153} INFO - Started process (PID=1420) to work on /home/airflow/.local/lib/python3.7/site-packages/airflow/example_dags/example_short_circuit_operator.py
[2022-05-24 12:54:34,504] {processor.py:641} INFO - Processing file /home/airflow/.local/lib/python3.7/site-packages/airflow/example_dags/example_short_circuit_operator.py for tasks to queue
[2022-05-24 12:54:34,506] {logging_mixin.py:115} INFO - [2022-05-24 12:54:34,505] {dagbag.py:507} INFO - Filling up the DagBag from /home/airflow/.local/lib/python3.7/site-packages/airflow/example_dags/example_short_circuit_operator.py
[2022-05-24 12:54:34,525] {processor.py:651} INFO - DAG(s) dict_keys(['example_short_circuit_operator']) retrieved from /home/airflow/.local/lib/python3.7/site-packages/airflow/example_dags/example_short_circuit_operator.py
[2022-05-24 12:54:34,562] {logging_mixin.py:115} INFO - [2022-05-24 12:54:34,562] {dag.py:2371} INFO - Sync 1 DAGs
[2022-05-24 12:54:34,600] {logging_mixin.py:115} INFO - [2022-05-24 12:54:34,600] {dag.py:2919} INFO - Setting next_dagrun for example_short_circuit_operator to 2022-05-23T12:54:34.599816+00:00, run_after=2022-05-24T12:54:34.599816+00:00
[2022-05-24 12:54:34,619] {processor.py:161} INFO - Processing /home/airflow/.local/lib/python3.7/site-packages/airflow/example_dags/example_short_circuit_operator.py took 0.122 seconds
[2022-05-24 12:55:04,893] {processor.py:153} INFO - Started process (PID=1488) to work on /home/airflow/.local/lib/python3.7/site-packages/airflow/example_dags/example_short_circuit_operator.py
[2022-05-24 12:55:04,894] {processor.py:641} INFO - Processing file /home/airflow/.local/lib/python3.7/site-packages/airflow/example_dags/example_short_circuit_operator.py for tasks to queue
[2022-05-24 12:55:04,897] {logging_mixin.py:115} INFO - [2022-05-24 12:55:04,896] {dagbag.py:507} INFO - Filling up the DagBag from /home/airflow/.local/lib/python3.7/site-packages/airflow/example_dags/example_short_circuit_operator.py
[2022-05-24 12:55:04,921] {processor.py:651} INFO - DAG(s) dict_keys(['example_short_circuit_operator']) retrieved from /home/airflow/.local/lib/python3.7/site-packages/airflow/example_dags/example_short_circuit_operator.py
[2022-05-24 12:55:04,962] {logging_mixin.py:115} INFO - [2022-05-24 12:55:04,962] {dag.py:2371} INFO - Sync 1 DAGs
[2022-05-24 12:55:05,009] {logging_mixin.py:115} INFO - [2022-05-24 12:55:05,009] {dag.py:2919} INFO - Setting next_dagrun for example_short_circuit_operator to 2022-05-23T12:55:05.009077+00:00, run_after=2022-05-24T12:55:05.009077+00:00
[2022-05-24 12:55:05,028] {processor.py:161} INFO - Processing /home/airflow/.local/lib/python3.7/site-packages/airflow/example_dags/example_short_circuit_operator.py took 0.143 seconds
[2022-05-24 12:55:35,605] {processor.py:153} INFO - Started process (PID=1543) to work on /home/airflow/.local/lib/python3.7/site-packages/airflow/example_dags/example_short_circuit_operator.py
[2022-05-24 12:55:35,608] {processor.py:641} INFO - Processing file /home/airflow/.local/lib/python3.7/site-packages/airflow/example_dags/example_short_circuit_operator.py for tasks to queue
[2022-05-24 12:55:35,611] {logging_mixin.py:115} INFO - [2022-05-24 12:55:35,611] {dagbag.py:507} INFO - Filling up the DagBag from /home/airflow/.local/lib/python3.7/site-packages/airflow/example_dags/example_short_circuit_operator.py
[2022-05-24 12:55:35,659] {processor.py:651} INFO - DAG(s) dict_keys(['example_short_circuit_operator']) retrieved from /home/airflow/.local/lib/python3.7/site-packages/airflow/example_dags/example_short_circuit_operator.py
[2022-05-24 12:55:35,711] {logging_mixin.py:115} INFO - [2022-05-24 12:55:35,711] {dag.py:2371} INFO - Sync 1 DAGs
[2022-05-24 12:55:35,757] {logging_mixin.py:115} INFO - [2022-05-24 12:55:35,757] {dag.py:2919} INFO - Setting next_dagrun for example_short_circuit_operator to 2022-05-23T12:55:35.756996+00:00, run_after=2022-05-24T12:55:35.756996+00:00
[2022-05-24 12:55:35,832] {processor.py:161} INFO - Processing /home/airflow/.local/lib/python3.7/site-packages/airflow/example_dags/example_short_circuit_operator.py took 0.247 seconds
