[2022-05-24 12:42:51,574] {processor.py:153} INFO - Started process (PID=118) to work on /home/airflow/.local/lib/python3.7/site-packages/airflow/example_dags/example_branch_operator_decorator.py
[2022-05-24 12:42:51,576] {processor.py:641} INFO - Processing file /home/airflow/.local/lib/python3.7/site-packages/airflow/example_dags/example_branch_operator_decorator.py for tasks to queue
[2022-05-24 12:42:51,584] {logging_mixin.py:115} INFO - [2022-05-24 12:42:51,584] {dagbag.py:507} INFO - Filling up the DagBag from /home/airflow/.local/lib/python3.7/site-packages/airflow/example_dags/example_branch_operator_decorator.py
[2022-05-24 12:42:51,726] {processor.py:651} INFO - DAG(s) dict_keys(['example_branch_python_operator_decorator']) retrieved from /home/airflow/.local/lib/python3.7/site-packages/airflow/example_dags/example_branch_operator_decorator.py
[2022-05-24 12:42:51,848] {logging_mixin.py:115} INFO - [2022-05-24 12:42:51,847] {dag.py:2371} INFO - Sync 1 DAGs
[2022-05-24 12:42:52,431] {logging_mixin.py:115} INFO - [2022-05-24 12:42:52,431] {dag.py:2919} INFO - Setting next_dagrun for example_branch_python_operator_decorator to 2022-05-23T00:00:00+00:00, run_after=2022-05-24T00:00:00+00:00
[2022-05-24 12:42:52,488] {processor.py:161} INFO - Processing /home/airflow/.local/lib/python3.7/site-packages/airflow/example_dags/example_branch_operator_decorator.py took 0.949 seconds
[2022-05-24 12:43:23,060] {processor.py:153} INFO - Started process (PID=173) to work on /home/airflow/.local/lib/python3.7/site-packages/airflow/example_dags/example_branch_operator_decorator.py
[2022-05-24 12:43:23,081] {processor.py:641} INFO - Processing file /home/airflow/.local/lib/python3.7/site-packages/airflow/example_dags/example_branch_operator_decorator.py for tasks to queue
[2022-05-24 12:43:23,095] {logging_mixin.py:115} INFO - [2022-05-24 12:43:23,094] {dagbag.py:507} INFO - Filling up the DagBag from /home/airflow/.local/lib/python3.7/site-packages/airflow/example_dags/example_branch_operator_decorator.py
[2022-05-24 12:43:23,159] {processor.py:651} INFO - DAG(s) dict_keys(['example_branch_python_operator_decorator']) retrieved from /home/airflow/.local/lib/python3.7/site-packages/airflow/example_dags/example_branch_operator_decorator.py
[2022-05-24 12:43:23,245] {logging_mixin.py:115} INFO - [2022-05-24 12:43:23,245] {dag.py:2371} INFO - Sync 1 DAGs
[2022-05-24 12:43:23,450] {logging_mixin.py:115} INFO - [2022-05-24 12:43:23,450] {dag.py:2919} INFO - Setting next_dagrun for example_branch_python_operator_decorator to 2022-05-23T00:00:00+00:00, run_after=2022-05-24T00:00:00+00:00
[2022-05-24 12:43:23,478] {processor.py:161} INFO - Processing /home/airflow/.local/lib/python3.7/site-packages/airflow/example_dags/example_branch_operator_decorator.py took 0.429 seconds
[2022-05-24 12:43:53,732] {processor.py:153} INFO - Started process (PID=228) to work on /home/airflow/.local/lib/python3.7/site-packages/airflow/example_dags/example_branch_operator_decorator.py
[2022-05-24 12:43:53,735] {processor.py:641} INFO - Processing file /home/airflow/.local/lib/python3.7/site-packages/airflow/example_dags/example_branch_operator_decorator.py for tasks to queue
[2022-05-24 12:43:53,737] {logging_mixin.py:115} INFO - [2022-05-24 12:43:53,736] {dagbag.py:507} INFO - Filling up the DagBag from /home/airflow/.local/lib/python3.7/site-packages/airflow/example_dags/example_branch_operator_decorator.py
[2022-05-24 12:43:53,764] {processor.py:651} INFO - DAG(s) dict_keys(['example_branch_python_operator_decorator']) retrieved from /home/airflow/.local/lib/python3.7/site-packages/airflow/example_dags/example_branch_operator_decorator.py
[2022-05-24 12:43:53,812] {logging_mixin.py:115} INFO - [2022-05-24 12:43:53,811] {dag.py:2371} INFO - Sync 1 DAGs
[2022-05-24 12:43:53,983] {logging_mixin.py:115} INFO - [2022-05-24 12:43:53,983] {dag.py:2919} INFO - Setting next_dagrun for example_branch_python_operator_decorator to 2022-05-23T00:00:00+00:00, run_after=2022-05-24T00:00:00+00:00
[2022-05-24 12:43:54,001] {processor.py:161} INFO - Processing /home/airflow/.local/lib/python3.7/site-packages/airflow/example_dags/example_branch_operator_decorator.py took 0.275 seconds
[2022-05-24 12:44:24,481] {processor.py:153} INFO - Started process (PID=282) to work on /home/airflow/.local/lib/python3.7/site-packages/airflow/example_dags/example_branch_operator_decorator.py
[2022-05-24 12:44:24,484] {processor.py:641} INFO - Processing file /home/airflow/.local/lib/python3.7/site-packages/airflow/example_dags/example_branch_operator_decorator.py for tasks to queue
[2022-05-24 12:44:24,490] {logging_mixin.py:115} INFO - [2022-05-24 12:44:24,490] {dagbag.py:507} INFO - Filling up the DagBag from /home/airflow/.local/lib/python3.7/site-packages/airflow/example_dags/example_branch_operator_decorator.py
[2022-05-24 12:44:24,543] {processor.py:651} INFO - DAG(s) dict_keys(['example_branch_python_operator_decorator']) retrieved from /home/airflow/.local/lib/python3.7/site-packages/airflow/example_dags/example_branch_operator_decorator.py
[2022-05-24 12:44:24,606] {logging_mixin.py:115} INFO - [2022-05-24 12:44:24,605] {dag.py:2371} INFO - Sync 1 DAGs
[2022-05-24 12:44:24,834] {logging_mixin.py:115} INFO - [2022-05-24 12:44:24,834] {dag.py:2919} INFO - Setting next_dagrun for example_branch_python_operator_decorator to 2022-05-23T00:00:00+00:00, run_after=2022-05-24T00:00:00+00:00
[2022-05-24 12:44:24,857] {processor.py:161} INFO - Processing /home/airflow/.local/lib/python3.7/site-packages/airflow/example_dags/example_branch_operator_decorator.py took 0.386 seconds
[2022-05-24 12:44:55,634] {processor.py:153} INFO - Started process (PID=337) to work on /home/airflow/.local/lib/python3.7/site-packages/airflow/example_dags/example_branch_operator_decorator.py
[2022-05-24 12:44:55,639] {processor.py:641} INFO - Processing file /home/airflow/.local/lib/python3.7/site-packages/airflow/example_dags/example_branch_operator_decorator.py for tasks to queue
[2022-05-24 12:44:55,646] {logging_mixin.py:115} INFO - [2022-05-24 12:44:55,646] {dagbag.py:507} INFO - Filling up the DagBag from /home/airflow/.local/lib/python3.7/site-packages/airflow/example_dags/example_branch_operator_decorator.py
[2022-05-24 12:44:55,815] {processor.py:651} INFO - DAG(s) dict_keys(['example_branch_python_operator_decorator']) retrieved from /home/airflow/.local/lib/python3.7/site-packages/airflow/example_dags/example_branch_operator_decorator.py
[2022-05-24 12:44:55,897] {logging_mixin.py:115} INFO - [2022-05-24 12:44:55,896] {dag.py:2371} INFO - Sync 1 DAGs
[2022-05-24 12:44:56,336] {logging_mixin.py:115} INFO - [2022-05-24 12:44:56,336] {dag.py:2919} INFO - Setting next_dagrun for example_branch_python_operator_decorator to 2022-05-23T00:00:00+00:00, run_after=2022-05-24T00:00:00+00:00
[2022-05-24 12:44:56,365] {processor.py:161} INFO - Processing /home/airflow/.local/lib/python3.7/site-packages/airflow/example_dags/example_branch_operator_decorator.py took 0.783 seconds
[2022-05-24 12:45:27,242] {processor.py:153} INFO - Started process (PID=391) to work on /home/airflow/.local/lib/python3.7/site-packages/airflow/example_dags/example_branch_operator_decorator.py
[2022-05-24 12:45:27,250] {processor.py:641} INFO - Processing file /home/airflow/.local/lib/python3.7/site-packages/airflow/example_dags/example_branch_operator_decorator.py for tasks to queue
[2022-05-24 12:45:27,257] {logging_mixin.py:115} INFO - [2022-05-24 12:45:27,257] {dagbag.py:507} INFO - Filling up the DagBag from /home/airflow/.local/lib/python3.7/site-packages/airflow/example_dags/example_branch_operator_decorator.py
[2022-05-24 12:45:27,426] {processor.py:651} INFO - DAG(s) dict_keys(['example_branch_python_operator_decorator']) retrieved from /home/airflow/.local/lib/python3.7/site-packages/airflow/example_dags/example_branch_operator_decorator.py
[2022-05-24 12:45:27,841] {logging_mixin.py:115} INFO - [2022-05-24 12:45:27,840] {dag.py:2371} INFO - Sync 1 DAGs
[2022-05-24 12:45:28,376] {logging_mixin.py:115} INFO - [2022-05-24 12:45:28,376] {dag.py:2919} INFO - Setting next_dagrun for example_branch_python_operator_decorator to 2022-05-23T00:00:00+00:00, run_after=2022-05-24T00:00:00+00:00
[2022-05-24 12:45:28,427] {processor.py:161} INFO - Processing /home/airflow/.local/lib/python3.7/site-packages/airflow/example_dags/example_branch_operator_decorator.py took 1.205 seconds
[2022-05-24 12:45:58,821] {processor.py:153} INFO - Started process (PID=458) to work on /home/airflow/.local/lib/python3.7/site-packages/airflow/example_dags/example_branch_operator_decorator.py
[2022-05-24 12:45:58,827] {processor.py:641} INFO - Processing file /home/airflow/.local/lib/python3.7/site-packages/airflow/example_dags/example_branch_operator_decorator.py for tasks to queue
[2022-05-24 12:45:58,833] {logging_mixin.py:115} INFO - [2022-05-24 12:45:58,833] {dagbag.py:507} INFO - Filling up the DagBag from /home/airflow/.local/lib/python3.7/site-packages/airflow/example_dags/example_branch_operator_decorator.py
[2022-05-24 12:45:58,916] {processor.py:651} INFO - DAG(s) dict_keys(['example_branch_python_operator_decorator']) retrieved from /home/airflow/.local/lib/python3.7/site-packages/airflow/example_dags/example_branch_operator_decorator.py
[2022-05-24 12:45:59,011] {logging_mixin.py:115} INFO - [2022-05-24 12:45:59,009] {dag.py:2371} INFO - Sync 1 DAGs
[2022-05-24 12:45:59,276] {logging_mixin.py:115} INFO - [2022-05-24 12:45:59,276] {dag.py:2919} INFO - Setting next_dagrun for example_branch_python_operator_decorator to 2022-05-23T00:00:00+00:00, run_after=2022-05-24T00:00:00+00:00
[2022-05-24 12:45:59,327] {processor.py:161} INFO - Processing /home/airflow/.local/lib/python3.7/site-packages/airflow/example_dags/example_branch_operator_decorator.py took 0.510 seconds
[2022-05-24 12:46:29,549] {processor.py:153} INFO - Started process (PID=514) to work on /home/airflow/.local/lib/python3.7/site-packages/airflow/example_dags/example_branch_operator_decorator.py
[2022-05-24 12:46:29,552] {processor.py:641} INFO - Processing file /home/airflow/.local/lib/python3.7/site-packages/airflow/example_dags/example_branch_operator_decorator.py for tasks to queue
[2022-05-24 12:46:29,555] {logging_mixin.py:115} INFO - [2022-05-24 12:46:29,554] {dagbag.py:507} INFO - Filling up the DagBag from /home/airflow/.local/lib/python3.7/site-packages/airflow/example_dags/example_branch_operator_decorator.py
[2022-05-24 12:46:29,591] {processor.py:651} INFO - DAG(s) dict_keys(['example_branch_python_operator_decorator']) retrieved from /home/airflow/.local/lib/python3.7/site-packages/airflow/example_dags/example_branch_operator_decorator.py
[2022-05-24 12:46:29,641] {logging_mixin.py:115} INFO - [2022-05-24 12:46:29,641] {dag.py:2371} INFO - Sync 1 DAGs
[2022-05-24 12:46:29,911] {logging_mixin.py:115} INFO - [2022-05-24 12:46:29,911] {dag.py:2919} INFO - Setting next_dagrun for example_branch_python_operator_decorator to 2022-05-23T00:00:00+00:00, run_after=2022-05-24T00:00:00+00:00
[2022-05-24 12:46:29,967] {processor.py:161} INFO - Processing /home/airflow/.local/lib/python3.7/site-packages/airflow/example_dags/example_branch_operator_decorator.py took 0.427 seconds
[2022-05-24 12:47:03,672] {processor.py:153} INFO - Started process (PID=570) to work on /home/airflow/.local/lib/python3.7/site-packages/airflow/example_dags/example_branch_operator_decorator.py
[2022-05-24 12:47:03,681] {processor.py:641} INFO - Processing file /home/airflow/.local/lib/python3.7/site-packages/airflow/example_dags/example_branch_operator_decorator.py for tasks to queue
[2022-05-24 12:47:03,688] {logging_mixin.py:115} INFO - [2022-05-24 12:47:03,687] {dagbag.py:507} INFO - Filling up the DagBag from /home/airflow/.local/lib/python3.7/site-packages/airflow/example_dags/example_branch_operator_decorator.py
[2022-05-24 12:47:03,762] {processor.py:651} INFO - DAG(s) dict_keys(['example_branch_python_operator_decorator']) retrieved from /home/airflow/.local/lib/python3.7/site-packages/airflow/example_dags/example_branch_operator_decorator.py
[2022-05-24 12:47:04,413] {logging_mixin.py:115} INFO - [2022-05-24 12:47:04,413] {dag.py:2371} INFO - Sync 1 DAGs
[2022-05-24 12:47:04,640] {logging_mixin.py:115} INFO - [2022-05-24 12:47:04,640] {dag.py:2919} INFO - Setting next_dagrun for example_branch_python_operator_decorator to 2022-05-23T00:00:00+00:00, run_after=2022-05-24T00:00:00+00:00
[2022-05-24 12:47:04,782] {processor.py:161} INFO - Processing /home/airflow/.local/lib/python3.7/site-packages/airflow/example_dags/example_branch_operator_decorator.py took 1.124 seconds
[2022-05-24 12:47:35,259] {processor.py:153} INFO - Started process (PID=634) to work on /home/airflow/.local/lib/python3.7/site-packages/airflow/example_dags/example_branch_operator_decorator.py
[2022-05-24 12:47:35,262] {processor.py:641} INFO - Processing file /home/airflow/.local/lib/python3.7/site-packages/airflow/example_dags/example_branch_operator_decorator.py for tasks to queue
[2022-05-24 12:47:35,263] {logging_mixin.py:115} INFO - [2022-05-24 12:47:35,263] {dagbag.py:507} INFO - Filling up the DagBag from /home/airflow/.local/lib/python3.7/site-packages/airflow/example_dags/example_branch_operator_decorator.py
[2022-05-24 12:47:35,301] {processor.py:651} INFO - DAG(s) dict_keys(['example_branch_python_operator_decorator']) retrieved from /home/airflow/.local/lib/python3.7/site-packages/airflow/example_dags/example_branch_operator_decorator.py
[2022-05-24 12:47:35,645] {logging_mixin.py:115} INFO - [2022-05-24 12:47:35,645] {dag.py:2371} INFO - Sync 1 DAGs
[2022-05-24 12:47:35,674] {logging_mixin.py:115} INFO - [2022-05-24 12:47:35,674] {dag.py:2919} INFO - Setting next_dagrun for example_branch_python_operator_decorator to 2022-05-23T00:00:00+00:00, run_after=2022-05-24T00:00:00+00:00
[2022-05-24 12:47:35,690] {processor.py:161} INFO - Processing /home/airflow/.local/lib/python3.7/site-packages/airflow/example_dags/example_branch_operator_decorator.py took 0.437 seconds
[2022-05-24 12:48:06,657] {processor.py:153} INFO - Started process (PID=690) to work on /home/airflow/.local/lib/python3.7/site-packages/airflow/example_dags/example_branch_operator_decorator.py
[2022-05-24 12:48:06,661] {processor.py:641} INFO - Processing file /home/airflow/.local/lib/python3.7/site-packages/airflow/example_dags/example_branch_operator_decorator.py for tasks to queue
[2022-05-24 12:48:06,662] {logging_mixin.py:115} INFO - [2022-05-24 12:48:06,662] {dagbag.py:507} INFO - Filling up the DagBag from /home/airflow/.local/lib/python3.7/site-packages/airflow/example_dags/example_branch_operator_decorator.py
[2022-05-24 12:48:06,696] {processor.py:651} INFO - DAG(s) dict_keys(['example_branch_python_operator_decorator']) retrieved from /home/airflow/.local/lib/python3.7/site-packages/airflow/example_dags/example_branch_operator_decorator.py
[2022-05-24 12:48:06,899] {logging_mixin.py:115} INFO - [2022-05-24 12:48:06,899] {dag.py:2371} INFO - Sync 1 DAGs
[2022-05-24 12:48:06,929] {logging_mixin.py:115} INFO - [2022-05-24 12:48:06,929] {dag.py:2919} INFO - Setting next_dagrun for example_branch_python_operator_decorator to 2022-05-23T00:00:00+00:00, run_after=2022-05-24T00:00:00+00:00
[2022-05-24 12:48:06,947] {processor.py:161} INFO - Processing /home/airflow/.local/lib/python3.7/site-packages/airflow/example_dags/example_branch_operator_decorator.py took 0.297 seconds
[2022-05-24 12:48:37,425] {processor.py:153} INFO - Started process (PID=746) to work on /home/airflow/.local/lib/python3.7/site-packages/airflow/example_dags/example_branch_operator_decorator.py
[2022-05-24 12:48:37,430] {processor.py:641} INFO - Processing file /home/airflow/.local/lib/python3.7/site-packages/airflow/example_dags/example_branch_operator_decorator.py for tasks to queue
[2022-05-24 12:48:37,435] {logging_mixin.py:115} INFO - [2022-05-24 12:48:37,434] {dagbag.py:507} INFO - Filling up the DagBag from /home/airflow/.local/lib/python3.7/site-packages/airflow/example_dags/example_branch_operator_decorator.py
[2022-05-24 12:48:37,506] {processor.py:651} INFO - DAG(s) dict_keys(['example_branch_python_operator_decorator']) retrieved from /home/airflow/.local/lib/python3.7/site-packages/airflow/example_dags/example_branch_operator_decorator.py
[2022-05-24 12:48:37,843] {logging_mixin.py:115} INFO - [2022-05-24 12:48:37,843] {dag.py:2371} INFO - Sync 1 DAGs
[2022-05-24 12:48:37,904] {logging_mixin.py:115} INFO - [2022-05-24 12:48:37,904] {dag.py:2919} INFO - Setting next_dagrun for example_branch_python_operator_decorator to 2022-05-23T00:00:00+00:00, run_after=2022-05-24T00:00:00+00:00
[2022-05-24 12:48:37,937] {processor.py:161} INFO - Processing /home/airflow/.local/lib/python3.7/site-packages/airflow/example_dags/example_branch_operator_decorator.py took 0.519 seconds
[2022-05-24 12:49:08,076] {processor.py:153} INFO - Started process (PID=802) to work on /home/airflow/.local/lib/python3.7/site-packages/airflow/example_dags/example_branch_operator_decorator.py
[2022-05-24 12:49:08,078] {processor.py:641} INFO - Processing file /home/airflow/.local/lib/python3.7/site-packages/airflow/example_dags/example_branch_operator_decorator.py for tasks to queue
[2022-05-24 12:49:08,080] {logging_mixin.py:115} INFO - [2022-05-24 12:49:08,080] {dagbag.py:507} INFO - Filling up the DagBag from /home/airflow/.local/lib/python3.7/site-packages/airflow/example_dags/example_branch_operator_decorator.py
[2022-05-24 12:49:08,121] {processor.py:651} INFO - DAG(s) dict_keys(['example_branch_python_operator_decorator']) retrieved from /home/airflow/.local/lib/python3.7/site-packages/airflow/example_dags/example_branch_operator_decorator.py
[2022-05-24 12:49:08,354] {logging_mixin.py:115} INFO - [2022-05-24 12:49:08,354] {dag.py:2371} INFO - Sync 1 DAGs
[2022-05-24 12:49:08,388] {logging_mixin.py:115} INFO - [2022-05-24 12:49:08,387] {dag.py:2919} INFO - Setting next_dagrun for example_branch_python_operator_decorator to 2022-05-23T00:00:00+00:00, run_after=2022-05-24T00:00:00+00:00
[2022-05-24 12:49:08,409] {processor.py:161} INFO - Processing /home/airflow/.local/lib/python3.7/site-packages/airflow/example_dags/example_branch_operator_decorator.py took 0.339 seconds
[2022-05-24 12:49:38,539] {processor.py:153} INFO - Started process (PID=866) to work on /home/airflow/.local/lib/python3.7/site-packages/airflow/example_dags/example_branch_operator_decorator.py
[2022-05-24 12:49:38,542] {processor.py:641} INFO - Processing file /home/airflow/.local/lib/python3.7/site-packages/airflow/example_dags/example_branch_operator_decorator.py for tasks to queue
[2022-05-24 12:49:38,550] {logging_mixin.py:115} INFO - [2022-05-24 12:49:38,550] {dagbag.py:507} INFO - Filling up the DagBag from /home/airflow/.local/lib/python3.7/site-packages/airflow/example_dags/example_branch_operator_decorator.py
[2022-05-24 12:49:38,613] {processor.py:651} INFO - DAG(s) dict_keys(['example_branch_python_operator_decorator']) retrieved from /home/airflow/.local/lib/python3.7/site-packages/airflow/example_dags/example_branch_operator_decorator.py
[2022-05-24 12:49:38,909] {logging_mixin.py:115} INFO - [2022-05-24 12:49:38,909] {dag.py:2371} INFO - Sync 1 DAGs
[2022-05-24 12:49:38,952] {logging_mixin.py:115} INFO - [2022-05-24 12:49:38,952] {dag.py:2919} INFO - Setting next_dagrun for example_branch_python_operator_decorator to 2022-05-23T00:00:00+00:00, run_after=2022-05-24T00:00:00+00:00
[2022-05-24 12:49:38,994] {processor.py:161} INFO - Processing /home/airflow/.local/lib/python3.7/site-packages/airflow/example_dags/example_branch_operator_decorator.py took 0.460 seconds
[2022-05-24 12:50:09,372] {processor.py:153} INFO - Started process (PID=921) to work on /home/airflow/.local/lib/python3.7/site-packages/airflow/example_dags/example_branch_operator_decorator.py
[2022-05-24 12:50:09,378] {processor.py:641} INFO - Processing file /home/airflow/.local/lib/python3.7/site-packages/airflow/example_dags/example_branch_operator_decorator.py for tasks to queue
[2022-05-24 12:50:09,384] {logging_mixin.py:115} INFO - [2022-05-24 12:50:09,384] {dagbag.py:507} INFO - Filling up the DagBag from /home/airflow/.local/lib/python3.7/site-packages/airflow/example_dags/example_branch_operator_decorator.py
[2022-05-24 12:50:09,456] {processor.py:651} INFO - DAG(s) dict_keys(['example_branch_python_operator_decorator']) retrieved from /home/airflow/.local/lib/python3.7/site-packages/airflow/example_dags/example_branch_operator_decorator.py
[2022-05-24 12:50:09,756] {logging_mixin.py:115} INFO - [2022-05-24 12:50:09,756] {dag.py:2371} INFO - Sync 1 DAGs
[2022-05-24 12:50:09,826] {logging_mixin.py:115} INFO - [2022-05-24 12:50:09,825] {dag.py:2919} INFO - Setting next_dagrun for example_branch_python_operator_decorator to 2022-05-23T00:00:00+00:00, run_after=2022-05-24T00:00:00+00:00
[2022-05-24 12:50:09,854] {processor.py:161} INFO - Processing /home/airflow/.local/lib/python3.7/site-packages/airflow/example_dags/example_branch_operator_decorator.py took 0.497 seconds
[2022-05-24 12:50:40,713] {processor.py:153} INFO - Started process (PID=988) to work on /home/airflow/.local/lib/python3.7/site-packages/airflow/example_dags/example_branch_operator_decorator.py
[2022-05-24 12:50:40,717] {processor.py:641} INFO - Processing file /home/airflow/.local/lib/python3.7/site-packages/airflow/example_dags/example_branch_operator_decorator.py for tasks to queue
[2022-05-24 12:50:40,719] {logging_mixin.py:115} INFO - [2022-05-24 12:50:40,719] {dagbag.py:507} INFO - Filling up the DagBag from /home/airflow/.local/lib/python3.7/site-packages/airflow/example_dags/example_branch_operator_decorator.py
[2022-05-24 12:50:40,869] {processor.py:651} INFO - DAG(s) dict_keys(['example_branch_python_operator_decorator']) retrieved from /home/airflow/.local/lib/python3.7/site-packages/airflow/example_dags/example_branch_operator_decorator.py
[2022-05-24 12:50:41,120] {logging_mixin.py:115} INFO - [2022-05-24 12:50:41,120] {dag.py:2371} INFO - Sync 1 DAGs
[2022-05-24 12:50:41,153] {logging_mixin.py:115} INFO - [2022-05-24 12:50:41,153] {dag.py:2919} INFO - Setting next_dagrun for example_branch_python_operator_decorator to 2022-05-23T00:00:00+00:00, run_after=2022-05-24T00:00:00+00:00
[2022-05-24 12:50:41,186] {processor.py:161} INFO - Processing /home/airflow/.local/lib/python3.7/site-packages/airflow/example_dags/example_branch_operator_decorator.py took 0.515 seconds
[2022-05-24 12:51:11,359] {processor.py:153} INFO - Started process (PID=1044) to work on /home/airflow/.local/lib/python3.7/site-packages/airflow/example_dags/example_branch_operator_decorator.py
[2022-05-24 12:51:11,363] {processor.py:641} INFO - Processing file /home/airflow/.local/lib/python3.7/site-packages/airflow/example_dags/example_branch_operator_decorator.py for tasks to queue
[2022-05-24 12:51:11,365] {logging_mixin.py:115} INFO - [2022-05-24 12:51:11,365] {dagbag.py:507} INFO - Filling up the DagBag from /home/airflow/.local/lib/python3.7/site-packages/airflow/example_dags/example_branch_operator_decorator.py
[2022-05-24 12:51:11,432] {processor.py:651} INFO - DAG(s) dict_keys(['example_branch_python_operator_decorator']) retrieved from /home/airflow/.local/lib/python3.7/site-packages/airflow/example_dags/example_branch_operator_decorator.py
[2022-05-24 12:51:11,845] {logging_mixin.py:115} INFO - [2022-05-24 12:51:11,845] {dag.py:2371} INFO - Sync 1 DAGs
[2022-05-24 12:51:11,875] {logging_mixin.py:115} INFO - [2022-05-24 12:51:11,874] {dag.py:2919} INFO - Setting next_dagrun for example_branch_python_operator_decorator to 2022-05-23T00:00:00+00:00, run_after=2022-05-24T00:00:00+00:00
[2022-05-24 12:51:11,910] {processor.py:161} INFO - Processing /home/airflow/.local/lib/python3.7/site-packages/airflow/example_dags/example_branch_operator_decorator.py took 0.561 seconds
[2022-05-24 12:51:42,376] {processor.py:153} INFO - Started process (PID=1098) to work on /home/airflow/.local/lib/python3.7/site-packages/airflow/example_dags/example_branch_operator_decorator.py
[2022-05-24 12:51:42,384] {processor.py:641} INFO - Processing file /home/airflow/.local/lib/python3.7/site-packages/airflow/example_dags/example_branch_operator_decorator.py for tasks to queue
[2022-05-24 12:51:42,387] {logging_mixin.py:115} INFO - [2022-05-24 12:51:42,387] {dagbag.py:507} INFO - Filling up the DagBag from /home/airflow/.local/lib/python3.7/site-packages/airflow/example_dags/example_branch_operator_decorator.py
[2022-05-24 12:51:42,512] {processor.py:651} INFO - DAG(s) dict_keys(['example_branch_python_operator_decorator']) retrieved from /home/airflow/.local/lib/python3.7/site-packages/airflow/example_dags/example_branch_operator_decorator.py
[2022-05-24 12:51:43,025] {logging_mixin.py:115} INFO - [2022-05-24 12:51:43,025] {dag.py:2371} INFO - Sync 1 DAGs
[2022-05-24 12:51:43,097] {logging_mixin.py:115} INFO - [2022-05-24 12:51:43,097] {dag.py:2919} INFO - Setting next_dagrun for example_branch_python_operator_decorator to 2022-05-23T00:00:00+00:00, run_after=2022-05-24T00:00:00+00:00
[2022-05-24 12:51:43,138] {processor.py:161} INFO - Processing /home/airflow/.local/lib/python3.7/site-packages/airflow/example_dags/example_branch_operator_decorator.py took 0.776 seconds
[2022-05-24 12:52:13,467] {processor.py:153} INFO - Started process (PID=1163) to work on /home/airflow/.local/lib/python3.7/site-packages/airflow/example_dags/example_branch_operator_decorator.py
[2022-05-24 12:52:13,476] {processor.py:641} INFO - Processing file /home/airflow/.local/lib/python3.7/site-packages/airflow/example_dags/example_branch_operator_decorator.py for tasks to queue
[2022-05-24 12:52:13,483] {logging_mixin.py:115} INFO - [2022-05-24 12:52:13,483] {dagbag.py:507} INFO - Filling up the DagBag from /home/airflow/.local/lib/python3.7/site-packages/airflow/example_dags/example_branch_operator_decorator.py
[2022-05-24 12:52:14,320] {processor.py:651} INFO - DAG(s) dict_keys(['example_branch_python_operator_decorator']) retrieved from /home/airflow/.local/lib/python3.7/site-packages/airflow/example_dags/example_branch_operator_decorator.py
[2022-05-24 12:52:14,456] {logging_mixin.py:115} INFO - [2022-05-24 12:52:14,456] {dag.py:2371} INFO - Sync 1 DAGs
[2022-05-24 12:52:14,529] {logging_mixin.py:115} INFO - [2022-05-24 12:52:14,529] {dag.py:2919} INFO - Setting next_dagrun for example_branch_python_operator_decorator to 2022-05-23T00:00:00+00:00, run_after=2022-05-24T00:00:00+00:00
[2022-05-24 12:52:14,565] {processor.py:161} INFO - Processing /home/airflow/.local/lib/python3.7/site-packages/airflow/example_dags/example_branch_operator_decorator.py took 1.108 seconds
[2022-05-24 12:52:44,877] {processor.py:153} INFO - Started process (PID=1217) to work on /home/airflow/.local/lib/python3.7/site-packages/airflow/example_dags/example_branch_operator_decorator.py
[2022-05-24 12:52:44,887] {processor.py:641} INFO - Processing file /home/airflow/.local/lib/python3.7/site-packages/airflow/example_dags/example_branch_operator_decorator.py for tasks to queue
[2022-05-24 12:52:44,890] {logging_mixin.py:115} INFO - [2022-05-24 12:52:44,890] {dagbag.py:507} INFO - Filling up the DagBag from /home/airflow/.local/lib/python3.7/site-packages/airflow/example_dags/example_branch_operator_decorator.py
[2022-05-24 12:52:45,006] {processor.py:651} INFO - DAG(s) dict_keys(['example_branch_python_operator_decorator']) retrieved from /home/airflow/.local/lib/python3.7/site-packages/airflow/example_dags/example_branch_operator_decorator.py
[2022-05-24 12:52:45,104] {logging_mixin.py:115} INFO - [2022-05-24 12:52:45,103] {dag.py:2371} INFO - Sync 1 DAGs
[2022-05-24 12:52:45,185] {logging_mixin.py:115} INFO - [2022-05-24 12:52:45,185] {dag.py:2919} INFO - Setting next_dagrun for example_branch_python_operator_decorator to 2022-05-23T00:00:00+00:00, run_after=2022-05-24T00:00:00+00:00
[2022-05-24 12:52:45,286] {processor.py:161} INFO - Processing /home/airflow/.local/lib/python3.7/site-packages/airflow/example_dags/example_branch_operator_decorator.py took 0.426 seconds
[2022-05-24 12:53:15,922] {processor.py:153} INFO - Started process (PID=1273) to work on /home/airflow/.local/lib/python3.7/site-packages/airflow/example_dags/example_branch_operator_decorator.py
[2022-05-24 12:53:15,927] {processor.py:641} INFO - Processing file /home/airflow/.local/lib/python3.7/site-packages/airflow/example_dags/example_branch_operator_decorator.py for tasks to queue
[2022-05-24 12:53:15,932] {logging_mixin.py:115} INFO - [2022-05-24 12:53:15,931] {dagbag.py:507} INFO - Filling up the DagBag from /home/airflow/.local/lib/python3.7/site-packages/airflow/example_dags/example_branch_operator_decorator.py
[2022-05-24 12:53:16,075] {processor.py:651} INFO - DAG(s) dict_keys(['example_branch_python_operator_decorator']) retrieved from /home/airflow/.local/lib/python3.7/site-packages/airflow/example_dags/example_branch_operator_decorator.py
[2022-05-24 12:53:16,219] {logging_mixin.py:115} INFO - [2022-05-24 12:53:16,218] {dag.py:2371} INFO - Sync 1 DAGs
[2022-05-24 12:53:16,323] {logging_mixin.py:115} INFO - [2022-05-24 12:53:16,323] {dag.py:2919} INFO - Setting next_dagrun for example_branch_python_operator_decorator to 2022-05-23T00:00:00+00:00, run_after=2022-05-24T00:00:00+00:00
[2022-05-24 12:53:16,371] {processor.py:161} INFO - Processing /home/airflow/.local/lib/python3.7/site-packages/airflow/example_dags/example_branch_operator_decorator.py took 0.489 seconds
[2022-05-24 12:53:46,533] {processor.py:153} INFO - Started process (PID=1337) to work on /home/airflow/.local/lib/python3.7/site-packages/airflow/example_dags/example_branch_operator_decorator.py
[2022-05-24 12:53:46,536] {processor.py:641} INFO - Processing file /home/airflow/.local/lib/python3.7/site-packages/airflow/example_dags/example_branch_operator_decorator.py for tasks to queue
[2022-05-24 12:53:46,538] {logging_mixin.py:115} INFO - [2022-05-24 12:53:46,538] {dagbag.py:507} INFO - Filling up the DagBag from /home/airflow/.local/lib/python3.7/site-packages/airflow/example_dags/example_branch_operator_decorator.py
[2022-05-24 12:53:46,585] {processor.py:651} INFO - DAG(s) dict_keys(['example_branch_python_operator_decorator']) retrieved from /home/airflow/.local/lib/python3.7/site-packages/airflow/example_dags/example_branch_operator_decorator.py
[2022-05-24 12:53:46,638] {logging_mixin.py:115} INFO - [2022-05-24 12:53:46,638] {dag.py:2371} INFO - Sync 1 DAGs
[2022-05-24 12:53:46,752] {logging_mixin.py:115} INFO - [2022-05-24 12:53:46,751] {dag.py:2919} INFO - Setting next_dagrun for example_branch_python_operator_decorator to 2022-05-23T00:00:00+00:00, run_after=2022-05-24T00:00:00+00:00
[2022-05-24 12:53:46,803] {processor.py:161} INFO - Processing /home/airflow/.local/lib/python3.7/site-packages/airflow/example_dags/example_branch_operator_decorator.py took 0.279 seconds
[2022-05-24 12:54:17,228] {processor.py:153} INFO - Started process (PID=1394) to work on /home/airflow/.local/lib/python3.7/site-packages/airflow/example_dags/example_branch_operator_decorator.py
[2022-05-24 12:54:17,232] {processor.py:641} INFO - Processing file /home/airflow/.local/lib/python3.7/site-packages/airflow/example_dags/example_branch_operator_decorator.py for tasks to queue
[2022-05-24 12:54:17,241] {logging_mixin.py:115} INFO - [2022-05-24 12:54:17,240] {dagbag.py:507} INFO - Filling up the DagBag from /home/airflow/.local/lib/python3.7/site-packages/airflow/example_dags/example_branch_operator_decorator.py
[2022-05-24 12:54:17,416] {processor.py:651} INFO - DAG(s) dict_keys(['example_branch_python_operator_decorator']) retrieved from /home/airflow/.local/lib/python3.7/site-packages/airflow/example_dags/example_branch_operator_decorator.py
[2022-05-24 12:54:17,469] {logging_mixin.py:115} INFO - [2022-05-24 12:54:17,469] {dag.py:2371} INFO - Sync 1 DAGs
[2022-05-24 12:54:17,592] {logging_mixin.py:115} INFO - [2022-05-24 12:54:17,589] {dag.py:2919} INFO - Setting next_dagrun for example_branch_python_operator_decorator to 2022-05-23T00:00:00+00:00, run_after=2022-05-24T00:00:00+00:00
[2022-05-24 12:54:17,669] {processor.py:161} INFO - Processing /home/airflow/.local/lib/python3.7/site-packages/airflow/example_dags/example_branch_operator_decorator.py took 0.448 seconds
[2022-05-24 12:54:48,566] {processor.py:153} INFO - Started process (PID=1452) to work on /home/airflow/.local/lib/python3.7/site-packages/airflow/example_dags/example_branch_operator_decorator.py
[2022-05-24 12:54:48,572] {processor.py:641} INFO - Processing file /home/airflow/.local/lib/python3.7/site-packages/airflow/example_dags/example_branch_operator_decorator.py for tasks to queue
[2022-05-24 12:54:48,587] {logging_mixin.py:115} INFO - [2022-05-24 12:54:48,585] {dagbag.py:507} INFO - Filling up the DagBag from /home/airflow/.local/lib/python3.7/site-packages/airflow/example_dags/example_branch_operator_decorator.py
[2022-05-24 12:54:48,636] {processor.py:651} INFO - DAG(s) dict_keys(['example_branch_python_operator_decorator']) retrieved from /home/airflow/.local/lib/python3.7/site-packages/airflow/example_dags/example_branch_operator_decorator.py
[2022-05-24 12:54:48,691] {logging_mixin.py:115} INFO - [2022-05-24 12:54:48,691] {dag.py:2371} INFO - Sync 1 DAGs
[2022-05-24 12:54:48,749] {logging_mixin.py:115} INFO - [2022-05-24 12:54:48,749] {dag.py:2919} INFO - Setting next_dagrun for example_branch_python_operator_decorator to 2022-05-23T00:00:00+00:00, run_after=2022-05-24T00:00:00+00:00
[2022-05-24 12:54:48,784] {processor.py:161} INFO - Processing /home/airflow/.local/lib/python3.7/site-packages/airflow/example_dags/example_branch_operator_decorator.py took 0.233 seconds
[2022-05-24 12:55:19,214] {processor.py:153} INFO - Started process (PID=1519) to work on /home/airflow/.local/lib/python3.7/site-packages/airflow/example_dags/example_branch_operator_decorator.py
[2022-05-24 12:55:19,225] {processor.py:641} INFO - Processing file /home/airflow/.local/lib/python3.7/site-packages/airflow/example_dags/example_branch_operator_decorator.py for tasks to queue
[2022-05-24 12:55:19,237] {logging_mixin.py:115} INFO - [2022-05-24 12:55:19,234] {dagbag.py:507} INFO - Filling up the DagBag from /home/airflow/.local/lib/python3.7/site-packages/airflow/example_dags/example_branch_operator_decorator.py
[2022-05-24 12:55:19,326] {processor.py:651} INFO - DAG(s) dict_keys(['example_branch_python_operator_decorator']) retrieved from /home/airflow/.local/lib/python3.7/site-packages/airflow/example_dags/example_branch_operator_decorator.py
[2022-05-24 12:55:19,389] {logging_mixin.py:115} INFO - [2022-05-24 12:55:19,388] {dag.py:2371} INFO - Sync 1 DAGs
[2022-05-24 12:55:19,478] {logging_mixin.py:115} INFO - [2022-05-24 12:55:19,478] {dag.py:2919} INFO - Setting next_dagrun for example_branch_python_operator_decorator to 2022-05-23T00:00:00+00:00, run_after=2022-05-24T00:00:00+00:00
[2022-05-24 12:55:19,501] {processor.py:161} INFO - Processing /home/airflow/.local/lib/python3.7/site-packages/airflow/example_dags/example_branch_operator_decorator.py took 0.326 seconds
