[2022-05-31 19:15:52,131] {scheduler_job.py:182} INFO - Started process (PID=50) to work on /home/airflow/.local/lib/python3.8/site-packages/airflow/example_dags/example_latest_only_with_trigger.py
[2022-05-31 19:15:52,134] {scheduler_job.py:633} INFO - Processing file /home/airflow/.local/lib/python3.8/site-packages/airflow/example_dags/example_latest_only_with_trigger.py for tasks to queue
[2022-05-31 19:15:52,136] {logging_mixin.py:104} INFO - [2022-05-31 19:15:52,136] {dagbag.py:496} INFO - Filling up the DagBag from /home/airflow/.local/lib/python3.8/site-packages/airflow/example_dags/example_latest_only_with_trigger.py
[2022-05-31 19:15:52,153] {scheduler_job.py:643} INFO - DAG(s) dict_keys(['latest_only_with_trigger']) retrieved from /home/airflow/.local/lib/python3.8/site-packages/airflow/example_dags/example_latest_only_with_trigger.py
[2022-05-31 19:15:52,186] {logging_mixin.py:104} INFO - [2022-05-31 19:15:52,186] {dag.py:1833} INFO - Sync 1 DAGs
[2022-05-31 19:15:52,213] {logging_mixin.py:104} INFO - [2022-05-31 19:15:52,213] {dag.py:2306} INFO - Setting next_dagrun for latest_only_with_trigger to 2022-05-29 00:00:00+00:00
[2022-05-31 19:15:52,283] {scheduler_job.py:190} INFO - Processing /home/airflow/.local/lib/python3.8/site-packages/airflow/example_dags/example_latest_only_with_trigger.py took 0.158 seconds
[2022-05-31 19:16:49,602] {scheduler_job.py:182} INFO - Started process (PID=91) to work on /home/airflow/.local/lib/python3.8/site-packages/airflow/example_dags/example_latest_only_with_trigger.py
[2022-05-31 19:16:49,606] {scheduler_job.py:633} INFO - Processing file /home/airflow/.local/lib/python3.8/site-packages/airflow/example_dags/example_latest_only_with_trigger.py for tasks to queue
[2022-05-31 19:16:49,608] {logging_mixin.py:104} INFO - [2022-05-31 19:16:49,607] {dagbag.py:496} INFO - Filling up the DagBag from /home/airflow/.local/lib/python3.8/site-packages/airflow/example_dags/example_latest_only_with_trigger.py
[2022-05-31 19:16:49,622] {scheduler_job.py:643} INFO - DAG(s) dict_keys(['latest_only_with_trigger']) retrieved from /home/airflow/.local/lib/python3.8/site-packages/airflow/example_dags/example_latest_only_with_trigger.py
[2022-05-31 19:16:49,652] {logging_mixin.py:104} INFO - [2022-05-31 19:16:49,652] {dag.py:1833} INFO - Sync 1 DAGs
[2022-05-31 19:16:49,682] {logging_mixin.py:104} INFO - [2022-05-31 19:16:49,681] {dag.py:2306} INFO - Setting next_dagrun for latest_only_with_trigger to 2022-05-29 00:00:00+00:00
[2022-05-31 19:16:49,731] {scheduler_job.py:190} INFO - Processing /home/airflow/.local/lib/python3.8/site-packages/airflow/example_dags/example_latest_only_with_trigger.py took 0.133 seconds
[2022-05-31 19:17:27,761] {scheduler_job.py:182} INFO - Started process (PID=119) to work on /home/airflow/.local/lib/python3.8/site-packages/airflow/example_dags/example_latest_only_with_trigger.py
[2022-05-31 19:17:27,764] {scheduler_job.py:633} INFO - Processing file /home/airflow/.local/lib/python3.8/site-packages/airflow/example_dags/example_latest_only_with_trigger.py for tasks to queue
[2022-05-31 19:17:27,765] {logging_mixin.py:104} INFO - [2022-05-31 19:17:27,765] {dagbag.py:496} INFO - Filling up the DagBag from /home/airflow/.local/lib/python3.8/site-packages/airflow/example_dags/example_latest_only_with_trigger.py
[2022-05-31 19:17:27,786] {scheduler_job.py:643} INFO - DAG(s) dict_keys(['latest_only_with_trigger']) retrieved from /home/airflow/.local/lib/python3.8/site-packages/airflow/example_dags/example_latest_only_with_trigger.py
[2022-05-31 19:17:27,840] {logging_mixin.py:104} INFO - [2022-05-31 19:17:27,839] {dag.py:1833} INFO - Sync 1 DAGs
[2022-05-31 19:17:27,868] {logging_mixin.py:104} INFO - [2022-05-31 19:17:27,867] {dag.py:2306} INFO - Setting next_dagrun for latest_only_with_trigger to 2022-05-29 00:00:00+00:00
[2022-05-31 19:17:27,919] {scheduler_job.py:190} INFO - Processing /home/airflow/.local/lib/python3.8/site-packages/airflow/example_dags/example_latest_only_with_trigger.py took 0.165 seconds
[2022-05-31 19:18:09,806] {scheduler_job.py:182} INFO - Started process (PID=151) to work on /home/airflow/.local/lib/python3.8/site-packages/airflow/example_dags/example_latest_only_with_trigger.py
[2022-05-31 19:18:09,808] {scheduler_job.py:633} INFO - Processing file /home/airflow/.local/lib/python3.8/site-packages/airflow/example_dags/example_latest_only_with_trigger.py for tasks to queue
[2022-05-31 19:18:09,811] {logging_mixin.py:104} INFO - [2022-05-31 19:18:09,810] {dagbag.py:496} INFO - Filling up the DagBag from /home/airflow/.local/lib/python3.8/site-packages/airflow/example_dags/example_latest_only_with_trigger.py
[2022-05-31 19:18:09,827] {scheduler_job.py:643} INFO - DAG(s) dict_keys(['latest_only_with_trigger']) retrieved from /home/airflow/.local/lib/python3.8/site-packages/airflow/example_dags/example_latest_only_with_trigger.py
[2022-05-31 19:18:09,859] {logging_mixin.py:104} INFO - [2022-05-31 19:18:09,859] {dag.py:1833} INFO - Sync 1 DAGs
[2022-05-31 19:18:09,888] {logging_mixin.py:104} INFO - [2022-05-31 19:18:09,888] {dag.py:2306} INFO - Setting next_dagrun for latest_only_with_trigger to 2022-05-29 00:00:00+00:00
[2022-05-31 19:18:09,945] {scheduler_job.py:190} INFO - Processing /home/airflow/.local/lib/python3.8/site-packages/airflow/example_dags/example_latest_only_with_trigger.py took 0.143 seconds
[2022-05-31 19:20:34,611] {scheduler_job.py:182} INFO - Started process (PID=25) to work on /home/airflow/.local/lib/python3.8/site-packages/airflow/example_dags/example_latest_only_with_trigger.py
[2022-05-31 19:20:34,614] {scheduler_job.py:633} INFO - Processing file /home/airflow/.local/lib/python3.8/site-packages/airflow/example_dags/example_latest_only_with_trigger.py for tasks to queue
[2022-05-31 19:20:34,616] {logging_mixin.py:104} INFO - [2022-05-31 19:20:34,616] {dagbag.py:496} INFO - Filling up the DagBag from /home/airflow/.local/lib/python3.8/site-packages/airflow/example_dags/example_latest_only_with_trigger.py
[2022-05-31 19:20:34,635] {scheduler_job.py:643} INFO - DAG(s) dict_keys(['latest_only_with_trigger']) retrieved from /home/airflow/.local/lib/python3.8/site-packages/airflow/example_dags/example_latest_only_with_trigger.py
[2022-05-31 19:20:34,664] {logging_mixin.py:104} INFO - [2022-05-31 19:20:34,663] {dag.py:1833} INFO - Sync 1 DAGs
[2022-05-31 19:20:34,691] {logging_mixin.py:104} INFO - [2022-05-31 19:20:34,691] {dag.py:2306} INFO - Setting next_dagrun for latest_only_with_trigger to 2022-05-29 00:00:00+00:00
[2022-05-31 19:20:34,733] {scheduler_job.py:190} INFO - Processing /home/airflow/.local/lib/python3.8/site-packages/airflow/example_dags/example_latest_only_with_trigger.py took 0.128 seconds
