[2022-05-31 19:16:27,243] {scheduler_job.py:182} INFO - Started process (PID=75) to work on /home/airflow/.local/lib/python3.8/site-packages/airflow/example_dags/example_task_group.py
[2022-05-31 19:16:27,245] {scheduler_job.py:633} INFO - Processing file /home/airflow/.local/lib/python3.8/site-packages/airflow/example_dags/example_task_group.py for tasks to queue
[2022-05-31 19:16:27,247] {logging_mixin.py:104} INFO - [2022-05-31 19:16:27,246] {dagbag.py:496} INFO - Filling up the DagBag from /home/airflow/.local/lib/python3.8/site-packages/airflow/example_dags/example_task_group.py
[2022-05-31 19:16:27,264] {scheduler_job.py:643} INFO - DAG(s) dict_keys(['example_task_group']) retrieved from /home/airflow/.local/lib/python3.8/site-packages/airflow/example_dags/example_task_group.py
[2022-05-31 19:16:27,295] {logging_mixin.py:104} INFO - [2022-05-31 19:16:27,295] {dag.py:1833} INFO - Sync 1 DAGs
[2022-05-31 19:16:27,319] {logging_mixin.py:104} INFO - [2022-05-31 19:16:27,319] {dag.py:2306} INFO - Setting next_dagrun for example_task_group to 2022-05-29 00:00:00+00:00
[2022-05-31 19:16:27,368] {scheduler_job.py:190} INFO - Processing /home/airflow/.local/lib/python3.8/site-packages/airflow/example_dags/example_task_group.py took 0.130 seconds
[2022-05-31 19:17:14,203] {scheduler_job.py:182} INFO - Started process (PID=108) to work on /home/airflow/.local/lib/python3.8/site-packages/airflow/example_dags/example_task_group.py
[2022-05-31 19:17:14,206] {scheduler_job.py:633} INFO - Processing file /home/airflow/.local/lib/python3.8/site-packages/airflow/example_dags/example_task_group.py for tasks to queue
[2022-05-31 19:17:14,208] {logging_mixin.py:104} INFO - [2022-05-31 19:17:14,208] {dagbag.py:496} INFO - Filling up the DagBag from /home/airflow/.local/lib/python3.8/site-packages/airflow/example_dags/example_task_group.py
[2022-05-31 19:17:14,223] {scheduler_job.py:643} INFO - DAG(s) dict_keys(['example_task_group']) retrieved from /home/airflow/.local/lib/python3.8/site-packages/airflow/example_dags/example_task_group.py
[2022-05-31 19:17:14,257] {logging_mixin.py:104} INFO - [2022-05-31 19:17:14,257] {dag.py:1833} INFO - Sync 1 DAGs
[2022-05-31 19:17:14,278] {logging_mixin.py:104} INFO - [2022-05-31 19:17:14,278] {dag.py:2306} INFO - Setting next_dagrun for example_task_group to 2022-05-29 00:00:00+00:00
[2022-05-31 19:17:14,344] {scheduler_job.py:190} INFO - Processing /home/airflow/.local/lib/python3.8/site-packages/airflow/example_dags/example_task_group.py took 0.145 seconds
[2022-05-31 19:17:57,366] {scheduler_job.py:182} INFO - Started process (PID=141) to work on /home/airflow/.local/lib/python3.8/site-packages/airflow/example_dags/example_task_group.py
[2022-05-31 19:17:57,370] {scheduler_job.py:633} INFO - Processing file /home/airflow/.local/lib/python3.8/site-packages/airflow/example_dags/example_task_group.py for tasks to queue
[2022-05-31 19:17:57,372] {logging_mixin.py:104} INFO - [2022-05-31 19:17:57,372] {dagbag.py:496} INFO - Filling up the DagBag from /home/airflow/.local/lib/python3.8/site-packages/airflow/example_dags/example_task_group.py
[2022-05-31 19:17:57,388] {scheduler_job.py:643} INFO - DAG(s) dict_keys(['example_task_group']) retrieved from /home/airflow/.local/lib/python3.8/site-packages/airflow/example_dags/example_task_group.py
[2022-05-31 19:17:57,422] {logging_mixin.py:104} INFO - [2022-05-31 19:17:57,422] {dag.py:1833} INFO - Sync 1 DAGs
[2022-05-31 19:17:57,451] {logging_mixin.py:104} INFO - [2022-05-31 19:17:57,451] {dag.py:2306} INFO - Setting next_dagrun for example_task_group to 2022-05-29 00:00:00+00:00
[2022-05-31 19:17:57,504] {scheduler_job.py:190} INFO - Processing /home/airflow/.local/lib/python3.8/site-packages/airflow/example_dags/example_task_group.py took 0.144 seconds
