[2022-05-31 19:16:29,757] {scheduler_job.py:182} INFO - Started process (PID=77) to work on /home/airflow/.local/lib/python3.8/site-packages/airflow/example_dags/example_branch_operator.py
[2022-05-31 19:16:29,762] {scheduler_job.py:633} INFO - Processing file /home/airflow/.local/lib/python3.8/site-packages/airflow/example_dags/example_branch_operator.py for tasks to queue
[2022-05-31 19:16:29,764] {logging_mixin.py:104} INFO - [2022-05-31 19:16:29,764] {dagbag.py:496} INFO - Filling up the DagBag from /home/airflow/.local/lib/python3.8/site-packages/airflow/example_dags/example_branch_operator.py
[2022-05-31 19:16:29,786] {scheduler_job.py:643} INFO - DAG(s) dict_keys(['example_branch_operator']) retrieved from /home/airflow/.local/lib/python3.8/site-packages/airflow/example_dags/example_branch_operator.py
[2022-05-31 19:16:29,816] {logging_mixin.py:104} INFO - [2022-05-31 19:16:29,816] {dag.py:1833} INFO - Sync 1 DAGs
[2022-05-31 19:16:29,844] {logging_mixin.py:104} INFO - [2022-05-31 19:16:29,844] {dag.py:2306} INFO - Setting next_dagrun for example_branch_operator to 2022-05-29 00:00:00+00:00
[2022-05-31 19:16:29,898] {scheduler_job.py:190} INFO - Processing /home/airflow/.local/lib/python3.8/site-packages/airflow/example_dags/example_branch_operator.py took 0.145 seconds
[2022-05-31 19:17:16,971] {scheduler_job.py:182} INFO - Started process (PID=110) to work on /home/airflow/.local/lib/python3.8/site-packages/airflow/example_dags/example_branch_operator.py
[2022-05-31 19:17:16,975] {scheduler_job.py:633} INFO - Processing file /home/airflow/.local/lib/python3.8/site-packages/airflow/example_dags/example_branch_operator.py for tasks to queue
[2022-05-31 19:17:16,979] {logging_mixin.py:104} INFO - [2022-05-31 19:17:16,979] {dagbag.py:496} INFO - Filling up the DagBag from /home/airflow/.local/lib/python3.8/site-packages/airflow/example_dags/example_branch_operator.py
[2022-05-31 19:17:17,006] {scheduler_job.py:643} INFO - DAG(s) dict_keys(['example_branch_operator']) retrieved from /home/airflow/.local/lib/python3.8/site-packages/airflow/example_dags/example_branch_operator.py
[2022-05-31 19:17:17,039] {logging_mixin.py:104} INFO - [2022-05-31 19:17:17,039] {dag.py:1833} INFO - Sync 1 DAGs
[2022-05-31 19:17:17,075] {logging_mixin.py:104} INFO - [2022-05-31 19:17:17,075] {dag.py:2306} INFO - Setting next_dagrun for example_branch_operator to 2022-05-29 00:00:00+00:00
[2022-05-31 19:17:17,139] {scheduler_job.py:190} INFO - Processing /home/airflow/.local/lib/python3.8/site-packages/airflow/example_dags/example_branch_operator.py took 0.172 seconds
[2022-05-31 19:17:59,983] {scheduler_job.py:182} INFO - Started process (PID=143) to work on /home/airflow/.local/lib/python3.8/site-packages/airflow/example_dags/example_branch_operator.py
[2022-05-31 19:17:59,985] {scheduler_job.py:633} INFO - Processing file /home/airflow/.local/lib/python3.8/site-packages/airflow/example_dags/example_branch_operator.py for tasks to queue
[2022-05-31 19:17:59,987] {logging_mixin.py:104} INFO - [2022-05-31 19:17:59,987] {dagbag.py:496} INFO - Filling up the DagBag from /home/airflow/.local/lib/python3.8/site-packages/airflow/example_dags/example_branch_operator.py
[2022-05-31 19:18:00,008] {scheduler_job.py:643} INFO - DAG(s) dict_keys(['example_branch_operator']) retrieved from /home/airflow/.local/lib/python3.8/site-packages/airflow/example_dags/example_branch_operator.py
[2022-05-31 19:18:00,051] {logging_mixin.py:104} INFO - [2022-05-31 19:18:00,050] {dag.py:1833} INFO - Sync 1 DAGs
[2022-05-31 19:18:00,077] {logging_mixin.py:104} INFO - [2022-05-31 19:18:00,077] {dag.py:2306} INFO - Setting next_dagrun for example_branch_operator to 2022-05-29 00:00:00+00:00
[2022-05-31 19:18:00,127] {scheduler_job.py:190} INFO - Processing /home/airflow/.local/lib/python3.8/site-packages/airflow/example_dags/example_branch_operator.py took 0.149 seconds
