[2022-05-31 19:16:03,819] {scheduler_job.py:182} INFO - Started process (PID=61) to work on /home/airflow/.local/lib/python3.8/site-packages/airflow/example_dags/example_kubernetes_executor_config.py
[2022-05-31 19:16:03,822] {scheduler_job.py:633} INFO - Processing file /home/airflow/.local/lib/python3.8/site-packages/airflow/example_dags/example_kubernetes_executor_config.py for tasks to queue
[2022-05-31 19:16:03,824] {logging_mixin.py:104} INFO - [2022-05-31 19:16:03,823] {dagbag.py:496} INFO - Filling up the DagBag from /home/airflow/.local/lib/python3.8/site-packages/airflow/example_dags/example_kubernetes_executor_config.py
[2022-05-31 19:16:03,846] {scheduler_job.py:643} INFO - DAG(s) dict_keys(['example_kubernetes_executor_config']) retrieved from /home/airflow/.local/lib/python3.8/site-packages/airflow/example_dags/example_kubernetes_executor_config.py
[2022-05-31 19:16:03,883] {logging_mixin.py:104} INFO - [2022-05-31 19:16:03,883] {dag.py:1833} INFO - Sync 1 DAGs
[2022-05-31 19:16:03,919] {logging_mixin.py:104} INFO - [2022-05-31 19:16:03,919] {dag.py:2306} INFO - Setting next_dagrun for example_kubernetes_executor_config to None
[2022-05-31 19:16:03,975] {scheduler_job.py:190} INFO - Processing /home/airflow/.local/lib/python3.8/site-packages/airflow/example_dags/example_kubernetes_executor_config.py took 0.161 seconds
[2022-05-31 19:16:54,358] {scheduler_job.py:182} INFO - Started process (PID=94) to work on /home/airflow/.local/lib/python3.8/site-packages/airflow/example_dags/example_kubernetes_executor_config.py
[2022-05-31 19:16:54,361] {scheduler_job.py:633} INFO - Processing file /home/airflow/.local/lib/python3.8/site-packages/airflow/example_dags/example_kubernetes_executor_config.py for tasks to queue
[2022-05-31 19:16:54,363] {logging_mixin.py:104} INFO - [2022-05-31 19:16:54,363] {dagbag.py:496} INFO - Filling up the DagBag from /home/airflow/.local/lib/python3.8/site-packages/airflow/example_dags/example_kubernetes_executor_config.py
[2022-05-31 19:16:54,379] {scheduler_job.py:643} INFO - DAG(s) dict_keys(['example_kubernetes_executor_config']) retrieved from /home/airflow/.local/lib/python3.8/site-packages/airflow/example_dags/example_kubernetes_executor_config.py
[2022-05-31 19:16:54,407] {logging_mixin.py:104} INFO - [2022-05-31 19:16:54,407] {dag.py:1833} INFO - Sync 1 DAGs
[2022-05-31 19:16:54,431] {logging_mixin.py:104} INFO - [2022-05-31 19:16:54,431] {dag.py:2306} INFO - Setting next_dagrun for example_kubernetes_executor_config to None
[2022-05-31 19:16:54,476] {scheduler_job.py:190} INFO - Processing /home/airflow/.local/lib/python3.8/site-packages/airflow/example_dags/example_kubernetes_executor_config.py took 0.122 seconds
[2022-05-31 19:17:38,506] {scheduler_job.py:182} INFO - Started process (PID=127) to work on /home/airflow/.local/lib/python3.8/site-packages/airflow/example_dags/example_kubernetes_executor_config.py
[2022-05-31 19:17:38,508] {scheduler_job.py:633} INFO - Processing file /home/airflow/.local/lib/python3.8/site-packages/airflow/example_dags/example_kubernetes_executor_config.py for tasks to queue
[2022-05-31 19:17:38,510] {logging_mixin.py:104} INFO - [2022-05-31 19:17:38,510] {dagbag.py:496} INFO - Filling up the DagBag from /home/airflow/.local/lib/python3.8/site-packages/airflow/example_dags/example_kubernetes_executor_config.py
[2022-05-31 19:17:38,525] {scheduler_job.py:643} INFO - DAG(s) dict_keys(['example_kubernetes_executor_config']) retrieved from /home/airflow/.local/lib/python3.8/site-packages/airflow/example_dags/example_kubernetes_executor_config.py
[2022-05-31 19:17:38,553] {logging_mixin.py:104} INFO - [2022-05-31 19:17:38,553] {dag.py:1833} INFO - Sync 1 DAGs
[2022-05-31 19:17:38,578] {logging_mixin.py:104} INFO - [2022-05-31 19:17:38,578] {dag.py:2306} INFO - Setting next_dagrun for example_kubernetes_executor_config to None
[2022-05-31 19:17:38,625] {scheduler_job.py:190} INFO - Processing /home/airflow/.local/lib/python3.8/site-packages/airflow/example_dags/example_kubernetes_executor_config.py took 0.122 seconds
[2022-05-31 19:20:38,517] {scheduler_job.py:182} INFO - Started process (PID=28) to work on /home/airflow/.local/lib/python3.8/site-packages/airflow/example_dags/example_kubernetes_executor_config.py
[2022-05-31 19:20:38,525] {scheduler_job.py:633} INFO - Processing file /home/airflow/.local/lib/python3.8/site-packages/airflow/example_dags/example_kubernetes_executor_config.py for tasks to queue
[2022-05-31 19:20:38,527] {logging_mixin.py:104} INFO - [2022-05-31 19:20:38,527] {dagbag.py:496} INFO - Filling up the DagBag from /home/airflow/.local/lib/python3.8/site-packages/airflow/example_dags/example_kubernetes_executor_config.py
[2022-05-31 19:20:38,550] {scheduler_job.py:643} INFO - DAG(s) dict_keys(['example_kubernetes_executor_config']) retrieved from /home/airflow/.local/lib/python3.8/site-packages/airflow/example_dags/example_kubernetes_executor_config.py
[2022-05-31 19:20:38,578] {logging_mixin.py:104} INFO - [2022-05-31 19:20:38,578] {dag.py:1833} INFO - Sync 1 DAGs
[2022-05-31 19:20:38,599] {logging_mixin.py:104} INFO - [2022-05-31 19:20:38,599] {dag.py:2306} INFO - Setting next_dagrun for example_kubernetes_executor_config to None
[2022-05-31 19:20:38,654] {scheduler_job.py:190} INFO - Processing /home/airflow/.local/lib/python3.8/site-packages/airflow/example_dags/example_kubernetes_executor_config.py took 0.146 seconds
