[2022-05-31 19:16:31,074] {scheduler_job.py:182} INFO - Started process (PID=78) to work on /home/airflow/.local/lib/python3.8/site-packages/airflow/example_dags/example_branch_labels.py
[2022-05-31 19:16:31,080] {scheduler_job.py:633} INFO - Processing file /home/airflow/.local/lib/python3.8/site-packages/airflow/example_dags/example_branch_labels.py for tasks to queue
[2022-05-31 19:16:31,086] {logging_mixin.py:104} INFO - [2022-05-31 19:16:31,086] {dagbag.py:496} INFO - Filling up the DagBag from /home/airflow/.local/lib/python3.8/site-packages/airflow/example_dags/example_branch_labels.py
[2022-05-31 19:16:31,141] {scheduler_job.py:643} INFO - DAG(s) dict_keys(['example_branch_labels']) retrieved from /home/airflow/.local/lib/python3.8/site-packages/airflow/example_dags/example_branch_labels.py
[2022-05-31 19:16:31,181] {logging_mixin.py:104} INFO - [2022-05-31 19:16:31,181] {dag.py:1833} INFO - Sync 1 DAGs
[2022-05-31 19:16:31,262] {logging_mixin.py:104} INFO - [2022-05-31 19:16:31,262] {dag.py:2306} INFO - Setting next_dagrun for example_branch_labels to 2022-05-29 00:00:00+00:00
[2022-05-31 19:16:31,449] {scheduler_job.py:190} INFO - Processing /home/airflow/.local/lib/python3.8/site-packages/airflow/example_dags/example_branch_labels.py took 0.389 seconds
[2022-05-31 19:17:18,244] {scheduler_job.py:182} INFO - Started process (PID=111) to work on /home/airflow/.local/lib/python3.8/site-packages/airflow/example_dags/example_branch_labels.py
[2022-05-31 19:17:18,247] {scheduler_job.py:633} INFO - Processing file /home/airflow/.local/lib/python3.8/site-packages/airflow/example_dags/example_branch_labels.py for tasks to queue
[2022-05-31 19:17:18,249] {logging_mixin.py:104} INFO - [2022-05-31 19:17:18,249] {dagbag.py:496} INFO - Filling up the DagBag from /home/airflow/.local/lib/python3.8/site-packages/airflow/example_dags/example_branch_labels.py
[2022-05-31 19:17:18,263] {scheduler_job.py:643} INFO - DAG(s) dict_keys(['example_branch_labels']) retrieved from /home/airflow/.local/lib/python3.8/site-packages/airflow/example_dags/example_branch_labels.py
[2022-05-31 19:17:18,292] {logging_mixin.py:104} INFO - [2022-05-31 19:17:18,292] {dag.py:1833} INFO - Sync 1 DAGs
[2022-05-31 19:17:18,320] {logging_mixin.py:104} INFO - [2022-05-31 19:17:18,320] {dag.py:2306} INFO - Setting next_dagrun for example_branch_labels to 2022-05-29 00:00:00+00:00
[2022-05-31 19:17:19,379] {scheduler_job.py:190} INFO - Processing /home/airflow/.local/lib/python3.8/site-packages/airflow/example_dags/example_branch_labels.py took 1.139 seconds
[2022-05-31 19:18:01,280] {scheduler_job.py:182} INFO - Started process (PID=144) to work on /home/airflow/.local/lib/python3.8/site-packages/airflow/example_dags/example_branch_labels.py
[2022-05-31 19:18:01,284] {scheduler_job.py:633} INFO - Processing file /home/airflow/.local/lib/python3.8/site-packages/airflow/example_dags/example_branch_labels.py for tasks to queue
[2022-05-31 19:18:01,286] {logging_mixin.py:104} INFO - [2022-05-31 19:18:01,286] {dagbag.py:496} INFO - Filling up the DagBag from /home/airflow/.local/lib/python3.8/site-packages/airflow/example_dags/example_branch_labels.py
[2022-05-31 19:18:01,305] {scheduler_job.py:643} INFO - DAG(s) dict_keys(['example_branch_labels']) retrieved from /home/airflow/.local/lib/python3.8/site-packages/airflow/example_dags/example_branch_labels.py
[2022-05-31 19:18:01,347] {logging_mixin.py:104} INFO - [2022-05-31 19:18:01,347] {dag.py:1833} INFO - Sync 1 DAGs
[2022-05-31 19:18:01,382] {logging_mixin.py:104} INFO - [2022-05-31 19:18:01,382] {dag.py:2306} INFO - Setting next_dagrun for example_branch_labels to 2022-05-29 00:00:00+00:00
[2022-05-31 19:18:01,435] {scheduler_job.py:190} INFO - Processing /home/airflow/.local/lib/python3.8/site-packages/airflow/example_dags/example_branch_labels.py took 0.160 seconds
