[2022-05-31 19:16:28,175] {scheduler_job.py:182} INFO - Started process (PID=76) to work on /home/airflow/.local/lib/python3.8/site-packages/airflow/example_dags/example_latest_only.py
[2022-05-31 19:16:28,179] {scheduler_job.py:633} INFO - Processing file /home/airflow/.local/lib/python3.8/site-packages/airflow/example_dags/example_latest_only.py for tasks to queue
[2022-05-31 19:16:28,183] {logging_mixin.py:104} INFO - [2022-05-31 19:16:28,182] {dagbag.py:496} INFO - Filling up the DagBag from /home/airflow/.local/lib/python3.8/site-packages/airflow/example_dags/example_latest_only.py
[2022-05-31 19:16:28,205] {scheduler_job.py:643} INFO - DAG(s) dict_keys(['latest_only']) retrieved from /home/airflow/.local/lib/python3.8/site-packages/airflow/example_dags/example_latest_only.py
[2022-05-31 19:16:28,265] {logging_mixin.py:104} INFO - [2022-05-31 19:16:28,265] {dag.py:1833} INFO - Sync 1 DAGs
[2022-05-31 19:16:28,388] {logging_mixin.py:104} INFO - [2022-05-31 19:16:28,388] {dag.py:2306} INFO - Setting next_dagrun for latest_only to 2022-05-29 00:00:00+00:00
[2022-05-31 19:16:28,459] {scheduler_job.py:190} INFO - Processing /home/airflow/.local/lib/python3.8/site-packages/airflow/example_dags/example_latest_only.py took 0.290 seconds
[2022-05-31 19:17:15,590] {scheduler_job.py:182} INFO - Started process (PID=109) to work on /home/airflow/.local/lib/python3.8/site-packages/airflow/example_dags/example_latest_only.py
[2022-05-31 19:17:15,593] {scheduler_job.py:633} INFO - Processing file /home/airflow/.local/lib/python3.8/site-packages/airflow/example_dags/example_latest_only.py for tasks to queue
[2022-05-31 19:17:15,596] {logging_mixin.py:104} INFO - [2022-05-31 19:17:15,596] {dagbag.py:496} INFO - Filling up the DagBag from /home/airflow/.local/lib/python3.8/site-packages/airflow/example_dags/example_latest_only.py
[2022-05-31 19:17:15,624] {scheduler_job.py:643} INFO - DAG(s) dict_keys(['latest_only']) retrieved from /home/airflow/.local/lib/python3.8/site-packages/airflow/example_dags/example_latest_only.py
[2022-05-31 19:17:15,696] {logging_mixin.py:104} INFO - [2022-05-31 19:17:15,696] {dag.py:1833} INFO - Sync 1 DAGs
[2022-05-31 19:17:15,748] {logging_mixin.py:104} INFO - [2022-05-31 19:17:15,747] {dag.py:2306} INFO - Setting next_dagrun for latest_only to 2022-05-29 00:00:00+00:00
[2022-05-31 19:17:15,809] {scheduler_job.py:190} INFO - Processing /home/airflow/.local/lib/python3.8/site-packages/airflow/example_dags/example_latest_only.py took 0.223 seconds
[2022-05-31 19:17:58,711] {scheduler_job.py:182} INFO - Started process (PID=142) to work on /home/airflow/.local/lib/python3.8/site-packages/airflow/example_dags/example_latest_only.py
[2022-05-31 19:17:58,716] {scheduler_job.py:633} INFO - Processing file /home/airflow/.local/lib/python3.8/site-packages/airflow/example_dags/example_latest_only.py for tasks to queue
[2022-05-31 19:17:58,717] {logging_mixin.py:104} INFO - [2022-05-31 19:17:58,717] {dagbag.py:496} INFO - Filling up the DagBag from /home/airflow/.local/lib/python3.8/site-packages/airflow/example_dags/example_latest_only.py
[2022-05-31 19:17:58,731] {scheduler_job.py:643} INFO - DAG(s) dict_keys(['latest_only']) retrieved from /home/airflow/.local/lib/python3.8/site-packages/airflow/example_dags/example_latest_only.py
[2022-05-31 19:17:58,757] {logging_mixin.py:104} INFO - [2022-05-31 19:17:58,757] {dag.py:1833} INFO - Sync 1 DAGs
[2022-05-31 19:17:58,785] {logging_mixin.py:104} INFO - [2022-05-31 19:17:58,784] {dag.py:2306} INFO - Setting next_dagrun for latest_only to 2022-05-29 00:00:00+00:00
[2022-05-31 19:17:58,839] {scheduler_job.py:190} INFO - Processing /home/airflow/.local/lib/python3.8/site-packages/airflow/example_dags/example_latest_only.py took 0.133 seconds
