[2022-05-31 19:16:14,405] {scheduler_job.py:182} INFO - Started process (PID=68) to work on /home/airflow/.local/lib/python3.8/site-packages/airflow/example_dags/example_xcomargs.py
[2022-05-31 19:16:14,412] {scheduler_job.py:633} INFO - Processing file /home/airflow/.local/lib/python3.8/site-packages/airflow/example_dags/example_xcomargs.py for tasks to queue
[2022-05-31 19:16:14,416] {logging_mixin.py:104} INFO - [2022-05-31 19:16:14,416] {dagbag.py:496} INFO - Filling up the DagBag from /home/airflow/.local/lib/python3.8/site-packages/airflow/example_dags/example_xcomargs.py
[2022-05-31 19:16:14,465] {scheduler_job.py:643} INFO - DAG(s) dict_keys(['example_xcom_args', 'example_xcom_args_with_operators']) retrieved from /home/airflow/.local/lib/python3.8/site-packages/airflow/example_dags/example_xcomargs.py
[2022-05-31 19:16:14,723] {logging_mixin.py:104} INFO - [2022-05-31 19:16:14,723] {dag.py:1833} INFO - Sync 2 DAGs
[2022-05-31 19:16:14,742] {logging_mixin.py:104} INFO - [2022-05-31 19:16:14,741] {dag.py:2306} INFO - Setting next_dagrun for example_xcom_args to None
[2022-05-31 19:16:14,744] {logging_mixin.py:104} INFO - [2022-05-31 19:16:14,743] {dag.py:2306} INFO - Setting next_dagrun for example_xcom_args_with_operators to None
[2022-05-31 19:16:14,806] {scheduler_job.py:190} INFO - Processing /home/airflow/.local/lib/python3.8/site-packages/airflow/example_dags/example_xcomargs.py took 0.412 seconds
[2022-05-31 19:17:05,066] {scheduler_job.py:182} INFO - Started process (PID=101) to work on /home/airflow/.local/lib/python3.8/site-packages/airflow/example_dags/example_xcomargs.py
[2022-05-31 19:17:05,069] {scheduler_job.py:633} INFO - Processing file /home/airflow/.local/lib/python3.8/site-packages/airflow/example_dags/example_xcomargs.py for tasks to queue
[2022-05-31 19:17:05,071] {logging_mixin.py:104} INFO - [2022-05-31 19:17:05,071] {dagbag.py:496} INFO - Filling up the DagBag from /home/airflow/.local/lib/python3.8/site-packages/airflow/example_dags/example_xcomargs.py
[2022-05-31 19:17:05,101] {scheduler_job.py:643} INFO - DAG(s) dict_keys(['example_xcom_args', 'example_xcom_args_with_operators']) retrieved from /home/airflow/.local/lib/python3.8/site-packages/airflow/example_dags/example_xcomargs.py
[2022-05-31 19:17:05,465] {logging_mixin.py:104} INFO - [2022-05-31 19:17:05,465] {dag.py:1833} INFO - Sync 2 DAGs
[2022-05-31 19:17:05,488] {logging_mixin.py:104} INFO - [2022-05-31 19:17:05,488] {dag.py:2306} INFO - Setting next_dagrun for example_xcom_args to None
[2022-05-31 19:17:05,490] {logging_mixin.py:104} INFO - [2022-05-31 19:17:05,490] {dag.py:2306} INFO - Setting next_dagrun for example_xcom_args_with_operators to None
[2022-05-31 19:17:05,559] {scheduler_job.py:190} INFO - Processing /home/airflow/.local/lib/python3.8/site-packages/airflow/example_dags/example_xcomargs.py took 0.498 seconds
[2022-05-31 19:17:48,090] {scheduler_job.py:182} INFO - Started process (PID=134) to work on /home/airflow/.local/lib/python3.8/site-packages/airflow/example_dags/example_xcomargs.py
[2022-05-31 19:17:48,093] {scheduler_job.py:633} INFO - Processing file /home/airflow/.local/lib/python3.8/site-packages/airflow/example_dags/example_xcomargs.py for tasks to queue
[2022-05-31 19:17:48,095] {logging_mixin.py:104} INFO - [2022-05-31 19:17:48,095] {dagbag.py:496} INFO - Filling up the DagBag from /home/airflow/.local/lib/python3.8/site-packages/airflow/example_dags/example_xcomargs.py
[2022-05-31 19:17:48,120] {scheduler_job.py:643} INFO - DAG(s) dict_keys(['example_xcom_args', 'example_xcom_args_with_operators']) retrieved from /home/airflow/.local/lib/python3.8/site-packages/airflow/example_dags/example_xcomargs.py
[2022-05-31 19:17:48,380] {logging_mixin.py:104} INFO - [2022-05-31 19:17:48,380] {dag.py:1833} INFO - Sync 2 DAGs
[2022-05-31 19:17:48,405] {logging_mixin.py:104} INFO - [2022-05-31 19:17:48,404] {dag.py:2306} INFO - Setting next_dagrun for example_xcom_args to None
[2022-05-31 19:17:48,407] {logging_mixin.py:104} INFO - [2022-05-31 19:17:48,407] {dag.py:2306} INFO - Setting next_dagrun for example_xcom_args_with_operators to None
[2022-05-31 19:17:48,467] {scheduler_job.py:190} INFO - Processing /home/airflow/.local/lib/python3.8/site-packages/airflow/example_dags/example_xcomargs.py took 0.380 seconds
