[2022-05-31 19:16:01,134] {scheduler_job.py:182} INFO - Started process (PID=60) to work on /home/airflow/.local/lib/python3.8/site-packages/airflow/example_dags/example_kubernetes_executor.py
[2022-05-31 19:16:01,137] {scheduler_job.py:633} INFO - Processing file /home/airflow/.local/lib/python3.8/site-packages/airflow/example_dags/example_kubernetes_executor.py for tasks to queue
[2022-05-31 19:16:01,139] {logging_mixin.py:104} INFO - [2022-05-31 19:16:01,139] {dagbag.py:496} INFO - Filling up the DagBag from /home/airflow/.local/lib/python3.8/site-packages/airflow/example_dags/example_kubernetes_executor.py
[2022-05-31 19:16:01,159] {scheduler_job.py:643} INFO - DAG(s) dict_keys(['example_kubernetes_executor']) retrieved from /home/airflow/.local/lib/python3.8/site-packages/airflow/example_dags/example_kubernetes_executor.py
[2022-05-31 19:16:01,201] {logging_mixin.py:104} INFO - [2022-05-31 19:16:01,201] {dag.py:1833} INFO - Sync 1 DAGs
[2022-05-31 19:16:01,227] {logging_mixin.py:104} INFO - [2022-05-31 19:16:01,227] {dag.py:2306} INFO - Setting next_dagrun for example_kubernetes_executor to None
[2022-05-31 19:16:01,276] {scheduler_job.py:190} INFO - Processing /home/airflow/.local/lib/python3.8/site-packages/airflow/example_dags/example_kubernetes_executor.py took 0.150 seconds
[2022-05-31 19:16:52,383] {scheduler_job.py:182} INFO - Started process (PID=93) to work on /home/airflow/.local/lib/python3.8/site-packages/airflow/example_dags/example_kubernetes_executor.py
[2022-05-31 19:16:52,388] {scheduler_job.py:633} INFO - Processing file /home/airflow/.local/lib/python3.8/site-packages/airflow/example_dags/example_kubernetes_executor.py for tasks to queue
[2022-05-31 19:16:52,391] {logging_mixin.py:104} INFO - [2022-05-31 19:16:52,391] {dagbag.py:496} INFO - Filling up the DagBag from /home/airflow/.local/lib/python3.8/site-packages/airflow/example_dags/example_kubernetes_executor.py
[2022-05-31 19:16:52,603] {scheduler_job.py:643} INFO - DAG(s) dict_keys(['example_kubernetes_executor']) retrieved from /home/airflow/.local/lib/python3.8/site-packages/airflow/example_dags/example_kubernetes_executor.py
[2022-05-31 19:16:52,712] {logging_mixin.py:104} INFO - [2022-05-31 19:16:52,712] {dag.py:1833} INFO - Sync 1 DAGs
[2022-05-31 19:16:52,830] {logging_mixin.py:104} INFO - [2022-05-31 19:16:52,829] {dag.py:2306} INFO - Setting next_dagrun for example_kubernetes_executor to None
[2022-05-31 19:16:52,989] {scheduler_job.py:190} INFO - Processing /home/airflow/.local/lib/python3.8/site-packages/airflow/example_dags/example_kubernetes_executor.py took 0.610 seconds
[2022-05-31 19:17:30,276] {scheduler_job.py:182} INFO - Started process (PID=121) to work on /home/airflow/.local/lib/python3.8/site-packages/airflow/example_dags/example_kubernetes_executor.py
[2022-05-31 19:17:30,280] {scheduler_job.py:633} INFO - Processing file /home/airflow/.local/lib/python3.8/site-packages/airflow/example_dags/example_kubernetes_executor.py for tasks to queue
[2022-05-31 19:17:30,283] {logging_mixin.py:104} INFO - [2022-05-31 19:17:30,282] {dagbag.py:496} INFO - Filling up the DagBag from /home/airflow/.local/lib/python3.8/site-packages/airflow/example_dags/example_kubernetes_executor.py
[2022-05-31 19:17:30,304] {scheduler_job.py:643} INFO - DAG(s) dict_keys(['example_kubernetes_executor']) retrieved from /home/airflow/.local/lib/python3.8/site-packages/airflow/example_dags/example_kubernetes_executor.py
[2022-05-31 19:17:30,342] {logging_mixin.py:104} INFO - [2022-05-31 19:17:30,342] {dag.py:1833} INFO - Sync 1 DAGs
[2022-05-31 19:17:30,374] {logging_mixin.py:104} INFO - [2022-05-31 19:17:30,373] {dag.py:2306} INFO - Setting next_dagrun for example_kubernetes_executor to None
[2022-05-31 19:17:30,433] {scheduler_job.py:190} INFO - Processing /home/airflow/.local/lib/python3.8/site-packages/airflow/example_dags/example_kubernetes_executor.py took 0.162 seconds
[2022-05-31 19:18:12,373] {scheduler_job.py:182} INFO - Started process (PID=153) to work on /home/airflow/.local/lib/python3.8/site-packages/airflow/example_dags/example_kubernetes_executor.py
[2022-05-31 19:18:12,377] {scheduler_job.py:633} INFO - Processing file /home/airflow/.local/lib/python3.8/site-packages/airflow/example_dags/example_kubernetes_executor.py for tasks to queue
[2022-05-31 19:18:12,379] {logging_mixin.py:104} INFO - [2022-05-31 19:18:12,379] {dagbag.py:496} INFO - Filling up the DagBag from /home/airflow/.local/lib/python3.8/site-packages/airflow/example_dags/example_kubernetes_executor.py
[2022-05-31 19:18:12,399] {scheduler_job.py:643} INFO - DAG(s) dict_keys(['example_kubernetes_executor']) retrieved from /home/airflow/.local/lib/python3.8/site-packages/airflow/example_dags/example_kubernetes_executor.py
[2022-05-31 19:18:12,433] {logging_mixin.py:104} INFO - [2022-05-31 19:18:12,433] {dag.py:1833} INFO - Sync 1 DAGs
[2022-05-31 19:18:12,461] {logging_mixin.py:104} INFO - [2022-05-31 19:18:12,461] {dag.py:2306} INFO - Setting next_dagrun for example_kubernetes_executor to None
[2022-05-31 19:18:12,510] {scheduler_job.py:190} INFO - Processing /home/airflow/.local/lib/python3.8/site-packages/airflow/example_dags/example_kubernetes_executor.py took 0.142 seconds
[2022-05-31 19:20:37,178] {scheduler_job.py:182} INFO - Started process (PID=27) to work on /home/airflow/.local/lib/python3.8/site-packages/airflow/example_dags/example_kubernetes_executor.py
[2022-05-31 19:20:37,181] {scheduler_job.py:633} INFO - Processing file /home/airflow/.local/lib/python3.8/site-packages/airflow/example_dags/example_kubernetes_executor.py for tasks to queue
[2022-05-31 19:20:37,183] {logging_mixin.py:104} INFO - [2022-05-31 19:20:37,183] {dagbag.py:496} INFO - Filling up the DagBag from /home/airflow/.local/lib/python3.8/site-packages/airflow/example_dags/example_kubernetes_executor.py
[2022-05-31 19:20:37,198] {scheduler_job.py:643} INFO - DAG(s) dict_keys(['example_kubernetes_executor']) retrieved from /home/airflow/.local/lib/python3.8/site-packages/airflow/example_dags/example_kubernetes_executor.py
[2022-05-31 19:20:37,223] {logging_mixin.py:104} INFO - [2022-05-31 19:20:37,223] {dag.py:1833} INFO - Sync 1 DAGs
[2022-05-31 19:20:37,244] {logging_mixin.py:104} INFO - [2022-05-31 19:20:37,244] {dag.py:2306} INFO - Setting next_dagrun for example_kubernetes_executor to None
[2022-05-31 19:20:37,291] {scheduler_job.py:190} INFO - Processing /home/airflow/.local/lib/python3.8/site-packages/airflow/example_dags/example_kubernetes_executor.py took 0.116 seconds
