[2022-05-31 19:16:06,111] {scheduler_job.py:182} INFO - Started process (PID=63) to work on /home/airflow/.local/lib/python3.8/site-packages/airflow/example_dags/example_python_operator.py
[2022-05-31 19:16:06,114] {scheduler_job.py:633} INFO - Processing file /home/airflow/.local/lib/python3.8/site-packages/airflow/example_dags/example_python_operator.py for tasks to queue
[2022-05-31 19:16:06,116] {logging_mixin.py:104} INFO - [2022-05-31 19:16:06,116] {dagbag.py:496} INFO - Filling up the DagBag from /home/airflow/.local/lib/python3.8/site-packages/airflow/example_dags/example_python_operator.py
[2022-05-31 19:16:06,134] {scheduler_job.py:643} INFO - DAG(s) dict_keys(['example_python_operator']) retrieved from /home/airflow/.local/lib/python3.8/site-packages/airflow/example_dags/example_python_operator.py
[2022-05-31 19:16:06,167] {logging_mixin.py:104} INFO - [2022-05-31 19:16:06,167] {dag.py:1833} INFO - Sync 1 DAGs
[2022-05-31 19:16:06,190] {logging_mixin.py:104} INFO - [2022-05-31 19:16:06,189] {dag.py:2306} INFO - Setting next_dagrun for example_python_operator to None
[2022-05-31 19:16:06,240] {scheduler_job.py:190} INFO - Processing /home/airflow/.local/lib/python3.8/site-packages/airflow/example_dags/example_python_operator.py took 0.134 seconds
[2022-05-31 19:16:56,360] {scheduler_job.py:182} INFO - Started process (PID=96) to work on /home/airflow/.local/lib/python3.8/site-packages/airflow/example_dags/example_python_operator.py
[2022-05-31 19:16:56,366] {scheduler_job.py:633} INFO - Processing file /home/airflow/.local/lib/python3.8/site-packages/airflow/example_dags/example_python_operator.py for tasks to queue
[2022-05-31 19:16:56,368] {logging_mixin.py:104} INFO - [2022-05-31 19:16:56,368] {dagbag.py:496} INFO - Filling up the DagBag from /home/airflow/.local/lib/python3.8/site-packages/airflow/example_dags/example_python_operator.py
[2022-05-31 19:16:56,398] {scheduler_job.py:643} INFO - DAG(s) dict_keys(['example_python_operator']) retrieved from /home/airflow/.local/lib/python3.8/site-packages/airflow/example_dags/example_python_operator.py
[2022-05-31 19:16:56,435] {logging_mixin.py:104} INFO - [2022-05-31 19:16:56,435] {dag.py:1833} INFO - Sync 1 DAGs
[2022-05-31 19:16:56,473] {logging_mixin.py:104} INFO - [2022-05-31 19:16:56,473] {dag.py:2306} INFO - Setting next_dagrun for example_python_operator to None
[2022-05-31 19:16:56,548] {scheduler_job.py:190} INFO - Processing /home/airflow/.local/lib/python3.8/site-packages/airflow/example_dags/example_python_operator.py took 0.195 seconds
[2022-05-31 19:17:41,259] {scheduler_job.py:182} INFO - Started process (PID=129) to work on /home/airflow/.local/lib/python3.8/site-packages/airflow/example_dags/example_python_operator.py
[2022-05-31 19:17:41,261] {scheduler_job.py:633} INFO - Processing file /home/airflow/.local/lib/python3.8/site-packages/airflow/example_dags/example_python_operator.py for tasks to queue
[2022-05-31 19:17:41,263] {logging_mixin.py:104} INFO - [2022-05-31 19:17:41,263] {dagbag.py:496} INFO - Filling up the DagBag from /home/airflow/.local/lib/python3.8/site-packages/airflow/example_dags/example_python_operator.py
[2022-05-31 19:17:41,277] {scheduler_job.py:643} INFO - DAG(s) dict_keys(['example_python_operator']) retrieved from /home/airflow/.local/lib/python3.8/site-packages/airflow/example_dags/example_python_operator.py
[2022-05-31 19:17:41,303] {logging_mixin.py:104} INFO - [2022-05-31 19:17:41,303] {dag.py:1833} INFO - Sync 1 DAGs
[2022-05-31 19:17:41,324] {logging_mixin.py:104} INFO - [2022-05-31 19:17:41,324] {dag.py:2306} INFO - Setting next_dagrun for example_python_operator to None
[2022-05-31 19:17:41,374] {scheduler_job.py:190} INFO - Processing /home/airflow/.local/lib/python3.8/site-packages/airflow/example_dags/example_python_operator.py took 0.118 seconds
