[2022-05-31 19:16:33,744] {scheduler_job.py:182} INFO - Started process (PID=80) to work on /home/airflow/.local/lib/python3.8/site-packages/airflow/example_dags/example_complex.py
[2022-05-31 19:16:33,750] {scheduler_job.py:633} INFO - Processing file /home/airflow/.local/lib/python3.8/site-packages/airflow/example_dags/example_complex.py for tasks to queue
[2022-05-31 19:16:33,754] {logging_mixin.py:104} INFO - [2022-05-31 19:16:33,753] {dagbag.py:496} INFO - Filling up the DagBag from /home/airflow/.local/lib/python3.8/site-packages/airflow/example_dags/example_complex.py
[2022-05-31 19:16:33,779] {scheduler_job.py:643} INFO - DAG(s) dict_keys(['example_complex']) retrieved from /home/airflow/.local/lib/python3.8/site-packages/airflow/example_dags/example_complex.py
[2022-05-31 19:16:33,818] {logging_mixin.py:104} INFO - [2022-05-31 19:16:33,818] {dag.py:1833} INFO - Sync 1 DAGs
[2022-05-31 19:16:33,837] {logging_mixin.py:104} INFO - [2022-05-31 19:16:33,837] {dag.py:2306} INFO - Setting next_dagrun for example_complex to None
[2022-05-31 19:16:33,882] {scheduler_job.py:190} INFO - Processing /home/airflow/.local/lib/python3.8/site-packages/airflow/example_dags/example_complex.py took 0.141 seconds
[2022-05-31 19:17:20,892] {scheduler_job.py:182} INFO - Started process (PID=113) to work on /home/airflow/.local/lib/python3.8/site-packages/airflow/example_dags/example_complex.py
[2022-05-31 19:17:20,896] {scheduler_job.py:633} INFO - Processing file /home/airflow/.local/lib/python3.8/site-packages/airflow/example_dags/example_complex.py for tasks to queue
[2022-05-31 19:17:20,898] {logging_mixin.py:104} INFO - [2022-05-31 19:17:20,898] {dagbag.py:496} INFO - Filling up the DagBag from /home/airflow/.local/lib/python3.8/site-packages/airflow/example_dags/example_complex.py
[2022-05-31 19:17:20,927] {scheduler_job.py:643} INFO - DAG(s) dict_keys(['example_complex']) retrieved from /home/airflow/.local/lib/python3.8/site-packages/airflow/example_dags/example_complex.py
[2022-05-31 19:17:20,968] {logging_mixin.py:104} INFO - [2022-05-31 19:17:20,968] {dag.py:1833} INFO - Sync 1 DAGs
[2022-05-31 19:17:20,994] {logging_mixin.py:104} INFO - [2022-05-31 19:17:20,993] {dag.py:2306} INFO - Setting next_dagrun for example_complex to None
[2022-05-31 19:17:21,045] {scheduler_job.py:190} INFO - Processing /home/airflow/.local/lib/python3.8/site-packages/airflow/example_dags/example_complex.py took 0.157 seconds
[2022-05-31 19:18:04,294] {scheduler_job.py:182} INFO - Started process (PID=146) to work on /home/airflow/.local/lib/python3.8/site-packages/airflow/example_dags/example_complex.py
[2022-05-31 19:18:04,296] {scheduler_job.py:633} INFO - Processing file /home/airflow/.local/lib/python3.8/site-packages/airflow/example_dags/example_complex.py for tasks to queue
[2022-05-31 19:18:04,298] {logging_mixin.py:104} INFO - [2022-05-31 19:18:04,298] {dagbag.py:496} INFO - Filling up the DagBag from /home/airflow/.local/lib/python3.8/site-packages/airflow/example_dags/example_complex.py
[2022-05-31 19:18:04,326] {scheduler_job.py:643} INFO - DAG(s) dict_keys(['example_complex']) retrieved from /home/airflow/.local/lib/python3.8/site-packages/airflow/example_dags/example_complex.py
[2022-05-31 19:18:04,366] {logging_mixin.py:104} INFO - [2022-05-31 19:18:04,366] {dag.py:1833} INFO - Sync 1 DAGs
[2022-05-31 19:18:04,388] {logging_mixin.py:104} INFO - [2022-05-31 19:18:04,388] {dag.py:2306} INFO - Setting next_dagrun for example_complex to None
[2022-05-31 19:18:04,436] {scheduler_job.py:190} INFO - Processing /home/airflow/.local/lib/python3.8/site-packages/airflow/example_dags/example_complex.py took 0.147 seconds
