[2022-05-31 19:15:33,760] {scheduler_job.py:182} INFO - Started process (PID=32) to work on /home/airflow/.local/lib/python3.8/site-packages/airflow/example_dags/example_trigger_controller_dag.py
[2022-05-31 19:15:33,762] {scheduler_job.py:633} INFO - Processing file /home/airflow/.local/lib/python3.8/site-packages/airflow/example_dags/example_trigger_controller_dag.py for tasks to queue
[2022-05-31 19:15:33,764] {logging_mixin.py:104} INFO - [2022-05-31 19:15:33,764] {dagbag.py:496} INFO - Filling up the DagBag from /home/airflow/.local/lib/python3.8/site-packages/airflow/example_dags/example_trigger_controller_dag.py
[2022-05-31 19:15:33,783] {scheduler_job.py:643} INFO - DAG(s) dict_keys(['example_trigger_controller_dag']) retrieved from /home/airflow/.local/lib/python3.8/site-packages/airflow/example_dags/example_trigger_controller_dag.py
[2022-05-31 19:15:33,810] {logging_mixin.py:104} INFO - [2022-05-31 19:15:33,810] {dag.py:1833} INFO - Sync 1 DAGs
[2022-05-31 19:15:33,840] {logging_mixin.py:104} INFO - [2022-05-31 19:15:33,840] {dag.py:2306} INFO - Setting next_dagrun for example_trigger_controller_dag to 2022-05-29 00:00:00+00:00
[2022-05-31 19:15:33,914] {scheduler_job.py:190} INFO - Processing /home/airflow/.local/lib/python3.8/site-packages/airflow/example_dags/example_trigger_controller_dag.py took 0.158 seconds
[2022-05-31 19:16:46,895] {scheduler_job.py:182} INFO - Started process (PID=89) to work on /home/airflow/.local/lib/python3.8/site-packages/airflow/example_dags/example_trigger_controller_dag.py
[2022-05-31 19:16:46,901] {scheduler_job.py:633} INFO - Processing file /home/airflow/.local/lib/python3.8/site-packages/airflow/example_dags/example_trigger_controller_dag.py for tasks to queue
[2022-05-31 19:16:46,904] {logging_mixin.py:104} INFO - [2022-05-31 19:16:46,904] {dagbag.py:496} INFO - Filling up the DagBag from /home/airflow/.local/lib/python3.8/site-packages/airflow/example_dags/example_trigger_controller_dag.py
[2022-05-31 19:16:46,922] {scheduler_job.py:643} INFO - DAG(s) dict_keys(['example_trigger_controller_dag']) retrieved from /home/airflow/.local/lib/python3.8/site-packages/airflow/example_dags/example_trigger_controller_dag.py
[2022-05-31 19:16:46,957] {logging_mixin.py:104} INFO - [2022-05-31 19:16:46,957] {dag.py:1833} INFO - Sync 1 DAGs
[2022-05-31 19:16:46,994] {logging_mixin.py:104} INFO - [2022-05-31 19:16:46,993] {dag.py:2306} INFO - Setting next_dagrun for example_trigger_controller_dag to 2022-05-29 00:00:00+00:00
[2022-05-31 19:16:47,068] {scheduler_job.py:190} INFO - Processing /home/airflow/.local/lib/python3.8/site-packages/airflow/example_dags/example_trigger_controller_dag.py took 0.177 seconds
[2022-05-31 19:17:24,899] {scheduler_job.py:182} INFO - Started process (PID=117) to work on /home/airflow/.local/lib/python3.8/site-packages/airflow/example_dags/example_trigger_controller_dag.py
[2022-05-31 19:17:24,906] {scheduler_job.py:633} INFO - Processing file /home/airflow/.local/lib/python3.8/site-packages/airflow/example_dags/example_trigger_controller_dag.py for tasks to queue
[2022-05-31 19:17:24,908] {logging_mixin.py:104} INFO - [2022-05-31 19:17:24,908] {dagbag.py:496} INFO - Filling up the DagBag from /home/airflow/.local/lib/python3.8/site-packages/airflow/example_dags/example_trigger_controller_dag.py
[2022-05-31 19:17:24,927] {scheduler_job.py:643} INFO - DAG(s) dict_keys(['example_trigger_controller_dag']) retrieved from /home/airflow/.local/lib/python3.8/site-packages/airflow/example_dags/example_trigger_controller_dag.py
[2022-05-31 19:17:24,963] {logging_mixin.py:104} INFO - [2022-05-31 19:17:24,963] {dag.py:1833} INFO - Sync 1 DAGs
[2022-05-31 19:17:25,001] {logging_mixin.py:104} INFO - [2022-05-31 19:17:25,001] {dag.py:2306} INFO - Setting next_dagrun for example_trigger_controller_dag to 2022-05-29 00:00:00+00:00
[2022-05-31 19:17:25,067] {scheduler_job.py:190} INFO - Processing /home/airflow/.local/lib/python3.8/site-packages/airflow/example_dags/example_trigger_controller_dag.py took 0.172 seconds
[2022-05-31 19:18:06,868] {scheduler_job.py:182} INFO - Started process (PID=149) to work on /home/airflow/.local/lib/python3.8/site-packages/airflow/example_dags/example_trigger_controller_dag.py
[2022-05-31 19:18:06,872] {scheduler_job.py:633} INFO - Processing file /home/airflow/.local/lib/python3.8/site-packages/airflow/example_dags/example_trigger_controller_dag.py for tasks to queue
[2022-05-31 19:18:06,875] {logging_mixin.py:104} INFO - [2022-05-31 19:18:06,875] {dagbag.py:496} INFO - Filling up the DagBag from /home/airflow/.local/lib/python3.8/site-packages/airflow/example_dags/example_trigger_controller_dag.py
[2022-05-31 19:18:06,891] {scheduler_job.py:643} INFO - DAG(s) dict_keys(['example_trigger_controller_dag']) retrieved from /home/airflow/.local/lib/python3.8/site-packages/airflow/example_dags/example_trigger_controller_dag.py
[2022-05-31 19:18:06,925] {logging_mixin.py:104} INFO - [2022-05-31 19:18:06,924] {dag.py:1833} INFO - Sync 1 DAGs
[2022-05-31 19:18:06,946] {logging_mixin.py:104} INFO - [2022-05-31 19:18:06,946] {dag.py:2306} INFO - Setting next_dagrun for example_trigger_controller_dag to 2022-05-29 00:00:00+00:00
[2022-05-31 19:18:06,992] {scheduler_job.py:190} INFO - Processing /home/airflow/.local/lib/python3.8/site-packages/airflow/example_dags/example_trigger_controller_dag.py took 0.130 seconds
[2022-05-31 19:20:31,403] {scheduler_job.py:182} INFO - Started process (PID=23) to work on /home/airflow/.local/lib/python3.8/site-packages/airflow/example_dags/example_trigger_controller_dag.py
[2022-05-31 19:20:31,406] {scheduler_job.py:633} INFO - Processing file /home/airflow/.local/lib/python3.8/site-packages/airflow/example_dags/example_trigger_controller_dag.py for tasks to queue
[2022-05-31 19:20:31,408] {logging_mixin.py:104} INFO - [2022-05-31 19:20:31,408] {dagbag.py:496} INFO - Filling up the DagBag from /home/airflow/.local/lib/python3.8/site-packages/airflow/example_dags/example_trigger_controller_dag.py
[2022-05-31 19:20:31,425] {scheduler_job.py:643} INFO - DAG(s) dict_keys(['example_trigger_controller_dag']) retrieved from /home/airflow/.local/lib/python3.8/site-packages/airflow/example_dags/example_trigger_controller_dag.py
[2022-05-31 19:20:31,448] {logging_mixin.py:104} INFO - [2022-05-31 19:20:31,448] {dag.py:1833} INFO - Sync 1 DAGs
[2022-05-31 19:20:31,468] {logging_mixin.py:104} INFO - [2022-05-31 19:20:31,468] {dag.py:2306} INFO - Setting next_dagrun for example_trigger_controller_dag to 2022-05-29 00:00:00+00:00
[2022-05-31 19:20:31,519] {scheduler_job.py:190} INFO - Processing /home/airflow/.local/lib/python3.8/site-packages/airflow/example_dags/example_trigger_controller_dag.py took 0.119 seconds
