[2022-05-31 19:16:07,574] {scheduler_job.py:182} INFO - Started process (PID=64) to work on /home/airflow/.local/lib/python3.8/site-packages/airflow/example_dags/example_external_task_marker_dag.py
[2022-05-31 19:16:07,577] {scheduler_job.py:633} INFO - Processing file /home/airflow/.local/lib/python3.8/site-packages/airflow/example_dags/example_external_task_marker_dag.py for tasks to queue
[2022-05-31 19:16:07,579] {logging_mixin.py:104} INFO - [2022-05-31 19:16:07,579] {dagbag.py:496} INFO - Filling up the DagBag from /home/airflow/.local/lib/python3.8/site-packages/airflow/example_dags/example_external_task_marker_dag.py
[2022-05-31 19:16:07,596] {scheduler_job.py:643} INFO - DAG(s) dict_keys(['example_external_task_marker_parent', 'example_external_task_marker_child']) retrieved from /home/airflow/.local/lib/python3.8/site-packages/airflow/example_dags/example_external_task_marker_dag.py
[2022-05-31 19:16:07,845] {logging_mixin.py:104} INFO - [2022-05-31 19:16:07,845] {dag.py:1833} INFO - Sync 2 DAGs
[2022-05-31 19:16:07,865] {logging_mixin.py:104} INFO - [2022-05-31 19:16:07,865] {dag.py:2306} INFO - Setting next_dagrun for example_external_task_marker_child to None
[2022-05-31 19:16:07,867] {logging_mixin.py:104} INFO - [2022-05-31 19:16:07,867] {dag.py:2306} INFO - Setting next_dagrun for example_external_task_marker_parent to None
[2022-05-31 19:16:07,923] {scheduler_job.py:190} INFO - Processing /home/airflow/.local/lib/python3.8/site-packages/airflow/example_dags/example_external_task_marker_dag.py took 0.352 seconds
[2022-05-31 19:16:57,767] {scheduler_job.py:182} INFO - Started process (PID=97) to work on /home/airflow/.local/lib/python3.8/site-packages/airflow/example_dags/example_external_task_marker_dag.py
[2022-05-31 19:16:57,770] {scheduler_job.py:633} INFO - Processing file /home/airflow/.local/lib/python3.8/site-packages/airflow/example_dags/example_external_task_marker_dag.py for tasks to queue
[2022-05-31 19:16:57,772] {logging_mixin.py:104} INFO - [2022-05-31 19:16:57,772] {dagbag.py:496} INFO - Filling up the DagBag from /home/airflow/.local/lib/python3.8/site-packages/airflow/example_dags/example_external_task_marker_dag.py
[2022-05-31 19:16:57,786] {scheduler_job.py:643} INFO - DAG(s) dict_keys(['example_external_task_marker_parent', 'example_external_task_marker_child']) retrieved from /home/airflow/.local/lib/python3.8/site-packages/airflow/example_dags/example_external_task_marker_dag.py
[2022-05-31 19:16:58,043] {logging_mixin.py:104} INFO - [2022-05-31 19:16:58,043] {dag.py:1833} INFO - Sync 2 DAGs
[2022-05-31 19:16:58,062] {logging_mixin.py:104} INFO - [2022-05-31 19:16:58,062] {dag.py:2306} INFO - Setting next_dagrun for example_external_task_marker_child to None
[2022-05-31 19:16:58,064] {logging_mixin.py:104} INFO - [2022-05-31 19:16:58,064] {dag.py:2306} INFO - Setting next_dagrun for example_external_task_marker_parent to None
[2022-05-31 19:16:58,123] {scheduler_job.py:190} INFO - Processing /home/airflow/.local/lib/python3.8/site-packages/airflow/example_dags/example_external_task_marker_dag.py took 0.359 seconds
[2022-05-31 19:17:42,604] {scheduler_job.py:182} INFO - Started process (PID=130) to work on /home/airflow/.local/lib/python3.8/site-packages/airflow/example_dags/example_external_task_marker_dag.py
[2022-05-31 19:17:42,606] {scheduler_job.py:633} INFO - Processing file /home/airflow/.local/lib/python3.8/site-packages/airflow/example_dags/example_external_task_marker_dag.py for tasks to queue
[2022-05-31 19:17:42,608] {logging_mixin.py:104} INFO - [2022-05-31 19:17:42,607] {dagbag.py:496} INFO - Filling up the DagBag from /home/airflow/.local/lib/python3.8/site-packages/airflow/example_dags/example_external_task_marker_dag.py
[2022-05-31 19:17:42,621] {scheduler_job.py:643} INFO - DAG(s) dict_keys(['example_external_task_marker_parent', 'example_external_task_marker_child']) retrieved from /home/airflow/.local/lib/python3.8/site-packages/airflow/example_dags/example_external_task_marker_dag.py
[2022-05-31 19:17:42,869] {logging_mixin.py:104} INFO - [2022-05-31 19:17:42,869] {dag.py:1833} INFO - Sync 2 DAGs
[2022-05-31 19:17:42,895] {logging_mixin.py:104} INFO - [2022-05-31 19:17:42,894] {dag.py:2306} INFO - Setting next_dagrun for example_external_task_marker_child to None
[2022-05-31 19:17:42,897] {logging_mixin.py:104} INFO - [2022-05-31 19:17:42,896] {dag.py:2306} INFO - Setting next_dagrun for example_external_task_marker_parent to None
[2022-05-31 19:17:42,952] {scheduler_job.py:190} INFO - Processing /home/airflow/.local/lib/python3.8/site-packages/airflow/example_dags/example_external_task_marker_dag.py took 0.351 seconds
