[2022-05-31 19:16:24,290] {scheduler_job.py:182} INFO - Started process (PID=74) to work on /home/airflow/.local/lib/python3.8/site-packages/airflow/example_dags/tutorial_etl_dag.py
[2022-05-31 19:16:24,303] {scheduler_job.py:633} INFO - Processing file /home/airflow/.local/lib/python3.8/site-packages/airflow/example_dags/tutorial_etl_dag.py for tasks to queue
[2022-05-31 19:16:24,308] {logging_mixin.py:104} INFO - [2022-05-31 19:16:24,307] {dagbag.py:496} INFO - Filling up the DagBag from /home/airflow/.local/lib/python3.8/site-packages/airflow/example_dags/tutorial_etl_dag.py
[2022-05-31 19:16:24,335] {scheduler_job.py:643} INFO - DAG(s) dict_keys(['tutorial_etl_dag']) retrieved from /home/airflow/.local/lib/python3.8/site-packages/airflow/example_dags/tutorial_etl_dag.py
[2022-05-31 19:16:24,372] {logging_mixin.py:104} INFO - [2022-05-31 19:16:24,372] {dag.py:1833} INFO - Sync 1 DAGs
[2022-05-31 19:16:24,425] {logging_mixin.py:104} INFO - [2022-05-31 19:16:24,425] {dag.py:2306} INFO - Setting next_dagrun for tutorial_etl_dag to None
[2022-05-31 19:16:25,660] {scheduler_job.py:190} INFO - Processing /home/airflow/.local/lib/python3.8/site-packages/airflow/example_dags/tutorial_etl_dag.py took 1.381 seconds
[2022-05-31 19:17:12,921] {scheduler_job.py:182} INFO - Started process (PID=107) to work on /home/airflow/.local/lib/python3.8/site-packages/airflow/example_dags/tutorial_etl_dag.py
[2022-05-31 19:17:12,925] {scheduler_job.py:633} INFO - Processing file /home/airflow/.local/lib/python3.8/site-packages/airflow/example_dags/tutorial_etl_dag.py for tasks to queue
[2022-05-31 19:17:12,928] {logging_mixin.py:104} INFO - [2022-05-31 19:17:12,927] {dagbag.py:496} INFO - Filling up the DagBag from /home/airflow/.local/lib/python3.8/site-packages/airflow/example_dags/tutorial_etl_dag.py
[2022-05-31 19:17:12,944] {scheduler_job.py:643} INFO - DAG(s) dict_keys(['tutorial_etl_dag']) retrieved from /home/airflow/.local/lib/python3.8/site-packages/airflow/example_dags/tutorial_etl_dag.py
[2022-05-31 19:17:12,970] {logging_mixin.py:104} INFO - [2022-05-31 19:17:12,969] {dag.py:1833} INFO - Sync 1 DAGs
[2022-05-31 19:17:12,998] {logging_mixin.py:104} INFO - [2022-05-31 19:17:12,997] {dag.py:2306} INFO - Setting next_dagrun for tutorial_etl_dag to None
[2022-05-31 19:17:13,045] {scheduler_job.py:190} INFO - Processing /home/airflow/.local/lib/python3.8/site-packages/airflow/example_dags/tutorial_etl_dag.py took 0.130 seconds
[2022-05-31 19:17:55,973] {scheduler_job.py:182} INFO - Started process (PID=140) to work on /home/airflow/.local/lib/python3.8/site-packages/airflow/example_dags/tutorial_etl_dag.py
[2022-05-31 19:17:55,978] {scheduler_job.py:633} INFO - Processing file /home/airflow/.local/lib/python3.8/site-packages/airflow/example_dags/tutorial_etl_dag.py for tasks to queue
[2022-05-31 19:17:55,981] {logging_mixin.py:104} INFO - [2022-05-31 19:17:55,981] {dagbag.py:496} INFO - Filling up the DagBag from /home/airflow/.local/lib/python3.8/site-packages/airflow/example_dags/tutorial_etl_dag.py
[2022-05-31 19:17:56,005] {scheduler_job.py:643} INFO - DAG(s) dict_keys(['tutorial_etl_dag']) retrieved from /home/airflow/.local/lib/python3.8/site-packages/airflow/example_dags/tutorial_etl_dag.py
[2022-05-31 19:17:56,048] {logging_mixin.py:104} INFO - [2022-05-31 19:17:56,047] {dag.py:1833} INFO - Sync 1 DAGs
[2022-05-31 19:17:56,090] {logging_mixin.py:104} INFO - [2022-05-31 19:17:56,089] {dag.py:2306} INFO - Setting next_dagrun for tutorial_etl_dag to None
[2022-05-31 19:17:56,160] {scheduler_job.py:190} INFO - Processing /home/airflow/.local/lib/python3.8/site-packages/airflow/example_dags/tutorial_etl_dag.py took 0.192 seconds
