[2022-05-31 19:16:22,708] {scheduler_job.py:182} INFO - Started process (PID=73) to work on /home/airflow/.local/lib/python3.8/site-packages/airflow/example_dags/tutorial.py
[2022-05-31 19:16:22,713] {scheduler_job.py:633} INFO - Processing file /home/airflow/.local/lib/python3.8/site-packages/airflow/example_dags/tutorial.py for tasks to queue
[2022-05-31 19:16:22,716] {logging_mixin.py:104} INFO - [2022-05-31 19:16:22,716] {dagbag.py:496} INFO - Filling up the DagBag from /home/airflow/.local/lib/python3.8/site-packages/airflow/example_dags/tutorial.py
[2022-05-31 19:16:22,743] {scheduler_job.py:643} INFO - DAG(s) dict_keys(['tutorial']) retrieved from /home/airflow/.local/lib/python3.8/site-packages/airflow/example_dags/tutorial.py
[2022-05-31 19:16:22,784] {logging_mixin.py:104} INFO - [2022-05-31 19:16:22,784] {dag.py:1833} INFO - Sync 1 DAGs
[2022-05-31 19:16:22,887] {logging_mixin.py:104} INFO - [2022-05-31 19:16:22,887] {dag.py:2306} INFO - Setting next_dagrun for tutorial to 2022-05-29 00:00:00+00:00
[2022-05-31 19:16:22,944] {scheduler_job.py:190} INFO - Processing /home/airflow/.local/lib/python3.8/site-packages/airflow/example_dags/tutorial.py took 0.245 seconds
[2022-05-31 19:17:11,636] {scheduler_job.py:182} INFO - Started process (PID=106) to work on /home/airflow/.local/lib/python3.8/site-packages/airflow/example_dags/tutorial.py
[2022-05-31 19:17:11,639] {scheduler_job.py:633} INFO - Processing file /home/airflow/.local/lib/python3.8/site-packages/airflow/example_dags/tutorial.py for tasks to queue
[2022-05-31 19:17:11,641] {logging_mixin.py:104} INFO - [2022-05-31 19:17:11,641] {dagbag.py:496} INFO - Filling up the DagBag from /home/airflow/.local/lib/python3.8/site-packages/airflow/example_dags/tutorial.py
[2022-05-31 19:17:11,656] {scheduler_job.py:643} INFO - DAG(s) dict_keys(['tutorial']) retrieved from /home/airflow/.local/lib/python3.8/site-packages/airflow/example_dags/tutorial.py
[2022-05-31 19:17:11,680] {logging_mixin.py:104} INFO - [2022-05-31 19:17:11,680] {dag.py:1833} INFO - Sync 1 DAGs
[2022-05-31 19:17:11,728] {logging_mixin.py:104} INFO - [2022-05-31 19:17:11,728] {dag.py:2306} INFO - Setting next_dagrun for tutorial to 2022-05-29 00:00:00+00:00
[2022-05-31 19:17:11,777] {scheduler_job.py:190} INFO - Processing /home/airflow/.local/lib/python3.8/site-packages/airflow/example_dags/tutorial.py took 0.146 seconds
[2022-05-31 19:17:54,682] {scheduler_job.py:182} INFO - Started process (PID=139) to work on /home/airflow/.local/lib/python3.8/site-packages/airflow/example_dags/tutorial.py
[2022-05-31 19:17:54,684] {scheduler_job.py:633} INFO - Processing file /home/airflow/.local/lib/python3.8/site-packages/airflow/example_dags/tutorial.py for tasks to queue
[2022-05-31 19:17:54,686] {logging_mixin.py:104} INFO - [2022-05-31 19:17:54,686] {dagbag.py:496} INFO - Filling up the DagBag from /home/airflow/.local/lib/python3.8/site-packages/airflow/example_dags/tutorial.py
[2022-05-31 19:17:54,700] {scheduler_job.py:643} INFO - DAG(s) dict_keys(['tutorial']) retrieved from /home/airflow/.local/lib/python3.8/site-packages/airflow/example_dags/tutorial.py
[2022-05-31 19:17:54,724] {logging_mixin.py:104} INFO - [2022-05-31 19:17:54,724] {dag.py:1833} INFO - Sync 1 DAGs
[2022-05-31 19:17:54,744] {logging_mixin.py:104} INFO - [2022-05-31 19:17:54,744] {dag.py:2306} INFO - Setting next_dagrun for tutorial to 2022-05-29 00:00:00+00:00
[2022-05-31 19:17:54,789] {scheduler_job.py:190} INFO - Processing /home/airflow/.local/lib/python3.8/site-packages/airflow/example_dags/tutorial.py took 0.112 seconds
