[2022-05-24 12:47:12,306] {taskinstance.py:1159} INFO - Dependencies all met for <TaskInstance: book_db.get_books manual__2022-05-24T12:47:05.022533+00:00 [queued]>
[2022-05-24 12:47:12,340] {taskinstance.py:1159} INFO - Dependencies all met for <TaskInstance: book_db.get_books manual__2022-05-24T12:47:05.022533+00:00 [queued]>
[2022-05-24 12:47:12,342] {taskinstance.py:1356} INFO - 
--------------------------------------------------------------------------------
[2022-05-24 12:47:12,343] {taskinstance.py:1357} INFO - Starting attempt 1 of 1
[2022-05-24 12:47:12,344] {taskinstance.py:1358} INFO - 
--------------------------------------------------------------------------------
[2022-05-24 12:47:12,377] {taskinstance.py:1377} INFO - Executing <Task(SimpleHttpOperator): get_books> on 2022-05-24 12:47:05.022533+00:00
[2022-05-24 12:47:12,390] {standard_task_runner.py:52} INFO - Started process 294 to run task
[2022-05-24 12:47:12,405] {standard_task_runner.py:79} INFO - Running: ['***', 'tasks', 'run', 'book_db', 'get_books', 'manual__2022-05-24T12:47:05.022533+00:00', '--job-id', '7', '--raw', '--subdir', 'DAGS_FOLDER/books_db.py', '--cfg-path', '/tmp/tmpyyk56v19', '--error-file', '/tmp/tmp2jpjl0n1']
[2022-05-24 12:47:12,408] {standard_task_runner.py:80} INFO - Job 7: Subtask get_books
[2022-05-24 12:47:12,593] {task_command.py:369} INFO - Running <TaskInstance: book_db.get_books manual__2022-05-24T12:47:05.022533+00:00 [running]> on host ac29b12a0730
[2022-05-24 12:47:12,859] {taskinstance.py:1571} INFO - Exporting the following env vars:
AIRFLOW_CTX_DAG_OWNER=***
AIRFLOW_CTX_DAG_ID=book_db
AIRFLOW_CTX_TASK_ID=get_books
AIRFLOW_CTX_EXECUTION_DATE=2022-05-24T12:47:05.022533+00:00
AIRFLOW_CTX_TRY_NUMBER=1
AIRFLOW_CTX_DAG_RUN_ID=manual__2022-05-24T12:47:05.022533+00:00
[2022-05-24 12:47:12,862] {http.py:102} INFO - Calling HTTP method
[2022-05-24 12:47:12,888] {base.py:68} INFO - Using connection ID 'book_api' for task execution.
[2022-05-24 12:47:12,891] {http.py:129} INFO - Sending 'GET' to url: https://api.itbook.store/1.0/new
[2022-05-24 12:47:13,620] {http.py:106} INFO - {"error":"0","total":"20","books":[{"title":"Microsoft Excel Inside Out","subtitle":"Office 2021 and Microsoft 365","isbn13":"9780137559534","price":"$42.16","image":"https://itbook.store/img/books/9780137559534.png","url":"https://itbook.store/books/9780137559534"},{"title":"Windows Internals, Part 2, 7th Edition","subtitle":"","isbn13":"9780135462409","price":"$53.49","image":"https://itbook.store/img/books/9780135462409.png","url":"https://itbook.store/books/9780135462409"},{"title":"Microsoft Office Inside Out","subtitle":"Office 2021 and Microsoft 365","isbn13":"9780137564095","price":"$36.93","image":"https://itbook.store/img/books/9780137564095.png","url":"https://itbook.store/books/9780137564095"},{"title":"Microsoft Excel Step by Step","subtitle":"Office 2021 and Microsoft 365","isbn13":"9780137564279","price":"$30.62","image":"https://itbook.store/img/books/9780137564279.png","url":"https://itbook.store/books/9780137564279"},{"title":"Microsoft Excel Data Analysis and Business Modeling, 7th Edition","subtitle":"Office 2021 and Microsoft 365","isbn13":"9780137613663","price":"$34.87","image":"https://itbook.store/img/books/9780137613663.png","url":"https://itbook.store/books/9780137613663"},{"title":"Intermediate Statistics with R","subtitle":"","isbn13":"1001651662833","price":"$0.00","image":"https://itbook.store/img/books/1001651662833.png","url":"https://itbook.store/books/1001651662833"},{"title":"Professional Scrum Development with Azure DevOps","subtitle":"","isbn13":"9780136789239","price":"$39.99","image":"https://itbook.store/img/books/9780136789239.png","url":"https://itbook.store/books/9780136789239"},{"title":"Developing Microservices Architecture on Microsoft Azure with Open Source Technologies","subtitle":"","isbn13":"9780136819387","price":"$41.93","image":"https://itbook.store/img/books/9780136819387.png","url":"https://itbook.store/books/9780136819387"},{"title":"Begin to Code with JavaScript","subtitle":"","isbn13":"9780136870722","price":"$19.11","image":"https://itbook.store/img/books/9780136870722.png","url":"https://itbook.store/books/9780136870722"},{"title":"Microsoft Azure Data Solutions","subtitle":"An Introduction","isbn13":"9780137252503","price":"$36.23","image":"https://itbook.store/img/books/9780137252503.png","url":"https://itbook.store/books/9780137252503"},{"title":"Ansible Succinctly","subtitle":"","isbn13":"9781642002164","price":"$0.00","image":"https://itbook.store/img/books/9781642002164.png","url":"https://itbook.store/books/9781642002164"},{"title":"Bash Guide","subtitle":"","isbn13":"1001651514138","price":"$0.00","image":"https://itbook.store/img/books/1001651514138.png","url":"https://itbook.store/books/1001651514138"},{"title":"Taking Kubernetes from Test to Production","subtitle":"Improving Resilience, Visibility, and Security with Traffic Management Tools","isbn13":"1001651514256","price":"$0.00","image":"https://itbook.store/img/books/1001651514256.png","url":"https://itbook.store/books/1001651514256"},{"title":"Powerful Command-Line Applications in Go","subtitle":"Build Fast and Maintainable Tools","isbn13":"9781680506969","price":"$41.41","image":"https://itbook.store/img/books/9781680506969.png","url":"https://itbook.store/books/9781680506969"},{"title":"Pythonic Programming","subtitle":"Tips for Becoming an Idiomatic Python Programmer","isbn13":"9781680508611","price":"$16.98","image":"https://itbook.store/img/books/9781680508611.png","url":"https://itbook.store/books/9781680508611"},{"title":"Go Brain Teasers","subtitle":"Exercise Your Mind","isbn13":"9781680508994","price":"$13.76","image":"https://itbook.store/img/books/9781680508994.png","url":"https://itbook.store/books/9781680508994"},{"title":"Python Brain Teasers","subtitle":"Exercise Your Mind","isbn13":"9781680509007","price":"$18.95","image":"https://itbook.store/img/books/9781680509007.png","url":"https://itbook.store/books/9781680509007"},{"title":"Pandas Brain Teasers","subtitle":"Exercise Your Mind","isbn13":"9781680509014","price":"$8.28","image":"https://itbook.store/img/books/9781680509014.png","url":"https://itbook.store/books/9781680509014"},{"title":"Flutter UI Succinctly","subtitle":"","isbn13":"9781642002195","price":"$0.00","image":"https://itbook.store/img/books/9781642002195.png","url":"https://itbook.store/books/9781642002195"},{"title":"Developing Graphics Frameworks with Python and OpenGL","subtitle":"","isbn13":"9781032021461","price":"$0.00","image":"https://itbook.store/img/books/9781032021461.png","url":"https://itbook.store/books/9781032021461"}]}
[2022-05-24 12:47:13,703] {taskinstance.py:1400} INFO - Marking task as SUCCESS. dag_id=book_db, task_id=get_books, execution_date=20220524T124705, start_date=20220524T124712, end_date=20220524T124713
[2022-05-24 12:47:13,813] {local_task_job.py:156} INFO - Task exited with return code 0
[2022-05-24 12:47:13,980] {local_task_job.py:273} INFO - 0 downstream tasks scheduled from follow-on schedule check
