[2022-05-31 16:40:34,531] {taskinstance.py:1159} INFO - Dependencies all met for <TaskInstance: book_db.process_books manual__2022-05-31T16:38:08.051690+00:00 [queued]>
[2022-05-31 16:40:34,552] {taskinstance.py:1159} INFO - Dependencies all met for <TaskInstance: book_db.process_books manual__2022-05-31T16:38:08.051690+00:00 [queued]>
[2022-05-31 16:40:34,553] {taskinstance.py:1356} INFO - 
--------------------------------------------------------------------------------
[2022-05-31 16:40:34,554] {taskinstance.py:1357} INFO - Starting attempt 1 of 1
[2022-05-31 16:40:34,556] {taskinstance.py:1358} INFO - 
--------------------------------------------------------------------------------
[2022-05-31 16:40:34,583] {taskinstance.py:1377} INFO - Executing <Task(PythonOperator): process_books> on 2022-05-31 16:38:08.051690+00:00
[2022-05-31 16:40:34,592] {standard_task_runner.py:52} INFO - Started process 308 to run task
[2022-05-31 16:40:34,601] {standard_task_runner.py:79} INFO - Running: ['***', 'tasks', 'run', 'book_db', 'process_books', 'manual__2022-05-31T16:38:08.051690+00:00', '--job-id', '8', '--raw', '--subdir', 'DAGS_FOLDER/books_db.py', '--cfg-path', '/tmp/tmpcyicaank', '--error-file', '/tmp/tmpmearrv1a']
[2022-05-31 16:40:34,603] {standard_task_runner.py:80} INFO - Job 8: Subtask process_books
[2022-05-31 16:40:34,733] {task_command.py:369} INFO - Running <TaskInstance: book_db.process_books manual__2022-05-31T16:38:08.051690+00:00 [running]> on host c713a0714fa8
[2022-05-31 16:40:35,230] {taskinstance.py:1571} INFO - Exporting the following env vars:
AIRFLOW_CTX_DAG_OWNER=***
AIRFLOW_CTX_DAG_ID=book_db
AIRFLOW_CTX_TASK_ID=process_books
AIRFLOW_CTX_EXECUTION_DATE=2022-05-31T16:38:08.051690+00:00
AIRFLOW_CTX_TRY_NUMBER=1
AIRFLOW_CTX_DAG_RUN_ID=manual__2022-05-31T16:38:08.051690+00:00
[2022-05-31 16:40:35,312] {python.py:173} INFO - Done. Returned value was: [{'Book Title': 'Azure Pipelines Succinctly', 'ISBN No.': '9781642002133', 'Price': '$0.00'}, {'Book Title': 'Microsoft Excel Inside Out', 'ISBN No.': '9780137559534', 'Price': '$42.16'}, {'Book Title': 'Windows Internals, Part 2, 7th Edition', 'ISBN No.': '9780135462409', 'Price': '$53.49'}, {'Book Title': 'Microsoft Office Inside Out', 'ISBN No.': '9780137564095', 'Price': '$36.93'}, {'Book Title': 'Microsoft Excel Step by Step', 'ISBN No.': '9780137564279', 'Price': '$30.62'}, {'Book Title': 'Microsoft Excel Data Analysis and Business Modeling, 7th Edition', 'ISBN No.': '9780137613663', 'Price': '$34.87'}, {'Book Title': 'Intermediate Statistics with R', 'ISBN No.': '1001651662833', 'Price': '$0.00'}, {'Book Title': 'Professional Scrum Development with Azure DevOps', 'ISBN No.': '9780136789239', 'Price': '$39.99'}, {'Book Title': 'Developing Microservices Architecture on Microsoft Azure with Open Source Technologies', 'ISBN No.': '9780136819387', 'Price': '$41.93'}, {'Book Title': 'Begin to Code with JavaScript', 'ISBN No.': '9780136870722', 'Price': '$19.11'}, {'Book Title': 'Microsoft Azure Data Solutions', 'ISBN No.': '9780137252503', 'Price': '$36.23'}, {'Book Title': 'Ansible Succinctly', 'ISBN No.': '9781642002164', 'Price': '$0.00'}, {'Book Title': 'Bash Guide', 'ISBN No.': '1001651514138', 'Price': '$0.00'}, {'Book Title': 'Taking Kubernetes from Test to Production', 'ISBN No.': '1001651514256', 'Price': '$0.00'}, {'Book Title': 'Powerful Command-Line Applications in Go', 'ISBN No.': '9781680506969', 'Price': '$41.41'}, {'Book Title': 'Pythonic Programming', 'ISBN No.': '9781680508611', 'Price': '$16.98'}, {'Book Title': 'Go Brain Teasers', 'ISBN No.': '9781680508994', 'Price': '$13.76'}, {'Book Title': 'Python Brain Teasers', 'ISBN No.': '9781680509007', 'Price': '$18.95'}, {'Book Title': 'Pandas Brain Teasers', 'ISBN No.': '9781680509014', 'Price': '$8.28'}, {'Book Title': 'Flutter UI Succinctly', 'ISBN No.': '9781642002195', 'Price': '$0.00'}]
[2022-05-31 16:40:35,469] {taskinstance.py:1400} INFO - Marking task as SUCCESS. dag_id=book_db, task_id=process_books, execution_date=20220531T163808, start_date=20220531T164034, end_date=20220531T164035
[2022-05-31 16:40:35,620] {local_task_job.py:156} INFO - Task exited with return code 0
[2022-05-31 16:40:35,853] {local_task_job.py:273} INFO - 1 downstream tasks scheduled from follow-on schedule check
