[2022-05-24 12:47:15,806] {taskinstance.py:1159} INFO - Dependencies all met for <TaskInstance: book_db.process_books manual__2022-05-24T12:47:05.022533+00:00 [queued]>
[2022-05-24 12:47:15,852] {taskinstance.py:1159} INFO - Dependencies all met for <TaskInstance: book_db.process_books manual__2022-05-24T12:47:05.022533+00:00 [queued]>
[2022-05-24 12:47:15,853] {taskinstance.py:1356} INFO - 
--------------------------------------------------------------------------------
[2022-05-24 12:47:15,856] {taskinstance.py:1357} INFO - Starting attempt 1 of 1
[2022-05-24 12:47:15,858] {taskinstance.py:1358} INFO - 
--------------------------------------------------------------------------------
[2022-05-24 12:47:15,903] {taskinstance.py:1377} INFO - Executing <Task(PythonOperator): process_books> on 2022-05-24 12:47:05.022533+00:00
[2022-05-24 12:47:15,926] {standard_task_runner.py:52} INFO - Started process 308 to run task
[2022-05-24 12:47:15,950] {standard_task_runner.py:79} INFO - Running: ['***', 'tasks', 'run', 'book_db', 'process_books', 'manual__2022-05-24T12:47:05.022533+00:00', '--job-id', '8', '--raw', '--subdir', 'DAGS_FOLDER/books_db.py', '--cfg-path', '/tmp/tmpa0mu0kij', '--error-file', '/tmp/tmp8gyyigo6']
[2022-05-24 12:47:15,953] {standard_task_runner.py:80} INFO - Job 8: Subtask process_books
[2022-05-24 12:47:16,097] {task_command.py:369} INFO - Running <TaskInstance: book_db.process_books manual__2022-05-24T12:47:05.022533+00:00 [running]> on host ac29b12a0730
[2022-05-24 12:47:16,286] {taskinstance.py:1571} INFO - Exporting the following env vars:
AIRFLOW_CTX_DAG_OWNER=***
AIRFLOW_CTX_DAG_ID=book_db
AIRFLOW_CTX_TASK_ID=process_books
AIRFLOW_CTX_EXECUTION_DATE=2022-05-24T12:47:05.022533+00:00
AIRFLOW_CTX_TRY_NUMBER=1
AIRFLOW_CTX_DAG_RUN_ID=manual__2022-05-24T12:47:05.022533+00:00
[2022-05-24 12:47:16,314] {python.py:173} INFO - Done. Returned value was: [{'Book Title': 'Microsoft Excel Inside Out', 'ISBN No.': '9780137559534', 'Price': '$42.16'}, {'Book Title': 'Windows Internals, Part 2, 7th Edition', 'ISBN No.': '9780135462409', 'Price': '$53.49'}, {'Book Title': 'Microsoft Office Inside Out', 'ISBN No.': '9780137564095', 'Price': '$36.93'}, {'Book Title': 'Microsoft Excel Step by Step', 'ISBN No.': '9780137564279', 'Price': '$30.62'}, {'Book Title': 'Microsoft Excel Data Analysis and Business Modeling, 7th Edition', 'ISBN No.': '9780137613663', 'Price': '$34.87'}, {'Book Title': 'Intermediate Statistics with R', 'ISBN No.': '1001651662833', 'Price': '$0.00'}, {'Book Title': 'Professional Scrum Development with Azure DevOps', 'ISBN No.': '9780136789239', 'Price': '$39.99'}, {'Book Title': 'Developing Microservices Architecture on Microsoft Azure with Open Source Technologies', 'ISBN No.': '9780136819387', 'Price': '$41.93'}, {'Book Title': 'Begin to Code with JavaScript', 'ISBN No.': '9780136870722', 'Price': '$19.11'}, {'Book Title': 'Microsoft Azure Data Solutions', 'ISBN No.': '9780137252503', 'Price': '$36.23'}, {'Book Title': 'Ansible Succinctly', 'ISBN No.': '9781642002164', 'Price': '$0.00'}, {'Book Title': 'Bash Guide', 'ISBN No.': '1001651514138', 'Price': '$0.00'}, {'Book Title': 'Taking Kubernetes from Test to Production', 'ISBN No.': '1001651514256', 'Price': '$0.00'}, {'Book Title': 'Powerful Command-Line Applications in Go', 'ISBN No.': '9781680506969', 'Price': '$41.41'}, {'Book Title': 'Pythonic Programming', 'ISBN No.': '9781680508611', 'Price': '$16.98'}, {'Book Title': 'Go Brain Teasers', 'ISBN No.': '9781680508994', 'Price': '$13.76'}, {'Book Title': 'Python Brain Teasers', 'ISBN No.': '9781680509007', 'Price': '$18.95'}, {'Book Title': 'Pandas Brain Teasers', 'ISBN No.': '9781680509014', 'Price': '$8.28'}, {'Book Title': 'Flutter UI Succinctly', 'ISBN No.': '9781642002195', 'Price': '$0.00'}, {'Book Title': 'Developing Graphics Frameworks with Python and OpenGL', 'ISBN No.': '9781032021461', 'Price': '$0.00'}]
[2022-05-24 12:47:16,366] {taskinstance.py:1400} INFO - Marking task as SUCCESS. dag_id=book_db, task_id=process_books, execution_date=20220524T124705, start_date=20220524T124715, end_date=20220524T124716
[2022-05-24 12:47:16,454] {local_task_job.py:156} INFO - Task exited with return code 0
[2022-05-24 12:47:16,652] {local_task_job.py:273} INFO - 0 downstream tasks scheduled from follow-on schedule check
