[2022-05-22 22:13:22,587] {taskinstance.py:896} INFO - Dependencies all met for <TaskInstance: book_db.get_books 2022-05-22T22:13:10.207470+00:00 [queued]>
[2022-05-22 22:13:22,655] {taskinstance.py:896} INFO - Dependencies all met for <TaskInstance: book_db.get_books 2022-05-22T22:13:10.207470+00:00 [queued]>
[2022-05-22 22:13:22,659] {taskinstance.py:1087} INFO - 
--------------------------------------------------------------------------------
[2022-05-22 22:13:22,662] {taskinstance.py:1088} INFO - Starting attempt 1 of 1
[2022-05-22 22:13:22,665] {taskinstance.py:1089} INFO - 
--------------------------------------------------------------------------------
[2022-05-22 22:13:22,798] {taskinstance.py:1107} INFO - Executing <Task(SimpleHttpOperator): get_books> on 2022-05-22T22:13:10.207470+00:00
[2022-05-22 22:13:22,804] {standard_task_runner.py:52} INFO - Started process 53 to run task
[2022-05-22 22:13:22,817] {standard_task_runner.py:76} INFO - Running: ['airflow', 'tasks', 'run', 'book_db', 'get_books', '2022-05-22T22:13:10.207470+00:00', '--job-id', '10', '--pool', 'default_pool', '--raw', '--subdir', 'DAGS_FOLDER/books_db.py', '--cfg-path', '/tmp/tmpk3iwrjg2', '--error-file', '/tmp/tmpe6o6pwip']
[2022-05-22 22:13:22,820] {standard_task_runner.py:77} INFO - Job 10: Subtask get_books
[2022-05-22 22:13:22,964] {logging_mixin.py:104} INFO - Running <TaskInstance: book_db.get_books 2022-05-22T22:13:10.207470+00:00 [running]> on host 0f09442c242c
[2022-05-22 22:13:23,137] {taskinstance.py:1300} INFO - Exporting the following env vars:
AIRFLOW_CTX_DAG_OWNER=airflow
AIRFLOW_CTX_DAG_ID=book_db
AIRFLOW_CTX_TASK_ID=get_books
AIRFLOW_CTX_EXECUTION_DATE=2022-05-22T22:13:10.207470+00:00
AIRFLOW_CTX_DAG_RUN_ID=manual__2022-05-22T22:13:10.207470+00:00
[2022-05-22 22:13:23,139] {http.py:111} INFO - Calling HTTP method
[2022-05-22 22:13:23,161] {base.py:69} INFO - Using connection to: id: book_api. Host: https://api.itbook.store/1.0/, Port: None, Schema: , Login: , Password: None, extra: {}
[2022-05-22 22:13:23,165] {http.py:140} INFO - Sending 'GET' to url: https://api.itbook.store/1.0/new
[2022-05-22 22:13:23,760] {http.py:115} INFO - {"error":"0","total":"20","books":[{"title":"Microsoft Excel Inside Out","subtitle":"Office 2021 and Microsoft 365","isbn13":"9780137559534","price":"$42.16","image":"https://itbook.store/img/books/9780137559534.png","url":"https://itbook.store/books/9780137559534"},{"title":"Windows Internals, Part 2, 7th Edition","subtitle":"","isbn13":"9780135462409","price":"$53.49","image":"https://itbook.store/img/books/9780135462409.png","url":"https://itbook.store/books/9780135462409"},{"title":"Microsoft Office Inside Out","subtitle":"Office 2021 and Microsoft 365","isbn13":"9780137564095","price":"$36.93","image":"https://itbook.store/img/books/9780137564095.png","url":"https://itbook.store/books/9780137564095"},{"title":"Microsoft Excel Step by Step","subtitle":"Office 2021 and Microsoft 365","isbn13":"9780137564279","price":"$30.62","image":"https://itbook.store/img/books/9780137564279.png","url":"https://itbook.store/books/9780137564279"},{"title":"Microsoft Excel Data Analysis and Business Modeling, 7th Edition","subtitle":"Office 2021 and Microsoft 365","isbn13":"9780137613663","price":"$34.87","image":"https://itbook.store/img/books/9780137613663.png","url":"https://itbook.store/books/9780137613663"},{"title":"Intermediate Statistics with R","subtitle":"","isbn13":"1001651662833","price":"$0.00","image":"https://itbook.store/img/books/1001651662833.png","url":"https://itbook.store/books/1001651662833"},{"title":"Professional Scrum Development with Azure DevOps","subtitle":"","isbn13":"9780136789239","price":"$39.99","image":"https://itbook.store/img/books/9780136789239.png","url":"https://itbook.store/books/9780136789239"},{"title":"Developing Microservices Architecture on Microsoft Azure with Open Source Technologies","subtitle":"","isbn13":"9780136819387","price":"$41.93","image":"https://itbook.store/img/books/9780136819387.png","url":"https://itbook.store/books/9780136819387"},{"title":"Begin to Code with JavaScript","subtitle":"","isbn13":"9780136870722","price":"$19.11","image":"https://itbook.store/img/books/9780136870722.png","url":"https://itbook.store/books/9780136870722"},{"title":"Microsoft Azure Data Solutions","subtitle":"An Introduction","isbn13":"9780137252503","price":"$36.23","image":"https://itbook.store/img/books/9780137252503.png","url":"https://itbook.store/books/9780137252503"},{"title":"Ansible Succinctly","subtitle":"","isbn13":"9781642002164","price":"$0.00","image":"https://itbook.store/img/books/9781642002164.png","url":"https://itbook.store/books/9781642002164"},{"title":"Bash Guide","subtitle":"","isbn13":"1001651514138","price":"$0.00","image":"https://itbook.store/img/books/1001651514138.png","url":"https://itbook.store/books/1001651514138"},{"title":"Taking Kubernetes from Test to Production","subtitle":"Improving Resilience, Visibility, and Security with Traffic Management Tools","isbn13":"1001651514256","price":"$0.00","image":"https://itbook.store/img/books/1001651514256.png","url":"https://itbook.store/books/1001651514256"},{"title":"Powerful Command-Line Applications in Go","subtitle":"Build Fast and Maintainable Tools","isbn13":"9781680506969","price":"$41.41","image":"https://itbook.store/img/books/9781680506969.png","url":"https://itbook.store/books/9781680506969"},{"title":"Pythonic Programming","subtitle":"Tips for Becoming an Idiomatic Python Programmer","isbn13":"9781680508611","price":"$16.98","image":"https://itbook.store/img/books/9781680508611.png","url":"https://itbook.store/books/9781680508611"},{"title":"Go Brain Teasers","subtitle":"Exercise Your Mind","isbn13":"9781680508994","price":"$13.76","image":"https://itbook.store/img/books/9781680508994.png","url":"https://itbook.store/books/9781680508994"},{"title":"Python Brain Teasers","subtitle":"Exercise Your Mind","isbn13":"9781680509007","price":"$18.95","image":"https://itbook.store/img/books/9781680509007.png","url":"https://itbook.store/books/9781680509007"},{"title":"Pandas Brain Teasers","subtitle":"Exercise Your Mind","isbn13":"9781680509014","price":"$8.28","image":"https://itbook.store/img/books/9781680509014.png","url":"https://itbook.store/books/9781680509014"},{"title":"Flutter UI Succinctly","subtitle":"","isbn13":"9781642002195","price":"$0.00","image":"https://itbook.store/img/books/9781642002195.png","url":"https://itbook.store/books/9781642002195"},{"title":"Developing Graphics Frameworks with Python and OpenGL","subtitle":"","isbn13":"9781032021461","price":"$0.00","image":"https://itbook.store/img/books/9781032021461.png","url":"https://itbook.store/books/9781032021461"}]}
[2022-05-22 22:13:25,016] {taskinstance.py:1204} INFO - Marking task as SUCCESS. dag_id=book_db, task_id=get_books, execution_date=20220522T221310, start_date=20220522T221322, end_date=20220522T221325
[2022-05-22 22:13:25,306] {taskinstance.py:1265} INFO - 1 downstream tasks scheduled from follow-on schedule check
[2022-05-22 22:13:25,324] {local_task_job.py:151} INFO - Task exited with return code 0
