[2022-05-31 19:08:49,875] {processor.py:153} INFO - Started process (PID=200) to work on /home/airflow/.local/lib/python3.7/site-packages/airflow/example_dags/example_kubernetes_executor.py
[2022-05-31 19:08:49,878] {processor.py:641} INFO - Processing file /home/airflow/.local/lib/python3.7/site-packages/airflow/example_dags/example_kubernetes_executor.py for tasks to queue
[2022-05-31 19:08:49,884] {logging_mixin.py:115} INFO - [2022-05-31 19:08:49,884] {dagbag.py:507} INFO - Filling up the DagBag from /home/airflow/.local/lib/python3.7/site-packages/airflow/example_dags/example_kubernetes_executor.py
[2022-05-31 19:08:49,986] {processor.py:651} INFO - DAG(s) dict_keys(['example_kubernetes_executor']) retrieved from /home/airflow/.local/lib/python3.7/site-packages/airflow/example_dags/example_kubernetes_executor.py
[2022-05-31 19:08:50,646] {logging_mixin.py:115} INFO - [2022-05-31 19:08:50,646] {manager.py:508} INFO - Created Permission View: can read on DAG:example_kubernetes_executor
[2022-05-31 19:08:50,688] {logging_mixin.py:115} INFO - [2022-05-31 19:08:50,688] {manager.py:508} INFO - Created Permission View: can delete on DAG:example_kubernetes_executor
[2022-05-31 19:08:50,732] {logging_mixin.py:115} INFO - [2022-05-31 19:08:50,731] {manager.py:508} INFO - Created Permission View: can edit on DAG:example_kubernetes_executor
[2022-05-31 19:08:50,735] {logging_mixin.py:115} INFO - [2022-05-31 19:08:50,734] {dag.py:2371} INFO - Sync 1 DAGs
[2022-05-31 19:08:50,780] {logging_mixin.py:115} INFO - [2022-05-31 19:08:50,780] {dag.py:2390} INFO - Creating ORM DAG for example_kubernetes_executor
[2022-05-31 19:08:50,871] {logging_mixin.py:115} INFO - [2022-05-31 19:08:50,871] {dag.py:2919} INFO - Setting next_dagrun for example_kubernetes_executor to None, run_after=None
[2022-05-31 19:08:50,970] {processor.py:161} INFO - Processing /home/airflow/.local/lib/python3.7/site-packages/airflow/example_dags/example_kubernetes_executor.py took 1.099 seconds
[2022-05-31 19:09:21,572] {processor.py:153} INFO - Started process (PID=397) to work on /home/airflow/.local/lib/python3.7/site-packages/airflow/example_dags/example_kubernetes_executor.py
[2022-05-31 19:09:21,575] {processor.py:641} INFO - Processing file /home/airflow/.local/lib/python3.7/site-packages/airflow/example_dags/example_kubernetes_executor.py for tasks to queue
[2022-05-31 19:09:21,578] {logging_mixin.py:115} INFO - [2022-05-31 19:09:21,578] {dagbag.py:507} INFO - Filling up the DagBag from /home/airflow/.local/lib/python3.7/site-packages/airflow/example_dags/example_kubernetes_executor.py
[2022-05-31 19:09:21,689] {processor.py:651} INFO - DAG(s) dict_keys(['example_kubernetes_executor']) retrieved from /home/airflow/.local/lib/python3.7/site-packages/airflow/example_dags/example_kubernetes_executor.py
[2022-05-31 19:09:21,829] {logging_mixin.py:115} INFO - [2022-05-31 19:09:21,828] {dag.py:2371} INFO - Sync 1 DAGs
[2022-05-31 19:09:21,910] {logging_mixin.py:115} INFO - [2022-05-31 19:09:21,910] {dag.py:2919} INFO - Setting next_dagrun for example_kubernetes_executor to None, run_after=None
[2022-05-31 19:09:21,931] {processor.py:161} INFO - Processing /home/airflow/.local/lib/python3.7/site-packages/airflow/example_dags/example_kubernetes_executor.py took 0.369 seconds
[2022-05-31 19:09:52,326] {processor.py:153} INFO - Started process (PID=601) to work on /home/airflow/.local/lib/python3.7/site-packages/airflow/example_dags/example_kubernetes_executor.py
[2022-05-31 19:09:52,328] {processor.py:641} INFO - Processing file /home/airflow/.local/lib/python3.7/site-packages/airflow/example_dags/example_kubernetes_executor.py for tasks to queue
[2022-05-31 19:09:52,330] {logging_mixin.py:115} INFO - [2022-05-31 19:09:52,330] {dagbag.py:507} INFO - Filling up the DagBag from /home/airflow/.local/lib/python3.7/site-packages/airflow/example_dags/example_kubernetes_executor.py
[2022-05-31 19:09:52,371] {processor.py:651} INFO - DAG(s) dict_keys(['example_kubernetes_executor']) retrieved from /home/airflow/.local/lib/python3.7/site-packages/airflow/example_dags/example_kubernetes_executor.py
[2022-05-31 19:09:52,419] {logging_mixin.py:115} INFO - [2022-05-31 19:09:52,419] {dag.py:2371} INFO - Sync 1 DAGs
[2022-05-31 19:09:52,454] {logging_mixin.py:115} INFO - [2022-05-31 19:09:52,454] {dag.py:2919} INFO - Setting next_dagrun for example_kubernetes_executor to None, run_after=None
[2022-05-31 19:09:52,479] {processor.py:161} INFO - Processing /home/airflow/.local/lib/python3.7/site-packages/airflow/example_dags/example_kubernetes_executor.py took 0.160 seconds
[2022-05-31 19:10:22,972] {processor.py:153} INFO - Started process (PID=795) to work on /home/airflow/.local/lib/python3.7/site-packages/airflow/example_dags/example_kubernetes_executor.py
[2022-05-31 19:10:22,974] {processor.py:641} INFO - Processing file /home/airflow/.local/lib/python3.7/site-packages/airflow/example_dags/example_kubernetes_executor.py for tasks to queue
[2022-05-31 19:10:22,976] {logging_mixin.py:115} INFO - [2022-05-31 19:10:22,976] {dagbag.py:507} INFO - Filling up the DagBag from /home/airflow/.local/lib/python3.7/site-packages/airflow/example_dags/example_kubernetes_executor.py
[2022-05-31 19:10:23,021] {processor.py:651} INFO - DAG(s) dict_keys(['example_kubernetes_executor']) retrieved from /home/airflow/.local/lib/python3.7/site-packages/airflow/example_dags/example_kubernetes_executor.py
[2022-05-31 19:10:23,122] {logging_mixin.py:115} INFO - [2022-05-31 19:10:23,122] {dag.py:2371} INFO - Sync 1 DAGs
[2022-05-31 19:10:23,204] {logging_mixin.py:115} INFO - [2022-05-31 19:10:23,204] {dag.py:2919} INFO - Setting next_dagrun for example_kubernetes_executor to None, run_after=None
[2022-05-31 19:10:23,225] {processor.py:161} INFO - Processing /home/airflow/.local/lib/python3.7/site-packages/airflow/example_dags/example_kubernetes_executor.py took 0.263 seconds
[2022-05-31 19:10:53,392] {processor.py:153} INFO - Started process (PID=1002) to work on /home/airflow/.local/lib/python3.7/site-packages/airflow/example_dags/example_kubernetes_executor.py
[2022-05-31 19:10:53,395] {processor.py:641} INFO - Processing file /home/airflow/.local/lib/python3.7/site-packages/airflow/example_dags/example_kubernetes_executor.py for tasks to queue
[2022-05-31 19:10:53,397] {logging_mixin.py:115} INFO - [2022-05-31 19:10:53,397] {dagbag.py:507} INFO - Filling up the DagBag from /home/airflow/.local/lib/python3.7/site-packages/airflow/example_dags/example_kubernetes_executor.py
[2022-05-31 19:10:53,428] {processor.py:651} INFO - DAG(s) dict_keys(['example_kubernetes_executor']) retrieved from /home/airflow/.local/lib/python3.7/site-packages/airflow/example_dags/example_kubernetes_executor.py
[2022-05-31 19:10:53,463] {logging_mixin.py:115} INFO - [2022-05-31 19:10:53,463] {dag.py:2371} INFO - Sync 1 DAGs
[2022-05-31 19:10:53,491] {logging_mixin.py:115} INFO - [2022-05-31 19:10:53,491] {dag.py:2919} INFO - Setting next_dagrun for example_kubernetes_executor to None, run_after=None
[2022-05-31 19:10:53,509] {processor.py:161} INFO - Processing /home/airflow/.local/lib/python3.7/site-packages/airflow/example_dags/example_kubernetes_executor.py took 0.123 seconds
[2022-05-31 19:11:23,633] {processor.py:153} INFO - Started process (PID=1194) to work on /home/airflow/.local/lib/python3.7/site-packages/airflow/example_dags/example_kubernetes_executor.py
[2022-05-31 19:11:23,637] {processor.py:641} INFO - Processing file /home/airflow/.local/lib/python3.7/site-packages/airflow/example_dags/example_kubernetes_executor.py for tasks to queue
[2022-05-31 19:11:23,639] {logging_mixin.py:115} INFO - [2022-05-31 19:11:23,639] {dagbag.py:507} INFO - Filling up the DagBag from /home/airflow/.local/lib/python3.7/site-packages/airflow/example_dags/example_kubernetes_executor.py
[2022-05-31 19:11:23,733] {processor.py:651} INFO - DAG(s) dict_keys(['example_kubernetes_executor']) retrieved from /home/airflow/.local/lib/python3.7/site-packages/airflow/example_dags/example_kubernetes_executor.py
[2022-05-31 19:11:23,834] {logging_mixin.py:115} INFO - [2022-05-31 19:11:23,834] {dag.py:2371} INFO - Sync 1 DAGs
[2022-05-31 19:11:23,910] {logging_mixin.py:115} INFO - [2022-05-31 19:11:23,910] {dag.py:2919} INFO - Setting next_dagrun for example_kubernetes_executor to None, run_after=None
[2022-05-31 19:11:23,936] {processor.py:161} INFO - Processing /home/airflow/.local/lib/python3.7/site-packages/airflow/example_dags/example_kubernetes_executor.py took 0.311 seconds
[2022-05-31 19:11:54,043] {processor.py:153} INFO - Started process (PID=1401) to work on /home/airflow/.local/lib/python3.7/site-packages/airflow/example_dags/example_kubernetes_executor.py
[2022-05-31 19:11:54,046] {processor.py:641} INFO - Processing file /home/airflow/.local/lib/python3.7/site-packages/airflow/example_dags/example_kubernetes_executor.py for tasks to queue
[2022-05-31 19:11:54,048] {logging_mixin.py:115} INFO - [2022-05-31 19:11:54,048] {dagbag.py:507} INFO - Filling up the DagBag from /home/airflow/.local/lib/python3.7/site-packages/airflow/example_dags/example_kubernetes_executor.py
[2022-05-31 19:11:54,106] {processor.py:651} INFO - DAG(s) dict_keys(['example_kubernetes_executor']) retrieved from /home/airflow/.local/lib/python3.7/site-packages/airflow/example_dags/example_kubernetes_executor.py
[2022-05-31 19:11:54,208] {logging_mixin.py:115} INFO - [2022-05-31 19:11:54,207] {dag.py:2371} INFO - Sync 1 DAGs
[2022-05-31 19:11:54,245] {logging_mixin.py:115} INFO - [2022-05-31 19:11:54,245] {dag.py:2919} INFO - Setting next_dagrun for example_kubernetes_executor to None, run_after=None
[2022-05-31 19:11:54,273] {processor.py:161} INFO - Processing /home/airflow/.local/lib/python3.7/site-packages/airflow/example_dags/example_kubernetes_executor.py took 0.236 seconds
