[2022-05-31 19:08:48,277] {processor.py:153} INFO - Started process (PID=176) to work on /home/airflow/.local/lib/python3.7/site-packages/airflow/example_dags/example_trigger_controller_dag.py
[2022-05-31 19:08:48,279] {processor.py:641} INFO - Processing file /home/airflow/.local/lib/python3.7/site-packages/airflow/example_dags/example_trigger_controller_dag.py for tasks to queue
[2022-05-31 19:08:48,283] {logging_mixin.py:115} INFO - [2022-05-31 19:08:48,283] {dagbag.py:507} INFO - Filling up the DagBag from /home/airflow/.local/lib/python3.7/site-packages/airflow/example_dags/example_trigger_controller_dag.py
[2022-05-31 19:08:48,298] {processor.py:651} INFO - DAG(s) dict_keys(['example_trigger_controller_dag']) retrieved from /home/airflow/.local/lib/python3.7/site-packages/airflow/example_dags/example_trigger_controller_dag.py
[2022-05-31 19:08:48,577] {logging_mixin.py:115} INFO - [2022-05-31 19:08:48,577] {manager.py:508} INFO - Created Permission View: can read on DAG:example_trigger_controller_dag
[2022-05-31 19:08:48,624] {logging_mixin.py:115} INFO - [2022-05-31 19:08:48,623] {manager.py:508} INFO - Created Permission View: can delete on DAG:example_trigger_controller_dag
[2022-05-31 19:08:48,649] {logging_mixin.py:115} INFO - [2022-05-31 19:08:48,649] {manager.py:508} INFO - Created Permission View: can edit on DAG:example_trigger_controller_dag
[2022-05-31 19:08:48,654] {logging_mixin.py:115} INFO - [2022-05-31 19:08:48,651] {dag.py:2371} INFO - Sync 1 DAGs
[2022-05-31 19:08:48,687] {logging_mixin.py:115} INFO - [2022-05-31 19:08:48,687] {dag.py:2390} INFO - Creating ORM DAG for example_trigger_controller_dag
[2022-05-31 19:08:48,719] {logging_mixin.py:115} INFO - [2022-05-31 19:08:48,719] {dag.py:2919} INFO - Setting next_dagrun for example_trigger_controller_dag to 2021-01-01T00:00:00+00:00, run_after=2021-01-01T00:00:00+00:00
[2022-05-31 19:08:48,765] {processor.py:161} INFO - Processing /home/airflow/.local/lib/python3.7/site-packages/airflow/example_dags/example_trigger_controller_dag.py took 0.493 seconds
[2022-05-31 19:09:19,031] {processor.py:153} INFO - Started process (PID=372) to work on /home/airflow/.local/lib/python3.7/site-packages/airflow/example_dags/example_trigger_controller_dag.py
[2022-05-31 19:09:19,034] {processor.py:641} INFO - Processing file /home/airflow/.local/lib/python3.7/site-packages/airflow/example_dags/example_trigger_controller_dag.py for tasks to queue
[2022-05-31 19:09:19,036] {logging_mixin.py:115} INFO - [2022-05-31 19:09:19,036] {dagbag.py:507} INFO - Filling up the DagBag from /home/airflow/.local/lib/python3.7/site-packages/airflow/example_dags/example_trigger_controller_dag.py
[2022-05-31 19:09:19,047] {processor.py:651} INFO - DAG(s) dict_keys(['example_trigger_controller_dag']) retrieved from /home/airflow/.local/lib/python3.7/site-packages/airflow/example_dags/example_trigger_controller_dag.py
[2022-05-31 19:09:19,121] {logging_mixin.py:115} INFO - [2022-05-31 19:09:19,121] {dag.py:2371} INFO - Sync 1 DAGs
[2022-05-31 19:09:19,170] {logging_mixin.py:115} INFO - [2022-05-31 19:09:19,169] {dag.py:2919} INFO - Setting next_dagrun for example_trigger_controller_dag to 2021-01-01T00:00:00+00:00, run_after=2021-01-01T00:00:00+00:00
[2022-05-31 19:09:19,196] {processor.py:161} INFO - Processing /home/airflow/.local/lib/python3.7/site-packages/airflow/example_dags/example_trigger_controller_dag.py took 0.171 seconds
[2022-05-31 19:09:49,831] {processor.py:153} INFO - Started process (PID=574) to work on /home/airflow/.local/lib/python3.7/site-packages/airflow/example_dags/example_trigger_controller_dag.py
[2022-05-31 19:09:49,833] {processor.py:641} INFO - Processing file /home/airflow/.local/lib/python3.7/site-packages/airflow/example_dags/example_trigger_controller_dag.py for tasks to queue
[2022-05-31 19:09:49,836] {logging_mixin.py:115} INFO - [2022-05-31 19:09:49,836] {dagbag.py:507} INFO - Filling up the DagBag from /home/airflow/.local/lib/python3.7/site-packages/airflow/example_dags/example_trigger_controller_dag.py
[2022-05-31 19:09:49,851] {processor.py:651} INFO - DAG(s) dict_keys(['example_trigger_controller_dag']) retrieved from /home/airflow/.local/lib/python3.7/site-packages/airflow/example_dags/example_trigger_controller_dag.py
[2022-05-31 19:09:49,923] {logging_mixin.py:115} INFO - [2022-05-31 19:09:49,923] {dag.py:2371} INFO - Sync 1 DAGs
[2022-05-31 19:09:49,990] {logging_mixin.py:115} INFO - [2022-05-31 19:09:49,990] {dag.py:2919} INFO - Setting next_dagrun for example_trigger_controller_dag to 2021-01-01T00:00:00+00:00, run_after=2021-01-01T00:00:00+00:00
[2022-05-31 19:09:50,018] {processor.py:161} INFO - Processing /home/airflow/.local/lib/python3.7/site-packages/airflow/example_dags/example_trigger_controller_dag.py took 0.193 seconds
[2022-05-31 19:10:20,520] {processor.py:153} INFO - Started process (PID=768) to work on /home/airflow/.local/lib/python3.7/site-packages/airflow/example_dags/example_trigger_controller_dag.py
[2022-05-31 19:10:20,523] {processor.py:641} INFO - Processing file /home/airflow/.local/lib/python3.7/site-packages/airflow/example_dags/example_trigger_controller_dag.py for tasks to queue
[2022-05-31 19:10:20,525] {logging_mixin.py:115} INFO - [2022-05-31 19:10:20,525] {dagbag.py:507} INFO - Filling up the DagBag from /home/airflow/.local/lib/python3.7/site-packages/airflow/example_dags/example_trigger_controller_dag.py
[2022-05-31 19:10:20,531] {processor.py:651} INFO - DAG(s) dict_keys(['example_trigger_controller_dag']) retrieved from /home/airflow/.local/lib/python3.7/site-packages/airflow/example_dags/example_trigger_controller_dag.py
[2022-05-31 19:10:20,574] {logging_mixin.py:115} INFO - [2022-05-31 19:10:20,574] {dag.py:2371} INFO - Sync 1 DAGs
[2022-05-31 19:10:20,613] {logging_mixin.py:115} INFO - [2022-05-31 19:10:20,613] {dag.py:2919} INFO - Setting next_dagrun for example_trigger_controller_dag to 2021-01-01T00:00:00+00:00, run_after=2021-01-01T00:00:00+00:00
[2022-05-31 19:10:20,631] {processor.py:161} INFO - Processing /home/airflow/.local/lib/python3.7/site-packages/airflow/example_dags/example_trigger_controller_dag.py took 0.116 seconds
[2022-05-31 19:10:51,647] {processor.py:153} INFO - Started process (PID=975) to work on /home/airflow/.local/lib/python3.7/site-packages/airflow/example_dags/example_trigger_controller_dag.py
[2022-05-31 19:10:51,650] {processor.py:641} INFO - Processing file /home/airflow/.local/lib/python3.7/site-packages/airflow/example_dags/example_trigger_controller_dag.py for tasks to queue
[2022-05-31 19:10:51,653] {logging_mixin.py:115} INFO - [2022-05-31 19:10:51,653] {dagbag.py:507} INFO - Filling up the DagBag from /home/airflow/.local/lib/python3.7/site-packages/airflow/example_dags/example_trigger_controller_dag.py
[2022-05-31 19:10:51,667] {processor.py:651} INFO - DAG(s) dict_keys(['example_trigger_controller_dag']) retrieved from /home/airflow/.local/lib/python3.7/site-packages/airflow/example_dags/example_trigger_controller_dag.py
[2022-05-31 19:10:51,719] {logging_mixin.py:115} INFO - [2022-05-31 19:10:51,718] {dag.py:2371} INFO - Sync 1 DAGs
[2022-05-31 19:10:51,752] {logging_mixin.py:115} INFO - [2022-05-31 19:10:51,752] {dag.py:2919} INFO - Setting next_dagrun for example_trigger_controller_dag to 2021-01-01T00:00:00+00:00, run_after=2021-01-01T00:00:00+00:00
[2022-05-31 19:10:51,773] {processor.py:161} INFO - Processing /home/airflow/.local/lib/python3.7/site-packages/airflow/example_dags/example_trigger_controller_dag.py took 0.136 seconds
[2022-05-31 19:11:22,003] {processor.py:153} INFO - Started process (PID=1170) to work on /home/airflow/.local/lib/python3.7/site-packages/airflow/example_dags/example_trigger_controller_dag.py
[2022-05-31 19:11:22,016] {processor.py:641} INFO - Processing file /home/airflow/.local/lib/python3.7/site-packages/airflow/example_dags/example_trigger_controller_dag.py for tasks to queue
[2022-05-31 19:11:22,017] {logging_mixin.py:115} INFO - [2022-05-31 19:11:22,017] {dagbag.py:507} INFO - Filling up the DagBag from /home/airflow/.local/lib/python3.7/site-packages/airflow/example_dags/example_trigger_controller_dag.py
[2022-05-31 19:11:22,023] {processor.py:651} INFO - DAG(s) dict_keys(['example_trigger_controller_dag']) retrieved from /home/airflow/.local/lib/python3.7/site-packages/airflow/example_dags/example_trigger_controller_dag.py
[2022-05-31 19:11:22,073] {logging_mixin.py:115} INFO - [2022-05-31 19:11:22,073] {dag.py:2371} INFO - Sync 1 DAGs
[2022-05-31 19:11:22,111] {logging_mixin.py:115} INFO - [2022-05-31 19:11:22,110] {dag.py:2919} INFO - Setting next_dagrun for example_trigger_controller_dag to 2021-01-01T00:00:00+00:00, run_after=2021-01-01T00:00:00+00:00
[2022-05-31 19:11:22,131] {processor.py:161} INFO - Processing /home/airflow/.local/lib/python3.7/site-packages/airflow/example_dags/example_trigger_controller_dag.py took 0.132 seconds
[2022-05-31 19:11:52,459] {processor.py:153} INFO - Started process (PID=1376) to work on /home/airflow/.local/lib/python3.7/site-packages/airflow/example_dags/example_trigger_controller_dag.py
[2022-05-31 19:11:52,463] {processor.py:641} INFO - Processing file /home/airflow/.local/lib/python3.7/site-packages/airflow/example_dags/example_trigger_controller_dag.py for tasks to queue
[2022-05-31 19:11:52,465] {logging_mixin.py:115} INFO - [2022-05-31 19:11:52,465] {dagbag.py:507} INFO - Filling up the DagBag from /home/airflow/.local/lib/python3.7/site-packages/airflow/example_dags/example_trigger_controller_dag.py
[2022-05-31 19:11:52,469] {processor.py:651} INFO - DAG(s) dict_keys(['example_trigger_controller_dag']) retrieved from /home/airflow/.local/lib/python3.7/site-packages/airflow/example_dags/example_trigger_controller_dag.py
[2022-05-31 19:11:52,511] {logging_mixin.py:115} INFO - [2022-05-31 19:11:52,511] {dag.py:2371} INFO - Sync 1 DAGs
[2022-05-31 19:11:52,549] {logging_mixin.py:115} INFO - [2022-05-31 19:11:52,549] {dag.py:2919} INFO - Setting next_dagrun for example_trigger_controller_dag to 2021-01-01T00:00:00+00:00, run_after=2021-01-01T00:00:00+00:00
[2022-05-31 19:11:52,575] {processor.py:161} INFO - Processing /home/airflow/.local/lib/python3.7/site-packages/airflow/example_dags/example_trigger_controller_dag.py took 0.124 seconds
