[2022-05-31 19:08:56,816] {processor.py:153} INFO - Started process (PID=242) to work on /home/airflow/.local/lib/python3.7/site-packages/airflow/example_dags/example_short_circuit_operator.py
[2022-05-31 19:08:56,819] {processor.py:641} INFO - Processing file /home/airflow/.local/lib/python3.7/site-packages/airflow/example_dags/example_short_circuit_operator.py for tasks to queue
[2022-05-31 19:08:56,830] {logging_mixin.py:115} INFO - [2022-05-31 19:08:56,828] {dagbag.py:507} INFO - Filling up the DagBag from /home/airflow/.local/lib/python3.7/site-packages/airflow/example_dags/example_short_circuit_operator.py
[2022-05-31 19:08:56,899] {processor.py:651} INFO - DAG(s) dict_keys(['example_short_circuit_operator']) retrieved from /home/airflow/.local/lib/python3.7/site-packages/airflow/example_dags/example_short_circuit_operator.py
[2022-05-31 19:08:57,260] {logging_mixin.py:115} INFO - [2022-05-31 19:08:57,260] {manager.py:508} INFO - Created Permission View: can read on DAG:example_short_circuit_operator
[2022-05-31 19:08:57,330] {logging_mixin.py:115} INFO - [2022-05-31 19:08:57,330] {manager.py:508} INFO - Created Permission View: can delete on DAG:example_short_circuit_operator
[2022-05-31 19:08:57,373] {logging_mixin.py:115} INFO - [2022-05-31 19:08:57,373] {manager.py:508} INFO - Created Permission View: can edit on DAG:example_short_circuit_operator
[2022-05-31 19:08:57,376] {logging_mixin.py:115} INFO - [2022-05-31 19:08:57,375] {dag.py:2371} INFO - Sync 1 DAGs
[2022-05-31 19:08:57,445] {logging_mixin.py:115} INFO - [2022-05-31 19:08:57,445] {dag.py:2390} INFO - Creating ORM DAG for example_short_circuit_operator
[2022-05-31 19:08:57,525] {logging_mixin.py:115} INFO - [2022-05-31 19:08:57,525] {dag.py:2919} INFO - Setting next_dagrun for example_short_circuit_operator to 2022-05-30T19:08:57.518421+00:00, run_after=2022-05-31T19:08:57.518421+00:00
[2022-05-31 19:08:57,648] {processor.py:161} INFO - Processing /home/airflow/.local/lib/python3.7/site-packages/airflow/example_dags/example_short_circuit_operator.py took 0.870 seconds
[2022-05-31 19:09:28,565] {processor.py:153} INFO - Started process (PID=439) to work on /home/airflow/.local/lib/python3.7/site-packages/airflow/example_dags/example_short_circuit_operator.py
[2022-05-31 19:09:28,569] {processor.py:641} INFO - Processing file /home/airflow/.local/lib/python3.7/site-packages/airflow/example_dags/example_short_circuit_operator.py for tasks to queue
[2022-05-31 19:09:28,572] {logging_mixin.py:115} INFO - [2022-05-31 19:09:28,571] {dagbag.py:507} INFO - Filling up the DagBag from /home/airflow/.local/lib/python3.7/site-packages/airflow/example_dags/example_short_circuit_operator.py
[2022-05-31 19:09:28,600] {processor.py:651} INFO - DAG(s) dict_keys(['example_short_circuit_operator']) retrieved from /home/airflow/.local/lib/python3.7/site-packages/airflow/example_dags/example_short_circuit_operator.py
[2022-05-31 19:09:28,677] {logging_mixin.py:115} INFO - [2022-05-31 19:09:28,677] {dag.py:2371} INFO - Sync 1 DAGs
[2022-05-31 19:09:28,714] {logging_mixin.py:115} INFO - [2022-05-31 19:09:28,714] {dag.py:2919} INFO - Setting next_dagrun for example_short_circuit_operator to 2022-05-30T19:09:28.714093+00:00, run_after=2022-05-31T19:09:28.714093+00:00
[2022-05-31 19:09:28,771] {processor.py:161} INFO - Processing /home/airflow/.local/lib/python3.7/site-packages/airflow/example_dags/example_short_circuit_operator.py took 0.219 seconds
[2022-05-31 19:09:58,937] {processor.py:153} INFO - Started process (PID=633) to work on /home/airflow/.local/lib/python3.7/site-packages/airflow/example_dags/example_short_circuit_operator.py
[2022-05-31 19:09:58,940] {processor.py:641} INFO - Processing file /home/airflow/.local/lib/python3.7/site-packages/airflow/example_dags/example_short_circuit_operator.py for tasks to queue
[2022-05-31 19:09:58,943] {logging_mixin.py:115} INFO - [2022-05-31 19:09:58,942] {dagbag.py:507} INFO - Filling up the DagBag from /home/airflow/.local/lib/python3.7/site-packages/airflow/example_dags/example_short_circuit_operator.py
[2022-05-31 19:09:58,962] {processor.py:651} INFO - DAG(s) dict_keys(['example_short_circuit_operator']) retrieved from /home/airflow/.local/lib/python3.7/site-packages/airflow/example_dags/example_short_circuit_operator.py
[2022-05-31 19:09:59,033] {logging_mixin.py:115} INFO - [2022-05-31 19:09:59,033] {dag.py:2371} INFO - Sync 1 DAGs
[2022-05-31 19:09:59,065] {logging_mixin.py:115} INFO - [2022-05-31 19:09:59,064] {dag.py:2919} INFO - Setting next_dagrun for example_short_circuit_operator to 2022-05-30T19:09:59.064631+00:00, run_after=2022-05-31T19:09:59.064631+00:00
[2022-05-31 19:09:59,090] {processor.py:161} INFO - Processing /home/airflow/.local/lib/python3.7/site-packages/airflow/example_dags/example_short_circuit_operator.py took 0.157 seconds
[2022-05-31 19:10:29,728] {processor.py:153} INFO - Started process (PID=838) to work on /home/airflow/.local/lib/python3.7/site-packages/airflow/example_dags/example_short_circuit_operator.py
[2022-05-31 19:10:29,740] {processor.py:641} INFO - Processing file /home/airflow/.local/lib/python3.7/site-packages/airflow/example_dags/example_short_circuit_operator.py for tasks to queue
[2022-05-31 19:10:29,742] {logging_mixin.py:115} INFO - [2022-05-31 19:10:29,742] {dagbag.py:507} INFO - Filling up the DagBag from /home/airflow/.local/lib/python3.7/site-packages/airflow/example_dags/example_short_circuit_operator.py
[2022-05-31 19:10:29,769] {processor.py:651} INFO - DAG(s) dict_keys(['example_short_circuit_operator']) retrieved from /home/airflow/.local/lib/python3.7/site-packages/airflow/example_dags/example_short_circuit_operator.py
[2022-05-31 19:10:29,816] {logging_mixin.py:115} INFO - [2022-05-31 19:10:29,816] {dag.py:2371} INFO - Sync 1 DAGs
[2022-05-31 19:10:29,855] {logging_mixin.py:115} INFO - [2022-05-31 19:10:29,855] {dag.py:2919} INFO - Setting next_dagrun for example_short_circuit_operator to 2022-05-30T19:10:29.855469+00:00, run_after=2022-05-31T19:10:29.855469+00:00
[2022-05-31 19:10:29,873] {processor.py:161} INFO - Processing /home/airflow/.local/lib/python3.7/site-packages/airflow/example_dags/example_short_circuit_operator.py took 0.152 seconds
[2022-05-31 19:11:00,098] {processor.py:153} INFO - Started process (PID=1032) to work on /home/airflow/.local/lib/python3.7/site-packages/airflow/example_dags/example_short_circuit_operator.py
[2022-05-31 19:11:00,103] {processor.py:641} INFO - Processing file /home/airflow/.local/lib/python3.7/site-packages/airflow/example_dags/example_short_circuit_operator.py for tasks to queue
[2022-05-31 19:11:00,105] {logging_mixin.py:115} INFO - [2022-05-31 19:11:00,105] {dagbag.py:507} INFO - Filling up the DagBag from /home/airflow/.local/lib/python3.7/site-packages/airflow/example_dags/example_short_circuit_operator.py
[2022-05-31 19:11:00,130] {processor.py:651} INFO - DAG(s) dict_keys(['example_short_circuit_operator']) retrieved from /home/airflow/.local/lib/python3.7/site-packages/airflow/example_dags/example_short_circuit_operator.py
[2022-05-31 19:11:00,216] {logging_mixin.py:115} INFO - [2022-05-31 19:11:00,216] {dag.py:2371} INFO - Sync 1 DAGs
[2022-05-31 19:11:00,288] {logging_mixin.py:115} INFO - [2022-05-31 19:11:00,288] {dag.py:2919} INFO - Setting next_dagrun for example_short_circuit_operator to 2022-05-30T19:11:00.288463+00:00, run_after=2022-05-31T19:11:00.288463+00:00
[2022-05-31 19:11:00,328] {processor.py:161} INFO - Processing /home/airflow/.local/lib/python3.7/site-packages/airflow/example_dags/example_short_circuit_operator.py took 0.235 seconds
[2022-05-31 19:11:30,478] {processor.py:153} INFO - Started process (PID=1238) to work on /home/airflow/.local/lib/python3.7/site-packages/airflow/example_dags/example_short_circuit_operator.py
[2022-05-31 19:11:30,493] {processor.py:641} INFO - Processing file /home/airflow/.local/lib/python3.7/site-packages/airflow/example_dags/example_short_circuit_operator.py for tasks to queue
[2022-05-31 19:11:30,501] {logging_mixin.py:115} INFO - [2022-05-31 19:11:30,500] {dagbag.py:507} INFO - Filling up the DagBag from /home/airflow/.local/lib/python3.7/site-packages/airflow/example_dags/example_short_circuit_operator.py
[2022-05-31 19:11:30,534] {processor.py:651} INFO - DAG(s) dict_keys(['example_short_circuit_operator']) retrieved from /home/airflow/.local/lib/python3.7/site-packages/airflow/example_dags/example_short_circuit_operator.py
[2022-05-31 19:11:30,596] {logging_mixin.py:115} INFO - [2022-05-31 19:11:30,596] {dag.py:2371} INFO - Sync 1 DAGs
[2022-05-31 19:11:30,647] {logging_mixin.py:115} INFO - [2022-05-31 19:11:30,646] {dag.py:2919} INFO - Setting next_dagrun for example_short_circuit_operator to 2022-05-30T19:11:30.646450+00:00, run_after=2022-05-31T19:11:30.646450+00:00
[2022-05-31 19:11:30,675] {processor.py:161} INFO - Processing /home/airflow/.local/lib/python3.7/site-packages/airflow/example_dags/example_short_circuit_operator.py took 0.205 seconds
[2022-05-31 19:12:01,117] {processor.py:153} INFO - Started process (PID=1433) to work on /home/airflow/.local/lib/python3.7/site-packages/airflow/example_dags/example_short_circuit_operator.py
[2022-05-31 19:12:01,127] {processor.py:641} INFO - Processing file /home/airflow/.local/lib/python3.7/site-packages/airflow/example_dags/example_short_circuit_operator.py for tasks to queue
[2022-05-31 19:12:01,132] {logging_mixin.py:115} INFO - [2022-05-31 19:12:01,131] {dagbag.py:507} INFO - Filling up the DagBag from /home/airflow/.local/lib/python3.7/site-packages/airflow/example_dags/example_short_circuit_operator.py
[2022-05-31 19:12:01,169] {processor.py:651} INFO - DAG(s) dict_keys(['example_short_circuit_operator']) retrieved from /home/airflow/.local/lib/python3.7/site-packages/airflow/example_dags/example_short_circuit_operator.py
[2022-05-31 19:12:01,344] {logging_mixin.py:115} INFO - [2022-05-31 19:12:01,344] {dag.py:2371} INFO - Sync 1 DAGs
[2022-05-31 19:12:01,462] {logging_mixin.py:115} INFO - [2022-05-31 19:12:01,462] {dag.py:2919} INFO - Setting next_dagrun for example_short_circuit_operator to 2022-05-30T19:12:01.462398+00:00, run_after=2022-05-31T19:12:01.462398+00:00
[2022-05-31 19:12:01,498] {processor.py:161} INFO - Processing /home/airflow/.local/lib/python3.7/site-packages/airflow/example_dags/example_short_circuit_operator.py took 0.397 seconds
