[2022-05-31 19:08:57,303] {processor.py:153} INFO - Started process (PID=247) to work on /home/airflow/.local/lib/python3.7/site-packages/airflow/example_dags/example_sla_dag.py
[2022-05-31 19:08:57,305] {processor.py:641} INFO - Processing file /home/airflow/.local/lib/python3.7/site-packages/airflow/example_dags/example_sla_dag.py for tasks to queue
[2022-05-31 19:08:57,317] {logging_mixin.py:115} INFO - [2022-05-31 19:08:57,309] {dagbag.py:507} INFO - Filling up the DagBag from /home/airflow/.local/lib/python3.7/site-packages/airflow/example_dags/example_sla_dag.py
[2022-05-31 19:08:57,492] {processor.py:651} INFO - DAG(s) dict_keys(['example_sla_dag']) retrieved from /home/airflow/.local/lib/python3.7/site-packages/airflow/example_dags/example_sla_dag.py
[2022-05-31 19:08:58,162] {logging_mixin.py:115} INFO - [2022-05-31 19:08:58,161] {manager.py:508} INFO - Created Permission View: can read on DAG:example_sla_dag
[2022-05-31 19:08:58,207] {logging_mixin.py:115} INFO - [2022-05-31 19:08:58,207] {manager.py:508} INFO - Created Permission View: can delete on DAG:example_sla_dag
[2022-05-31 19:08:58,243] {logging_mixin.py:115} INFO - [2022-05-31 19:08:58,243] {manager.py:508} INFO - Created Permission View: can edit on DAG:example_sla_dag
[2022-05-31 19:08:58,245] {logging_mixin.py:115} INFO - [2022-05-31 19:08:58,245] {dag.py:2371} INFO - Sync 1 DAGs
[2022-05-31 19:08:58,279] {logging_mixin.py:115} INFO - [2022-05-31 19:08:58,279] {dag.py:2390} INFO - Creating ORM DAG for example_sla_dag
[2022-05-31 19:08:58,359] {logging_mixin.py:115} INFO - [2022-05-31 19:08:58,359] {dag.py:2919} INFO - Setting next_dagrun for example_sla_dag to 2022-05-31T19:06:00+00:00, run_after=2022-05-31T19:08:00+00:00
[2022-05-31 19:08:58,428] {processor.py:161} INFO - Processing /home/airflow/.local/lib/python3.7/site-packages/airflow/example_dags/example_sla_dag.py took 1.179 seconds
[2022-05-31 19:09:28,540] {processor.py:153} INFO - Started process (PID=440) to work on /home/airflow/.local/lib/python3.7/site-packages/airflow/example_dags/example_sla_dag.py
[2022-05-31 19:09:28,546] {processor.py:641} INFO - Processing file /home/airflow/.local/lib/python3.7/site-packages/airflow/example_dags/example_sla_dag.py for tasks to queue
[2022-05-31 19:09:28,555] {logging_mixin.py:115} INFO - [2022-05-31 19:09:28,555] {dagbag.py:507} INFO - Filling up the DagBag from /home/airflow/.local/lib/python3.7/site-packages/airflow/example_dags/example_sla_dag.py
[2022-05-31 19:09:28,626] {processor.py:651} INFO - DAG(s) dict_keys(['example_sla_dag']) retrieved from /home/airflow/.local/lib/python3.7/site-packages/airflow/example_dags/example_sla_dag.py
[2022-05-31 19:09:28,719] {logging_mixin.py:115} INFO - [2022-05-31 19:09:28,719] {dag.py:2371} INFO - Sync 1 DAGs
[2022-05-31 19:09:28,761] {logging_mixin.py:115} INFO - [2022-05-31 19:09:28,761] {dag.py:2919} INFO - Setting next_dagrun for example_sla_dag to 2022-05-31T19:06:00+00:00, run_after=2022-05-31T19:08:00+00:00
[2022-05-31 19:09:28,805] {processor.py:161} INFO - Processing /home/airflow/.local/lib/python3.7/site-packages/airflow/example_dags/example_sla_dag.py took 0.271 seconds
[2022-05-31 19:09:58,963] {processor.py:153} INFO - Started process (PID=636) to work on /home/airflow/.local/lib/python3.7/site-packages/airflow/example_dags/example_sla_dag.py
[2022-05-31 19:09:58,967] {processor.py:641} INFO - Processing file /home/airflow/.local/lib/python3.7/site-packages/airflow/example_dags/example_sla_dag.py for tasks to queue
[2022-05-31 19:09:58,970] {logging_mixin.py:115} INFO - [2022-05-31 19:09:58,970] {dagbag.py:507} INFO - Filling up the DagBag from /home/airflow/.local/lib/python3.7/site-packages/airflow/example_dags/example_sla_dag.py
[2022-05-31 19:09:59,009] {processor.py:651} INFO - DAG(s) dict_keys(['example_sla_dag']) retrieved from /home/airflow/.local/lib/python3.7/site-packages/airflow/example_dags/example_sla_dag.py
[2022-05-31 19:09:59,055] {logging_mixin.py:115} INFO - [2022-05-31 19:09:59,055] {dag.py:2371} INFO - Sync 1 DAGs
[2022-05-31 19:09:59,108] {logging_mixin.py:115} INFO - [2022-05-31 19:09:59,108] {dag.py:2919} INFO - Setting next_dagrun for example_sla_dag to 2022-05-31T19:06:00+00:00, run_after=2022-05-31T19:08:00+00:00
[2022-05-31 19:09:59,129] {processor.py:161} INFO - Processing /home/airflow/.local/lib/python3.7/site-packages/airflow/example_dags/example_sla_dag.py took 0.173 seconds
[2022-05-31 19:10:29,773] {processor.py:153} INFO - Started process (PID=839) to work on /home/airflow/.local/lib/python3.7/site-packages/airflow/example_dags/example_sla_dag.py
[2022-05-31 19:10:29,779] {processor.py:641} INFO - Processing file /home/airflow/.local/lib/python3.7/site-packages/airflow/example_dags/example_sla_dag.py for tasks to queue
[2022-05-31 19:10:29,782] {logging_mixin.py:115} INFO - [2022-05-31 19:10:29,782] {dagbag.py:507} INFO - Filling up the DagBag from /home/airflow/.local/lib/python3.7/site-packages/airflow/example_dags/example_sla_dag.py
[2022-05-31 19:10:29,824] {processor.py:651} INFO - DAG(s) dict_keys(['example_sla_dag']) retrieved from /home/airflow/.local/lib/python3.7/site-packages/airflow/example_dags/example_sla_dag.py
[2022-05-31 19:10:29,862] {logging_mixin.py:115} INFO - [2022-05-31 19:10:29,862] {dag.py:2371} INFO - Sync 1 DAGs
[2022-05-31 19:10:29,912] {logging_mixin.py:115} INFO - [2022-05-31 19:10:29,912] {dag.py:2919} INFO - Setting next_dagrun for example_sla_dag to 2022-05-31T19:08:00+00:00, run_after=2022-05-31T19:10:00+00:00
[2022-05-31 19:10:29,940] {processor.py:161} INFO - Processing /home/airflow/.local/lib/python3.7/site-packages/airflow/example_dags/example_sla_dag.py took 0.179 seconds
[2022-05-31 19:11:00,128] {processor.py:153} INFO - Started process (PID=1033) to work on /home/airflow/.local/lib/python3.7/site-packages/airflow/example_dags/example_sla_dag.py
[2022-05-31 19:11:00,135] {processor.py:641} INFO - Processing file /home/airflow/.local/lib/python3.7/site-packages/airflow/example_dags/example_sla_dag.py for tasks to queue
[2022-05-31 19:11:00,142] {logging_mixin.py:115} INFO - [2022-05-31 19:11:00,142] {dagbag.py:507} INFO - Filling up the DagBag from /home/airflow/.local/lib/python3.7/site-packages/airflow/example_dags/example_sla_dag.py
[2022-05-31 19:11:00,198] {processor.py:651} INFO - DAG(s) dict_keys(['example_sla_dag']) retrieved from /home/airflow/.local/lib/python3.7/site-packages/airflow/example_dags/example_sla_dag.py
[2022-05-31 19:11:00,268] {logging_mixin.py:115} INFO - [2022-05-31 19:11:00,268] {dag.py:2371} INFO - Sync 1 DAGs
[2022-05-31 19:11:00,351] {logging_mixin.py:115} INFO - [2022-05-31 19:11:00,351] {dag.py:2919} INFO - Setting next_dagrun for example_sla_dag to 2022-05-31T19:08:00+00:00, run_after=2022-05-31T19:10:00+00:00
[2022-05-31 19:11:00,384] {processor.py:161} INFO - Processing /home/airflow/.local/lib/python3.7/site-packages/airflow/example_dags/example_sla_dag.py took 0.259 seconds
[2022-05-31 19:11:30,486] {processor.py:153} INFO - Started process (PID=1241) to work on /home/airflow/.local/lib/python3.7/site-packages/airflow/example_dags/example_sla_dag.py
[2022-05-31 19:11:30,488] {processor.py:641} INFO - Processing file /home/airflow/.local/lib/python3.7/site-packages/airflow/example_dags/example_sla_dag.py for tasks to queue
[2022-05-31 19:11:30,490] {logging_mixin.py:115} INFO - [2022-05-31 19:11:30,490] {dagbag.py:507} INFO - Filling up the DagBag from /home/airflow/.local/lib/python3.7/site-packages/airflow/example_dags/example_sla_dag.py
[2022-05-31 19:11:30,521] {processor.py:651} INFO - DAG(s) dict_keys(['example_sla_dag']) retrieved from /home/airflow/.local/lib/python3.7/site-packages/airflow/example_dags/example_sla_dag.py
[2022-05-31 19:11:30,569] {logging_mixin.py:115} INFO - [2022-05-31 19:11:30,569] {dag.py:2371} INFO - Sync 1 DAGs
[2022-05-31 19:11:30,630] {logging_mixin.py:115} INFO - [2022-05-31 19:11:30,630] {dag.py:2919} INFO - Setting next_dagrun for example_sla_dag to 2022-05-31T19:08:00+00:00, run_after=2022-05-31T19:10:00+00:00
[2022-05-31 19:11:30,663] {processor.py:161} INFO - Processing /home/airflow/.local/lib/python3.7/site-packages/airflow/example_dags/example_sla_dag.py took 0.181 seconds
[2022-05-31 19:12:01,127] {processor.py:153} INFO - Started process (PID=1435) to work on /home/airflow/.local/lib/python3.7/site-packages/airflow/example_dags/example_sla_dag.py
[2022-05-31 19:12:01,134] {processor.py:641} INFO - Processing file /home/airflow/.local/lib/python3.7/site-packages/airflow/example_dags/example_sla_dag.py for tasks to queue
[2022-05-31 19:12:01,143] {logging_mixin.py:115} INFO - [2022-05-31 19:12:01,142] {dagbag.py:507} INFO - Filling up the DagBag from /home/airflow/.local/lib/python3.7/site-packages/airflow/example_dags/example_sla_dag.py
[2022-05-31 19:12:01,209] {processor.py:651} INFO - DAG(s) dict_keys(['example_sla_dag']) retrieved from /home/airflow/.local/lib/python3.7/site-packages/airflow/example_dags/example_sla_dag.py
[2022-05-31 19:12:01,376] {logging_mixin.py:115} INFO - [2022-05-31 19:12:01,376] {dag.py:2371} INFO - Sync 1 DAGs
[2022-05-31 19:12:01,495] {logging_mixin.py:115} INFO - [2022-05-31 19:12:01,495] {dag.py:2919} INFO - Setting next_dagrun for example_sla_dag to 2022-05-31T19:10:00+00:00, run_after=2022-05-31T19:12:00+00:00
[2022-05-31 19:12:01,535] {processor.py:161} INFO - Processing /home/airflow/.local/lib/python3.7/site-packages/airflow/example_dags/example_sla_dag.py took 0.417 seconds
