[2022-05-22 22:13:42,599] {taskinstance.py:896} INFO - Dependencies all met for <TaskInstance: book_db.store_books 2022-05-22T22:13:10.207470+00:00 [queued]>
[2022-05-22 22:13:42,646] {taskinstance.py:896} INFO - Dependencies all met for <TaskInstance: book_db.store_books 2022-05-22T22:13:10.207470+00:00 [queued]>
[2022-05-22 22:13:42,648] {taskinstance.py:1087} INFO - 
--------------------------------------------------------------------------------
[2022-05-22 22:13:42,649] {taskinstance.py:1088} INFO - Starting attempt 1 of 1
[2022-05-22 22:13:42,650] {taskinstance.py:1089} INFO - 
--------------------------------------------------------------------------------
[2022-05-22 22:13:42,756] {taskinstance.py:1107} INFO - Executing <Task(PythonOperator): store_books> on 2022-05-22T22:13:10.207470+00:00
[2022-05-22 22:13:42,760] {standard_task_runner.py:52} INFO - Started process 68 to run task
[2022-05-22 22:13:42,766] {standard_task_runner.py:76} INFO - Running: ['airflow', 'tasks', 'run', 'book_db', 'store_books', '2022-05-22T22:13:10.207470+00:00', '--job-id', '13', '--pool', 'default_pool', '--raw', '--subdir', 'DAGS_FOLDER/books_db.py', '--cfg-path', '/tmp/tmprhkux86y', '--error-file', '/tmp/tmpyuoytias']
[2022-05-22 22:13:42,768] {standard_task_runner.py:77} INFO - Job 13: Subtask store_books
[2022-05-22 22:13:42,864] {logging_mixin.py:104} INFO - Running <TaskInstance: book_db.store_books 2022-05-22T22:13:10.207470+00:00 [running]> on host 0f09442c242c
[2022-05-22 22:13:42,993] {taskinstance.py:1300} INFO - Exporting the following env vars:
AIRFLOW_CTX_DAG_OWNER=airflow
AIRFLOW_CTX_DAG_ID=book_db
AIRFLOW_CTX_TASK_ID=store_books
AIRFLOW_CTX_EXECUTION_DATE=2022-05-22T22:13:10.207470+00:00
AIRFLOW_CTX_DAG_RUN_ID=manual__2022-05-22T22:13:10.207470+00:00
[2022-05-22 22:13:43,010] {python.py:151} INFO - Done. Returned value was: None
[2022-05-22 22:13:43,025] {taskinstance.py:1204} INFO - Marking task as SUCCESS. dag_id=book_db, task_id=store_books, execution_date=20220522T221310, start_date=20220522T221342, end_date=20220522T221343
[2022-05-22 22:13:43,118] {taskinstance.py:1265} INFO - 0 downstream tasks scheduled from follow-on schedule check
[2022-05-22 22:13:43,143] {local_task_job.py:151} INFO - Task exited with return code 0
