[2022-05-22 21:24:08,143] {scheduler_job.py:182} INFO - Started process (PID=22) to work on /opt/airflow/dags/books_db.py
[2022-05-22 21:24:08,151] {scheduler_job.py:633} INFO - Processing file /opt/airflow/dags/books_db.py for tasks to queue
[2022-05-22 21:24:08,153] {logging_mixin.py:104} INFO - [2022-05-22 21:24:08,153] {dagbag.py:496} INFO - Filling up the DagBag from /opt/airflow/dags/books_db.py
[2022-05-22 21:24:11,032] {scheduler_job.py:643} INFO - DAG(s) dict_keys(['new_book']) retrieved from /opt/airflow/dags/books_db.py
[2022-05-22 21:24:11,084] {logging_mixin.py:104} INFO - [2022-05-22 21:24:11,084] {dag.py:1833} INFO - Sync 1 DAGs
[2022-05-22 21:24:11,117] {logging_mixin.py:104} INFO - [2022-05-22 21:24:11,117] {dag.py:2306} INFO - Setting next_dagrun for new_book to 2022-05-21 00:00:00+00:00
[2022-05-22 21:24:11,181] {scheduler_job.py:190} INFO - Processing /opt/airflow/dags/books_db.py took 3.076 seconds
[2022-05-22 21:24:57,726] {scheduler_job.py:182} INFO - Started process (PID=55) to work on /opt/airflow/dags/books_db.py
[2022-05-22 21:24:57,732] {scheduler_job.py:633} INFO - Processing file /opt/airflow/dags/books_db.py for tasks to queue
[2022-05-22 21:24:57,735] {logging_mixin.py:104} INFO - [2022-05-22 21:24:57,734] {dagbag.py:496} INFO - Filling up the DagBag from /opt/airflow/dags/books_db.py
[2022-05-22 21:24:58,308] {scheduler_job.py:643} INFO - DAG(s) dict_keys(['new_book']) retrieved from /opt/airflow/dags/books_db.py
[2022-05-22 21:24:58,335] {logging_mixin.py:104} INFO - [2022-05-22 21:24:58,335] {dag.py:1833} INFO - Sync 1 DAGs
[2022-05-22 21:24:58,365] {logging_mixin.py:104} INFO - [2022-05-22 21:24:58,365] {dag.py:2306} INFO - Setting next_dagrun for new_book to 2022-05-21 00:00:00+00:00
[2022-05-22 21:24:58,436] {scheduler_job.py:190} INFO - Processing /opt/airflow/dags/books_db.py took 0.715 seconds
[2022-05-22 21:25:35,315] {scheduler_job.py:182} INFO - Started process (PID=82) to work on /opt/airflow/dags/books_db.py
[2022-05-22 21:25:35,319] {scheduler_job.py:633} INFO - Processing file /opt/airflow/dags/books_db.py for tasks to queue
[2022-05-22 21:25:35,321] {logging_mixin.py:104} INFO - [2022-05-22 21:25:35,321] {dagbag.py:496} INFO - Filling up the DagBag from /opt/airflow/dags/books_db.py
[2022-05-22 21:25:35,944] {scheduler_job.py:643} INFO - DAG(s) dict_keys(['new_book']) retrieved from /opt/airflow/dags/books_db.py
[2022-05-22 21:25:35,966] {logging_mixin.py:104} INFO - [2022-05-22 21:25:35,966] {dag.py:1833} INFO - Sync 1 DAGs
[2022-05-22 21:25:35,987] {logging_mixin.py:104} INFO - [2022-05-22 21:25:35,987] {dag.py:2306} INFO - Setting next_dagrun for new_book to 2022-05-21 00:00:00+00:00
[2022-05-22 21:25:36,036] {scheduler_job.py:190} INFO - Processing /opt/airflow/dags/books_db.py took 0.724 seconds
[2022-05-22 21:25:51,000] {scheduler_job.py:182} INFO - Started process (PID=94) to work on /opt/airflow/dags/books_db.py
[2022-05-22 21:25:51,017] {scheduler_job.py:633} INFO - Processing file /opt/airflow/dags/books_db.py for tasks to queue
[2022-05-22 21:25:51,027] {logging_mixin.py:104} INFO - [2022-05-22 21:25:51,026] {dagbag.py:496} INFO - Filling up the DagBag from /opt/airflow/dags/books_db.py
[2022-05-22 21:25:52,548] {scheduler_job.py:643} INFO - DAG(s) dict_keys(['book_db']) retrieved from /opt/airflow/dags/books_db.py
[2022-05-22 21:25:55,847] {logging_mixin.py:104} WARNING - /home/airflow/.local/lib/python3.8/site-packages/azure/cosmos/session.py:186 SyntaxWarning: "is not" with a literal. Did you mean "!="?
[2022-05-22 21:25:56,015] {logging_mixin.py:104} WARNING - /home/airflow/.local/lib/python3.8/site-packages/azure/storage/common/_connection.py:82 SyntaxWarning: "is" with a literal. Did you mean "=="?
[2022-05-22 21:26:03,112] {logging_mixin.py:104} INFO - [2022-05-22 21:26:03,112] {dag.py:1833} INFO - Sync 1 DAGs
[2022-05-22 21:26:03,131] {logging_mixin.py:104} INFO - [2022-05-22 21:26:03,131] {dag.py:1852} INFO - Creating ORM DAG for book_db
[2022-05-22 21:26:03,144] {logging_mixin.py:104} INFO - [2022-05-22 21:26:03,144] {dag.py:2306} INFO - Setting next_dagrun for book_db to 2022-05-21 00:00:00+00:00
[2022-05-22 21:26:03,289] {scheduler_job.py:190} INFO - Processing /opt/airflow/dags/books_db.py took 12.296 seconds
[2022-05-22 21:27:30,235] {scheduler_job.py:182} INFO - Started process (PID=23) to work on /opt/airflow/dags/books_db.py
[2022-05-22 21:27:30,239] {scheduler_job.py:633} INFO - Processing file /opt/airflow/dags/books_db.py for tasks to queue
[2022-05-22 21:27:30,242] {logging_mixin.py:104} INFO - [2022-05-22 21:27:30,242] {dagbag.py:496} INFO - Filling up the DagBag from /opt/airflow/dags/books_db.py
[2022-05-22 21:27:30,826] {scheduler_job.py:643} INFO - DAG(s) dict_keys(['book_db']) retrieved from /opt/airflow/dags/books_db.py
[2022-05-22 21:27:30,865] {logging_mixin.py:104} INFO - [2022-05-22 21:27:30,864] {dag.py:1833} INFO - Sync 1 DAGs
[2022-05-22 21:27:30,913] {logging_mixin.py:104} INFO - [2022-05-22 21:27:30,913] {dag.py:2306} INFO - Setting next_dagrun for book_db to 2022-05-21 00:00:00+00:00
[2022-05-22 21:27:30,984] {scheduler_job.py:190} INFO - Processing /opt/airflow/dags/books_db.py took 0.754 seconds
[2022-05-22 21:28:12,819] {scheduler_job.py:182} INFO - Started process (PID=56) to work on /opt/airflow/dags/books_db.py
[2022-05-22 21:28:12,823] {scheduler_job.py:633} INFO - Processing file /opt/airflow/dags/books_db.py for tasks to queue
[2022-05-22 21:28:12,828] {logging_mixin.py:104} INFO - [2022-05-22 21:28:12,828] {dagbag.py:496} INFO - Filling up the DagBag from /opt/airflow/dags/books_db.py
[2022-05-22 21:28:13,420] {scheduler_job.py:643} INFO - DAG(s) dict_keys(['book_db']) retrieved from /opt/airflow/dags/books_db.py
[2022-05-22 21:28:13,452] {logging_mixin.py:104} INFO - [2022-05-22 21:28:13,452] {dag.py:1833} INFO - Sync 1 DAGs
[2022-05-22 21:28:13,480] {logging_mixin.py:104} INFO - [2022-05-22 21:28:13,480] {dag.py:2306} INFO - Setting next_dagrun for book_db to 2022-05-21 00:00:00+00:00
[2022-05-22 21:28:13,535] {scheduler_job.py:190} INFO - Processing /opt/airflow/dags/books_db.py took 0.722 seconds
[2022-05-22 21:28:51,650] {scheduler_job.py:182} INFO - Started process (PID=85) to work on /opt/airflow/dags/books_db.py
[2022-05-22 21:28:51,654] {scheduler_job.py:633} INFO - Processing file /opt/airflow/dags/books_db.py for tasks to queue
[2022-05-22 21:28:51,656] {logging_mixin.py:104} INFO - [2022-05-22 21:28:51,656] {dagbag.py:496} INFO - Filling up the DagBag from /opt/airflow/dags/books_db.py
[2022-05-22 21:28:52,579] {scheduler_job.py:643} INFO - DAG(s) dict_keys(['book_db']) retrieved from /opt/airflow/dags/books_db.py
[2022-05-22 21:28:52,639] {logging_mixin.py:104} INFO - [2022-05-22 21:28:52,639] {dag.py:1833} INFO - Sync 1 DAGs
[2022-05-22 21:28:52,713] {logging_mixin.py:104} INFO - [2022-05-22 21:28:52,713] {dag.py:2306} INFO - Setting next_dagrun for book_db to 2022-05-21 00:00:00+00:00
[2022-05-22 21:28:52,790] {scheduler_job.py:190} INFO - Processing /opt/airflow/dags/books_db.py took 1.144 seconds
[2022-05-22 21:29:35,169] {scheduler_job.py:182} INFO - Started process (PID=117) to work on /opt/airflow/dags/books_db.py
[2022-05-22 21:29:35,173] {scheduler_job.py:633} INFO - Processing file /opt/airflow/dags/books_db.py for tasks to queue
[2022-05-22 21:29:35,176] {logging_mixin.py:104} INFO - [2022-05-22 21:29:35,176] {dagbag.py:496} INFO - Filling up the DagBag from /opt/airflow/dags/books_db.py
[2022-05-22 21:29:35,734] {scheduler_job.py:643} INFO - DAG(s) dict_keys(['book_db']) retrieved from /opt/airflow/dags/books_db.py
[2022-05-22 21:29:35,753] {logging_mixin.py:104} INFO - [2022-05-22 21:29:35,753] {dag.py:1833} INFO - Sync 1 DAGs
[2022-05-22 21:29:35,775] {logging_mixin.py:104} INFO - [2022-05-22 21:29:35,774] {dag.py:2306} INFO - Setting next_dagrun for book_db to 2022-05-22 00:00:00+00:00
[2022-05-22 21:29:35,815] {scheduler_job.py:190} INFO - Processing /opt/airflow/dags/books_db.py took 0.651 seconds
[2022-05-22 21:30:18,793] {scheduler_job.py:182} INFO - Started process (PID=149) to work on /opt/airflow/dags/books_db.py
[2022-05-22 21:30:18,797] {scheduler_job.py:633} INFO - Processing file /opt/airflow/dags/books_db.py for tasks to queue
[2022-05-22 21:30:18,799] {logging_mixin.py:104} INFO - [2022-05-22 21:30:18,799] {dagbag.py:496} INFO - Filling up the DagBag from /opt/airflow/dags/books_db.py
[2022-05-22 21:30:19,218] {scheduler_job.py:643} INFO - DAG(s) dict_keys(['book_db']) retrieved from /opt/airflow/dags/books_db.py
[2022-05-22 21:30:19,239] {logging_mixin.py:104} INFO - [2022-05-22 21:30:19,238] {dag.py:1833} INFO - Sync 1 DAGs
[2022-05-22 21:30:19,262] {logging_mixin.py:104} INFO - [2022-05-22 21:30:19,262] {dag.py:2306} INFO - Setting next_dagrun for book_db to 2022-05-22 00:00:00+00:00
[2022-05-22 21:30:19,306] {scheduler_job.py:190} INFO - Processing /opt/airflow/dags/books_db.py took 0.516 seconds
[2022-05-22 21:30:58,696] {scheduler_job.py:182} INFO - Started process (PID=181) to work on /opt/airflow/dags/books_db.py
[2022-05-22 21:30:58,699] {scheduler_job.py:633} INFO - Processing file /opt/airflow/dags/books_db.py for tasks to queue
[2022-05-22 21:30:58,701] {logging_mixin.py:104} INFO - [2022-05-22 21:30:58,701] {dagbag.py:496} INFO - Filling up the DagBag from /opt/airflow/dags/books_db.py
[2022-05-22 21:30:59,115] {scheduler_job.py:643} INFO - DAG(s) dict_keys(['book_db']) retrieved from /opt/airflow/dags/books_db.py
[2022-05-22 21:30:59,133] {logging_mixin.py:104} INFO - [2022-05-22 21:30:59,133] {dag.py:1833} INFO - Sync 1 DAGs
[2022-05-22 21:30:59,154] {logging_mixin.py:104} INFO - [2022-05-22 21:30:59,154] {dag.py:2306} INFO - Setting next_dagrun for book_db to 2022-05-22 00:00:00+00:00
[2022-05-22 21:30:59,197] {scheduler_job.py:190} INFO - Processing /opt/airflow/dags/books_db.py took 0.504 seconds
[2022-05-22 21:31:36,373] {scheduler_job.py:182} INFO - Started process (PID=211) to work on /opt/airflow/dags/books_db.py
[2022-05-22 21:31:36,376] {scheduler_job.py:633} INFO - Processing file /opt/airflow/dags/books_db.py for tasks to queue
[2022-05-22 21:31:36,377] {logging_mixin.py:104} INFO - [2022-05-22 21:31:36,377] {dagbag.py:496} INFO - Filling up the DagBag from /opt/airflow/dags/books_db.py
[2022-05-22 21:31:36,802] {scheduler_job.py:643} INFO - DAG(s) dict_keys(['book_db']) retrieved from /opt/airflow/dags/books_db.py
[2022-05-22 21:31:36,822] {logging_mixin.py:104} INFO - [2022-05-22 21:31:36,821] {dag.py:1833} INFO - Sync 1 DAGs
[2022-05-22 21:31:36,841] {logging_mixin.py:104} INFO - [2022-05-22 21:31:36,841] {dag.py:2306} INFO - Setting next_dagrun for book_db to 2022-05-22 00:00:00+00:00
[2022-05-22 21:31:36,887] {scheduler_job.py:190} INFO - Processing /opt/airflow/dags/books_db.py took 0.517 seconds
[2022-05-22 21:32:09,983] {scheduler_job.py:182} INFO - Started process (PID=238) to work on /opt/airflow/dags/books_db.py
[2022-05-22 21:32:09,986] {scheduler_job.py:633} INFO - Processing file /opt/airflow/dags/books_db.py for tasks to queue
[2022-05-22 21:32:09,987] {logging_mixin.py:104} INFO - [2022-05-22 21:32:09,987] {dagbag.py:496} INFO - Filling up the DagBag from /opt/airflow/dags/books_db.py
[2022-05-22 21:32:10,401] {scheduler_job.py:643} INFO - DAG(s) dict_keys(['book_db']) retrieved from /opt/airflow/dags/books_db.py
[2022-05-22 21:32:10,420] {logging_mixin.py:104} INFO - [2022-05-22 21:32:10,420] {dag.py:1833} INFO - Sync 1 DAGs
[2022-05-22 21:32:10,439] {logging_mixin.py:104} INFO - [2022-05-22 21:32:10,439] {dag.py:2306} INFO - Setting next_dagrun for book_db to 2022-05-22 00:00:00+00:00
[2022-05-22 21:32:10,483] {scheduler_job.py:190} INFO - Processing /opt/airflow/dags/books_db.py took 0.504 seconds
[2022-05-22 21:35:44,725] {scheduler_job.py:182} INFO - Started process (PID=21) to work on /opt/airflow/dags/books_db.py
[2022-05-22 21:35:44,728] {scheduler_job.py:633} INFO - Processing file /opt/airflow/dags/books_db.py for tasks to queue
[2022-05-22 21:35:44,730] {logging_mixin.py:104} INFO - [2022-05-22 21:35:44,730] {dagbag.py:496} INFO - Filling up the DagBag from /opt/airflow/dags/books_db.py
[2022-05-22 21:35:45,176] {scheduler_job.py:643} INFO - DAG(s) dict_keys(['book_db']) retrieved from /opt/airflow/dags/books_db.py
[2022-05-22 21:35:45,198] {logging_mixin.py:104} INFO - [2022-05-22 21:35:45,198] {dag.py:1833} INFO - Sync 1 DAGs
[2022-05-22 21:35:45,222] {logging_mixin.py:104} INFO - [2022-05-22 21:35:45,222] {dag.py:2306} INFO - Setting next_dagrun for book_db to 2022-05-22 00:00:00+00:00
[2022-05-22 21:35:45,260] {scheduler_job.py:190} INFO - Processing /opt/airflow/dags/books_db.py took 0.539 seconds
[2022-05-22 21:36:25,457] {scheduler_job.py:182} INFO - Started process (PID=54) to work on /opt/airflow/dags/books_db.py
[2022-05-22 21:36:25,460] {scheduler_job.py:633} INFO - Processing file /opt/airflow/dags/books_db.py for tasks to queue
[2022-05-22 21:36:25,461] {logging_mixin.py:104} INFO - [2022-05-22 21:36:25,461] {dagbag.py:496} INFO - Filling up the DagBag from /opt/airflow/dags/books_db.py
[2022-05-22 21:36:25,878] {scheduler_job.py:643} INFO - DAG(s) dict_keys(['book_db']) retrieved from /opt/airflow/dags/books_db.py
[2022-05-22 21:36:25,897] {logging_mixin.py:104} INFO - [2022-05-22 21:36:25,897] {dag.py:1833} INFO - Sync 1 DAGs
[2022-05-22 21:36:25,918] {logging_mixin.py:104} INFO - [2022-05-22 21:36:25,918] {dag.py:2306} INFO - Setting next_dagrun for book_db to 2022-05-22 00:00:00+00:00
[2022-05-22 21:36:25,961] {scheduler_job.py:190} INFO - Processing /opt/airflow/dags/books_db.py took 0.508 seconds
[2022-05-22 21:37:02,156] {scheduler_job.py:182} INFO - Started process (PID=83) to work on /opt/airflow/dags/books_db.py
[2022-05-22 21:37:02,159] {scheduler_job.py:633} INFO - Processing file /opt/airflow/dags/books_db.py for tasks to queue
[2022-05-22 21:37:02,161] {logging_mixin.py:104} INFO - [2022-05-22 21:37:02,160] {dagbag.py:496} INFO - Filling up the DagBag from /opt/airflow/dags/books_db.py
[2022-05-22 21:37:02,783] {scheduler_job.py:643} INFO - DAG(s) dict_keys(['book_db']) retrieved from /opt/airflow/dags/books_db.py
[2022-05-22 21:37:02,806] {logging_mixin.py:104} INFO - [2022-05-22 21:37:02,805] {dag.py:1833} INFO - Sync 1 DAGs
[2022-05-22 21:37:02,830] {logging_mixin.py:104} INFO - [2022-05-22 21:37:02,830] {dag.py:2306} INFO - Setting next_dagrun for book_db to 2022-05-22 00:00:00+00:00
[2022-05-22 21:37:02,935] {scheduler_job.py:190} INFO - Processing /opt/airflow/dags/books_db.py took 0.782 seconds
[2022-05-22 21:37:46,776] {scheduler_job.py:182} INFO - Started process (PID=115) to work on /opt/airflow/dags/books_db.py
[2022-05-22 21:37:46,783] {scheduler_job.py:633} INFO - Processing file /opt/airflow/dags/books_db.py for tasks to queue
[2022-05-22 21:37:46,800] {logging_mixin.py:104} INFO - [2022-05-22 21:37:46,799] {dagbag.py:496} INFO - Filling up the DagBag from /opt/airflow/dags/books_db.py
[2022-05-22 21:37:47,595] {scheduler_job.py:643} INFO - DAG(s) dict_keys(['book_db']) retrieved from /opt/airflow/dags/books_db.py
[2022-05-22 21:37:47,617] {logging_mixin.py:104} INFO - [2022-05-22 21:37:47,617] {dag.py:1833} INFO - Sync 1 DAGs
[2022-05-22 21:37:47,644] {logging_mixin.py:104} INFO - [2022-05-22 21:37:47,644] {dag.py:2306} INFO - Setting next_dagrun for book_db to 2022-05-22 00:00:00+00:00
[2022-05-22 21:37:47,697] {scheduler_job.py:190} INFO - Processing /opt/airflow/dags/books_db.py took 0.930 seconds
[2022-05-22 21:38:25,356] {scheduler_job.py:182} INFO - Started process (PID=148) to work on /opt/airflow/dags/books_db.py
[2022-05-22 21:38:25,360] {scheduler_job.py:633} INFO - Processing file /opt/airflow/dags/books_db.py for tasks to queue
[2022-05-22 21:38:25,361] {logging_mixin.py:104} INFO - [2022-05-22 21:38:25,361] {dagbag.py:496} INFO - Filling up the DagBag from /opt/airflow/dags/books_db.py
[2022-05-22 21:38:25,825] {scheduler_job.py:643} INFO - DAG(s) dict_keys(['book_db']) retrieved from /opt/airflow/dags/books_db.py
[2022-05-22 21:38:25,842] {logging_mixin.py:104} INFO - [2022-05-22 21:38:25,842] {dag.py:1833} INFO - Sync 1 DAGs
[2022-05-22 21:38:25,863] {logging_mixin.py:104} INFO - [2022-05-22 21:38:25,863] {dag.py:2306} INFO - Setting next_dagrun for book_db to 2022-05-22 00:00:00+00:00
[2022-05-22 21:38:25,907] {scheduler_job.py:190} INFO - Processing /opt/airflow/dags/books_db.py took 0.554 seconds
[2022-05-22 21:38:56,510] {scheduler_job.py:182} INFO - Started process (PID=173) to work on /opt/airflow/dags/books_db.py
[2022-05-22 21:38:56,514] {scheduler_job.py:633} INFO - Processing file /opt/airflow/dags/books_db.py for tasks to queue
[2022-05-22 21:38:56,515] {logging_mixin.py:104} INFO - [2022-05-22 21:38:56,515] {dagbag.py:496} INFO - Filling up the DagBag from /opt/airflow/dags/books_db.py
[2022-05-22 21:38:57,152] {scheduler_job.py:643} INFO - DAG(s) dict_keys(['book_db']) retrieved from /opt/airflow/dags/books_db.py
[2022-05-22 21:38:57,180] {logging_mixin.py:104} INFO - [2022-05-22 21:38:57,179] {dag.py:1833} INFO - Sync 1 DAGs
[2022-05-22 21:38:57,205] {logging_mixin.py:104} INFO - [2022-05-22 21:38:57,204] {dag.py:2306} INFO - Setting next_dagrun for book_db to 2022-05-22 00:00:00+00:00
[2022-05-22 21:38:57,251] {scheduler_job.py:190} INFO - Processing /opt/airflow/dags/books_db.py took 0.747 seconds
[2022-05-22 21:39:33,341] {scheduler_job.py:182} INFO - Started process (PID=202) to work on /opt/airflow/dags/books_db.py
[2022-05-22 21:39:33,344] {scheduler_job.py:633} INFO - Processing file /opt/airflow/dags/books_db.py for tasks to queue
[2022-05-22 21:39:33,347] {logging_mixin.py:104} INFO - [2022-05-22 21:39:33,346] {dagbag.py:496} INFO - Filling up the DagBag from /opt/airflow/dags/books_db.py
[2022-05-22 21:39:33,792] {scheduler_job.py:643} INFO - DAG(s) dict_keys(['book_db']) retrieved from /opt/airflow/dags/books_db.py
[2022-05-22 21:39:33,812] {logging_mixin.py:104} INFO - [2022-05-22 21:39:33,812] {dag.py:1833} INFO - Sync 1 DAGs
[2022-05-22 21:39:33,835] {logging_mixin.py:104} INFO - [2022-05-22 21:39:33,835] {dag.py:2306} INFO - Setting next_dagrun for book_db to 2022-05-22 00:00:00+00:00
[2022-05-22 21:39:33,878] {scheduler_job.py:190} INFO - Processing /opt/airflow/dags/books_db.py took 0.541 seconds
[2022-05-22 21:40:07,956] {scheduler_job.py:182} INFO - Started process (PID=230) to work on /opt/airflow/dags/books_db.py
[2022-05-22 21:40:07,960] {scheduler_job.py:633} INFO - Processing file /opt/airflow/dags/books_db.py for tasks to queue
[2022-05-22 21:40:07,961] {logging_mixin.py:104} INFO - [2022-05-22 21:40:07,961] {dagbag.py:496} INFO - Filling up the DagBag from /opt/airflow/dags/books_db.py
[2022-05-22 21:40:08,384] {scheduler_job.py:643} INFO - DAG(s) dict_keys(['book_db']) retrieved from /opt/airflow/dags/books_db.py
[2022-05-22 21:40:08,402] {logging_mixin.py:104} INFO - [2022-05-22 21:40:08,402] {dag.py:1833} INFO - Sync 1 DAGs
[2022-05-22 21:40:08,422] {logging_mixin.py:104} INFO - [2022-05-22 21:40:08,422] {dag.py:2306} INFO - Setting next_dagrun for book_db to 2022-05-22 00:00:00+00:00
[2022-05-22 21:40:08,464] {scheduler_job.py:190} INFO - Processing /opt/airflow/dags/books_db.py took 0.512 seconds
[2022-05-22 21:40:44,381] {scheduler_job.py:182} INFO - Started process (PID=259) to work on /opt/airflow/dags/books_db.py
[2022-05-22 21:40:44,385] {scheduler_job.py:633} INFO - Processing file /opt/airflow/dags/books_db.py for tasks to queue
[2022-05-22 21:40:44,387] {logging_mixin.py:104} INFO - [2022-05-22 21:40:44,387] {dagbag.py:496} INFO - Filling up the DagBag from /opt/airflow/dags/books_db.py
[2022-05-22 21:40:44,812] {scheduler_job.py:643} INFO - DAG(s) dict_keys(['book_db']) retrieved from /opt/airflow/dags/books_db.py
[2022-05-22 21:40:44,831] {logging_mixin.py:104} INFO - [2022-05-22 21:40:44,830] {dag.py:1833} INFO - Sync 1 DAGs
[2022-05-22 21:40:44,850] {logging_mixin.py:104} INFO - [2022-05-22 21:40:44,850] {dag.py:2306} INFO - Setting next_dagrun for book_db to 2022-05-22 00:00:00+00:00
[2022-05-22 21:40:44,895] {scheduler_job.py:190} INFO - Processing /opt/airflow/dags/books_db.py took 0.520 seconds
[2022-05-22 21:45:44,758] {scheduler_job.py:182} INFO - Started process (PID=22) to work on /opt/airflow/dags/books_db.py
[2022-05-22 21:45:44,765] {scheduler_job.py:633} INFO - Processing file /opt/airflow/dags/books_db.py for tasks to queue
[2022-05-22 21:45:44,771] {logging_mixin.py:104} INFO - [2022-05-22 21:45:44,770] {dagbag.py:496} INFO - Filling up the DagBag from /opt/airflow/dags/books_db.py
[2022-05-22 21:45:46,034] {scheduler_job.py:643} INFO - DAG(s) dict_keys(['book_db']) retrieved from /opt/airflow/dags/books_db.py
[2022-05-22 21:45:46,065] {logging_mixin.py:104} INFO - [2022-05-22 21:45:46,064] {dag.py:1833} INFO - Sync 1 DAGs
[2022-05-22 21:45:46,119] {logging_mixin.py:104} INFO - [2022-05-22 21:45:46,119] {dag.py:2306} INFO - Setting next_dagrun for book_db to 2022-05-22 00:00:00+00:00
[2022-05-22 21:45:46,190] {scheduler_job.py:190} INFO - Processing /opt/airflow/dags/books_db.py took 1.438 seconds
[2022-05-22 21:46:25,847] {scheduler_job.py:182} INFO - Started process (PID=55) to work on /opt/airflow/dags/books_db.py
[2022-05-22 21:46:25,851] {scheduler_job.py:633} INFO - Processing file /opt/airflow/dags/books_db.py for tasks to queue
[2022-05-22 21:46:25,852] {logging_mixin.py:104} INFO - [2022-05-22 21:46:25,852] {dagbag.py:496} INFO - Filling up the DagBag from /opt/airflow/dags/books_db.py
[2022-05-22 21:46:26,472] {scheduler_job.py:643} INFO - DAG(s) dict_keys(['book_db']) retrieved from /opt/airflow/dags/books_db.py
[2022-05-22 21:46:26,519] {logging_mixin.py:104} INFO - [2022-05-22 21:46:26,516] {dag.py:1833} INFO - Sync 1 DAGs
[2022-05-22 21:46:26,563] {logging_mixin.py:104} INFO - [2022-05-22 21:46:26,563] {dag.py:2306} INFO - Setting next_dagrun for book_db to 2022-05-22 00:00:00+00:00
[2022-05-22 21:46:26,648] {scheduler_job.py:190} INFO - Processing /opt/airflow/dags/books_db.py took 0.805 seconds
[2022-05-22 21:47:04,689] {scheduler_job.py:182} INFO - Started process (PID=84) to work on /opt/airflow/dags/books_db.py
[2022-05-22 21:47:04,693] {scheduler_job.py:633} INFO - Processing file /opt/airflow/dags/books_db.py for tasks to queue
[2022-05-22 21:47:04,695] {logging_mixin.py:104} INFO - [2022-05-22 21:47:04,695] {dagbag.py:496} INFO - Filling up the DagBag from /opt/airflow/dags/books_db.py
[2022-05-22 21:47:05,202] {scheduler_job.py:643} INFO - DAG(s) dict_keys(['book_db']) retrieved from /opt/airflow/dags/books_db.py
[2022-05-22 21:47:05,221] {logging_mixin.py:104} INFO - [2022-05-22 21:47:05,221] {dag.py:1833} INFO - Sync 1 DAGs
[2022-05-22 21:47:05,242] {logging_mixin.py:104} INFO - [2022-05-22 21:47:05,241] {dag.py:2306} INFO - Setting next_dagrun for book_db to 2022-05-22 00:00:00+00:00
[2022-05-22 21:47:05,298] {scheduler_job.py:190} INFO - Processing /opt/airflow/dags/books_db.py took 0.613 seconds
[2022-05-22 21:47:46,524] {scheduler_job.py:182} INFO - Started process (PID=116) to work on /opt/airflow/dags/books_db.py
[2022-05-22 21:47:46,528] {scheduler_job.py:633} INFO - Processing file /opt/airflow/dags/books_db.py for tasks to queue
[2022-05-22 21:47:46,529] {logging_mixin.py:104} INFO - [2022-05-22 21:47:46,529] {dagbag.py:496} INFO - Filling up the DagBag from /opt/airflow/dags/books_db.py
[2022-05-22 21:47:47,018] {scheduler_job.py:643} INFO - DAG(s) dict_keys(['book_db']) retrieved from /opt/airflow/dags/books_db.py
[2022-05-22 21:47:47,037] {logging_mixin.py:104} INFO - [2022-05-22 21:47:47,037] {dag.py:1833} INFO - Sync 1 DAGs
[2022-05-22 21:47:47,056] {logging_mixin.py:104} INFO - [2022-05-22 21:47:47,056] {dag.py:2306} INFO - Setting next_dagrun for book_db to 2022-05-22 00:00:00+00:00
[2022-05-22 21:47:47,100] {scheduler_job.py:190} INFO - Processing /opt/airflow/dags/books_db.py took 0.578 seconds
[2022-05-22 21:48:25,438] {scheduler_job.py:182} INFO - Started process (PID=146) to work on /opt/airflow/dags/books_db.py
[2022-05-22 21:48:25,449] {scheduler_job.py:633} INFO - Processing file /opt/airflow/dags/books_db.py for tasks to queue
[2022-05-22 21:48:25,453] {logging_mixin.py:104} INFO - [2022-05-22 21:48:25,453] {dagbag.py:496} INFO - Filling up the DagBag from /opt/airflow/dags/books_db.py
[2022-05-22 21:48:26,005] {scheduler_job.py:643} INFO - DAG(s) dict_keys(['book_db']) retrieved from /opt/airflow/dags/books_db.py
[2022-05-22 21:48:26,027] {logging_mixin.py:104} INFO - [2022-05-22 21:48:26,027] {dag.py:1833} INFO - Sync 1 DAGs
[2022-05-22 21:48:26,052] {logging_mixin.py:104} INFO - [2022-05-22 21:48:26,051] {dag.py:2306} INFO - Setting next_dagrun for book_db to 2022-05-22 00:00:00+00:00
[2022-05-22 21:48:26,103] {scheduler_job.py:190} INFO - Processing /opt/airflow/dags/books_db.py took 0.678 seconds
[2022-05-22 21:49:01,143] {scheduler_job.py:182} INFO - Started process (PID=175) to work on /opt/airflow/dags/books_db.py
[2022-05-22 21:49:01,148] {scheduler_job.py:633} INFO - Processing file /opt/airflow/dags/books_db.py for tasks to queue
[2022-05-22 21:49:01,155] {logging_mixin.py:104} INFO - [2022-05-22 21:49:01,154] {dagbag.py:496} INFO - Filling up the DagBag from /opt/airflow/dags/books_db.py
[2022-05-22 21:49:01,819] {scheduler_job.py:643} INFO - DAG(s) dict_keys(['book_db']) retrieved from /opt/airflow/dags/books_db.py
[2022-05-22 21:49:01,875] {logging_mixin.py:104} INFO - [2022-05-22 21:49:01,874] {dag.py:1833} INFO - Sync 1 DAGs
[2022-05-22 21:49:01,918] {logging_mixin.py:104} INFO - [2022-05-22 21:49:01,918] {dag.py:2306} INFO - Setting next_dagrun for book_db to 2022-05-22 00:00:00+00:00
[2022-05-22 21:49:01,995] {scheduler_job.py:190} INFO - Processing /opt/airflow/dags/books_db.py took 0.855 seconds
[2022-05-22 21:49:36,480] {scheduler_job.py:182} INFO - Started process (PID=203) to work on /opt/airflow/dags/books_db.py
[2022-05-22 21:49:36,484] {scheduler_job.py:633} INFO - Processing file /opt/airflow/dags/books_db.py for tasks to queue
[2022-05-22 21:49:36,486] {logging_mixin.py:104} INFO - [2022-05-22 21:49:36,486] {dagbag.py:496} INFO - Filling up the DagBag from /opt/airflow/dags/books_db.py
[2022-05-22 21:49:37,062] {scheduler_job.py:643} INFO - DAG(s) dict_keys(['book_db']) retrieved from /opt/airflow/dags/books_db.py
[2022-05-22 21:49:37,083] {logging_mixin.py:104} INFO - [2022-05-22 21:49:37,082] {dag.py:1833} INFO - Sync 1 DAGs
[2022-05-22 21:49:37,102] {logging_mixin.py:104} INFO - [2022-05-22 21:49:37,102] {dag.py:2306} INFO - Setting next_dagrun for book_db to 2022-05-22 00:00:00+00:00
[2022-05-22 21:49:37,146] {scheduler_job.py:190} INFO - Processing /opt/airflow/dags/books_db.py took 0.669 seconds
[2022-05-22 21:50:11,459] {scheduler_job.py:182} INFO - Started process (PID=231) to work on /opt/airflow/dags/books_db.py
[2022-05-22 21:50:11,463] {scheduler_job.py:633} INFO - Processing file /opt/airflow/dags/books_db.py for tasks to queue
[2022-05-22 21:50:11,464] {logging_mixin.py:104} INFO - [2022-05-22 21:50:11,464] {dagbag.py:496} INFO - Filling up the DagBag from /opt/airflow/dags/books_db.py
[2022-05-22 21:50:11,891] {scheduler_job.py:643} INFO - DAG(s) dict_keys(['book_db']) retrieved from /opt/airflow/dags/books_db.py
[2022-05-22 21:50:11,910] {logging_mixin.py:104} INFO - [2022-05-22 21:50:11,910] {dag.py:1833} INFO - Sync 1 DAGs
[2022-05-22 21:50:11,933] {logging_mixin.py:104} INFO - [2022-05-22 21:50:11,933] {dag.py:2306} INFO - Setting next_dagrun for book_db to 2022-05-22 00:00:00+00:00
[2022-05-22 21:50:11,982] {scheduler_job.py:190} INFO - Processing /opt/airflow/dags/books_db.py took 0.525 seconds
[2022-05-22 21:58:55,094] {scheduler_job.py:182} INFO - Started process (PID=24) to work on /opt/airflow/dags/books_db.py
[2022-05-22 21:58:55,098] {scheduler_job.py:633} INFO - Processing file /opt/airflow/dags/books_db.py for tasks to queue
[2022-05-22 21:58:55,100] {logging_mixin.py:104} INFO - [2022-05-22 21:58:55,100] {dagbag.py:496} INFO - Filling up the DagBag from /opt/airflow/dags/books_db.py
[2022-05-22 21:58:55,649] {scheduler_job.py:643} INFO - DAG(s) dict_keys(['book_db']) retrieved from /opt/airflow/dags/books_db.py
[2022-05-22 21:58:55,678] {logging_mixin.py:104} INFO - [2022-05-22 21:58:55,677] {dag.py:1833} INFO - Sync 1 DAGs
[2022-05-22 21:58:55,705] {logging_mixin.py:104} INFO - [2022-05-22 21:58:55,705] {dag.py:2306} INFO - Setting next_dagrun for book_db to 2022-05-22 00:00:00+00:00
[2022-05-22 21:58:55,791] {scheduler_job.py:190} INFO - Processing /opt/airflow/dags/books_db.py took 0.702 seconds
[2022-05-22 22:02:05,834] {scheduler_job.py:182} INFO - Started process (PID=23) to work on /opt/airflow/dags/books_db.py
[2022-05-22 22:02:05,839] {scheduler_job.py:633} INFO - Processing file /opt/airflow/dags/books_db.py for tasks to queue
[2022-05-22 22:02:05,842] {logging_mixin.py:104} INFO - [2022-05-22 22:02:05,841] {dagbag.py:496} INFO - Filling up the DagBag from /opt/airflow/dags/books_db.py
[2022-05-22 22:02:06,315] {scheduler_job.py:643} INFO - DAG(s) dict_keys(['book_db']) retrieved from /opt/airflow/dags/books_db.py
[2022-05-22 22:02:06,334] {logging_mixin.py:104} INFO - [2022-05-22 22:02:06,334] {dag.py:1833} INFO - Sync 1 DAGs
[2022-05-22 22:02:06,354] {logging_mixin.py:104} INFO - [2022-05-22 22:02:06,354] {dag.py:2306} INFO - Setting next_dagrun for book_db to 2022-05-21 00:00:00+00:00
[2022-05-22 22:02:06,397] {scheduler_job.py:190} INFO - Processing /opt/airflow/dags/books_db.py took 0.568 seconds
[2022-05-22 22:02:53,894] {scheduler_job.py:182} INFO - Started process (PID=60) to work on /opt/airflow/dags/books_db.py
[2022-05-22 22:02:53,899] {scheduler_job.py:633} INFO - Processing file /opt/airflow/dags/books_db.py for tasks to queue
[2022-05-22 22:02:53,900] {logging_mixin.py:104} INFO - [2022-05-22 22:02:53,900] {dagbag.py:496} INFO - Filling up the DagBag from /opt/airflow/dags/books_db.py
[2022-05-22 22:02:54,544] {scheduler_job.py:643} INFO - DAG(s) dict_keys(['book_db']) retrieved from /opt/airflow/dags/books_db.py
[2022-05-22 22:02:54,588] {logging_mixin.py:104} INFO - [2022-05-22 22:02:54,587] {dag.py:1833} INFO - Sync 1 DAGs
[2022-05-22 22:02:54,631] {logging_mixin.py:104} INFO - [2022-05-22 22:02:54,631] {dag.py:2306} INFO - Setting next_dagrun for book_db to 2022-05-22 00:00:00+00:00
[2022-05-22 22:02:54,704] {scheduler_job.py:190} INFO - Processing /opt/airflow/dags/books_db.py took 0.816 seconds
[2022-05-22 22:03:29,473] {scheduler_job.py:182} INFO - Started process (PID=87) to work on /opt/airflow/dags/books_db.py
[2022-05-22 22:03:29,478] {scheduler_job.py:633} INFO - Processing file /opt/airflow/dags/books_db.py for tasks to queue
[2022-05-22 22:03:29,480] {logging_mixin.py:104} INFO - [2022-05-22 22:03:29,480] {dagbag.py:496} INFO - Filling up the DagBag from /opt/airflow/dags/books_db.py
[2022-05-22 22:03:30,121] {scheduler_job.py:643} INFO - DAG(s) dict_keys(['book_db']) retrieved from /opt/airflow/dags/books_db.py
[2022-05-22 22:03:30,156] {logging_mixin.py:104} INFO - [2022-05-22 22:03:30,155] {dag.py:1833} INFO - Sync 1 DAGs
[2022-05-22 22:03:30,186] {logging_mixin.py:104} INFO - [2022-05-22 22:03:30,186] {dag.py:2306} INFO - Setting next_dagrun for book_db to 2022-05-22 00:00:00+00:00
[2022-05-22 22:03:30,272] {scheduler_job.py:190} INFO - Processing /opt/airflow/dags/books_db.py took 0.803 seconds
[2022-05-22 22:04:08,883] {scheduler_job.py:182} INFO - Started process (PID=115) to work on /opt/airflow/dags/books_db.py
[2022-05-22 22:04:08,887] {scheduler_job.py:633} INFO - Processing file /opt/airflow/dags/books_db.py for tasks to queue
[2022-05-22 22:04:08,896] {logging_mixin.py:104} INFO - [2022-05-22 22:04:08,896] {dagbag.py:496} INFO - Filling up the DagBag from /opt/airflow/dags/books_db.py
[2022-05-22 22:04:09,409] {scheduler_job.py:643} INFO - DAG(s) dict_keys(['book_db']) retrieved from /opt/airflow/dags/books_db.py
[2022-05-22 22:04:09,431] {logging_mixin.py:104} INFO - [2022-05-22 22:04:09,430] {dag.py:1833} INFO - Sync 1 DAGs
[2022-05-22 22:04:09,457] {logging_mixin.py:104} INFO - [2022-05-22 22:04:09,457] {dag.py:2306} INFO - Setting next_dagrun for book_db to 2022-05-22 00:00:00+00:00
[2022-05-22 22:04:09,511] {scheduler_job.py:190} INFO - Processing /opt/airflow/dags/books_db.py took 0.632 seconds
[2022-05-22 22:04:47,601] {scheduler_job.py:182} INFO - Started process (PID=148) to work on /opt/airflow/dags/books_db.py
[2022-05-22 22:04:47,604] {scheduler_job.py:633} INFO - Processing file /opt/airflow/dags/books_db.py for tasks to queue
[2022-05-22 22:04:47,606] {logging_mixin.py:104} INFO - [2022-05-22 22:04:47,605] {dagbag.py:496} INFO - Filling up the DagBag from /opt/airflow/dags/books_db.py
[2022-05-22 22:04:48,045] {scheduler_job.py:643} INFO - DAG(s) dict_keys(['book_db']) retrieved from /opt/airflow/dags/books_db.py
[2022-05-22 22:04:48,064] {logging_mixin.py:104} INFO - [2022-05-22 22:04:48,064] {dag.py:1833} INFO - Sync 1 DAGs
[2022-05-22 22:04:48,087] {logging_mixin.py:104} INFO - [2022-05-22 22:04:48,087] {dag.py:2306} INFO - Setting next_dagrun for book_db to 2022-05-22 00:00:00+00:00
[2022-05-22 22:04:48,132] {scheduler_job.py:190} INFO - Processing /opt/airflow/dags/books_db.py took 0.535 seconds
[2022-05-22 22:05:29,822] {scheduler_job.py:182} INFO - Started process (PID=181) to work on /opt/airflow/dags/books_db.py
[2022-05-22 22:05:29,825] {scheduler_job.py:633} INFO - Processing file /opt/airflow/dags/books_db.py for tasks to queue
[2022-05-22 22:05:29,828] {logging_mixin.py:104} INFO - [2022-05-22 22:05:29,828] {dagbag.py:496} INFO - Filling up the DagBag from /opt/airflow/dags/books_db.py
[2022-05-22 22:05:31,302] {scheduler_job.py:643} INFO - DAG(s) dict_keys(['book_db']) retrieved from /opt/airflow/dags/books_db.py
[2022-05-22 22:05:31,326] {logging_mixin.py:104} INFO - [2022-05-22 22:05:31,325] {dag.py:1833} INFO - Sync 1 DAGs
[2022-05-22 22:05:31,354] {logging_mixin.py:104} INFO - [2022-05-22 22:05:31,354] {dag.py:2306} INFO - Setting next_dagrun for book_db to 2022-05-22 00:00:00+00:00
[2022-05-22 22:05:31,403] {scheduler_job.py:190} INFO - Processing /opt/airflow/dags/books_db.py took 1.586 seconds
[2022-05-22 22:06:09,941] {scheduler_job.py:182} INFO - Started process (PID=212) to work on /opt/airflow/dags/books_db.py
[2022-05-22 22:06:09,947] {scheduler_job.py:633} INFO - Processing file /opt/airflow/dags/books_db.py for tasks to queue
[2022-05-22 22:06:09,949] {logging_mixin.py:104} INFO - [2022-05-22 22:06:09,949] {dagbag.py:496} INFO - Filling up the DagBag from /opt/airflow/dags/books_db.py
[2022-05-22 22:06:10,449] {scheduler_job.py:643} INFO - DAG(s) dict_keys(['book_db']) retrieved from /opt/airflow/dags/books_db.py
[2022-05-22 22:06:10,480] {logging_mixin.py:104} INFO - [2022-05-22 22:06:10,480] {dag.py:1833} INFO - Sync 1 DAGs
[2022-05-22 22:06:10,502] {logging_mixin.py:104} INFO - [2022-05-22 22:06:10,501] {dag.py:2306} INFO - Setting next_dagrun for book_db to 2022-05-22 00:00:00+00:00
[2022-05-22 22:06:10,546] {scheduler_job.py:190} INFO - Processing /opt/airflow/dags/books_db.py took 0.610 seconds
[2022-05-22 22:06:48,050] {scheduler_job.py:182} INFO - Started process (PID=240) to work on /opt/airflow/dags/books_db.py
[2022-05-22 22:06:48,053] {scheduler_job.py:633} INFO - Processing file /opt/airflow/dags/books_db.py for tasks to queue
[2022-05-22 22:06:48,055] {logging_mixin.py:104} INFO - [2022-05-22 22:06:48,055] {dagbag.py:496} INFO - Filling up the DagBag from /opt/airflow/dags/books_db.py
[2022-05-22 22:06:48,506] {scheduler_job.py:643} INFO - DAG(s) dict_keys(['book_db']) retrieved from /opt/airflow/dags/books_db.py
[2022-05-22 22:06:48,527] {logging_mixin.py:104} INFO - [2022-05-22 22:06:48,527] {dag.py:1833} INFO - Sync 1 DAGs
[2022-05-22 22:06:48,558] {logging_mixin.py:104} INFO - [2022-05-22 22:06:48,558] {dag.py:2306} INFO - Setting next_dagrun for book_db to 2022-05-22 00:00:00+00:00
[2022-05-22 22:06:48,608] {scheduler_job.py:190} INFO - Processing /opt/airflow/dags/books_db.py took 0.561 seconds
[2022-05-22 22:07:24,437] {scheduler_job.py:182} INFO - Started process (PID=265) to work on /opt/airflow/dags/books_db.py
[2022-05-22 22:07:24,444] {scheduler_job.py:633} INFO - Processing file /opt/airflow/dags/books_db.py for tasks to queue
[2022-05-22 22:07:24,446] {logging_mixin.py:104} INFO - [2022-05-22 22:07:24,446] {dagbag.py:496} INFO - Filling up the DagBag from /opt/airflow/dags/books_db.py
[2022-05-22 22:07:24,927] {scheduler_job.py:643} INFO - DAG(s) dict_keys(['book_db']) retrieved from /opt/airflow/dags/books_db.py
[2022-05-22 22:07:24,949] {logging_mixin.py:104} INFO - [2022-05-22 22:07:24,948] {dag.py:1833} INFO - Sync 1 DAGs
[2022-05-22 22:07:24,972] {logging_mixin.py:104} INFO - [2022-05-22 22:07:24,972] {dag.py:2306} INFO - Setting next_dagrun for book_db to 2022-05-22 00:00:00+00:00
[2022-05-22 22:07:25,018] {scheduler_job.py:190} INFO - Processing /opt/airflow/dags/books_db.py took 0.586 seconds
[2022-05-22 22:08:02,074] {scheduler_job.py:182} INFO - Started process (PID=292) to work on /opt/airflow/dags/books_db.py
[2022-05-22 22:08:02,096] {scheduler_job.py:633} INFO - Processing file /opt/airflow/dags/books_db.py for tasks to queue
[2022-05-22 22:08:02,103] {logging_mixin.py:104} INFO - [2022-05-22 22:08:02,102] {dagbag.py:496} INFO - Filling up the DagBag from /opt/airflow/dags/books_db.py
[2022-05-22 22:08:03,420] {scheduler_job.py:643} INFO - DAG(s) dict_keys(['book_db']) retrieved from /opt/airflow/dags/books_db.py
[2022-05-22 22:08:03,525] {logging_mixin.py:104} INFO - [2022-05-22 22:08:03,524] {dag.py:1833} INFO - Sync 1 DAGs
[2022-05-22 22:08:03,577] {logging_mixin.py:104} INFO - [2022-05-22 22:08:03,577] {dag.py:2306} INFO - Setting next_dagrun for book_db to 2022-05-22 00:00:00+00:00
[2022-05-22 22:08:03,665] {scheduler_job.py:190} INFO - Processing /opt/airflow/dags/books_db.py took 1.598 seconds
[2022-05-22 22:08:34,925] {scheduler_job.py:182} INFO - Started process (PID=316) to work on /opt/airflow/dags/books_db.py
[2022-05-22 22:08:34,929] {scheduler_job.py:633} INFO - Processing file /opt/airflow/dags/books_db.py for tasks to queue
[2022-05-22 22:08:34,931] {logging_mixin.py:104} INFO - [2022-05-22 22:08:34,931] {dagbag.py:496} INFO - Filling up the DagBag from /opt/airflow/dags/books_db.py
[2022-05-22 22:08:35,450] {scheduler_job.py:643} INFO - DAG(s) dict_keys(['book_db']) retrieved from /opt/airflow/dags/books_db.py
[2022-05-22 22:08:35,476] {logging_mixin.py:104} INFO - [2022-05-22 22:08:35,476] {dag.py:1833} INFO - Sync 1 DAGs
[2022-05-22 22:08:35,506] {logging_mixin.py:104} INFO - [2022-05-22 22:08:35,506] {dag.py:2306} INFO - Setting next_dagrun for book_db to 2022-05-22 00:00:00+00:00
[2022-05-22 22:08:35,559] {scheduler_job.py:190} INFO - Processing /opt/airflow/dags/books_db.py took 0.638 seconds
[2022-05-22 22:09:11,933] {scheduler_job.py:182} INFO - Started process (PID=346) to work on /opt/airflow/dags/books_db.py
[2022-05-22 22:09:11,936] {scheduler_job.py:633} INFO - Processing file /opt/airflow/dags/books_db.py for tasks to queue
[2022-05-22 22:09:11,937] {logging_mixin.py:104} INFO - [2022-05-22 22:09:11,937] {dagbag.py:496} INFO - Filling up the DagBag from /opt/airflow/dags/books_db.py
[2022-05-22 22:09:12,396] {scheduler_job.py:643} INFO - DAG(s) dict_keys(['book_db']) retrieved from /opt/airflow/dags/books_db.py
[2022-05-22 22:09:12,419] {logging_mixin.py:104} INFO - [2022-05-22 22:09:12,419] {dag.py:1833} INFO - Sync 1 DAGs
[2022-05-22 22:09:12,439] {logging_mixin.py:104} INFO - [2022-05-22 22:09:12,439] {dag.py:2306} INFO - Setting next_dagrun for book_db to 2022-05-22 00:00:00+00:00
[2022-05-22 22:09:12,478] {scheduler_job.py:190} INFO - Processing /opt/airflow/dags/books_db.py took 0.550 seconds
[2022-05-22 22:09:44,750] {scheduler_job.py:182} INFO - Started process (PID=372) to work on /opt/airflow/dags/books_db.py
[2022-05-22 22:09:44,753] {scheduler_job.py:633} INFO - Processing file /opt/airflow/dags/books_db.py for tasks to queue
[2022-05-22 22:09:44,755] {logging_mixin.py:104} INFO - [2022-05-22 22:09:44,755] {dagbag.py:496} INFO - Filling up the DagBag from /opt/airflow/dags/books_db.py
[2022-05-22 22:09:45,188] {scheduler_job.py:643} INFO - DAG(s) dict_keys(['book_db']) retrieved from /opt/airflow/dags/books_db.py
[2022-05-22 22:09:45,226] {logging_mixin.py:104} INFO - [2022-05-22 22:09:45,225] {dag.py:1833} INFO - Sync 1 DAGs
[2022-05-22 22:09:45,252] {logging_mixin.py:104} INFO - [2022-05-22 22:09:45,252] {dag.py:2306} INFO - Setting next_dagrun for book_db to 2022-05-22 00:00:00+00:00
[2022-05-22 22:09:45,303] {scheduler_job.py:190} INFO - Processing /opt/airflow/dags/books_db.py took 0.557 seconds
[2022-05-22 22:12:38,950] {scheduler_job.py:182} INFO - Started process (PID=21) to work on /opt/airflow/dags/books_db.py
[2022-05-22 22:12:38,954] {scheduler_job.py:633} INFO - Processing file /opt/airflow/dags/books_db.py for tasks to queue
[2022-05-22 22:12:38,956] {logging_mixin.py:104} INFO - [2022-05-22 22:12:38,956] {dagbag.py:496} INFO - Filling up the DagBag from /opt/airflow/dags/books_db.py
[2022-05-22 22:12:40,402] {scheduler_job.py:643} INFO - DAG(s) dict_keys(['book_db']) retrieved from /opt/airflow/dags/books_db.py
[2022-05-22 22:12:40,442] {logging_mixin.py:104} INFO - [2022-05-22 22:12:40,442] {dag.py:1833} INFO - Sync 1 DAGs
[2022-05-22 22:12:40,487] {logging_mixin.py:104} INFO - [2022-05-22 22:12:40,487] {dag.py:2306} INFO - Setting next_dagrun for book_db to 2022-05-22 00:00:00+00:00
[2022-05-22 22:12:40,546] {scheduler_job.py:190} INFO - Processing /opt/airflow/dags/books_db.py took 1.601 seconds
[2022-05-22 22:13:50,048] {scheduler_job.py:182} INFO - Started process (PID=74) to work on /opt/airflow/dags/books_db.py
[2022-05-22 22:13:50,068] {scheduler_job.py:633} INFO - Processing file /opt/airflow/dags/books_db.py for tasks to queue
[2022-05-22 22:13:50,070] {logging_mixin.py:104} INFO - [2022-05-22 22:13:50,070] {dagbag.py:496} INFO - Filling up the DagBag from /opt/airflow/dags/books_db.py
[2022-05-22 22:13:50,649] {scheduler_job.py:643} INFO - DAG(s) dict_keys(['book_db']) retrieved from /opt/airflow/dags/books_db.py
[2022-05-22 22:13:50,670] {logging_mixin.py:104} INFO - [2022-05-22 22:13:50,670] {dag.py:1833} INFO - Sync 1 DAGs
[2022-05-22 22:13:50,698] {logging_mixin.py:104} INFO - [2022-05-22 22:13:50,698] {dag.py:2306} INFO - Setting next_dagrun for book_db to 2022-05-22 00:00:00+00:00
[2022-05-22 22:13:50,743] {scheduler_job.py:190} INFO - Processing /opt/airflow/dags/books_db.py took 0.703 seconds
[2022-05-22 22:14:21,300] {scheduler_job.py:182} INFO - Started process (PID=99) to work on /opt/airflow/dags/books_db.py
[2022-05-22 22:14:21,303] {scheduler_job.py:633} INFO - Processing file /opt/airflow/dags/books_db.py for tasks to queue
[2022-05-22 22:14:21,305] {logging_mixin.py:104} INFO - [2022-05-22 22:14:21,305] {dagbag.py:496} INFO - Filling up the DagBag from /opt/airflow/dags/books_db.py
[2022-05-22 22:14:21,737] {scheduler_job.py:643} INFO - DAG(s) dict_keys(['book_db']) retrieved from /opt/airflow/dags/books_db.py
[2022-05-22 22:14:21,759] {logging_mixin.py:104} INFO - [2022-05-22 22:14:21,759] {dag.py:1833} INFO - Sync 1 DAGs
[2022-05-22 22:14:21,780] {logging_mixin.py:104} INFO - [2022-05-22 22:14:21,780] {dag.py:2306} INFO - Setting next_dagrun for book_db to 2022-05-22 00:00:00+00:00
[2022-05-22 22:14:21,826] {scheduler_job.py:190} INFO - Processing /opt/airflow/dags/books_db.py took 0.531 seconds
[2022-05-22 22:14:59,085] {scheduler_job.py:182} INFO - Started process (PID=128) to work on /opt/airflow/dags/books_db.py
[2022-05-22 22:14:59,088] {scheduler_job.py:633} INFO - Processing file /opt/airflow/dags/books_db.py for tasks to queue
[2022-05-22 22:14:59,092] {logging_mixin.py:104} INFO - [2022-05-22 22:14:59,091] {dagbag.py:496} INFO - Filling up the DagBag from /opt/airflow/dags/books_db.py
[2022-05-22 22:14:59,558] {scheduler_job.py:643} INFO - DAG(s) dict_keys(['book_db']) retrieved from /opt/airflow/dags/books_db.py
[2022-05-22 22:14:59,585] {logging_mixin.py:104} INFO - [2022-05-22 22:14:59,585] {dag.py:1833} INFO - Sync 1 DAGs
[2022-05-22 22:14:59,618] {logging_mixin.py:104} INFO - [2022-05-22 22:14:59,617] {dag.py:2306} INFO - Setting next_dagrun for book_db to 2022-05-22 00:00:00+00:00
[2022-05-22 22:14:59,666] {scheduler_job.py:190} INFO - Processing /opt/airflow/dags/books_db.py took 0.585 seconds
[2022-05-22 22:15:36,265] {scheduler_job.py:182} INFO - Started process (PID=157) to work on /opt/airflow/dags/books_db.py
[2022-05-22 22:15:36,269] {scheduler_job.py:633} INFO - Processing file /opt/airflow/dags/books_db.py for tasks to queue
[2022-05-22 22:15:36,271] {logging_mixin.py:104} INFO - [2022-05-22 22:15:36,270] {dagbag.py:496} INFO - Filling up the DagBag from /opt/airflow/dags/books_db.py
[2022-05-22 22:15:36,754] {scheduler_job.py:643} INFO - DAG(s) dict_keys(['book_db']) retrieved from /opt/airflow/dags/books_db.py
[2022-05-22 22:15:36,781] {logging_mixin.py:104} INFO - [2022-05-22 22:15:36,781] {dag.py:1833} INFO - Sync 1 DAGs
[2022-05-22 22:15:36,803] {logging_mixin.py:104} INFO - [2022-05-22 22:15:36,802] {dag.py:2306} INFO - Setting next_dagrun for book_db to 2022-05-22 00:00:00+00:00
[2022-05-22 22:15:36,847] {scheduler_job.py:190} INFO - Processing /opt/airflow/dags/books_db.py took 0.585 seconds
[2022-05-22 22:16:00,367] {scheduler_job.py:182} INFO - Started process (PID=177) to work on /opt/airflow/dags/books_db.py
[2022-05-22 22:16:00,370] {scheduler_job.py:633} INFO - Processing file /opt/airflow/dags/books_db.py for tasks to queue
[2022-05-22 22:16:00,372] {logging_mixin.py:104} INFO - [2022-05-22 22:16:00,372] {dagbag.py:496} INFO - Filling up the DagBag from /opt/airflow/dags/books_db.py
[2022-05-22 22:16:00,878] {scheduler_job.py:643} INFO - DAG(s) dict_keys(['book_db']) retrieved from /opt/airflow/dags/books_db.py
[2022-05-22 22:16:00,910] {logging_mixin.py:104} INFO - [2022-05-22 22:16:00,909] {dag.py:1833} INFO - Sync 1 DAGs
[2022-05-22 22:16:00,954] {logging_mixin.py:104} INFO - [2022-05-22 22:16:00,954] {dag.py:2306} INFO - Setting next_dagrun for book_db to 2022-05-22 00:00:00+00:00
[2022-05-22 22:16:01,028] {scheduler_job.py:190} INFO - Processing /opt/airflow/dags/books_db.py took 0.664 seconds
[2022-05-22 22:18:30,284] {scheduler_job.py:182} INFO - Started process (PID=22) to work on /opt/airflow/dags/books_db.py
[2022-05-22 22:18:30,287] {scheduler_job.py:633} INFO - Processing file /opt/airflow/dags/books_db.py for tasks to queue
[2022-05-22 22:18:30,288] {logging_mixin.py:104} INFO - [2022-05-22 22:18:30,288] {dagbag.py:496} INFO - Filling up the DagBag from /opt/airflow/dags/books_db.py
[2022-05-22 22:18:30,769] {scheduler_job.py:643} INFO - DAG(s) dict_keys(['book_db']) retrieved from /opt/airflow/dags/books_db.py
[2022-05-22 22:18:30,788] {logging_mixin.py:104} INFO - [2022-05-22 22:18:30,788] {dag.py:1833} INFO - Sync 1 DAGs
[2022-05-22 22:18:30,809] {logging_mixin.py:104} INFO - [2022-05-22 22:18:30,809] {dag.py:2306} INFO - Setting next_dagrun for book_db to 2022-05-22 00:00:00+00:00
[2022-05-22 22:18:30,849] {scheduler_job.py:190} INFO - Processing /opt/airflow/dags/books_db.py took 0.568 seconds
[2022-05-22 22:19:32,055] {scheduler_job.py:182} INFO - Started process (PID=75) to work on /opt/airflow/dags/books_db.py
[2022-05-22 22:19:32,059] {scheduler_job.py:633} INFO - Processing file /opt/airflow/dags/books_db.py for tasks to queue
[2022-05-22 22:19:32,062] {logging_mixin.py:104} INFO - [2022-05-22 22:19:32,061] {dagbag.py:496} INFO - Filling up the DagBag from /opt/airflow/dags/books_db.py
[2022-05-22 22:19:32,505] {scheduler_job.py:643} INFO - DAG(s) dict_keys(['book_db']) retrieved from /opt/airflow/dags/books_db.py
[2022-05-22 22:19:32,525] {logging_mixin.py:104} INFO - [2022-05-22 22:19:32,525] {dag.py:1833} INFO - Sync 1 DAGs
[2022-05-22 22:19:32,545] {logging_mixin.py:104} INFO - [2022-05-22 22:19:32,545] {dag.py:2306} INFO - Setting next_dagrun for book_db to 2022-05-22 00:00:00+00:00
[2022-05-22 22:19:32,590] {scheduler_job.py:190} INFO - Processing /opt/airflow/dags/books_db.py took 0.539 seconds
