[2022-05-26 21:01:11,789] {taskinstance.py:1159} INFO - Dependencies all met for <TaskInstance: trigger_rule.parallel_tasks1.task_2 scheduled__2022-05-25T00:00:00+00:00 [queued]>
[2022-05-26 21:01:12,159] {taskinstance.py:1159} INFO - Dependencies all met for <TaskInstance: trigger_rule.parallel_tasks1.task_2 scheduled__2022-05-25T00:00:00+00:00 [queued]>
[2022-05-26 21:01:12,202] {taskinstance.py:1356} INFO - 
--------------------------------------------------------------------------------
[2022-05-26 21:01:12,204] {taskinstance.py:1357} INFO - Starting attempt 1 of 1
[2022-05-26 21:01:12,205] {taskinstance.py:1358} INFO - 
--------------------------------------------------------------------------------
[2022-05-26 21:01:12,709] {taskinstance.py:1377} INFO - Executing <Task(BashOperator): parallel_tasks1.task_2> on 2022-05-25 00:00:00+00:00
[2022-05-26 21:01:12,772] {standard_task_runner.py:52} INFO - Started process 471 to run task
[2022-05-26 21:01:12,865] {standard_task_runner.py:79} INFO - Running: ['***', 'tasks', 'run', 'trigger_rule', 'parallel_tasks1.task_2', 'scheduled__2022-05-25T00:00:00+00:00', '--job-id', '14', '--raw', '--subdir', 'DAGS_FOLDER/trigger_rule.py', '--cfg-path', '/tmp/tmp027pifz8', '--error-file', '/tmp/tmpf31cnpm3']
[2022-05-26 21:01:12,896] {standard_task_runner.py:80} INFO - Job 14: Subtask parallel_tasks1.task_2
[2022-05-26 21:01:15,166] {task_command.py:369} INFO - Running <TaskInstance: trigger_rule.parallel_tasks1.task_2 scheduled__2022-05-25T00:00:00+00:00 [running]> on host 2fe522ea8532
[2022-05-26 21:01:17,770] {taskinstance.py:1571} INFO - Exporting the following env vars:
AIRFLOW_CTX_DAG_OWNER=***
AIRFLOW_CTX_DAG_ID=trigger_rule
AIRFLOW_CTX_TASK_ID=parallel_tasks1.task_2
AIRFLOW_CTX_EXECUTION_DATE=2022-05-25T00:00:00+00:00
AIRFLOW_CTX_TRY_NUMBER=1
AIRFLOW_CTX_DAG_RUN_ID=scheduled__2022-05-25T00:00:00+00:00
[2022-05-26 21:01:17,795] {subprocess.py:62} INFO - Tmp dir root location: 
 /tmp
[2022-05-26 21:01:17,852] {subprocess.py:74} INFO - Running command: ['bash', '-c', 'sleep 1']
[2022-05-26 21:01:18,543] {subprocess.py:85} INFO - Output:
[2022-05-26 21:01:19,832] {subprocess.py:96} INFO - Command exited with return code 0
[2022-05-26 21:01:20,418] {taskinstance.py:1400} INFO - Marking task as SUCCESS. dag_id=trigger_rule, task_id=parallel_tasks1.task_2, execution_date=20220525T000000, start_date=20220526T210111, end_date=20220526T210120
[2022-05-26 21:01:20,991] {local_task_job.py:156} INFO - Task exited with return code 0
[2022-05-26 21:01:21,418] {local_task_job.py:273} INFO - 0 downstream tasks scheduled from follow-on schedule check
