[2022-05-31 19:15:23,965] {scheduler_job.py:182} INFO - Started process (PID=22) to work on /opt/airflow/dags/books_db.py
[2022-05-31 19:15:23,967] {scheduler_job.py:633} INFO - Processing file /opt/airflow/dags/books_db.py for tasks to queue
[2022-05-31 19:15:23,969] {logging_mixin.py:104} INFO - [2022-05-31 19:15:23,969] {dagbag.py:496} INFO - Filling up the DagBag from /opt/airflow/dags/books_db.py
[2022-05-31 19:15:25,323] {scheduler_job.py:643} INFO - DAG(s) dict_keys(['book_db']) retrieved from /opt/airflow/dags/books_db.py
[2022-05-31 19:15:25,343] {logging_mixin.py:104} INFO - [2022-05-31 19:15:25,342] {dag.py:1833} INFO - Sync 1 DAGs
[2022-05-31 19:15:25,368] {logging_mixin.py:104} INFO - [2022-05-31 19:15:25,367] {dag.py:2306} INFO - Setting next_dagrun for book_db to 2022-05-30 00:00:00+00:00
[2022-05-31 19:15:25,438] {scheduler_job.py:190} INFO - Processing /opt/airflow/dags/books_db.py took 1.476 seconds
[2022-05-31 19:16:44,929] {scheduler_job.py:182} INFO - Started process (PID=87) to work on /opt/airflow/dags/books_db.py
[2022-05-31 19:16:44,935] {scheduler_job.py:633} INFO - Processing file /opt/airflow/dags/books_db.py for tasks to queue
[2022-05-31 19:16:44,937] {logging_mixin.py:104} INFO - [2022-05-31 19:16:44,937] {dagbag.py:496} INFO - Filling up the DagBag from /opt/airflow/dags/books_db.py
[2022-05-31 19:16:45,579] {scheduler_job.py:643} INFO - DAG(s) dict_keys(['book_db']) retrieved from /opt/airflow/dags/books_db.py
[2022-05-31 19:16:45,606] {logging_mixin.py:104} INFO - [2022-05-31 19:16:45,606] {dag.py:1833} INFO - Sync 1 DAGs
[2022-05-31 19:16:45,627] {logging_mixin.py:104} INFO - [2022-05-31 19:16:45,627] {dag.py:2306} INFO - Setting next_dagrun for book_db to 2022-05-31 00:00:00+00:00
[2022-05-31 19:16:45,669] {scheduler_job.py:190} INFO - Processing /opt/airflow/dags/books_db.py took 0.748 seconds
[2022-05-31 19:17:23,594] {scheduler_job.py:182} INFO - Started process (PID=115) to work on /opt/airflow/dags/books_db.py
[2022-05-31 19:17:23,596] {scheduler_job.py:633} INFO - Processing file /opt/airflow/dags/books_db.py for tasks to queue
[2022-05-31 19:17:23,598] {logging_mixin.py:104} INFO - [2022-05-31 19:17:23,597] {dagbag.py:496} INFO - Filling up the DagBag from /opt/airflow/dags/books_db.py
[2022-05-31 19:17:24,183] {scheduler_job.py:643} INFO - DAG(s) dict_keys(['book_db']) retrieved from /opt/airflow/dags/books_db.py
[2022-05-31 19:17:24,210] {logging_mixin.py:104} INFO - [2022-05-31 19:17:24,209] {dag.py:1833} INFO - Sync 1 DAGs
[2022-05-31 19:17:24,229] {logging_mixin.py:104} INFO - [2022-05-31 19:17:24,229] {dag.py:2306} INFO - Setting next_dagrun for book_db to 2022-05-31 00:00:00+00:00
[2022-05-31 19:17:24,271] {scheduler_job.py:190} INFO - Processing /opt/airflow/dags/books_db.py took 0.680 seconds
[2022-05-31 19:18:05,068] {scheduler_job.py:182} INFO - Started process (PID=147) to work on /opt/airflow/dags/books_db.py
[2022-05-31 19:18:05,073] {scheduler_job.py:633} INFO - Processing file /opt/airflow/dags/books_db.py for tasks to queue
[2022-05-31 19:18:05,077] {logging_mixin.py:104} INFO - [2022-05-31 19:18:05,076] {dagbag.py:496} INFO - Filling up the DagBag from /opt/airflow/dags/books_db.py
[2022-05-31 19:18:05,636] {scheduler_job.py:643} INFO - DAG(s) dict_keys(['book_db']) retrieved from /opt/airflow/dags/books_db.py
[2022-05-31 19:18:05,664] {logging_mixin.py:104} INFO - [2022-05-31 19:18:05,663] {dag.py:1833} INFO - Sync 1 DAGs
[2022-05-31 19:18:05,685] {logging_mixin.py:104} INFO - [2022-05-31 19:18:05,685] {dag.py:2306} INFO - Setting next_dagrun for book_db to 2022-05-31 00:00:00+00:00
[2022-05-31 19:18:05,731] {scheduler_job.py:190} INFO - Processing /opt/airflow/dags/books_db.py took 0.668 seconds
[2022-05-31 19:20:28,487] {scheduler_job.py:182} INFO - Started process (PID=21) to work on /opt/airflow/dags/books_db.py
[2022-05-31 19:20:28,492] {scheduler_job.py:633} INFO - Processing file /opt/airflow/dags/books_db.py for tasks to queue
[2022-05-31 19:20:28,495] {logging_mixin.py:104} INFO - [2022-05-31 19:20:28,495] {dagbag.py:496} INFO - Filling up the DagBag from /opt/airflow/dags/books_db.py
[2022-05-31 19:20:30,114] {scheduler_job.py:643} INFO - DAG(s) dict_keys(['book_db']) retrieved from /opt/airflow/dags/books_db.py
[2022-05-31 19:20:30,143] {logging_mixin.py:104} INFO - [2022-05-31 19:20:30,142] {dag.py:1833} INFO - Sync 1 DAGs
[2022-05-31 19:20:30,175] {logging_mixin.py:104} INFO - [2022-05-31 19:20:30,175] {dag.py:2306} INFO - Setting next_dagrun for book_db to 2022-05-31 00:00:00+00:00
[2022-05-31 19:20:30,213] {scheduler_job.py:190} INFO - Processing /opt/airflow/dags/books_db.py took 1.730 seconds
